#                                                                                     --- full sequence --- -------------- this domain -------------   hmm coord   ali coord   env coord
# target name                 accession   tlen query name           accession   qlen   E-value  score  bias   #  of  c-Evalue  i-Evalue  score  bias  from    to  from    to  from    to  acc description of target
#         ------------------- ---------- ----- -------------------- ---------- ----- --------- ------ ----- --- --- --------- --------- ------ ----- ----- ----- ----- ----- ----- ----- ---- ---------------------
de_novo.Agseq_101145.1:0-4334 -           1445 10240at6656          -            693  1.2e-253  841.5  19.9   1   6   2.2e-05     0.063    9.6   0.0     1    23    84   106    84   124 0.87 -
de_novo.Agseq_101145.1:0-4334 -           1445 10240at6656          -            693  1.2e-253  841.5  19.9   2   6   7.4e-43   2.1e-39  133.5   2.5    21   166   131   321   128   332 0.85 -
de_novo.Agseq_101145.1:0-4334 -           1445 10240at6656          -            693  1.2e-253  841.5  19.9   3   6  6.5e-105  1.8e-101  338.6   1.0   164   407   372   645   347   653 0.88 -
de_novo.Agseq_101145.1:0-4334 -           1445 10240at6656          -            693  1.2e-253  841.5  19.9   4   6   9.1e-05      0.26    7.6   0.0   404   432   895   923   851   941 0.69 -
de_novo.Agseq_101145.1:0-4334 -           1445 10240at6656          -            693  1.2e-253  841.5  19.9   5   6   2.8e-85   7.7e-82  273.7   0.0   429   619  1066  1287  1043  1294 0.88 -
de_novo.Agseq_101145.1:0-4334 -           1445 10240at6656          -            693  1.2e-253  841.5  19.9   6   6   1.6e-26   4.4e-23   79.5   0.1   622   693  1325  1402  1319  1402 0.84 -
de_novo.Agseq_31587.1:105-392 -             96 10240at6656          -            693     1e-06   25.5   0.4   1   2    0.0044        12    2.1   0.0     7    27    17    38    11    44 0.72 -
de_novo.Agseq_31587.1:105-392 -             96 10240at6656          -            693     1e-06   25.5   0.4   2   2   4.3e-09   1.2e-05   21.9   0.2    20    60    54    94    51    96 0.93 -
#
# Program:         hmmsearch
# Version:         3.1b2 (February 2015)
# Pipeline mode:   SEARCH
# Query file:      /hpcdata/bcbb/homc/Barillaslab/Agam_hemo_transcriptomes/scripts/compare_txomes/busco/busco_downloads/lineages/arthropoda_odb10/hmms/10240at6656.hmm
# Target file:     /hpcdata/bcbb/homc/Barillaslab/Agam_hemo_transcriptomes/scripts/compare_txomes/busco/denovo_Agamhemo_BUSCO/run_arthropoda_odb10/metaeuk_output/initial_results/de_novo_transcriptome_with_genome_hits_and_expression_filtering.gffread.fa.modified.fas
# Option settings: hmmsearch --domtblout /hpcdata/bcbb/homc/Barillaslab/Agam_hemo_transcriptomes/scripts/compare_txomes/busco/denovo_Agamhemo_BUSCO/run_arthropoda_odb10/hmmer_output/initial_run_results/10240at6656.out --cpu 1 /hpcdata/bcbb/homc/Barillaslab/Agam_hemo_transcriptomes/scripts/compare_txomes/busco/busco_downloads/lineages/arthropoda_odb10/hmms/10240at6656.hmm /hpcdata/bcbb/homc/Barillaslab/Agam_hemo_transcriptomes/scripts/compare_txomes/busco/denovo_Agamhemo_BUSCO/run_arthropoda_odb10/metaeuk_output/initial_results/de_novo_transcriptome_with_genome_hits_and_expression_filtering.gffread.fa.modified.fas 
# Current dir:     /hpcdata/bcbb/homc/Barillaslab/Agam_hemo_transcriptomes/scripts/compare_txomes/busco
# Date:            Sun Jan 29 12:56:44 2023
# [ok]
