#                                                                                                                  --- full sequence --- -------------- this domain -------------   hmm coord   ali coord   env coord
# target name                                              accession   tlen query name           accession   qlen   E-value  score  bias   #  of  c-Evalue  i-Evalue  score  bias  from    to  from    to  from    to  acc description of target
#                                      ------------------- ---------- ----- -------------------- ---------- ----- --------- ------ ----- --- --- --------- --------- ------ ----- ----- ----- ----- ----- ----- ----- ---- ---------------------
de_novo.Agm54242U_210819_213017_67109359_ccs.1:0-1208      -            403 109174at6656         -            256   2.1e-55  186.1   0.3   1   1   1.3e-55   1.2e-53  180.5   0.3    16   244    42   321    16   328 0.81 -
de_novo.Agseq_191958.1:90-1253                             -            388 109174at6656         -            256   3.4e-55  185.5   0.2   1   1   2.1e-55   1.9e-53  179.7   0.2    17   244    28   306    24   313 0.83 -
de_novo.Agm54242U_210909_035710_163054641_ccs.1:2-583      -            194 109174at6656         -            256   4.5e-06   24.5   0.7   1   5      0.72        68    1.0   0.0   209   234     9    34     3    46 0.88 -
de_novo.Agm54242U_210909_035710_163054641_ccs.1:2-583      -            194 109174at6656         -            256   4.5e-06   24.5   0.7   2   5    0.0076      0.71    7.5   0.0    92   113    53    74    47    78 0.89 -
de_novo.Agm54242U_210909_035710_163054641_ccs.1:2-583      -            194 109174at6656         -            256   4.5e-06   24.5   0.7   3   5       1.9   1.8e+02   -0.4   0.0    92   110    95   113    84   116 0.74 -
de_novo.Agm54242U_210909_035710_163054641_ccs.1:2-583      -            194 109174at6656         -            256   4.5e-06   24.5   0.7   4   5    0.0081      0.76    7.4   0.0    13    69   111   167   108   175 0.82 -
de_novo.Agm54242U_210909_035710_163054641_ccs.1:2-583      -            194 109174at6656         -            256   4.5e-06   24.5   0.7   5   5      0.15        14    3.2   0.0   208   225   176   193   173   194 0.87 -
de_novo.AGAP005320-RA.1:0-1379                             -            460 109174at6656         -            256   5.3e-06   24.3   0.2   1   3    0.0019      0.18    9.5   0.2   168   237   200   277   163   284 0.77 -
de_novo.AGAP005320-RA.1:0-1379                             -            460 109174at6656         -            256   5.3e-06   24.3   0.2   2   3     0.018       1.7    6.2   0.0    84   116   284   317   278   326 0.86 -
de_novo.AGAP005320-RA.1:0-1379                             -            460 109174at6656         -            256   5.3e-06   24.3   0.2   3   3      0.04       3.7    5.1   0.0    87   161   327   401   318   418 0.78 -
de_novo.Agm54242U_210909_035710_156436707_ccs.1:657-1457   -            267 109174at6656         -            256   6.6e-06   24.0   0.2   1   4     0.025       2.4    5.8   0.1    88   113    38    63     1    97 0.68 -
de_novo.Agm54242U_210909_035710_156436707_ccs.1:657-1457   -            267 109174at6656         -            256   6.6e-06   24.0   0.2   2   4      0.21        20    2.8   0.0   198   232   113   147    79   154 0.72 -
de_novo.Agm54242U_210909_035710_156436707_ccs.1:657-1457   -            267 109174at6656         -            256   6.6e-06   24.0   0.2   3   4     0.049       4.6    4.8   0.0    81   111   153   184   148   187 0.69 -
de_novo.Agm54242U_210909_035710_156436707_ccs.1:657-1457   -            267 109174at6656         -            256   6.6e-06   24.0   0.2   4   4     0.089       8.3    4.0   0.0    64    86   204   226   189   253 0.72 -
de_novo.AGAP009506-RA.1:0-1049                             -            350 109174at6656         -            256   8.3e-06   23.7   0.1   1   4     0.022         2    6.0   0.0    45   113   113   179   112   188 0.86 -
de_novo.AGAP009506-RA.1:0-1049                             -            350 109174at6656         -            256   8.3e-06   23.7   0.1   2   4     0.002      0.19    9.4   0.0    91   115   198   222   189   236 0.87 -
de_novo.AGAP009506-RA.1:0-1049                             -            350 109174at6656         -            256   8.3e-06   23.7   0.1   3   4      0.94        88    0.6   0.0   209   226   240   257   224   267 0.84 -
de_novo.AGAP009506-RA.1:0-1049                             -            350 109174at6656         -            256   8.3e-06   23.7   0.1   4   4      0.41        38    1.8   0.0   214   234   295   315   288   349 0.71 -
de_novo.Agm54242U_210819_213017_89785227_ccs.1:848-1654    -            269 109174at6656         -            256   1.5e-05   22.8   0.1   1   3    0.0025      0.23    9.1   0.0    90   110    14    34     3    39 0.89 -
de_novo.Agm54242U_210819_213017_89785227_ccs.1:848-1654    -            269 109174at6656         -            256   1.5e-05   22.8   0.1   2   3    0.0094      0.88    7.2   0.0    92   113   101   122    90   200 0.87 -
de_novo.Agm54242U_210819_213017_89785227_ccs.1:848-1654    -            269 109174at6656         -            256   1.5e-05   22.8   0.1   3   3      0.32        30    2.2   0.0   147   163   188   204   130   258 0.64 -
de_novo.Agm54242Ue_220404_200923_119670119_ccs.1:0-1136    -            379 109174at6656         -            256   2.3e-05   22.2   0.1   1   2   3.7e-06   0.00034   18.4   0.0   133   241   134   260   110   265 0.73 -
de_novo.Agm54242Ue_220404_200923_119670119_ccs.1:0-1136    -            379 109174at6656         -            256   2.3e-05   22.2   0.1   2   2      0.14        13    3.4   0.1    18    46   250   278   247   299 0.79 -
de_novo.Agm54242Ue_220404_200923_4983077_ccs.1:234-1106    -            291 109174at6656         -            256   8.6e-05   20.3   0.6   1   4     0.019       1.8    6.2   0.0    89   118    58    87    51    92 0.83 -
de_novo.Agm54242Ue_220404_200923_4983077_ccs.1:234-1106    -            291 109174at6656         -            256   8.6e-05   20.3   0.6   2   4      0.23        22    2.6   0.0    89   114   147   174   135   184 0.79 -
de_novo.Agm54242Ue_220404_200923_4983077_ccs.1:234-1106    -            291 109174at6656         -            256   8.6e-05   20.3   0.6   3   4       7.1   6.7e+02   -2.2   0.0    93   113   193   213   189   215 0.85 -
de_novo.Agm54242Ue_220404_200923_4983077_ccs.1:234-1106    -            291 109174at6656         -            256   8.6e-05   20.3   0.6   4   4      0.49        46    1.6   0.0   209   222   277   290   217   291 0.56 -
de_novo.Agseq_193310.1:0-1511                              -            504 109174at6656         -            256   9.7e-05   20.2   1.3   1   5       1.3   1.2e+02    0.1   0.0    66   109   255   295   234   302 0.58 -
de_novo.Agseq_193310.1:0-1511                              -            504 109174at6656         -            256   9.7e-05   20.2   1.3   2   5       2.1     2e+02   -0.5   0.0   208   234   318   344   308   354 0.86 -
de_novo.Agseq_193310.1:0-1511                              -            504 109174at6656         -            256   9.7e-05   20.2   1.3   3   5     0.022       2.1    6.0   0.0    92   113   363   384   358   398 0.86 -
de_novo.Agseq_193310.1:0-1511                              -            504 109174at6656         -            256   9.7e-05   20.2   1.3   4   5     0.037       3.4    5.2   0.0    13    69   421   477   416   484 0.82 -
de_novo.Agseq_193310.1:0-1511                              -            504 109174at6656         -            256   9.7e-05   20.2   1.3   5   5      0.49        46    1.6   0.0   208   225   486   503   484   504 0.87 -
de_novo.Agm54242U_210909_035710_7341840_ccs.1:1497-2240    -            248 109174at6656         -            256   0.00028   18.6   0.0   1   3     0.011         1    6.9   0.0    85   114    33    62    10    70 0.83 -
de_novo.Agm54242U_210909_035710_7341840_ccs.1:1497-2240    -            248 109174at6656         -            256   0.00028   18.6   0.0   2   3     0.021         2    6.1   0.0    64   112    83   137    75   145 0.70 -
de_novo.Agm54242U_210909_035710_7341840_ccs.1:1497-2240    -            248 109174at6656         -            256   0.00028   18.6   0.0   3   3      0.39        37    1.9   0.0    91   119   198   226   160   238 0.82 -
de_novo.Agseq_176116.1:99-713                              -            205 109174at6656         -            256   0.00032   18.5   0.2   1   3       5.8   5.4e+02   -1.9   0.0   173   189    17    33     7    42 0.67 -
de_novo.Agseq_176116.1:99-713                              -            205 109174at6656         -            256   0.00032   18.5   0.2   2   3      0.01      0.98    7.0   0.0    89   119    58    88    46    92 0.84 -
de_novo.Agseq_176116.1:99-713                              -            205 109174at6656         -            256   0.00032   18.5   0.2   3   3      0.18        16    3.0   0.0    89   113   147   173   141   182 0.78 -
de_novo.Agseq_125435.1:198-1007                            -            270 109174at6656         -            256   0.00039   18.2   0.2   1   5     0.073       6.9    4.3   0.0    93   118     1    26     1    31 0.90 -
de_novo.Agseq_125435.1:198-1007                            -            270 109174at6656         -            256   0.00039   18.2   0.2   2   5      0.19        18    2.9   0.0   209   234    45    70    26    74 0.84 -
de_novo.Agseq_125435.1:198-1007                            -            270 109174at6656         -            256   0.00039   18.2   0.2   3   5       2.7   2.5e+02   -0.8   0.0    59    80    82   103    77   110 0.75 -
de_novo.Agseq_125435.1:198-1007                            -            270 109174at6656         -            256   0.00039   18.2   0.2   4   5      0.21        19    2.8   0.0   130   158   160   189   130   196 0.85 -
de_novo.Agseq_125435.1:198-1007                            -            270 109174at6656         -            256   0.00039   18.2   0.2   5   5       0.6        56    1.3   0.0    92   114   215   237   209   250 0.71 -
de_novo.AGAP002776-RA.1:480-1025                           -            182 109174at6656         -            256   0.00048   17.9   0.0   1   1   0.00011     0.011   13.5   0.0    89   228    19   173     4   180 0.59 -
de_novo.Agm54242U_210819_213017_53739981_ccs.1:261-857     -            199 109174at6656         -            256   0.00057   17.6   0.4   1   2       0.1       9.7    3.8   0.0    56    80    49    73    45    85 0.87 -
de_novo.Agm54242U_210819_213017_53739981_ccs.1:261-857     -            199 109174at6656         -            256   0.00057   17.6   0.4   2   2    0.0034      0.32    8.6   0.0   135   175    93   135    88   172 0.76 -
de_novo.AGAP007244-RA.1:0-1283                             -            428 109174at6656         -            256   0.00068   17.4   0.2   1   4       1.1        99    0.5   0.1    58    87   116   144   110   200 0.66 -
de_novo.AGAP007244-RA.1:0-1283                             -            428 109174at6656         -            256   0.00068   17.4   0.2   2   4    0.0075       0.7    7.5   0.0    90   157   211   289   204   292 0.64 -
de_novo.AGAP007244-RA.1:0-1283                             -            428 109174at6656         -            256   0.00068   17.4   0.2   3   4       3.5   3.3e+02   -1.2   0.0   143   160   316   333   306   349 0.62 -
de_novo.AGAP007244-RA.1:0-1283                             -            428 109174at6656         -            256   0.00068   17.4   0.2   4   4      0.12        11    3.6   0.0    88   115   357   385   334   394 0.88 -
de_novo.Agseq_62894.1:0-2408                               -            803 109174at6656         -            256   0.00076   17.2   0.3   1   3       0.1       9.4    3.8   0.0   148   207    97   158     4   162 0.60 -
de_novo.Agseq_62894.1:0-2408                               -            803 109174at6656         -            256   0.00076   17.2   0.3   2   3      0.31        29    2.2   0.0   131   167   154   192   118   198 0.52 -
de_novo.Agseq_62894.1:0-2408                               -            803 109174at6656         -            256   0.00076   17.2   0.3   3   3    0.0043      0.41    8.3   0.0    89   179   207   298   203   309 0.74 -
de_novo.AGAP007544-RA.1:171-770                            -            200 109174at6656         -            256    0.0012   16.6   0.1   1   1   4.9e-05    0.0046   14.7   0.1   196   234   113   153    77   159 0.69 -
de_novo.Agm54242Ue_220404_200923_37357269_ccs.1:1494-2243  -            250 109174at6656         -            256    0.0013   16.4   0.0   1   3     0.013       1.2    6.7   0.0    86   115    20    49     9    56 0.80 -
de_novo.Agm54242Ue_220404_200923_37357269_ccs.1:1494-2243  -            250 109174at6656         -            256    0.0013   16.4   0.0   2   3      0.21        20    2.8   0.0    90   109   110   129    62   143 0.49 -
de_novo.Agm54242Ue_220404_200923_37357269_ccs.1:1494-2243  -            250 109174at6656         -            256    0.0013   16.4   0.0   3   3      0.35        33    2.0   0.0    91   119   193   221   155   244 0.83 -
de_novo.Agm54242U_210819_213017_65930019_ccs.1:0-1559      -            520 109174at6656         -            256    0.0015   16.3   1.0   1   3      0.19        17    2.9   0.0   161   232   123   201    87   212 0.62 -
de_novo.Agm54242U_210819_213017_65930019_ccs.1:0-1559      -            520 109174at6656         -            256    0.0015   16.3   1.0   2   3    0.0024      0.22    9.1   0.1   210   233   262   285   256   295 0.87 -
de_novo.Agm54242U_210819_213017_65930019_ccs.1:0-1559      -            520 109174at6656         -            256    0.0015   16.3   1.0   3   3         1        93    0.6   0.0    57    81   295   319   289   334 0.91 -
de_novo.AGAP001036-RA.1:0-995                              -            332 109174at6656         -            256    0.0015   16.3   0.2   1   4     0.014       1.3    6.6   0.0    90   163     8    72     3    88 0.66 -
de_novo.AGAP001036-RA.1:0-995                              -            332 109174at6656         -            256    0.0015   16.3   0.2   2   4     0.054       5.1    4.7   0.0    89   110    90   111    78   124 0.82 -
de_novo.AGAP001036-RA.1:0-995                              -            332 109174at6656         -            256    0.0015   16.3   0.2   3   4       2.2   2.1e+02   -0.6   0.0   113   143   148   178   132   185 0.80 -
de_novo.AGAP001036-RA.1:0-995                              -            332 109174at6656         -            256    0.0015   16.3   0.2   4   4         5   4.7e+02   -1.8   0.0   209   232   274   297   268   316 0.68 -
de_novo.Agm54242U_210909_035710_131402399_ccs.1:307-1518   -            404 109174at6656         -            256    0.0016   16.2   0.8   1   3      0.35        33    2.0   0.0   201   232    53    85     4    97 0.67 -
de_novo.Agm54242U_210909_035710_131402399_ccs.1:307-1518   -            404 109174at6656         -            256    0.0016   16.2   0.8   2   3    0.0015      0.14    9.8   0.2   210   234   146   170   140   192 0.86 -
de_novo.Agm54242U_210909_035710_131402399_ccs.1:307-1518   -            404 109174at6656         -            256    0.0016   16.2   0.8   3   3      0.74        69    1.0   0.0    57    81   179   203   174   219 0.91 -
de_novo.AGAP008286-RA.1:1-1449                             -            483 109174at6656         -            256    0.0017   16.1   0.0   1   1   7.2e-05    0.0067   14.1   0.0    90   189   254   355   225   377 0.74 -
de_novo.Agm54242U_210819_213017_8324301_ccs.1:527-1129     -            201 109174at6656         -            256     0.002   15.9   0.0   1   3       1.1     1e+02    0.4   0.0   144   175    17    50     5    53 0.59 -
de_novo.Agm54242U_210819_213017_8324301_ccs.1:527-1129     -            201 109174at6656         -            256     0.002   15.9   0.0   2   3    0.0091      0.85    7.2   0.0    86   115    56    85    45    93 0.80 -
de_novo.Agm54242U_210819_213017_8324301_ccs.1:527-1129     -            201 109174at6656         -            256     0.002   15.9   0.0   3   3      0.48        45    1.6   0.0    91   112   147   168   137   179 0.83 -
de_novo.Agm54242U_210819_213017_40962588_ccs.1:832-1503    -            224 109174at6656         -            256    0.0022   15.7   0.0   1   3      0.92        86    0.7   0.0    91   109    15    32     7    46 0.76 -
de_novo.Agm54242U_210819_213017_40962588_ccs.1:832-1503    -            224 109174at6656         -            256    0.0022   15.7   0.0   2   3     0.011         1    7.0   0.0    85   113    55    83    40    92 0.81 -
de_novo.Agm54242U_210819_213017_40962588_ccs.1:832-1503    -            224 109174at6656         -            256    0.0022   15.7   0.0   3   3      0.34        31    2.1   0.0    92   109   148   165   100   177 0.58 -
de_novo.Agseq_108387.1:1350-2021                           -            224 109174at6656         -            256    0.0022   15.7   0.0   1   3      0.92        86    0.7   0.0    91   109    15    32     7    46 0.76 -
de_novo.Agseq_108387.1:1350-2021                           -            224 109174at6656         -            256    0.0022   15.7   0.0   2   3     0.011         1    7.0   0.0    85   113    55    83    40    92 0.81 -
de_novo.Agseq_108387.1:1350-2021                           -            224 109174at6656         -            256    0.0022   15.7   0.0   3   3      0.34        31    2.1   0.0    92   109   148   165   100   177 0.58 -
de_novo.Agseq_108389.1:1010-1681                           -            224 109174at6656         -            256    0.0022   15.7   0.0   1   3      0.92        86    0.7   0.0    91   109    15    32     7    46 0.76 -
de_novo.Agseq_108389.1:1010-1681                           -            224 109174at6656         -            256    0.0022   15.7   0.0   2   3     0.011         1    7.0   0.0    85   113    55    83    40    92 0.81 -
de_novo.Agseq_108389.1:1010-1681                           -            224 109174at6656         -            256    0.0022   15.7   0.0   3   3      0.34        31    2.1   0.0    92   109   148   165   100   177 0.58 -
de_novo.Agm54242U_210909_035710_13762632_ccs.1:327-1340    -            338 109174at6656         -            256    0.0025   15.5   1.3   1   3      0.26        24    2.5   0.1   209   228   178   197    50   210 0.62 -
de_novo.Agm54242U_210909_035710_13762632_ccs.1:327-1340    -            338 109174at6656         -            256    0.0025   15.5   1.3   2   3      0.61        57    1.2   0.0    92   115   241   264   222   271 0.86 -
de_novo.Agm54242U_210909_035710_13762632_ccs.1:327-1340    -            338 109174at6656         -            256    0.0025   15.5   1.3   3   3      0.01      0.95    7.1   0.1   209   240   282   313   272   323 0.90 -
de_novo.Agm54242U_210819_213017_175245118_ccs.1:261-947    -            229 109174at6656         -            256    0.0026   15.5   0.0   1   3      0.13        12    3.4   0.0    56    80    49    73    46    85 0.87 -
de_novo.Agm54242U_210819_213017_175245118_ccs.1:261-947    -            229 109174at6656         -            256    0.0026   15.5   0.0   2   3    0.0068      0.64    7.7   0.0   135   175    93   135    88   142 0.81 -
de_novo.Agm54242U_210819_213017_175245118_ccs.1:261-947    -            229 109174at6656         -            256    0.0026   15.5   0.0   3   3       2.8   2.6e+02   -0.9   0.0   175   193   181   199   179   202 0.75 -
de_novo.Agm54242U_210819_213017_61606364_ccs.1:46-1314     -            423 109174at6656         -            256    0.0033   15.2   0.1   1   4       0.2        19    2.9   0.0    91   111   126   146   120   150 0.88 -
de_novo.Agm54242U_210819_213017_61606364_ccs.1:46-1314     -            423 109174at6656         -            256    0.0033   15.2   0.1   2   4      0.63        59    1.2   0.0   209   231   168   190   160   206 0.70 -
de_novo.Agm54242U_210819_213017_61606364_ccs.1:46-1314     -            423 109174at6656         -            256    0.0033   15.2   0.1   3   4      0.75        70    1.0   0.0    91   114   210   233   198   242 0.87 -
de_novo.Agm54242U_210819_213017_61606364_ccs.1:46-1314     -            423 109174at6656         -            256    0.0033   15.2   0.1   4   4      0.11        10    3.7   0.0    91   118   252   279   238   285 0.75 -
de_novo.Agm54242Ue_220404_200923_101319059_ccs.1:15-1496   -            494 109174at6656         -            256    0.0033   15.1   0.1   1   2    0.0045      0.42    8.2   0.0   189   233   235   284   227   295 0.83 -
de_novo.Agm54242Ue_220404_200923_101319059_ccs.1:15-1496   -            494 109174at6656         -            256    0.0033   15.1   0.1   2   2      0.11        10    3.7   0.0   171   224   301   361   287   372 0.81 -
de_novo.Agm54242Ue_220404_200923_111608249_ccs.1:2170-2514 -            115 109174at6656         -            256    0.0038   15.0   0.0   1   2       3.6   3.4e+02   -1.3   0.0    90   111    11    32     9    43 0.75 -
de_novo.Agm54242Ue_220404_200923_111608249_ccs.1:2170-2514 -            115 109174at6656         -            256    0.0038   15.0   0.0   2   2   0.00027     0.026   12.2   0.0    89   140    52   100    27   115 0.73 -
de_novo.Agm54242Ue_220404_200923_86313246_ccs.1:2077-2421  -            115 109174at6656         -            256    0.0038   15.0   0.0   1   2       3.6   3.4e+02   -1.3   0.0    90   111    11    32     9    43 0.75 -
de_novo.Agm54242Ue_220404_200923_86313246_ccs.1:2077-2421  -            115 109174at6656         -            256    0.0038   15.0   0.0   2   2   0.00027     0.026   12.2   0.0    89   140    52   100    27   115 0.73 -
de_novo.Agseq_149334.1:46-1383                             -            446 109174at6656         -            256    0.0042   14.8   0.1   1   4      0.21        20    2.8   0.0    91   111   149   169   143   173 0.88 -
de_novo.Agseq_149334.1:46-1383                             -            446 109174at6656         -            256    0.0042   14.8   0.1   2   4      0.64        60    1.2   0.0   209   231   191   213   183   232 0.71 -
de_novo.Agseq_149334.1:46-1383                             -            446 109174at6656         -            256    0.0042   14.8   0.1   3   4      0.81        76    0.8   0.0    91   114   233   256   222   265 0.87 -
de_novo.Agseq_149334.1:46-1383                             -            446 109174at6656         -            256    0.0042   14.8   0.1   4   4      0.12        11    3.6   0.0    91   118   275   302   261   308 0.75 -
de_novo.AGAP010251-RA.1:45-836                             -            264 109174at6656         -            256    0.0047   14.6   0.1   1   4     0.014       1.3    6.6   0.0    89   115    47    73     6    74 0.89 -
de_novo.AGAP010251-RA.1:45-836                             -            264 109174at6656         -            256    0.0047   14.6   0.1   2   4       9.1   8.6e+02   -2.6   0.0   211   229    93   111    90   120 0.61 -
de_novo.AGAP010251-RA.1:45-836                             -            264 109174at6656         -            256    0.0047   14.6   0.1   3   4      0.36        34    2.0   0.0   210   226   135   151   132   157 0.86 -
de_novo.AGAP010251-RA.1:45-836                             -            264 109174at6656         -            256    0.0047   14.6   0.1   4   4       1.7   1.6e+02   -0.2   0.0    92   110   207   225   204   229 0.82 -
de_novo.Agm54242U_210909_035710_27460192_ccs.1:45-836      -            264 109174at6656         -            256    0.0047   14.6   0.1   1   4     0.014       1.3    6.6   0.0    89   115    47    73     6    74 0.89 -
de_novo.Agm54242U_210909_035710_27460192_ccs.1:45-836      -            264 109174at6656         -            256    0.0047   14.6   0.1   2   4       9.1   8.6e+02   -2.6   0.0   211   229    93   111    90   120 0.61 -
de_novo.Agm54242U_210909_035710_27460192_ccs.1:45-836      -            264 109174at6656         -            256    0.0047   14.6   0.1   3   4      0.36        34    2.0   0.0   210   226   135   151   132   157 0.86 -
de_novo.Agm54242U_210909_035710_27460192_ccs.1:45-836      -            264 109174at6656         -            256    0.0047   14.6   0.1   4   4       1.7   1.6e+02   -0.2   0.0    92   110   207   225   204   229 0.82 -
de_novo.AGAP001414-RA.1:0-1526                             -            509 109174at6656         -            256    0.0051   14.5   0.1   1   3       1.2   1.1e+02    0.3   0.0   209   247   227   265   226   271 0.76 -
de_novo.AGAP001414-RA.1:0-1526                             -            509 109174at6656         -            256    0.0051   14.5   0.1   2   3     0.038       3.6    5.2   0.0    88   112   274   298   262   305 0.86 -
de_novo.AGAP001414-RA.1:0-1526                             -            509 109174at6656         -            256    0.0051   14.5   0.1   3   3      0.22        20    2.7   0.0    60    60   343   343   300   393 0.53 -
de_novo.Agseq_157484.1:0-1841                              -            614 109174at6656         -            256    0.0053   14.5   0.1   1   2    0.0056      0.52    7.9   0.0   188   233   354   404   345   416 0.83 -
de_novo.Agseq_157484.1:0-1841                              -            614 109174at6656         -            256    0.0053   14.5   0.1   2   2      0.15        14    3.2   0.0   171   224   421   481   407   492 0.81 -
de_novo.Agseq_100236.1:120-953                             -            278 109174at6656         -            256    0.0065   14.2   0.0   1   4       5.6   5.2e+02   -1.9   0.0    66    83    51    68    26    74 0.68 -
de_novo.Agseq_100236.1:120-953                             -            278 109174at6656         -            256    0.0065   14.2   0.0   2   4       1.9   1.8e+02   -0.4   0.0   100   114   101   115    91   126 0.77 -
de_novo.Agseq_100236.1:120-953                             -            278 109174at6656         -            256    0.0065   14.2   0.0   3   4       2.2   2.1e+02   -0.6   0.0    90   113   133   156   116   159 0.83 -
de_novo.Agseq_100236.1:120-953                             -            278 109174at6656         -            256    0.0065   14.2   0.0   4   4    0.0034      0.32    8.6   0.0    92   115   177   200   172   211 0.91 -
de_novo.Agseq_128624.1:127-834                             -            236 109174at6656         -            256    0.0089   13.7   0.1   1   4     0.016       1.5    6.4   0.0    89   115    19    45    12    46 0.90 -
de_novo.Agseq_128624.1:127-834                             -            236 109174at6656         -            256    0.0089   13.7   0.1   2   4       7.7   7.2e+02   -2.4   0.0   211   229    65    83    62    93 0.61 -
de_novo.Agseq_128624.1:127-834                             -            236 109174at6656         -            256    0.0089   13.7   0.1   3   4       0.3        28    2.3   0.0   210   226   107   123   103   129 0.86 -
de_novo.Agseq_128624.1:127-834                             -            236 109174at6656         -            256    0.0089   13.7   0.1   4   4       1.5   1.4e+02   -0.0   0.0    92   110   179   197   176   201 0.82 -
de_novo.Agm54242U_210819_213017_106890328_ccs.1:0-941      -            314 109174at6656         -            256      0.01   13.5   0.1   1   4      0.11        10    3.7   0.0   139   163    30    54    18    69 0.70 -
de_novo.Agm54242U_210819_213017_106890328_ccs.1:0-941      -            314 109174at6656         -            256      0.01   13.5   0.1   2   4     0.062       5.8    4.5   0.0    90   110    73    93    66   105 0.83 -
de_novo.Agm54242U_210819_213017_106890328_ccs.1:0-941      -            314 109174at6656         -            256      0.01   13.5   0.1   3   4       2.1     2e+02   -0.5   0.0   113   143   130   160   115   167 0.81 -
de_novo.Agm54242U_210819_213017_106890328_ccs.1:0-941      -            314 109174at6656         -            256      0.01   13.5   0.1   4   4       4.7   4.4e+02   -1.6   0.0   209   232   256   279   250   298 0.68 -
de_novo.Agm54242U_210819_213017_158335064_ccs.1:0-980      -            327 109174at6656         -            256     0.012   13.3   0.2   1   4      0.12        11    3.6   0.0   139   163    43    67    32    81 0.69 -
de_novo.Agm54242U_210819_213017_158335064_ccs.1:0-980      -            327 109174at6656         -            256     0.012   13.3   0.2   2   4     0.053         5    4.7   0.0    89   110    85   106    73   119 0.82 -
de_novo.Agm54242U_210819_213017_158335064_ccs.1:0-980      -            327 109174at6656         -            256     0.012   13.3   0.2   3   4         3   2.8e+02   -1.0   0.0   114   143   144   173   140   180 0.85 -
de_novo.Agm54242U_210819_213017_158335064_ccs.1:0-980      -            327 109174at6656         -            256     0.012   13.3   0.2   4   4       4.9   4.6e+02   -1.7   0.0   209   232   269   292   263   311 0.68 -
de_novo.Agm54242U_210819_213017_47842287_ccs.1:702-1421    -            240 109174at6656         -            256     0.012   13.3   0.0   1   3       0.1       9.7    3.8   0.0   174   193    11    30     2    72 0.61 -
de_novo.Agm54242U_210819_213017_47842287_ccs.1:702-1421    -            240 109174at6656         -            256     0.012   13.3   0.0   2   3     0.041       3.9    5.1   0.0    89   114    93   118    80   123 0.87 -
de_novo.Agm54242U_210819_213017_47842287_ccs.1:702-1421    -            240 109174at6656         -            256     0.012   13.3   0.0   3   3         1        96    0.5   0.0    20    44   161   185   153   209 0.85 -
de_novo.AGAP006239-RA.1:0-1127                             -            376 109174at6656         -            256     0.013   13.2   0.0   1   1   0.00027     0.025   12.3   0.0    89   134   232   278   201   295 0.80 -
de_novo.Agm54242Ue_220404_200923_28050811_ccs.1:0-1832     -            611 109174at6656         -            256     0.016   12.9   0.1   1   3       1.1   1.1e+02    0.4   0.1   209   231   410   432   388   436 0.86 -
de_novo.Agm54242Ue_220404_200923_28050811_ccs.1:0-1832     -            611 109174at6656         -            256     0.016   12.9   0.1   2   3      0.86        80    0.8   0.0    89   107   450   468   440   476 0.88 -
de_novo.Agm54242Ue_220404_200923_28050811_ccs.1:0-1832     -            611 109174at6656         -            256     0.016   12.9   0.1   3   3     0.018       1.7    6.3   0.0    83   109   528   554   507   568 0.85 -
de_novo.Agseq_130718.1:277-906                             -            210 109174at6656         -            256     0.018   12.7   0.1   1   4       3.2     3e+02   -1.1   0.0    91   110     5    24     2    28 0.84 -
de_novo.Agseq_130718.1:277-906                             -            210 109174at6656         -            256     0.018   12.7   0.1   2   4      0.47        44    1.6   0.0    90   112    62    84    55    98 0.86 -
de_novo.Agseq_130718.1:277-906                             -            210 109174at6656         -            256     0.018   12.7   0.1   3   4     0.043         4    5.0   0.0   171   193   103   125    93   135 0.84 -
de_novo.Agseq_130718.1:277-906                             -            210 109174at6656         -            256     0.018   12.7   0.1   4   4       1.2   1.2e+02    0.2   0.0   174   192   152   170   140   193 0.68 -
de_novo.Agseq_64433.1:0-1952                               -            651 109174at6656         -            256      0.02   12.6   0.0   1   3       1.3   1.2e+02    0.2   0.1   209   231   450   472   430   476 0.87 -
de_novo.Agseq_64433.1:0-1952                               -            651 109174at6656         -            256      0.02   12.6   0.0   2   3      0.92        86    0.7   0.0    89   107   490   508   480   516 0.88 -
de_novo.Agseq_64433.1:0-1952                               -            651 109174at6656         -            256      0.02   12.6   0.0   3   3     0.018       1.7    6.2   0.0    83   109   568   594   534   608 0.87 -
de_novo.Agm54242Ue_220404_200923_13961777_ccs.1:54-1365    -            435 109174at6656         -            256      0.02   12.6   0.0   1   4       2.6   2.4e+02   -0.8   0.0    90   109   209   228   159   236 0.54 -
de_novo.Agm54242Ue_220404_200923_13961777_ccs.1:54-1365    -            435 109174at6656         -            256      0.02   12.6   0.0   2   4       3.3   3.1e+02   -1.2   0.0   100   114   262   276   252   286 0.77 -
de_novo.Agm54242Ue_220404_200923_13961777_ccs.1:54-1365    -            435 109174at6656         -            256      0.02   12.6   0.0   3   4       4.9   4.6e+02   -1.7   0.0    91   113   295   317   286   319 0.83 -
de_novo.Agm54242Ue_220404_200923_13961777_ccs.1:54-1365    -            435 109174at6656         -            256      0.02   12.6   0.0   4   4    0.0061      0.58    7.8   0.0    92   115   338   361   333   371 0.91 -
de_novo.Agm54242U_210909_035710_171051164_ccs.1:1454-2116  -            221 109174at6656         -            256     0.023   12.4   0.0   1   3      0.62        58    1.2   0.0   193   226    18    56     3    77 0.65 -
de_novo.Agm54242U_210909_035710_171051164_ccs.1:1454-2116  -            221 109174at6656         -            256     0.023   12.4   0.0   2   3    0.0028      0.27    8.9   0.0   151   207   107   168    26   174 0.78 -
de_novo.Agm54242U_210909_035710_171051164_ccs.1:1454-2116  -            221 109174at6656         -            256     0.023   12.4   0.0   3   3       4.1   3.9e+02   -1.5   0.0   173   192   174   193   156   196 0.77 -
de_novo.Agm54242Ue_220404_200923_27461220_ccs.1:131-880    -            250 109174at6656         -            256     0.025   12.3   0.1   1   2    0.0017      0.16    9.6   0.1    20    68    65   116    52   135 0.82 -
de_novo.Agm54242Ue_220404_200923_27461220_ccs.1:131-880    -            250 109174at6656         -            256     0.025   12.3   0.1   2   2       2.6   2.4e+02   -0.8   0.0    90   114   223   249   215   250 0.79 -
de_novo.Agm54242U_210909_035710_132843918_ccs.1:141-1118   -            326 109174at6656         -            256     0.035   11.8   0.1   1   2    0.0027      0.25    9.0   0.1    20    68   141   192   128   211 0.82 -
de_novo.Agm54242U_210909_035710_132843918_ccs.1:141-1118   -            326 109174at6656         -            256     0.035   11.8   0.1   2   2       3.7   3.4e+02   -1.3   0.0    90   114   299   325   291   326 0.79 -
de_novo.Agseq_176983.1:84-1061                             -            326 109174at6656         -            256     0.035   11.8   0.1   1   2    0.0027      0.25    9.0   0.1    20    68   141   192   128   211 0.82 -
de_novo.Agseq_176983.1:84-1061                             -            326 109174at6656         -            256     0.035   11.8   0.1   2   2       3.7   3.4e+02   -1.3   0.0    90   114   299   325   291   326 0.79 -
de_novo.Agseq_166558.1:1407-2156                           -            250 109174at6656         -            256     0.036   11.7   2.3   1   2      0.26        24    2.5   0.0    93   156    13    71     7   104 0.59 -
de_novo.Agseq_166558.1:1407-2156                           -            250 109174at6656         -            256     0.036   11.7   2.3   2   2     0.027       2.6    5.7   0.7   194   241   166   221   133   230 0.68 -
de_novo.Agseq_165207.1:0-2283                              -            748 109174at6656         -            256     0.046   11.4   0.0   1   5     0.032         3    5.5   0.0    48    82   139   173   120   183 0.86 -
de_novo.Agseq_165207.1:0-2283                              -            748 109174at6656         -            256     0.046   11.4   0.0   2   5       9.4   8.8e+02   -2.6   0.0   143   160   242   259   226   273 0.54 -
de_novo.Agseq_165207.1:0-2283                              -            748 109174at6656         -            256     0.046   11.4   0.0   3   5       1.4   1.3e+02    0.1   0.0    59    85   432   458   415   467 0.62 -
de_novo.Agseq_165207.1:0-2283                              -            748 109174at6656         -            256     0.046   11.4   0.0   4   5       8.6     8e+02   -2.5   0.0    61    82   479   500   468   508 0.77 -
de_novo.Agseq_165207.1:0-2283                              -            748 109174at6656         -            256     0.046   11.4   0.0   5   5       3.9   3.7e+02   -1.4   0.0   188   207   545   564   527   604 0.68 -
de_novo.Agm54242Ue_220404_200923_119603605_ccs.1:311-892   -            194 109174at6656         -            256     0.046   11.4   0.0   1   3       2.3   2.1e+02   -0.6   0.0    64   106     5    20     2    36 0.59 -
de_novo.Agm54242Ue_220404_200923_119603605_ccs.1:311-892   -            194 109174at6656         -            256     0.046   11.4   0.0   2   3     0.095       8.9    3.9   0.0   208   231    49    72    44    87 0.85 -
de_novo.Agm54242Ue_220404_200923_119603605_ccs.1:311-892   -            194 109174at6656         -            256     0.046   11.4   0.0   3   3      0.16        15    3.1   0.0    93   114    94   115    72   157 0.69 -
de_novo.Agm54242Ue_220404_200923_101910193_ccs.1:30-632    -            201 109174at6656         -            256     0.047   11.4   0.0   1   3         2   1.8e+02   -0.4   0.0    63    80    11    28     5    41 0.62 -
de_novo.Agm54242Ue_220404_200923_101910193_ccs.1:30-632    -            201 109174at6656         -            256     0.047   11.4   0.0   2   3      0.11        11    3.6   0.0   208   231    56    79    53    91 0.85 -
de_novo.Agm54242Ue_220404_200923_101910193_ccs.1:30-632    -            201 109174at6656         -            256     0.047   11.4   0.0   3   3      0.18        17    3.0   0.0    92   114   100   122    79   163 0.70 -
de_novo.Agm54242Ue_220404_200923_61278135_ccs.1:93-695     -            201 109174at6656         -            256     0.047   11.4   0.0   1   3         2   1.8e+02   -0.4   0.0    63    80    11    28     5    41 0.62 -
de_novo.Agm54242Ue_220404_200923_61278135_ccs.1:93-695     -            201 109174at6656         -            256     0.047   11.4   0.0   2   3      0.11        11    3.6   0.0   208   231    56    79    53    91 0.85 -
de_novo.Agm54242Ue_220404_200923_61278135_ccs.1:93-695     -            201 109174at6656         -            256     0.047   11.4   0.0   3   3      0.18        17    3.0   0.0    92   114   100   122    79   163 0.70 -
de_novo.Agm54242Ue_220404_200923_95224254_ccs.1:66-668     -            201 109174at6656         -            256     0.047   11.4   0.0   1   3         2   1.8e+02   -0.4   0.0    63    80    11    28     5    41 0.62 -
de_novo.Agm54242Ue_220404_200923_95224254_ccs.1:66-668     -            201 109174at6656         -            256     0.047   11.4   0.0   2   3      0.11        11    3.6   0.0   208   231    56    79    53    91 0.85 -
de_novo.Agm54242Ue_220404_200923_95224254_ccs.1:66-668     -            201 109174at6656         -            256     0.047   11.4   0.0   3   3      0.18        17    3.0   0.0    92   114   100   122    79   163 0.70 -
de_novo.Agm54242U_210819_213017_172427377_ccs.1:141-3524   -           1128 109174at6656         -            256     0.057   11.1   0.0   1   1    0.0011       0.1   10.3   0.0   121   172   531   579   519   594 0.83 -
de_novo.Agseq_80508.1:1497-1790                            -             98 109174at6656         -            256     0.071   10.8   0.0   1   2    0.0025      0.23    9.1   0.0    85   115    31    61    21    69 0.80 -
de_novo.Agseq_80508.1:1497-1790                            -             98 109174at6656         -            256     0.071   10.8   0.0   2   2       3.9   3.7e+02   -1.4   0.0    64    79    81    96    72    98 0.70 -
#
# Program:         hmmsearch
# Version:         3.1b2 (February 2015)
# Pipeline mode:   SEARCH
# Query file:      /hpcdata/bcbb/homc/Barillaslab/Agam_hemo_transcriptomes/scripts/compare_txomes/busco/busco_downloads/lineages/arthropoda_odb10/hmms/109174at6656.hmm
# Target file:     /hpcdata/bcbb/homc/Barillaslab/Agam_hemo_transcriptomes/scripts/compare_txomes/busco/denovo_Agamhemo_BUSCO/run_arthropoda_odb10/metaeuk_output/initial_results/de_novo_transcriptome_with_genome_hits_and_expression_filtering.gffread.fa.modified.fas
# Option settings: hmmsearch --domtblout /hpcdata/bcbb/homc/Barillaslab/Agam_hemo_transcriptomes/scripts/compare_txomes/busco/denovo_Agamhemo_BUSCO/run_arthropoda_odb10/hmmer_output/initial_run_results/109174at6656.out --cpu 1 /hpcdata/bcbb/homc/Barillaslab/Agam_hemo_transcriptomes/scripts/compare_txomes/busco/busco_downloads/lineages/arthropoda_odb10/hmms/109174at6656.hmm /hpcdata/bcbb/homc/Barillaslab/Agam_hemo_transcriptomes/scripts/compare_txomes/busco/denovo_Agamhemo_BUSCO/run_arthropoda_odb10/metaeuk_output/initial_results/de_novo_transcriptome_with_genome_hits_and_expression_filtering.gffread.fa.modified.fas 
# Current dir:     /hpcdata/bcbb/homc/Barillaslab/Agam_hemo_transcriptomes/scripts/compare_txomes/busco
# Date:            Sun Jan 29 12:56:56 2023
# [ok]
