#                                                                                                                 --- full sequence --- -------------- this domain -------------   hmm coord   ali coord   env coord
# target name                                             accession   tlen query name           accession   qlen   E-value  score  bias   #  of  c-Evalue  i-Evalue  score  bias  from    to  from    to  from    to  acc description of target
#                                     ------------------- ---------- ----- -------------------- ---------- ----- --------- ------ ----- --- --- --------- --------- ------ ----- ----- ----- ----- ----- ----- ----- ---- ---------------------
de_novo.Agm54242U_210909_035710_58133079_ccs.1:90-1241    -            384 115841at6656         -            220   2.8e-15   54.7   0.0   1   3   7.8e-05    0.0085   13.9   0.0   118   171    15    71     3    80 0.82 -
de_novo.Agm54242U_210909_035710_58133079_ccs.1:90-1241    -            384 115841at6656         -            220   2.8e-15   54.7   0.0   2   3   3.6e-07   3.9e-05   21.6   0.0   119   190   151   217   137   223 0.83 -
de_novo.Agm54242U_210909_035710_58133079_ccs.1:90-1241    -            384 115841at6656         -            220   2.8e-15   54.7   0.0   3   3   2.9e-05    0.0032   15.3   0.0   118   190   285   354   268   362 0.80 -
de_novo.AGAP000044-RA.1:90-1271                           -            394 115841at6656         -            220   3.2e-15   54.5   0.0   1   3   8.3e-05     0.009   13.9   0.0   118   171    15    71     3    79 0.82 -
de_novo.AGAP000044-RA.1:90-1271                           -            394 115841at6656         -            220   3.2e-15   54.5   0.0   2   3   3.7e-07     4e-05   21.5   0.0   119   190   161   227   147   233 0.83 -
de_novo.AGAP000044-RA.1:90-1271                           -            394 115841at6656         -            220   3.2e-15   54.5   0.0   3   3     3e-05    0.0033   15.3   0.0   118   190   295   364   278   372 0.80 -
de_novo.Agm54242Ue_220404_200923_139592134_ccs.1:385-1443 -            353 115841at6656         -            220   5.9e-15   53.7   0.5   1   3   0.00043     0.046   11.5   0.0   113   183    17    81     6   106 0.78 -
de_novo.Agm54242Ue_220404_200923_139592134_ccs.1:385-1443 -            353 115841at6656         -            220   5.9e-15   53.7   0.5   2   3     2e-06   0.00021   19.2   0.0   100   174   124   200   116   220 0.79 -
de_novo.Agm54242Ue_220404_200923_139592134_ccs.1:385-1443 -            353 115841at6656         -            220   5.9e-15   53.7   0.5   3   3   1.3e-06   0.00014   19.8   0.0   113   189   265   336   241   346 0.81 -
de_novo.Agm54242Ue_220404_200923_39387507_ccs.1:715-1773  -            353 115841at6656         -            220   5.9e-15   53.7   0.5   1   3   0.00043     0.046   11.5   0.0   113   183    17    81     6   106 0.78 -
de_novo.Agm54242Ue_220404_200923_39387507_ccs.1:715-1773  -            353 115841at6656         -            220   5.9e-15   53.7   0.5   2   3     2e-06   0.00021   19.2   0.0   100   174   124   200   116   220 0.79 -
de_novo.Agm54242Ue_220404_200923_39387507_ccs.1:715-1773  -            353 115841at6656         -            220   5.9e-15   53.7   0.5   3   3   1.3e-06   0.00014   19.8   0.0   113   189   265   336   241   346 0.81 -
de_novo.Agseq_181197.1:808-1866                           -            353 115841at6656         -            220   5.9e-15   53.7   0.5   1   3   0.00043     0.046   11.5   0.0   113   183    17    81     6   106 0.78 -
de_novo.Agseq_181197.1:808-1866                           -            353 115841at6656         -            220   5.9e-15   53.7   0.5   2   3     2e-06   0.00021   19.2   0.0   100   174   124   200   116   220 0.79 -
de_novo.Agseq_181197.1:808-1866                           -            353 115841at6656         -            220   5.9e-15   53.7   0.5   3   3   1.3e-06   0.00014   19.8   0.0   113   189   265   336   241   346 0.81 -
de_novo.Agm54242U_210909_035710_157221630_ccs.1:708-1694  -            329 115841at6656         -            220   2.6e-14   51.6   0.4   1   3   0.00038     0.041   11.7   0.0   113   183    17    81     6   106 0.78 -
de_novo.Agm54242U_210909_035710_157221630_ccs.1:708-1694  -            329 115841at6656         -            220   2.6e-14   51.6   0.4   2   3   1.7e-06   0.00019   19.4   0.0   100   174   124   200   116   220 0.79 -
de_novo.Agm54242U_210909_035710_157221630_ccs.1:708-1694  -            329 115841at6656         -            220   2.6e-14   51.6   0.4   3   3   7.4e-06    0.0008   17.3   0.0   113   171   265   324   241   328 0.83 -
de_novo.Agm54242U_210819_213017_89980928_ccs.1:808-1809   -            334 115841at6656         -            220   9.4e-13   46.5   0.2   1   3      0.11        12    3.6   0.0   113   138    17    40     6    72 0.84 -
de_novo.Agm54242U_210819_213017_89980928_ccs.1:808-1809   -            334 115841at6656         -            220   9.4e-13   46.5   0.2   2   3   1.8e-06   0.00019   19.3   0.0   100   174   105   181    97   201 0.79 -
de_novo.Agm54242U_210819_213017_89980928_ccs.1:808-1809   -            334 115841at6656         -            220   9.4e-13   46.5   0.2   3   3   1.1e-06   0.00012   19.9   0.0   113   189   246   317   222   327 0.81 -
de_novo.Agm54242U_210909_035710_69274345_ccs.1:781-1518   -            246 115841at6656         -            220   3.6e-11   41.3   0.0   1   2   1.6e-07   1.8e-05   22.7   0.0   119   191    17    84     3    89 0.83 -
de_novo.Agm54242U_210909_035710_69274345_ccs.1:781-1518   -            246 115841at6656         -            220   3.6e-11   41.3   0.0   2   2   1.3e-05    0.0014   16.5   0.0   118   190   151   220   133   228 0.80 -
de_novo.Agm54242Ue_220404_200923_56623555_ccs.1:204-941   -            246 115841at6656         -            220   3.6e-11   41.3   0.0   1   2   1.6e-07   1.8e-05   22.7   0.0   119   191    17    84     3    89 0.83 -
de_novo.Agm54242Ue_220404_200923_56623555_ccs.1:204-941   -            246 115841at6656         -            220   3.6e-11   41.3   0.0   2   2   1.3e-05    0.0014   16.5   0.0   118   190   151   220   133   228 0.80 -
de_novo.AGAP005431-RA.1:60-353                            -             98 115841at6656         -            220   1.4e-10   39.4   0.1   1   1   1.4e-12   1.5e-10   39.3   0.1   116   173    15    72     3    88 0.89 -
de_novo.Agm54242Ue_220404_200923_142412192_ccs.1:34-726   -            231 115841at6656         -            220   6.8e-10   37.1   0.0   1   2   3.4e-06   0.00037   18.4   0.0   124   191     2    64     1    69 0.85 -
de_novo.Agm54242Ue_220404_200923_142412192_ccs.1:34-726   -            231 115841at6656         -            220   6.8e-10   37.1   0.0   2   2   1.1e-05    0.0012   16.7   0.0   118   190   131   200   113   208 0.80 -
de_novo.Agm54242U_210909_035710_66585461_ccs.1:3-401      -            133 115841at6656         -            220   1.2e-09   36.3   0.0   1   1   1.2e-11   1.3e-09   36.2   0.0   114   172    39    97    11   119 0.86 -
de_novo.Agm54242Ue_220404_200923_19071271_ccs.1:3-401     -            133 115841at6656         -            220   1.2e-09   36.3   0.0   1   1   1.2e-11   1.3e-09   36.2   0.0   114   172    39    97    11   119 0.86 -
de_novo.Agseq_126452.1:3-401                              -            133 115841at6656         -            220   1.2e-09   36.3   0.0   1   1   1.2e-11   1.3e-09   36.2   0.0   114   172    39    97    11   119 0.86 -
de_novo.Agm54242Ue_220404_200923_126617508_ccs.1:3-359    -            119 115841at6656         -            220   1.3e-09   36.3   0.0   1   1   1.3e-11   1.4e-09   36.1   0.0   117   172    28    83    16   107 0.87 -
de_novo.Agseq_175285.1:81-1139                            -            353 115841at6656         -            220   1.3e-09   36.2   0.1   1   1     2e-11   2.2e-09   35.5   0.1   116   173    23    80    10   107 0.88 -
de_novo.Agm54242U_210909_035710_41159124_ccs.1:0-1334     -            445 115841at6656         -            220   2.3e-08   32.1   0.0   1   2     0.004      0.43    8.3   0.0   115   143    47    75     7    88 0.72 -
de_novo.Agm54242U_210909_035710_41159124_ccs.1:0-1334     -            445 115841at6656         -            220   2.3e-08   32.1   0.0   2   2   3.6e-07   3.9e-05   21.6   0.0   115   181   183   248   175   264 0.84 -
de_novo.Agm54242U_210909_035710_45547885_ccs.1:276-512    -             79 115841at6656         -            220   9.1e-08   30.2   0.1   1   1   8.9e-10   9.6e-08   30.1   0.1   118   172    20    76     9    79 0.86 -
de_novo.Agm54242U_210819_213017_198951_ccs.1:221-538      -            106 115841at6656         -            220     1e-07   30.0   0.0   1   1   1.2e-09   1.3e-07   29.7   0.0   119   185    21    83    10    93 0.82 -
de_novo.Agm54242Ue_220404_200923_95355548_ccs.1:147-464   -            106 115841at6656         -            220     1e-07   30.0   0.0   1   1   1.2e-09   1.3e-07   29.7   0.0   119   185    21    83    10    93 0.82 -
de_novo.seqSigP-58187.1:75-392                            -            106 115841at6656         -            220     1e-07   30.0   0.0   1   1   1.2e-09   1.3e-07   29.7   0.0   119   185    21    83    10    93 0.82 -
de_novo.Agm54242U_210819_213017_91032124_ccs.1:285-671    -            129 115841at6656         -            220   1.8e-07   29.2   0.0   1   1     2e-09   2.2e-07   28.9   0.0   119   185    18    80     8    91 0.82 -
de_novo.Agm54242Ue_220404_200923_11208606_ccs.1:139-417   -             93 115841at6656         -            220   3.1e-07   28.4   0.0   1   1   2.9e-09   3.1e-07   28.4   0.0   118   170    38    92     4    93 0.87 -
de_novo.Agm54242U_210909_035710_139133360_ccs.1:51-1421   -            457 115841at6656         -            220   3.5e-07   28.3   0.0   1   2     0.001      0.11   10.3   0.0   118   190    23    92    14    98 0.78 -
de_novo.Agm54242U_210909_035710_139133360_ccs.1:51-1421   -            457 115841at6656         -            220   3.5e-07   28.3   0.0   2   2   2.7e-05    0.0029   15.5   0.0    97   170   344   416   337   427 0.85 -
de_novo.Agm54242U_210819_213017_198951_ccs.1:1058-1420    -            121 115841at6656         -            220   5.7e-07   27.6   0.1   1   1   8.7e-09   9.4e-07   26.9   0.1    92   191    15   107     8   112 0.79 -
de_novo.Agseq_159952.1:894-1256                           -            121 115841at6656         -            220   5.7e-07   27.6   0.1   1   1   8.7e-09   9.4e-07   26.9   0.1    92   191    15   107     8   112 0.79 -
de_novo.Agm54242Ue_220404_200923_4262672_ccs.1:21-665     -            215 115841at6656         -            220   1.8e-06   25.9   0.1   1   1   3.1e-08   3.3e-06   25.1   0.1    92   191   104   196    79   203 0.81 -
de_novo.Agm54242U_210909_035710_45547885_ccs.1:851-1546   -            232 115841at6656         -            220   2.2e-06   25.6   0.1   1   1   3.8e-08   4.1e-06   24.8   0.1    92   191   124   216    99   222 0.80 -
de_novo.Agm54242U_210909_035710_53609435_ccs.1:950-1645   -            232 115841at6656         -            220   2.2e-06   25.6   0.1   1   1   3.8e-08   4.1e-06   24.8   0.1    92   191   124   216    99   222 0.80 -
de_novo.Agm54242U_210909_035710_154076847_ccs.1:498-782   -             95 115841at6656         -            220   2.3e-06   25.6   0.1   1   1   3.6e-08   3.9e-06   24.9   0.1   110   191     7    81     4    88 0.79 -
de_novo.Agm54242Ue_220404_200923_11208606_ccs.1:716-1000  -             95 115841at6656         -            220   2.3e-06   25.6   0.1   1   1   3.6e-08   3.9e-06   24.9   0.1   110   191     7    81     4    88 0.79 -
de_novo.Agm54242Ue_220404_200923_19794342_ccs.1:3-245     -             81 115841at6656         -            220   2.4e-06   25.5   0.0   1   1   2.6e-08   2.8e-06   25.3   0.0   109   174    11    75     7    78 0.90 -
de_novo.Agm54242Ue_220404_200923_55904613_ccs.1:3-245     -             81 115841at6656         -            220   2.4e-06   25.5   0.0   1   1   2.6e-08   2.8e-06   25.3   0.0   109   174    11    75     7    78 0.90 -
de_novo.Agm54242U_210819_213017_162595556_ccs.1:36-320    -             95 115841at6656         -            220   3.6e-06   25.0   0.1   1   1   4.1e-08   4.4e-06   24.7   0.1   109   174     5    69     3    78 0.90 -
de_novo.Agm54242Ue_220404_200923_120783073_ccs.1:114-398  -             95 115841at6656         -            220   3.6e-06   25.0   0.1   1   1   4.1e-08   4.4e-06   24.7   0.1   109   174     5    69     3    78 0.90 -
de_novo.Agm54242Ue_220404_200923_128385895_ccs.1:0-311    -            104 115841at6656         -            220   3.9e-06   24.8   0.1   1   1   4.4e-08   4.7e-06   24.6   0.1   109   174    14    78     8    87 0.90 -
de_novo.AGAP009584-RA.1:3-305                             -            101 115841at6656         -            220     4e-06   24.8   0.1   1   1   4.6e-08     5e-06   24.5   0.1   109   174    11    75     8    84 0.90 -
de_novo.Agm54242Ue_220404_200923_81594919_ccs.1:3-275     -             91 115841at6656         -            220   6.7e-06   24.1   0.0   1   1     7e-08   7.6e-06   23.9   0.0   108   173    11    74     9    87 0.86 -
de_novo.Agseq_125941.1:3-275                              -             91 115841at6656         -            220   6.7e-06   24.1   0.0   1   1     7e-08   7.6e-06   23.9   0.0   108   173    11    74     9    87 0.86 -
de_novo.Agm54242U_210819_213017_104661342_ccs.1:121-351   -             77 115841at6656         -            220   1.2e-05   23.3   0.0   1   1   1.2e-07   1.3e-05   23.2   0.0   125   172     1    48     1    67 0.90 -
de_novo.Agm54242Ue_220404_200923_111608189_ccs.1:57-995   -            313 115841at6656         -            220   1.5e-05   23.0   0.0   1   1     2e-07   2.2e-05   22.4   0.0   115   182    51   117    43   132 0.84 -
de_novo.Agm54242U_210909_035710_172622005_ccs.1:132-401   -             90 115841at6656         -            220    0.0002   19.3   0.0   1   1   2.2e-06   0.00023   19.0   0.0   121   188     2    68     1    77 0.80 -
de_novo.seqSigP-181387.1:132-401                          -             90 115841at6656         -            220    0.0002   19.3   0.0   1   1   2.2e-06   0.00023   19.0   0.0   121   188     2    68     1    77 0.80 -
de_novo.Agseq_159952.1:15-251                             -             79 115841at6656         -            220   0.00036   18.4   0.0   1   1   3.8e-06   0.00041   18.2   0.0   127   187     2    58     1    67 0.80 -
de_novo.AGAP007201-RA.1:0-413                             -            138 115841at6656         -            220   0.00036   18.4   0.0   1   1   4.3e-06   0.00046   18.1   0.0   113   173    43   102    31   117 0.83 -
de_novo.Agm54242U_210909_035710_160696522_ccs.1:1050-1331 -             94 115841at6656         -            220   0.00098   17.0   0.0   1   1     1e-05    0.0011   16.8   0.0   111   170     4    62     2    73 0.83 -
de_novo.Agseq_121764.1:97-378                             -             94 115841at6656         -            220   0.00098   17.0   0.0   1   1     1e-05    0.0011   16.8   0.0   111   170     4    62     2    73 0.83 -
de_novo.Agm54242U_210819_213017_89980928_ccs.1:445-747    -            101 115841at6656         -            220    0.0052   14.6   0.0   1   1   5.8e-05    0.0062   14.4   0.0   119   189    18    83     5    95 0.74 -
de_novo.Agseq_100310.1:0-569                              -            190 115841at6656         -            220    0.0058   14.5   0.0   1   1   9.8e-05     0.011   13.6   0.0   119   188    21    84     9    91 0.87 -
de_novo.Agm54242U_210909_035710_103416324_ccs.1:69-887    -            273 115841at6656         -            220     0.023   12.5   0.0   1   1   0.00045     0.049   11.4   0.0   118   190    17    86     9    92 0.78 -
de_novo.Agseq_175256.1:132-368                            -             79 115841at6656         -            220     0.025   12.4   0.0   1   1   0.00025     0.027   12.3   0.0   121   181     1    57     1    73 0.85 -
de_novo.Agm54242U_210909_035710_53609435_ccs.1:348-575    -             76 115841at6656         -            220     0.029   12.2   0.0   1   1   0.00027     0.029   12.2   0.0   118   143    34    59    12    71 0.86 -
#
# Program:         hmmsearch
# Version:         3.1b2 (February 2015)
# Pipeline mode:   SEARCH
# Query file:      /hpcdata/bcbb/homc/Barillaslab/Agam_hemo_transcriptomes/scripts/compare_txomes/busco/busco_downloads/lineages/arthropoda_odb10/hmms/115841at6656.hmm
# Target file:     /hpcdata/bcbb/homc/Barillaslab/Agam_hemo_transcriptomes/scripts/compare_txomes/busco/denovo_Agamhemo_BUSCO/run_arthropoda_odb10/metaeuk_output/initial_results/de_novo_transcriptome_with_genome_hits_and_expression_filtering.gffread.fa.modified.fas
# Option settings: hmmsearch --domtblout /hpcdata/bcbb/homc/Barillaslab/Agam_hemo_transcriptomes/scripts/compare_txomes/busco/denovo_Agamhemo_BUSCO/run_arthropoda_odb10/hmmer_output/initial_run_results/115841at6656.out --cpu 1 /hpcdata/bcbb/homc/Barillaslab/Agam_hemo_transcriptomes/scripts/compare_txomes/busco/busco_downloads/lineages/arthropoda_odb10/hmms/115841at6656.hmm /hpcdata/bcbb/homc/Barillaslab/Agam_hemo_transcriptomes/scripts/compare_txomes/busco/denovo_Agamhemo_BUSCO/run_arthropoda_odb10/metaeuk_output/initial_results/de_novo_transcriptome_with_genome_hits_and_expression_filtering.gffread.fa.modified.fas 
# Current dir:     /hpcdata/bcbb/homc/Barillaslab/Agam_hemo_transcriptomes/scripts/compare_txomes/busco
# Date:            Sun Jan 29 12:57:05 2023
# [ok]
