#                                                                                                                 --- full sequence --- -------------- this domain -------------   hmm coord   ali coord   env coord
# target name                                             accession   tlen query name           accession   qlen   E-value  score  bias   #  of  c-Evalue  i-Evalue  score  bias  from    to  from    to  from    to  acc description of target
#                                     ------------------- ---------- ----- -------------------- ---------- ----- --------- ------ ----- --- --- --------- --------- ------ ----- ----- ----- ----- ----- ----- ----- ---- ---------------------
de_novo.Agm54242U_210909_035710_33556589_ccs.1:0-440      -            147 119012at6656         -            146   1.8e-85  282.1   0.0   1   1     4e-87     2e-85  282.0   0.0     1   136     4   146     4   147 0.96 -
de_novo.Agm54242U_210909_035710_75499984_ccs.1:66-500     -            145 119012at6656         -            146   2.3e-61  203.9   0.0   1   1     5e-63   2.5e-61  203.8   0.0    39   137     1   118     1   136 0.86 -
de_novo.Agm54242Ue_220404_200923_160366727_ccs.1:428-850  -            141 119012at6656         -            146   2.3e-58  194.2   0.1   1   1   4.9e-60   2.5e-58  194.1   0.1    43   137     1   114     1   132 0.86 -
de_novo.AGAP006890-RA.1:12-521                            -            170 119012at6656         -            146   7.4e-24   82.3   0.0   1   1   1.7e-25   8.7e-24   82.1   0.0    11   131     3   126     1   141 0.91 -
de_novo.Agm54242U_210909_035710_82642687_ccs.1:98-592     -            165 119012at6656         -            146   4.5e-23   79.7   0.1   1   1     1e-24   5.3e-23   79.5   0.1    16   131     3   121     1   136 0.91 -
de_novo.Agm54242U_210819_213017_26479272_ccs.1:67-588     -            174 119012at6656         -            146     4e-22   76.7   0.0   1   1   9.4e-24   4.8e-22   76.4   0.0     6   128     2   127     1   146 0.92 -
de_novo.Agm54242Ue_220404_200923_176751395_ccs.1:6-527    -            174 119012at6656         -            146     4e-22   76.7   0.0   1   1   9.4e-24   4.8e-22   76.4   0.0     6   128     2   127     1   146 0.92 -
de_novo.Agm54242U_210909_035710_73074188_ccs.1:18-551     -            178 119012at6656         -            146   2.4e-21   74.2   0.0   1   1   5.5e-23   2.8e-21   73.9   0.0     5   128     5   131     1   154 0.89 -
de_novo.Agm54242Ue_220404_200923_115147803_ccs.1:18-551   -            178 119012at6656         -            146   2.4e-21   74.2   0.0   1   1   5.5e-23   2.8e-21   73.9   0.0     5   128     5   131     1   154 0.89 -
de_novo.Agm54242Ue_220404_200923_48696043_ccs.1:24-389    -            122 119012at6656         -            146   1.4e-20   71.7   0.0   1   1   2.9e-22   1.5e-20   71.6   0.0    11   126     3   121     1   122 0.94 -
de_novo.Agm54242U_210819_213017_59574892_ccs.1:33-458     -            142 119012at6656         -            146   1.4e-20   71.6   0.0   1   1   3.3e-22   1.7e-20   71.4   0.0    12   127     1   119     1   139 0.89 -
de_novo.AGAP002931-RA.1:33-518                            -            162 119012at6656         -            146     2e-20   71.1   0.0   1   1   4.8e-22   2.4e-20   70.9   0.0    12   129     1   124     1   142 0.88 -
de_novo.Agm54242Ue_220404_200923_147980438_ccs.1:0-602    -            201 119012at6656         -            146     3e-19   67.3   0.0   1   1   8.7e-21   4.4e-19   66.8   0.0     7   131     7   142     2   154 0.83 -
de_novo.Agm54242U_210909_035710_50989402_ccs.1:12-455     -            148 119012at6656         -            146   1.4e-18   65.2   0.0   1   1     3e-20   1.6e-18   65.0   0.0    13   126    12   128     1   145 0.90 -
de_novo.Agm54242Ue_220404_200923_155910996_ccs.1:12-455   -            148 119012at6656         -            146   1.4e-18   65.2   0.0   1   1     3e-20   1.6e-18   65.0   0.0    13   126    12   128     1   145 0.90 -
de_novo.Agm54242Ue_220404_200923_143852055_ccs.1:18-329   -            104 119012at6656         -            146   1.7e-18   64.9   0.1   1   1   3.8e-20   1.9e-18   64.7   0.1     5    98     5    97     1   103 0.94 -
de_novo.AGAP005267-RA.1:33-533                            -            167 119012at6656         -            146   2.4e-18   64.4   0.0   1   1   5.5e-20   2.8e-18   64.2   0.0    16   126     4   117     1   142 0.88 -
de_novo.Agm54242U_210819_213017_115542432_ccs.1:9-302     -             98 119012at6656         -            146   4.9e-18   63.4   0.0   1   1     1e-19   5.2e-18   63.3   0.0    88   137     3    71     1    89 0.77 -
de_novo.Agm54242Ue_220404_200923_143524266_ccs.1:66-575   -            170 119012at6656         -            146   7.1e-17   59.6   0.0   1   1   1.7e-18   8.5e-17   59.4   0.0    22   127     3   111     1   130 0.90 -
de_novo.Agm54242Ue_220404_200923_155648534_ccs.1:42-533   -            164 119012at6656         -            146   1.7e-15   55.2   0.1   1   1   3.7e-17   1.9e-15   55.0   0.1    16   134     1   122     1   139 0.87 -
de_novo.Agm54242Ue_220404_200923_176949311_ccs.1:9-497    -            163 119012at6656         -            146   3.7e-15   54.1   0.1   1   1   8.3e-17   4.2e-15   53.9   0.1    19   134     3   121     1   138 0.86 -
de_novo.Agm54242Ue_220404_200923_54592999_ccs.1:29-424    -            132 119012at6656         -            146   2.3e-14   51.5   0.0   1   1   5.4e-16   2.8e-14   51.2   0.0    49   133     1    92     1   107 0.86 -
de_novo.Agm54242Ue_220404_200923_35522329_ccs.1:42-611    -            190 119012at6656         -            146   2.2e-12   45.0   0.2   1   1   7.6e-14   3.9e-12   44.3   0.2    19   136     9   132     4   147 0.83 -
de_novo.Agseq_193118.1:51-524                             -            158 119012at6656         -            146   2.3e-12   45.0   0.0   1   1   5.7e-14   2.9e-12   44.7   0.0    19   139    10   136     4   145 0.80 -
de_novo.Agm54242Ue_220404_200923_101516476_ccs.1:77-547   -            157 119012at6656         -            146   2.7e-12   44.8   0.0   1   1   6.7e-14   3.4e-12   44.4   0.0    20   139     6   131     3   142 0.80 -
de_novo.Agm54242Ue_220404_200923_15467844_ccs.1:75-539    -            155 119012at6656         -            146   2.8e-12   44.7   0.0   1   1   7.2e-14   3.7e-12   44.4   0.0    21   139     5   129     2   140 0.80 -
de_novo.Agseq_193120.1:120-503                            -            128 119012at6656         -            146     7e-12   43.4   0.0   1   1   1.5e-13   7.7e-12   43.3   0.0    20   132     6   124     2   128 0.81 -
de_novo.Agseq_188671.1:157-537                            -            127 119012at6656         -            146   1.5e-10   39.2   0.0   1   1   3.6e-12   1.8e-10   38.9   0.0    51   133     9    96     3   114 0.79 -
de_novo.Agseq_180149.1:0-419                              -            140 119012at6656         -            146   2.1e-10   38.7   0.0   1   1   4.6e-12   2.4e-10   38.5   0.0    22   132     4   117     1   131 0.78 -
de_novo.Agm54242U_210909_035710_38207990_ccs.1:39-392     -            118 119012at6656         -            146   7.5e-10   36.9   0.0   1   1   1.9e-11   9.5e-10   36.5   0.0    76   127     4    59     2    79 0.86 -
de_novo.AGAP001211-RA.1:6-545                             -            180 119012at6656         -            146   7.8e-10   36.8   0.0   1   1   2.1e-11   1.1e-09   36.4   0.0    19   136     8   131     3   142 0.80 -
de_novo.seqSigP-69466.1:39-467                            -            143 119012at6656         -            146     1e-09   36.4   0.0   1   1   2.4e-11   1.2e-09   36.2   0.0    29   132    11   120     4   134 0.78 -
de_novo.Agm54242U_210909_035710_125963098_ccs.1:51-557    -            169 119012at6656         -            146   1.2e-09   36.2   0.2   1   2         7   3.6e+02   -1.0   0.0    81    90     3    12     2    28 0.79 -
de_novo.Agm54242U_210909_035710_125963098_ccs.1:51-557    -            169 119012at6656         -            146   1.2e-09   36.2   0.2   2   2   5.8e-11     3e-09   34.9   0.1    56   139    23   109     8   118 0.77 -
de_novo.Agm54242U_210819_213017_2359957_ccs.1:87-587      -            167 119012at6656         -            146   2.2e-09   35.3   0.1   1   1   5.7e-11   2.9e-09   34.9   0.1    19   132    10   129     6   145 0.78 -
de_novo.Agm54242Ue_220404_200923_108724284_ccs.1:38-538   -            167 119012at6656         -            146   2.2e-09   35.3   0.1   1   1   5.7e-11   2.9e-09   34.9   0.1    19   132    10   129     6   145 0.78 -
de_novo.Agm54242Ue_220404_200923_131860768_ccs.1:87-587   -            167 119012at6656         -            146   2.2e-09   35.3   0.1   1   1   5.7e-11   2.9e-09   34.9   0.1    19   132    10   129     6   145 0.78 -
de_novo.AGAP003028-RA.1:6-482                             -            159 119012at6656         -            146   2.8e-09   35.0   0.1   1   1   6.7e-11   3.4e-09   34.7   0.1    20   127     9   122     3   144 0.73 -
de_novo.Agm54242Ue_220404_200923_50660355_ccs.1:6-482     -            159 119012at6656         -            146   2.8e-09   35.0   0.1   1   1   6.7e-11   3.4e-09   34.7   0.1    20   127     9   122     3   144 0.73 -
de_novo.AGAP001617-RA.1:21-608                            -            196 119012at6656         -            146   3.4e-09   34.7   0.0   1   1   9.4e-11   4.8e-09   34.2   0.0    22   133     6   127     1   146 0.76 -
de_novo.Agm54242U_210909_035710_144965939_ccs.1:38-625    -            196 119012at6656         -            146   3.4e-09   34.7   0.0   1   1   9.4e-11   4.8e-09   34.2   0.0    22   133     6   127     1   146 0.76 -
de_novo.Agm54242U_210819_213017_60098435_ccs.1:30-473     -            148 119012at6656         -            146   3.7e-09   34.6   0.0   1   1   9.4e-11   4.8e-09   34.2   0.0    62   139     9    88     4   112 0.82 -
de_novo.Agm54242Ue_220404_200923_179832881_ccs.1:6-563    -            186 119012at6656         -            146     4e-09   34.5   0.1   1   1   1.1e-10   5.6e-09   34.0   0.1    20   127     9   122     3   144 0.73 -
de_novo.Agm54242U_210819_213017_172493474_ccs.1:72-536    -            155 119012at6656         -            146   4.8e-09   34.2   0.0   1   1   1.1e-10   5.6e-09   34.0   0.0    20   135     3   124     1   140 0.75 -
de_novo.Agm54242U_210909_035710_112067346_ccs.1:168-683   -            172 119012at6656         -            146   6.6e-09   33.8   0.0   1   1   1.6e-10     8e-09   33.5   0.0    20   135     3   124     1   140 0.75 -
de_novo.Agseq_144436.1:32-460                             -            143 119012at6656         -            146   7.8e-09   33.6   0.1   1   1   1.8e-10   8.9e-09   33.4   0.1    38   127    11   106     1   128 0.72 -
de_novo.Agm54242U_210909_035710_117245795_ccs.1:72-626    -            185 119012at6656         -            146   8.2e-09   33.5   0.0   1   1     2e-10     1e-08   33.2   0.0    20   135     3   124     1   140 0.75 -
de_novo.Agm54242U_210909_035710_150537324_ccs.1:109-663   -            185 119012at6656         -            146   8.2e-09   33.5   0.0   1   1     2e-10     1e-08   33.2   0.0    20   135     3   124     1   140 0.75 -
de_novo.Agm54242U_210909_035710_123667808_ccs.1:0-344     -            115 119012at6656         -            146   3.4e-08   31.5   0.1   1   1   7.4e-10   3.8e-08   31.3   0.1    42   127     1    92     1   113 0.71 -
de_novo.Agm54242U_210819_213017_58196293_ccs.1:129-749    -            207 119012at6656         -            146   3.4e-08   31.5   0.0   1   1   1.1e-09   5.5e-08   30.8   0.0    22   133    17   139     8   152 0.72 -
de_novo.Agm54242U_210909_035710_162071858_ccs.1:1821-2441 -            207 119012at6656         -            146   3.4e-08   31.5   0.0   1   1   1.1e-09   5.5e-08   30.8   0.0    22   133    17   139     8   152 0.72 -
de_novo.Agseq_352219.1:93-713                             -            207 119012at6656         -            146   3.4e-08   31.5   0.0   1   1   1.1e-09   5.5e-08   30.8   0.0    22   133    17   139     8   152 0.72 -
de_novo.AGAP007654-RC.1:231-824                           -            198 119012at6656         -            146   3.9e-08   31.3   0.0   1   1   1.2e-09   6.4e-08   30.6   0.0    23   133     9   130     2   143 0.73 -
de_novo.Agm54242U_210819_213017_102107173_ccs.1:1164-1847 -            228 119012at6656         -            146   4.5e-08   31.1   0.0   1   1   1.4e-09   7.2e-08   30.4   0.0    22   133    42   164    33   177 0.72 -
de_novo.AGAP011363-RA.1:39-626                            -            196 119012at6656         -            146   5.1e-08   30.9   0.1   1   1   1.3e-09   6.6e-08   30.6   0.1    20   134     3   124     1   140 0.72 -
de_novo.Agm54242U_210909_035710_74254082_ccs.1:39-626     -            196 119012at6656         -            146   5.1e-08   30.9   0.1   1   1   1.3e-09   6.6e-08   30.6   0.1    20   134     3   124     1   140 0.72 -
de_novo.AGAP002092-RA.1:3-590                             -            196 119012at6656         -            146   6.1e-08   30.7   0.0   1   1   1.9e-09   9.6e-08   30.0   0.0    18   132     7   127     3   140 0.71 -
de_novo.Agseq_189935.1:50-391                             -            114 119012at6656         -            146     9e-08   30.1   0.0   1   1   2.1e-09   1.1e-07   29.9   0.0    54   131    10    90     2   103 0.78 -
de_novo.Agm54242U_210909_035710_17629935_ccs.1:47-637     -            197 119012at6656         -            146   1.7e-07   29.2   0.0   1   1   4.4e-09   2.2e-07   28.8   0.0    52   130    42   125     6   139 0.75 -
de_novo.Agm54242U_210819_213017_142870245_ccs.1:57-482    -            142 119012at6656         -            146     2e-07   29.0   0.1   1   1   5.4e-09   2.8e-07   28.5   0.1    52   137     5    94     2   105 0.76 -
de_novo.Agm54242U_210819_213017_180029765_ccs.1:0-656     -            219 119012at6656         -            146   2.3e-07   28.8   0.0   1   1   6.2e-09   3.1e-07   28.4   0.0    17   103     9   100     3   135 0.81 -
de_novo.Agm54242U_210819_213017_54395460_ccs.1:0-656      -            219 119012at6656         -            146   2.3e-07   28.8   0.0   1   1   6.2e-09   3.1e-07   28.4   0.0    17   103     9   100     3   135 0.81 -
de_novo.AGAP002812-RA.1:0-548                             -            183 119012at6656         -            146   2.9e-07   28.5   0.0   1   1   7.4e-09   3.8e-07   28.1   0.0    18   136    15   139     8   153 0.75 -
de_novo.Agm54242U_210819_213017_74188857_ccs.1:36-587     -            184 119012at6656         -            146   2.9e-07   28.5   0.0   1   1   7.3e-09   3.7e-07   28.1   0.0    44   134    19   113     9   147 0.81 -
de_novo.Agm54242Ue_220404_200923_853654_ccs.1:87-644      -            186 119012at6656         -            146   2.9e-07   28.5   0.0   1   1   7.4e-09   3.8e-07   28.1   0.0    44   134    21   115     9   148 0.81 -
de_novo.Agm54242Ue_220404_200923_76483219_ccs.1:6-638     -            211 119012at6656         -            146   3.4e-07   28.3   0.0   1   1   8.5e-09   4.3e-07   27.9   0.0    44   134    33   127     7   153 0.80 -
de_novo.Agm54242U_210819_213017_88475526_ccs.1:243-569    -            109 119012at6656         -            146   1.3e-06   26.4   0.0   1   1   3.1e-08   1.6e-06   26.1   0.0    62   127     5    72     2    95 0.74 -
de_novo.Agm54242Ue_220404_200923_102105911_ccs.1:1-465    -            155 119012at6656         -            146     2e-06   25.7   0.1   1   1   5.4e-08   2.8e-06   25.3   0.1    61   135    10    87     3   101 0.81 -
de_novo.Agm54242U_210819_213017_113706870_ccs.1:0-644     -            215 119012at6656         -            146   2.9e-06   25.2   0.0   1   1     8e-08   4.1e-06   24.7   0.0    23   127    17   128     8   140 0.72 -
de_novo.Agseq_107911.1:0-275                              -             92 119012at6656         -            146     3e-06   25.2   0.0   1   1   6.3e-08   3.2e-06   25.1   0.0    40   103     6    75     3    92 0.64 -
de_novo.Agm54242U_210909_035710_78448296_ccs.1:36-644     -            203 119012at6656         -            146   3.1e-06   25.1   0.0   1   1   8.2e-08   4.2e-06   24.7   0.0    29   127    11   116     1   129 0.71 -
de_novo.Agm54242Ue_220404_200923_126683054_ccs.1:54-467   -            138 119012at6656         -            146     4e-06   24.8   0.0   1   1     1e-07   5.2e-06   24.4   0.0    64   136    19    94     7   108 0.81 -
de_novo.Agm54242Ue_220404_200923_21628546_ccs.1:27-440    -            138 119012at6656         -            146     4e-06   24.8   0.0   1   1     1e-07   5.2e-06   24.4   0.0    64   136    19    94     7   108 0.81 -
de_novo.Agm54242U_210909_035710_13306263_ccs.1:27-632     -            202 119012at6656         -            146     4e-06   24.8   0.0   1   1   1.2e-07   5.9e-06   24.2   0.0    41   127    22   115     2   128 0.71 -
de_novo.Agm54242U_210819_213017_106498192_ccs.1:3-488     -            162 119012at6656         -            146   5.8e-06   24.2   0.0   1   1   1.4e-07   7.2e-06   23.9   0.0    24   133    17   133    10   146 0.74 -
de_novo.AGAP012108-RA.1:3-515                             -            171 119012at6656         -            146   6.7e-06   24.0   0.0   1   1   1.7e-07   8.6e-06   23.7   0.0    24   133    17   133    10   146 0.74 -
de_novo.AGAP000841-RA.1:0-785                             -            262 119012at6656         -            146   1.2e-05   23.2   0.0   1   1   4.1e-07   2.1e-05   22.4   0.0    61   125    56   122    46   145 0.83 -
de_novo.AGAP005302-RA.1:66-542                            -            159 119012at6656         -            146   1.5e-05   22.9   0.0   1   1   3.9e-07     2e-05   22.5   0.0    28   130    12   123     2   139 0.75 -
de_novo.Agseq_126015.1:27-509                             -            161 119012at6656         -            146   1.6e-05   22.8   0.0   1   1   3.4e-07   1.8e-05   22.7   0.0    29   126    12   117     1   142 0.70 -
de_novo.Agm54242U_210819_213017_76022766_ccs.1:27-509     -            161 119012at6656         -            146   1.6e-05   22.8   0.0   1   1   3.5e-07   1.8e-05   22.7   0.0    29   126    12   117     1   140 0.70 -
de_novo.Agseq_143212.1:3-266                              -             88 119012at6656         -            146   1.9e-05   22.6   0.1   1   1     4e-07     2e-05   22.5   0.1    52    91    41    82     4    87 0.71 -
de_novo.AGAP009846-RA.1:12-638                            -            209 119012at6656         -            146   5.1e-05   21.2   0.0   1   1   1.5e-06   7.6e-05   20.6   0.0    22   100    13    95     5   151 0.73 -
de_novo.Agm54242U_210819_213017_4784870_ccs.1:72-713      -            214 119012at6656         -            146   5.4e-05   21.1   0.1   1   2      0.01      0.51    8.2   0.0    20    75     3    62     1    65 0.76 -
de_novo.Agm54242U_210819_213017_4784870_ccs.1:72-713      -            214 119012at6656         -            146   5.4e-05   21.1   0.1   2   2    0.0014     0.071   11.0   0.0    70   135    86   153    75   168 0.74 -
de_novo.Agm54242Ue_220404_200923_130746701_ccs.1:4-399    -            132 119012at6656         -            146   6.3e-05   20.9   0.1   1   1   1.5e-06   7.9e-05   20.6   0.1    58   133    18    95     4   110 0.75 -
de_novo.Agseq_177835.1:21-506                             -            162 119012at6656         -            146   8.6e-05   20.4   0.0   1   1   2.6e-06   0.00013   19.8   0.0    62   127     7    75     2    89 0.74 -
de_novo.Agseq_112806.1:0-278                              -             93 119012at6656         -            146   8.8e-05   20.4   0.0   1   1   1.9e-06   9.8e-05   20.3   0.0    60   102     9    51     2    89 0.71 -
de_novo.Agm54242Ue_220404_200923_121046925_ccs.1:18-539   -            174 119012at6656         -            146   0.00013   19.8   0.0   1   1   4.3e-06   0.00022   19.1   0.0    20   135     2   123     1   134 0.75 -
de_novo.AGAP005160-RA.1:63-599                            -            179 119012at6656         -            146   0.00014   19.7   0.0   1   1   4.7e-06   0.00024   19.0   0.0    20   135     2   123     1   134 0.75 -
de_novo.Agm54242U_210819_213017_95226432_ccs.1:219-755    -            179 119012at6656         -            146   0.00014   19.7   0.0   1   1   4.7e-06   0.00024   19.0   0.0    20   135     2   123     1   134 0.75 -
de_novo.Agm54242Ue_220404_200923_163711144_ccs.1:45-581   -            179 119012at6656         -            146   0.00014   19.7   0.0   1   1   4.7e-06   0.00024   19.0   0.0    20   135     2   123     1   134 0.75 -
de_novo.Agm54242Ue_220404_200923_64096991_ccs.1:57-593    -            179 119012at6656         -            146   0.00014   19.7   0.0   1   1   4.7e-06   0.00024   19.0   0.0    20   135     2   123     1   134 0.75 -
de_novo.Agseq_173819.1:9-476                              -            156 119012at6656         -            146   0.00018   19.4   0.0   1   1   4.3e-06   0.00022   19.1   0.0    30   133    13   123     2   137 0.75 -
de_novo.Agm54242U_210819_213017_105383555_ccs.1:105-617   -            171 119012at6656         -            146   0.00022   19.1   0.0   1   1   5.8e-06    0.0003   18.7   0.0    30   133    13   123     2   137 0.75 -
de_novo.Agm54242U_210819_213017_174457445_ccs.1:149-661   -            171 119012at6656         -            146   0.00022   19.1   0.0   1   1   5.8e-06    0.0003   18.7   0.0    30   133    13   123     2   137 0.75 -
de_novo.Agm54242U_210909_035710_13435479_ccs.1:149-661    -            171 119012at6656         -            146   0.00022   19.1   0.0   1   1   5.8e-06    0.0003   18.7   0.0    30   133    13   123     2   137 0.75 -
de_novo.Agm54242Ue_220404_200923_2360756_ccs.1:236-748    -            171 119012at6656         -            146   0.00022   19.1   0.0   1   1   5.8e-06    0.0003   18.7   0.0    30   133    13   123     2   137 0.75 -
de_novo.Agseq_287707.1:0-521                              -            174 119012at6656         -            146   0.00025   18.9   0.0   1   1   6.7e-06   0.00034   18.5   0.0    62   103    14    55     5    93 0.84 -
de_novo.Agm54242Ue_220404_200923_108528818_ccs.1:21-446   -            142 119012at6656         -            146   0.00027   18.9   0.0   1   1   6.1e-06   0.00031   18.6   0.0    22   133     3   121     1   134 0.77 -
de_novo.Agm54242U_210819_213017_136513938_ccs.1:7-489     -            161 119012at6656         -            146   0.00031   18.7   0.0   1   1   7.6e-06   0.00039   18.3   0.0    37   133    10   113     1   128 0.75 -
de_novo.Agm54242Ue_220404_200923_43780068_ccs.1:15-485    -            157 119012at6656         -            146   0.00044   18.2   0.0   1   1     1e-05   0.00053   17.9   0.0    19   127     3   118     1   136 0.72 -
de_novo.Agseq_196954.1:12-566                             -            185 119012at6656         -            146   0.00048   18.0   0.0   1   1   1.1e-05   0.00059   17.7   0.0    38   134    21   124     3   136 0.71 -
de_novo.Agm54242Ue_220404_200923_177734239_ccs.1:0-254    -             85 119012at6656         -            146    0.0044   14.9   0.0   1   1   9.6e-05    0.0049   14.8   0.0    21    82    15    80     8    84 0.76 -
de_novo.Agm54242U_210909_035710_57147761_ccs.1:107-427    -            107 119012at6656         -            146    0.0047   14.8   0.0   1   1    0.0001    0.0051   14.7   0.0    19    75    11    70     5    95 0.84 -
de_novo.Agseq_139408.1:204-566                            -            121 119012at6656         -            146    0.0051   14.7   0.0   1   1    0.0008     0.041   11.8   0.0    60   131    13    99     2   109 0.72 -
de_novo.Agm54242U_210819_213017_51250242_ccs.1:126-461    -            112 119012at6656         -            146    0.0092   13.9   0.0   1   1   0.00019    0.0098   13.8   0.0    20    75     2    60     1    86 0.83 -
de_novo.Agm54242U_210909_035710_63701537_ccs.1:0-1817     -            606 119012at6656         -            146    0.0095   13.8   0.1   1   3      0.01      0.52    8.2   0.0    13   135     7   135     2   147 0.72 -
de_novo.Agm54242U_210909_035710_63701537_ccs.1:0-1817     -            606 119012at6656         -            146    0.0095   13.8   0.1   2   3       3.8   1.9e+02   -0.1   0.0   114   129   526   541   519   564 0.81 -
de_novo.Agm54242U_210909_035710_63701537_ccs.1:0-1817     -            606 119012at6656         -            146    0.0095   13.8   0.1   3   3         4     2e+02   -0.2   0.0    56    80   568   592   558   597 0.84 -
de_novo.Agm54242U_210819_213017_63832263_ccs.1:9-278      -             90 119012at6656         -            146      0.02   12.8   0.0   1   1    0.0004      0.02   12.8   0.0    28    93    11    79     1    89 0.75 -
de_novo.Agm54242Ue_220404_200923_21824597_ccs.1:209-680   -            132 119012at6656         -            146     0.023   12.6   0.1   1   1   0.00095     0.049   11.5   0.0    73   135    35    99    29   110 0.74 -
de_novo.Agm54242U_210909_035710_31131192_ccs.1:0-1889     -            630 119012at6656         -            146     0.038   11.9   0.0   1   2     0.011      0.56    8.1   0.0    13   135     7   135     2   147 0.72 -
de_novo.Agm54242U_210909_035710_31131192_ccs.1:0-1889     -            630 119012at6656         -            146     0.038   11.9   0.0   2   2       3.6   1.8e+02   -0.1   0.0   114   128   526   540   498   557 0.83 -
de_novo.AGAP009325-RA.1:30-629                            -            200 119012at6656         -            146     0.048   11.5   0.0   1   1    0.0011     0.059   11.3   0.0    55   126    41   116     4   143 0.71 -
de_novo.Agm54242U_210819_213017_118032799_ccs.1:21-515    -            165 119012at6656         -            146     0.057   11.3   0.0   1   1     0.011      0.55    8.1   0.0   114   132   128   146    42   162 0.89 -
#
# Program:         hmmsearch
# Version:         3.1b2 (February 2015)
# Pipeline mode:   SEARCH
# Query file:      /hpcdata/bcbb/homc/Barillaslab/Agam_hemo_transcriptomes/scripts/compare_txomes/busco/busco_downloads/lineages/arthropoda_odb10/hmms/119012at6656.hmm
# Target file:     /hpcdata/bcbb/homc/Barillaslab/Agam_hemo_transcriptomes/scripts/compare_txomes/busco/denovo_Agamhemo_BUSCO/run_arthropoda_odb10/metaeuk_output/initial_results/de_novo_transcriptome_with_genome_hits_and_expression_filtering.gffread.fa.modified.fas
# Option settings: hmmsearch --domtblout /hpcdata/bcbb/homc/Barillaslab/Agam_hemo_transcriptomes/scripts/compare_txomes/busco/denovo_Agamhemo_BUSCO/run_arthropoda_odb10/hmmer_output/initial_run_results/119012at6656.out --cpu 1 /hpcdata/bcbb/homc/Barillaslab/Agam_hemo_transcriptomes/scripts/compare_txomes/busco/busco_downloads/lineages/arthropoda_odb10/hmms/119012at6656.hmm /hpcdata/bcbb/homc/Barillaslab/Agam_hemo_transcriptomes/scripts/compare_txomes/busco/denovo_Agamhemo_BUSCO/run_arthropoda_odb10/metaeuk_output/initial_results/de_novo_transcriptome_with_genome_hits_and_expression_filtering.gffread.fa.modified.fas 
# Current dir:     /hpcdata/bcbb/homc/Barillaslab/Agam_hemo_transcriptomes/scripts/compare_txomes/busco
# Date:            Sun Jan 29 12:57:12 2023
# [ok]
