#                                                                                                                 --- full sequence --- -------------- this domain -------------   hmm coord   ali coord   env coord
# target name                                             accession   tlen query name           accession   qlen   E-value  score  bias   #  of  c-Evalue  i-Evalue  score  bias  from    to  from    to  from    to  acc description of target
#                                     ------------------- ---------- ----- -------------------- ---------- ----- --------- ------ ----- --- --- --------- --------- ------ ----- ----- ----- ----- ----- ----- ----- ---- ---------------------
de_novo.Agseq_189906.1:58-3474                            -           1139 123631at6656         -            117   7.9e-43  143.6  14.7   1  13       2.5   1.5e+02    0.8   0.0    55    81   217   244   208   267 0.62 -
de_novo.Agseq_189906.1:58-3474                            -           1139 123631at6656         -            117   7.9e-43  143.6  14.7   2  13     0.006      0.36    9.2   0.0    30   106   260   342   240   353 0.77 -
de_novo.Agseq_189906.1:58-3474                            -           1139 123631at6656         -            117   7.9e-43  143.6  14.7   3  13   1.6e-05   0.00097   17.5   0.0    14    51   356   393   352   403 0.85 -
de_novo.Agseq_189906.1:58-3474                            -           1139 123631at6656         -            117   7.9e-43  143.6  14.7   4  13   0.00033      0.02   13.3   0.2    16    86   469   545   450   550 0.75 -
de_novo.Agseq_189906.1:58-3474                            -           1139 123631at6656         -            117   7.9e-43  143.6  14.7   5  13   1.5e-05   0.00092   17.6   0.0    30    96   559   629   548   635 0.82 -
de_novo.Agseq_189906.1:58-3474                            -           1139 123631at6656         -            117   7.9e-43  143.6  14.7   6  13     0.019       1.1    7.6   0.0    27    86   622   684   619   691 0.82 -
de_novo.Agseq_189906.1:58-3474                            -           1139 123631at6656         -            117   7.9e-43  143.6  14.7   7  13       0.2        12    4.3   0.0    30    55   695   720   690   725 0.89 -
de_novo.Agseq_189906.1:58-3474                            -           1139 123631at6656         -            117   7.9e-43  143.6  14.7   8  13   7.3e-08   4.4e-06   25.1   0.2    54    97   734   778   728   780 0.86 -
de_novo.Agseq_189906.1:58-3474                            -           1139 123631at6656         -            117   7.9e-43  143.6  14.7   9  13   5.8e-05    0.0034   15.7   0.0    23    97   766   846   765   850 0.82 -
de_novo.Agseq_189906.1:58-3474                            -           1139 123631at6656         -            117   7.9e-43  143.6  14.7  10  13   0.00079     0.047   12.1   0.0    21    99   798   883   789   883 0.75 -
de_novo.Agseq_189906.1:58-3474                            -           1139 123631at6656         -            117   7.9e-43  143.6  14.7  11  13   1.1e-09   6.7e-08   30.9   0.1    19    97   865   947   858   948 0.87 -
de_novo.Agseq_189906.1:58-3474                            -           1139 123631at6656         -            117   7.9e-43  143.6  14.7  12  13   2.2e-05    0.0013   17.1   0.0    23    79   935   995   933  1022 0.75 -
de_novo.Agseq_189906.1:58-3474                            -           1139 123631at6656         -            117   7.9e-43  143.6  14.7  13  13      0.52        31    3.0   0.0    19    92   965  1048   956  1065 0.56 -
de_novo.Agseq_165483.1:1491-1919                          -            143 123631at6656         -            117   5.4e-29   98.9   0.1   1   2   4.5e-16   2.7e-14   51.5   0.0     2    86     3    97     2    99 0.81 -
de_novo.Agseq_165483.1:1491-1919                          -            143 123631at6656         -            117   5.4e-29   98.9   0.1   2   2   3.9e-16   2.3e-14   51.8   0.0    25    97    66   142    63   143 0.88 -
de_novo.Agseq_165483.1:1962-2375                          -            138 123631at6656         -            117   1.8e-26   90.8   3.8   1   2   1.6e-18   9.5e-17   59.5   0.8     3    98     2   106     1   107 0.86 -
de_novo.Agseq_165483.1:1962-2375                          -            138 123631at6656         -            117   1.8e-26   90.8   3.8   2   2   4.7e-12   2.8e-10   38.6   0.1    25    97    62   138    62   138 0.88 -
de_novo.Agm54242U_210909_035710_61342884_ccs.1:18-422     -            135 123631at6656         -            117   6.6e-26   89.0   2.5   1   2   5.9e-17   3.5e-15   54.4   0.3    20    97    20   101     9   102 0.90 -
de_novo.Agm54242U_210909_035710_61342884_ccs.1:18-422     -            135 123631at6656         -            117   6.6e-26   89.0   2.5   2   2     9e-13   5.3e-11   40.9   0.1    31    95    64   132    63   135 0.89 -
de_novo.Agseq_170071.1:39-371                             -            111 123631at6656         -            117   3.1e-25   86.8   2.7   1   2   3.4e-16   2.1e-14   51.9   0.3    25    97     1    77     1    78 0.91 -
de_novo.Agseq_170071.1:39-371                             -            111 123631at6656         -            117   3.1e-25   86.8   2.7   2   2   7.5e-13   4.5e-11   41.2   0.1    31    95    40   108    40   111 0.90 -
de_novo.Agseq_124.1:2-373                                 -            124 123631at6656         -            117   1.8e-24   84.4   1.5   1   1   4.2e-25   2.5e-23   80.7   1.5    37   117     1   102     1   102 0.76 -
de_novo.Agseq_116273.1:73-423                             -            117 123631at6656         -            117     1e-22   78.7   0.0   1   2   5.5e-13   3.3e-11   41.6   0.0    28    98     8    82     5    82 0.91 -
de_novo.Agseq_116273.1:73-423                             -            117 123631at6656         -            117     1e-22   78.7   0.0   2   2   7.4e-13   4.4e-11   41.2   0.0    22    98    35   115    33   116 0.88 -
de_novo.Agseq_91592.1:289-639                             -            117 123631at6656         -            117     1e-22   78.7   0.0   1   2   5.5e-13   3.3e-11   41.6   0.0    28    98     8    82     5    82 0.91 -
de_novo.Agseq_91592.1:289-639                             -            117 123631at6656         -            117     1e-22   78.7   0.0   2   2   7.4e-13   4.4e-11   41.2   0.0    22    98    35   115    33   116 0.88 -
de_novo.Agm54242U_210909_035710_178455403_ccs.1:2367-2852 -            162 123631at6656         -            117   2.5e-21   74.2   0.1   1   3   8.5e-12   5.1e-10   37.7   0.0    30    94     2    70     1    70 0.91 -
de_novo.Agm54242U_210909_035710_178455403_ccs.1:2367-2852 -            162 123631at6656         -            117   2.5e-21   74.2   0.1   2   3   3.4e-10     2e-08   32.6   0.0    29    84    67   126    65   130 0.90 -
de_novo.Agm54242U_210909_035710_178455403_ccs.1:2367-2852 -            162 123631at6656         -            117   2.5e-21   74.2   0.1   3   3      0.84        50    2.3   0.0    26    49   131   154   128   160 0.89 -
de_novo.Agseq_165483.1:63-557                             -            165 123631at6656         -            117   2.5e-20   71.0   0.0   1   2     6e-16   3.6e-14   51.2   0.0     2    87    25   118    24   122 0.87 -
de_novo.Agseq_165483.1:63-557                             -            165 123631at6656         -            117   2.5e-20   71.0   0.0   2   2   5.2e-06   0.00031   19.1   0.0    25    57   119   151   115   162 0.88 -
de_novo.Agseq_115162.1:342-740                            -            133 123631at6656         -            117     3e-19   67.5   0.0   1   2   4.6e-06   0.00028   19.3   0.0     2    58     2    61     1    64 0.86 -
de_novo.Agseq_115162.1:342-740                            -            133 123631at6656         -            117     3e-19   67.5   0.0   2   2   1.6e-14   9.5e-13   46.6   0.1    30    89    66   128    62   131 0.92 -
de_novo.Agm54242U_210909_035710_94570538_ccs.1:636-1154   -            173 123631at6656         -            117   1.1e-18   65.7   1.2   1   3   1.1e-08   6.5e-07   27.7   0.0    14    57    14    57     2    67 0.84 -
de_novo.Agm54242U_210909_035710_94570538_ccs.1:636-1154   -            173 123631at6656         -            117   1.1e-18   65.7   1.2   2   3   4.2e-05    0.0025   16.2   0.0    64    97   100   135    74   137 0.68 -
de_novo.Agm54242U_210909_035710_94570538_ccs.1:636-1154   -            173 123631at6656         -            117   1.1e-18   65.7   1.2   3   3   5.3e-10   3.2e-08   32.0   0.1    28    98    98   169    95   171 0.83 -
de_novo.Agseq_186723.1:279-797                            -            173 123631at6656         -            117   1.1e-17   62.5   0.5   1   3   3.4e-05     0.002   16.5   0.0    54    94    22    63    13    64 0.87 -
de_novo.Agseq_186723.1:279-797                            -            173 123631at6656         -            117   1.1e-17   62.5   0.5   2   3   2.9e-10   1.7e-08   32.8   0.0    28    96    59   129    55   130 0.81 -
de_novo.Agseq_186723.1:279-797                            -            173 123631at6656         -            117   1.1e-17   62.5   0.5   3   3   3.6e-07   2.2e-05   22.8   0.1    40    92   102   158    92   166 0.81 -
de_novo.Agm54242U_210909_035710_25430449_ccs.1:219-617    -            133 123631at6656         -            117   5.1e-17   60.3   0.7   1   2   1.3e-13   7.8e-12   43.6   0.1     4    99     2   106     1   109 0.85 -
de_novo.Agm54242U_210909_035710_25430449_ccs.1:219-617    -            133 123631at6656         -            117   5.1e-17   60.3   0.7   2   2   9.3e-07   5.6e-05   21.5   0.0    30    90    66   129    62   132 0.85 -
de_novo.AGAP003839-RA.1:525-893                           -            123 123631at6656         -            117   7.2e-17   59.8   1.5   1   3   6.5e-05    0.0039   15.6   0.1    61    91     5    35     1    39 0.77 -
de_novo.AGAP003839-RA.1:525-893                           -            123 123631at6656         -            117   7.2e-17   59.8   1.5   2   3   6.5e-06   0.00039   18.8   0.0    29    56    36    63    33    66 0.91 -
de_novo.AGAP003839-RA.1:525-893                           -            123 123631at6656         -            117   7.2e-17   59.8   1.5   3   3   3.2e-08   1.9e-06   26.2   0.1    22    80    62   123    60   123 0.87 -
de_novo.Agseq_114149.1:251-619                            -            123 123631at6656         -            117   7.2e-17   59.8   1.5   1   3   6.5e-05    0.0039   15.6   0.1    61    91     5    35     1    39 0.77 -
de_novo.Agseq_114149.1:251-619                            -            123 123631at6656         -            117   7.2e-17   59.8   1.5   2   3   6.5e-06   0.00039   18.8   0.0    29    56    36    63    33    66 0.91 -
de_novo.Agseq_114149.1:251-619                            -            123 123631at6656         -            117   7.2e-17   59.8   1.5   3   3   3.2e-08   1.9e-06   26.2   0.1    22    80    62   123    60   123 0.87 -
de_novo.Agseq_175529.1:48-488                             -            147 123631at6656         -            117   1.1e-16   59.2   0.1   1   1   6.3e-18   3.8e-16   57.5   0.1     4    98    35   137    33   144 0.82 -
de_novo.Agm54242U_210909_035710_50988558_ccs.1:213-503    -             97 123631at6656         -            117   1.6e-16   58.7   0.7   1   1     3e-18   1.8e-16   58.5   0.7     3    87     1    92     1    97 0.86 -
de_novo.AGAP007537-RA.1:10887-11222                       -            112 123631at6656         -            117   2.9e-16   57.9   0.0   1   1   6.1e-18   3.6e-16   57.6   0.0    19    98    19   102    11   109 0.89 -
de_novo.AGAP029520-RA.1:264-578                           -            105 123631at6656         -            117   1.1e-15   56.0   0.1   1   1   2.6e-17   1.6e-15   55.5   0.1     6    98     1   101     1   104 0.86 -
de_novo.Agseq_182406.1:246-560                            -            105 123631at6656         -            117   1.1e-15   56.0   0.1   1   1   2.6e-17   1.6e-15   55.5   0.1     6    98     1   101     1   104 0.86 -
de_novo.AGAP003013-RA.1:5112-5594                         -            161 123631at6656         -            117   2.1e-15   55.1   1.5   1   2   6.2e-06   0.00037   18.9   0.0    22    79     4    64     2    74 0.88 -
de_novo.AGAP003013-RA.1:5112-5594                         -            161 123631at6656         -            117   2.1e-15   55.1   1.5   2   2   4.7e-11   2.8e-09   35.4   1.2    20    98    78   160    61   161 0.85 -
de_novo.Agm54242U_210819_213017_90441757_ccs.1:114-539    -            142 123631at6656         -            117   2.4e-15   54.9   0.2   1   3     5e-06    0.0003   19.2   0.0     3    56     5    61     3    64 0.83 -
de_novo.Agm54242U_210819_213017_90441757_ccs.1:114-539    -            142 123631at6656         -            117   2.4e-15   54.9   0.2   2   3   3.3e-06    0.0002   19.7   0.0    24    54    62    92    57    95 0.89 -
de_novo.Agm54242U_210819_213017_90441757_ccs.1:114-539    -            142 123631at6656         -            117   2.4e-15   54.9   0.2   3   3   0.00026     0.016   13.6   0.0    25    50    96   121    94   134 0.89 -
de_novo.Agseq_77494.1:84-458                              -            125 123631at6656         -            117   5.3e-15   53.8   0.7   1   2   1.4e-15   8.2e-14   50.0   0.8     6    95     1    98     1   101 0.87 -
de_novo.Agseq_77494.1:84-458                              -            125 123631at6656         -            117   5.3e-15   53.8   0.7   2   2     0.039       2.3    6.6   0.0    25    49    90   114    88   117 0.85 -
de_novo.Agm54242U_210909_035710_50988558_ccs.1:525-905    -            127 123631at6656         -            117   6.5e-15   53.5   0.1   1   1   1.4e-16   8.4e-15   53.2   0.1    20    89    46   118    21   126 0.81 -
de_novo.Agseq_157873.1:1-336                              -            112 123631at6656         -            117   1.2e-14   52.6   5.2   1   2   3.6e-11   2.2e-09   35.7   0.8    22    98     2    82     1    84 0.90 -
de_novo.Agseq_157873.1:1-336                              -            112 123631at6656         -            117   1.2e-14   52.6   5.2   2   2   7.3e-08   4.3e-06   25.1   0.3    25    87    38   103    35   109 0.72 -
de_novo.Agseq_124547.1:1950-2297                          -            116 123631at6656         -            117   3.5e-14   51.2   0.3   1   1   7.4e-16   4.4e-14   50.8   0.3    25    97    27   104     4   112 0.84 -
de_novo.Agseq_157995.1:164-751                            -            196 123631at6656         -            117   3.6e-14   51.1   0.1   1   3       1.2        70    1.8   0.0    62    86     6    30     2    34 0.55 -
de_novo.Agseq_157995.1:164-751                            -            196 123631at6656         -            117   3.6e-14   51.1   0.1   2   3     7e-11   4.2e-09   34.8   0.1    19    97    28   110    23   111 0.87 -
de_novo.Agseq_157995.1:164-751                            -            196 123631at6656         -            117   3.6e-14   51.1   0.1   3   3   1.2e-06   7.4e-05   21.1   0.0    23    80    98   159    96   186 0.74 -
de_novo.Agm54242U_210819_213017_24839179_ccs.1:2220-2657  -            146 123631at6656         -            117   3.6e-14   51.1   0.0   1   1   7.5e-16   4.5e-14   50.8   0.0     3    88    47   139    45   146 0.85 -
de_novo.Agm54242U_210909_035710_131270215_ccs.1:881-1318  -            146 123631at6656         -            117   3.6e-14   51.1   0.0   1   1   7.5e-16   4.5e-14   50.8   0.0     3    88    47   139    45   146 0.85 -
de_novo.Agm54242U_210909_035710_176161403_ccs.1:2530-2889 -            120 123631at6656         -            117   4.7e-14   50.8   0.0   1   2   5.5e-10   3.3e-08   31.9   0.0    42    98     1    62     1    63 0.83 -
de_novo.Agm54242U_210909_035710_176161403_ccs.1:2530-2889 -            120 123631at6656         -            117   4.7e-14   50.8   0.0   2   2   6.1e-06   0.00036   18.9   0.0     6    55    61   114    60   117 0.86 -
de_novo.Agseq_184443.1:2337-2696                          -            120 123631at6656         -            117   5.2e-14   50.6   0.0   1   2   2.4e-11   1.4e-09   36.3   0.0     3    92     6   103     4   105 0.81 -
de_novo.Agseq_184443.1:2337-2696                          -            120 123631at6656         -            117   5.2e-14   50.6   0.0   2   2   8.4e-06    0.0005   18.4   0.0    21    75    61   118    59   120 0.80 -
de_novo.Agm54242U_210909_035710_178455403_ccs.1:1377-1784 -            136 123631at6656         -            117   6.2e-14   50.4   0.2   1   2   0.00038     0.023   13.1   0.0    32    85     4    60     2    66 0.77 -
de_novo.Agm54242U_210909_035710_178455403_ccs.1:1377-1784 -            136 123631at6656         -            117   6.2e-14   50.4   0.2   2   2   4.5e-11   2.7e-09   35.4   0.0    27    93    66   136    60   136 0.87 -
de_novo.Agm54242U_210909_035710_176620422_ccs.1:459-803   -            115 123631at6656         -            117   7.1e-14   50.2   0.0   1   1   1.6e-15   9.4e-14   49.8   0.0     3    98     4   108     2   113 0.87 -
de_novo.Agm54242U_210909_035710_36177535_ccs.1:122-556    -            145 123631at6656         -            117   7.6e-14   50.1   4.8   1   2   1.1e-08   6.5e-07   27.7   2.7    28    98     4    78     1    79 0.89 -
de_novo.Agm54242U_210909_035710_36177535_ccs.1:122-556    -            145 123631at6656         -            117   7.6e-14   50.1   4.8   2   2   7.6e-10   4.5e-08   31.5   0.2    26    93    68   145    67   145 0.80 -
de_novo.AGAP000810-RA.1:0-8387                            -           2796 123631at6656         -            117   8.2e-14   50.0   4.4   1   4   1.8e-06    0.0001   20.6   1.6     5    97    20   124    16   146 0.78 -
de_novo.AGAP000810-RA.1:0-8387                            -           2796 123631at6656         -            117   8.2e-14   50.0   4.4   2   4   3.8e-06   0.00023   19.5   0.1    26    80   219   277   189   280 0.75 -
de_novo.AGAP000810-RA.1:0-8387                            -           2796 123631at6656         -            117   8.2e-14   50.0   4.4   3   4       2.4   1.4e+02    0.8   0.0    31    85   429   453   415   459 0.61 -
de_novo.AGAP000810-RA.1:0-8387                            -           2796 123631at6656         -            117   8.2e-14   50.0   4.4   4   4       4.8   2.8e+02   -0.1   0.0    31    56   478   503   473   530 0.80 -
de_novo.Agseq_49268.1:225-584                             -            120 123631at6656         -            117   3.5e-13   48.0   0.0   1   2   8.1e-10   4.8e-08   31.4   0.0    29    89     1    66     1    74 0.88 -
de_novo.Agseq_49268.1:225-584                             -            120 123631at6656         -            117   3.5e-13   48.0   0.0   2   2   5.3e-05    0.0032   15.8   0.0    25    62    66   103    64   112 0.83 -
de_novo.seqSigP-59955.1:1020-1379                         -            120 123631at6656         -            117   3.5e-13   48.0   0.0   1   2   8.1e-10   4.8e-08   31.4   0.0    29    89     1    66     1    74 0.88 -
de_novo.seqSigP-59955.1:1020-1379                         -            120 123631at6656         -            117   3.5e-13   48.0   0.0   2   2   5.3e-05    0.0032   15.8   0.0    25    62    66   103    64   112 0.83 -
de_novo.Agm54242U_210909_035710_52299237_ccs.1:13-486     -            158 123631at6656         -            117   8.8e-13   46.7   0.8   1   3    0.0045      0.27    9.6   0.0     6    55     3    61     1    65 0.65 -
de_novo.Agm54242U_210909_035710_52299237_ccs.1:13-486     -            158 123631at6656         -            117   8.8e-13   46.7   0.8   2   3   4.7e-09   2.8e-07   28.9   0.3    54    97    75   119    70   121 0.86 -
de_novo.Agm54242U_210909_035710_52299237_ccs.1:13-486     -            158 123631at6656         -            117   8.8e-13   46.7   0.8   3   3   0.00034      0.02   13.2   0.0    23    50   107   134   106   153 0.87 -
de_novo.AGAP006747-RA.1:2331-2780                         -            150 123631at6656         -            117   3.5e-12   44.7   0.1   1   2   0.00015     0.009   14.4   0.0    25    51    37    63    33    70 0.88 -
de_novo.AGAP006747-RA.1:2331-2780                         -            150 123631at6656         -            117   3.5e-12   44.7   0.1   2   2   1.5e-06   9.1e-05   20.8   0.0    24    97    70   150    64   150 0.79 -
de_novo.Agm54242U_210909_035710_59312731_ccs.1:732-1181   -            150 123631at6656         -            117   3.5e-12   44.7   0.1   1   2   0.00015     0.009   14.4   0.0    25    51    37    63    33    70 0.88 -
de_novo.Agm54242U_210909_035710_59312731_ccs.1:732-1181   -            150 123631at6656         -            117   3.5e-12   44.7   0.1   2   2   1.5e-06   9.1e-05   20.8   0.0    24    97    70   150    64   150 0.79 -
de_novo.Agseq_149543.1:1983-2432                          -            150 123631at6656         -            117   3.5e-12   44.7   0.1   1   2   0.00015     0.009   14.4   0.0    25    51    37    63    33    70 0.88 -
de_novo.Agseq_149543.1:1983-2432                          -            150 123631at6656         -            117   3.5e-12   44.7   0.1   2   2   1.5e-06   9.1e-05   20.8   0.0    24    97    70   150    64   150 0.79 -
de_novo.Agm54242U_210909_035710_104598025_ccs.1:315-602   -             96 123631at6656         -            117   1.3e-11   42.9   0.0   1   2   2.4e-09   1.4e-07   29.9   0.0    25    90     1    69     1    74 0.82 -
de_novo.Agm54242U_210909_035710_104598025_ccs.1:315-602   -             96 123631at6656         -            117   1.3e-11   42.9   0.0   2   2   0.00046     0.027   12.8   0.0    25    54    67    96    64    96 0.92 -
de_novo.Agm54242Ue_220404_200923_97323509_ccs.1:396-764   -            123 123631at6656         -            117   1.3e-11   42.9   0.3   1   2   0.00027     0.016   13.6   0.0     5    55     8    62     4    63 0.78 -
de_novo.Agm54242Ue_220404_200923_97323509_ccs.1:396-764   -            123 123631at6656         -            117   1.3e-11   42.9   0.3   2   2     2e-09   1.2e-07   30.1   0.1    20    79    60   122    59   123 0.88 -
de_novo.AGAP009822-RA.1:105-581                           -            159 123631at6656         -            117   1.5e-11   42.7   0.1   1   1   1.8e-12   1.1e-10   39.9   0.1    16    98    39   125    26   159 0.85 -
de_novo.Agm54242Ue_220404_200923_9701261_ccs.1:93-569     -            159 123631at6656         -            117   1.5e-11   42.7   0.1   1   1   1.8e-12   1.1e-10   39.9   0.1    16    98    39   125    26   159 0.85 -
de_novo.Agm54242U_210909_035710_128124569_ccs.1:4-360     -            119 123631at6656         -            117   2.3e-11   42.1   0.1   1   2    0.0021      0.13   10.7   0.0    33    55     2    24     1    33 0.87 -
de_novo.Agm54242U_210909_035710_128124569_ccs.1:4-360     -            119 123631at6656         -            117   2.3e-11   42.1   0.1   2   2   2.1e-09   1.3e-07   30.0   0.1    31    97    33   102    22   109 0.87 -
de_novo.Agm54242U_210909_035710_104598025_ccs.1:724-969   -             82 123631at6656         -            117   4.5e-11   41.1   0.0   1   1   9.1e-13   5.4e-11   40.9   0.0    29    98     2    75     1    80 0.90 -
de_novo.Agm54242U_210819_213017_172296960_ccs.1:48-374    -            109 123631at6656         -            117   4.8e-11   41.1   0.0   1   1   9.2e-13   5.5e-11   40.9   0.0    27    97    17    91    11   107 0.86 -
de_novo.Agseq_175529.1:564-890                            -            109 123631at6656         -            117   4.8e-11   41.1   0.0   1   1   9.2e-13   5.5e-11   40.9   0.0    27    97    17    91    11   107 0.86 -
de_novo.AGAP007703-RA.1:300-569                           -             90 123631at6656         -            117   2.7e-10   38.7   0.0   1   1   1.2e-11     7e-10   37.3   0.0     2    81     3    90     2    90 0.84 -
de_novo.Agm54242Ue_220404_200923_141100835_ccs.1:300-569  -             90 123631at6656         -            117   2.7e-10   38.7   0.0   1   1   1.2e-11     7e-10   37.3   0.0     2    81     3    90     2    90 0.84 -
de_novo.Agm54242U_210819_213017_27200343_ccs.1:141-461    -            107 123631at6656         -            117   5.5e-10   37.6   0.0   1   1   1.1e-11   6.7e-10   37.4   0.0    22   115     4   101     2   103 0.85 -
de_novo.Agseq_77493.1:1305-1619                           -            105 123631at6656         -            117   6.1e-10   37.5   0.1   1   2   0.00015    0.0087   14.4   0.0     5    55     8    62     4    64 0.78 -
de_novo.Agseq_77493.1:1305-1619                           -            105 123631at6656         -            117   6.1e-10   37.5   0.1   2   2   1.4e-07   8.7e-06   24.1   0.0    20    56    60    96    59   104 0.91 -
de_novo.Agseq_91658.1:264-572                             -            103 123631at6656         -            117   6.5e-10   37.4   0.1   1   1   1.4e-11   8.5e-10   37.0   0.1    31    98    30   102    19   103 0.83 -
de_novo.Agm54242U_210819_213017_89718936_ccs.1:713-1150   -            146 123631at6656         -            117   6.9e-10   37.3   0.1   1   3     0.002      0.12   10.7   0.0    12    41     7    36     2    42 0.85 -
de_novo.Agm54242U_210819_213017_89718936_ccs.1:713-1150   -            146 123631at6656         -            117   6.9e-10   37.3   0.1   2   3   5.1e-07     3e-05   22.4   0.0    66    98    44    77    39    81 0.89 -
de_novo.Agm54242U_210819_213017_89718936_ccs.1:713-1150   -            146 123631at6656         -            117   6.9e-10   37.3   0.1   3   3       2.5   1.5e+02    0.7   0.0    73    86    86    99    82   120 0.72 -
de_novo.Agm54242Ue_220404_200923_107285018_ccs.1:2-1183   -            394 123631at6656         -            117   7.5e-10   37.2   0.1   1   1   2.6e-11   1.5e-09   36.2   0.1    20    98    55   138    31   148 0.79 -
de_novo.Agseq_165483.1:654-833                            -             60 123631at6656         -            117   7.7e-10   37.2   0.0   1   1   2.3e-11   1.4e-09   36.4   0.0    37    86     9    60     2    60 0.88 -
de_novo.Agseq_147815.1:0-1247                             -            416 123631at6656         -            117   8.2e-10   37.1   0.1   1   1   2.8e-11   1.7e-09   36.1   0.1    20    98    56   139    32   149 0.79 -
de_novo.Agseq_84617.1:150-530                             -            127 123631at6656         -            117   8.7e-10   37.0   0.1   1   2   4.1e-11   2.4e-09   35.6   0.1    27    98    22    99     8   101 0.84 -
de_novo.Agseq_84617.1:150-530                             -            127 123631at6656         -            117   8.7e-10   37.0   0.1   2   2      0.35        21    3.5   0.1    25    49    88   113    85   122 0.69 -
de_novo.Agm54242U_210909_035710_9306746_ccs.1:405-956     -            184 123631at6656         -            117   1.2e-09   36.6   0.2   1   2   1.6e-05   0.00097   17.5   0.0    28    83    27    85     9    94 0.75 -
de_novo.Agm54242U_210909_035710_9306746_ccs.1:405-956     -            184 123631at6656         -            117   1.2e-09   36.6   0.2   2   2   3.4e-07     2e-05   22.9   0.1    20    97    52   149    50   156 0.75 -
de_novo.Agm54242Ue_220404_200923_107088668_ccs.1:399-950  -            184 123631at6656         -            117   1.2e-09   36.6   0.2   1   2   1.6e-05   0.00097   17.5   0.0    28    83    27    85     9    94 0.75 -
de_novo.Agm54242Ue_220404_200923_107088668_ccs.1:399-950  -            184 123631at6656         -            117   1.2e-09   36.6   0.2   2   2   3.4e-07     2e-05   22.9   0.1    20    97    52   149    50   156 0.75 -
de_novo.Agseq_73570.1:211-531                             -            107 123631at6656         -            117   1.5e-09   36.2   0.0   1   1   5.2e-11   3.1e-09   35.2   0.0    15    98    11    98     3   104 0.87 -
de_novo.Agseq_124547.1:1560-1844                          -             95 123631at6656         -            117   1.8e-09   36.0   0.1   1   1   2.6e-10   1.6e-08   32.9   0.1    11    94     4    95     1    95 0.80 -
de_novo.Agm54242U_210909_035710_11537204_ccs.1:979-1329   -            117 123631at6656         -            117     1e-08   33.6   0.1   1   2   2.7e-09   1.6e-07   29.7   0.0    57    99    14    57     1    65 0.88 -
de_novo.Agm54242U_210909_035710_11537204_ccs.1:979-1329   -            117 123631at6656         -            117     1e-08   33.6   0.1   2   2       0.5        30    3.0   0.0    15    47    68   100    55   107 0.64 -
de_novo.Agm54242U_210819_213017_101452176_ccs.1:413-691   -             93 123631at6656         -            117   1.2e-08   33.4   0.8   1   1   4.4e-09   2.7e-07   29.0   0.1    14    56    47    89    38    93 0.85 -
de_novo.Agm54242Ue_220404_200923_29164563_ccs.1:1146-1451 -            102 123631at6656         -            117   2.3e-08   32.4   0.0   1   1   4.5e-10   2.7e-08   32.2   0.0    19    94    22    99     7   102 0.88 -
de_novo.Agseq_130617.1:1173-1478                          -            102 123631at6656         -            117   2.3e-08   32.4   0.0   1   1   4.5e-10   2.7e-08   32.2   0.0    19    94    22    99     7   102 0.88 -
de_novo.seqSigP-55042.1:297-602                           -            102 123631at6656         -            117   2.3e-08   32.4   0.0   1   1   4.5e-10   2.7e-08   32.2   0.0    19    94    22    99     7   102 0.88 -
de_novo.Agm54242U_210819_213017_173082418_ccs.1:1455-1715 -             87 123631at6656         -            117   4.6e-08   31.4   0.4   1   1   1.4e-09   8.6e-08   30.6   0.4    20    82    22    87     2    87 0.79 -
de_novo.Agm54242Ue_220404_200923_110495367_ccs.1:869-1129 -             87 123631at6656         -            117   4.6e-08   31.4   0.4   1   1   1.4e-09   8.6e-08   30.6   0.4    20    82    22    87     2    87 0.79 -
de_novo.Agseq_91417.1:1455-1715                           -             87 123631at6656         -            117   4.6e-08   31.4   0.4   1   1   1.4e-09   8.6e-08   30.6   0.4    20    82    22    87     2    87 0.79 -
de_novo.Agseq_41665.1:190-327                             -             46 123631at6656         -            117   7.8e-08   30.7   0.0   1   1   1.6e-09   9.9e-08   30.4   0.0    40    82     1    46     1    46 0.89 -
de_novo.AGAP000752-RA.1:405-758                           -            118 123631at6656         -            117   1.6e-07   29.7   0.0   1   1   3.5e-09   2.1e-07   29.3   0.0    24    92    30   103    12   112 0.76 -
de_novo.Agm54242U_210909_035710_176620422_ccs.1:579-752   -             58 123631at6656         -            117   1.7e-07   29.6   0.0   1   1     3e-09   1.8e-07   29.5   0.0    35    87     1    56     1    58 0.91 -
de_novo.AGAP010934-RA.1:4827-5330                         -            168 123631at6656         -            117   2.8e-07   28.9   0.0   1   3   0.00085      0.05   12.0   0.0    60    96    10    47     2    57 0.64 -
de_novo.AGAP010934-RA.1:4827-5330                         -            168 123631at6656         -            117   2.8e-07   28.9   0.0   2   3    0.0002     0.012   14.0   0.0    62    99    91   129    83   138 0.86 -
de_novo.AGAP010934-RA.1:4827-5330                         -            168 123631at6656         -            117   2.8e-07   28.9   0.0   3   3       8.2   4.9e+02   -0.9   0.0    68    84   133   149   129   165 0.59 -
de_novo.Agm54242Ue_220404_200923_76480666_ccs.1:467-970   -            168 123631at6656         -            117   2.8e-07   28.9   0.0   1   3   0.00085      0.05   12.0   0.0    60    96    10    47     2    57 0.64 -
de_novo.Agm54242Ue_220404_200923_76480666_ccs.1:467-970   -            168 123631at6656         -            117   2.8e-07   28.9   0.0   2   3    0.0002     0.012   14.0   0.0    62    99    91   129    83   138 0.86 -
de_novo.Agm54242Ue_220404_200923_76480666_ccs.1:467-970   -            168 123631at6656         -            117   2.8e-07   28.9   0.0   3   3       8.2   4.9e+02   -0.9   0.0    68    84   133   149   129   165 0.59 -
de_novo.Agseq_69093.1:4827-5330                           -            168 123631at6656         -            117   2.8e-07   28.9   0.0   1   3   0.00085      0.05   12.0   0.0    60    96    10    47     2    57 0.64 -
de_novo.Agseq_69093.1:4827-5330                           -            168 123631at6656         -            117   2.8e-07   28.9   0.0   2   3    0.0002     0.012   14.0   0.0    62    99    91   129    83   138 0.86 -
de_novo.Agseq_69093.1:4827-5330                           -            168 123631at6656         -            117   2.8e-07   28.9   0.0   3   3       8.2   4.9e+02   -0.9   0.0    68    84   133   149   129   165 0.59 -
de_novo.Agm54242U_210909_035710_175571831_ccs.1:1579-1890 -            104 123631at6656         -            117   3.9e-07   28.5   0.1   1   2     8e-06   0.00048   18.5   0.0    59    97     5    44     1    64 0.87 -
de_novo.Agm54242U_210909_035710_175571831_ccs.1:1579-1890 -            104 123631at6656         -            117   3.9e-07   28.5   0.1   2   2    0.0077      0.46    8.9   0.0    24    85    66    98    46   103 0.60 -
de_novo.Agm54242Ue_220404_200923_97323509_ccs.1:930-1202  -             91 123631at6656         -            117   1.6e-06   26.5   0.0   1   1   2.9e-08   1.7e-06   26.4   0.0    24    88    20    88     2    91 0.82 -
de_novo.Agseq_77494.1:495-767                             -             91 123631at6656         -            117   1.6e-06   26.5   0.0   1   1   2.9e-08   1.7e-06   26.4   0.0    24    88    20    88     2    91 0.82 -
de_novo.Agm54242U_210819_213017_97388907_ccs.1:30-317     -             96 123631at6656         -            117   1.6e-06   26.5   0.0   1   1   3.9e-08   2.3e-06   26.0   0.0    21    86    16    84     1    91 0.83 -
de_novo.Agm54242U_210909_035710_44894601_ccs.1:30-317     -             96 123631at6656         -            117   1.6e-06   26.5   0.0   1   1   3.9e-08   2.3e-06   26.0   0.0    21    86    16    84     1    91 0.83 -
de_novo.Agseq_104303.1:3-215                              -             71 123631at6656         -            117   7.2e-06   24.4   0.0   1   1   1.3e-07   7.6e-06   24.3   0.0    20    57    26    63     2    66 0.81 -
de_novo.Agm54242U_210819_213017_110297977_ccs.1:387-659   -             91 123631at6656         -            117     1e-05   23.8   0.1   1   1   1.7e-06    0.0001   20.7   0.1    32   100     2    76     1    84 0.81 -
de_novo.AGAP006757-RA.1:198-431                           -             78 123631at6656         -            117   2.5e-05   22.6   0.0   1   1   2.4e-06   0.00015   20.2   0.0    24    83    12    76     6    78 0.83 -
de_novo.Agseq_129188.1:147-380                            -             78 123631at6656         -            117   2.5e-05   22.6   0.0   1   1   2.4e-06   0.00015   20.2   0.0    24    83    12    76     6    78 0.83 -
de_novo.Agm54242U_210909_035710_175571831_ccs.1:2512-2667 -             52 123631at6656         -            117    0.0017   16.7   0.0   1   1   3.1e-05    0.0019   16.6   0.0    48    87     8    47     1    51 0.78 -
de_novo.AGAP004088-RA.1:2574-2891                         -            106 123631at6656         -            117    0.0019   16.6   0.0   1   2       0.1         6    5.3   0.0     9    51     2    48     1    55 0.81 -
de_novo.AGAP004088-RA.1:2574-2891                         -            106 123631at6656         -            117    0.0019   16.6   0.0   2   2   0.00046     0.028   12.8   0.0     4    56    30    89    27    99 0.77 -
de_novo.Agseq_49268.1:666-971                             -            102 123631at6656         -            117     0.008   14.5   0.0   1   1   0.00052     0.031   12.6   0.0    40    89     2    54     1    64 0.74 -
de_novo.seqSigP-59955.1:1461-1766                         -            102 123631at6656         -            117     0.008   14.5   0.0   1   1   0.00052     0.031   12.6   0.0    40    89     2    54     1    64 0.74 -
de_novo.AGAP010482-RA.1:0-509                             -            170 123631at6656         -            117     0.013   13.9   0.0   1   2     0.053       3.2    6.2   0.0    56    99    78   122    41   129 0.70 -
de_novo.AGAP010482-RA.1:0-509                             -            170 123631at6656         -            117     0.013   13.9   0.0   2   2      0.12         7    5.1   0.0    22    45   145   168   124   170 0.62 -
de_novo.Agseq_81270.1:2-526                               -            175 123631at6656         -            117      0.03   12.7   0.0   1   1    0.0013     0.077   11.4   0.0    24   105    23   108     3   119 0.64 -
de_novo.Agseq_90741.1:228-1172                            -            315 123631at6656         -            117     0.036   12.4   0.0   1   1    0.0021      0.13   10.7   0.0    28   100    66   136    57   145 0.87 -
#
# Program:         hmmsearch
# Version:         3.1b2 (February 2015)
# Pipeline mode:   SEARCH
# Query file:      /hpcdata/bcbb/homc/Barillaslab/Agam_hemo_transcriptomes/scripts/compare_txomes/busco/busco_downloads/lineages/arthropoda_odb10/hmms/123631at6656.hmm
# Target file:     /hpcdata/bcbb/homc/Barillaslab/Agam_hemo_transcriptomes/scripts/compare_txomes/busco/denovo_Agamhemo_BUSCO/run_arthropoda_odb10/metaeuk_output/initial_results/de_novo_transcriptome_with_genome_hits_and_expression_filtering.gffread.fa.modified.fas
# Option settings: hmmsearch --domtblout /hpcdata/bcbb/homc/Barillaslab/Agam_hemo_transcriptomes/scripts/compare_txomes/busco/denovo_Agamhemo_BUSCO/run_arthropoda_odb10/hmmer_output/initial_run_results/123631at6656.out --cpu 1 /hpcdata/bcbb/homc/Barillaslab/Agam_hemo_transcriptomes/scripts/compare_txomes/busco/busco_downloads/lineages/arthropoda_odb10/hmms/123631at6656.hmm /hpcdata/bcbb/homc/Barillaslab/Agam_hemo_transcriptomes/scripts/compare_txomes/busco/denovo_Agamhemo_BUSCO/run_arthropoda_odb10/metaeuk_output/initial_results/de_novo_transcriptome_with_genome_hits_and_expression_filtering.gffread.fa.modified.fas 
# Current dir:     /hpcdata/bcbb/homc/Barillaslab/Agam_hemo_transcriptomes/scripts/compare_txomes/busco
# Date:            Sun Jan 29 12:57:19 2023
# [ok]
