#                                                                                                              --- full sequence --- -------------- this domain -------------   hmm coord   ali coord   env coord
# target name                                          accession   tlen query name           accession   qlen   E-value  score  bias   #  of  c-Evalue  i-Evalue  score  bias  from    to  from    to  from    to  acc description of target
#                                  ------------------- ---------- ----- -------------------- ---------- ----- --------- ------ ----- --- --- --------- --------- ------ ----- ----- ----- ----- ----- ----- ----- ---- ---------------------
de_novo.AGAP011383-RA.1:0-1070                         -            357 141804at6656         -            234   8.5e-76  252.7  32.5   1   3   1.1e-72   2.1e-69  231.8  12.3     1   206    43   277    43   285 0.87 -
de_novo.AGAP011383-RA.1:0-1070                         -            357 141804at6656         -            234   8.5e-76  252.7  32.5   2   3   4.6e-10   8.7e-07   26.9   6.4   188   221   284   317   280   323 0.87 -
de_novo.AGAP011383-RA.1:0-1070                         -            357 141804at6656         -            234   8.5e-76  252.7  32.5   3   3     0.015        28    2.3   0.3   218   233   335   350   332   351 0.91 -
de_novo.Agm54242Ue_220404_200923_160367862_ccs.1:0-920 -            307 141804at6656         -            234     2e-72  241.7  26.9   1   2   9.2e-73   1.7e-69  232.1  12.8     1   206    43   277    43   286 0.87 -
de_novo.Agm54242Ue_220404_200923_160367862_ccs.1:0-920 -            307 141804at6656         -            234     2e-72  241.7  26.9   2   2   4.8e-06     0.009   13.8   6.5   188   211   284   307   280   307 0.89 -
de_novo.Agm54242Ue_220404_200923_174131091_ccs.1:0-728 -            243 141804at6656         -            234   2.2e-43  146.6  18.3   1   3   2.2e-43   4.1e-40  135.9   1.9     1   117    43   183    43   184 0.88 -
de_novo.Agm54242Ue_220404_200923_174131091_ccs.1:0-728 -            243 141804at6656         -            234   2.2e-43  146.6  18.3   2   3   2.9e-07   0.00053   17.8   3.6   198   221   182   205   182   211 0.86 -
de_novo.Agm54242Ue_220404_200923_174131091_ccs.1:0-728 -            243 141804at6656         -            234   2.2e-43  146.6  18.3   3   3    0.0094        18    3.0   0.3   218   233   223   238   220   239 0.91 -
#
# Program:         hmmsearch
# Version:         3.1b2 (February 2015)
# Pipeline mode:   SEARCH
# Query file:      /hpcdata/bcbb/homc/Barillaslab/Agam_hemo_transcriptomes/scripts/compare_txomes/busco/busco_downloads/lineages/arthropoda_odb10/hmms/141804at6656.hmm
# Target file:     /hpcdata/bcbb/homc/Barillaslab/Agam_hemo_transcriptomes/scripts/compare_txomes/busco/denovo_Agamhemo_BUSCO/run_arthropoda_odb10/metaeuk_output/initial_results/de_novo_transcriptome_with_genome_hits_and_expression_filtering.gffread.fa.modified.fas
# Option settings: hmmsearch --domtblout /hpcdata/bcbb/homc/Barillaslab/Agam_hemo_transcriptomes/scripts/compare_txomes/busco/denovo_Agamhemo_BUSCO/run_arthropoda_odb10/hmmer_output/initial_run_results/141804at6656.out --cpu 1 /hpcdata/bcbb/homc/Barillaslab/Agam_hemo_transcriptomes/scripts/compare_txomes/busco/busco_downloads/lineages/arthropoda_odb10/hmms/141804at6656.hmm /hpcdata/bcbb/homc/Barillaslab/Agam_hemo_transcriptomes/scripts/compare_txomes/busco/denovo_Agamhemo_BUSCO/run_arthropoda_odb10/metaeuk_output/initial_results/de_novo_transcriptome_with_genome_hits_and_expression_filtering.gffread.fa.modified.fas 
# Current dir:     /hpcdata/bcbb/homc/Barillaslab/Agam_hemo_transcriptomes/scripts/compare_txomes/busco
# Date:            Sun Jan 29 12:57:49 2023
# [ok]
