#                                                                                                                 --- full sequence --- -------------- this domain -------------   hmm coord   ali coord   env coord
# target name                                             accession   tlen query name           accession   qlen   E-value  score  bias   #  of  c-Evalue  i-Evalue  score  bias  from    to  from    to  from    to  acc description of target
#                                     ------------------- ---------- ----- -------------------- ---------- ----- --------- ------ ----- --- --- --------- --------- ------ ----- ----- ----- ----- ----- ----- ----- ---- ---------------------
de_novo.AGAP002780-RA.1:0-377                             -            126 143626at6656         -             90   2.3e-59  195.9   0.5   1   1     6e-61   3.1e-59  195.5   0.5     1    90    11   100    11   100 0.99 -
de_novo.Agseq_169127.1:0-332                              -            111 143626at6656         -             90   4.4e-58  191.8   0.4   1   1   1.1e-59   5.5e-58  191.5   0.4     3    90     1    88     1    88 0.99 -
de_novo.Agm54242U_210819_213017_130744861_ccs.1:27-1064   -            346 143626at6656         -             90   2.8e-19   67.4   0.0   1   4    0.0031      0.16   10.5   0.0    11    68     4    64     2    86 0.83 -
de_novo.Agm54242U_210819_213017_130744861_ccs.1:27-1064   -            346 143626at6656         -             90   2.8e-19   67.4   0.0   2   4   1.1e-06   5.8e-05   21.6   0.0    11    77    92   160    87   172 0.84 -
de_novo.Agm54242U_210819_213017_130744861_ccs.1:27-1064   -            346 143626at6656         -             90   2.8e-19   67.4   0.0   3   4   7.3e-07   3.8e-05   22.2   0.0    11    74   185   249   178   263 0.87 -
de_novo.Agm54242U_210819_213017_130744861_ccs.1:27-1064   -            346 143626at6656         -             90   2.8e-19   67.4   0.0   4   4     0.019      0.98    8.0   0.0    11    56   288   334   279   345 0.82 -
de_novo.Agm54242U_210819_213017_153683175_ccs.1:27-1064   -            346 143626at6656         -             90   2.8e-19   67.4   0.0   1   4    0.0031      0.16   10.5   0.0    11    68     4    64     2    86 0.83 -
de_novo.Agm54242U_210819_213017_153683175_ccs.1:27-1064   -            346 143626at6656         -             90   2.8e-19   67.4   0.0   2   4   1.1e-06   5.8e-05   21.6   0.0    11    77    92   160    87   172 0.84 -
de_novo.Agm54242U_210819_213017_153683175_ccs.1:27-1064   -            346 143626at6656         -             90   2.8e-19   67.4   0.0   3   4   7.3e-07   3.8e-05   22.2   0.0    11    74   185   249   178   263 0.87 -
de_novo.Agm54242U_210819_213017_153683175_ccs.1:27-1064   -            346 143626at6656         -             90   2.8e-19   67.4   0.0   4   4     0.019      0.98    8.0   0.0    11    56   288   334   279   345 0.82 -
de_novo.Agm54242U_210819_213017_36113012_ccs.1:27-1064    -            346 143626at6656         -             90   2.8e-19   67.4   0.0   1   4    0.0031      0.16   10.5   0.0    11    68     4    64     2    86 0.83 -
de_novo.Agm54242U_210819_213017_36113012_ccs.1:27-1064    -            346 143626at6656         -             90   2.8e-19   67.4   0.0   2   4   1.1e-06   5.8e-05   21.6   0.0    11    77    92   160    87   172 0.84 -
de_novo.Agm54242U_210819_213017_36113012_ccs.1:27-1064    -            346 143626at6656         -             90   2.8e-19   67.4   0.0   3   4   7.3e-07   3.8e-05   22.2   0.0    11    74   185   249   178   263 0.87 -
de_novo.Agm54242U_210819_213017_36113012_ccs.1:27-1064    -            346 143626at6656         -             90   2.8e-19   67.4   0.0   4   4     0.019      0.98    8.0   0.0    11    56   288   334   279   345 0.82 -
de_novo.Agseq_89346.1:639-1676                            -            346 143626at6656         -             90   2.8e-19   67.4   0.0   1   4    0.0031      0.16   10.5   0.0    11    68     4    64     2    86 0.83 -
de_novo.Agseq_89346.1:639-1676                            -            346 143626at6656         -             90   2.8e-19   67.4   0.0   2   4   1.1e-06   5.8e-05   21.6   0.0    11    77    92   160    87   172 0.84 -
de_novo.Agseq_89346.1:639-1676                            -            346 143626at6656         -             90   2.8e-19   67.4   0.0   3   4   7.3e-07   3.8e-05   22.2   0.0    11    74   185   249   178   263 0.87 -
de_novo.Agseq_89346.1:639-1676                            -            346 143626at6656         -             90   2.8e-19   67.4   0.0   4   4     0.019      0.98    8.0   0.0    11    56   288   334   279   345 0.82 -
de_novo.Agm54242U_210909_035710_162595697_ccs.1:27-1052   -            342 143626at6656         -             90   3.7e-19   67.1   0.0   1   4     0.003      0.16   10.6   0.0    11    68     4    64     2    86 0.83 -
de_novo.Agm54242U_210909_035710_162595697_ccs.1:27-1052   -            342 143626at6656         -             90   3.7e-19   67.1   0.0   2   4   1.1e-06   5.7e-05   21.6   0.0    11    77    92   160    87   172 0.84 -
de_novo.Agm54242U_210909_035710_162595697_ccs.1:27-1052   -            342 143626at6656         -             90   3.7e-19   67.1   0.0   3   4   7.2e-07   3.7e-05   22.2   0.0    11    74   185   249   178   263 0.87 -
de_novo.Agm54242U_210909_035710_162595697_ccs.1:27-1052   -            342 143626at6656         -             90   3.7e-19   67.1   0.0   4   4     0.024       1.2    7.7   0.0    11    55   288   333   279   342 0.83 -
de_novo.Agm54242U_210909_035710_176556500_ccs.1:36-1064   -            343 143626at6656         -             90   4.6e-19   66.8   0.0   1   4    0.0048      0.25    9.9   0.0    11    68     1    61     1    83 0.83 -
de_novo.Agm54242U_210909_035710_176556500_ccs.1:36-1064   -            343 143626at6656         -             90   4.6e-19   66.8   0.0   2   4   1.1e-06   5.7e-05   21.6   0.0    11    77    89   157    84   169 0.84 -
de_novo.Agm54242U_210909_035710_176556500_ccs.1:36-1064   -            343 143626at6656         -             90   4.6e-19   66.8   0.0   3   4   7.2e-07   3.7e-05   22.2   0.0    11    74   182   246   175   260 0.87 -
de_novo.Agm54242U_210909_035710_176556500_ccs.1:36-1064   -            343 143626at6656         -             90   4.6e-19   66.8   0.0   4   4     0.019      0.97    8.0   0.0    11    56   285   331   276   342 0.82 -
de_novo.Agm54242Ue_220404_200923_45090018_ccs.1:108-677   -            190 143626at6656         -             90   2.2e-14   51.8   0.1   1   2   1.9e-06   9.6e-05   20.9   0.0    11    84     5    82     2    89 0.86 -
de_novo.Agm54242Ue_220404_200923_45090018_ccs.1:108-677   -            190 143626at6656         -             90   2.2e-14   51.8   0.1   2   2   4.8e-09   2.5e-07   29.2   0.0    10    67    91   151    86   165 0.86 -
de_novo.Agm54242Ue_220404_200923_121373740_ccs.1:300-899  -            200 143626at6656         -             90   2.6e-14   51.5   0.1   1   2   2.1e-06   0.00011   20.7   0.0    11    84     5    82     2    89 0.86 -
de_novo.Agm54242Ue_220404_200923_121373740_ccs.1:300-899  -            200 143626at6656         -             90   2.6e-14   51.5   0.1   2   2   5.7e-09   2.9e-07   28.9   0.0    10    67    91   151    85   157 0.85 -
de_novo.Agm54242Ue_220404_200923_96863001_ccs.1:318-917   -            200 143626at6656         -             90   2.6e-14   51.5   0.1   1   2   2.1e-06   0.00011   20.7   0.0    11    84     5    82     2    89 0.86 -
de_novo.Agm54242Ue_220404_200923_96863001_ccs.1:318-917   -            200 143626at6656         -             90   2.6e-14   51.5   0.1   2   2   5.7e-09   2.9e-07   28.9   0.0    10    67    91   151    85   157 0.85 -
de_novo.Agm54242U_210909_035710_14419513_ccs.1:183-683    -            167 143626at6656         -             90   2.3e-13   48.5   0.1   1   2   3.7e-07   1.9e-05   23.1   0.1    12    79     2    71     1    82 0.84 -
de_novo.Agm54242U_210909_035710_14419513_ccs.1:183-683    -            167 143626at6656         -             90   2.3e-13   48.5   0.1   2   2   2.5e-07   1.3e-05   23.7   0.0    11    72    94   156    87   164 0.89 -
de_novo.AGAP029448-RA.1:48-1028                           -            327 143626at6656         -             90     7e-12   43.7   0.1   1   3   4.8e-06   0.00025   19.5   0.0    11    83     7    82     2    90 0.82 -
de_novo.AGAP029448-RA.1:48-1028                           -            327 143626at6656         -             90     7e-12   43.7   0.1   2   3       1.3        66    2.1   0.0    11    40    93   122    88   170 0.68 -
de_novo.AGAP029448-RA.1:48-1028                           -            327 143626at6656         -             90     7e-12   43.7   0.1   3   3   2.3e-05    0.0012   17.4   0.0    11    79   253   324   248   327 0.87 -
de_novo.Agm54242U_210909_035710_97781734_ccs.1:48-548     -            167 143626at6656         -             90   7.3e-10   37.3   0.0   1   2   0.00073     0.038   12.5   0.0    11    68     4    64     2    86 0.83 -
de_novo.Agm54242U_210909_035710_97781734_ccs.1:48-548     -            167 143626at6656         -             90   7.3e-10   37.3   0.0   2   2   4.2e-07   2.2e-05   22.9   0.1    11    72    92   155    87   165 0.86 -
de_novo.Agm54242Ue_220404_200923_37358111_ccs.1:629-1606  -            326 143626at6656         -             90     8e-10   37.1   0.0   1   2     0.033       1.7    7.2   0.0    22    56    15    49     1    78 0.77 -
de_novo.Agm54242Ue_220404_200923_37358111_ccs.1:629-1606  -            326 143626at6656         -             90     8e-10   37.1   0.0   2   2   1.3e-08   6.9e-07   27.7   0.0    11    76    99   167    91   174 0.86 -
de_novo.Agseq_55687.1:597-1574                            -            326 143626at6656         -             90     8e-10   37.1   0.0   1   2     0.033       1.7    7.2   0.0    22    56    15    49     1    78 0.77 -
de_novo.Agseq_55687.1:597-1574                            -            326 143626at6656         -             90     8e-10   37.1   0.0   2   2   1.3e-08   6.9e-07   27.7   0.0    11    76    99   167    91   174 0.86 -
de_novo.Agm54242U_210819_213017_108725620_ccs.1:200-946   -            249 143626at6656         -             90     3e-09   35.3   0.0   1   2   5.1e-05    0.0026   16.3   0.0    11    69    27    88    22    91 0.85 -
de_novo.Agm54242U_210819_213017_108725620_ccs.1:200-946   -            249 143626at6656         -             90     3e-09   35.3   0.0   2   2   3.5e-05    0.0018   16.8   0.0    11    79   175   246   166   249 0.87 -
de_novo.AGAP002655-RA.1:51-1376                           -            442 143626at6656         -             90   1.3e-08   33.2   0.0   1   4       8.5   4.4e+02   -0.5   0.0    14    31     2    19     1    27 0.86 -
de_novo.AGAP002655-RA.1:51-1376                           -            442 143626at6656         -             90   1.3e-08   33.2   0.0   2   4      0.39        20    3.8   0.0    14    68   169   224   159   229 0.75 -
de_novo.AGAP002655-RA.1:51-1376                           -            442 143626at6656         -             90   1.3e-08   33.2   0.0   3   4    0.0031      0.16   10.5   0.0     4    39   243   278   240   293 0.85 -
de_novo.AGAP002655-RA.1:51-1376                           -            442 143626at6656         -             90   1.3e-08   33.2   0.0   4   4   0.00056     0.029   12.9   0.0    11    61   368   421   359   435 0.77 -
de_novo.Agm54242U_210819_213017_153224330_ccs.1:51-1376   -            442 143626at6656         -             90   1.3e-08   33.2   0.0   1   4       8.5   4.4e+02   -0.5   0.0    14    31     2    19     1    27 0.86 -
de_novo.Agm54242U_210819_213017_153224330_ccs.1:51-1376   -            442 143626at6656         -             90   1.3e-08   33.2   0.0   2   4      0.39        20    3.8   0.0    14    68   169   224   159   229 0.75 -
de_novo.Agm54242U_210819_213017_153224330_ccs.1:51-1376   -            442 143626at6656         -             90   1.3e-08   33.2   0.0   3   4    0.0031      0.16   10.5   0.0     4    39   243   278   240   293 0.85 -
de_novo.Agm54242U_210819_213017_153224330_ccs.1:51-1376   -            442 143626at6656         -             90   1.3e-08   33.2   0.0   4   4   0.00056     0.029   12.9   0.0    11    61   368   421   359   435 0.77 -
de_novo.Agm54242U_210909_035710_137299107_ccs.1:51-1376   -            442 143626at6656         -             90   1.3e-08   33.2   0.0   1   4       8.5   4.4e+02   -0.5   0.0    14    31     2    19     1    27 0.86 -
de_novo.Agm54242U_210909_035710_137299107_ccs.1:51-1376   -            442 143626at6656         -             90   1.3e-08   33.2   0.0   2   4      0.39        20    3.8   0.0    14    68   169   224   159   229 0.75 -
de_novo.Agm54242U_210909_035710_137299107_ccs.1:51-1376   -            442 143626at6656         -             90   1.3e-08   33.2   0.0   3   4    0.0031      0.16   10.5   0.0     4    39   243   278   240   293 0.85 -
de_novo.Agm54242U_210909_035710_137299107_ccs.1:51-1376   -            442 143626at6656         -             90   1.3e-08   33.2   0.0   4   4   0.00056     0.029   12.9   0.0    11    61   368   421   359   435 0.77 -
de_novo.Agm54242U_210909_035710_36113008_ccs.1:51-1376    -            442 143626at6656         -             90   1.3e-08   33.2   0.0   1   4       8.5   4.4e+02   -0.5   0.0    14    31     2    19     1    27 0.86 -
de_novo.Agm54242U_210909_035710_36113008_ccs.1:51-1376    -            442 143626at6656         -             90   1.3e-08   33.2   0.0   2   4      0.39        20    3.8   0.0    14    68   169   224   159   229 0.75 -
de_novo.Agm54242U_210909_035710_36113008_ccs.1:51-1376    -            442 143626at6656         -             90   1.3e-08   33.2   0.0   3   4    0.0031      0.16   10.5   0.0     4    39   243   278   240   293 0.85 -
de_novo.Agm54242U_210909_035710_36113008_ccs.1:51-1376    -            442 143626at6656         -             90   1.3e-08   33.2   0.0   4   4   0.00056     0.029   12.9   0.0    11    61   368   421   359   435 0.77 -
de_novo.Agm54242Ue_220404_200923_42993764_ccs.1:51-1376   -            442 143626at6656         -             90   1.3e-08   33.2   0.0   1   4       8.5   4.4e+02   -0.5   0.0    14    31     2    19     1    27 0.86 -
de_novo.Agm54242Ue_220404_200923_42993764_ccs.1:51-1376   -            442 143626at6656         -             90   1.3e-08   33.2   0.0   2   4      0.39        20    3.8   0.0    14    68   169   224   159   229 0.75 -
de_novo.Agm54242Ue_220404_200923_42993764_ccs.1:51-1376   -            442 143626at6656         -             90   1.3e-08   33.2   0.0   3   4    0.0031      0.16   10.5   0.0     4    39   243   278   240   293 0.85 -
de_novo.Agm54242Ue_220404_200923_42993764_ccs.1:51-1376   -            442 143626at6656         -             90   1.3e-08   33.2   0.0   4   4   0.00056     0.029   12.9   0.0    11    61   368   421   359   435 0.77 -
de_novo.Agm54242Ue_220404_200923_51774251_ccs.1:51-1376   -            442 143626at6656         -             90   1.3e-08   33.2   0.0   1   4       8.5   4.4e+02   -0.5   0.0    14    31     2    19     1    27 0.86 -
de_novo.Agm54242Ue_220404_200923_51774251_ccs.1:51-1376   -            442 143626at6656         -             90   1.3e-08   33.2   0.0   2   4      0.39        20    3.8   0.0    14    68   169   224   159   229 0.75 -
de_novo.Agm54242Ue_220404_200923_51774251_ccs.1:51-1376   -            442 143626at6656         -             90   1.3e-08   33.2   0.0   3   4    0.0031      0.16   10.5   0.0     4    39   243   278   240   293 0.85 -
de_novo.Agm54242Ue_220404_200923_51774251_ccs.1:51-1376   -            442 143626at6656         -             90   1.3e-08   33.2   0.0   4   4   0.00056     0.029   12.9   0.0    11    61   368   421   359   435 0.77 -
de_novo.AGAP002908-RA.1:371-1333                          -            321 143626at6656         -             90   1.4e-08   33.2   0.0   1   3     0.024       1.2    7.7   0.0    11    32     2    23     1    36 0.88 -
de_novo.AGAP002908-RA.1:371-1333                          -            321 143626at6656         -             90   1.4e-08   33.2   0.0   2   3     0.014      0.72    8.4   0.0    10    79   115   187   107   194 0.82 -
de_novo.AGAP002908-RA.1:371-1333                          -            321 143626at6656         -             90   1.4e-08   33.2   0.0   3   3   0.00043     0.022   13.3   0.0    29    89   253   318   234   319 0.78 -
de_novo.Agm54242U_210909_035710_121375312_ccs.1:945-1172  -             76 143626at6656         -             90   3.4e-08   31.9   0.0   1   1   7.5e-10   3.9e-08   31.7   0.0    11    76     1    69     1    74 0.86 -
de_novo.Agseq_69883.1:174-356                             -             61 143626at6656         -             90   4.2e-08   31.6   0.0   1   1   8.6e-10   4.4e-08   31.5   0.0    11    66     1    59     1    61 0.86 -
de_novo.Agseq_130832.1:321-530                            -             70 143626at6656         -             90   1.4e-07   29.9   0.0   1   1   2.9e-09   1.5e-07   29.9   0.0    22    86     2    69     1    70 0.87 -
de_novo.Agm54242Ue_220404_200923_66193018_ccs.1:21-581    -            187 143626at6656         -             90   1.7e-07   29.7   0.0   1   2       1.1        55    2.4   0.0    10    59     7    59     2    79 0.75 -
de_novo.Agm54242Ue_220404_200923_66193018_ccs.1:21-581    -            187 143626at6656         -             90   1.7e-07   29.7   0.0   2   2   8.3e-08   4.3e-06   25.2   0.0     9    81    93   169    87   176 0.86 -
de_novo.AGAP005505-RA.1:81-617                            -            179 143626at6656         -             90     2e-07   29.4   0.1   1   2   6.3e-05    0.0032   16.0   0.0    23    73    16    66     4    81 0.80 -
de_novo.AGAP005505-RA.1:81-617                            -            179 143626at6656         -             90     2e-07   29.4   0.1   2   2    0.0014     0.073   11.6   0.0    16    64   102   153    88   158 0.80 -
de_novo.Agm54242U_210819_213017_97518741_ccs.1:4-834      -            277 143626at6656         -             90   2.9e-07   29.0   0.0   1   1   9.9e-09   5.1e-07   28.1   0.0    11    77    50   119    42   125 0.86 -
de_novo.Agm54242U_210909_035710_19008212_ccs.1:648-1046   -            133 143626at6656         -             90   2.9e-07   28.9   0.0   1   2   5.5e-07   2.8e-05   22.6   0.0     4    56     7    62     4    80 0.83 -
de_novo.Agm54242U_210909_035710_19008212_ccs.1:648-1046   -            133 143626at6656         -             90   2.9e-07   28.9   0.0   2   2      0.23        12    4.6   0.0    11    39    94   122    87   129 0.88 -
de_novo.Agm54242U_210819_213017_46203218_ccs.1:18-1940    -            641 143626at6656         -             90   6.5e-07   27.8   0.1   1   2   1.5e-05   0.00075   18.0   0.0     5    72   301   370   298   388 0.84 -
de_novo.Agm54242U_210819_213017_46203218_ccs.1:18-1940    -            641 143626at6656         -             90   6.5e-07   27.8   0.1   2   2     0.035       1.8    7.1   0.0    24    72   401   446   385   450 0.81 -
de_novo.Agm54242Ue_220404_200923_145426414_ccs.1:18-2285  -            756 143626at6656         -             90     1e-06   27.2   0.0   1   2     2e-05     0.001   17.6   0.0     5    72   267   336   264   350 0.84 -
de_novo.Agm54242Ue_220404_200923_145426414_ccs.1:18-2285  -            756 143626at6656         -             90     1e-06   27.2   0.0   2   2     0.042       2.2    6.9   0.0    24    72   367   412   352   417 0.81 -
de_novo.Agm54242U_210909_035710_129763821_ccs.1:1-1614    -            538 143626at6656         -             90   1.6e-06   26.6   0.1   1   1   1.1e-07   5.8e-06   24.8   0.0     7    77   110   183   105   192 0.80 -
de_novo.Agm54242Ue_220404_200923_173082832_ccs.1:126-338  -             71 143626at6656         -             90     2e-06   26.2   0.0   1   1     4e-08   2.1e-06   26.2   0.0    11    73     1    64     1    71 0.89 -
de_novo.Agm54242U_210819_213017_121766557_ccs.1:207-560   -            118 143626at6656         -             90   2.3e-06   26.0   0.0   1   2   4.2e-06   0.00022   19.7   0.0    11    55     1    48     1    66 0.79 -
de_novo.Agm54242U_210819_213017_121766557_ccs.1:207-560   -            118 143626at6656         -             90   2.3e-06   26.0   0.0   2   2      0.23        12    4.5   0.0    12    38    82   108    77   115 0.87 -
de_novo.Agm54242U_210819_213017_55182195_ccs.1:183-536    -            118 143626at6656         -             90   2.3e-06   26.0   0.0   1   2   4.2e-06   0.00022   19.7   0.0    11    55     1    48     1    66 0.79 -
de_novo.Agm54242U_210819_213017_55182195_ccs.1:183-536    -            118 143626at6656         -             90   2.3e-06   26.0   0.0   2   2      0.23        12    4.5   0.0    12    38    82   108    77   115 0.87 -
de_novo.Agm54242U_210909_035710_101384852_ccs.1:207-560   -            118 143626at6656         -             90   2.3e-06   26.0   0.0   1   2   4.2e-06   0.00022   19.7   0.0    11    55     1    48     1    66 0.79 -
de_novo.Agm54242U_210909_035710_101384852_ccs.1:207-560   -            118 143626at6656         -             90   2.3e-06   26.0   0.0   2   2      0.23        12    4.5   0.0    12    38    82   108    77   115 0.87 -
de_novo.Agm54242U_210909_035710_141623973_ccs.1:207-560   -            118 143626at6656         -             90   2.3e-06   26.0   0.0   1   2   4.2e-06   0.00022   19.7   0.0    11    55     1    48     1    66 0.79 -
de_novo.Agm54242U_210909_035710_141623973_ccs.1:207-560   -            118 143626at6656         -             90   2.3e-06   26.0   0.0   2   2      0.23        12    4.5   0.0    12    38    82   108    77   115 0.87 -
de_novo.Agm54242U_210909_035710_145883413_ccs.1:207-560   -            118 143626at6656         -             90   2.3e-06   26.0   0.0   1   2   4.2e-06   0.00022   19.7   0.0    11    55     1    48     1    66 0.79 -
de_novo.Agm54242U_210909_035710_145883413_ccs.1:207-560   -            118 143626at6656         -             90   2.3e-06   26.0   0.0   2   2      0.23        12    4.5   0.0    12    38    82   108    77   115 0.87 -
de_novo.Agm54242U_210909_035710_26673218_ccs.1:207-560    -            118 143626at6656         -             90   2.3e-06   26.0   0.0   1   2   4.2e-06   0.00022   19.7   0.0    11    55     1    48     1    66 0.79 -
de_novo.Agm54242U_210909_035710_26673218_ccs.1:207-560    -            118 143626at6656         -             90   2.3e-06   26.0   0.0   2   2      0.23        12    4.5   0.0    12    38    82   108    77   115 0.87 -
de_novo.Agm54242Ue_220404_200923_110821651_ccs.1:207-560  -            118 143626at6656         -             90   2.3e-06   26.0   0.0   1   2   4.2e-06   0.00022   19.7   0.0    11    55     1    48     1    66 0.79 -
de_novo.Agm54242Ue_220404_200923_110821651_ccs.1:207-560  -            118 143626at6656         -             90   2.3e-06   26.0   0.0   2   2      0.23        12    4.5   0.0    12    38    82   108    77   115 0.87 -
de_novo.Agm54242Ue_220404_200923_142082334_ccs.1:207-560  -            118 143626at6656         -             90   2.3e-06   26.0   0.0   1   2   4.2e-06   0.00022   19.7   0.0    11    55     1    48     1    66 0.79 -
de_novo.Agm54242Ue_220404_200923_142082334_ccs.1:207-560  -            118 143626at6656         -             90   2.3e-06   26.0   0.0   2   2      0.23        12    4.5   0.0    12    38    82   108    77   115 0.87 -
de_novo.Agm54242Ue_220404_200923_66259127_ccs.1:207-560   -            118 143626at6656         -             90   2.3e-06   26.0   0.0   1   2   4.2e-06   0.00022   19.7   0.0    11    55     1    48     1    66 0.79 -
de_novo.Agm54242Ue_220404_200923_66259127_ccs.1:207-560   -            118 143626at6656         -             90   2.3e-06   26.0   0.0   2   2      0.23        12    4.5   0.0    12    38    82   108    77   115 0.87 -
de_novo.Agseq_159224.1:131-355                            -             75 143626at6656         -             90   4.1e-06   25.2   0.0   1   1   8.2e-08   4.2e-06   25.2   0.0    10    72     3    68     1    75 0.83 -
de_novo.Agm54242U_210909_035710_527021_ccs.1:0-488        -            163 143626at6656         -             90   5.8e-06   24.8   0.0   1   1   2.2e-07   1.1e-05   23.9   0.0    11    68    68   131    63   152 0.78 -
de_novo.AGAP002547-RA.1:105-332                           -             76 143626at6656         -             90   7.1e-06   24.5   0.1   1   1   1.5e-07   7.5e-06   24.4   0.1     8    76     2    73     1    76 0.85 -
de_novo.AGAP000399-RA.1:312-665                           -            118 143626at6656         -             90   7.8e-06   24.3   0.0   1   2   1.7e-05   0.00087   17.8   0.0    11    56     1    49     1    67 0.80 -
de_novo.AGAP000399-RA.1:312-665                           -            118 143626at6656         -             90   7.8e-06   24.3   0.0   2   2      0.19       9.5    4.8   0.0    11    39    81   109    73   115 0.88 -
de_novo.Agm54242U_210819_213017_103809655_ccs.1:267-620   -            118 143626at6656         -             90   7.8e-06   24.3   0.0   1   2   1.7e-05   0.00087   17.8   0.0    11    56     1    49     1    67 0.80 -
de_novo.Agm54242U_210819_213017_103809655_ccs.1:267-620   -            118 143626at6656         -             90   7.8e-06   24.3   0.0   2   2      0.19       9.5    4.8   0.0    11    39    81   109    73   115 0.88 -
de_novo.Agm54242U_210819_213017_20711035_ccs.1:150-503    -            118 143626at6656         -             90   7.8e-06   24.3   0.0   1   2   1.7e-05   0.00087   17.8   0.0    11    56     1    49     1    67 0.80 -
de_novo.Agm54242U_210819_213017_20711035_ccs.1:150-503    -            118 143626at6656         -             90   7.8e-06   24.3   0.0   2   2      0.19       9.5    4.8   0.0    11    39    81   109    73   115 0.88 -
de_novo.Agm54242U_210819_213017_78643939_ccs.1:312-665    -            118 143626at6656         -             90   7.8e-06   24.3   0.0   1   2   1.7e-05   0.00087   17.8   0.0    11    56     1    49     1    67 0.80 -
de_novo.Agm54242U_210819_213017_78643939_ccs.1:312-665    -            118 143626at6656         -             90   7.8e-06   24.3   0.0   2   2      0.19       9.5    4.8   0.0    11    39    81   109    73   115 0.88 -
de_novo.Agm54242U_210909_035710_10813799_ccs.1:312-665    -            118 143626at6656         -             90   7.8e-06   24.3   0.0   1   2   1.7e-05   0.00087   17.8   0.0    11    56     1    49     1    67 0.80 -
de_novo.Agm54242U_210909_035710_10813799_ccs.1:312-665    -            118 143626at6656         -             90   7.8e-06   24.3   0.0   2   2      0.19       9.5    4.8   0.0    11    39    81   109    73   115 0.88 -
de_novo.Agm54242U_210819_213017_10027742_ccs.1:54-263     -             70 143626at6656         -             90   1.5e-05   23.4   0.0   1   1     3e-07   1.6e-05   23.4   0.0    13    72     1    63     1    70 0.83 -
de_novo.Agm54242U_210909_035710_100466873_ccs.1:114-323   -             70 143626at6656         -             90   1.5e-05   23.4   0.0   1   1     3e-07   1.6e-05   23.4   0.0    13    72     1    63     1    70 0.83 -
de_novo.Agm54242Ue_220404_200923_93979527_ccs.1:54-263    -             70 143626at6656         -             90   1.5e-05   23.4   0.0   1   1     3e-07   1.6e-05   23.4   0.0    13    72     1    63     1    70 0.83 -
de_novo.Agseq_78484.1:854-1309                            -            152 143626at6656         -             90   2.8e-05   22.6   0.1   1   2   0.00064     0.033   12.7   0.0     8    74     3    68     1    78 0.88 -
de_novo.Agseq_78484.1:854-1309                            -            152 143626at6656         -             90   2.8e-05   22.6   0.1   2   2     0.018      0.95    8.1   0.0    27    79   100   149    88   151 0.80 -
de_novo.Agseq_104973.1:577-834                            -             86 143626at6656         -             90   4.1e-05   22.0   0.0   1   1   8.8e-07   4.5e-05   21.9   0.0     7    79     2    77     1    84 0.82 -
de_novo.Agm54242U_210819_213017_147982064_ccs.1:513-1010  -            166 143626at6656         -             90   4.7e-05   21.8   0.0   1   2    0.0077       0.4    9.3   0.0    11    64     5    61     2    70 0.80 -
de_novo.Agm54242U_210819_213017_147982064_ccs.1:513-1010  -            166 143626at6656         -             90   4.7e-05   21.8   0.0   2   2    0.0028      0.15   10.7   0.0    11    53    84   128    78   144 0.82 -
de_novo.Agm54242U_210909_035710_39978805_ccs.1:475-972    -            166 143626at6656         -             90   4.7e-05   21.8   0.0   1   2    0.0077       0.4    9.3   0.0    11    64     5    61     2    70 0.80 -
de_novo.Agm54242U_210909_035710_39978805_ccs.1:475-972    -            166 143626at6656         -             90   4.7e-05   21.8   0.0   2   2    0.0028      0.15   10.7   0.0    11    53    84   128    78   144 0.82 -
de_novo.AGAP005964-RA.1:303-833                           -            177 143626at6656         -             90   5.5e-05   21.6   0.0   1   2    0.0082      0.42    9.2   0.0    11    64     5    61     2    73 0.81 -
de_novo.AGAP005964-RA.1:303-833                           -            177 143626at6656         -             90   5.5e-05   21.6   0.0   2   2    0.0031      0.16   10.5   0.0    11    53    95   139    88   155 0.82 -
de_novo.Agm54242U_210819_213017_116720069_ccs.1:499-1029  -            177 143626at6656         -             90   5.5e-05   21.6   0.0   1   2    0.0082      0.42    9.2   0.0    11    64     5    61     2    73 0.81 -
de_novo.Agm54242U_210819_213017_116720069_ccs.1:499-1029  -            177 143626at6656         -             90   5.5e-05   21.6   0.0   2   2    0.0031      0.16   10.5   0.0    11    53    95   139    88   155 0.82 -
de_novo.AGAP029448-RA.1:792-1019                          -             76 143626at6656         -             90   5.8e-05   21.6   0.0   1   1   1.3e-06   6.4e-05   21.4   0.0    11    79     5    76     2    76 0.88 -
de_novo.AGAP013048-RA.1:51-269                            -             73 143626at6656         -             90   8.3e-05   21.1   0.0   1   1   1.8e-06   9.2e-05   20.9   0.0    11    56     1    49     1    68 0.78 -
de_novo.AGAP001930-RA.1:21-494                            -            158 143626at6656         -             90    0.0001   20.8   0.0   1   2    0.0017     0.086   11.4   0.0    11    57    13    62     4    73 0.78 -
de_novo.AGAP001930-RA.1:21-494                            -            158 143626at6656         -             90    0.0001   20.8   0.0   2   2     0.029       1.5    7.4   0.0    12    55   104   150   101   156 0.78 -
de_novo.Agm54242U_210819_213017_137758009_ccs.1:21-494    -            158 143626at6656         -             90    0.0001   20.8   0.0   1   2    0.0017     0.086   11.4   0.0    11    57    13    62     4    73 0.78 -
de_novo.Agm54242U_210819_213017_137758009_ccs.1:21-494    -            158 143626at6656         -             90    0.0001   20.8   0.0   2   2     0.029       1.5    7.4   0.0    12    55   104   150   101   156 0.78 -
de_novo.Agm54242U_210819_213017_140773156_ccs.1:21-494    -            158 143626at6656         -             90    0.0001   20.8   0.0   1   2    0.0017     0.086   11.4   0.0    11    57    13    62     4    73 0.78 -
de_novo.Agm54242U_210819_213017_140773156_ccs.1:21-494    -            158 143626at6656         -             90    0.0001   20.8   0.0   2   2     0.029       1.5    7.4   0.0    12    55   104   150   101   156 0.78 -
de_novo.Agm54242U_210909_035710_89719460_ccs.1:21-494     -            158 143626at6656         -             90    0.0001   20.8   0.0   1   2    0.0017     0.086   11.4   0.0    11    57    13    62     4    73 0.78 -
de_novo.Agm54242U_210909_035710_89719460_ccs.1:21-494     -            158 143626at6656         -             90    0.0001   20.8   0.0   2   2     0.029       1.5    7.4   0.0    12    55   104   150   101   156 0.78 -
de_novo.Agm54242Ue_220404_200923_128319679_ccs.1:21-494   -            158 143626at6656         -             90    0.0001   20.8   0.0   1   2    0.0017     0.086   11.4   0.0    11    57    13    62     4    73 0.78 -
de_novo.Agm54242Ue_220404_200923_128319679_ccs.1:21-494   -            158 143626at6656         -             90    0.0001   20.8   0.0   2   2     0.029       1.5    7.4   0.0    12    55   104   150   101   156 0.78 -
de_novo.AGAP003173-RA.1:330-731                           -            134 143626at6656         -             90    0.0001   20.7   0.1   1   2   9.9e-05    0.0051   15.3   0.1    11    42     2    33     1    88 0.79 -
de_novo.AGAP003173-RA.1:330-731                           -            134 143626at6656         -             90    0.0001   20.7   0.1   2   2       1.6        81    1.9   0.0    10    39    95   124    88   130 0.82 -
de_novo.Agm54242Ue_220404_200923_74189422_ccs.1:330-731   -            134 143626at6656         -             90   0.00011   20.6   0.2   1   2   0.00011    0.0055   15.2   0.1    11    42     2    33     1    83 0.81 -
de_novo.Agm54242Ue_220404_200923_74189422_ccs.1:330-731   -            134 143626at6656         -             90   0.00011   20.6   0.2   2   2       1.4        74    2.0   0.0    10    39    95   124    86   131 0.82 -
de_novo.Agm54242U_210819_213017_21955989_ccs.1:18-2283    -            748 143626at6656         -             90   0.00032   19.2   0.0   1   1     2e-05     0.001   17.6   0.0     5    71   301   369   298   383 0.84 -
de_novo.Agm54242Ue_220404_200923_175769833_ccs.1:27-284   -             86 143626at6656         -             90   0.00042   18.8   0.0   1   1     1e-05   0.00052   18.5   0.0    11    69    22    82    16    85 0.85 -
de_novo.AGAP004414-RA.1:51-272                            -             74 143626at6656         -             90   0.00045   18.7   0.0   1   1   9.6e-06   0.00049   18.6   0.0    12    77     2    70     1    73 0.84 -
de_novo.AGAP004592-RA.1:15-206                            -             64 143626at6656         -             90   0.00073   18.0   0.0   1   1   1.7e-05   0.00088   17.8   0.0    11    74     1    59     1    64 0.89 -
de_novo.AGAP004592-RB.1:15-206                            -             64 143626at6656         -             90   0.00073   18.0   0.0   1   1   1.7e-05   0.00088   17.8   0.0    11    74     1    59     1    64 0.89 -
de_novo.AGAP004592-RC.1:15-206                            -             64 143626at6656         -             90   0.00073   18.0   0.0   1   1   1.7e-05   0.00088   17.8   0.0    11    74     1    59     1    64 0.89 -
de_novo.AGAP004592-RD.1:15-206                            -             64 143626at6656         -             90   0.00073   18.0   0.0   1   1   1.7e-05   0.00088   17.8   0.0    11    74     1    59     1    64 0.89 -
de_novo.Agm54242Ue_220404_200923_117115691_ccs.1:15-206   -             64 143626at6656         -             90   0.00073   18.0   0.0   1   1   1.7e-05   0.00088   17.8   0.0    11    74     1    59     1    64 0.89 -
de_novo.Agm54242Ue_220404_200923_161546848_ccs.1:15-206   -             64 143626at6656         -             90   0.00073   18.0   0.0   1   1   1.7e-05   0.00088   17.8   0.0    11    74     1    59     1    64 0.89 -
de_novo.Agseq_150501.1:15-206                             -             64 143626at6656         -             90   0.00073   18.0   0.0   1   1   1.7e-05   0.00088   17.8   0.0    11    74     1    59     1    64 0.89 -
de_novo.Agm54242U_210819_213017_29164341_ccs.1:243-893    -            217 143626at6656         -             90    0.0011   17.5   0.0   1   2   0.00033     0.017   13.6   0.0    12    72    18    81    11    88 0.72 -
de_novo.Agm54242U_210819_213017_29164341_ccs.1:243-893    -            217 143626at6656         -             90    0.0011   17.5   0.0   2   2       1.9        99    1.6   0.0    12    54   123   163   115   182 0.72 -
de_novo.Agm54242U_210819_213017_148242625_ccs.1:22-411    -            130 143626at6656         -             90    0.0011   17.4   0.0   1   1   3.3e-05    0.0017   16.9   0.0    13    79     3    72     1    81 0.85 -
de_novo.Agm54242U_210819_213017_75956392_ccs.1:775-1206   -            144 143626at6656         -             90    0.0032   16.0   0.0   1   2     0.044       2.3    6.8   0.0    11    55     2    49     1    57 0.80 -
de_novo.Agm54242U_210819_213017_75956392_ccs.1:775-1206   -            144 143626at6656         -             90    0.0032   16.0   0.0   2   2      0.03       1.5    7.4   0.0    20    56   100   139    84   144 0.68 -
de_novo.Agm54242Ue_220404_200923_102566697_ccs.1:679-1110 -            144 143626at6656         -             90    0.0032   16.0   0.0   1   2     0.044       2.3    6.8   0.0    11    55     2    49     1    57 0.80 -
de_novo.Agm54242Ue_220404_200923_102566697_ccs.1:679-1110 -            144 143626at6656         -             90    0.0032   16.0   0.0   2   2      0.03       1.5    7.4   0.0    20    56   100   139    84   144 0.68 -
de_novo.Agm54242U_210819_213017_31000075_ccs.1:1860-2096  -             79 143626at6656         -             90    0.0036   15.8   0.0   1   1   7.8e-05     0.004   15.7   0.0    11    77     8    77     3    79 0.85 -
de_novo.Agm54242U_210819_213017_43713667_ccs.1:1503-1739  -             79 143626at6656         -             90    0.0036   15.8   0.0   1   1   7.8e-05     0.004   15.7   0.0    11    77     8    77     3    79 0.85 -
de_novo.Agseq_166548.1:0-2108                             -            703 143626at6656         -             90    0.0036   15.8   0.0   1   1   0.00012    0.0064   15.0   0.0     6    75   340   412   337   422 0.79 -
de_novo.AGAP001298.R273.1:0-2390                          -            797 143626at6656         -             90    0.0043   15.6   0.0   1   1   0.00015    0.0076   14.8   0.0     6    75   340   412   337   422 0.79 -
de_novo.Agseq_89346.1:1485-1673                           -             63 143626at6656         -             90     0.005   15.4   0.0   1   1    0.0001    0.0052   15.3   0.0    11    66     3    61     1    63 0.86 -
de_novo.Agm54242Ue_220404_200923_167379057_ccs.1:481-717  -             79 143626at6656         -             90    0.0064   15.0   0.0   1   1   0.00014    0.0074   14.8   0.0    13    71     3    64     1    71 0.84 -
de_novo.Agm54242U_210819_213017_3410319_ccs.1:90-362      -             91 143626at6656         -             90      0.01   14.3   0.0   1   1   0.00024     0.012   14.1   0.0    11    58     1    51     1    69 0.78 -
de_novo.Agm54242U_210819_213017_70847266_ccs.1:90-362     -             91 143626at6656         -             90      0.01   14.3   0.0   1   1   0.00024     0.012   14.1   0.0    11    58     1    51     1    69 0.78 -
de_novo.Agm54242U_210819_213017_86508706_ccs.1:90-362     -             91 143626at6656         -             90      0.01   14.3   0.0   1   1   0.00024     0.012   14.1   0.0    11    58     1    51     1    69 0.78 -
de_novo.Agm54242U_210909_035710_111740401_ccs.1:90-362    -             91 143626at6656         -             90      0.01   14.3   0.0   1   1   0.00024     0.012   14.1   0.0    11    58     1    51     1    69 0.78 -
de_novo.Agm54242U_210909_035710_139856433_ccs.1:90-362    -             91 143626at6656         -             90      0.01   14.3   0.0   1   1   0.00024     0.012   14.1   0.0    11    58     1    51     1    69 0.78 -
de_novo.Agm54242U_210909_035710_49546189_ccs.1:90-362     -             91 143626at6656         -             90      0.01   14.3   0.0   1   1   0.00024     0.012   14.1   0.0    11    58     1    51     1    69 0.78 -
de_novo.Agm54242U_210909_035710_83821233_ccs.1:90-362     -             91 143626at6656         -             90      0.01   14.3   0.0   1   1   0.00024     0.012   14.1   0.0    11    58     1    51     1    69 0.78 -
de_novo.Agm54242Ue_220404_200923_107086799_ccs.1:90-362   -             91 143626at6656         -             90      0.01   14.3   0.0   1   1   0.00024     0.012   14.1   0.0    11    58     1    51     1    69 0.78 -
de_novo.Agm54242Ue_220404_200923_33359960_ccs.1:90-362    -             91 143626at6656         -             90      0.01   14.3   0.0   1   1   0.00024     0.012   14.1   0.0    11    58     1    51     1    69 0.78 -
de_novo.Agm54242U_210819_213017_141100912_ccs.1:183-806   -            208 143626at6656         -             90     0.011   14.3   0.0   1   2     0.014       0.7    8.5   0.0     5    54    76   133    73   157 0.70 -
de_novo.Agm54242U_210819_213017_141100912_ccs.1:183-806   -            208 143626at6656         -             90     0.011   14.3   0.0   2   2      0.46        24    3.6   0.0    11    29   189   207   184   208 0.89 -
de_novo.Agm54242U_210819_213017_104663464_ccs.1:537-911   -            125 143626at6656         -             90     0.011   14.2   0.0   1   2    0.0014     0.071   11.7   0.0    15    74     9    71     4    88 0.79 -
de_novo.Agm54242U_210819_213017_104663464_ccs.1:537-911   -            125 143626at6656         -             90     0.011   14.2   0.0   2   2       2.7   1.4e+02    1.1   0.0     8    32    83   107    77   123 0.82 -
de_novo.Agm54242Ue_220404_200923_78119245_ccs.1:495-869   -            125 143626at6656         -             90     0.011   14.2   0.0   1   2    0.0014     0.071   11.7   0.0    15    74     9    71     4    88 0.79 -
de_novo.Agm54242Ue_220404_200923_78119245_ccs.1:495-869   -            125 143626at6656         -             90     0.011   14.2   0.0   2   2       2.7   1.4e+02    1.1   0.0     8    32    83   107    77   123 0.82 -
de_novo.Agm54242U_210909_035710_4000252_ccs.1:273-971     -            233 143626at6656         -             90     0.014   14.0   0.0   1   1   0.00051     0.026   13.0   0.0     3    35   170   202   168   208 0.92 -
de_novo.Agm54242Ue_220404_200923_124389477_ccs.1:15-1217  -            401 143626at6656         -             90     0.016   13.8   0.0   1   1   0.00069     0.035   12.6   0.0    11    61   309   364   304   381 0.77 -
de_novo.Agm54242Ue_220404_200923_122552427_ccs.1:309-461  -             51 143626at6656         -             90     0.016   13.7   0.1   1   1   0.00034     0.018   13.6   0.1    11    55     1    48     1    50 0.71 -
de_novo.seqSigP-187716.1:9-161                            -             51 143626at6656         -             90     0.016   13.7   0.1   1   1   0.00034     0.018   13.6   0.1    11    55     1    48     1    50 0.71 -
de_novo.Agm54242U_210819_213017_143918959_ccs.1:217-423   -             69 143626at6656         -             90     0.016   13.7   0.0   1   1   0.00035     0.018   13.6   0.0    11    58     1    51     1    62 0.76 -
de_novo.AGAP006266-RA.1:330-1172                          -            281 143626at6656         -             90     0.018   13.6   0.0   1   1   0.00067     0.035   12.7   0.0     3    35   218   250   216   256 0.92 -
de_novo.Agm54242U_210909_035710_131009219_ccs.1:151-312   -             54 143626at6656         -             90     0.036   12.6   0.0   1   1   0.00081     0.042   12.4   0.0    11    52     1    45     1    50 0.79 -
#
# Program:         hmmsearch
# Version:         3.1b2 (February 2015)
# Pipeline mode:   SEARCH
# Query file:      /hpcdata/bcbb/homc/Barillaslab/Agam_hemo_transcriptomes/scripts/compare_txomes/busco/busco_downloads/lineages/arthropoda_odb10/hmms/143626at6656.hmm
# Target file:     /hpcdata/bcbb/homc/Barillaslab/Agam_hemo_transcriptomes/scripts/compare_txomes/busco/denovo_Agamhemo_BUSCO/run_arthropoda_odb10/metaeuk_output/initial_results/de_novo_transcriptome_with_genome_hits_and_expression_filtering.gffread.fa.modified.fas
# Option settings: hmmsearch --domtblout /hpcdata/bcbb/homc/Barillaslab/Agam_hemo_transcriptomes/scripts/compare_txomes/busco/denovo_Agamhemo_BUSCO/run_arthropoda_odb10/hmmer_output/initial_run_results/143626at6656.out --cpu 1 /hpcdata/bcbb/homc/Barillaslab/Agam_hemo_transcriptomes/scripts/compare_txomes/busco/busco_downloads/lineages/arthropoda_odb10/hmms/143626at6656.hmm /hpcdata/bcbb/homc/Barillaslab/Agam_hemo_transcriptomes/scripts/compare_txomes/busco/denovo_Agamhemo_BUSCO/run_arthropoda_odb10/metaeuk_output/initial_results/de_novo_transcriptome_with_genome_hits_and_expression_filtering.gffread.fa.modified.fas 
# Current dir:     /hpcdata/bcbb/homc/Barillaslab/Agam_hemo_transcriptomes/scripts/compare_txomes/busco
# Date:            Sun Jan 29 12:57:51 2023
# [ok]
