#                                                                                                               --- full sequence --- -------------- this domain -------------   hmm coord   ali coord   env coord
# target name                                           accession   tlen query name           accession   qlen   E-value  score  bias   #  of  c-Evalue  i-Evalue  score  bias  from    to  from    to  from    to  acc description of target
#                                   ------------------- ---------- ----- -------------------- ---------- ----- --------- ------ ----- --- --- --------- --------- ------ ----- ----- ----- ----- ----- ----- ----- ---- ---------------------
de_novo.Agm54242U_210909_035710_29753570_ccs.1:171-785  -            205 163670at6656         -            148   4.2e-60  200.2   0.0   1   2   7.5e-12     1e-08   33.5   0.0     9    47    47    85    40    89 0.91 -
de_novo.Agm54242U_210909_035710_29753570_ccs.1:171-785  -            205 163670at6656         -            148   4.2e-60  200.2   0.0   2   2   2.5e-52   3.5e-49  164.8   0.0    45   148    98   201    96   201 0.98 -
de_novo.Agm54242Ue_220404_200923_75957604_ccs.1:141-779 -            213 163670at6656         -            148   4.9e-60  200.0   0.0   1   2     8e-12   1.1e-08   33.4   0.0     9    47    55    93    48    97 0.91 -
de_novo.Agm54242Ue_220404_200923_75957604_ccs.1:141-779 -            213 163670at6656         -            148   4.9e-60  200.0   0.0   2   2   2.7e-52   3.8e-49  164.7   0.0    45   148   106   209   104   209 0.98 -
de_novo.Agseq_79637.1:0-683                             -            228 163670at6656         -            148   6.3e-60  199.7   0.0   1   2   8.9e-12   1.2e-08   33.2   0.0     9    47    70   108    63   112 0.91 -
de_novo.Agseq_79637.1:0-683                             -            228 163670at6656         -            148   6.3e-60  199.7   0.0   2   2   3.2e-52   4.5e-49  164.5   0.0    45   148   121   224   119   224 0.98 -
de_novo.Agseq_170648.1:19-393                           -            125 163670at6656         -            148   6.4e-50  167.2   0.0   1   1   5.6e-53   7.8e-50  166.9   0.0    45   148    18   121    16   121 0.98 -
#
# Program:         hmmsearch
# Version:         3.1b2 (February 2015)
# Pipeline mode:   SEARCH
# Query file:      /hpcdata/bcbb/homc/Barillaslab/Agam_hemo_transcriptomes/scripts/compare_txomes/busco/busco_downloads/lineages/arthropoda_odb10/hmms/163670at6656.hmm
# Target file:     /hpcdata/bcbb/homc/Barillaslab/Agam_hemo_transcriptomes/scripts/compare_txomes/busco/denovo_Agamhemo_BUSCO/run_arthropoda_odb10/metaeuk_output/initial_results/de_novo_transcriptome_with_genome_hits_and_expression_filtering.gffread.fa.modified.fas
# Option settings: hmmsearch --domtblout /hpcdata/bcbb/homc/Barillaslab/Agam_hemo_transcriptomes/scripts/compare_txomes/busco/denovo_Agamhemo_BUSCO/run_arthropoda_odb10/hmmer_output/initial_run_results/163670at6656.out --cpu 1 /hpcdata/bcbb/homc/Barillaslab/Agam_hemo_transcriptomes/scripts/compare_txomes/busco/busco_downloads/lineages/arthropoda_odb10/hmms/163670at6656.hmm /hpcdata/bcbb/homc/Barillaslab/Agam_hemo_transcriptomes/scripts/compare_txomes/busco/denovo_Agamhemo_BUSCO/run_arthropoda_odb10/metaeuk_output/initial_results/de_novo_transcriptome_with_genome_hits_and_expression_filtering.gffread.fa.modified.fas 
# Current dir:     /hpcdata/bcbb/homc/Barillaslab/Agam_hemo_transcriptomes/scripts/compare_txomes/busco
# Date:            Sun Jan 29 12:58:02 2023
# [ok]
