#                                                                                                                --- full sequence --- -------------- this domain -------------   hmm coord   ali coord   env coord
# target name                                            accession   tlen query name           accession   qlen   E-value  score  bias   #  of  c-Evalue  i-Evalue  score  bias  from    to  from    to  from    to  acc description of target
#                                    ------------------- ---------- ----- -------------------- ---------- ----- --------- ------ ----- --- --- --------- --------- ------ ----- ----- ----- ----- ----- ----- ----- ---- ---------------------
de_novo.Agseq_123195.1:0-2120                            -            707 26734at6656          -            588  7.8e-261  865.1   0.0   1   1  9.3e-263  8.7e-260  861.6   0.0     4   587    17   673    14   674 0.91 -
de_novo.Agm54242Ue_220404_200923_171050123_ccs.1:186-947 -            254 26734at6656          -            588   9.9e-70  234.0   0.1   1   1   1.2e-72   1.1e-69  233.9   0.1   372   587     1   253     1   254 0.91 -
de_novo.AGAP005221-RA.1:1197-1934                        -            246 26734at6656          -            588   1.3e-31  108.1   0.4   1   2   1.3e-32   1.2e-29  101.6   0.0   128   300    23   194    18   204 0.93 -
de_novo.AGAP005221-RA.1:1197-1934                        -            246 26734at6656          -            588   1.3e-31  108.1   0.4   2   2    0.0026       2.4    4.9   0.1   364   386   224   246   211   246 0.82 -
de_novo.AGAP008523-RA.1:831-1325                         -            165 26734at6656          -            588   2.7e-31  107.1   0.3   1   1   3.5e-34   3.3e-31  106.8   0.3   138   298     1   164     1   165 0.86 -
de_novo.Agm54242U_210909_035710_122946463_ccs.1:175-372  -             66 26734at6656          -            588   1.8e-29  101.1   0.4   1   1   2.1e-32     2e-29  100.9   0.4   198   258     1    66     1    66 0.93 -
de_novo.Agseq_150142.1:246-719                           -            158 26734at6656          -            588   2.3e-16   57.8   0.0   1   1   2.8e-19   2.7e-16   57.6   0.0   134   298     1   158     1   158 0.86 -
#
# Program:         hmmsearch
# Version:         3.1b2 (February 2015)
# Pipeline mode:   SEARCH
# Query file:      /hpcdata/bcbb/homc/Barillaslab/Agam_hemo_transcriptomes/scripts/compare_txomes/busco/busco_downloads/lineages/arthropoda_odb10/hmms/26734at6656.hmm
# Target file:     /hpcdata/bcbb/homc/Barillaslab/Agam_hemo_transcriptomes/scripts/compare_txomes/busco/denovo_Agamhemo_BUSCO/run_arthropoda_odb10/metaeuk_output/initial_results/de_novo_transcriptome_with_genome_hits_and_expression_filtering.gffread.fa.modified.fas
# Option settings: hmmsearch --domtblout /hpcdata/bcbb/homc/Barillaslab/Agam_hemo_transcriptomes/scripts/compare_txomes/busco/denovo_Agamhemo_BUSCO/run_arthropoda_odb10/hmmer_output/initial_run_results/26734at6656.out --cpu 1 /hpcdata/bcbb/homc/Barillaslab/Agam_hemo_transcriptomes/scripts/compare_txomes/busco/busco_downloads/lineages/arthropoda_odb10/hmms/26734at6656.hmm /hpcdata/bcbb/homc/Barillaslab/Agam_hemo_transcriptomes/scripts/compare_txomes/busco/denovo_Agamhemo_BUSCO/run_arthropoda_odb10/metaeuk_output/initial_results/de_novo_transcriptome_with_genome_hits_and_expression_filtering.gffread.fa.modified.fas 
# Current dir:     /hpcdata/bcbb/homc/Barillaslab/Agam_hemo_transcriptomes/scripts/compare_txomes/busco
# Date:            Sun Jan 29 12:58:28 2023
# [ok]
