#                                                                                                                  --- full sequence --- -------------- this domain -------------   hmm coord   ali coord   env coord
# target name                                              accession   tlen query name           accession   qlen   E-value  score  bias   #  of  c-Evalue  i-Evalue  score  bias  from    to  from    to  from    to  acc description of target
#                                      ------------------- ---------- ----- -------------------- ---------- ----- --------- ------ ----- --- --- --------- --------- ------ ----- ----- ----- ----- ----- ----- ----- ---- ---------------------
de_novo.AGAP011551-RA.1:0-3959                             -           1320 30962at6656          -            724  6.4e-266  882.5  36.0   1   6  1.2e-188  3.3e-187  622.4   4.2     1   424     1   508     1   513 0.88 -
de_novo.AGAP011551-RA.1:0-3959                             -           1320 30962at6656          -            724  6.4e-266  882.5  36.0   2   6   4.2e-30   1.2e-28   98.2   4.6   422   533   568   707   561   713 0.84 -
de_novo.AGAP011551-RA.1:0-3959                             -           1320 30962at6656          -            724  6.4e-266  882.5  36.0   3   6   2.8e-10   7.6e-09   32.7   0.1   531   619   735   839   729   848 0.77 -
de_novo.AGAP011551-RA.1:0-3959                             -           1320 30962at6656          -            724  6.4e-266  882.5  36.0   4   6       3.3        90   -0.6   0.0   587   607   934   954   932   975 0.76 -
de_novo.AGAP011551-RA.1:0-3959                             -           1320 30962at6656          -            724  6.4e-266  882.5  36.0   5   6       2.2        60   -0.0   0.8   600   615  1050  1065  1038  1078 0.81 -
de_novo.AGAP011551-RA.1:0-3959                             -           1320 30962at6656          -            724  6.4e-266  882.5  36.0   6   6   1.8e-40     5e-39  132.5   0.1   608   724  1192  1315  1183  1315 0.91 -
de_novo.Agm54242U_210909_035710_32770565_ccs.1:12-2360     -            783 30962at6656          -            724  1.5e-205  683.0  17.6   1   5   2.8e-30   7.8e-29   98.8   0.0     1    80     1    84     1    89 0.95 -
de_novo.Agm54242U_210909_035710_32770565_ccs.1:12-2360     -            783 30962at6656          -            724  1.5e-205  683.0  17.6   2   5  1.9e-138  5.1e-137  456.4   2.3    72   327    96   367    93   373 0.94 -
de_novo.Agm54242U_210909_035710_32770565_ccs.1:12-2360     -            783 30962at6656          -            724  1.5e-205  683.0  17.6   3   5       1.8        50    0.3   0.0   587   607   397   417   395   439 0.76 -
de_novo.Agm54242U_210909_035710_32770565_ccs.1:12-2360     -            783 30962at6656          -            724  1.5e-205  683.0  17.6   4   5       1.2        32    0.9   0.8   600   615   513   528   500   541 0.81 -
de_novo.Agm54242U_210909_035710_32770565_ccs.1:12-2360     -            783 30962at6656          -            724  1.5e-205  683.0  17.6   5   5   8.6e-41   2.4e-39  133.6   0.1   608   724   655   778   645   778 0.91 -
de_novo.Agm54242U_210819_213017_95422388_ccs.1:288-1097    -            270 30962at6656          -            724  1.3e-132  441.8   3.2   1   1  5.4e-134  1.5e-132  441.7   3.2    73   320     1   261     1   270 0.92 -
de_novo.Agm54242U_210909_035710_48891260_ccs.1:801-1238    -            146 30962at6656          -            724   4.7e-41  139.2   0.1   1   1     2e-42   5.5e-41  139.0   0.1   608   724    18   141     9   141 0.91 -
de_novo.Agm54242U_210819_213017_125700578_ccs.1:66-902     -            279 30962at6656          -            724   1.1e-26   91.6   6.9   1   4   0.00039     0.011   12.4   0.1   231   266    36    71    31    76 0.78 -
de_novo.Agm54242U_210819_213017_125700578_ccs.1:66-902     -            279 30962at6656          -            724   1.1e-26   91.6   6.9   2   4   3.7e-09     1e-07   29.0   0.6   215   308    64   160    64   162 0.86 -
de_novo.Agm54242U_210819_213017_125700578_ccs.1:66-902     -            279 30962at6656          -            724   1.1e-26   91.6   6.9   3   4     1e-13   2.7e-12   44.1   0.0   215   300   155   240   152   242 0.96 -
de_novo.Agm54242U_210819_213017_125700578_ccs.1:66-902     -            279 30962at6656          -            724   1.1e-26   91.6   6.9   4   4   6.9e-09   1.9e-07   28.1   0.0   214   291   198   275   195   279 0.95 -
de_novo.AGAP003228-RA.1:63-1217                            -            385 30962at6656          -            724   4.2e-25   86.5   9.3   1   1   1.7e-25   4.5e-24   83.0   9.4    97   306   158   384   152   385 0.78 -
de_novo.AGAP007739-RA.1:441-1478                           -            346 30962at6656          -            724   4.7e-25   86.3   8.9   1   3   7.5e-05     0.002   14.7   0.0    96   133    10    48     2    58 0.78 -
de_novo.AGAP007739-RA.1:441-1478                           -            346 30962at6656          -            724   4.7e-25   86.3   8.9   2   3   2.1e-17   5.8e-16   56.2   5.9    99   308    68   271    62   275 0.83 -
de_novo.AGAP007739-RA.1:441-1478                           -            346 30962at6656          -            724   4.7e-25   86.3   8.9   3   3   2.6e-06   7.2e-05   19.5   0.0   202   298   254   345   248   346 0.82 -
de_novo.Agseq_132797.1:519-1556                            -            346 30962at6656          -            724   4.7e-25   86.3   8.9   1   3   7.5e-05     0.002   14.7   0.0    96   133    10    48     2    58 0.78 -
de_novo.Agseq_132797.1:519-1556                            -            346 30962at6656          -            724   4.7e-25   86.3   8.9   2   3   2.1e-17   5.8e-16   56.2   5.9    99   308    68   271    62   275 0.83 -
de_novo.Agseq_132797.1:519-1556                            -            346 30962at6656          -            724   4.7e-25   86.3   8.9   3   3   2.6e-06   7.2e-05   19.5   0.0   202   298   254   345   248   346 0.82 -
de_novo.Agm54242U_210909_035710_137234720_ccs.1:642-1295   -            218 30962at6656          -            724   3.7e-22   76.7   5.4   1   3    0.0015     0.042   10.4   0.0   226   264     3    40     1    49 0.85 -
de_novo.Agm54242U_210909_035710_137234720_ccs.1:642-1295   -            218 30962at6656          -            724   3.7e-22   76.7   5.4   2   3   1.7e-08   4.7e-07   26.8   1.3   188   256    54   118    46   120 0.79 -
de_novo.Agm54242U_210909_035710_137234720_ccs.1:642-1295   -            218 30962at6656          -            724   3.7e-22   76.7   5.4   3   3   4.9e-13   1.3e-11   41.8   0.2   206   303   114   208   110   214 0.87 -
de_novo.AGAP000444-RA.1:0-1022                             -            341 30962at6656          -            724   2.2e-21   74.2  18.4   1   4   6.4e-08   1.8e-06   24.9   0.9   227   311     7    92     4    99 0.82 -
de_novo.AGAP000444-RA.1:0-1022                             -            341 30962at6656          -            724   2.2e-21   74.2  18.4   2   4   1.3e-09   3.7e-08   30.4   4.0   228   307    98   181    87   190 0.83 -
de_novo.AGAP000444-RA.1:0-1022                             -            341 30962at6656          -            724   2.2e-21   74.2  18.4   3   4      0.12       3.3    4.2   0.1   229   263   194   227   184   235 0.66 -
de_novo.AGAP000444-RA.1:0-1022                             -            341 30962at6656          -            724   2.2e-21   74.2  18.4   4   4   2.5e-07   6.8e-06   22.9   0.1   232   309   255   338   247   341 0.77 -
de_novo.Agseq_62894.1:0-2408                               -            803 30962at6656          -            724   2.9e-19   67.1   1.5   1   3   1.6e-14   4.2e-13   46.8   1.5   110   267    75   228    64   244 0.88 -
de_novo.Agseq_62894.1:0-2408                               -            803 30962at6656          -            724   2.9e-19   67.1   1.5   2   3   1.4e-06   3.9e-05   20.4   1.1    95   174   193   281   186   281 0.77 -
de_novo.Agseq_62894.1:0-2408                               -            803 30962at6656          -            724   2.9e-19   67.1   1.5   3   3   2.2e-05    0.0006   16.5   0.0   214   260   273   319   245   322 0.86 -
de_novo.Agm54242U_210909_035710_13762632_ccs.1:327-1340    -            338 30962at6656          -            724   4.1e-19   66.6  10.4   1   4   8.8e-08   2.4e-06   24.4   0.1   186   270    37   115    30   116 0.84 -
de_novo.Agm54242U_210909_035710_13762632_ccs.1:327-1340    -            338 30962at6656          -            724   4.1e-19   66.6  10.4   2   4   1.4e-07   3.8e-06   23.8   0.1   215   266   104   154   101   158 0.92 -
de_novo.Agm54242U_210909_035710_13762632_ccs.1:327-1340    -            338 30962at6656          -            724   4.1e-19   66.6  10.4   3   4   7.4e-06    0.0002   18.1   0.8   227   292   158   221   155   233 0.87 -
de_novo.Agm54242U_210909_035710_13762632_ccs.1:327-1340    -            338 30962at6656          -            724   4.1e-19   66.6  10.4   4   4   0.00022    0.0062   13.2   0.3   211   305   248   337   241   338 0.56 -
de_novo.AGAP009506-RA.1:0-1049                             -            350 30962at6656          -            724   6.3e-19   66.0   0.0   1   3    0.0035     0.096    9.2   0.0   226   306    50   128    47   135 0.86 -
de_novo.AGAP009506-RA.1:0-1049                             -            350 30962at6656          -            724   6.3e-19   66.0   0.0   2   3   0.00013    0.0035   14.0   0.1   214   279   124   187   119   190 0.88 -
de_novo.AGAP009506-RA.1:0-1049                             -            350 30962at6656          -            724   6.3e-19   66.0   0.0   3   3     2e-16   5.6e-15   53.0   0.0   112   299   158   340   156   345 0.84 -
de_novo.Agseq_84606.1:126-737                              -            204 30962at6656          -            724   3.6e-18   63.5   6.5   1   3   0.00023    0.0064   13.1   0.2   230   266    35    71    30    76 0.79 -
de_novo.Agseq_84606.1:126-737                              -            204 30962at6656          -            724   3.6e-18   63.5   6.5   2   3   1.7e-09   4.6e-08   30.1   0.7   215   309    64   161    64   164 0.86 -
de_novo.Agseq_84606.1:126-737                              -            204 30962at6656          -            724   3.6e-18   63.5   6.5   3   3   1.8e-09     5e-08   30.0   0.6   215   263   155   203   152   204 0.96 -
de_novo.Agm54242U_210909_035710_170393625_ccs.1:336-1097   -            254 30962at6656          -            724   8.2e-18   62.3   9.5   1   2   3.7e-11     1e-09   35.6   0.5   143   267    39   160    13   193 0.81 -
de_novo.Agm54242U_210909_035710_170393625_ccs.1:336-1097   -            254 30962at6656          -            724   8.2e-18   62.3   9.5   2   2     7e-12   1.9e-10   38.0   2.8   112   308    54   251    53   254 0.84 -
de_novo.Agm54242U_210819_213017_47842287_ccs.1:702-1421    -            240 30962at6656          -            724   8.6e-18   62.3   2.4   1   3   4.7e-13   1.3e-11   41.9   0.1   146   267     1   114     1   117 0.85 -
de_novo.Agm54242U_210819_213017_47842287_ccs.1:702-1421    -            240 30962at6656          -            724   8.6e-18   62.3   2.4   2   3   9.8e-07   2.7e-05   21.0   0.6   224   302   114   192   111   223 0.82 -
de_novo.Agm54242U_210819_213017_47842287_ccs.1:702-1421    -            240 30962at6656          -            724   8.6e-18   62.3   2.4   3   3         4   1.1e+02   -0.9   0.0   226   263   204   240   193   240 0.80 -
de_novo.Agseq_59512.1:1158-2261                            -            368 30962at6656          -            724   1.1e-16   58.6   0.6   1   2   0.00012    0.0032   14.1   0.0   190   266    61   142    47   146 0.79 -
de_novo.Agseq_59512.1:1158-2261                            -            368 30962at6656          -            724   1.1e-16   58.6   0.6   2   2   2.5e-13   6.7e-12   42.8   0.2    95   296   161   365   151   368 0.84 -
de_novo.AGAP010251-RA.1:45-836                             -            264 30962at6656          -            724   1.2e-16   58.5   6.1   1   3   1.6e-07   4.4e-06   23.6   0.0   211   296    14    96     1    98 0.77 -
de_novo.AGAP010251-RA.1:45-836                             -            264 30962at6656          -            724   1.2e-16   58.5   6.1   2   3   2.2e-07     6e-06   23.1   1.6   250   314    93   156    73   160 0.84 -
de_novo.AGAP010251-RA.1:45-836                             -            264 30962at6656          -            724   1.2e-16   58.5   6.1   3   3   8.6e-05    0.0023   14.6   0.2   228   304   187   262   176   264 0.76 -
de_novo.Agm54242U_210909_035710_27460192_ccs.1:45-836      -            264 30962at6656          -            724   1.2e-16   58.5   6.1   1   3   1.6e-07   4.4e-06   23.6   0.0   211   296    14    96     1    98 0.77 -
de_novo.Agm54242U_210909_035710_27460192_ccs.1:45-836      -            264 30962at6656          -            724   1.2e-16   58.5   6.1   2   3   2.2e-07     6e-06   23.1   1.6   250   314    93   156    73   160 0.84 -
de_novo.Agm54242U_210909_035710_27460192_ccs.1:45-836      -            264 30962at6656          -            724   1.2e-16   58.5   6.1   3   3   8.6e-05    0.0023   14.6   0.2   228   304   187   262   176   264 0.76 -
de_novo.Agm54242Ue_220404_200923_117507367_ccs.1:248-1006  -            253 30962at6656          -            724   5.1e-16   56.4  10.8   1   3   3.1e-10   8.6e-09   32.5   2.3   228   307    10    93     7   100 0.84 -
de_novo.Agm54242Ue_220404_200923_117507367_ccs.1:248-1006  -            253 30962at6656          -            724   5.1e-16   56.4  10.8   2   3     0.075         2    4.8   0.1   229   263   106   139    94   147 0.67 -
de_novo.Agm54242Ue_220404_200923_117507367_ccs.1:248-1006  -            253 30962at6656          -            724   5.1e-16   56.4  10.8   3   3   1.4e-07   3.8e-06   23.8   0.1   232   309   167   250   159   253 0.77 -
de_novo.Agm54242Ue_220404_200923_72024242_ccs.1:61-807     -            249 30962at6656          -            724   8.5e-16   55.7   5.6   1   3   8.4e-11   2.3e-09   34.4   2.0   214   311    27   123    14   130 0.87 -
de_novo.Agm54242Ue_220404_200923_72024242_ccs.1:61-807     -            249 30962at6656          -            724   8.5e-16   55.7   5.6   2   3    0.0011     0.029   10.9   0.0    96   134   131   169   122   175 0.87 -
de_novo.Agm54242Ue_220404_200923_72024242_ccs.1:61-807     -            249 30962at6656          -            724   8.5e-16   55.7   5.6   3   3    0.0005     0.014   12.0   0.0    92   172   168   248   165   249 0.81 -
de_novo.Agm54242Ue_220404_200923_64686449_ccs.1:768-1418   -            217 30962at6656          -            724   1.3e-15   55.0   0.9   1   3   9.2e-08   2.5e-06   24.4   0.0   188   265     9    79     3    83 0.82 -
de_novo.Agm54242Ue_220404_200923_64686449_ccs.1:768-1418   -            217 30962at6656          -            724   1.3e-15   55.0   0.9   2   3   2.3e-07   6.2e-06   23.1   0.1   225   295    88   158    84   179 0.79 -
de_novo.Agm54242Ue_220404_200923_64686449_ccs.1:768-1418   -            217 30962at6656          -            724   1.3e-15   55.0   0.9   3   3     0.053       1.5    5.3   0.0   229   263   180   213   165   216 0.86 -
de_novo.Agseq_189239.1:975-1625                            -            217 30962at6656          -            724   1.3e-15   55.0   0.9   1   3   9.2e-08   2.5e-06   24.4   0.0   188   265     9    79     3    83 0.82 -
de_novo.Agseq_189239.1:975-1625                            -            217 30962at6656          -            724   1.3e-15   55.0   0.9   2   3   2.3e-07   6.2e-06   23.1   0.1   225   295    88   158    84   179 0.79 -
de_novo.Agseq_189239.1:975-1625                            -            217 30962at6656          -            724   1.3e-15   55.0   0.9   3   3     0.053       1.5    5.3   0.0   229   263   180   213   165   216 0.86 -
de_novo.Agm54242Ue_220404_200923_101319059_ccs.1:15-1496   -            494 30962at6656          -            724   1.5e-15   54.9   4.4   1   3   1.6e-09   4.5e-08   30.2   0.1   224   297   193   266   190   281 0.91 -
de_novo.Agm54242Ue_220404_200923_101319059_ccs.1:15-1496   -            494 30962at6656          -            724   1.5e-15   54.9   4.4   2   3   4.5e-05    0.0012   15.5   0.1   247   355   303   408   293   415 0.84 -
de_novo.Agm54242Ue_220404_200923_101319059_ccs.1:15-1496   -            494 30962at6656          -            724   1.5e-15   54.9   4.4   3   3    0.0032     0.087    9.4   0.1    89   134   414   459   409   494 0.78 -
de_novo.Agseq_130718.1:277-906                             -            210 30962at6656          -            724   2.5e-15   54.1   0.7   1   1   5.6e-16   1.5e-14   51.5   0.7   111   305     5   209     2   210 0.81 -
de_novo.AGAP007244-RA.1:0-1283                             -            428 30962at6656          -            724   2.5e-15   54.1   5.4   1   3   7.7e-05    0.0021   14.7   1.9   157   265   123   229   100   235 0.77 -
de_novo.AGAP007244-RA.1:0-1283                             -            428 30962at6656          -            724   2.5e-15   54.1   5.4   2   3   7.3e-06    0.0002   18.1   0.0   224   306   251   328   243   340 0.87 -
de_novo.AGAP007244-RA.1:0-1283                             -            428 30962at6656          -            724   2.5e-15   54.1   5.4   3   3   1.8e-06     5e-05   20.1   0.0   230   306   342   416   335   425 0.70 -
de_novo.Agseq_157484.1:0-1841                              -            614 30962at6656          -            724   3.6e-15   53.6   4.2   1   3   2.2e-09   5.9e-08   29.8   0.1   224   299   313   387   310   403 0.91 -
de_novo.Agseq_157484.1:0-1841                              -            614 30962at6656          -            724   3.6e-15   53.6   4.2   2   3   6.6e-05    0.0018   14.9   0.1   247   355   423   528   413   534 0.84 -
de_novo.Agseq_157484.1:0-1841                              -            614 30962at6656          -            724   3.6e-15   53.6   4.2   3   3    0.0029     0.081    9.5   0.2    88   134   533   579   515   614 0.76 -
de_novo.Agseq_125435.1:198-1007                            -            270 30962at6656          -            724   3.8e-15   53.5   2.9   1   3   1.6e-08   4.5e-07   26.9   0.1   214   315     9   110     5   127 0.85 -
de_novo.Agseq_125435.1:198-1007                            -            270 30962at6656          -            724   3.8e-15   53.5   2.9   2   3       2.9        79   -0.4   0.0   105   135   124   154   108   162 0.74 -
de_novo.Agseq_125435.1:198-1007                            -            270 30962at6656          -            724   3.8e-15   53.5   2.9   3   3   2.8e-08   7.6e-07   26.1   0.5   186   302   158   266   149   270 0.83 -
de_novo.Agm54242U_210819_213017_61606364_ccs.1:46-1314     -            423 30962at6656          -            724   1.8e-14   51.3   4.9   1   2   2.2e-12   5.9e-11   39.7   0.6    96   289   111   292   104   304 0.84 -
de_novo.Agm54242U_210819_213017_61606364_ccs.1:46-1314     -            423 30962at6656          -            724   1.8e-14   51.3   4.9   2   2   6.6e-07   1.8e-05   21.5   0.3    94   264   193   350   185   362 0.74 -
de_novo.Agseq_134205.1:0-1367                              -            456 30962at6656          -            724   2.2e-14   51.0   8.7   1   3   2.3e-05   0.00064   16.4   0.7   232   310    27   106    21   112 0.82 -
de_novo.Agseq_134205.1:0-1367                              -            456 30962at6656          -            724   2.2e-14   51.0   8.7   2   3   1.6e-14   4.4e-13   46.7   1.7    72   265    88   282    85   297 0.84 -
de_novo.Agseq_134205.1:0-1367                              -            456 30962at6656          -            724   2.2e-14   51.0   8.7   3   3       1.3        35    0.8   0.1   115   189   269   340   267   344 0.75 -
de_novo.Agseq_149334.1:46-1383                             -            446 30962at6656          -            724   3.5e-14   50.4   5.3   1   2   2.5e-12   6.9e-11   39.5   0.6    96   289   134   315   127   327 0.84 -
de_novo.Agseq_149334.1:46-1383                             -            446 30962at6656          -            724   3.5e-14   50.4   5.3   2   2   8.6e-07   2.4e-05   21.2   0.4    95   264   217   373   209   380 0.73 -
de_novo.Agm54242U_210909_035710_10291193_ccs.1:0-1211      -            404 30962at6656          -            724   8.2e-14   49.1   0.5   1   3     0.016      0.43    7.1   0.0   225   264    61    99    56   107 0.86 -
de_novo.Agm54242U_210909_035710_10291193_ccs.1:0-1211      -            404 30962at6656          -            724   8.2e-14   49.1   0.5   2   3    0.0016     0.045   10.3   0.0   227   275   109   157   101   167 0.79 -
de_novo.Agm54242U_210909_035710_10291193_ccs.1:0-1211      -            404 30962at6656          -            724   8.2e-14   49.1   0.5   3   3   5.3e-09   1.5e-07   28.5   0.0   165   266   212   309   193   324 0.83 -
de_novo.Agm54242Ue_220404_200923_31654498_ccs.1:159-927    -            254 30962at6656          -            724   8.9e-14   49.0   6.6   1   2   3.7e-10     1e-08   32.3   2.5   193   313    11   126     7   142 0.83 -
de_novo.Agm54242Ue_220404_200923_31654498_ccs.1:159-927    -            254 30962at6656          -            724   8.9e-14   49.0   6.6   2   2   7.2e-09     2e-07   28.0   0.7   101   262    95   251    90   254 0.62 -
de_novo.Agm54242U_210909_035710_161022849_ccs.1:0-1439     -            480 30962at6656          -            724   1.3e-13   48.4   0.4   1   3     0.019      0.53    6.8   0.0   225   264    85   123    81   132 0.85 -
de_novo.Agm54242U_210909_035710_161022849_ccs.1:0-1439     -            480 30962at6656          -            724   1.3e-13   48.4   0.4   2   3    0.0022      0.06    9.9   0.0   227   275   133   181   125   189 0.79 -
de_novo.Agm54242U_210909_035710_161022849_ccs.1:0-1439     -            480 30962at6656          -            724   1.3e-13   48.4   0.4   3   3   7.4e-09     2e-07   28.0   0.0   165   266   288   385   270   396 0.82 -
de_novo.Agm54242U_210909_035710_173474424_ccs.1:2-1657     -            552 30962at6656          -            724   2.2e-13   47.7   0.3   1   3     0.022      0.61    6.6   0.0   225   264   243   281   234   289 0.86 -
de_novo.Agm54242U_210909_035710_173474424_ccs.1:2-1657     -            552 30962at6656          -            724   2.2e-13   47.7   0.3   2   3    0.0025     0.069    9.7   0.0   227   275   291   339   283   349 0.79 -
de_novo.Agm54242U_210909_035710_173474424_ccs.1:2-1657     -            552 30962at6656          -            724   2.2e-13   47.7   0.3   3   3     1e-08   2.9e-07   27.5   0.0   165   266   446   543   428   546 0.81 -
de_novo.Agseq_128624.1:127-834                             -            236 30962at6656          -            724   2.9e-13   47.3   5.2   1   3    0.0039      0.11    9.1   0.0    95   128     5    38     1    46 0.75 -
de_novo.Agseq_128624.1:127-834                             -            236 30962at6656          -            724   2.9e-13   47.3   5.2   2   3   1.7e-07   4.7e-06   23.5   1.6   250   314    65   128    45   132 0.84 -
de_novo.Agseq_128624.1:127-834                             -            236 30962at6656          -            724   2.9e-13   47.3   5.2   3   3   6.9e-05    0.0019   14.9   0.2   228   304   159   234   148   236 0.76 -
de_novo.AGAP007544-RA.1:171-770                            -            200 30962at6656          -            724   3.3e-13   47.1   0.5   1   2   2.2e-05    0.0006   16.5   0.0    95   138    10    53     5    65 0.79 -
de_novo.AGAP007544-RA.1:171-770                            -            200 30962at6656          -            724   3.3e-13   47.1   0.5   2   2   2.8e-09   7.8e-08   29.4   0.1   227   309    66   145    60   154 0.87 -
de_novo.AGAP004374-RA.1:30-1625                            -            532 30962at6656          -            724   3.4e-13   47.1   2.5   1   3    0.0024     0.066    9.8   0.0    90   140   236   287   221   293 0.84 -
de_novo.AGAP004374-RA.1:30-1625                            -            532 30962at6656          -            724   3.4e-13   47.1   2.5   2   3   7.9e-08   2.2e-06   24.6   0.4   151   278   330   449   321   457 0.85 -
de_novo.AGAP004374-RA.1:30-1625                            -            532 30962at6656          -            724   3.4e-13   47.1   2.5   3   3    0.0013     0.035   10.7   0.0   210   262   467   523   455   527 0.80 -
de_novo.Agm54242Ue_220404_200923_4983077_ccs.1:234-1106    -            291 30962at6656          -            724   9.9e-13   45.5   1.7   1   2   8.7e-05    0.0024   14.5   0.2   231   325     2    93     1   104 0.83 -
de_novo.Agm54242Ue_220404_200923_4983077_ccs.1:234-1106    -            291 30962at6656          -            724   9.9e-13   45.5   1.7   2   2   1.7e-09   4.7e-08   30.1   0.1   115   306   111   291    94   291 0.71 -
de_novo.Agm54242U_210909_035710_24772883_ccs.1:45-947      -            301 30962at6656          -            724   1.4e-12   45.0   0.0   1   2   9.3e-09   2.5e-07   27.7   0.0   227   310    33   113    21   127 0.86 -
de_novo.Agm54242U_210909_035710_24772883_ccs.1:45-947      -            301 30962at6656          -            724   1.4e-12   45.0   0.0   2   2   5.1e-05    0.0014   15.3   0.0    93   196   164   264   135   281 0.74 -
de_novo.Agm54242Ue_220404_200923_173867982_ccs.1:0-1232    -            411 30962at6656          -            724   6.6e-12   42.8   2.8   1   4   1.2e-09   3.4e-08   30.6   0.1   224   297   120   193   116   207 0.91 -
de_novo.Agm54242Ue_220404_200923_173867982_ccs.1:0-1232    -            411 30962at6656          -            724   6.6e-12   42.8   2.8   2   4   0.00062     0.017   11.7   0.0   217   297   157   236   156   256 0.81 -
de_novo.Agm54242Ue_220404_200923_173867982_ccs.1:0-1232    -            411 30962at6656          -            724   6.6e-12   42.8   2.8   3   4       3.6        98   -0.7   0.0   266   354   238   324   228   331 0.65 -
de_novo.Agm54242Ue_220404_200923_173867982_ccs.1:0-1232    -            411 30962at6656          -            724   6.6e-12   42.8   2.8   4   4    0.0016     0.043   10.4   0.2    88   134   330   376   308   411 0.75 -
de_novo.Agm54242U_210819_213017_146735821_ccs.1:417-1433   -            339 30962at6656          -            724   1.2e-11   42.0   0.0   1   2   8.9e-10   2.4e-08   31.0   0.0    93   279     2   182     1   186 0.85 -
de_novo.Agm54242U_210819_213017_146735821_ccs.1:417-1433   -            339 30962at6656          -            724   1.2e-11   42.0   0.0   2   2    0.0065      0.18    8.3   0.0    54   131   214   291   202   335 0.82 -
de_novo.Agm54242Ue_220404_200923_119670119_ccs.1:0-1136    -            379 30962at6656          -            724   1.4e-11   41.7   0.0   1   2       8.5   2.3e+02   -2.0   0.0   226   259    58    91    52    98 0.80 -
de_novo.Agm54242Ue_220404_200923_119670119_ccs.1:0-1136    -            379 30962at6656          -            724   1.4e-11   41.7   0.0   2   2   1.5e-12   4.1e-11   40.2   0.0   141   311   128   291   105   330 0.84 -
de_novo.Agm54242U_210819_213017_52560380_ccs.1:465-1046    -            194 30962at6656          -            724   1.6e-11   41.6   2.1   1   2   0.00047     0.013   12.1   0.2   232   267     1    36     1    46 0.86 -
de_novo.Agm54242U_210819_213017_52560380_ccs.1:465-1046    -            194 30962at6656          -            724   1.6e-11   41.6   2.1   2   2   1.9e-09   5.3e-08   29.9   0.1   224   305    43   124    38   131 0.81 -
de_novo.AGAP005891-RA.1:234-878                            -            215 30962at6656          -            724   1.9e-11   41.3   3.1   1   3   0.00017    0.0046   13.6   0.1   281   311     6    36     2    39 0.81 -
de_novo.AGAP005891-RA.1:234-878                            -            215 30962at6656          -            724   1.9e-11   41.3   3.1   2   3   9.9e-07   2.7e-05   21.0   0.0   221   272    40    90    37    94 0.91 -
de_novo.AGAP005891-RA.1:234-878                            -            215 30962at6656          -            724   1.9e-11   41.3   3.1   3   3     0.021      0.57    6.7   0.2   229   274    91   134    87   141 0.82 -
de_novo.Agm54242U_210819_213017_141886695_ccs.1:234-878    -            215 30962at6656          -            724   1.9e-11   41.3   3.1   1   3   0.00017    0.0046   13.6   0.1   281   311     6    36     2    39 0.81 -
de_novo.Agm54242U_210819_213017_141886695_ccs.1:234-878    -            215 30962at6656          -            724   1.9e-11   41.3   3.1   2   3   9.9e-07   2.7e-05   21.0   0.0   221   272    40    90    37    94 0.91 -
de_novo.Agm54242U_210819_213017_141886695_ccs.1:234-878    -            215 30962at6656          -            724   1.9e-11   41.3   3.1   3   3     0.021      0.57    6.7   0.2   229   274    91   134    87   141 0.82 -
de_novo.Agseq_108524.1:921-1565                            -            215 30962at6656          -            724   1.9e-11   41.3   3.1   1   3   0.00017    0.0046   13.6   0.1   281   311     6    36     2    39 0.81 -
de_novo.Agseq_108524.1:921-1565                            -            215 30962at6656          -            724   1.9e-11   41.3   3.1   2   3   9.9e-07   2.7e-05   21.0   0.0   221   272    40    90    37    94 0.91 -
de_novo.Agseq_108524.1:921-1565                            -            215 30962at6656          -            724   1.9e-11   41.3   3.1   3   3     0.021      0.57    6.7   0.2   229   274    91   134    87   141 0.82 -
de_novo.Agm54242U_210819_213017_104008273_ccs.1:0-2801     -            934 30962at6656          -            724     4e-11   40.2   0.0   1   1   2.2e-12   5.9e-11   39.7   0.0    88   312     9   220     4   228 0.82 -
de_novo.Agm54242U_210819_213017_145230358_ccs.1:50-490     -            147 30962at6656          -            724   4.4e-11   40.1   0.2   1   2   2.8e-05   0.00078   16.1   0.3   214   266     4    56     1    58 0.92 -
de_novo.Agm54242U_210819_213017_145230358_ccs.1:50-490     -            147 30962at6656          -            724   4.4e-11   40.1   0.2   2   2   3.7e-07     1e-05   22.4   0.0   226   306    59   138    55   143 0.89 -
de_novo.Agseq_184941.1:4-672                               -            223 30962at6656          -            724   7.9e-11   39.2   0.5   1   3   5.3e-06   0.00015   18.5   0.2   212   308    28   120    14   128 0.80 -
de_novo.Agseq_184941.1:4-672                               -            223 30962at6656          -            724   7.9e-11   39.2   0.5   2   3     0.045       1.2    5.5   0.0    97   128   132   163   127   170 0.84 -
de_novo.Agseq_184941.1:4-672                               -            223 30962at6656          -            724   7.9e-11   39.2   0.5   3   3    0.0004     0.011   12.4   0.0    92   129   171   206   162   217 0.86 -
de_novo.Agm54242U_210909_035710_153094938_ccs.1:150-686    -            179 30962at6656          -            724   9.3e-11   39.0   0.3   1   2   4.9e-08   1.4e-06   25.3   0.1   230   310     1    78     1    92 0.86 -
de_novo.Agm54242U_210909_035710_153094938_ccs.1:150-686    -            179 30962at6656          -            724   9.3e-11   39.0   0.3   2   2   0.00042     0.011   12.3   0.0   207   265   110   164   101   178 0.61 -
de_novo.AGAP002030-RA.1:540-1598                           -            353 30962at6656          -            724   9.3e-11   39.0   1.0   1   3   0.00088     0.024   11.2   0.0   214   267    68   123    54   178 0.80 -
de_novo.AGAP002030-RA.1:540-1598                           -            353 30962at6656          -            724   9.3e-11   39.0   1.0   2   3      0.11       3.1    4.2   0.1   229   267   183   220   157   227 0.82 -
de_novo.AGAP002030-RA.1:540-1598                           -            353 30962at6656          -            724   9.3e-11   39.0   1.0   3   3   1.4e-06   3.8e-05   20.5   0.4   183   271   242   325   238   353 0.75 -
de_novo.Agseq_11650.1:408-1466                             -            353 30962at6656          -            724   9.3e-11   39.0   1.0   1   3   0.00088     0.024   11.2   0.0   214   267    68   123    54   178 0.80 -
de_novo.Agseq_11650.1:408-1466                             -            353 30962at6656          -            724   9.3e-11   39.0   1.0   2   3      0.11       3.1    4.2   0.1   229   267   183   220   157   227 0.82 -
de_novo.Agseq_11650.1:408-1466                             -            353 30962at6656          -            724   9.3e-11   39.0   1.0   3   3   1.4e-06   3.8e-05   20.5   0.4   183   271   242   325   238   353 0.75 -
de_novo.AGAP000930-RB.1:219-1043                           -            275 30962at6656          -            724   1.5e-10   38.3   0.1   1   2    0.0014      0.04   10.5   0.0    96   130     4    39     2    49 0.85 -
de_novo.AGAP000930-RB.1:219-1043                           -            275 30962at6656          -            724   1.5e-10   38.3   0.1   2   2   3.8e-08     1e-06   25.6   0.0   100   258    58   214    52   229 0.83 -
de_novo.Agm54242Ue_220404_200923_101910193_ccs.1:30-632    -            201 30962at6656          -            724   2.1e-10   37.9   5.3   1   3   3.6e-05   0.00099   15.8   1.8   236   311     1    76     1    82 0.88 -
de_novo.Agm54242Ue_220404_200923_101910193_ccs.1:30-632    -            201 30962at6656          -            724   2.1e-10   37.9   5.3   2   3   0.00075     0.021   11.4   0.0    96   135    84   123    75   128 0.87 -
de_novo.Agm54242Ue_220404_200923_101910193_ccs.1:30-632    -            201 30962at6656          -            724   2.1e-10   37.9   5.3   3   3   0.00039     0.011   12.4   0.0    92   171   121   200   118   201 0.81 -
de_novo.Agm54242Ue_220404_200923_61278135_ccs.1:93-695     -            201 30962at6656          -            724   2.1e-10   37.9   5.3   1   3   3.6e-05   0.00099   15.8   1.8   236   311     1    76     1    82 0.88 -
de_novo.Agm54242Ue_220404_200923_61278135_ccs.1:93-695     -            201 30962at6656          -            724   2.1e-10   37.9   5.3   2   3   0.00075     0.021   11.4   0.0    96   135    84   123    75   128 0.87 -
de_novo.Agm54242Ue_220404_200923_61278135_ccs.1:93-695     -            201 30962at6656          -            724   2.1e-10   37.9   5.3   3   3   0.00039     0.011   12.4   0.0    92   171   121   200   118   201 0.81 -
de_novo.Agm54242Ue_220404_200923_95224254_ccs.1:66-668     -            201 30962at6656          -            724   2.1e-10   37.9   5.3   1   3   3.6e-05   0.00099   15.8   1.8   236   311     1    76     1    82 0.88 -
de_novo.Agm54242Ue_220404_200923_95224254_ccs.1:66-668     -            201 30962at6656          -            724   2.1e-10   37.9   5.3   2   3   0.00075     0.021   11.4   0.0    96   135    84   123    75   128 0.87 -
de_novo.Agm54242Ue_220404_200923_95224254_ccs.1:66-668     -            201 30962at6656          -            724   2.1e-10   37.9   5.3   3   3   0.00039     0.011   12.4   0.0    92   171   121   200   118   201 0.81 -
de_novo.Agm54242Ue_220404_200923_28050811_ccs.1:0-1832     -            611 30962at6656          -            724   2.5e-10   37.6   3.2   1   5       0.4        11    2.4   0.1    96   130   282   314   275   335 0.80 -
de_novo.Agm54242Ue_220404_200923_28050811_ccs.1:0-1832     -            611 30962at6656          -            724   2.5e-10   37.6   3.2   2   5   3.8e-05     0.001   15.7   0.2   213   308   335   426   321   433 0.80 -
de_novo.Agm54242Ue_220404_200923_28050811_ccs.1:0-1832     -            611 30962at6656          -            724   2.5e-10   37.6   3.2   3   5      0.16       4.3    3.8   0.0    97   128   438   469   433   478 0.83 -
de_novo.Agm54242Ue_220404_200923_28050811_ccs.1:0-1832     -            611 30962at6656          -            724   2.5e-10   37.6   3.2   4   5    0.0021     0.058   10.0   0.0    96   128   479   511   470   515 0.88 -
de_novo.Agm54242Ue_220404_200923_28050811_ccs.1:0-1832     -            611 30962at6656          -            724   2.5e-10   37.6   3.2   5   5      0.67        18    1.7   0.0    95   129   520   554   512   562 0.88 -
de_novo.Agseq_64433.1:0-1952                               -            651 30962at6656          -            724   2.9e-10   37.4   2.9   1   5      0.49        13    2.1   0.0    96   130   322   354   315   370 0.81 -
de_novo.Agseq_64433.1:0-1952                               -            651 30962at6656          -            724   2.9e-10   37.4   2.9   2   5   3.9e-05    0.0011   15.7   0.2   211   308   373   466   358   472 0.80 -
de_novo.Agseq_64433.1:0-1952                               -            651 30962at6656          -            724   2.9e-10   37.4   2.9   3   5       0.2       5.4    3.5   0.0    97   127   478   508   474   515 0.83 -
de_novo.Agseq_64433.1:0-1952                               -            651 30962at6656          -            724   2.9e-10   37.4   2.9   4   5    0.0021     0.058   10.0   0.0    92   128   517   551   508   554 0.86 -
de_novo.Agseq_64433.1:0-1952                               -            651 30962at6656          -            724   2.9e-10   37.4   2.9   5   5      0.66        18    1.7   0.0    95   129   560   594   552   606 0.88 -
de_novo.Agm54242Ue_220404_200923_72418585_ccs.1:33-1922    -            630 30962at6656          -            724     3e-10   37.4   0.1   1   1   1.9e-11   5.1e-10   36.6   0.1   189   269    93   170    63   182 0.83 -
de_novo.Agm54242U_210819_213017_56822196_ccs.1:102-1355    -            418 30962at6656          -            724   3.2e-10   37.2   0.8   1   2       0.3       8.1    2.9   0.0   147   198   199   251   186   260 0.71 -
de_novo.Agm54242U_210819_213017_56822196_ccs.1:102-1355    -            418 30962at6656          -            724   3.2e-10   37.2   0.8   2   2   4.8e-10   1.3e-08   31.9   0.3   112   255   266   410   263   413 0.74 -
de_novo.AGAP006239-RA.1:0-1127                             -            376 30962at6656          -            724   4.2e-10   36.9   1.4   1   2   2.9e-07   7.9e-06   22.7   0.4   100   260   132   290   112   299 0.74 -
de_novo.AGAP006239-RA.1:0-1127                             -            376 30962at6656          -            724   4.2e-10   36.9   1.4   2   2   0.00039     0.011   12.4   0.0   226   261   328   363   323   372 0.90 -
de_novo.Agm54242Ue_220404_200923_164299516_ccs.1:159-797   -            213 30962at6656          -            724   4.5e-10   36.8   3.1   1   1   2.2e-06   6.1e-05   19.8   1.0   192   287    10    98     4   104 0.80 -
de_novo.Agm54242Ue_220404_200923_77793810_ccs.1:1-684      -            228 30962at6656          -            724   4.5e-10   36.8   0.9   1   2   6.6e-05    0.0018   14.9   0.0   229   287     4    62     2    63 0.78 -
de_novo.Agm54242Ue_220404_200923_77793810_ccs.1:1-684      -            228 30962at6656          -            724   4.5e-10   36.8   0.9   2   2   3.2e-07   8.9e-06   22.6   0.9    89   258    42   213    38   225 0.76 -
de_novo.Agm54242U_210819_213017_150407428_ccs.1:0-872      -            291 30962at6656          -            724     5e-10   36.6   6.5   1   2   1.8e-11     5e-10   36.6   6.5    97   307    12   245     6   261 0.81 -
de_novo.Agm54242U_210819_213017_150407428_ccs.1:0-872      -            291 30962at6656          -            724     5e-10   36.6   6.5   2   2       2.2        60   -0.0   0.4   229   263   256   289   248   291 0.79 -
de_novo.Agm54242U_210909_035710_79300589_ccs.1:0-872       -            291 30962at6656          -            724     5e-10   36.6   6.5   1   2   1.8e-11     5e-10   36.6   6.5    97   307    12   245     6   261 0.81 -
de_novo.Agm54242U_210909_035710_79300589_ccs.1:0-872       -            291 30962at6656          -            724     5e-10   36.6   6.5   2   2       2.2        60   -0.0   0.4   229   263   256   289   248   291 0.79 -
de_novo.Agm54242U_210909_035710_29098324_ccs.1:144-863     -            240 30962at6656          -            724   6.5e-10   36.2   0.1   1   3   1.7e-08   4.7e-07   26.8   0.0   229   310     2    80     1    93 0.87 -
de_novo.Agm54242U_210909_035710_29098324_ccs.1:144-863     -            240 30962at6656          -            724   6.5e-10   36.2   0.1   2   3      0.02      0.54    6.7   0.0   205   259   110   160   105   181 0.75 -
de_novo.Agm54242U_210909_035710_29098324_ccs.1:144-863     -            240 30962at6656          -            724   6.5e-10   36.2   0.1   3   3       3.7     1e+02   -0.8   0.0   146   189   174   217   161   230 0.75 -
de_novo.Agm54242U_210819_213017_12715226_ccs.1:1194-2072   -            293 30962at6656          -            724   6.8e-10   36.2   0.0   1   3      0.21       5.8    3.3   0.0    86   130    23    68    18    83 0.74 -
de_novo.Agm54242U_210819_213017_12715226_ccs.1:1194-2072   -            293 30962at6656          -            724   6.8e-10   36.2   0.0   2   3   4.6e-06   0.00013   18.7   0.0    96   260    81   245    75   248 0.73 -
de_novo.Agm54242U_210819_213017_12715226_ccs.1:1194-2072   -            293 30962at6656          -            724   6.8e-10   36.2   0.0   3   3   2.8e-07   7.8e-06   22.7   0.0    97   262   129   293   124   293 0.75 -
de_novo.Agseq_176116.1:99-713                              -            205 30962at6656          -            724     8e-10   35.9   0.3   1   2   4.3e-05    0.0012   15.5   0.2   230   325     1    93     1   100 0.83 -
de_novo.Agseq_176116.1:99-713                              -            205 30962at6656          -            724     8e-10   35.9   0.3   2   2   3.9e-06   0.00011   19.0   0.0   114   198   110   189    94   204 0.82 -
de_novo.Agm54242Ue_220404_200923_119603605_ccs.1:311-892   -            194 30962at6656          -            724     9e-10   35.8   4.2   1   3   0.00022     0.006   13.2   1.1   245   311     2    69     1    76 0.88 -
de_novo.Agm54242Ue_220404_200923_119603605_ccs.1:311-892   -            194 30962at6656          -            724     9e-10   35.8   4.2   2   3   0.00074      0.02   11.5   0.0    96   135    77   116    69   121 0.87 -
de_novo.Agm54242Ue_220404_200923_119603605_ccs.1:311-892   -            194 30962at6656          -            724     9e-10   35.8   4.2   3   3   0.00036    0.0099   12.5   0.0    92   171   114   193   111   194 0.81 -
de_novo.Agm54242U_210909_035710_132843918_ccs.1:141-1118   -            326 30962at6656          -            724     1e-09   35.5   0.7   1   2    0.0013     0.037   10.6   0.0   229   262     4    36     2    42 0.90 -
de_novo.Agm54242U_210909_035710_132843918_ccs.1:141-1118   -            326 30962at6656          -            724     1e-09   35.5   0.7   2   2   1.1e-06     3e-05   20.8   1.0    90   258    43   213    39   224 0.76 -
de_novo.Agseq_176983.1:84-1061                             -            326 30962at6656          -            724     1e-09   35.5   0.7   1   2    0.0013     0.037   10.6   0.0   229   262     4    36     2    42 0.90 -
de_novo.Agseq_176983.1:84-1061                             -            326 30962at6656          -            724     1e-09   35.5   0.7   2   2   1.1e-06     3e-05   20.8   1.0    90   258    43   213    39   224 0.76 -
de_novo.Agm54242Ue_220404_200923_133694281_ccs.1:191-1033  -            281 30962at6656          -            724   1.1e-09   35.5   0.0   1   2     0.016      0.44    7.0   0.0    97   158     1    61     1    66 0.81 -
de_novo.Agm54242Ue_220404_200923_133694281_ccs.1:191-1033  -            281 30962at6656          -            724   1.1e-09   35.5   0.0   2   2   2.2e-08   5.9e-07   26.4   0.0    75   243   107   272   101   279 0.80 -
de_novo.Agm54242Ue_220404_200923_50529116_ccs.1:195-929    -            245 30962at6656          -            724   1.7e-09   34.9   1.6   1   2       1.1        31    0.9   0.4   231   265     2    35     1    39 0.76 -
de_novo.Agm54242Ue_220404_200923_50529116_ccs.1:195-929    -            245 30962at6656          -            724   1.7e-09   34.9   1.6   2   2   6.1e-11   1.7e-09   34.9   1.6   227   310    60   141    57   156 0.87 -
de_novo.Agm54242U_210909_035710_156436707_ccs.1:657-1457   -            267 30962at6656          -            724   2.1e-09   34.5   8.4   1   2   4.9e-09   1.3e-07   28.6   5.5    80   265     9   181     1   220 0.77 -
de_novo.Agm54242U_210909_035710_156436707_ccs.1:657-1457   -            267 30962at6656          -            724   2.1e-09   34.5   8.4   2   2      0.21       5.7    3.4   0.1   218   262   218   267   213   267 0.69 -
de_novo.Agm54242U_210909_035710_152830080_ccs.1:25-885     -            287 30962at6656          -            724   2.3e-09   34.4   3.6   1   1   6.6e-09   1.8e-07   28.1   3.4    97   272   109   276   107   286 0.65 -
de_novo.Agseq_100236.1:120-953                             -            278 30962at6656          -            724   2.6e-09   34.3   0.0   1   1   1.7e-10   4.5e-09   33.4   0.0   112   307    50   234    24   263 0.85 -
de_novo.Agm54242U_210819_213017_89785227_ccs.1:848-1654    -            269 30962at6656          -            724   2.8e-09   34.1   1.9   1   4   0.00022    0.0059   13.2   0.0    97   172     1    75     1    82 0.93 -
de_novo.Agm54242U_210819_213017_89785227_ccs.1:848-1654    -            269 30962at6656          -            724   2.8e-09   34.1   1.9   2   4     0.037         1    5.9   0.0    96   136    86   125    80   139 0.78 -
de_novo.Agm54242U_210819_213017_89785227_ccs.1:848-1654    -            269 30962at6656          -            724   2.8e-09   34.1   1.9   3   4    0.0013     0.034   10.7   0.4   215   310   151   246   142   251 0.74 -
de_novo.Agm54242U_210819_213017_89785227_ccs.1:848-1654    -            269 30962at6656          -            724   2.8e-09   34.1   1.9   4   4     0.012      0.32    7.5   0.1   103   151   220   267   210   269 0.72 -
de_novo.Agm54242Ue_220404_200923_140773074_ccs.1:376-936   -            187 30962at6656          -            724   2.9e-09   34.1   0.1   1   1   1.2e-10   3.2e-09   34.0   0.1    74   249     3   175     1   187 0.80 -
de_novo.Agseq_141556.1:12-1436                             -            475 30962at6656          -            724     3e-09   34.0  10.2   1   3      0.61        17    1.8   0.3   228   265    60    96    51   100 0.81 -
de_novo.Agseq_141556.1:12-1436                             -            475 30962at6656          -            724     3e-09   34.0  10.2   2   3     2e-10   5.5e-09   33.2   1.6   227   310   121   202   118   217 0.88 -
de_novo.Agseq_141556.1:12-1436                             -            475 30962at6656          -            724     3e-09   34.0  10.2   3   3      0.23       6.3    3.2   0.1   221   266   308   353   283   373 0.74 -
de_novo.Agm54242Ue_220404_200923_125830808_ccs.1:45-1046   -            334 30962at6656          -            724   3.1e-09   34.0   1.6   1   2      0.38        10    2.5   0.3   227   265    48    85    40    89 0.81 -
de_novo.Agm54242Ue_220404_200923_125830808_ccs.1:45-1046   -            334 30962at6656          -            724   3.1e-09   34.0   1.6   2   2   1.1e-10   3.1e-09   34.0   1.6   227   310   110   191   107   206 0.88 -
de_novo.Agm54242U_210909_035710_102697314_ccs.1:396-731    -            112 30962at6656          -            724   4.5e-09   33.5   0.0   1   1   2.1e-10   5.8e-09   33.1   0.0   186   288    14   110     7   111 0.86 -
de_novo.Agm54242U_210909_035710_120259775_ccs.1:15-2420    -            802 30962at6656          -            724   5.2e-09   33.3   0.8   1   2   9.7e-07   2.7e-05   21.0   0.0   229   309   225   302   212   312 0.84 -
de_novo.Agm54242U_210909_035710_120259775_ccs.1:15-2420    -            802 30962at6656          -            724   5.2e-09   33.3   0.8   2   2    0.0014     0.039   10.5   0.0   198   331   324   458   309   521 0.80 -
de_novo.Agm54242U_210909_035710_153485711_ccs.1:0-2954     -            985 30962at6656          -            724   5.4e-09   33.2   0.1   1   2   1.3e-06   3.5e-05   20.6   0.0   229   309   408   485   394   494 0.84 -
de_novo.Agm54242U_210909_035710_153485711_ccs.1:0-2954     -            985 30962at6656          -            724   5.4e-09   33.2   0.1   2   2     0.002     0.054   10.1   0.0   198   331   507   641   493   704 0.80 -
de_novo.Agm54242U_210909_035710_57936230_ccs.1:84-977      -            298 30962at6656          -            724   5.6e-09   33.2   0.1   1   4       9.8   2.7e+02   -2.2   0.0   226   257     4    34     3    49 0.79 -
de_novo.Agm54242U_210909_035710_57936230_ccs.1:84-977      -            298 30962at6656          -            724   5.6e-09   33.2   0.1   2   4   0.00028    0.0077   12.9   0.0   227   264    90   126    72   135 0.82 -
de_novo.Agm54242U_210909_035710_57936230_ccs.1:84-977      -            298 30962at6656          -            724   5.6e-09   33.2   0.1   3   4   3.4e-05   0.00094   15.9   0.1   229   273   135   178   129   189 0.88 -
de_novo.Agm54242U_210909_035710_57936230_ccs.1:84-977      -            298 30962at6656          -            724   5.6e-09   33.2   0.1   4   4       2.9        80   -0.4   0.0    96   128   264   294   225   296 0.74 -
de_novo.Agseq_193310.1:0-1511                              -            504 30962at6656          -            724   6.4e-09   32.9   0.1   1   2    0.0018     0.048   10.2   0.0   236   314   223   299   208   308 0.90 -
de_novo.Agseq_193310.1:0-1511                              -            504 30962at6656          -            724   6.4e-09   32.9   0.1   2   2   5.3e-06   0.00015   18.5   0.0   102   184   353   434   334   465 0.76 -
de_novo.Agm54242U_210909_035710_164365448_ccs.1:0-800      -            267 30962at6656          -            724   1.1e-08   32.1   0.0   1   2    0.0063      0.17    8.4   0.0   254   310     2    56     1    70 0.85 -
de_novo.Agm54242U_210909_035710_164365448_ccs.1:0-800      -            267 30962at6656          -            724   1.1e-08   32.1   0.0   2   2   7.4e-07     2e-05   21.4   0.0    93   237   107   243    80   251 0.85 -
de_novo.Agm54242Ue_220404_200923_37357269_ccs.1:1494-2243  -            250 30962at6656          -            724   1.3e-08   31.9   1.1   1   2   2.9e-06     8e-05   19.4   0.1   165   294    34   155    26   168 0.83 -
de_novo.Agm54242Ue_220404_200923_37357269_ccs.1:1494-2243  -            250 30962at6656          -            724   1.3e-08   31.9   1.1   2   2    0.0006     0.016   11.8   0.1   223   307   168   249   161   250 0.83 -
de_novo.Agm54242Ue_220404_200923_13961777_ccs.1:54-1365    -            435 30962at6656          -            724   1.5e-08   31.7   0.3   1   1   7.7e-10   2.1e-08   31.2   0.3   113   307   212   395   179   423 0.87 -
de_novo.AGAP003891-RA.1:81-965                             -            295 30962at6656          -            724   2.6e-08   30.9   0.4   1   2   3.5e-05   0.00095   15.8   0.1   190   293     5   103     1   115 0.55 -
de_novo.AGAP003891-RA.1:81-965                             -            295 30962at6656          -            724   2.6e-08   30.9   0.4   2   2   0.00062     0.017   11.7   0.0    95   200   168   267   117   279 0.73 -
de_novo.Agm54242U_210909_035710_162859086_ccs.1:132-1109   -            326 30962at6656          -            724     3e-08   30.7   0.0   1   4      0.35       9.7    2.6   0.0   226   271    50    93    23    96 0.78 -
de_novo.Agm54242U_210909_035710_162859086_ccs.1:132-1109   -            326 30962at6656          -            724     3e-08   30.7   0.0   2   4   2.2e-07   6.1e-06   23.1   0.0   194   266    65   134    58   141 0.83 -
de_novo.Agm54242U_210909_035710_162859086_ccs.1:132-1109   -            326 30962at6656          -            724     3e-08   30.7   0.0   3   4       3.5        95   -0.7   0.0   103   129   183   209   174   221 0.65 -
de_novo.Agm54242U_210909_035710_162859086_ccs.1:132-1109   -            326 30962at6656          -            724     3e-08   30.7   0.0   4   4      0.21       5.6    3.4   0.0   248   267   291   310   255   325 0.67 -
de_novo.Agseq_91874.1:1147-2367                            -            407 30962at6656          -            724     4e-08   30.3   0.1   1   2      0.31       8.4    2.8   0.0   192   244   192   242   143   270 0.79 -
de_novo.Agseq_91874.1:1147-2367                            -            407 30962at6656          -            724     4e-08   30.3   0.1   2   2   4.6e-08   1.3e-06   25.4   0.1   202   266   334   400   311   405 0.81 -
de_novo.AGAP005359-RA.1:3939-4772                          -            278 30962at6656          -            724   5.1e-08   30.0   4.7   1   4      0.48        13    2.2   0.1   209   266    25    76    14    84 0.73 -
de_novo.AGAP005359-RA.1:3939-4772                          -            278 30962at6656          -            724   5.1e-08   30.0   4.7   2   4     0.083       2.3    4.7   0.2    73   128    59   115    50   127 0.73 -
de_novo.AGAP005359-RA.1:3939-4772                          -            278 30962at6656          -            724   5.1e-08   30.0   4.7   3   4   0.00054     0.015   11.9   0.1   214   316   108   202   100   216 0.74 -
de_novo.AGAP005359-RA.1:3939-4772                          -            278 30962at6656          -            724   5.1e-08   30.0   4.7   4   4   2.2e-05   0.00059   16.5   0.4   104   172   211   277   177   278 0.75 -
de_novo.Agm54242U_210819_213017_99420781_ccs.1:2241-3074   -            278 30962at6656          -            724   5.1e-08   30.0   4.7   1   4      0.48        13    2.2   0.1   209   266    25    76    14    84 0.73 -
de_novo.Agm54242U_210819_213017_99420781_ccs.1:2241-3074   -            278 30962at6656          -            724   5.1e-08   30.0   4.7   2   4     0.083       2.3    4.7   0.2    73   128    59   115    50   127 0.73 -
de_novo.Agm54242U_210819_213017_99420781_ccs.1:2241-3074   -            278 30962at6656          -            724   5.1e-08   30.0   4.7   3   4   0.00054     0.015   11.9   0.1   214   316   108   202   100   216 0.74 -
de_novo.Agm54242U_210819_213017_99420781_ccs.1:2241-3074   -            278 30962at6656          -            724   5.1e-08   30.0   4.7   4   4   2.2e-05   0.00059   16.5   0.4   104   172   211   277   177   278 0.75 -
de_novo.Agm54242Ue_220404_200923_87165194_ccs.1:181-768    -            196 30962at6656          -            724   6.1e-08   29.7   0.0   1   1   2.7e-09   7.4e-08   29.4   0.0    95   244    32   181    18   188 0.88 -
de_novo.Agseq_166558.1:1407-2156                           -            250 30962at6656          -            724   8.7e-08   29.2   0.7   1   2   1.2e-06   3.2e-05   20.7   0.2   176   323    31   175    19   182 0.79 -
de_novo.Agseq_166558.1:1407-2156                           -            250 30962at6656          -            724   8.7e-08   29.2   0.7   2   2      0.11       2.9    4.3   0.0    86   126   206   246   185   250 0.57 -
de_novo.Agm54242U_210909_035710_118884358_ccs.1:72-614     -            181 30962at6656          -            724     1e-07   29.0   0.2   1   2    0.0005     0.014   12.0   0.0    95   130    52    88    44    98 0.84 -
de_novo.Agm54242U_210909_035710_118884358_ccs.1:72-614     -            181 30962at6656          -            724     1e-07   29.0   0.2   2   2   6.4e-05    0.0018   15.0   0.2   185   265   103   177    98   180 0.83 -
de_novo.Agm54242U_210909_035710_162857351_ccs.1:131-1054   -            308 30962at6656          -            724   1.4e-07   28.5   0.1   1   1   5.9e-09   1.6e-07   28.3   0.1    95   245   100   250    85   300 0.85 -
de_novo.Agm54242Ue_220404_200923_89785447_ccs.1:159-1082   -            308 30962at6656          -            724   1.4e-07   28.5   0.1   1   1   5.9e-09   1.6e-07   28.3   0.1    95   245   100   250    85   300 0.85 -
de_novo.Agm54242U_210909_035710_121702497_ccs.1:0-773      -            258 30962at6656          -            724   1.6e-07   28.3   4.0   1   3     0.075       2.1    4.8   0.2   251   306     4    63     3    69 0.67 -
de_novo.Agm54242U_210909_035710_121702497_ccs.1:0-773      -            258 30962at6656          -            724   1.6e-07   28.3   4.0   2   3    0.0013     0.036   10.7   0.7   192   281    36   122    29   129 0.69 -
de_novo.Agm54242U_210909_035710_121702497_ccs.1:0-773      -            258 30962at6656          -            724   1.6e-07   28.3   4.0   3   3   3.1e-05   0.00084   16.0   0.1   243   308   169   232   167   254 0.86 -
de_novo.AGAP007984-RA.1:267-2510                           -            748 30962at6656          -            724   1.9e-07   28.1   0.4   1   1   1.2e-08   3.2e-07   27.3   0.4   118   257    44   176    31   180 0.82 -
de_novo.AGAP028215-RA.1:519-1523                           -            335 30962at6656          -            724   2.1e-07   27.9   0.2   1   2   2.1e-06   5.9e-05   19.9   0.1   154   266   104   216    15   242 0.87 -
de_novo.AGAP028215-RA.1:519-1523                           -            335 30962at6656          -            724   2.1e-07   27.9   0.2   2   2     0.023      0.63    6.5   0.0   257   300   290   331   279   335 0.82 -
de_novo.AGAP001414-RA.1:0-1526                             -            509 30962at6656          -            724   2.2e-07   27.9   0.0   1   2   3.3e-07     9e-06   22.5   0.0   101   271   267   428   254   436 0.82 -
de_novo.AGAP001414-RA.1:0-1526                             -            509 30962at6656          -            724   2.2e-07   27.9   0.0   2   2      0.32       8.6    2.8   0.0   228   264   474   509   457   509 0.79 -
de_novo.Agm54242U_210909_035710_8127888_ccs.1:516-2921     -            802 30962at6656          -            724   2.3e-07   27.8   1.1   1   1   2.3e-08   6.3e-07   26.4   1.1   123   310     5   193     1   206 0.79 -
de_novo.Agseq_137035.1:143-991                             -            283 30962at6656          -            724   3.1e-07   27.4   0.0   1   2     0.043       1.2    5.6   0.0   247   309    10    72     1    78 0.62 -
de_novo.Agseq_137035.1:143-991                             -            283 30962at6656          -            724   3.1e-07   27.4   0.0   2   2   1.1e-05   0.00031   17.5   0.0    96   298    82   279    67   282 0.78 -
de_novo.Agm54242Ue_220404_200923_72024242_ccs.1:319-810    -            164 30962at6656          -            724   3.3e-07   27.3   2.5   1   2   0.00017    0.0045   13.6   0.6    77   134    23    83     5    90 0.72 -
de_novo.Agm54242Ue_220404_200923_72024242_ccs.1:319-810    -            164 30962at6656          -            724   3.3e-07   27.3   2.5   2   2    0.0002    0.0055   13.3   0.1    92   172    82   162    79   163 0.81 -
de_novo.Agm54242U_210819_213017_111215186_ccs.1:0-986      -            329 30962at6656          -            724   3.5e-07   27.2   0.2   1   3    0.0029     0.081    9.5   0.1    96   173    16    89    11    94 0.78 -
de_novo.Agm54242U_210819_213017_111215186_ccs.1:0-986      -            329 30962at6656          -            724   3.5e-07   27.2   0.2   2   3   0.00016    0.0044   13.7   0.1   185   270    57   137    44   145 0.82 -
de_novo.Agm54242U_210819_213017_111215186_ccs.1:0-986      -            329 30962at6656          -            724   3.5e-07   27.2   0.2   3   3    0.0078      0.21    8.1   0.0    92   126   219   253   168   278 0.79 -
de_novo.Agm54242U_210909_035710_12322264_ccs.1:388-1386    -            333 30962at6656          -            724   3.6e-07   27.2   0.2   1   3     0.003     0.082    9.4   0.1    96   173    20    93    15    98 0.78 -
de_novo.Agm54242U_210909_035710_12322264_ccs.1:388-1386    -            333 30962at6656          -            724   3.6e-07   27.2   0.2   2   3   0.00016    0.0043   13.7   0.1   185   270    61   141    47   149 0.82 -
de_novo.Agm54242U_210909_035710_12322264_ccs.1:388-1386    -            333 30962at6656          -            724   3.6e-07   27.2   0.2   3   3     0.008      0.22    8.0   0.0    92   126   223   257   172   281 0.79 -
de_novo.Agseq_54708.1:0-1103                               -            368 30962at6656          -            724   3.7e-07   27.1   0.2   1   3      0.01      0.27    7.7   0.1    95   172    54   127    29   127 0.77 -
de_novo.Agseq_54708.1:0-1103                               -            368 30962at6656          -            724   3.7e-07   27.1   0.2   2   3   0.00022     0.006   13.2   0.0   185   270    96   176    90   184 0.81 -
de_novo.Agseq_54708.1:0-1103                               -            368 30962at6656          -            724   3.7e-07   27.1   0.2   3   3    0.0094      0.26    7.8   0.0    92   126   258   292   207   315 0.79 -
de_novo.Agm54242Ue_220404_200923_111608249_ccs.1:2170-2514 -            115 30962at6656          -            724   5.5e-07   26.6   0.1   1   2     0.086       2.4    4.6   0.0   101   128     2    29     1    35 0.90 -
de_novo.Agm54242Ue_220404_200923_111608249_ccs.1:2170-2514 -            115 30962at6656          -            724   5.5e-07   26.6   0.1   2   2   1.6e-06   4.5e-05   20.2   0.0   118   265    61   113    38   115 0.61 -
de_novo.Agm54242Ue_220404_200923_86313246_ccs.1:2077-2421  -            115 30962at6656          -            724   5.5e-07   26.6   0.1   1   2     0.086       2.4    4.6   0.0   101   128     2    29     1    35 0.90 -
de_novo.Agm54242Ue_220404_200923_86313246_ccs.1:2077-2421  -            115 30962at6656          -            724   5.5e-07   26.6   0.1   2   2   1.6e-06   4.5e-05   20.2   0.0   118   265    61   113    38   115 0.61 -
de_novo.Agseq_19786.1:58-381                               -            108 30962at6656          -            724   5.7e-07   26.5   0.0   1   1   2.5e-08   6.9e-07   26.2   0.0   144   258     2   107     1   108 0.78 -
de_novo.AGAP002776-RA.1:480-1025                           -            182 30962at6656          -            724   5.7e-07   26.5   0.0   1   1   2.9e-08   7.9e-07   26.0   0.0    96   268     6   174     3   180 0.84 -
de_novo.Agm54242U_210819_213017_131007647_ccs.1:6-434      -            143 30962at6656          -            724     7e-07   26.2   0.0   1   1     3e-08   8.3e-07   26.0   0.0   214   307    12   103     3   114 0.86 -
de_novo.Agm54242U_210819_213017_106628157_ccs.1:156-1004   -            283 30962at6656          -            724   7.3e-07   26.1   1.3   1   3   1.2e-05   0.00033   17.4   0.5   106   172     1    64     1    67 0.91 -
de_novo.Agm54242U_210819_213017_106628157_ccs.1:156-1004   -            283 30962at6656          -            724   7.3e-07   26.1   1.3   2   3   0.00039     0.011   12.4   0.4   228   291    29    89    22   111 0.75 -
de_novo.Agm54242U_210819_213017_106628157_ccs.1:156-1004   -            283 30962at6656          -            724   7.3e-07   26.1   1.3   3   3      0.19       5.2    3.5   0.0   251   298   236   283   227   283 0.79 -
de_novo.Agseq_153464.1:27-740                              -            238 30962at6656          -            724   1.2e-06   25.4   0.1   1   2   2.3e-05   0.00062   16.5   0.0    74   200     5   128     2   138 0.84 -
de_novo.Agseq_153464.1:27-740                              -            238 30962at6656          -            724   1.2e-06   25.4   0.1   2   2     0.017      0.46    7.0   0.0    96   129   168   201   159   209 0.88 -
de_novo.Agm54242U_210819_213017_40962588_ccs.1:832-1503    -            224 30962at6656          -            724   1.3e-06   25.3   0.0   1   1   5.7e-08   1.6e-06   25.1   0.0   122   305    25   201    16   216 0.84 -
de_novo.Agseq_108387.1:1350-2021                           -            224 30962at6656          -            724   1.3e-06   25.3   0.0   1   1   5.7e-08   1.6e-06   25.1   0.0   122   305    25   201    16   216 0.84 -
de_novo.Agseq_108389.1:1010-1681                           -            224 30962at6656          -            724   1.3e-06   25.3   0.0   1   1   5.7e-08   1.6e-06   25.1   0.0   122   305    25   201    16   216 0.84 -
de_novo.Agm54242Ue_220404_200923_33685809_ccs.1:0-713      -            238 30962at6656          -            724   2.3e-06   24.5   3.0   1   3    0.0022     0.059    9.9   0.0    70   129    17    80    10    91 0.68 -
de_novo.Agm54242Ue_220404_200923_33685809_ccs.1:0-713      -            238 30962at6656          -            724   2.3e-06   24.5   3.0   2   3   0.00095     0.026   11.1   0.4   228   288    89   143    81   193 0.81 -
de_novo.Agm54242Ue_220404_200923_33685809_ccs.1:0-713      -            238 30962at6656          -            724   2.3e-06   24.5   3.0   3   3      0.27       7.5    3.0   0.0   224   262   197   235   173   237 0.85 -
de_novo.Agm54242U_210909_035710_143328646_ccs.1:15-572     -            186 30962at6656          -            724   2.5e-06   24.4   1.7   1   1   1.5e-06   4.2e-05   20.3   1.7   115   307     9   185     2   186 0.80 -
de_novo.Agseq_80415.1:1-342                                -            114 30962at6656          -            724   2.7e-06   24.3   0.2   1   1     1e-07   2.8e-06   24.2   0.2   209   274     4    66     1    86 0.88 -
de_novo.Agm54242U_210909_035710_163054641_ccs.1:2-583      -            194 30962at6656          -            724   2.9e-06   24.2   0.0   1   1   8.7e-07   2.4e-05   21.1   0.0   102   184    43   124    26   154 0.77 -
de_novo.Agseq_145052.1:165-386                             -             74 30962at6656          -            724   3.6e-06   23.8   0.1   1   1   1.3e-07   3.6e-06   23.8   0.1   229   293     1    63     1    74 0.83 -
de_novo.Agm54242U_210909_035710_12255232_ccs.1:9-929       -            307 30962at6656          -            724   4.4e-06   23.6   0.5   1   2   0.00029     0.008   12.8   0.0    94   253     9   162     2   170 0.64 -
de_novo.Agm54242U_210909_035710_12255232_ccs.1:9-929       -            307 30962at6656          -            724   4.4e-06   23.6   0.5   2   2     0.018       0.5    6.9   0.0    85   125   267   307   256   307 0.74 -
de_novo.Agseq_91491.1:9-929                                -            307 30962at6656          -            724   4.4e-06   23.6   0.5   1   2   0.00029     0.008   12.8   0.0    94   253     9   162     2   170 0.64 -
de_novo.Agseq_91491.1:9-929                                -            307 30962at6656          -            724   4.4e-06   23.6   0.5   2   2     0.018       0.5    6.9   0.0    85   125   267   307   256   307 0.74 -
de_novo.Agm54242U_210909_035710_173475213_ccs.1:991-1458   -            156 30962at6656          -            724   5.5e-06   23.2   0.3   1   1   8.1e-06   0.00022   17.9   0.2   190   267    25   107    14   156 0.70 -
de_novo.Agm54242U_210909_035710_123929174_ccs.1:600-1304   -            235 30962at6656          -            724   6.3e-06   23.1   0.0   1   1   4.6e-07   1.3e-05   22.1   0.0    93   237    75   211    44   223 0.85 -
de_novo.Agm54242U_210819_213017_8324301_ccs.1:527-1129     -            201 30962at6656          -            724   7.7e-06   22.8   0.0   1   1   3.3e-07   9.2e-06   22.5   0.0   125   292    28   189    19   200 0.81 -
de_novo.Agm54242U_210819_213017_173146112_ccs.1:21-866     -            282 30962at6656          -            724   8.1e-06   22.7   3.4   1   3      0.04       1.1    5.7   0.0   157   253     6    96     1   114 0.74 -
de_novo.Agm54242U_210819_213017_173146112_ccs.1:21-866     -            282 30962at6656          -            724   8.1e-06   22.7   3.4   2   3    0.0012     0.032   10.8   0.0   224   265   204   244   194   248 0.75 -
de_novo.Agm54242U_210819_213017_173146112_ccs.1:21-866     -            282 30962at6656          -            724   8.1e-06   22.7   3.4   3   3     0.085       2.3    4.7   0.0    95   125   252   282   248   282 0.79 -
de_novo.Agm54242U_210819_213017_137036841_ccs.1:1947-2826  -            283 30962at6656          -            724   9.7e-06   22.4   2.0   1   3    0.0028     0.078    9.5   0.0    68   129    70   135    54   142 0.71 -
de_novo.Agm54242U_210819_213017_137036841_ccs.1:1947-2826  -            283 30962at6656          -            724   9.7e-06   22.4   2.0   2   3    0.0017     0.046   10.3   0.4   228   286   144   196   136   208 0.77 -
de_novo.Agm54242U_210819_213017_137036841_ccs.1:1947-2826  -            283 30962at6656          -            724   9.7e-06   22.4   2.0   3   3       2.3        62   -0.1   0.0   230   262   248   280   240   282 0.91 -
de_novo.Agseq_161173.1:30-302                              -             91 30962at6656          -            724   1.1e-05   22.2   0.0   1   1   5.7e-07   1.6e-05   21.7   0.0   213   298     9    90     1    91 0.80 -
de_novo.Agm54242U_210909_035710_106957473_ccs.1:405-1028   -            208 30962at6656          -            724   1.3e-05   22.0   0.1   1   1   5.7e-07   1.6e-05   21.8   0.1   156   269    16   132     6   189 0.79 -
de_novo.Agm54242U_210819_213017_44498945_ccs.1:162-2060    -            633 30962at6656          -            724   1.3e-05   22.0   0.3   1   2     0.002     0.054   10.1   0.0   229   267    82   119    74   154 0.87 -
de_novo.Agm54242U_210819_213017_44498945_ccs.1:162-2060    -            633 30962at6656          -            724   1.3e-05   22.0   0.3   2   2    0.0067      0.18    8.3   0.0   217   264   582   627   570   632 0.74 -
de_novo.Agm54242U_210909_035710_85328103_ccs.1:0-3134      -           1045 30962at6656          -            724     2e-05   21.4   1.2   1   3      0.92        25    1.2   0.0    96   129   634   667   616   685 0.79 -
de_novo.Agm54242U_210909_035710_85328103_ccs.1:0-3134      -           1045 30962at6656          -            724     2e-05   21.4   1.2   2   3   1.5e-05   0.00041   17.1   0.2   228   311   728   807   722   816 0.86 -
de_novo.Agm54242U_210909_035710_85328103_ccs.1:0-3134      -           1045 30962at6656          -            724     2e-05   21.4   1.2   3   3       8.5   2.3e+02   -2.0   0.0    74   127   884   942   881   956 0.60 -
de_novo.Agm54242U_210819_213017_127992793_ccs.1:0-3323     -           1108 30962at6656          -            724   2.4e-05   21.1   1.2   1   3      0.98        27    1.1   0.0    96   129   697   730   679   748 0.79 -
de_novo.Agm54242U_210819_213017_127992793_ccs.1:0-3323     -           1108 30962at6656          -            724   2.4e-05   21.1   1.2   2   3   1.5e-05    0.0004   17.1   0.2   228   311   791   870   785   884 0.86 -
de_novo.Agm54242U_210819_213017_127992793_ccs.1:0-3323     -           1108 30962at6656          -            724   2.4e-05   21.1   1.2   3   3       9.2   2.5e+02   -2.1   0.0    74   127   947  1005   944  1019 0.60 -
de_novo.Agm54242U_210909_035710_50988385_ccs.1:79-3489     -           1137 30962at6656          -            724   2.6e-05   21.0   1.2   1   3         1        28    1.1   0.0    96   129   726   759   708   777 0.79 -
de_novo.Agm54242U_210909_035710_50988385_ccs.1:79-3489     -           1137 30962at6656          -            724   2.6e-05   21.0   1.2   2   3   1.5e-05   0.00041   17.0   0.2   228   311   820   899   814   913 0.86 -
de_novo.Agm54242U_210909_035710_50988385_ccs.1:79-3489     -           1137 30962at6656          -            724   2.6e-05   21.0   1.2   3   3       9.4   2.6e+02   -2.1   0.0    74   127   976  1034   973  1048 0.59 -
de_novo.Agm54242U_210909_035710_121176390_ccs.1:1630-1971  -            114 30962at6656          -            724   3.3e-05   20.7   0.0   1   1   5.3e-06   0.00015   18.5   0.0   199   271    13    81     3   109 0.86 -
de_novo.Agm54242U_210909_035710_34800818_ccs.1:417-1178    -            254 30962at6656          -            724   3.4e-05   20.6   0.0   1   1   1.4e-06   3.8e-05   20.5   0.0   151   265   135   249    47   252 0.85 -
de_novo.Agseq_165207.1:0-2283                              -            748 30962at6656          -            724   3.8e-05   20.5   0.0   1   2   1.7e-05   0.00045   16.9   0.0    34   259   116   340   108   349 0.73 -
de_novo.Agseq_165207.1:0-2283                              -            748 30962at6656          -            724   3.8e-05   20.5   0.0   2   2       1.1        31    0.9   0.0    95   128   555   588   546   592 0.89 -
de_novo.Agm54242U_210909_035710_179374067_ccs.1:0-2771     -            924 30962at6656          -            724   4.1e-05   20.4   0.0   1   2   1.5e-05   0.00041   17.1   0.0    34   263   116   344   109   376 0.78 -
de_novo.Agm54242U_210909_035710_179374067_ccs.1:0-2771     -            924 30962at6656          -            724   4.1e-05   20.4   0.0   2   2       1.5        40    0.6   0.0    95   128   567   600   559   604 0.89 -
de_novo.Agm54242U_210909_035710_7341840_ccs.1:1497-2240    -            248 30962at6656          -            724   5.4e-05   20.0   1.6   1   2     0.004      0.11    9.0   0.1   100   131    72   103    18   114 0.56 -
de_novo.Agm54242U_210909_035710_7341840_ccs.1:1497-2240    -            248 30962at6656          -            724   5.4e-05   20.0   1.6   2   2   0.00054     0.015   11.9   1.1   102   277    74   227    64   242 0.68 -
de_novo.Agseq_83051.1:0-1484                               -            495 30962at6656          -            724   5.7e-05   19.9   0.9   1   2     0.059       1.6    5.2   0.1   198   315    70   192    45   220 0.61 -
de_novo.Agseq_83051.1:0-1484                               -            495 30962at6656          -            724   5.7e-05   19.9   0.9   2   2   0.00036      0.01   12.5   0.0   222   269   282   330   276   338 0.88 -
de_novo.Agseq_154850.1:528-1265                            -            246 30962at6656          -            724   8.9e-05   19.2   1.9   1   3   9.1e-05    0.0025   14.5   0.0   191   267     3    77     1    92 0.82 -
de_novo.Agseq_154850.1:528-1265                            -            246 30962at6656          -            724   8.9e-05   19.2   1.9   2   3       0.7        19    1.6   0.5   232   270   113   148   106   174 0.65 -
de_novo.Agseq_154850.1:528-1265                            -            246 30962at6656          -            724   8.9e-05   19.2   1.9   3   3       3.2        88   -0.6   0.0   107   136   178   206   173   217 0.81 -
de_novo.AGAP000479-RA.1:303-962                            -            220 30962at6656          -            724    0.0001   19.1   0.0   1   2    0.0017     0.047   10.2   0.0   226   311    13   104     5   108 0.76 -
de_novo.AGAP000479-RA.1:303-962                            -            220 30962at6656          -            724    0.0001   19.1   0.0   2   2     0.019      0.51    6.8   0.0   229   269   162   201   146   207 0.85 -
de_novo.Agm54242U_210819_213017_12322430_ccs.1:1-642       -            214 30962at6656          -            724    0.0001   19.0  12.0   1   3    0.0041      0.11    9.0   0.1   230   289    15    78    10    90 0.77 -
de_novo.Agm54242U_210819_213017_12322430_ccs.1:1-642       -            214 30962at6656          -            724    0.0001   19.0  12.0   2   3   0.00059     0.016   11.8   1.2   250   307    99   160    92   168 0.78 -
de_novo.Agm54242U_210819_213017_12322430_ccs.1:1-642       -            214 30962at6656          -            724    0.0001   19.0  12.0   3   3     0.084       2.3    4.7   1.0   229   272   171   213   163   214 0.83 -
de_novo.Agm54242U_210819_213017_4851170_ccs.1:0-2582       -            861 30962at6656          -            724   0.00012   18.8   0.0   1   2      0.04       1.1    5.7   0.0   197   266   534   597   515   608 0.75 -
de_novo.Agm54242U_210819_213017_4851170_ccs.1:0-2582       -            861 30962at6656          -            724   0.00012   18.8   0.0   2   2    0.0011      0.03   10.9   0.0   167   306   717   860   702   861 0.69 -
de_novo.AGAP007128-RA.1:0-2594                             -            865 30962at6656          -            724   0.00012   18.8   0.0   1   2      0.04       1.1    5.7   0.0   197   266   538   601   519   612 0.75 -
de_novo.AGAP007128-RA.1:0-2594                             -            865 30962at6656          -            724   0.00012   18.8   0.0   2   2    0.0011     0.031   10.9   0.0   167   306   721   864   706   865 0.69 -
de_novo.Agm54242U_210909_035710_78381724_ccs.1:1116-1808   -            231 30962at6656          -            724   0.00016   18.4   0.0   1   3    0.0001    0.0028   14.3   0.0    96   130     5    39     2    56 0.86 -
de_novo.Agm54242U_210909_035710_78381724_ccs.1:1116-1808   -            231 30962at6656          -            724   0.00016   18.4   0.0   2   3       5.6   1.5e+02   -1.4   0.0   233   315    49   136    39   141 0.67 -
de_novo.Agm54242U_210909_035710_78381724_ccs.1:1116-1808   -            231 30962at6656          -            724   0.00016   18.4   0.0   3   3       1.5        41    0.5   0.0   192   230   146   180   125   193 0.76 -
de_novo.Agm54242Ue_220404_200923_158336798_ccs.1:30-320    -             97 30962at6656          -            724    0.0002   18.1   0.0   1   1   8.1e-06   0.00022   17.9   0.0   232   313     3    87     1    95 0.75 -
de_novo.Agseq_103072.1:6-296                               -             97 30962at6656          -            724    0.0002   18.1   0.0   1   1   8.1e-06   0.00022   17.9   0.0   232   313     3    87     1    95 0.75 -
de_novo.Agm54242U_210819_213017_137036841_ccs.1:2247-2480  -             78 30962at6656          -            724    0.0002   18.1   0.1   1   1   1.6e-05   0.00043   17.0   0.1   101   158     7    65     3    78 0.78 -
de_novo.Agm54242Ue_220404_200923_119603605_ccs.1:30-335    -            102 30962at6656          -            724   0.00022   18.0   0.0   1   1     9e-06   0.00025   17.8   0.0   232   313     3    87     1    97 0.75 -
de_novo.Agseq_132857.1:1-384                               -            128 30962at6656          -            724   0.00026   17.7   1.8   1   2   2.2e-05   0.00061   16.5   1.5   250   312    17    82     1    88 0.69 -
de_novo.Agseq_132857.1:1-384                               -            128 30962at6656          -            724   0.00026   17.7   1.8   2   2         4   1.1e+02   -0.9   0.0   275   301   101   128    97   128 0.75 -
de_novo.AGAP000320-RC.1:951-1670                           -            240 30962at6656          -            724   0.00029   17.6   0.1   1   1   2.2e-05   0.00061   16.5   0.1   103   297    28   234    18   240 0.68 -
de_novo.Agm54242U_210909_035710_106561813_ccs.1:951-1670   -            240 30962at6656          -            724   0.00029   17.6   0.1   1   1   2.2e-05   0.00061   16.5   0.1   103   297    28   234    18   240 0.68 -
de_novo.Agm54242U_210909_035710_53479906_ccs.1:513-1232    -            240 30962at6656          -            724   0.00029   17.6   0.1   1   1   2.2e-05   0.00061   16.5   0.1   103   297    28   234    18   240 0.68 -
de_novo.Agm54242U_210909_035710_70517226_ccs.1:903-1622    -            240 30962at6656          -            724   0.00029   17.6   0.1   1   1   2.2e-05   0.00061   16.5   0.1   103   297    28   234    18   240 0.68 -
de_novo.Agm54242U_210819_213017_68684142_ccs.1:2737-3582   -            282 30962at6656          -            724   0.00034   17.3   0.3   1   2       1.6        43    0.5   0.0   112   134     6    28     1    45 0.64 -
de_novo.Agm54242U_210819_213017_68684142_ccs.1:2737-3582   -            282 30962at6656          -            724   0.00034   17.3   0.3   2   2   7.3e-05     0.002   14.8   0.1   162   264   169   279   125   282 0.77 -
de_novo.Agm54242U_210909_035710_121176390_ccs.1:132-1607   -            492 30962at6656          -            724   0.00036   17.2   1.3   1   2       1.6        43    0.4   0.0    75   130    37    95    18   100 0.78 -
de_novo.Agm54242U_210909_035710_121176390_ccs.1:132-1607   -            492 30962at6656          -            724   0.00036   17.2   1.3   2   2   9.5e-05    0.0026   14.4   0.3   229   315   100   184    93   195 0.78 -
de_novo.Agm54242Ue_220404_200923_57475188_ccs.1:0-968      -            323 30962at6656          -            724   0.00039   17.1   0.0   1   2     0.013      0.36    7.3   0.0   246   313    88   153    65   161 0.79 -
de_novo.Agm54242Ue_220404_200923_57475188_ccs.1:0-968      -            323 30962at6656          -            724   0.00039   17.1   0.0   2   2     0.017      0.46    7.0   0.0   111   256   173   310   166   319 0.59 -
de_novo.Agseq_128726.1:96-1466                             -            457 30962at6656          -            724   0.00046   16.9   0.7   1   2       3.2        89   -0.6   0.0    89   130    19    60     2    64 0.73 -
de_novo.Agseq_128726.1:96-1466                             -            457 30962at6656          -            724   0.00046   16.9   0.7   2   2   8.6e-05    0.0023   14.6   0.4   229   315    65   149    55   159 0.78 -
de_novo.Agm54242U_210909_035710_23331403_ccs.1:60-890      -            277 30962at6656          -            724   0.00054   16.7   0.0   1   2    0.0023     0.063    9.8   0.0   211   265   119   174   108   180 0.79 -
de_novo.Agm54242U_210909_035710_23331403_ccs.1:60-890      -            277 30962at6656          -            724   0.00054   16.7   0.0   2   2     0.072         2    4.9   0.0    84   131   169   219   166   232 0.77 -
de_novo.Agm54242Ue_220404_200923_88146958_ccs.1:0-719      -            240 30962at6656          -            724   0.00055   16.6   0.9   1   1     4e-05    0.0011   15.7   0.9   113   258    10   157     1   168 0.66 -
de_novo.AGAP001036-RA.1:0-995                              -            332 30962at6656          -            724   0.00062   16.5   0.4   1   3     0.042       1.2    5.7   0.0    75   130    12    69     4    76 0.66 -
de_novo.AGAP001036-RA.1:0-995                              -            332 30962at6656          -            724   0.00062   16.5   0.4   2   3    0.0049      0.13    8.7   0.0   215   268    61   112    58   142 0.81 -
de_novo.AGAP001036-RA.1:0-995                              -            332 30962at6656          -            724   0.00062   16.5   0.4   3   3       1.5        41    0.5   0.1   230   298   215   281   205   295 0.81 -
de_novo.Agseq_62651.1:2-2041                               -            680 30962at6656          -            724    0.0007   16.3   0.1   1   2     0.029       0.8    6.2   0.0   197   266   404   467   385   478 0.75 -
de_novo.Agseq_62651.1:2-2041                               -            680 30962at6656          -            724    0.0007   16.3   0.1   2   2    0.0088      0.24    7.9   0.0   167   261   587   674   568   676 0.77 -
de_novo.Agm54242Ue_220404_200923_16450101_ccs.1:438-731    -             98 30962at6656          -            724   0.00077   16.2   0.0   1   2   0.00012    0.0034   14.0   0.0   228   267    23    62    14    68 0.88 -
de_novo.Agm54242Ue_220404_200923_16450101_ccs.1:438-731    -             98 30962at6656          -            724   0.00077   16.2   0.0   2   2       2.1        59    0.0   0.0   230   257    71    97    66    98 0.87 -
de_novo.Agm54242U_210909_035710_138086137_ccs.1:0-2966     -            989 30962at6656          -            724   0.00085   16.0   0.0   1   2     0.013      0.36    7.3   0.0    92   136   127   170    91   186 0.72 -
de_novo.Agm54242U_210909_035710_138086137_ccs.1:0-2966     -            989 30962at6656          -            724   0.00085   16.0   0.0   2   2     0.027      0.73    6.3   0.0   101   156   229   282   213   291 0.82 -
de_novo.Agm54242U_210909_035710_62980642_ccs.1:1131-2042   -            304 30962at6656          -            724    0.0011   15.6   0.0   1   2   0.00059     0.016   11.8   0.0    97   130     1    34     1    51 0.87 -
de_novo.Agm54242U_210909_035710_62980642_ccs.1:1131-2042   -            304 30962at6656          -            724    0.0011   15.6   0.0   2   2      0.85        23    1.3   0.0   202   230   150   175   110   256 0.69 -
de_novo.Agseq_134206.1:481-2133                            -            551 30962at6656          -            724    0.0011   15.6   0.8   1   2   7.7e-05    0.0021   14.7   0.1   142   265     9   124     2   139 0.80 -
de_novo.Agseq_134206.1:481-2133                            -            551 30962at6656          -            724    0.0011   15.6   0.8   2   2       1.5        41    0.5   0.1   115   188   111   181   106   185 0.76 -
de_novo.Agm54242Ue_220404_200923_27461220_ccs.1:131-880    -            250 30962at6656          -            724    0.0012   15.5   0.5   1   2   0.00014    0.0038   13.9   0.7   175   258    60   137    47   149 0.84 -
de_novo.Agm54242Ue_220404_200923_27461220_ccs.1:131-880    -            250 30962at6656          -            724    0.0012   15.5   0.5   2   2       7.1   1.9e+02   -1.7   0.0    93   119   206   232   197   236 0.85 -
de_novo.Agm54242U_210909_035710_145230425_ccs.1:131-775    -            215 30962at6656          -            724    0.0031   14.2   0.0   1   3     0.019      0.53    6.8   0.0   247   308    14    75     2    82 0.57 -
de_novo.Agm54242U_210909_035710_145230425_ccs.1:131-775    -            215 30962at6656          -            724    0.0031   14.2   0.0   2   3      0.08       2.2    4.7   0.0    97   130    87   120    75   135 0.66 -
de_novo.Agm54242U_210909_035710_145230425_ccs.1:131-775    -            215 30962at6656          -            724    0.0031   14.2   0.0   3   3        10   2.7e+02   -2.2   0.0   213   253   150   194   134   198 0.62 -
de_novo.AGAP011562-RA.1:189-815                            -            209 30962at6656          -            724    0.0032   14.1   0.2   1   1   0.00013    0.0037   13.9   0.2   228   264     5    40     2   119 0.74 -
de_novo.Agm54242U_210909_035710_120324147_ccs.1:8-262      -             85 30962at6656          -            724    0.0034   14.0   0.0   1   1   0.00013    0.0037   13.9   0.0    94   138    19    64     4    74 0.72 -
de_novo.Agseq_5213.1:49-348                                -            100 30962at6656          -            724    0.0044   13.7   0.0   1   1   0.00051     0.014   12.0   0.0   230   308     3    79     1    89 0.77 -
de_novo.Agm54242U_210819_213017_106890328_ccs.1:0-941      -            314 30962at6656          -            724    0.0047   13.6   0.1   1   2    0.0025     0.069    9.7   0.0   214   268    42    94     7   123 0.77 -
de_novo.Agm54242U_210819_213017_106890328_ccs.1:0-941      -            314 30962at6656          -            724    0.0047   13.6   0.1   2   2       1.3        36    0.7   0.1   230   298   197   263   187   278 0.81 -
de_novo.Agm54242U_210909_035710_131402399_ccs.1:307-1518   -            404 30962at6656          -            724    0.0056   13.3   0.0   1   2     0.005      0.14    8.7   0.0   205   307    21   117    14   130 0.73 -
de_novo.Agm54242U_210909_035710_131402399_ccs.1:307-1518   -            404 30962at6656          -            724    0.0056   13.3   0.0   2   2      0.27       7.5    3.0   0.0    71   135   101   169    96   179 0.81 -
de_novo.AGAP010035-RA.1:3204-3761                          -            186 30962at6656          -            724    0.0058   13.3   0.0   1   1   0.00033     0.009   12.6   0.0   147   249    73   171    49   178 0.67 -
de_novo.Agm54242U_210819_213017_148048713_ccs.1:789-1346   -            186 30962at6656          -            724    0.0058   13.3   0.0   1   1   0.00033     0.009   12.6   0.0   147   249    73   171    49   178 0.67 -
de_novo.Agm54242U_210819_213017_52167310_ccs.1:566-1123    -            186 30962at6656          -            724    0.0058   13.3   0.0   1   1   0.00033     0.009   12.6   0.0   147   249    73   171    49   178 0.67 -
de_novo.Agm54242U_210819_213017_103811671_ccs.1:1303-2016  -            238 30962at6656          -            724    0.0059   13.2   0.1   1   3     0.018       0.5    6.8   0.0    74   126     3    58     1   105 0.77 -
de_novo.Agm54242U_210819_213017_103811671_ccs.1:1303-2016  -            238 30962at6656          -            724    0.0059   13.2   0.1   2   3      0.17       4.7    3.7   0.0    95   161   123   185   114   197 0.68 -
de_novo.Agm54242U_210819_213017_103811671_ccs.1:1303-2016  -            238 30962at6656          -            724    0.0059   13.2   0.1   3   3       5.2   1.4e+02   -1.3   0.0   232   261   207   234   185   236 0.68 -
de_novo.Agm54242U_210819_213017_83954249_ccs.1:1541-2254   -            238 30962at6656          -            724    0.0059   13.2   0.1   1   3     0.018       0.5    6.8   0.0    74   126     3    58     1   105 0.77 -
de_novo.Agm54242U_210819_213017_83954249_ccs.1:1541-2254   -            238 30962at6656          -            724    0.0059   13.2   0.1   2   3      0.17       4.7    3.7   0.0    95   161   123   185   114   197 0.68 -
de_novo.Agm54242U_210819_213017_83954249_ccs.1:1541-2254   -            238 30962at6656          -            724    0.0059   13.2   0.1   3   3       5.2   1.4e+02   -1.3   0.0   232   261   207   234   185   236 0.68 -
de_novo.Agm54242U_210819_213017_158335064_ccs.1:0-980      -            327 30962at6656          -            724    0.0062   13.2   0.1   1   2    0.0034     0.093    9.3   0.0   215   268    56   107    33   135 0.79 -
de_novo.Agm54242U_210819_213017_158335064_ccs.1:0-980      -            327 30962at6656          -            724    0.0062   13.2   0.1   2   2       1.4        39    0.6   0.1   230   298   210   276   200   291 0.81 -
de_novo.Agm54242U_210819_213017_65930019_ccs.1:0-1559      -            520 30962at6656          -            724    0.0082   12.8   0.0   1   2    0.0086      0.24    7.9   0.0   205   275   137   204   104   240 0.77 -
de_novo.Agm54242U_210819_213017_65930019_ccs.1:0-1559      -            520 30962at6656          -            724    0.0082   12.8   0.0   2   2      0.39        11    2.5   0.0    71   135   217   285   209   293 0.82 -
de_novo.AGAP000981-RA.1:141-857                            -            239 30962at6656          -            724    0.0087   12.7   0.0   1   1   0.00056     0.015   11.9   0.0   192   309    10   128     2   141 0.73 -
de_novo.AGAP010685-RA.1:420-758                            -            113 30962at6656          -            724     0.009   12.6   0.5   1   1   0.00077     0.021   11.4   0.5   223   266    68   111    16   113 0.74 -
de_novo.Agm54242Ue_220404_200923_154929318_ccs.1:0-1085    -            362 30962at6656          -            724    0.0094   12.6   0.1   1   2       9.8   2.7e+02   -2.2   0.0   566   605   120   157    78   220 0.51 -
de_novo.Agm54242Ue_220404_200923_154929318_ccs.1:0-1085    -            362 30962at6656          -            724    0.0094   12.6   0.1   2   2   0.00094     0.026   11.1   0.0   236   314   223   299   208   316 0.90 -
de_novo.Agm54242Ue_220404_200923_25364848_ccs.1:0-1979     -            660 30962at6656          -            724     0.011   12.4   0.0   1   3      0.15       4.2    3.8   0.0   100   145   195   240   187   256 0.87 -
de_novo.Agm54242Ue_220404_200923_25364848_ccs.1:0-1979     -            660 30962at6656          -            724     0.011   12.4   0.0   2   3       3.9   1.1e+02   -0.8   0.0   228   277   288   337   284   367 0.84 -
de_novo.Agm54242Ue_220404_200923_25364848_ccs.1:0-1979     -            660 30962at6656          -            724     0.011   12.4   0.0   3   3     0.092       2.5    4.5   0.0   106   199   351   447   343   507 0.49 -
de_novo.Agseq_63571.1:1-651                                -            217 30962at6656          -            724     0.014   12.0   0.0   1   1    0.0009     0.025   11.2   0.0    70   139    34   106    22   116 0.84 -
de_novo.AGAP008286-RA.1:1-1449                             -            483 30962at6656          -            724     0.014   12.0   0.0   1   2      0.11       2.9    4.3   0.0    94   156   239   297   207   304 0.70 -
de_novo.AGAP008286-RA.1:1-1449                             -            483 30962at6656          -            724     0.014   12.0   0.0   2   2     0.084       2.3    4.7   0.0    72   128   381   441   346   458 0.71 -
de_novo.seqSigP-124481.1:837-1022                          -             62 30962at6656          -            724     0.017   11.7   0.0   1   1   0.00067     0.018   11.6   0.0   191   244     8    57     2    60 0.75 -
de_novo.Agm54242U_210819_213017_137626719_ccs.1:0-1070     -            357 30962at6656          -            724     0.021   11.4   0.1   1   3     0.089       2.4    4.6   0.0   281   314    85   118    72   127 0.86 -
de_novo.Agm54242U_210819_213017_137626719_ccs.1:0-1070     -            357 30962at6656          -            724     0.021   11.4   0.1   2   3      0.21       5.9    3.3   0.0   205   303   153   252   135   257 0.71 -
de_novo.Agm54242U_210819_213017_137626719_ccs.1:0-1070     -            357 30962at6656          -            724     0.021   11.4   0.1   3   3       1.8        48    0.3   0.0   176   288   216   327   206   351 0.61 -
de_novo.seqSigP-69478.1:102-1556                           -            485 30962at6656          -            724     0.025   11.1   0.0   1   2       2.4        65   -0.1   0.0    53   130    82   165    71   173 0.68 -
de_novo.seqSigP-69478.1:102-1556                           -            485 30962at6656          -            724     0.025   11.1   0.0   2   2    0.0032     0.087    9.4   0.0   165   245   155   234   135   314 0.79 -
de_novo.Agm54242U_210909_035710_117309937_ccs.1:330-941    -            204 30962at6656          -            724     0.028   11.0   0.0   1   1    0.0013     0.037   10.6   0.0    95   171    38   115     3   124 0.74 -
de_novo.Agm54242Ue_220404_200923_128386316_ccs.1:330-941   -            204 30962at6656          -            724     0.028   11.0   0.0   1   1    0.0013     0.037   10.6   0.0    95   171    38   115     3   124 0.74 -
de_novo.Agm54242Ue_220404_200923_173017827_ccs.1:330-941   -            204 30962at6656          -            724     0.028   11.0   0.0   1   1    0.0013     0.037   10.6   0.0    95   171    38   115     3   124 0.74 -
de_novo.Agm54242U_210909_035710_124782174_ccs.1:0-1824     -            512 30962at6656          -            724     0.038   10.6   0.0   1   2       2.2        61   -0.1   0.0    53   130    82   165    70   183 0.70 -
de_novo.Agm54242U_210909_035710_124782174_ccs.1:0-1824     -            512 30962at6656          -            724     0.038   10.6   0.0   2   2    0.0043      0.12    8.9   0.0   164   245   154   234   133   252 0.73 -
de_novo.Agseq_69474.1:0-1998                               -            645 30962at6656          -            724     0.049   10.2   0.0   1   2       3.7     1e+02   -0.8   0.0    53   130    82   165    71   172 0.67 -
de_novo.Agseq_69474.1:0-1998                               -            645 30962at6656          -            724     0.049   10.2   0.0   2   2    0.0043      0.12    8.9   0.0   163   245   153   234   130   314 0.79 -
de_novo.Agseq_80508.1:1497-1790                            -             98 30962at6656          -            724      0.05   10.2   0.1   1   1    0.0088      0.24    7.9   0.1   115   172    41    97    19    98 0.44 -
de_novo.Agseq_176450.1:74-643                              -            190 30962at6656          -            724      0.05   10.2   0.1   1   1     0.015       0.4    7.2   0.1   273   308    54    90     1   107 0.68 -
de_novo.AGAP007817-RA.1:66-869                             -            268 30962at6656          -            724     0.052   10.1   0.0   1   1    0.0025     0.068    9.7   0.0   155   267   123   230   114   243 0.87 -
de_novo.Agm54242U_210909_035710_153551408_ccs.1:79-426     -            116 30962at6656          -            724     0.053   10.1   0.0   1   1    0.0022     0.059    9.9   0.0    97   190     2    94     1   108 0.85 -
de_novo.Agseq_171627.1:0-1355                              -            452 30962at6656          -            724     0.091    9.3   0.0   1   1    0.0048      0.13    8.8   0.0   249   312   207   268   196   278 0.85 -
de_novo.Agm54242Ue_220404_200923_7014000_ccs.1:0-1094      -            365 30962at6656          -            724       0.1    9.1   3.0   1   1      0.02      0.54    6.7   0.4   229   269    50    89    35   123 0.81 -
de_novo.Agm54242Ue_220404_200923_178061399_ccs.1:0-1121    -            374 30962at6656          -            724      0.23    8.0   5.5   1   1      0.01      0.28    7.7   3.8   146   309    14   176    10   187 0.73 -
#
# Program:         hmmsearch
# Version:         3.1b2 (February 2015)
# Pipeline mode:   SEARCH
# Query file:      /hpcdata/bcbb/homc/Barillaslab/Agam_hemo_transcriptomes/scripts/compare_txomes/busco/busco_downloads/lineages/arthropoda_odb10/hmms/30962at6656.hmm
# Target file:     /hpcdata/bcbb/homc/Barillaslab/Agam_hemo_transcriptomes/scripts/compare_txomes/busco/denovo_Agamhemo_BUSCO/run_arthropoda_odb10/metaeuk_output/initial_results/de_novo_transcriptome_with_genome_hits_and_expression_filtering.gffread.fa.modified.fas
# Option settings: hmmsearch --domtblout /hpcdata/bcbb/homc/Barillaslab/Agam_hemo_transcriptomes/scripts/compare_txomes/busco/denovo_Agamhemo_BUSCO/run_arthropoda_odb10/hmmer_output/initial_run_results/30962at6656.out --cpu 1 /hpcdata/bcbb/homc/Barillaslab/Agam_hemo_transcriptomes/scripts/compare_txomes/busco/busco_downloads/lineages/arthropoda_odb10/hmms/30962at6656.hmm /hpcdata/bcbb/homc/Barillaslab/Agam_hemo_transcriptomes/scripts/compare_txomes/busco/denovo_Agamhemo_BUSCO/run_arthropoda_odb10/metaeuk_output/initial_results/de_novo_transcriptome_with_genome_hits_and_expression_filtering.gffread.fa.modified.fas 
# Current dir:     /hpcdata/bcbb/homc/Barillaslab/Agam_hemo_transcriptomes/scripts/compare_txomes/busco
# Date:            Sun Jan 29 12:58:36 2023
# [ok]
