#                                                                                                                  --- full sequence --- -------------- this domain -------------   hmm coord   ali coord   env coord
# target name                                              accession   tlen query name           accession   qlen   E-value  score  bias   #  of  c-Evalue  i-Evalue  score  bias  from    to  from    to  from    to  acc description of target
#                                      ------------------- ---------- ----- -------------------- ---------- ----- --------- ------ ----- --- --- --------- --------- ------ ----- ----- ----- ----- ----- ----- ----- ---- ---------------------
de_novo.Agm54242Ue_220404_200923_121047161_ccs.1:420-2012  -            531 33566at6656          -            592  1.6e-226  751.7   3.3   1   2    0.0017     0.089    9.5   0.1   167   194     4    40     2    44 0.85 -
de_novo.Agm54242Ue_220404_200923_121047161_ccs.1:420-2012  -            531 33566at6656          -            592  1.6e-226  751.7   3.3   2   2  1.6e-225  8.1e-224  742.7   0.6   194   592    89   527    83   527 0.94 -
de_novo.Agm54242U_210909_035710_163447238_ccs.1:747-2054   -            436 33566at6656          -            592   6.5e-53  178.4   1.7   1   3   4.2e-09   2.1e-07   28.1   0.0     4    54    66   116    63   123 0.91 -
de_novo.Agm54242U_210909_035710_163447238_ccs.1:747-2054   -            436 33566at6656          -            592   6.5e-53  178.4   1.7   2   3   2.2e-18   1.1e-16   58.7   0.1   194   353   130   287   123   300 0.83 -
de_novo.Agm54242U_210909_035710_163447238_ccs.1:747-2054   -            436 33566at6656          -            592   6.5e-53  178.4   1.7   3   3   7.7e-28   3.9e-26   89.9   0.1   397   499   301   407   288   413 0.90 -
de_novo.Agseq_419706.1:5-388                               -            128 33566at6656          -            592   1.3e-52  177.4   0.1   1   1   3.6e-54   1.8e-52  176.9   0.1     1   104     8   124     8   127 0.94 -
de_novo.Agm54242U_210819_213017_30212240_ccs.1:163-1245    -            361 33566at6656          -            592   7.2e-52  174.9   5.2   1   3   6.1e-07   3.1e-05   20.9   0.0     4    59     8    63     5    68 0.87 -
de_novo.Agm54242U_210819_213017_30212240_ccs.1:163-1245    -            361 33566at6656          -            592   7.2e-52  174.9   5.2   2   3   3.9e-23     2e-21   74.4   0.8   191   348    63   219    61   230 0.88 -
de_novo.Agm54242U_210819_213017_30212240_ccs.1:163-1245    -            361 33566at6656          -            592   7.2e-52  174.9   5.2   3   3   2.1e-25   1.1e-23   81.9   0.1   396   505   236   349   225   356 0.90 -
de_novo.AGAP009863-RA.1:270-1364                           -            365 33566at6656          -            592   7.7e-52  174.8   5.6   1   3   6.2e-07   3.2e-05   20.9   0.0     4    59     8    63     5    68 0.87 -
de_novo.AGAP009863-RA.1:270-1364                           -            365 33566at6656          -            592   7.7e-52  174.8   5.6   2   3   3.9e-23     2e-21   74.4   0.8   191   348    63   219    61   229 0.88 -
de_novo.AGAP009863-RA.1:270-1364                           -            365 33566at6656          -            592   7.7e-52  174.8   5.6   3   3   2.1e-25   1.1e-23   81.9   0.1   396   505   236   349   228   359 0.90 -
de_novo.AGAP009808-RA.1:150-1232                           -            361 33566at6656          -            592   3.7e-50  169.3   3.6   1   3   8.7e-16   4.5e-14   50.1   0.0     1    58     9    66     9    71 0.93 -
de_novo.AGAP009808-RA.1:150-1232                           -            361 33566at6656          -            592   3.7e-50  169.3   3.6   2   3   9.9e-15     5e-13   46.6   0.2   197   293    73   176    64   218 0.78 -
de_novo.AGAP009808-RA.1:150-1232                           -            361 33566at6656          -            592   3.7e-50  169.3   3.6   3   3   1.3e-22   6.6e-21   72.7   0.0   385   501   229   349   226   358 0.88 -
de_novo.Agm54242U_210819_213017_176031424_ccs.1:271-1353   -            361 33566at6656          -            592   3.7e-50  169.3   3.6   1   3   8.7e-16   4.5e-14   50.1   0.0     1    58     9    66     9    71 0.93 -
de_novo.Agm54242U_210819_213017_176031424_ccs.1:271-1353   -            361 33566at6656          -            592   3.7e-50  169.3   3.6   2   3   9.9e-15     5e-13   46.6   0.2   197   293    73   176    64   218 0.78 -
de_novo.Agm54242U_210819_213017_176031424_ccs.1:271-1353   -            361 33566at6656          -            592   3.7e-50  169.3   3.6   3   3   1.3e-22   6.6e-21   72.7   0.0   385   501   229   349   226   358 0.88 -
de_novo.Agseq_167905.1:195-1277                            -            361 33566at6656          -            592   3.7e-50  169.3   3.6   1   3   8.7e-16   4.5e-14   50.1   0.0     1    58     9    66     9    71 0.93 -
de_novo.Agseq_167905.1:195-1277                            -            361 33566at6656          -            592   3.7e-50  169.3   3.6   2   3   9.9e-15     5e-13   46.6   0.2   197   293    73   176    64   218 0.78 -
de_novo.Agseq_167905.1:195-1277                            -            361 33566at6656          -            592   3.7e-50  169.3   3.6   3   3   1.3e-22   6.6e-21   72.7   0.0   385   501   229   349   226   358 0.88 -
de_novo.Agm54242U_210819_213017_82248642_ccs.1:172-1230    -            353 33566at6656          -            592   5.6e-50  168.7   3.4   1   3   1.5e-15   7.6e-14   49.4   0.0     4    58     4    58     1    64 0.92 -
de_novo.Agm54242U_210819_213017_82248642_ccs.1:172-1230    -            353 33566at6656          -            592   5.6e-50  168.7   3.4   2   3     9e-15   4.6e-13   46.8   0.2   197   293    65   168    56   212 0.78 -
de_novo.Agm54242U_210819_213017_82248642_ccs.1:172-1230    -            353 33566at6656          -            592   5.6e-50  168.7   3.4   3   3   1.2e-22     6e-21   72.8   0.0   385   501   221   341   216   350 0.88 -
de_novo.Agseq_126748.1:195-2033                            -            613 33566at6656          -            592   7.4e-50  168.3   0.6   1   3   9.5e-08   4.8e-06   23.6   0.1     9    59   188   238   181   243 0.88 -
de_novo.Agseq_126748.1:195-2033                            -            613 33566at6656          -            592   7.4e-50  168.3   0.6   2   3   5.6e-19   2.8e-17   60.7   0.0   194   288   249   355   241   371 0.86 -
de_novo.Agseq_126748.1:195-2033                            -            613 33566at6656          -            592   7.4e-50  168.3   0.6   3   3   5.5e-25   2.8e-23   80.5   0.0   400   504   427   535   387   539 0.87 -
de_novo.Agm54242U_210819_213017_2295526_ccs.1:369-1553     -            395 33566at6656          -            592   1.2e-48  164.3   0.1   1   3   1.9e-12   9.4e-11   39.1   0.0     4    56    24    76    21    87 0.91 -
de_novo.Agm54242U_210819_213017_2295526_ccs.1:369-1553     -            395 33566at6656          -            592   1.2e-48  164.3   0.1   2   3   2.6e-16   1.3e-14   51.8   0.0   194   342    89   244    81   260 0.80 -
de_novo.Agm54242U_210819_213017_2295526_ccs.1:369-1553     -            395 33566at6656          -            592   1.2e-48  164.3   0.1   3   3   7.5e-22   3.8e-20   70.1   0.0   401   497   267   367   249   375 0.91 -
de_novo.Agm54242U_210819_213017_79758724_ccs.1:63-1124     -            354 33566at6656          -            592   2.2e-48  163.4   1.6   1   3   1.7e-07   8.6e-06   22.8   0.0    15    65     5    55     3    57 0.93 -
de_novo.Agm54242U_210819_213017_79758724_ccs.1:63-1124     -            354 33566at6656          -            592   2.2e-48  163.4   1.6   2   3   2.7e-18   1.4e-16   58.4   0.1   193   351    51   208    48   218 0.88 -
de_novo.Agm54242U_210819_213017_79758724_ccs.1:63-1124     -            354 33566at6656          -            592   2.2e-48  163.4   1.6   3   3   1.1e-25   5.6e-24   82.8   0.0   396   500   222   330   211   338 0.90 -
de_novo.Agm54242U_210819_213017_45875333_ccs.1:164-1220    -            346 33566at6656          -            592   2.9e-47  159.7   1.3   1   3   4.3e-07   2.2e-05   21.4   0.0     4    62     8    66     5    69 0.87 -
de_novo.Agm54242U_210819_213017_45875333_ccs.1:164-1220    -            346 33566at6656          -            592   2.9e-47  159.7   1.3   2   3   2.1e-17   1.1e-15   55.4   0.0   191   281    63   159    60   166 0.88 -
de_novo.Agm54242U_210819_213017_45875333_ccs.1:164-1220    -            346 33566at6656          -            592   2.9e-47  159.7   1.3   3   3   1.9e-25   9.6e-24   82.0   0.1   396   505   217   330   208   340 0.90 -
de_novo.Agseq_60434.1:111-1427                             -            439 33566at6656          -            592   5.5e-47  158.8   2.1   1   3   6.4e-07   3.3e-05   20.8   0.0     6    54    59   107    54   114 0.85 -
de_novo.Agseq_60434.1:111-1427                             -            439 33566at6656          -            592   5.5e-47  158.8   2.1   2   3     5e-17   2.5e-15   54.2   0.0   195   291   121   223   117   235 0.88 -
de_novo.Agseq_60434.1:111-1427                             -            439 33566at6656          -            592   5.5e-47  158.8   2.1   3   3   1.9e-25   9.7e-24   82.0   0.2   379   497   276   398   235   405 0.86 -
de_novo.AGAP005130-RA.1:18-1112                            -            365 33566at6656          -            592   5.9e-47  158.7   0.8   1   3   5.8e-13     3e-11   40.8   0.0     6    59    12    65     7    68 0.93 -
de_novo.AGAP005130-RA.1:18-1112                            -            365 33566at6656          -            592   5.9e-47  158.7   0.8   2   3   4.1e-08   2.1e-06   24.8   0.0   194   313    68   188    64   199 0.77 -
de_novo.AGAP005130-RA.1:18-1112                            -            365 33566at6656          -            592   5.9e-47  158.7   0.8   3   3   5.3e-28   2.7e-26   90.5   0.3   390   498   233   349   212   354 0.86 -
de_novo.Agm54242U_210819_213017_113837683_ccs.1:157-1536   -            460 33566at6656          -            592   8.2e-47  158.2   0.2   1   3   4.6e-08   2.4e-06   24.6   0.1     9    55    72   118    64   128 0.86 -
de_novo.Agm54242U_210819_213017_113837683_ccs.1:157-1536   -            460 33566at6656          -            592   8.2e-47  158.2   0.2   2   3   1.3e-16   6.4e-15   52.9   0.0   195   354   131   287   123   307 0.76 -
de_novo.Agm54242U_210819_213017_113837683_ccs.1:157-1536   -            460 33566at6656          -            592   8.2e-47  158.2   0.2   3   3   3.3e-24   1.7e-22   77.9   0.0   399   499   306   410   291   417 0.90 -
de_novo.Agm54242U_210909_035710_94700594_ccs.1:1059-2426   -            456 33566at6656          -            592   9.1e-47  158.1   0.4   1   3   2.1e-09   1.1e-07   29.0   0.0    11    55    71   115    62   120 0.91 -
de_novo.Agm54242U_210909_035710_94700594_ccs.1:1059-2426   -            456 33566at6656          -            592   9.1e-47  158.1   0.4   2   3   9.6e-19   4.9e-17   59.9   0.1   195   350   128   285   123   296 0.84 -
de_novo.Agm54242U_210909_035710_94700594_ccs.1:1059-2426   -            456 33566at6656          -            592   9.1e-47  158.1   0.4   3   3   1.6e-20     8e-19   65.8   0.0   403   508   307   414   299   421 0.83 -
de_novo.Agm54242U_210819_213017_44172478_ccs.1:348-1667    -            440 33566at6656          -            592   1.2e-46  157.7   0.1   1   3   1.7e-07   8.4e-06   22.8   0.0     6    55    61   110    57   118 0.90 -
de_novo.Agm54242U_210819_213017_44172478_ccs.1:348-1667    -            440 33566at6656          -            592   1.2e-46  157.7   0.1   2   3     2e-14     1e-12   45.6   0.0   193   291   121   225   115   283 0.81 -
de_novo.Agm54242U_210819_213017_44172478_ccs.1:348-1667    -            440 33566at6656          -            592   1.2e-46  157.7   0.1   3   3   1.3e-26   6.6e-25   85.9   0.0   400   501   300   405   289   410 0.91 -
de_novo.Agm54242U_210819_213017_84936071_ccs.1:389-1708    -            440 33566at6656          -            592   1.2e-46  157.7   0.1   1   3   1.7e-07   8.4e-06   22.8   0.0     6    55    61   110    57   118 0.90 -
de_novo.Agm54242U_210819_213017_84936071_ccs.1:389-1708    -            440 33566at6656          -            592   1.2e-46  157.7   0.1   2   3     2e-14     1e-12   45.6   0.0   193   291   121   225   115   283 0.81 -
de_novo.Agm54242U_210819_213017_84936071_ccs.1:389-1708    -            440 33566at6656          -            592   1.2e-46  157.7   0.1   3   3   1.3e-26   6.6e-25   85.9   0.0   400   501   300   405   289   410 0.91 -
de_novo.Agm54242Ue_220404_200923_19071434_ccs.1:455-1774   -            440 33566at6656          -            592   1.2e-46  157.7   0.1   1   3   1.7e-07   8.4e-06   22.8   0.0     6    55    61   110    57   118 0.90 -
de_novo.Agm54242Ue_220404_200923_19071434_ccs.1:455-1774   -            440 33566at6656          -            592   1.2e-46  157.7   0.1   2   3     2e-14     1e-12   45.6   0.0   193   291   121   225   115   283 0.81 -
de_novo.Agm54242Ue_220404_200923_19071434_ccs.1:455-1774   -            440 33566at6656          -            592   1.2e-46  157.7   0.1   3   3   1.3e-26   6.6e-25   85.9   0.0   400   501   300   405   289   410 0.91 -
de_novo.Agm54242U_210819_213017_33490961_ccs.1:5-1345      -            447 33566at6656          -            592   1.3e-46  157.6   1.1   1   3   4.2e-07   2.2e-05   21.4   0.0     8    54    40    86    32    97 0.87 -
de_novo.Agm54242U_210819_213017_33490961_ccs.1:5-1345      -            447 33566at6656          -            592   1.3e-46  157.6   1.1   2   3   4.8e-18   2.4e-16   57.6   0.0   195   345   100   252    95   278 0.74 -
de_novo.Agm54242U_210819_213017_33490961_ccs.1:5-1345      -            447 33566at6656          -            592   1.3e-46  157.6   1.1   3   3   4.9e-24   2.5e-22   77.4   0.1   382   497   263   380   238   385 0.82 -
de_novo.Agm54242U_210819_213017_100861461_ccs.1:390-1955   -            522 33566at6656          -            592   2.7e-46  156.5   1.1   1   3   5.2e-07   2.7e-05   21.1   0.0     8    54   108   154   100   165 0.87 -
de_novo.Agm54242U_210819_213017_100861461_ccs.1:390-1955   -            522 33566at6656          -            592   2.7e-46  156.5   1.1   2   3   6.5e-18   3.3e-16   57.1   0.0   195   345   168   320   163   346 0.74 -
de_novo.Agm54242U_210819_213017_100861461_ccs.1:390-1955   -            522 33566at6656          -            592   2.7e-46  156.5   1.1   3   3   6.4e-24   3.3e-22   77.0   0.1   382   497   331   448   306   453 0.82 -
de_novo.AGAP012045-RA.1:390-1934                           -            515 33566at6656          -            592   2.7e-46  156.5   1.2   1   3   5.5e-07   2.8e-05   21.1   0.0     8    54   108   154   100   161 0.87 -
de_novo.AGAP012045-RA.1:390-1934                           -            515 33566at6656          -            592   2.7e-46  156.5   1.2   2   3   6.4e-18   3.2e-16   57.2   0.0   195   345   168   320   163   346 0.74 -
de_novo.AGAP012045-RA.1:390-1934                           -            515 33566at6656          -            592   2.7e-46  156.5   1.2   3   3   6.3e-24   3.2e-22   77.0   0.1   382   497   331   448   306   453 0.82 -
de_novo.Agm54242U_210819_213017_71303773_ccs.1:390-1934    -            515 33566at6656          -            592   2.7e-46  156.5   1.2   1   3   5.5e-07   2.8e-05   21.1   0.0     8    54   108   154   100   161 0.87 -
de_novo.Agm54242U_210819_213017_71303773_ccs.1:390-1934    -            515 33566at6656          -            592   2.7e-46  156.5   1.2   2   3   6.4e-18   3.2e-16   57.2   0.0   195   345   168   320   163   346 0.74 -
de_novo.Agm54242U_210819_213017_71303773_ccs.1:390-1934    -            515 33566at6656          -            592   2.7e-46  156.5   1.2   3   3   6.3e-24   3.2e-22   77.0   0.1   382   497   331   448   306   453 0.82 -
de_novo.Agm54242Ue_220404_200923_126682198_ccs.1:258-1802  -            515 33566at6656          -            592   2.7e-46  156.5   1.2   1   3   5.5e-07   2.8e-05   21.1   0.0     8    54   108   154   100   161 0.87 -
de_novo.Agm54242Ue_220404_200923_126682198_ccs.1:258-1802  -            515 33566at6656          -            592   2.7e-46  156.5   1.2   2   3   6.4e-18   3.2e-16   57.2   0.0   195   345   168   320   163   346 0.74 -
de_novo.Agm54242Ue_220404_200923_126682198_ccs.1:258-1802  -            515 33566at6656          -            592   2.7e-46  156.5   1.2   3   3   6.3e-24   3.2e-22   77.0   0.1   382   497   331   448   306   453 0.82 -
de_novo.Agseq_195453.1:0-2447                              -            816 33566at6656          -            592   1.2e-45  154.4   0.4   1   3   1.3e-11   6.4e-10   36.4   0.0     6    55    49    98    44   107 0.89 -
de_novo.Agseq_195453.1:0-2447                              -            816 33566at6656          -            592   1.2e-45  154.4   0.4   2   3   5.5e-19   2.8e-17   60.7   0.0   196   342   111   256    99   270 0.87 -
de_novo.Agseq_195453.1:0-2447                              -            816 33566at6656          -            592   1.2e-45  154.4   0.4   3   3   5.4e-17   2.8e-15   54.1   0.0   430   499   318   387   284   394 0.93 -
de_novo.Agseq_114557.1:6-1085                              -            360 33566at6656          -            592   1.8e-45  153.8   1.8   1   3   9.3e-12   4.7e-10   36.8   0.0    17    59    18    60    11    65 0.93 -
de_novo.Agseq_114557.1:6-1085                              -            360 33566at6656          -            592   1.8e-45  153.8   1.8   2   3   4.2e-08   2.2e-06   24.7   0.0   194   313    63   183    59   189 0.77 -
de_novo.Agseq_114557.1:6-1085                              -            360 33566at6656          -            592   1.8e-45  153.8   1.8   3   3   5.3e-28   2.7e-26   90.5   0.3   390   498   228   344   207   349 0.86 -
de_novo.Agm54242U_210819_213017_131599067_ccs.1:0-1295     -            432 33566at6656          -            592   1.4e-44  150.9  11.4   1   3   9.3e-10   4.7e-08   30.2   0.0    11    58    66   113    60   119 0.91 -
de_novo.Agm54242U_210819_213017_131599067_ccs.1:0-1295     -            432 33566at6656          -            592   1.4e-44  150.9  11.4   2   3   9.9e-20   5.1e-18   63.1   1.8   196   334   119   256   113   281 0.84 -
de_novo.Agm54242U_210819_213017_131599067_ccs.1:0-1295     -            432 33566at6656          -            592   1.4e-44  150.9  11.4   3   3   1.4e-19   6.9e-18   62.7   1.3   394   499   283   392   268   397 0.87 -
de_novo.Agm54242Ue_220404_200923_68618168_ccs.1:2-1300     -            433 33566at6656          -            592   1.4e-44  150.8  11.4   1   3   9.3e-10   4.8e-08   30.2   0.0    11    58    59   106    53   112 0.91 -
de_novo.Agm54242Ue_220404_200923_68618168_ccs.1:2-1300     -            433 33566at6656          -            592   1.4e-44  150.8  11.4   2   3     1e-19   5.1e-18   63.1   1.8   196   334   112   249   106   274 0.84 -
de_novo.Agm54242Ue_220404_200923_68618168_ccs.1:2-1300     -            433 33566at6656          -            592   1.4e-44  150.8  11.4   3   3   1.4e-19     7e-18   62.7   1.3   394   499   276   385   261   390 0.87 -
de_novo.Agm54242Ue_220404_200923_156829881_ccs.1:163-1137  -            325 33566at6656          -            592   6.1e-44  148.7   5.2   1   3   5.2e-07   2.7e-05   21.1   0.0     4    59     8    63     5    68 0.87 -
de_novo.Agm54242Ue_220404_200923_156829881_ccs.1:163-1137  -            325 33566at6656          -            592   6.1e-44  148.7   5.2   2   3     3e-23   1.5e-21   74.8   0.8   191   348    63   219    61   230 0.88 -
de_novo.Agm54242Ue_220404_200923_156829881_ccs.1:163-1137  -            325 33566at6656          -            592   6.1e-44  148.7   5.2   3   3   2.6e-17   1.3e-15   55.2   0.1   396   481   236   325   225   325 0.90 -
de_novo.Agm54242U_210819_213017_127404204_ccs.1:0-1067     -            356 33566at6656          -            592   1.2e-41  141.1   0.2   1   3     0.033       1.7    5.3   0.0    32    55     3    26     1    33 0.80 -
de_novo.Agm54242U_210819_213017_127404204_ccs.1:0-1067     -            356 33566at6656          -            592   1.2e-41  141.1   0.2   2   3   1.3e-14   6.4e-13   46.3   0.0   193   291    37   141    32   206 0.80 -
de_novo.Agm54242U_210819_213017_127404204_ccs.1:0-1067     -            356 33566at6656          -            592   1.2e-41  141.1   0.2   3   3   8.5e-27   4.3e-25   86.5   0.0   400   501   216   321   202   326 0.91 -
de_novo.Agm54242U_210909_035710_117050163_ccs.1:622-2034   -            471 33566at6656          -            592   1.5e-41  140.9   1.6   1   3     4e-11   2.1e-09   34.7   0.0     6    57    67   118    62   124 0.91 -
de_novo.Agm54242U_210909_035710_117050163_ccs.1:622-2034   -            471 33566at6656          -            592   1.5e-41  140.9   1.6   2   3   2.1e-14   1.1e-12   45.5   0.0   196   328   130   261   126   302 0.75 -
de_novo.Agm54242U_210909_035710_117050163_ccs.1:622-2034   -            471 33566at6656          -            592   1.5e-41  140.9   1.6   3   3   2.7e-18   1.4e-16   58.4   0.2   401   500   304   407   296   415 0.87 -
de_novo.Agm54242U_210909_035710_154929802_ccs.1:681-2093   -            471 33566at6656          -            592   1.5e-41  140.9   1.6   1   3     4e-11   2.1e-09   34.7   0.0     6    57    67   118    62   124 0.91 -
de_novo.Agm54242U_210909_035710_154929802_ccs.1:681-2093   -            471 33566at6656          -            592   1.5e-41  140.9   1.6   2   3   2.1e-14   1.1e-12   45.5   0.0   196   328   130   261   126   302 0.75 -
de_novo.Agm54242U_210909_035710_154929802_ccs.1:681-2093   -            471 33566at6656          -            592   1.5e-41  140.9   1.6   3   3   2.7e-18   1.4e-16   58.4   0.2   401   500   304   407   296   415 0.87 -
de_novo.Agm54242U_210909_035710_69140482_ccs.1:643-2055    -            471 33566at6656          -            592   1.5e-41  140.9   1.6   1   3     4e-11   2.1e-09   34.7   0.0     6    57    67   118    62   124 0.91 -
de_novo.Agm54242U_210909_035710_69140482_ccs.1:643-2055    -            471 33566at6656          -            592   1.5e-41  140.9   1.6   2   3   2.1e-14   1.1e-12   45.5   0.0   196   328   130   261   126   302 0.75 -
de_novo.Agm54242U_210909_035710_69140482_ccs.1:643-2055    -            471 33566at6656          -            592   1.5e-41  140.9   1.6   3   3   2.7e-18   1.4e-16   58.4   0.2   401   500   304   407   296   415 0.87 -
de_novo.Agm54242U_210819_213017_103219679_ccs.1:164-1168   -            335 33566at6656          -            592   1.6e-41  140.8   6.5   1   3   5.5e-07   2.8e-05   21.1   0.0     4    59     8    63     5    68 0.87 -
de_novo.Agm54242U_210819_213017_103219679_ccs.1:164-1168   -            335 33566at6656          -            592   1.6e-41  140.8   6.5   2   3     3e-23   1.5e-21   74.8   0.7   191   348    63   219    60   227 0.88 -
de_novo.Agm54242U_210819_213017_103219679_ccs.1:164-1168   -            335 33566at6656          -            592   1.6e-41  140.8   6.5   3   3   6.5e-15   3.3e-13   47.2   0.1   435   505   249   319   232   327 0.89 -
de_novo.Agm54242U_210819_213017_152633458_ccs.1:968-1927   -            320 33566at6656          -            592   1.7e-41  140.7   0.0   1   2   2.1e-18     1e-16   58.8   0.0   200   310     2   116     1   161 0.83 -
de_novo.Agm54242U_210819_213017_152633458_ccs.1:968-1927   -            320 33566at6656          -            592   1.7e-41  140.7   0.0   2   2     7e-25   3.6e-23   80.2   0.0   401   500   182   285   165   292 0.92 -
de_novo.Agm54242Ue_220404_200923_42993549_ccs.1:727-1686   -            320 33566at6656          -            592   1.7e-41  140.7   0.0   1   2   2.1e-18     1e-16   58.8   0.0   200   310     2   116     1   161 0.83 -
de_novo.Agm54242Ue_220404_200923_42993549_ccs.1:727-1686   -            320 33566at6656          -            592   1.7e-41  140.7   0.0   2   2     7e-25   3.6e-23   80.2   0.0   401   500   182   285   165   292 0.92 -
de_novo.AGAP010670-RA.1:447-2012                           -            522 33566at6656          -            592   2.9e-41  139.9   0.4   1   3   1.2e-08   5.9e-07   26.6   0.0    17    57     5    45     1    56 0.88 -
de_novo.AGAP010670-RA.1:447-2012                           -            522 33566at6656          -            592   2.9e-41  139.9   0.4   2   3   1.1e-17   5.7e-16   56.4   0.0   196   330    58   204    51   213 0.83 -
de_novo.AGAP010670-RA.1:447-2012                           -            522 33566at6656          -            592   2.9e-41  139.9   0.4   3   3   7.5e-17   3.8e-15   53.6   0.0   424   499   335   410   330   423 0.93 -
de_novo.Agm54242U_210819_213017_143458853_ccs.1:161-1201   -            347 33566at6656          -            592   3.8e-41  139.5   7.9   1   3   4.3e-07   2.2e-05   21.4   0.0     4    62     8    66     5    69 0.87 -
de_novo.Agm54242U_210819_213017_143458853_ccs.1:161-1201   -            347 33566at6656          -            592   3.8e-41  139.5   7.9   2   3   3.5e-23   1.8e-21   74.6   0.8   191   348    63   219    61   229 0.88 -
de_novo.Agm54242U_210819_213017_143458853_ccs.1:161-1201   -            347 33566at6656          -            592   3.8e-41  139.5   7.9   3   3   1.2e-13   6.3e-12   43.0   0.4   398   505   238   331   230   342 0.78 -
de_novo.AGAP004912.R41.1:60-1418                           -            453 33566at6656          -            592   4.7e-41  139.2   0.2   1   3     5e-05    0.0026   14.6   0.0    14    55    77   118    69   128 0.89 -
de_novo.AGAP004912.R41.1:60-1418                           -            453 33566at6656          -            592   4.7e-41  139.2   0.2   2   3   1.9e-16   9.5e-15   52.3   0.0   194   322   130   257   124   268 0.80 -
de_novo.AGAP004912.R41.1:60-1418                           -            453 33566at6656          -            592   4.7e-41  139.2   0.2   3   3   2.1e-21   1.1e-19   68.7   0.1   392   495   299   406   291   414 0.88 -
de_novo.Agm54242U_210909_035710_154797084_ccs.1:164-1135   -            324 33566at6656          -            592     7e-41  138.6   4.5   1   3     3e-07   1.5e-05   21.9   0.0     4    63     8    67     5    70 0.87 -
de_novo.Agm54242U_210909_035710_154797084_ccs.1:164-1135   -            324 33566at6656          -            592     7e-41  138.6   4.5   2   3   2.9e-23   1.5e-21   74.8   0.7   191   348    63   219    61   229 0.88 -
de_novo.Agm54242U_210909_035710_154797084_ccs.1:164-1135   -            324 33566at6656          -            592     7e-41  138.6   4.5   3   3   5.2e-14   2.7e-12   44.2   0.1   396   473   236   317   229   322 0.88 -
de_novo.Agm54242U_210819_213017_124256942_ccs.1:172-1014   -            281 33566at6656          -            592   1.6e-40  137.4   2.9   1   2   3.1e-17   1.6e-15   54.9   0.4   228   348    15   135     6   143 0.87 -
de_novo.Agm54242U_210819_213017_124256942_ccs.1:172-1014   -            281 33566at6656          -            592   1.6e-40  137.4   2.9   2   2   1.2e-25     6e-24   82.7   0.1   396   505   152   265   141   275 0.90 -
de_novo.AGAP011084-RA.1:576-1706                           -            377 33566at6656          -            592   2.8e-40  136.6   6.2   1   3   1.5e-09   7.7e-08   29.5   0.1     6    55    34    83    30    88 0.94 -
de_novo.AGAP011084-RA.1:576-1706                           -            377 33566at6656          -            592   2.8e-40  136.6   6.2   2   3   1.2e-12   6.3e-11   39.7   0.6   196   338    96   238    85   258 0.79 -
de_novo.AGAP011084-RA.1:576-1706                           -            377 33566at6656          -            592   2.8e-40  136.6   6.2   3   3     1e-21   5.3e-20   69.7   0.0   399   498   270   373   254   377 0.87 -
de_novo.Agm54242U_210819_213017_105710352_ccs.1:576-1706   -            377 33566at6656          -            592   2.8e-40  136.6   6.2   1   3   1.5e-09   7.7e-08   29.5   0.1     6    55    34    83    30    88 0.94 -
de_novo.Agm54242U_210819_213017_105710352_ccs.1:576-1706   -            377 33566at6656          -            592   2.8e-40  136.6   6.2   2   3   1.2e-12   6.3e-11   39.7   0.6   196   338    96   238    85   258 0.79 -
de_novo.Agm54242U_210819_213017_105710352_ccs.1:576-1706   -            377 33566at6656          -            592   2.8e-40  136.6   6.2   3   3     1e-21   5.3e-20   69.7   0.0   399   498   270   373   254   377 0.87 -
de_novo.AGAP010702-RA.1:0-2534                             -            845 33566at6656          -            592   1.5e-39  134.3   0.6   1   2     3e-11   1.5e-09   35.1   0.0     1    61   265   326   265   371 0.74 -
de_novo.AGAP010702-RA.1:0-2534                             -            845 33566at6656          -            592   1.5e-39  134.3   0.6   2   2     4e-29     2e-27   94.2   0.3   198   499   379   685   370   699 0.76 -
de_novo.Agm54242Ue_220404_200923_124062025_ccs.1:160-1167  -            336 33566at6656          -            592   1.6e-38  130.9   7.6   1   4   5.5e-07   2.8e-05   21.1   0.0     4    59     9    64     6    69 0.87 -
de_novo.Agm54242Ue_220404_200923_124062025_ccs.1:160-1167  -            336 33566at6656          -            592   1.6e-38  130.9   7.6   2   4   4.2e-09   2.1e-07   28.1   1.3   218   348    62   187    61   195 0.86 -
de_novo.Agm54242Ue_220404_200923_124062025_ccs.1:160-1167  -            336 33566at6656          -            592   1.6e-38  130.9   7.6   3   4   1.9e-25   9.5e-24   82.1   0.1   396   505   204   317   197   328 0.90 -
de_novo.Agm54242Ue_220404_200923_124062025_ccs.1:160-1167  -            336 33566at6656          -            592   1.6e-38  130.9   7.6   4   4       3.1   1.6e+02   -1.2   0.0   535   551   318   334   316   336 0.85 -
de_novo.Agm54242U_210909_035710_79104291_ccs.1:156-1073    -            306 33566at6656          -            592     3e-38  129.9   2.3   1   3   6.8e-16   3.5e-14   50.5   0.0     1    58     7    64     7    69 0.93 -
de_novo.Agm54242U_210909_035710_79104291_ccs.1:156-1073    -            306 33566at6656          -            592     3e-38  129.9   2.3   2   3   6.9e-15   3.5e-13   47.2   0.2   197   293    71   174    62   216 0.78 -
de_novo.Agm54242U_210909_035710_79104291_ccs.1:156-1073    -            306 33566at6656          -            592     3e-38  129.9   2.3   3   3   4.1e-10   2.1e-08   31.4   0.0   385   460   227   306   222   306 0.84 -
de_novo.Agm54242U_210819_213017_55903295_ccs.1:161-1102    -            314 33566at6656          -            592   8.2e-38  128.5   7.6   1   5   2.3e-07   1.2e-05   22.3   0.0     4    65     9    70     6    75 0.88 -
de_novo.Agm54242U_210819_213017_55903295_ccs.1:161-1102    -            314 33566at6656          -            592   8.2e-38  128.5   7.6   2   5    0.0099      0.51    7.0   0.1   191   218    64    91    62    91 0.90 -
de_novo.Agm54242U_210819_213017_55903295_ccs.1:161-1102    -            314 33566at6656          -            592   8.2e-38  128.5   7.6   3   5   2.9e-08   1.5e-06   25.3   1.0   256   348    80   165    73   177 0.88 -
de_novo.Agm54242U_210819_213017_55903295_ccs.1:161-1102    -            314 33566at6656          -            592   8.2e-38  128.5   7.6   4   5   1.6e-25     8e-24   82.3   0.1   396   505   182   295   174   306 0.90 -
de_novo.Agm54242U_210819_213017_55903295_ccs.1:161-1102    -            314 33566at6656          -            592   8.2e-38  128.5   7.6   5   5       2.5   1.3e+02   -0.9   0.0   535   551   296   312   292   314 0.85 -
de_novo.Agseq_154019.1:0-920                               -            307 33566at6656          -            592   1.1e-37  128.1   5.6   1   3   3.5e-07   1.8e-05   21.7   0.0     4    62     8    66     5    69 0.87 -
de_novo.Agseq_154019.1:0-920                               -            307 33566at6656          -            592   1.1e-37  128.1   5.6   2   3   2.4e-23   1.2e-21   75.1   0.7   191   348    63   219    60   228 0.88 -
de_novo.Agseq_154019.1:0-920                               -            307 33566at6656          -            592   1.1e-37  128.1   5.6   3   3   4.4e-11   2.2e-09   34.6   0.1   396   462   236   306   225   307 0.87 -
de_novo.Agm54242U_210909_035710_112197713_ccs.1:375-1340   -            322 33566at6656          -            592   3.4e-37  126.5   0.1   1   3   6.6e-12   3.4e-10   37.3   0.0     9    56     4    51     1    58 0.90 -
de_novo.Agm54242U_210909_035710_112197713_ccs.1:375-1340   -            322 33566at6656          -            592   3.4e-37  126.5   0.1   2   3     3e-05    0.0015   15.3   0.0   259   342    61   145    52   159 0.73 -
de_novo.Agm54242U_210909_035710_112197713_ccs.1:375-1340   -            322 33566at6656          -            592   3.4e-37  126.5   0.1   3   3   5.8e-22     3e-20   70.5   0.0   401   497   168   268   158   275 0.92 -
de_novo.AGAP003047-RA.1:969-2147                           -            393 33566at6656          -            592   4.3e-37  126.1   0.0   1   2   5.1e-14   2.6e-12   44.3   0.0   221   310    85   179    74   199 0.80 -
de_novo.AGAP003047-RA.1:969-2147                           -            393 33566at6656          -            592   4.3e-37  126.1   0.0   2   2   1.1e-24   5.5e-23   79.5   0.0   401   500   245   348   231   355 0.92 -
de_novo.Agm54242U_210909_035710_139396527_ccs.1:369-1820   -            484 33566at6656          -            592   7.3e-37  125.4   1.6   1   3   1.4e-10   7.1e-09   32.9   0.0     7    58     7    58     2    67 0.93 -
de_novo.Agm54242U_210909_035710_139396527_ccs.1:369-1820   -            484 33566at6656          -            592   7.3e-37  125.4   1.6   2   3   3.8e-12     2e-10   38.1   0.1   196   293    68   172    60   183 0.82 -
de_novo.Agm54242U_210909_035710_139396527_ccs.1:369-1820   -            484 33566at6656          -            592   7.3e-37  125.4   1.6   3   3   2.3e-16   1.2e-14   52.0   0.0   420   492   267   339   234   356 0.83 -
de_novo.AGAP005391-RA.1:21-1169                            -            383 33566at6656          -            592   1.2e-36  124.6   0.3   1   3   8.4e-06   0.00043   17.2   0.0     6    54    26    74    22    77 0.92 -
de_novo.AGAP005391-RA.1:21-1169                            -            383 33566at6656          -            592   1.2e-36  124.6   0.3   2   3   9.6e-15   4.9e-13   46.7   0.0   191   312    79   200    74   214 0.84 -
de_novo.AGAP005391-RA.1:21-1169                            -            383 33566at6656          -            592   1.2e-36  124.6   0.3   3   3   4.7e-18   2.4e-16   57.6   0.1   394   503   258   371   237   377 0.83 -
de_novo.Agm54242U_210909_035710_133169997_ccs.1:51-920     -            290 33566at6656          -            592   2.5e-36  123.6   0.0   1   2   3.1e-13   1.6e-11   41.7   0.0   232   311     3    87     1   150 0.79 -
de_novo.Agm54242U_210909_035710_133169997_ccs.1:51-920     -            290 33566at6656          -            592   2.5e-36  123.6   0.0   2   2   5.6e-25   2.9e-23   80.5   0.0   401   500   152   255   134   262 0.92 -
de_novo.Agm54242U_210909_035710_67504003_ccs.1:186-1352    -            389 33566at6656          -            592   9.2e-35  118.4   1.2   1   3   5.3e-05    0.0027   14.5   0.0     4    56    35    89    32    93 0.84 -
de_novo.Agm54242U_210909_035710_67504003_ccs.1:186-1352    -            389 33566at6656          -            592   9.2e-35  118.4   1.2   2   3   5.8e-15   2.9e-13   47.4   0.1   196   362    97   261    90   266 0.85 -
de_novo.Agm54242U_210909_035710_67504003_ccs.1:186-1352    -            389 33566at6656          -            592   9.2e-35  118.4   1.2   3   3   4.4e-17   2.3e-15   54.4   0.0   398   499   267   378   257   383 0.87 -
de_novo.Agm54242Ue_220404_200923_87492415_ccs.1:0-2174     -            725 33566at6656          -            592   1.3e-34  117.9   0.3   1   3   1.1e-11   5.5e-10   36.6   0.0     6    55    49    98    44   107 0.89 -
de_novo.Agm54242Ue_220404_200923_87492415_ccs.1:0-2174     -            725 33566at6656          -            592   1.3e-34  117.9   0.3   2   3     1e-18   5.1e-17   59.8   0.0   196   341   111   255    99   256 0.88 -
de_novo.Agm54242Ue_220404_200923_87492415_ccs.1:0-2174     -            725 33566at6656          -            592   1.3e-34  117.9   0.3   3   3     9e-07   4.6e-05   20.4   0.0   457   499   254   296   242   302 0.89 -
de_novo.Agm54242U_210909_035710_116916695_ccs.1:2-973      -            324 33566at6656          -            592   6.1e-34  115.7   0.1   1   2   9.9e-14   5.1e-12   43.3   0.1   203   342     1   147     1   163 0.79 -
de_novo.Agm54242U_210909_035710_116916695_ccs.1:2-973      -            324 33566at6656          -            592   6.1e-34  115.7   0.1   2   2   5.5e-22   2.8e-20   70.6   0.0   401   497   170   270   159   278 0.91 -
de_novo.Agseq_60437.1:111-1190                             -            360 33566at6656          -            592   9.4e-34  115.1   1.4   1   3   4.8e-07   2.5e-05   21.2   0.0     6    54    59   107    54   114 0.85 -
de_novo.Agseq_60437.1:111-1190                             -            360 33566at6656          -            592   9.4e-34  115.1   1.4   2   3   3.6e-17   1.9e-15   54.7   0.0   195   291   121   223   117   231 0.88 -
de_novo.Agseq_60437.1:111-1190                             -            360 33566at6656          -            592   9.4e-34  115.1   1.4   3   3     8e-12   4.1e-10   37.0   0.1   378   458   275   359   233   360 0.83 -
de_novo.Agm54242U_210819_213017_52560973_ccs.1:455-1549    -            365 33566at6656          -            592     7e-33  112.2   0.0   1   3   1.3e-07   6.5e-06   23.2   0.0     6    55    61   110    57   118 0.89 -
de_novo.Agm54242U_210819_213017_52560973_ccs.1:455-1549    -            365 33566at6656          -            592     7e-33  112.2   0.0   2   3   1.4e-14     7e-13   46.2   0.0   193   291   121   225   115   284 0.80 -
de_novo.Agm54242U_210819_213017_52560973_ccs.1:455-1549    -            365 33566at6656          -            592     7e-33  112.2   0.0   3   3   1.3e-12   6.5e-11   39.7   0.0   400   459   300   363   286   365 0.89 -
de_novo.Agm54242U_210819_213017_125501633_ccs.1:1-993      -            331 33566at6656          -            592   1.3e-32  111.4   0.1   1   3   2.9e-08   1.5e-06   25.3   0.1     9    55    34    80    26    90 0.86 -
de_novo.Agm54242U_210819_213017_125501633_ccs.1:1-993      -            331 33566at6656          -            592   1.3e-32  111.4   0.1   2   3   6.5e-17   3.3e-15   53.9   0.0   195   354    93   249    83   267 0.76 -
de_novo.Agm54242U_210819_213017_125501633_ccs.1:1-993      -            331 33566at6656          -            592   1.3e-32  111.4   0.1   3   3   1.7e-09   8.7e-08   29.4   0.0   399   458   268   331   254   331 0.87 -
de_novo.Agm54242U_210909_035710_109117780_ccs.1:492-1577   -            362 33566at6656          -            592   2.2e-32  110.6   0.0   1   3   1.3e-07   6.4e-06   23.2   0.0     6    55    61   110    57   118 0.89 -
de_novo.Agm54242U_210909_035710_109117780_ccs.1:492-1577   -            362 33566at6656          -            592   2.2e-32  110.6   0.0   2   3   1.4e-14   6.9e-13   46.2   0.0   193   291   121   225   115   284 0.80 -
de_novo.Agm54242U_210909_035710_109117780_ccs.1:492-1577   -            362 33566at6656          -            592   2.2e-32  110.6   0.0   3   3   4.2e-12   2.1e-10   38.0   0.0   400   458   300   362   286   362 0.90 -
de_novo.Agm54242Ue_220404_200923_104792844_ccs.1:136-1263  -            376 33566at6656          -            592   2.4e-32  110.4   0.1   1   3   3.5e-08   1.8e-06   25.0   0.1     9    55    79   125    71   135 0.86 -
de_novo.Agm54242Ue_220404_200923_104792844_ccs.1:136-1263  -            376 33566at6656          -            592   2.4e-32  110.4   0.1   2   3   7.7e-17   3.9e-15   53.6   0.0   195   354   138   294   128   314 0.76 -
de_novo.Agm54242Ue_220404_200923_104792844_ccs.1:136-1263  -            376 33566at6656          -            592   2.4e-32  110.4   0.1   3   3   1.9e-09   9.7e-08   29.2   0.0   398   458   312   376   296   376 0.87 -
de_novo.Agm54242U_210819_213017_70452984_ccs.1:18-1007     -            330 33566at6656          -            592     3e-32  110.1   0.5   1   2   7.8e-16     4e-14   50.3   0.0   179   312    12   147     1   162 0.79 -
de_novo.Agm54242U_210819_213017_70452984_ccs.1:18-1007     -            330 33566at6656          -            592     3e-32  110.1   0.5   2   2   3.4e-18   1.7e-16   58.1   0.1   394   503   205   318   183   324 0.83 -
de_novo.AGAP001057-RA.1:246-1565                           -            440 33566at6656          -            592   3.4e-32  110.0   1.0   1   3   1.7e-09   8.5e-08   29.4   0.0    10    55    12    57     6    62 0.89 -
de_novo.AGAP001057-RA.1:246-1565                           -            440 33566at6656          -            592   3.4e-32  110.0   1.0   2   3   3.9e-14     2e-12   44.7   0.1   189   328    63   201    58   245 0.75 -
de_novo.AGAP001057-RA.1:246-1565                           -            440 33566at6656          -            592   3.4e-32  110.0   1.0   3   3     1e-10   5.2e-09   33.4   0.0   425   492   274   342   267   353 0.83 -
de_novo.Agseq_85107.1:0-1793                               -            598 33566at6656          -            592   4.4e-32  109.6   0.1   1   3   4.8e-08   2.5e-06   24.5   0.0    15    58   162   205   149   210 0.87 -
de_novo.Agseq_85107.1:0-1793                               -            598 33566at6656          -            592   4.4e-32  109.6   0.1   2   3   1.1e-06   5.5e-05   20.1   0.0   196   295   212   321   203   339 0.74 -
de_novo.Agseq_85107.1:0-1793                               -            598 33566at6656          -            592   4.4e-32  109.6   0.1   3   3   2.8e-19   1.4e-17   61.7   0.0   423   499   419   495   393   504 0.92 -
de_novo.Agm54242U_210819_213017_26477428_ccs.1:141-1010    -            290 33566at6656          -            592     1e-31  108.3   3.5   1   4     2e-07     1e-05   22.5   0.0     4    65     9    70     6    75 0.88 -
de_novo.Agm54242U_210819_213017_26477428_ccs.1:141-1010    -            290 33566at6656          -            592     1e-31  108.3   3.5   2   4      0.27        14    2.3   0.1   280   348    80   141    73   150 0.79 -
de_novo.Agm54242U_210819_213017_26477428_ccs.1:141-1010    -            290 33566at6656          -            592     1e-31  108.3   3.5   3   4   1.5e-25   7.4e-24   82.4   0.1   396   505   158   271   152   279 0.90 -
de_novo.Agm54242U_210819_213017_26477428_ccs.1:141-1010    -            290 33566at6656          -            592     1e-31  108.3   3.5   4   4       2.6   1.3e+02   -1.0   0.0   535   551   272   288   270   290 0.85 -
de_novo.Agm54242U_210819_213017_49940056_ccs.1:15-902      -            296 33566at6656          -            592   2.6e-30  103.7   0.3   1   2     3e-12   1.6e-10   38.4   0.0     6    55    44    93    39   103 0.89 -
de_novo.Agm54242U_210819_213017_49940056_ccs.1:15-902      -            296 33566at6656          -            592   2.6e-30  103.7   0.3   2   2   6.9e-20   3.5e-18   63.7   0.0   196   343   106   252    93   266 0.87 -
de_novo.Agm54242Ue_220404_200923_61475402_ccs.1:66-923     -            286 33566at6656          -            592   6.2e-30  102.5   4.6   1   3   4.3e-07   2.2e-05   21.4   0.0     4    59     8    63     5    68 0.87 -
de_novo.Agm54242Ue_220404_200923_61475402_ccs.1:66-923     -            286 33566at6656          -            592   6.2e-30  102.5   4.6   2   3   1.9e-23   9.8e-22   75.4   0.7   191   348    63   219    60   229 0.88 -
de_novo.Agm54242Ue_220404_200923_61475402_ccs.1:66-923     -            286 33566at6656          -            592   6.2e-30  102.5   4.6   3   3    0.0082      0.42    7.3   0.0   397   434   237   278   232   283 0.77 -
de_novo.Agm54242Ue_220404_200923_66718043_ccs.1:136-1263   -            376 33566at6656          -            592   3.3e-29  100.1   0.1   1   3   4.2e-05    0.0021   14.8   0.0    14    55    77   118    69   125 0.89 -
de_novo.Agm54242Ue_220404_200923_66718043_ccs.1:136-1263   -            376 33566at6656          -            592   3.3e-29  100.1   0.1   2   3   1.1e-16   5.8e-15   53.0   0.0   194   322   130   257   124   282 0.81 -
de_novo.Agm54242Ue_220404_200923_66718043_ccs.1:136-1263   -            376 33566at6656          -            592   3.3e-29  100.1   0.1   3   3   2.6e-09   1.3e-07   28.7   0.0   392   463   299   374   292   376 0.86 -
de_novo.Agm54242Ue_220404_200923_29034374_ccs.1:150-857    -            236 33566at6656          -            592   3.7e-29   99.9   1.4   1   2   3.1e-07   1.6e-05   21.9   0.0     4    59     8    63     5    68 0.87 -
de_novo.Agm54242Ue_220404_200923_29034374_ccs.1:150-857    -            236 33566at6656          -            592   3.7e-29   99.9   1.4   2   2   2.5e-24   1.3e-22   78.4   0.5   191   351    63   222    61   232 0.90 -
de_novo.Agm54242Ue_220404_200923_27396869_ccs.1:78-1064    -            329 33566at6656          -            592   8.6e-29   98.7   3.4   1   3   6.5e-09   3.3e-07   27.4   0.0     4    56    24    76    21    82 0.94 -
de_novo.Agm54242Ue_220404_200923_27396869_ccs.1:78-1064    -            329 33566at6656          -            592   8.6e-29   98.7   3.4   2   3   2.2e-17   1.1e-15   55.4   0.3   194   335    82   225    76   254 0.77 -
de_novo.Agm54242Ue_220404_200923_27396869_ccs.1:78-1064    -            329 33566at6656          -            592   8.6e-29   98.7   3.4   3   3   1.7e-05   0.00089   16.1   0.0   395   463   254   326   241   329 0.88 -
de_novo.Agm54242U_210909_035710_71042041_ccs.1:164-943     -            260 33566at6656          -            592   3.3e-28   96.8   4.6   1   3   3.7e-07   1.9e-05   21.6   0.0     4    59     8    63     5    68 0.87 -
de_novo.Agm54242U_210909_035710_71042041_ccs.1:164-943     -            260 33566at6656          -            592   3.3e-28   96.8   4.6   2   3   1.6e-23   8.2e-22   75.7   0.7   191   348    63   219    60   226 0.88 -
de_novo.Agm54242U_210909_035710_71042041_ccs.1:164-943     -            260 33566at6656          -            592   3.3e-28   96.8   4.6   3   3      0.71        36    0.9   0.1   396   416   236   256   229   259 0.84 -
de_novo.Agm54242Ue_220404_200923_164561304_ccs.1:163-936   -            258 33566at6656          -            592   3.4e-28   96.7   4.4   1   3   3.6e-07   1.8e-05   21.7   0.0     4    59     8    63     5    68 0.87 -
de_novo.Agm54242Ue_220404_200923_164561304_ccs.1:163-936   -            258 33566at6656          -            592   3.4e-28   96.7   4.4   2   3   1.5e-23   7.5e-22   75.8   0.8   191   348    63   219    60   232 0.89 -
de_novo.Agm54242Ue_220404_200923_164561304_ccs.1:163-936   -            258 33566at6656          -            592   3.4e-28   96.7   4.4   3   3      0.75        38    0.8   0.0   396   416   236   256   224   258 0.84 -
de_novo.Agm54242U_210819_213017_78711354_ccs.1:25-828      -            268 33566at6656          -            592   5.4e-28   96.1   0.1   1   2     1e-08   5.2e-07   26.8   0.0   242   315     1    77     1    95 0.76 -
de_novo.Agm54242U_210819_213017_78711354_ccs.1:25-828      -            268 33566at6656          -            592   5.4e-28   96.1   0.1   2   2   4.6e-21   2.3e-19   67.6   0.0   401   507   149   259   131   264 0.90 -
de_novo.AGAP006941-RA.1:516-1988                           -            491 33566at6656          -            592   5.6e-28   96.0   1.0   1   3   0.00026     0.013   12.3   0.0    32    58    40    66     4    71 0.75 -
de_novo.AGAP006941-RA.1:516-1988                           -            491 33566at6656          -            592   5.6e-28   96.0   1.0   2   3   3.1e-09   1.6e-07   28.5   0.2   195   292    72   184    65   192 0.69 -
de_novo.AGAP006941-RA.1:516-1988                           -            491 33566at6656          -            592   5.6e-28   96.0   1.0   3   3   1.4e-16   7.2e-15   52.7   0.0   429   504   340   415   334   471 0.90 -
de_novo.Agseq_111664.1:72-800                              -            243 33566at6656          -            592   6.2e-28   95.9   0.0   1   2   0.00014    0.0074   13.1   0.0   263   310     2    47     1    87 0.79 -
de_novo.Agseq_111664.1:72-800                              -            243 33566at6656          -            592   6.2e-28   95.9   0.0   2   2   3.9e-25     2e-23   81.0   0.0   401   500   113   216    98   223 0.92 -
de_novo.Agm54242U_210819_213017_167119084_ccs.1:136-1251   -            372 33566at6656          -            592   2.5e-27   93.9   0.1   1   3   4.1e-05    0.0021   14.9   0.0    14    55    77   118    70   128 0.89 -
de_novo.Agm54242U_210819_213017_167119084_ccs.1:136-1251   -            372 33566at6656          -            592   2.5e-27   93.9   0.1   2   3   1.3e-16   6.6e-15   52.9   0.0   194   322   130   257   125   269 0.80 -
de_novo.Agm54242U_210819_213017_167119084_ccs.1:136-1251   -            372 33566at6656          -            592   2.5e-27   93.9   0.1   3   3   2.1e-07   1.1e-05   22.4   0.0   391   458   298   369   285   371 0.87 -
de_novo.Agm54242U_210909_035710_67635234_ccs.1:1081-1709   -            186 33566at6656          -            592   2.6e-27   93.8   0.0   1   2   8.1e-10   4.1e-08   30.4   0.1    21    55     2    36     1    39 0.94 -
de_novo.Agm54242U_210909_035710_67635234_ccs.1:1081-1709   -            186 33566at6656          -            592   2.6e-27   93.8   0.0   2   2   1.7e-19   8.8e-18   62.4   0.0   197   310    37   154    36   169 0.85 -
de_novo.Agm54242U_210819_213017_137167301_ccs.1:1113-1979  -            289 33566at6656          -            592   4.8e-27   92.9   0.2   1   2   5.8e-10     3e-08   30.9   0.0     4    56    35    87    32    99 0.92 -
de_novo.Agm54242U_210819_213017_137167301_ccs.1:1113-1979  -            289 33566at6656          -            592   4.8e-27   92.9   0.2   2   2   7.2e-19   3.7e-17   60.3   0.0   194   295   102   209    96   244 0.82 -
de_novo.Agm54242Ue_220404_200923_130941132_ccs.1:57-1709   -            551 33566at6656          -            592   2.9e-26   90.4   0.2   1   3   1.2e-14   5.9e-13   46.4   0.0     8    58    24    74    19    88 0.89 -
de_novo.Agm54242Ue_220404_200923_130941132_ccs.1:57-1709   -            551 33566at6656          -            592   2.9e-26   90.4   0.2   2   3   6.4e-07   3.2e-05   20.9   0.1   196   333    85   224    78   254 0.72 -
de_novo.Agm54242Ue_220404_200923_130941132_ccs.1:57-1709   -            551 33566at6656          -            592   2.9e-26   90.4   0.2   3   3   1.3e-06   6.7e-05   19.8   0.0   454   499   350   395   297   401 0.90 -
de_novo.Agseq_63980.1:54-1637                              -            528 33566at6656          -            592     5e-26   89.6   0.2   1   3   2.6e-14   1.3e-12   45.3   0.0    10    58     3    51     1    61 0.91 -
de_novo.Agseq_63980.1:54-1637                              -            528 33566at6656          -            592     5e-26   89.6   0.2   2   3   5.9e-07     3e-05   21.0   0.1   196   333    62   201    53   222 0.71 -
de_novo.Agseq_63980.1:54-1637                              -            528 33566at6656          -            592     5e-26   89.6   0.2   3   3   1.2e-06   6.3e-05   19.9   0.0   454   499   327   372   273   378 0.90 -
de_novo.Agm54242U_210909_035710_77137918_ccs.1:136-1212    -            359 33566at6656          -            592   5.3e-26   89.5   0.1   1   3     3e-08   1.5e-06   25.2   0.0     9    55    79   125    71   137 0.85 -
de_novo.Agm54242U_210909_035710_77137918_ccs.1:136-1212    -            359 33566at6656          -            592   5.3e-26   89.5   0.1   2   3   8.1e-17   4.1e-15   53.5   0.0   195   354   138   294   134   314 0.75 -
de_novo.Agm54242U_210909_035710_77137918_ccs.1:136-1212    -            359 33566at6656          -            592   5.3e-26   89.5   0.1   3   3    0.0053      0.27    7.9   0.0   399   441   313   359   299   359 0.82 -
de_novo.AGAP013035-RA.1:0-1160                             -            387 33566at6656          -            592   5.6e-26   89.4   0.2   1   3   3.8e-08     2e-06   24.9   0.0     9    62   108   162   100   167 0.82 -
de_novo.AGAP013035-RA.1:0-1160                             -            387 33566at6656          -            592   5.6e-26   89.4   0.2   2   3   5.5e-05    0.0028   14.5   0.0   191   258   166   236   159   245 0.82 -
de_novo.AGAP013035-RA.1:0-1160                             -            387 33566at6656          -            592   5.6e-26   89.4   0.2   3   3   6.1e-15   3.1e-13   47.3   0.0   419   503   249   335   242   340 0.90 -
de_novo.Agm54242Ue_220404_200923_83102333_ccs.1:2-472      -            157 33566at6656          -            592     7e-25   85.8   0.2   1   2   2.8e-26   1.4e-24   84.8   0.1   396   505    28   141    20   147 0.90 -
de_novo.Agm54242Ue_220404_200923_83102333_ccs.1:2-472      -            157 33566at6656          -            592     7e-25   85.8   0.2   2   2       2.7   1.4e+02   -1.0   0.0   535   548   142   155   138   156 0.89 -
de_novo.Agseq_166933.1:24-668                              -            215 33566at6656          -            592   3.9e-24   83.3   0.3   1   2   2.6e-08   1.3e-06   25.4   0.0     7    65     6    64     2    65 0.90 -
de_novo.Agseq_166933.1:24-668                              -            215 33566at6656          -            592   3.9e-24   83.3   0.3   2   2   3.5e-18   1.8e-16   58.0   0.1   195   348    62   214    59   215 0.88 -
de_novo.Agm54242U_210909_035710_142346780_ccs.1:162-647    -            162 33566at6656          -            592   7.8e-24   82.3   0.1   1   2   1.5e-07   7.8e-06   22.9   0.0     4    60     8    64     5    68 0.87 -
de_novo.Agm54242U_210909_035710_142346780_ccs.1:162-647    -            162 33566at6656          -            592   7.8e-24   82.3   0.1   2   2   1.5e-18   7.5e-17   59.3   0.0   191   284    63   162    60   162 0.88 -
de_novo.Agm54242U_210909_035710_92079907_ccs.1:117-722     -            202 33566at6656          -            592   1.2e-23   81.7   0.5   1   2   2.9e-09   1.5e-07   28.6   0.0     4    56    11    63     8    69 0.94 -
de_novo.Agm54242U_210909_035710_92079907_ccs.1:117-722     -            202 33566at6656          -            592   1.2e-23   81.7   0.5   2   2   2.4e-16   1.2e-14   52.0   0.1   194   323    69   200    65   201 0.77 -
de_novo.Agm54242U_210819_213017_7931250_ccs.1:117-710      -            198 33566at6656          -            592   2.3e-23   80.8   0.3   1   2   2.7e-09   1.4e-07   28.7   0.0     4    56    11    63     8    69 0.94 -
de_novo.Agm54242U_210819_213017_7931250_ccs.1:117-710      -            198 33566at6656          -            592   2.3e-23   80.8   0.3   2   2   5.1e-16   2.6e-14   50.9   0.0   194   310    69   188    64   196 0.78 -
de_novo.Agm54242Ue_220404_200923_91292014_ccs.1:39-602     -            188 33566at6656          -            592   8.8e-22   75.6   0.0   1   1   2.2e-23   1.1e-21   75.2   0.0   385   501    25   145    19   158 0.88 -
de_novo.Agm54242U_210819_213017_137561064_ccs.1:6-326      -            107 33566at6656          -            592   5.3e-21   73.0   0.0   1   1   1.2e-22     6e-21   72.8   0.0   422   500     2    80     1    86 0.95 -
de_novo.Agm54242U_210819_213017_38865738_ccs.1:488-1336    -            283 33566at6656          -            592   7.8e-21   72.4   0.0   1   2   8.6e-08   4.4e-06   23.7   0.0     6    55    50    99    46   107 0.89 -
de_novo.Agm54242U_210819_213017_38865738_ccs.1:488-1336    -            283 33566at6656          -            592   7.8e-21   72.4   0.0   2   2   8.1e-15   4.1e-13   46.9   0.0   193   291   110   214   105   272 0.80 -
de_novo.Agm54242U_210909_035710_11075992_ccs.1:193-984     -            264 33566at6656          -            592   1.1e-20   71.9   0.0   1   2   2.4e-05    0.0012   15.6   0.0    14    55    58    99    50   107 0.89 -
de_novo.Agm54242U_210909_035710_11075992_ccs.1:193-984     -            264 33566at6656          -            592   1.1e-20   71.9   0.0   2   2   4.5e-17   2.3e-15   54.4   0.0   194   323   111   239   106   257 0.80 -
de_novo.Agm54242Ue_220404_200923_178521105_ccs.1:24-626    -            201 33566at6656          -            592   1.7e-20   71.3   0.2   1   3   4.8e-08   2.5e-06   24.6   0.0     6    55    16    65    12    73 0.89 -
de_novo.Agm54242Ue_220404_200923_178521105_ccs.1:24-626    -            201 33566at6656          -            592   1.7e-20   71.3   0.2   2   3      0.14       7.2    3.2   0.0   193   220    76   103    72   120 0.79 -
de_novo.Agm54242Ue_220404_200923_178521105_ccs.1:24-626    -            201 33566at6656          -            592   1.7e-20   71.3   0.2   3   3   7.9e-13     4e-11   40.4   0.0   400   458   138   200   129   201 0.89 -
de_novo.Agm54242U_210909_035710_160367674_ccs.1:15-614     -            200 33566at6656          -            592   8.4e-20   69.0   0.0   1   1     2e-21     1e-19   68.8   0.0   401   507    75   185    45   191 0.91 -
de_novo.Agm54242Ue_220404_200923_61081143_ccs.1:6-368      -            121 33566at6656          -            592   1.5e-19   68.2   0.0   1   1   3.6e-21   1.8e-19   67.9   0.0   424   497    15    88     5    94 0.95 -
de_novo.Agseq_105069.1:0-521                               -            174 33566at6656          -            592     9e-19   65.6   1.1   1   2   0.00023     0.012   12.4   0.1    22    57     1    36     1    42 0.92 -
de_novo.Agseq_105069.1:0-521                               -            174 33566at6656          -            592     9e-19   65.6   1.1   2   2   1.4e-16   7.2e-15   52.7   0.1   194   323    41   172    36   173 0.77 -
de_novo.Agseq_190873.1:9-926                               -            306 33566at6656          -            592   1.9e-18   64.6   1.2   1   2   3.7e-05    0.0019   15.0   0.0     4    56    35    89    32    93 0.84 -
de_novo.Agseq_190873.1:9-926                               -            306 33566at6656          -            592   1.9e-18   64.6   1.2   2   2   2.9e-15   1.5e-13   48.4   0.1   196   362    97   261    92   270 0.85 -
de_novo.Agseq_55266.1:20-565                               -            182 33566at6656          -            592   3.2e-17   60.5   0.1   1   1   7.7e-19   3.9e-17   60.2   0.1   196   330    22   168    15   177 0.83 -
de_novo.Agm54242Ue_220404_200923_78971108_ccs.1:265-732    -            156 33566at6656          -            592   2.9e-14   50.7   0.2   1   2   7.5e-09   3.8e-07   27.2   0.1     9    55    36    82    28    93 0.85 -
de_novo.Agm54242Ue_220404_200923_78971108_ccs.1:265-732    -            156 33566at6656          -            592   2.9e-14   50.7   0.2   2   2   2.3e-07   1.2e-05   22.3   0.0   195   253    95   156    82   156 0.84 -
de_novo.Agm54242U_210909_035710_4261210_ccs.1:363-836      -            158 33566at6656          -            592   1.3e-13   48.6   0.1   1   2   1.1e-05   0.00056   16.8   0.0     4    56    11    65     8    70 0.85 -
de_novo.Agm54242U_210909_035710_4261210_ccs.1:363-836      -            158 33566at6656          -            592   1.3e-13   48.6   0.1   2   2   8.8e-10   4.5e-08   30.3   0.0   196   275    73   157    69   158 0.85 -
de_novo.Agm54242U_210819_213017_71174038_ccs.1:1074-1670   -            199 33566at6656          -            592   3.4e-07   27.4   0.1   1   1     1e-08   5.2e-07   26.8   0.1   119   167    97   151    90   188 0.79 -
de_novo.Agseq_159789.1:723-1319                            -            199 33566at6656          -            592   3.4e-07   27.4   0.1   1   1     1e-08   5.2e-07   26.8   0.1   119   167    97   151    90   188 0.79 -
de_novo.Agseq_180580.1:39-413                              -            125 33566at6656          -            592     3e-06   24.3   0.0   1   1   8.1e-08   4.1e-06   23.8   0.0     6    54    71   119    66   124 0.86 -
de_novo.Agm54242U_210819_213017_75432300_ccs.1:246-1241    -            332 33566at6656          -            592   4.7e-06   23.6   0.0   1   2   0.00072     0.037   10.8   0.0    24    96    13    91     8   111 0.71 -
de_novo.Agm54242U_210819_213017_75432300_ccs.1:246-1241    -            332 33566at6656          -            592   4.7e-06   23.6   0.0   2   2   0.00063     0.032   11.0   0.0   423   488   259   324   226   331 0.89 -
de_novo.Agm54242U_210909_035710_44238882_ccs.1:291-791     -            167 33566at6656          -            592     9e-06   22.7   0.0   1   1   1.8e-07   9.3e-06   22.6   0.0   101   182    40   139     1   156 0.67 -
de_novo.Agm54242U_210909_035710_48365692_ccs.1:300-800     -            167 33566at6656          -            592     9e-06   22.7   0.0   1   1   1.8e-07   9.3e-06   22.6   0.0   101   182    40   139     1   156 0.67 -
de_novo.Agm54242U_210819_213017_32245733_ccs.1:585-1763    -            393 33566at6656          -            592   2.8e-05   21.1   0.0   1   2      0.45        23    1.5   0.0    22    55     1    36     1    87 0.84 -
de_novo.Agm54242U_210819_213017_32245733_ccs.1:585-1763    -            393 33566at6656          -            592   2.8e-05   21.1   0.0   2   2   7.5e-06   0.00038   17.3   0.0   397   490   228   325   221   331 0.88 -
de_novo.Agm54242Ue_220404_200923_107744093_ccs.1:2115-3524 -            470 33566at6656          -            592   0.00046   17.0   0.3   1   2      0.76        39    0.8   0.0    21    76     9    64     5    86 0.76 -
de_novo.Agm54242Ue_220404_200923_107744093_ccs.1:2115-3524 -            470 33566at6656          -            592   0.00046   17.0   0.3   2   2   9.2e-05    0.0047   13.7   0.1   396   492   225   325   208   334 0.83 -
de_novo.Agm54242U_210819_213017_1050731_ccs.1:894-1388     -            165 33566at6656          -            592   0.00051   16.9   0.0   1   1   1.1e-05   0.00056   16.8   0.0    76   141     2    70     1   118 0.66 -
de_novo.AGAP029289.R636.1:231-665                          -            145 33566at6656          -            592   0.00083   16.2   0.2   1   1     2e-05     0.001   15.9   0.2   116   170    47   103    36   121 0.81 -
#
# Program:         hmmsearch
# Version:         3.1b2 (February 2015)
# Pipeline mode:   SEARCH
# Query file:      /hpcdata/bcbb/homc/Barillaslab/Agam_hemo_transcriptomes/scripts/compare_txomes/busco/busco_downloads/lineages/arthropoda_odb10/hmms/33566at6656.hmm
# Target file:     /hpcdata/bcbb/homc/Barillaslab/Agam_hemo_transcriptomes/scripts/compare_txomes/busco/denovo_Agamhemo_BUSCO/run_arthropoda_odb10/metaeuk_output/initial_results/de_novo_transcriptome_with_genome_hits_and_expression_filtering.gffread.fa.modified.fas
# Option settings: hmmsearch --domtblout /hpcdata/bcbb/homc/Barillaslab/Agam_hemo_transcriptomes/scripts/compare_txomes/busco/denovo_Agamhemo_BUSCO/run_arthropoda_odb10/hmmer_output/initial_run_results/33566at6656.out --cpu 1 /hpcdata/bcbb/homc/Barillaslab/Agam_hemo_transcriptomes/scripts/compare_txomes/busco/busco_downloads/lineages/arthropoda_odb10/hmms/33566at6656.hmm /hpcdata/bcbb/homc/Barillaslab/Agam_hemo_transcriptomes/scripts/compare_txomes/busco/denovo_Agamhemo_BUSCO/run_arthropoda_odb10/metaeuk_output/initial_results/de_novo_transcriptome_with_genome_hits_and_expression_filtering.gffread.fa.modified.fas 
# Current dir:     /hpcdata/bcbb/homc/Barillaslab/Agam_hemo_transcriptomes/scripts/compare_txomes/busco
# Date:            Sun Jan 29 12:58:46 2023
# [ok]
