#                                                                                                                  --- full sequence --- -------------- this domain -------------   hmm coord   ali coord   env coord
# target name                                              accession   tlen query name           accession   qlen   E-value  score  bias   #  of  c-Evalue  i-Evalue  score  bias  from    to  from    to  from    to  acc description of target
#                                      ------------------- ---------- ----- -------------------- ---------- ----- --------- ------ ----- --- --- --------- --------- ------ ----- ----- ----- ----- ----- ----- ----- ---- ---------------------
de_novo.Agm54242U_210819_213017_130156377_ccs.1:150-2489   -            780 48466at6656          -            226  7.1e-123  406.4  12.1   1   3   5.6e-59   5.9e-57  190.8   0.9     1   112   331   445   331   450 0.97 -
de_novo.Agm54242U_210819_213017_130156377_ccs.1:150-2489   -            780 48466at6656          -            226  7.1e-123  406.4  12.1   2   3   2.3e-28   2.4e-26   90.7   0.1   109   165   523   579   512   590 0.86 -
de_novo.Agm54242U_210819_213017_130156377_ccs.1:150-2489   -            780 48466at6656          -            226  7.1e-123  406.4  12.1   3   3   1.1e-40   1.2e-38  131.0   1.1   157   226   618   687   604   687 0.94 -
de_novo.Agm54242U_210819_213017_198694_ccs.1:150-2489      -            780 48466at6656          -            226  7.1e-123  406.4  12.1   1   3   5.6e-59   5.9e-57  190.8   0.9     1   112   331   445   331   450 0.97 -
de_novo.Agm54242U_210819_213017_198694_ccs.1:150-2489      -            780 48466at6656          -            226  7.1e-123  406.4  12.1   2   3   2.3e-28   2.4e-26   90.7   0.1   109   165   523   579   512   590 0.86 -
de_novo.Agm54242U_210819_213017_198694_ccs.1:150-2489      -            780 48466at6656          -            226  7.1e-123  406.4  12.1   3   3   1.1e-40   1.2e-38  131.0   1.1   157   226   618   687   604   687 0.94 -
de_novo.AGAP010382-RB.1:0-2900                             -            967 48466at6656          -            226  1.7e-122  405.2  12.1   1   3   7.7e-59     8e-57  190.4   0.9     1   112   518   632   518   637 0.97 -
de_novo.AGAP010382-RB.1:0-2900                             -            967 48466at6656          -            226  1.7e-122  405.2  12.1   2   3     3e-28   3.1e-26   90.3   0.1   109   165   710   766   699   777 0.86 -
de_novo.AGAP010382-RB.1:0-2900                             -            967 48466at6656          -            226  1.7e-122  405.2  12.1   3   3   1.5e-40   1.5e-38  130.6   1.1   157   226   805   874   791   874 0.94 -
de_novo.Agseq_153439.1:723-1529                            -            269 48466at6656          -            226     0.001   16.6  12.3   1   4     0.027       2.8    5.4   0.2   168   202    48    82    21    90 0.80 -
de_novo.Agseq_153439.1:723-1529                            -            269 48466at6656          -            226     0.001   16.6  12.3   2   4     0.015       1.6    6.2   0.0   144   200    82   143    79   148 0.75 -
de_novo.Agseq_153439.1:723-1529                            -            269 48466at6656          -            226     0.001   16.6  12.3   3   4      0.22        23    2.4   1.2   176   210   151   185   145   201 0.80 -
de_novo.Agseq_153439.1:723-1529                            -            269 48466at6656          -            226     0.001   16.6  12.3   4   4     0.005      0.52    7.8   0.1   170   199   231   260   210   266 0.82 -
de_novo.Agm54242Ue_220404_200923_147064968_ccs.1:1209-1769 -            187 48466at6656          -            226    0.0013   16.3   2.4   1   2   0.00013     0.013   13.0   0.3   162   199    11    49     3    53 0.79 -
de_novo.Agm54242Ue_220404_200923_147064968_ccs.1:1209-1769 -            187 48466at6656          -            226    0.0013   16.3   2.4   2   2      0.15        16    2.9   0.1   174   203   108   137    80   162 0.83 -
de_novo.Agm54242U_210819_213017_135856454_ccs.1:3150-3797  -            216 48466at6656          -            226    0.0034   14.9   1.1   1   3     0.047       4.9    4.6   0.0   173   201    15    43     4    52 0.85 -
de_novo.Agm54242U_210819_213017_135856454_ccs.1:3150-3797  -            216 48466at6656          -            226    0.0034   14.9   1.1   2   3      0.58        60    1.0   0.0    69    92    79   102    41   130 0.68 -
de_novo.Agm54242U_210819_213017_135856454_ccs.1:3150-3797  -            216 48466at6656          -            226    0.0034   14.9   1.1   3   3      0.02       2.1    5.8   0.1   161   205   153   197   133   210 0.77 -
de_novo.Agm54242U_210819_213017_4522479_ccs.1:111-851      -            247 48466at6656          -            226    0.0045   14.5  10.2   1   4      0.27        28    2.1   0.4   162   196    19    53     2    64 0.73 -
de_novo.Agm54242U_210819_213017_4522479_ccs.1:111-851      -            247 48466at6656          -            226    0.0045   14.5  10.2   2   4     0.086         9    3.7   0.0   174   199    95   120    56   138 0.75 -
de_novo.Agm54242U_210819_213017_4522479_ccs.1:111-851      -            247 48466at6656          -            226    0.0045   14.5  10.2   3   4    0.0011      0.12    9.9   0.2   175   212   139   176   127   179 0.89 -
de_novo.Agm54242U_210819_213017_4522479_ccs.1:111-851      -            247 48466at6656          -            226    0.0045   14.5  10.2   4   4      0.08       8.3    3.9   0.1   178   198   179   199   175   203 0.89 -
de_novo.Agm54242U_210819_213017_144376042_ccs.1:732-1550   -            273 48466at6656          -            226    0.0049   14.4  12.0   1   4      0.24        25    2.3   0.1   177   203    52    78    43    86 0.88 -
de_novo.Agm54242U_210819_213017_144376042_ccs.1:732-1550   -            273 48466at6656          -            226    0.0049   14.4  12.0   2   4     0.013       1.4    6.4   0.1   174   201   134   161   126   172 0.80 -
de_novo.Agm54242U_210819_213017_144376042_ccs.1:732-1550   -            273 48466at6656          -            226    0.0049   14.4  12.0   3   4       0.6        63    1.0   0.1   175   201   166   192   161   201 0.88 -
de_novo.Agm54242U_210819_213017_144376042_ccs.1:732-1550   -            273 48466at6656          -            226    0.0049   14.4  12.0   4   4   0.00075     0.078   10.5   0.1   175   203   224   252   209   267 0.85 -
de_novo.AGAP004285-RA.1:900-1406                           -            169 48466at6656          -            226    0.0096   13.5  11.4   1   2    0.0019       0.2    9.2   0.6   168   202    29    63    24    68 0.90 -
de_novo.AGAP004285-RA.1:900-1406                           -            169 48466at6656          -            226    0.0096   13.5  11.4   2   2     0.002      0.21    9.1   3.4   131   198    78   144    70   150 0.86 -
de_novo.AGAP010500-RA.1:1320-1952                          -            211 48466at6656          -            226     0.012   13.1   9.3   1   4       1.9   1.9e+02   -0.6   0.0   176   198     7    29     2    49 0.83 -
de_novo.AGAP010500-RA.1:1320-1952                          -            211 48466at6656          -            226     0.012   13.1   9.3   2   4     0.034       3.5    5.1   0.1   154   197    57   101    44   116 0.77 -
de_novo.AGAP010500-RA.1:1320-1952                          -            211 48466at6656          -            226     0.012   13.1   9.3   3   4    0.0013      0.13    9.7   1.0   175   199   135   159   106   170 0.82 -
de_novo.AGAP010500-RA.1:1320-1952                          -            211 48466at6656          -            226     0.012   13.1   9.3   4   4       0.3        31    2.0   0.5   175   197   163   185   159   205 0.80 -
de_novo.Agseq_63826.1:174-833                              -            220 48466at6656          -            226     0.012   13.1   9.1   1   4      0.21        22    2.5   0.3   162   196    19    53     2    63 0.73 -
de_novo.Agseq_63826.1:174-833                              -            220 48466at6656          -            226     0.012   13.1   9.1   2   4     0.072       7.5    4.0   0.0   174   199    95   120    55   137 0.75 -
de_novo.Agseq_63826.1:174-833                              -            220 48466at6656          -            226     0.012   13.1   9.1   3   4     0.012       1.3    6.5   0.2   175   207   139   169   127   176 0.79 -
de_novo.Agseq_63826.1:174-833                              -            220 48466at6656          -            226     0.012   13.1   9.1   4   4     0.062       6.5    4.2   0.1   177   198   176   197   171   201 0.89 -
de_novo.AGAP001930-RA.1:270-539                            -             90 48466at6656          -            226     0.013   13.1   0.0   1   1   0.00014     0.014   12.9   0.0     9    62    20    73    12    84 0.91 -
de_novo.Agm54242U_210819_213017_137758009_ccs.1:270-539    -             90 48466at6656          -            226     0.013   13.1   0.0   1   1   0.00014     0.014   12.9   0.0     9    62    20    73    12    84 0.91 -
de_novo.Agm54242U_210819_213017_140773156_ccs.1:270-539    -             90 48466at6656          -            226     0.013   13.1   0.0   1   1   0.00014     0.014   12.9   0.0     9    62    20    73    12    84 0.91 -
de_novo.Agm54242U_210909_035710_89719460_ccs.1:270-539     -             90 48466at6656          -            226     0.013   13.1   0.0   1   1   0.00014     0.014   12.9   0.0     9    62    20    73    12    84 0.91 -
de_novo.Agm54242Ue_220404_200923_128319679_ccs.1:270-539   -             90 48466at6656          -            226     0.013   13.1   0.0   1   1   0.00014     0.014   12.9   0.0     9    62    20    73    12    84 0.91 -
de_novo.AGAP008795-RA.1:1002-1682                          -            227 48466at6656          -            226     0.015   12.8   2.0   1   3      0.29        31    2.0   0.3   167   205    31    68     7    75 0.67 -
de_novo.AGAP008795-RA.1:1002-1682                          -            227 48466at6656          -            226     0.015   12.8   2.0   2   3      0.75        78    0.7   0.0   174   202    68    96    62   102 0.84 -
de_novo.AGAP008795-RA.1:1002-1682                          -            227 48466at6656          -            226     0.015   12.8   2.0   3   3    0.0037      0.38    8.2   0.1   177   198   203   224   188   227 0.79 -
de_novo.Agseq_79458.1:321-1001                             -            227 48466at6656          -            226     0.015   12.8   2.0   1   3      0.29        31    2.0   0.3   167   205    31    68     7    75 0.67 -
de_novo.Agseq_79458.1:321-1001                             -            227 48466at6656          -            226     0.015   12.8   2.0   2   3      0.75        78    0.7   0.0   174   202    68    96    62   102 0.84 -
de_novo.Agseq_79458.1:321-1001                             -            227 48466at6656          -            226     0.015   12.8   2.0   3   3    0.0037      0.38    8.2   0.1   177   198   203   224   188   227 0.79 -
de_novo.Agm54242Ue_220404_200923_45090018_ccs.1:108-677    -            190 48466at6656          -            226     0.016   12.8   0.0   1   1   0.00021     0.021   12.3   0.0     5    71    88   154    85   176 0.92 -
de_novo.Agm54242Ue_220404_200923_121373740_ccs.1:300-899   -            200 48466at6656          -            226     0.017   12.7   0.0   1   1   0.00022     0.023   12.3   0.0     5    71    88   154    85   182 0.92 -
de_novo.Agm54242Ue_220404_200923_96863001_ccs.1:318-917    -            200 48466at6656          -            226     0.017   12.7   0.0   1   1   0.00022     0.023   12.3   0.0     5    71    88   154    85   182 0.92 -
de_novo.AGAP001930-RA.1:21-494                             -            158 48466at6656          -            226     0.017   12.6   0.0   1   2       1.1   1.1e+02    0.2   0.0     4    62     8    66     6    72 0.80 -
de_novo.AGAP001930-RA.1:21-494                             -            158 48466at6656          -            226     0.017   12.6   0.0   2   2   0.00092     0.095   10.2   0.0     9    60   103   154    95   157 0.91 -
de_novo.Agm54242U_210819_213017_137758009_ccs.1:21-494     -            158 48466at6656          -            226     0.017   12.6   0.0   1   2       1.1   1.1e+02    0.2   0.0     4    62     8    66     6    72 0.80 -
de_novo.Agm54242U_210819_213017_137758009_ccs.1:21-494     -            158 48466at6656          -            226     0.017   12.6   0.0   2   2   0.00092     0.095   10.2   0.0     9    60   103   154    95   157 0.91 -
de_novo.Agm54242U_210819_213017_140773156_ccs.1:21-494     -            158 48466at6656          -            226     0.017   12.6   0.0   1   2       1.1   1.1e+02    0.2   0.0     4    62     8    66     6    72 0.80 -
de_novo.Agm54242U_210819_213017_140773156_ccs.1:21-494     -            158 48466at6656          -            226     0.017   12.6   0.0   2   2   0.00092     0.095   10.2   0.0     9    60   103   154    95   157 0.91 -
de_novo.Agm54242U_210909_035710_89719460_ccs.1:21-494      -            158 48466at6656          -            226     0.017   12.6   0.0   1   2       1.1   1.1e+02    0.2   0.0     4    62     8    66     6    72 0.80 -
de_novo.Agm54242U_210909_035710_89719460_ccs.1:21-494      -            158 48466at6656          -            226     0.017   12.6   0.0   2   2   0.00092     0.095   10.2   0.0     9    60   103   154    95   157 0.91 -
de_novo.Agm54242Ue_220404_200923_128319679_ccs.1:21-494    -            158 48466at6656          -            226     0.017   12.6   0.0   1   2       1.1   1.1e+02    0.2   0.0     4    62     8    66     6    72 0.80 -
de_novo.Agm54242Ue_220404_200923_128319679_ccs.1:21-494    -            158 48466at6656          -            226     0.017   12.6   0.0   2   2   0.00092     0.095   10.2   0.0     9    60   103   154    95   157 0.91 -
de_novo.AGAP000062.R711.1:111-845                          -            245 48466at6656          -            226     0.019   12.5   8.9   1   4      0.25        26    2.2   0.3   162   196    19    53     2    63 0.73 -
de_novo.AGAP000062.R711.1:111-845                          -            245 48466at6656          -            226     0.019   12.5   8.9   2   4     0.095       9.9    3.6   0.0   174   199    95   120    59   137 0.77 -
de_novo.AGAP000062.R711.1:111-845                          -            245 48466at6656          -            226     0.019   12.5   8.9   3   4     0.015       1.6    6.2   0.2   175   207   139   169   128   176 0.79 -
de_novo.AGAP000062.R711.1:111-845                          -            245 48466at6656          -            226     0.019   12.5   8.9   4   4     0.072       7.5    4.0   0.1   177   198   176   197   171   201 0.89 -
de_novo.Agm54242U_210819_213017_122291208_ccs.1:111-845    -            245 48466at6656          -            226     0.019   12.5   8.9   1   4      0.25        26    2.2   0.3   162   196    19    53     2    63 0.73 -
de_novo.Agm54242U_210819_213017_122291208_ccs.1:111-845    -            245 48466at6656          -            226     0.019   12.5   8.9   2   4     0.095       9.9    3.6   0.0   174   199    95   120    59   137 0.77 -
de_novo.Agm54242U_210819_213017_122291208_ccs.1:111-845    -            245 48466at6656          -            226     0.019   12.5   8.9   3   4     0.015       1.6    6.2   0.2   175   207   139   169   128   176 0.79 -
de_novo.Agm54242U_210819_213017_122291208_ccs.1:111-845    -            245 48466at6656          -            226     0.019   12.5   8.9   4   4     0.072       7.5    4.0   0.1   177   198   176   197   171   201 0.89 -
de_novo.Agm54242U_210909_035710_93980381_ccs.1:111-845     -            245 48466at6656          -            226     0.019   12.5   8.9   1   4      0.25        26    2.2   0.3   162   196    19    53     2    63 0.73 -
de_novo.Agm54242U_210909_035710_93980381_ccs.1:111-845     -            245 48466at6656          -            226     0.019   12.5   8.9   2   4     0.095       9.9    3.6   0.0   174   199    95   120    59   137 0.77 -
de_novo.Agm54242U_210909_035710_93980381_ccs.1:111-845     -            245 48466at6656          -            226     0.019   12.5   8.9   3   4     0.015       1.6    6.2   0.2   175   207   139   169   128   176 0.79 -
de_novo.Agm54242U_210909_035710_93980381_ccs.1:111-845     -            245 48466at6656          -            226     0.019   12.5   8.9   4   4     0.072       7.5    4.0   0.1   177   198   176   197   171   201 0.89 -
de_novo.Agm54242U_210819_213017_110168491_ccs.1:876-1472   -            199 48466at6656          -            226     0.026   12.1   6.0   1   3    0.0086       0.9    7.0   0.2   165   197    53    86    25    93 0.81 -
de_novo.Agm54242U_210819_213017_110168491_ccs.1:876-1472   -            199 48466at6656          -            226     0.026   12.1   6.0   2   3      0.79        82    0.6   0.1   175   197   120   142   112   148 0.73 -
de_novo.Agm54242U_210819_213017_110168491_ccs.1:876-1472   -            199 48466at6656          -            226     0.026   12.1   6.0   3   3     0.028       2.9    5.4   0.1   175   203   148   176   138   195 0.89 -
de_novo.Agm54242U_210819_213017_53543268_ccs.1:690-1670    -            327 48466at6656          -            226     0.029   11.9   4.4   1   4       2.2   2.2e+02   -0.8   0.0   175   202    78   105    73   107 0.85 -
de_novo.Agm54242U_210819_213017_53543268_ccs.1:690-1670    -            327 48466at6656          -            226     0.029   11.9   4.4   2   4    0.0011      0.11   10.0   0.4   146   200   105   159    92   165 0.86 -
de_novo.Agm54242U_210819_213017_53543268_ccs.1:690-1670    -            327 48466at6656          -            226     0.029   11.9   4.4   3   4         5   5.2e+02   -2.0   0.0   176   199   219   242   201   254 0.79 -
de_novo.Agm54242U_210819_213017_53543268_ccs.1:690-1670    -            327 48466at6656          -            226     0.029   11.9   4.4   4   4      0.39        41    1.6   0.0   174   199   274   299   265   309 0.83 -
de_novo.Agm54242U_210819_213017_63767943_ccs.1:1044-1796   -            251 48466at6656          -            226     0.031   11.8   8.0   1   4      0.65        68    0.9   0.1   175   201    25    51     4    53 0.78 -
de_novo.Agm54242U_210819_213017_63767943_ccs.1:1044-1796   -            251 48466at6656          -            226     0.031   11.8   8.0   2   4    0.0013      0.13    9.7   1.3   161   219    39    97    20   104 0.75 -
de_novo.Agm54242U_210819_213017_63767943_ccs.1:1044-1796   -            251 48466at6656          -            226     0.031   11.8   8.0   3   4      0.24        25    2.3   0.0   173   201   111   139    96   146 0.77 -
de_novo.Agm54242U_210819_213017_63767943_ccs.1:1044-1796   -            251 48466at6656          -            226     0.031   11.8   8.0   4   4      0.48        50    1.3   0.3   176   208   146   178   131   187 0.75 -
de_novo.AGAP002705-RA.1:1038-1814                          -            259 48466at6656          -            226      0.04   11.4   8.2   1   4      0.64        67    0.9   0.1   174   201    26    53     5    55 0.77 -
de_novo.AGAP002705-RA.1:1038-1814                          -            259 48466at6656          -            226      0.04   11.4   8.2   2   4    0.0014      0.14    9.6   1.4   161   219    41    99    22   107 0.76 -
de_novo.AGAP002705-RA.1:1038-1814                          -            259 48466at6656          -            226      0.04   11.4   8.2   3   4      0.25        26    2.2   0.0   173   201   113   141    99   149 0.77 -
de_novo.AGAP002705-RA.1:1038-1814                          -            259 48466at6656          -            226      0.04   11.4   8.2   4   4      0.41        43    1.5   0.5   175   208   147   180   122   189 0.72 -
de_novo.AGAP000062.R710.1:111-947                          -            279 48466at6656          -            226     0.043   11.3   9.5   1   4      0.36        37    1.7   0.4   162   196    19    53     2    61 0.72 -
de_novo.AGAP000062.R710.1:111-947                          -            279 48466at6656          -            226     0.043   11.3   9.5   2   4      0.09       9.4    3.7   0.0   173   199   144   170    99   187 0.72 -
de_novo.AGAP000062.R710.1:111-947                          -            279 48466at6656          -            226     0.043   11.3   9.5   3   4     0.017       1.8    6.0   0.2   175   207   189   219   177   226 0.79 -
de_novo.AGAP000062.R710.1:111-947                          -            279 48466at6656          -            226     0.043   11.3   9.5   4   4     0.093       9.7    3.6   0.1   178   198   227   247   223   251 0.89 -
de_novo.Agm54242U_210819_213017_52496600_ccs.1:316-1113    -            266 48466at6656          -            226     0.043   11.3   1.2   1   3      0.62        64    1.0   0.0   178   198    68    88    44    93 0.81 -
de_novo.Agm54242U_210819_213017_52496600_ccs.1:316-1113    -            266 48466at6656          -            226     0.043   11.3   1.2   2   3     0.021       2.2    5.7   0.0   170   203    92   125    70   126 0.78 -
de_novo.Agm54242U_210819_213017_52496600_ccs.1:316-1113    -            266 48466at6656          -            226     0.043   11.3   1.2   3   3      0.22        23    2.4   0.1   146   203   152   209   131   233 0.78 -
de_novo.Agseq_75769.1:378-1307                             -            310 48466at6656          -            226     0.054   11.0  16.5   1   7      0.33        34    1.9   0.0   177   197     2    22     1    28 0.85 -
de_novo.Agseq_75769.1:378-1307                             -            310 48466at6656          -            226     0.054   11.0  16.5   2   7      0.16        17    2.8   0.1   177   201    30    54    24    57 0.89 -
de_novo.Agseq_75769.1:378-1307                             -            310 48466at6656          -            226     0.054   11.0  16.5   3   7      0.09       9.4    3.7   0.0   173   199    55    81    51    89 0.83 -
de_novo.Agseq_75769.1:378-1307                             -            310 48466at6656          -            226     0.054   11.0  16.5   4   7       5.3   5.5e+02   -2.1   0.0   176   200    86   110    80   131 0.76 -
de_novo.Agseq_75769.1:378-1307                             -            310 48466at6656          -            226     0.054   11.0  16.5   5   7     0.015       1.6    6.2   0.1   175   202   141   168   115   171 0.89 -
de_novo.Agseq_75769.1:378-1307                             -            310 48466at6656          -            226     0.054   11.0  16.5   6   7       1.4   1.5e+02   -0.2   0.1   177   196   172   193   168   198 0.83 -
de_novo.Agseq_75769.1:378-1307                             -            310 48466at6656          -            226     0.054   11.0  16.5   7   7      0.06       6.2    4.3   0.3   170   205   247   282   217   299 0.67 -
de_novo.Agseq_93389.1:405-1235                             -            277 48466at6656          -            226     0.055   11.0   9.9   1   5       3.5   3.6e+02   -1.5   0.0    80   102    37    59    26    63 0.83 -
de_novo.Agseq_93389.1:405-1235                             -            277 48466at6656          -            226     0.055   11.0   9.9   2   5      0.73        75    0.7   0.1   177   201    57    81    43    87 0.87 -
de_novo.Agseq_93389.1:405-1235                             -            277 48466at6656          -            226     0.055   11.0   9.9   3   5     0.014       1.4    6.4   0.0   174   199   138   163   121   172 0.82 -
de_novo.Agseq_93389.1:405-1235                             -            277 48466at6656          -            226     0.055   11.0   9.9   4   5     0.075       7.8    3.9   0.2   175   209   170   204   164   215 0.85 -
de_novo.Agseq_93389.1:405-1235                             -            277 48466at6656          -            226     0.055   11.0   9.9   5   5     0.098        10    3.6   0.2   175   203   228   256   214   258 0.87 -
de_novo.Agseq_35448.1:41-226                               -             62 48466at6656          -            226     0.056   11.0   0.3   1   1   0.00095     0.099   10.2   0.3   172   203    24    55     2    58 0.76 -
de_novo.Agseq_115479.1:771-1529                            -            253 48466at6656          -            226     0.094   10.2   4.4   1   3      0.02       2.1    5.8   0.0   170   203    24    57     2    58 0.78 -
de_novo.Agseq_115479.1:771-1529                            -            253 48466at6656          -            226     0.094   10.2   4.4   2   3      0.19        20    2.6   0.1   146   203    84   141    61   168 0.78 -
de_novo.Agseq_115479.1:771-1529                            -            253 48466at6656          -            226     0.094   10.2   4.4   3   3      0.48        50    1.3   0.2   175   201   226   252   199   253 0.84 -
de_novo.AGAP007971-RA.1:585-1262                           -            226 48466at6656          -            226      0.12    9.9   4.1   1   4      0.61        63    1.0   0.1   173   203    87   117    76   121 0.85 -
de_novo.AGAP007971-RA.1:585-1262                           -            226 48466at6656          -            226      0.12    9.9   4.1   2   4     0.025       2.6    5.5   0.6   172   201   118   147    93   151 0.81 -
de_novo.AGAP007971-RA.1:585-1262                           -            226 48466at6656          -            226      0.12    9.9   4.1   3   4       3.1   3.2e+02   -1.3   0.0   177   197   152   172   145   186 0.83 -
de_novo.AGAP007971-RA.1:585-1262                           -            226 48466at6656          -            226      0.12    9.9   4.1   4   4      0.13        14    3.1   0.1   165   196   197   225   177   226 0.81 -
de_novo.Agm54242U_210819_213017_169935825_ccs.1:345-1022   -            226 48466at6656          -            226      0.12    9.9   4.1   1   4      0.61        63    1.0   0.1   173   203    87   117    76   121 0.85 -
de_novo.Agm54242U_210819_213017_169935825_ccs.1:345-1022   -            226 48466at6656          -            226      0.12    9.9   4.1   2   4     0.025       2.6    5.5   0.6   172   201   118   147    93   151 0.81 -
de_novo.Agm54242U_210819_213017_169935825_ccs.1:345-1022   -            226 48466at6656          -            226      0.12    9.9   4.1   3   4       3.1   3.2e+02   -1.3   0.0   177   197   152   172   145   186 0.83 -
de_novo.Agm54242U_210819_213017_169935825_ccs.1:345-1022   -            226 48466at6656          -            226      0.12    9.9   4.1   4   4      0.13        14    3.1   0.1   165   196   197   225   177   226 0.81 -
de_novo.Agm54242Ue_220404_200923_136645166_ccs.1:18-1124   -            369 48466at6656          -            226      0.12    9.9   6.3   1   2   0.00094     0.097   10.2   2.0   149   204   202   254   191   279 0.69 -
de_novo.Agm54242Ue_220404_200923_136645166_ccs.1:18-1124   -            369 48466at6656          -            226      0.12    9.9   6.3   2   2         7   7.3e+02   -2.5   0.1   174   193   339   358   333   364 0.73 -
de_novo.AGAP008340-RA.1:1329-1982                          -            218 48466at6656          -            226      0.15    9.5   5.9   1   3    0.0016      0.16    9.4   0.2   168   203    47    82    34    85 0.86 -
de_novo.AGAP008340-RA.1:1329-1982                          -            218 48466at6656          -            226      0.15    9.5   5.9   2   3      0.22        22    2.4   0.3   174   196    84   106    80   136 0.81 -
de_novo.AGAP008340-RA.1:1329-1982                          -            218 48466at6656          -            226      0.15    9.5   5.9   3   3       4.9   5.1e+02   -2.0   0.0   177   195   144   162   130   170 0.79 -
de_novo.Agm54242U_210819_213017_164103806_ccs.1:1-663      -            221 48466at6656          -            226      0.16    9.5   7.1   1   3     0.031       3.2    5.2   0.0   169   197    17    45     2    51 0.77 -
de_novo.Agm54242U_210819_213017_164103806_ccs.1:1-663      -            221 48466at6656          -            226      0.16    9.5   7.1   2   3      0.11        11    3.4   0.7   176   197    52    73    46   101 0.81 -
de_novo.Agm54242U_210819_213017_164103806_ccs.1:1-663      -            221 48466at6656          -            226      0.16    9.5   7.1   3   3      0.22        22    2.4   1.5   148   201    80   133    75   137 0.74 -
de_novo.Agm54242U_210819_213017_106367423_ccs.1:555-1055   -            167 48466at6656          -            226      0.25    8.9   4.2   1   3       1.6   1.7e+02   -0.4   0.0   159   180     6    29     3    42 0.80 -
de_novo.Agm54242U_210819_213017_106367423_ccs.1:555-1055   -            167 48466at6656          -            226      0.25    8.9   4.2   2   3      0.27        28    2.1   0.1   176   197    60    81    15    87 0.71 -
de_novo.Agm54242U_210819_213017_106367423_ccs.1:555-1055   -            167 48466at6656          -            226      0.25    8.9   4.2   3   3    0.0085      0.88    7.0   1.0   142   202    82   142    78   147 0.81 -
de_novo.AGAP010882-RA.1:543-1304                           -            254 48466at6656          -            226      0.49    7.9  13.7   1   4     0.058       6.1    4.3   0.1   178   201    25    48    19    52 0.92 -
de_novo.AGAP010882-RA.1:543-1304                           -            254 48466at6656          -            226      0.49    7.9  13.7   2   4      0.22        22    2.4   0.1   176   198    90   112    86   118 0.86 -
de_novo.AGAP010882-RA.1:543-1304                           -            254 48466at6656          -            226      0.49    7.9  13.7   3   4     0.077         8    3.9   1.3   148   204   118   174   112   195 0.84 -
de_novo.AGAP010882-RA.1:543-1304                           -            254 48466at6656          -            226      0.49    7.9  13.7   4   4     0.066       6.8    4.1   0.2   175   203   202   230   195   244 0.89 -
de_novo.Agseq_11090.1:3-503                                -            167 48466at6656          -            226      0.56    7.7  12.7   1   3     0.031       3.2    5.2   1.5   137   203    17    83     7    86 0.83 -
de_novo.Agseq_11090.1:3-503                                -            167 48466at6656          -            226      0.56    7.7  12.7   2   3    0.0099         1    6.8   1.8   148   215    56   123    53   133 0.83 -
de_novo.Agseq_11090.1:3-503                                -            167 48466at6656          -            226      0.56    7.7  12.7   3   3     0.025       2.6    5.5   1.7   146   201   110   165   106   167 0.71 -
de_novo.Agm54242U_210819_213017_70322868_ccs.1:645-1199    -            185 48466at6656          -            226       1.2    6.6   7.0   1   4      0.35        36    1.8   0.1   168   200    41    73    30    80 0.82 -
de_novo.Agm54242U_210819_213017_70322868_ccs.1:645-1199    -            185 48466at6656          -            226       1.2    6.6   7.0   2   4    0.0053      0.55    7.7   0.3   168   203    70   105    51   107 0.82 -
de_novo.Agm54242U_210819_213017_70322868_ccs.1:645-1199    -            185 48466at6656          -            226       1.2    6.6   7.0   3   4       1.2   1.2e+02    0.0   0.1   175   195   105   125   103   133 0.83 -
de_novo.Agm54242U_210819_213017_70322868_ccs.1:645-1199    -            185 48466at6656          -            226       1.2    6.6   7.0   4   4       2.6   2.7e+02   -1.1   0.1   168   196   151   181   129   185 0.62 -
de_novo.Agseq_62093.1:576-1148                             -            191 48466at6656          -            226       1.2    6.6   5.1   1   4      0.41        43    1.5   0.1   177   204    29    56    12    78 0.87 -
de_novo.Agseq_62093.1:576-1148                             -            191 48466at6656          -            226       1.2    6.6   5.1   2   4     0.035       3.6    5.0   0.1   175   202    85   112    68   115 0.88 -
de_novo.Agseq_62093.1:576-1148                             -            191 48466at6656          -            226       1.2    6.6   5.1   3   4      0.61        64    1.0   0.1   173   195   112   134   107   142 0.82 -
de_novo.Agseq_62093.1:576-1148                             -            191 48466at6656          -            226       1.2    6.6   5.1   4   4       2.7   2.8e+02   -1.2   0.0   176   195   143   162   135   169 0.81 -
de_novo.Agm54242U_210819_213017_128910411_ccs.1:993-2114   -            374 48466at6656          -            226       1.5    6.3  11.3   1   4       9.2   9.6e+02   -2.9   0.2   179   205    62    88    56   109 0.71 -
de_novo.Agm54242U_210819_213017_128910411_ccs.1:993-2114   -            374 48466at6656          -            226       1.5    6.3  11.3   2   4       5.3   5.5e+02   -2.1   0.1   172   200   168   196   145   204 0.78 -
de_novo.Agm54242U_210819_213017_128910411_ccs.1:993-2114   -            374 48466at6656          -            226       1.5    6.3  11.3   3   4     0.012       1.2    6.6   0.0   175   199   307   331   293   335 0.87 -
de_novo.Agm54242U_210819_213017_128910411_ccs.1:993-2114   -            374 48466at6656          -            226       1.5    6.3  11.3   4   4     0.013       1.3    6.5   0.4   175   205   335   366   331   373 0.80 -
de_novo.Agm54242U_210909_035710_18482272_ccs.1:226-1272    -            349 48466at6656          -            226       1.7    6.1  10.8   1   5      0.19        20    2.6   0.1   178   202     7    31     3    34 0.90 -
de_novo.Agm54242U_210909_035710_18482272_ccs.1:226-1272    -            349 48466at6656          -            226       1.7    6.1  10.8   2   5      0.93        97    0.4   0.0   178   198    98   118    73   122 0.81 -
de_novo.Agm54242U_210909_035710_18482272_ccs.1:226-1272    -            349 48466at6656          -            226       1.7    6.1  10.8   3   5     0.032       3.3    5.2   0.0   170   203   122   155   100   156 0.79 -
de_novo.Agm54242U_210909_035710_18482272_ccs.1:226-1272    -            349 48466at6656          -            226       1.7    6.1  10.8   4   5      0.39        41    1.6   0.2   147   203   183   239   171   264 0.76 -
de_novo.Agm54242U_210909_035710_18482272_ccs.1:226-1272    -            349 48466at6656          -            226       1.7    6.1  10.8   5   5       2.2   2.3e+02   -0.8   0.2   176   200   325   349   301   349 0.83 -
de_novo.Agseq_115479.1:477-1523                            -            349 48466at6656          -            226       1.7    6.1  10.8   1   5      0.19        20    2.6   0.1   178   202     7    31     3    34 0.90 -
de_novo.Agseq_115479.1:477-1523                            -            349 48466at6656          -            226       1.7    6.1  10.8   2   5      0.93        97    0.4   0.0   178   198    98   118    73   122 0.81 -
de_novo.Agseq_115479.1:477-1523                            -            349 48466at6656          -            226       1.7    6.1  10.8   3   5     0.032       3.3    5.2   0.0   170   203   122   155   100   156 0.79 -
de_novo.Agseq_115479.1:477-1523                            -            349 48466at6656          -            226       1.7    6.1  10.8   4   5      0.39        41    1.6   0.2   147   203   183   239   171   264 0.76 -
de_novo.Agseq_115479.1:477-1523                            -            349 48466at6656          -            226       1.7    6.1  10.8   5   5       2.2   2.3e+02   -0.8   0.2   176   200   325   349   301   349 0.83 -
de_novo.Agseq_94655.1:75-590                               -            172 48466at6656          -            226       1.9    5.9   8.4   1   4       1.1   1.1e+02    0.2   0.1   176   204     7    35     2    60 0.63 -
de_novo.Agseq_94655.1:75-590                               -            172 48466at6656          -            226       1.9    5.9   8.4   2   4     0.013       1.3    6.5   0.5   173   201    62    90    54    96 0.85 -
de_novo.Agseq_94655.1:75-590                               -            172 48466at6656          -            226       1.9    5.9   8.4   3   4      0.17        18    2.8   0.2   174   193    92   111    89   119 0.83 -
de_novo.Agseq_94655.1:75-590                               -            172 48466at6656          -            226       1.9    5.9   8.4   4   4       6.8     7e+02   -2.4   0.0   175   190   121   136   116   147 0.74 -
de_novo.Agm54242U_210909_035710_126355168_ccs.1:807-1526   -            240 48466at6656          -            226       2.2    5.7   7.7   1   4       1.3   1.4e+02   -0.1   0.1   176   197    53    74    40    81 0.86 -
de_novo.Agm54242U_210909_035710_126355168_ccs.1:807-1526   -            240 48466at6656          -            226       2.2    5.7   7.7   2   4       0.2        21    2.5   0.1   176   203    81   108    66   109 0.87 -
de_novo.Agm54242U_210909_035710_126355168_ccs.1:807-1526   -            240 48466at6656          -            226       2.2    5.7   7.7   3   4      0.32        34    1.9   0.1   174   202   107   135   102   153 0.85 -
de_novo.Agm54242U_210909_035710_126355168_ccs.1:807-1526   -            240 48466at6656          -            226       2.2    5.7   7.7   4   4     0.067         7    4.1   0.2   174   203   163   192   142   214 0.88 -
#
# Program:         hmmsearch
# Version:         3.1b2 (February 2015)
# Pipeline mode:   SEARCH
# Query file:      /hpcdata/bcbb/homc/Barillaslab/Agam_hemo_transcriptomes/scripts/compare_txomes/busco/busco_downloads/lineages/arthropoda_odb10/hmms/48466at6656.hmm
# Target file:     /hpcdata/bcbb/homc/Barillaslab/Agam_hemo_transcriptomes/scripts/compare_txomes/busco/denovo_Agamhemo_BUSCO/run_arthropoda_odb10/metaeuk_output/initial_results/de_novo_transcriptome_with_genome_hits_and_expression_filtering.gffread.fa.modified.fas
# Option settings: hmmsearch --domtblout /hpcdata/bcbb/homc/Barillaslab/Agam_hemo_transcriptomes/scripts/compare_txomes/busco/denovo_Agamhemo_BUSCO/run_arthropoda_odb10/hmmer_output/initial_run_results/48466at6656.out --cpu 1 /hpcdata/bcbb/homc/Barillaslab/Agam_hemo_transcriptomes/scripts/compare_txomes/busco/busco_downloads/lineages/arthropoda_odb10/hmms/48466at6656.hmm /hpcdata/bcbb/homc/Barillaslab/Agam_hemo_transcriptomes/scripts/compare_txomes/busco/denovo_Agamhemo_BUSCO/run_arthropoda_odb10/metaeuk_output/initial_results/de_novo_transcriptome_with_genome_hits_and_expression_filtering.gffread.fa.modified.fas 
# Current dir:     /hpcdata/bcbb/homc/Barillaslab/Agam_hemo_transcriptomes/scripts/compare_txomes/busco
# Date:            Sun Jan 29 12:59:17 2023
# [ok]
