#                                                                                                                 --- full sequence --- -------------- this domain -------------   hmm coord   ali coord   env coord
# target name                                             accession   tlen query name           accession   qlen   E-value  score  bias   #  of  c-Evalue  i-Evalue  score  bias  from    to  from    to  from    to  acc description of target
#                                     ------------------- ---------- ----- -------------------- ---------- ----- --------- ------ ----- --- --- --------- --------- ------ ----- ----- ----- ----- ----- ----- ----- ---- ---------------------
de_novo.Agm54242Ue_220404_200923_145426414_ccs.1:18-2285  -            756 50493at6656          -            547  4.4e-263  872.2  19.9   1   4   0.00015    0.0061   13.6   5.9     1    39    19    60    19    69 0.80 -
de_novo.Agm54242Ue_220404_200923_145426414_ccs.1:18-2285  -            756 50493at6656          -            547  4.4e-263  872.2  19.9   2   4   2.9e-46   1.2e-44  151.2   1.3     2   138    54   186    53   221 0.75 -
de_novo.Agm54242Ue_220404_200923_145426414_ccs.1:18-2285  -            756 50493at6656          -            547  4.4e-263  872.2  19.9   3   4  7.5e-130  3.2e-128  427.1   0.4   141   341   229   428   213   447 0.92 -
de_novo.Agm54242Ue_220404_200923_145426414_ccs.1:18-2285  -            756 50493at6656          -            547  4.4e-263  872.2  19.9   4   4   2.1e-88   8.9e-87  290.3   0.0   350   547   555   756   538   756 0.89 -
de_novo.Agm54242U_210819_213017_21955989_ccs.1:18-2283    -            748 50493at6656          -            547  1.1e-236  785.1  23.1   1   3   9.4e-47     4e-45  152.8  16.0     1   144    19   201    19   219 0.76 -
de_novo.Agm54242U_210819_213017_21955989_ccs.1:18-2283    -            748 50493at6656          -            547  1.1e-236  785.1  23.1   2   3  3.3e-102  1.4e-100  335.8   0.1   142   299   264   420   249   423 0.92 -
de_novo.Agm54242U_210819_213017_21955989_ccs.1:18-2283    -            748 50493at6656          -            547  1.1e-236  785.1  23.1   3   3   2.1e-88   8.7e-87  290.3   0.0   350   547   547   748   530   748 0.89 -
de_novo.Agm54242U_210819_213017_46203218_ccs.1:18-1940    -            641 50493at6656          -            547  7.3e-183  607.4  27.2   1   3   6.8e-47   2.9e-45  153.3  16.0     1   144    19   201    19   219 0.76 -
de_novo.Agm54242U_210819_213017_46203218_ccs.1:18-1940    -            641 50493at6656          -            547  7.3e-183  607.4  27.2   2   3  5.2e-130  2.2e-128  427.6   0.2   142   341   264   462   249   481 0.92 -
de_novo.Agm54242U_210819_213017_46203218_ccs.1:18-1940    -            641 50493at6656          -            547  7.3e-183  607.4  27.2   3   3   9.8e-08   4.1e-06   24.0   0.3   350   400   589   640   572   641 0.72 -
de_novo.Agm54242Ue_220404_200923_65733236_ccs.1:18-1657   -            545 50493at6656          -            547  3.4e-136  453.4  19.4   1   3   0.00011    0.0046   14.0   6.1     1    39    19    60    19    69 0.80 -
de_novo.Agm54242Ue_220404_200923_65733236_ccs.1:18-1657   -            545 50493at6656          -            547  3.4e-136  453.4  19.4   2   3   2.5e-47     1e-45  154.7   4.0    20   144    69   201    58   219 0.77 -
de_novo.Agm54242Ue_220404_200923_65733236_ccs.1:18-1657   -            545 50493at6656          -            547  3.4e-136  453.4  19.4   3   3   1.1e-88   4.6e-87  291.2   0.0   349   547   343   545   327   545 0.89 -
de_novo.Agseq_78484.1:854-1309                            -            152 50493at6656          -            547   5.5e-52  175.5   0.2   1   1   1.4e-53   6.1e-52  175.3   0.2   181   337     1   152     1   152 0.98 -
de_novo.Agm54242U_210909_035710_19008212_ccs.1:648-1046   -            133 50493at6656          -            547     1e-14   52.5   0.1   1   1     3e-16   1.2e-14   52.2   0.1   181   296     9   123     3   132 0.83 -
de_novo.Agm54242U_210819_213017_121766557_ccs.1:207-560   -            118 50493at6656          -            547   2.9e-13   47.7   0.2   1   1   7.6e-15   3.2e-13   47.5   0.2   186   296     1   110     1   118 0.85 -
de_novo.Agm54242U_210819_213017_55182195_ccs.1:183-536    -            118 50493at6656          -            547   2.9e-13   47.7   0.2   1   1   7.6e-15   3.2e-13   47.5   0.2   186   296     1   110     1   118 0.85 -
de_novo.Agm54242U_210909_035710_101384852_ccs.1:207-560   -            118 50493at6656          -            547   2.9e-13   47.7   0.2   1   1   7.6e-15   3.2e-13   47.5   0.2   186   296     1   110     1   118 0.85 -
de_novo.Agm54242U_210909_035710_141623973_ccs.1:207-560   -            118 50493at6656          -            547   2.9e-13   47.7   0.2   1   1   7.6e-15   3.2e-13   47.5   0.2   186   296     1   110     1   118 0.85 -
de_novo.Agm54242U_210909_035710_145883413_ccs.1:207-560   -            118 50493at6656          -            547   2.9e-13   47.7   0.2   1   1   7.6e-15   3.2e-13   47.5   0.2   186   296     1   110     1   118 0.85 -
de_novo.Agm54242U_210909_035710_26673218_ccs.1:207-560    -            118 50493at6656          -            547   2.9e-13   47.7   0.2   1   1   7.6e-15   3.2e-13   47.5   0.2   186   296     1   110     1   118 0.85 -
de_novo.Agm54242Ue_220404_200923_110821651_ccs.1:207-560  -            118 50493at6656          -            547   2.9e-13   47.7   0.2   1   1   7.6e-15   3.2e-13   47.5   0.2   186   296     1   110     1   118 0.85 -
de_novo.Agm54242Ue_220404_200923_142082334_ccs.1:207-560  -            118 50493at6656          -            547   2.9e-13   47.7   0.2   1   1   7.6e-15   3.2e-13   47.5   0.2   186   296     1   110     1   118 0.85 -
de_novo.Agm54242Ue_220404_200923_66259127_ccs.1:207-560   -            118 50493at6656          -            547   2.9e-13   47.7   0.2   1   1   7.6e-15   3.2e-13   47.5   0.2   186   296     1   110     1   118 0.85 -
de_novo.AGAP000399-RA.1:312-665                           -            118 50493at6656          -            547   6.1e-13   46.6   0.3   1   1   1.6e-14   6.9e-13   46.4   0.3   186   296     1   110     1   118 0.84 -
de_novo.Agm54242U_210819_213017_103809655_ccs.1:267-620   -            118 50493at6656          -            547   6.1e-13   46.6   0.3   1   1   1.6e-14   6.9e-13   46.4   0.3   186   296     1   110     1   118 0.84 -
de_novo.Agm54242U_210819_213017_20711035_ccs.1:150-503    -            118 50493at6656          -            547   6.1e-13   46.6   0.3   1   1   1.6e-14   6.9e-13   46.4   0.3   186   296     1   110     1   118 0.84 -
de_novo.Agm54242U_210819_213017_78643939_ccs.1:312-665    -            118 50493at6656          -            547   6.1e-13   46.6   0.3   1   1   1.6e-14   6.9e-13   46.4   0.3   186   296     1   110     1   118 0.84 -
de_novo.Agm54242U_210909_035710_10813799_ccs.1:312-665    -            118 50493at6656          -            547   6.1e-13   46.6   0.3   1   1   1.6e-14   6.9e-13   46.4   0.3   186   296     1   110     1   118 0.84 -
de_novo.AGAP005505-RA.1:81-617                            -            179 50493at6656          -            547     1e-12   45.8   1.1   1   2   1.6e-09   6.9e-08   29.9   0.2   276   350    10    90     6   100 0.60 -
de_novo.AGAP005505-RA.1:81-617                            -            179 50493at6656          -            547     1e-12   45.8   1.1   2   2   4.7e-05     0.002   15.2   0.0   195   240   106   152    98   165 0.83 -
de_novo.Agm54242U_210819_213017_130744861_ccs.1:27-1064   -            346 50493at6656          -            547   1.2e-12   45.6   2.0   1   3     0.045       1.9    5.3   0.0   186   245     4    64     2    86 0.76 -
de_novo.Agm54242U_210819_213017_130744861_ccs.1:27-1064   -            346 50493at6656          -            547   1.2e-12   45.6   2.0   2   3   5.3e-08   2.2e-06   24.9   1.1   186   352    92   273    81   287 0.79 -
de_novo.Agm54242U_210819_213017_130744861_ccs.1:27-1064   -            346 50493at6656          -            547   1.2e-12   45.6   2.0   3   3   0.00023    0.0098   12.9   0.0   186   244   288   345   278   346 0.92 -
de_novo.Agm54242U_210819_213017_153683175_ccs.1:27-1064   -            346 50493at6656          -            547   1.2e-12   45.6   2.0   1   3     0.045       1.9    5.3   0.0   186   245     4    64     2    86 0.76 -
de_novo.Agm54242U_210819_213017_153683175_ccs.1:27-1064   -            346 50493at6656          -            547   1.2e-12   45.6   2.0   2   3   5.3e-08   2.2e-06   24.9   1.1   186   352    92   273    81   287 0.79 -
de_novo.Agm54242U_210819_213017_153683175_ccs.1:27-1064   -            346 50493at6656          -            547   1.2e-12   45.6   2.0   3   3   0.00023    0.0098   12.9   0.0   186   244   288   345   278   346 0.92 -
de_novo.Agm54242U_210819_213017_36113012_ccs.1:27-1064    -            346 50493at6656          -            547   1.2e-12   45.6   2.0   1   3     0.045       1.9    5.3   0.0   186   245     4    64     2    86 0.76 -
de_novo.Agm54242U_210819_213017_36113012_ccs.1:27-1064    -            346 50493at6656          -            547   1.2e-12   45.6   2.0   2   3   5.3e-08   2.2e-06   24.9   1.1   186   352    92   273    81   287 0.79 -
de_novo.Agm54242U_210819_213017_36113012_ccs.1:27-1064    -            346 50493at6656          -            547   1.2e-12   45.6   2.0   3   3   0.00023    0.0098   12.9   0.0   186   244   288   345   278   346 0.92 -
de_novo.Agseq_89346.1:639-1676                            -            346 50493at6656          -            547   1.2e-12   45.6   2.0   1   3     0.045       1.9    5.3   0.0   186   245     4    64     2    86 0.76 -
de_novo.Agseq_89346.1:639-1676                            -            346 50493at6656          -            547   1.2e-12   45.6   2.0   2   3   5.3e-08   2.2e-06   24.9   1.1   186   352    92   273    81   287 0.79 -
de_novo.Agseq_89346.1:639-1676                            -            346 50493at6656          -            547   1.2e-12   45.6   2.0   3   3   0.00023    0.0098   12.9   0.0   186   244   288   345   278   346 0.92 -
de_novo.Agm54242U_210909_035710_176556500_ccs.1:36-1064   -            343 50493at6656          -            547     3e-12   44.3   2.3   1   3     0.083       3.5    4.5   0.0   186   244     1    60     1    83 0.70 -
de_novo.Agm54242U_210909_035710_176556500_ccs.1:36-1064   -            343 50493at6656          -            547     3e-12   44.3   2.3   2   3   5.6e-08   2.4e-06   24.8   1.2   186   352    89   270    78   284 0.79 -
de_novo.Agm54242U_210909_035710_176556500_ccs.1:36-1064   -            343 50493at6656          -            547     3e-12   44.3   2.3   3   3   0.00025     0.011   12.8   0.0   186   244   285   342   279   343 0.92 -
de_novo.AGAP029448-RA.1:48-1028                           -            327 50493at6656          -            547   1.9e-11   41.7   0.0   1   3   5.5e-08   2.3e-06   24.8   0.0   188   291     9   117     2   133 0.86 -
de_novo.AGAP029448-RA.1:48-1028                           -            327 50493at6656          -            547   1.9e-11   41.7   0.0   2   3      0.38        16    2.3   0.0   303   343   149   189   142   197 0.88 -
de_novo.AGAP029448-RA.1:48-1028                           -            327 50493at6656          -            547   1.9e-11   41.7   0.0   3   3   0.00089     0.037   11.0   0.0   186   332   253   322   247   327 0.50 -
de_novo.Agm54242U_210909_035710_162595697_ccs.1:27-1052   -            342 50493at6656          -            547     2e-11   41.6   2.7   1   3     0.043       1.8    5.4   0.0   186   245     4    64     2    90 0.77 -
de_novo.Agm54242U_210909_035710_162595697_ccs.1:27-1052   -            342 50493at6656          -            547     2e-11   41.6   2.7   2   3   8.4e-08   3.6e-06   24.2   1.6   186   350    92   271    87   286 0.78 -
de_novo.Agm54242U_210909_035710_162595697_ccs.1:27-1052   -            342 50493at6656          -            547     2e-11   41.6   2.7   3   3    0.0031      0.13    9.2   0.0   186   240   288   341   281   342 0.84 -
de_novo.Agm54242U_210819_213017_29164341_ccs.1:243-893    -            217 50493at6656          -            547   2.2e-11   41.5   0.0   1   2   2.4e-08     1e-06   26.1   0.0   175   256     6    88     5    97 0.89 -
de_novo.Agm54242U_210819_213017_29164341_ccs.1:243-893    -            217 50493at6656          -            547   2.2e-11   41.5   0.0   2   2   0.00016    0.0067   13.4   0.0   261   318   115   174   111   193 0.78 -
de_novo.Agm54242Ue_220404_200923_45090018_ccs.1:108-677   -            190 50493at6656          -            547   2.3e-11   41.4   0.2   1   2   0.00013    0.0055   13.7   0.0   189   259     8    80     1    82 0.82 -
de_novo.Agm54242Ue_220404_200923_45090018_ccs.1:108-677   -            190 50493at6656          -            547   2.3e-11   41.4   0.2   2   2   1.2e-08     5e-07   27.1   0.1   175   243    81   150    77   154 0.89 -
de_novo.Agm54242Ue_220404_200923_121373740_ccs.1:300-899  -            200 50493at6656          -            547   2.8e-11   41.1   0.3   1   2   0.00012    0.0053   13.8   0.0   190   259     9    80     1    83 0.81 -
de_novo.Agm54242Ue_220404_200923_121373740_ccs.1:300-899  -            200 50493at6656          -            547   2.8e-11   41.1   0.3   2   2   1.3e-08   5.6e-07   26.9   0.1   175   243    81   150    77   154 0.89 -
de_novo.Agm54242Ue_220404_200923_96863001_ccs.1:318-917   -            200 50493at6656          -            547   2.8e-11   41.1   0.3   1   2   0.00012    0.0053   13.8   0.0   190   259     9    80     1    83 0.81 -
de_novo.Agm54242Ue_220404_200923_96863001_ccs.1:318-917   -            200 50493at6656          -            547   2.8e-11   41.1   0.3   2   2   1.3e-08   5.6e-07   26.9   0.1   175   243    81   150    77   154 0.89 -
de_novo.AGAP001930-RA.1:21-494                            -            158 50493at6656          -            547   1.1e-10   39.2   0.0   1   2   9.5e-08     4e-06   24.1   0.0   175   240     2    68     1    86 0.85 -
de_novo.AGAP001930-RA.1:21-494                            -            158 50493at6656          -            547   1.1e-10   39.2   0.0   2   2   0.00012    0.0053   13.8   0.0   186   217   103   134    86   158 0.76 -
de_novo.Agm54242U_210819_213017_137758009_ccs.1:21-494    -            158 50493at6656          -            547   1.1e-10   39.2   0.0   1   2   9.5e-08     4e-06   24.1   0.0   175   240     2    68     1    86 0.85 -
de_novo.Agm54242U_210819_213017_137758009_ccs.1:21-494    -            158 50493at6656          -            547   1.1e-10   39.2   0.0   2   2   0.00012    0.0053   13.8   0.0   186   217   103   134    86   158 0.76 -
de_novo.Agm54242U_210819_213017_140773156_ccs.1:21-494    -            158 50493at6656          -            547   1.1e-10   39.2   0.0   1   2   9.5e-08     4e-06   24.1   0.0   175   240     2    68     1    86 0.85 -
de_novo.Agm54242U_210819_213017_140773156_ccs.1:21-494    -            158 50493at6656          -            547   1.1e-10   39.2   0.0   2   2   0.00012    0.0053   13.8   0.0   186   217   103   134    86   158 0.76 -
de_novo.Agm54242U_210909_035710_89719460_ccs.1:21-494     -            158 50493at6656          -            547   1.1e-10   39.2   0.0   1   2   9.5e-08     4e-06   24.1   0.0   175   240     2    68     1    86 0.85 -
de_novo.Agm54242U_210909_035710_89719460_ccs.1:21-494     -            158 50493at6656          -            547   1.1e-10   39.2   0.0   2   2   0.00012    0.0053   13.8   0.0   186   217   103   134    86   158 0.76 -
de_novo.Agm54242Ue_220404_200923_128319679_ccs.1:21-494   -            158 50493at6656          -            547   1.1e-10   39.2   0.0   1   2   9.5e-08     4e-06   24.1   0.0   175   240     2    68     1    86 0.85 -
de_novo.Agm54242Ue_220404_200923_128319679_ccs.1:21-494   -            158 50493at6656          -            547   1.1e-10   39.2   0.0   2   2   0.00012    0.0053   13.8   0.0   186   217   103   134    86   158 0.76 -
de_novo.Agseq_92413.1:60-1764                             -            402 50493at6656          -            547   3.3e-09   34.3   0.2   1   3   1.4e-07   5.9e-06   23.5   0.0   186   333    87   256    86   293 0.79 -
de_novo.Agseq_92413.1:60-1764                             -            402 50493at6656          -            547   3.3e-09   34.3   0.2   2   3       0.5        21    1.9   0.1    34    80   286   333   253   346 0.69 -
de_novo.Agseq_92413.1:60-1764                             -            402 50493at6656          -            547   3.3e-09   34.3   0.2   3   3      0.33        14    2.5   0.1   198   252   319   383   307   388 0.68 -
de_novo.Agm54242Ue_220404_200923_66193018_ccs.1:21-581    -            187 50493at6656          -            547   3.7e-09   34.1   0.1   1   2      0.42        18    2.1   0.0    86   130    45    89    13    93 0.75 -
de_novo.Agm54242Ue_220404_200923_66193018_ccs.1:21-581    -            187 50493at6656          -            547   3.7e-09   34.1   0.1   2   2   4.9e-09   2.1e-07   28.3   0.0   186   258    95   169    91   176 0.85 -
de_novo.Agm54242U_210819_213017_97518741_ccs.1:4-834      -            277 50493at6656          -            547   4.7e-09   33.8   0.0   1   1   2.5e-10   1.1e-08   32.6   0.0   174   257    38   122    22   127 0.89 -
de_novo.Agm54242Ue_220404_200923_37358111_ccs.1:629-1606  -            326 50493at6656          -            547   5.5e-09   33.5   0.0   1   1   3.3e-10   1.4e-08   32.2   0.0   174   257    87   171    70   176 0.89 -
de_novo.Agseq_55687.1:597-1574                            -            326 50493at6656          -            547   5.5e-09   33.5   0.0   1   1   3.3e-10   1.4e-08   32.2   0.0   174   257    87   171    70   176 0.89 -
de_novo.Agm54242U_210909_035710_121375312_ccs.1:945-1172  -             76 50493at6656          -            547   5.6e-09   33.5   0.1   1   1   1.5e-10   6.5e-09   33.3   0.1   186   257     1    73     1    74 0.90 -
de_novo.Agm54242U_210819_213017_98631973_ccs.1:1-1605     -            535 50493at6656          -            547   1.5e-08   32.1   0.3   1   2   3.1e-07   1.3e-05   22.4   0.0   186   328    54   218    48   227 0.81 -
de_novo.Agm54242U_210819_213017_98631973_ccs.1:1-1605     -            535 50493at6656          -            547   1.5e-08   32.1   0.3   2   2      0.24        10    2.9   0.2    63   250   449   514   375   521 0.57 -
de_novo.Agseq_92415.1:33-1478                             -            482 50493at6656          -            547   4.8e-08   30.4   0.5   1   2   4.4e-07   1.8e-05   21.9   0.0   187   328     2   165     1   172 0.82 -
de_novo.Agseq_92415.1:33-1478                             -            482 50493at6656          -            547   4.8e-08   30.4   0.5   2   2      0.21       8.8    3.1   0.2    63   250   396   461   322   468 0.57 -
de_novo.Agm54242U_210819_213017_104663464_ccs.1:537-911   -            125 50493at6656          -            547   5.3e-08   30.3   0.0   1   1   1.4e-09   6.1e-08   30.1   0.0   186   287     5   106     3   123 0.88 -
de_novo.Agm54242Ue_220404_200923_78119245_ccs.1:495-869   -            125 50493at6656          -            547   5.3e-08   30.3   0.0   1   1   1.4e-09   6.1e-08   30.1   0.0   186   287     5   106     3   123 0.88 -
de_novo.Agm54242U_210819_213017_75956392_ccs.1:775-1206   -            144 50493at6656          -            547   7.8e-08   29.7   0.0   1   1   2.3e-09   9.8e-08   29.4   0.0   186   293     2   117     1   142 0.79 -
de_novo.Agm54242Ue_220404_200923_102566697_ccs.1:679-1110 -            144 50493at6656          -            547   7.8e-08   29.7   0.0   1   1   2.3e-09   9.8e-08   29.4   0.0   186   293     2   117     1   142 0.79 -
de_novo.Agseq_169127.1:0-332                              -            111 50493at6656          -            547   1.2e-07   29.1   0.1   1   1   3.1e-09   1.3e-07   29.0   0.1   181   249     4    70     2    92 0.89 -
de_novo.AGAP002780-RA.1:0-377                             -            126 50493at6656          -            547   1.5e-07   28.8   0.0   1   1   4.4e-09   1.9e-07   28.5   0.0   181   249    16    82    13   103 0.89 -
de_novo.Agm54242Ue_220404_200923_74189422_ccs.1:330-731   -            134 50493at6656          -            547   1.8e-07   28.5   0.2   1   1   2.3e-07   9.7e-06   22.8   0.2   185   303     1   132     1   133 0.69 -
de_novo.AGAP003173-RA.1:330-731                           -            134 50493at6656          -            547   1.8e-07   28.5   0.2   1   1   1.4e-07     6e-06   23.5   0.2   185   303     1   132     1   133 0.70 -
de_novo.Agm54242Ue_220404_200923_175769833_ccs.1:27-284   -             86 50493at6656          -            547   3.9e-07   27.4   0.0   1   1   1.1e-08   4.4e-07   27.2   0.0   187   247    23    83    18    86 0.94 -
de_novo.Agseq_104973.1:577-834                            -             86 50493at6656          -            547   5.2e-07   27.0   0.1   1   1   1.3e-08   5.5e-07   26.9   0.1   195   263    15    84     4    86 0.84 -
de_novo.Agm54242U_210909_035710_14419513_ccs.1:183-683    -            167 50493at6656          -            547   9.4e-07   26.2   0.4   1   1   4.5e-08   1.9e-06   25.1   0.4   187   326     2   157     1   162 0.81 -
de_novo.Agm54242U_210909_035710_166724580_ccs.1:0-1322    -            441 50493at6656          -            547   1.5e-06   25.4   0.0   1   1   5.3e-08   2.2e-06   24.9   0.0   265   347   233   314   229   326 0.89 -
de_novo.Agseq_69883.1:174-356                             -             61 50493at6656          -            547   2.5e-06   24.8   0.0   1   1     6e-08   2.5e-06   24.7   0.0   186   242     1    58     1    61 0.89 -
de_novo.Agseq_159224.1:131-355                            -             75 50493at6656          -            547   2.5e-06   24.7   0.1   1   1   6.3e-08   2.7e-06   24.7   0.1   189   249     7    68     3    75 0.87 -
de_novo.Agm54242U_210819_213017_10027742_ccs.1:54-263     -             70 50493at6656          -            547   3.2e-06   24.4   0.1   1   1   7.5e-08   3.2e-06   24.4   0.1   190   249     3    63     1    70 0.87 -
de_novo.Agm54242U_210909_035710_100466873_ccs.1:114-323   -             70 50493at6656          -            547   3.2e-06   24.4   0.1   1   1   7.5e-08   3.2e-06   24.4   0.1   190   249     3    63     1    70 0.87 -
de_novo.Agm54242Ue_220404_200923_93979527_ccs.1:54-263    -             70 50493at6656          -            547   3.2e-06   24.4   0.1   1   1   7.5e-08   3.2e-06   24.4   0.1   190   249     3    63     1    70 0.87 -
de_novo.AGAP010200-RA.1:579-869                           -             97 50493at6656          -            547   5.3e-06   23.7   0.1   1   1   1.4e-07     6e-06   23.5   0.1   185   256    25    97    17    97 0.87 -
de_novo.Agm54242U_210819_213017_143918959_ccs.1:217-423   -             69 50493at6656          -            547   7.9e-06   23.1   0.0   1   1   1.9e-07   7.9e-06   23.1   0.0   186   240     1    56     1    68 0.88 -
de_novo.Agm54242U_210909_035710_93718801_ccs.1:18-1946    -            643 50493at6656          -            547   8.1e-06   23.1  11.2   1   2   5.8e-07   2.4e-05   21.5   0.0   186   328   162   326   161   335 0.82 -
de_novo.Agm54242U_210909_035710_93718801_ccs.1:18-1946    -            643 50493at6656          -            547   8.1e-06   23.1  11.2   2   2      0.33        14    2.5   0.2    63   224   557   586   486   629 0.58 -
de_novo.AGAP002908-RA.1:371-1333                          -            321 50493at6656          -            547     1e-05   22.7   0.3   1   3       1.3        56    0.5   0.0   186   213     2    29     1    75 0.59 -
de_novo.AGAP002908-RA.1:371-1333                          -            321 50493at6656          -            547     1e-05   22.7   0.3   2   3    0.0014     0.059   10.3   0.0   176   252   110   183    73   194 0.82 -
de_novo.AGAP002908-RA.1:371-1333                          -            321 50493at6656          -            547     1e-05   22.7   0.3   3   3    0.0078      0.33    7.9   0.0   198   247   247   299   242   306 0.83 -
de_novo.Agm54242U_210909_035710_97781734_ccs.1:48-548     -            167 50493at6656          -            547   1.7e-05   22.0   0.0   1   1   8.2e-06   0.00035   17.7   0.0   185   325     3   155     1   158 0.85 -
de_novo.Agm54242U_210819_213017_108725620_ccs.1:200-946   -            249 50493at6656          -            547   1.9e-05   21.8   0.0   1   2     0.016      0.69    6.8   0.0   186   246    27    88    13   115 0.57 -
de_novo.Agm54242U_210819_213017_108725620_ccs.1:200-946   -            249 50493at6656          -            547   1.9e-05   21.8   0.0   2   2   0.00021    0.0088   13.0   0.0   186   252   175   242   168   248 0.86 -
de_novo.Agm54242U_210819_213017_31000075_ccs.1:1860-2096  -             79 50493at6656          -            547   5.6e-05   20.3   0.0   1   1   1.3e-06   5.6e-05   20.3   0.0   279   334    20    79     6    79 0.74 -
de_novo.Agm54242U_210819_213017_43713667_ccs.1:1503-1739  -             79 50493at6656          -            547   5.6e-05   20.3   0.0   1   1   1.3e-06   5.6e-05   20.3   0.0   279   334    20    79     6    79 0.74 -
de_novo.AGAP013048-RA.1:51-269                            -             73 50493at6656          -            547   7.2e-05   19.9   0.0   1   1   1.7e-06   7.4e-05   19.9   0.0   186   233     1    49     1    62 0.87 -
de_novo.Agm54242U_210819_213017_3410319_ccs.1:90-362      -             91 50493at6656          -            547   0.00017   18.7   0.0   1   1   4.6e-06   0.00019   18.5   0.0   186   240     1    56     1    69 0.84 -
de_novo.Agm54242U_210819_213017_70847266_ccs.1:90-362     -             91 50493at6656          -            547   0.00017   18.7   0.0   1   1   4.6e-06   0.00019   18.5   0.0   186   240     1    56     1    69 0.84 -
de_novo.Agm54242U_210819_213017_86508706_ccs.1:90-362     -             91 50493at6656          -            547   0.00017   18.7   0.0   1   1   4.6e-06   0.00019   18.5   0.0   186   240     1    56     1    69 0.84 -
de_novo.Agm54242U_210909_035710_111740401_ccs.1:90-362    -             91 50493at6656          -            547   0.00017   18.7   0.0   1   1   4.6e-06   0.00019   18.5   0.0   186   240     1    56     1    69 0.84 -
de_novo.Agm54242U_210909_035710_139856433_ccs.1:90-362    -             91 50493at6656          -            547   0.00017   18.7   0.0   1   1   4.6e-06   0.00019   18.5   0.0   186   240     1    56     1    69 0.84 -
de_novo.Agm54242U_210909_035710_49546189_ccs.1:90-362     -             91 50493at6656          -            547   0.00017   18.7   0.0   1   1   4.6e-06   0.00019   18.5   0.0   186   240     1    56     1    69 0.84 -
de_novo.Agm54242U_210909_035710_83821233_ccs.1:90-362     -             91 50493at6656          -            547   0.00017   18.7   0.0   1   1   4.6e-06   0.00019   18.5   0.0   186   240     1    56     1    69 0.84 -
de_novo.Agm54242Ue_220404_200923_107086799_ccs.1:90-362   -             91 50493at6656          -            547   0.00017   18.7   0.0   1   1   4.6e-06   0.00019   18.5   0.0   186   240     1    56     1    69 0.84 -
de_novo.Agm54242Ue_220404_200923_33359960_ccs.1:90-362    -             91 50493at6656          -            547   0.00017   18.7   0.0   1   1   4.6e-06   0.00019   18.5   0.0   186   240     1    56     1    69 0.84 -
de_novo.AGAP004592-RA.1:15-206                            -             64 50493at6656          -            547   0.00021   18.4   0.2   1   1   5.5e-06   0.00023   18.3   0.2   187   248     2    56     1    62 0.92 -
de_novo.AGAP004592-RB.1:15-206                            -             64 50493at6656          -            547   0.00021   18.4   0.2   1   1   5.5e-06   0.00023   18.3   0.2   187   248     2    56     1    62 0.92 -
de_novo.AGAP004592-RC.1:15-206                            -             64 50493at6656          -            547   0.00021   18.4   0.2   1   1   5.5e-06   0.00023   18.3   0.2   187   248     2    56     1    62 0.92 -
de_novo.AGAP004592-RD.1:15-206                            -             64 50493at6656          -            547   0.00021   18.4   0.2   1   1   5.5e-06   0.00023   18.3   0.2   187   248     2    56     1    62 0.92 -
de_novo.Agm54242Ue_220404_200923_117115691_ccs.1:15-206   -             64 50493at6656          -            547   0.00021   18.4   0.2   1   1   5.5e-06   0.00023   18.3   0.2   187   248     2    56     1    62 0.92 -
de_novo.Agm54242Ue_220404_200923_161546848_ccs.1:15-206   -             64 50493at6656          -            547   0.00021   18.4   0.2   1   1   5.5e-06   0.00023   18.3   0.2   187   248     2    56     1    62 0.92 -
de_novo.Agseq_150501.1:15-206                             -             64 50493at6656          -            547   0.00021   18.4   0.2   1   1   5.5e-06   0.00023   18.3   0.2   187   248     2    56     1    62 0.92 -
de_novo.Agm54242U_210909_035710_131009219_ccs.1:151-312   -             54 50493at6656          -            547   0.00028   18.0   0.0   1   1   6.7e-06   0.00028   18.0   0.0   186   230     1    46     1    53 0.87 -
de_novo.AGAP005506.R485.1:81-377                          -             99 50493at6656          -            547   0.00036   17.6   0.0   1   1   8.6e-06   0.00036   17.6   0.0   187   242     2    57     1    90 0.90 -
de_novo.Agm54242U_210819_213017_66652392_ccs.1:81-377     -             99 50493at6656          -            547   0.00036   17.6   0.0   1   1   8.6e-06   0.00036   17.6   0.0   187   242     2    57     1    90 0.90 -
de_novo.AGAP001930-RA.1:270-539                           -             90 50493at6656          -            547   0.00041   17.4   0.0   1   1   9.8e-06   0.00041   17.4   0.0   186   242    20    77     4    88 0.81 -
de_novo.Agm54242U_210819_213017_137758009_ccs.1:270-539   -             90 50493at6656          -            547   0.00041   17.4   0.0   1   1   9.8e-06   0.00041   17.4   0.0   186   242    20    77     4    88 0.81 -
de_novo.Agm54242U_210819_213017_140773156_ccs.1:270-539   -             90 50493at6656          -            547   0.00041   17.4   0.0   1   1   9.8e-06   0.00041   17.4   0.0   186   242    20    77     4    88 0.81 -
de_novo.Agm54242U_210909_035710_89719460_ccs.1:270-539    -             90 50493at6656          -            547   0.00041   17.4   0.0   1   1   9.8e-06   0.00041   17.4   0.0   186   242    20    77     4    88 0.81 -
de_novo.Agm54242Ue_220404_200923_128319679_ccs.1:270-539  -             90 50493at6656          -            547   0.00041   17.4   0.0   1   1   9.8e-06   0.00041   17.4   0.0   186   242    20    77     4    88 0.81 -
de_novo.Agseq_130832.1:321-530                            -             70 50493at6656          -            547    0.0009   16.3   0.1   1   1   2.2e-05   0.00092   16.3   0.1   279   339     3    67     1    70 0.73 -
de_novo.Agseq_156313.1:270-578                            -            103 50493at6656          -            547   0.00094   16.2   0.0   1   1   2.4e-05     0.001   16.2   0.0   181   240    22    82     4    91 0.83 -
de_novo.Agm54242Ue_220404_200923_122552427_ccs.1:309-461  -             51 50493at6656          -            547    0.0011   16.1   0.1   1   1   2.6e-05    0.0011   16.0   0.1   272   308     6    48     1    50 0.45 -
de_novo.seqSigP-187716.1:9-161                            -             51 50493at6656          -            547    0.0011   16.1   0.1   1   1   2.6e-05    0.0011   16.0   0.1   272   308     6    48     1    50 0.45 -
de_novo.AGAP002547-RA.1:105-332                           -             76 50493at6656          -            547    0.0014   15.7   0.0   1   1   3.4e-05    0.0014   15.7   0.0   184   246     3    66     1    74 0.74 -
de_novo.Agm54242U_210819_213017_31000075_ccs.1:807-1070   -             88 50493at6656          -            547    0.0014   15.7   0.0   1   1   3.7e-05    0.0016   15.5   0.0   186   243     1    59     1    69 0.89 -
de_novo.Agm54242U_210819_213017_43713667_ccs.1:450-713    -             88 50493at6656          -            547    0.0014   15.7   0.0   1   1   3.7e-05    0.0016   15.5   0.0   186   243     1    59     1    69 0.89 -
de_novo.Agm54242Ue_220404_200923_178258037_ccs.1:186-404  -             73 50493at6656          -            547    0.0015   15.6   0.0   1   1   3.6e-05    0.0015   15.6   0.0   187   327     2    67     1    73 0.50 -
de_novo.Agm54242U_210909_035710_99813197_ccs.1:1-1185     -            395 50493at6656          -            547    0.0015   15.6   0.3   1   2     0.004      0.17    8.8   0.0   263   328     7    78     4    87 0.84 -
de_novo.Agm54242U_210909_035710_99813197_ccs.1:1-1185     -            395 50493at6656          -            547    0.0015   15.6   0.3   2   2      0.15       6.2    3.7   0.2    63   250   309   374   234   381 0.56 -
de_novo.AGAP004414-RA.1:51-272                            -             74 50493at6656          -            547    0.0016   15.5   0.0   1   1   4.1e-05    0.0017   15.4   0.0   186   250     1    66     1    72 0.90 -
de_novo.Agm54242Ue_220404_200923_117835672_ccs.1:108-251  -             48 50493at6656          -            547    0.0016   15.5   0.1   1   1   3.9e-05    0.0016   15.5   0.1   186   215     1    30     1    48 0.72 -
de_novo.Agm54242Ue_220404_200923_67765668_ccs.1:165-308   -             48 50493at6656          -            547    0.0016   15.5   0.1   1   1   3.9e-05    0.0016   15.5   0.1   186   215     1    30     1    48 0.72 -
de_novo.Agm54242U_210819_213017_18875648_ccs.1:509-661    -             51 50493at6656          -            547    0.0023   15.0   0.1   1   1   5.5e-05    0.0023   15.0   0.1   186   216     1    31     1    50 0.67 -
de_novo.Agm54242U_210819_213017_68159409_ccs.1:548-700    -             51 50493at6656          -            547    0.0023   15.0   0.1   1   1   5.5e-05    0.0023   15.0   0.1   186   216     1    31     1    50 0.67 -
de_novo.Agm54242U_210909_035710_169541850_ccs.1:111-263   -             51 50493at6656          -            547    0.0023   15.0   0.1   1   1   5.5e-05    0.0023   15.0   0.1   186   216     1    31     1    50 0.67 -
de_novo.AGAP029448-RA.1:792-1019                          -             76 50493at6656          -            547    0.0023   15.0   0.0   1   1   6.1e-05    0.0026   14.8   0.0   186   251     5    71     2    76 0.65 -
de_novo.Agm54242Ue_220404_200923_167379057_ccs.1:481-717  -             79 50493at6656          -            547    0.0025   14.9   0.1   1   1   6.3e-05    0.0027   14.8   0.1   188   249     3    65     1    71 0.83 -
de_novo.AGAP002655-RA.1:51-1376                           -            442 50493at6656          -            547    0.0028   14.7   4.3   1   3      0.27        11    2.8   0.0   188   207     1    20     1    27 0.86 -
de_novo.AGAP002655-RA.1:51-1376                           -            442 50493at6656          -            547    0.0028   14.7   4.3   2   3       1.9        80   -0.0   0.2    62   107    88   130    41   142 0.64 -
de_novo.AGAP002655-RA.1:51-1376                           -            442 50493at6656          -            547    0.0028   14.7   4.3   3   3    0.0037      0.16    8.9   0.2   196   309   178   293   173   302 0.72 -
de_novo.Agm54242U_210819_213017_153224330_ccs.1:51-1376   -            442 50493at6656          -            547    0.0028   14.7   4.3   1   3      0.27        11    2.8   0.0   188   207     1    20     1    27 0.86 -
de_novo.Agm54242U_210819_213017_153224330_ccs.1:51-1376   -            442 50493at6656          -            547    0.0028   14.7   4.3   2   3       1.9        80   -0.0   0.2    62   107    88   130    41   142 0.64 -
de_novo.Agm54242U_210819_213017_153224330_ccs.1:51-1376   -            442 50493at6656          -            547    0.0028   14.7   4.3   3   3    0.0037      0.16    8.9   0.2   196   309   178   293   173   302 0.72 -
de_novo.Agm54242U_210909_035710_137299107_ccs.1:51-1376   -            442 50493at6656          -            547    0.0028   14.7   4.3   1   3      0.27        11    2.8   0.0   188   207     1    20     1    27 0.86 -
de_novo.Agm54242U_210909_035710_137299107_ccs.1:51-1376   -            442 50493at6656          -            547    0.0028   14.7   4.3   2   3       1.9        80   -0.0   0.2    62   107    88   130    41   142 0.64 -
de_novo.Agm54242U_210909_035710_137299107_ccs.1:51-1376   -            442 50493at6656          -            547    0.0028   14.7   4.3   3   3    0.0037      0.16    8.9   0.2   196   309   178   293   173   302 0.72 -
de_novo.Agm54242U_210909_035710_36113008_ccs.1:51-1376    -            442 50493at6656          -            547    0.0028   14.7   4.3   1   3      0.27        11    2.8   0.0   188   207     1    20     1    27 0.86 -
de_novo.Agm54242U_210909_035710_36113008_ccs.1:51-1376    -            442 50493at6656          -            547    0.0028   14.7   4.3   2   3       1.9        80   -0.0   0.2    62   107    88   130    41   142 0.64 -
de_novo.Agm54242U_210909_035710_36113008_ccs.1:51-1376    -            442 50493at6656          -            547    0.0028   14.7   4.3   3   3    0.0037      0.16    8.9   0.2   196   309   178   293   173   302 0.72 -
de_novo.Agm54242Ue_220404_200923_42993764_ccs.1:51-1376   -            442 50493at6656          -            547    0.0028   14.7   4.3   1   3      0.27        11    2.8   0.0   188   207     1    20     1    27 0.86 -
de_novo.Agm54242Ue_220404_200923_42993764_ccs.1:51-1376   -            442 50493at6656          -            547    0.0028   14.7   4.3   2   3       1.9        80   -0.0   0.2    62   107    88   130    41   142 0.64 -
de_novo.Agm54242Ue_220404_200923_42993764_ccs.1:51-1376   -            442 50493at6656          -            547    0.0028   14.7   4.3   3   3    0.0037      0.16    8.9   0.2   196   309   178   293   173   302 0.72 -
de_novo.Agm54242Ue_220404_200923_51774251_ccs.1:51-1376   -            442 50493at6656          -            547    0.0028   14.7   4.3   1   3      0.27        11    2.8   0.0   188   207     1    20     1    27 0.86 -
de_novo.Agm54242Ue_220404_200923_51774251_ccs.1:51-1376   -            442 50493at6656          -            547    0.0028   14.7   4.3   2   3       1.9        80   -0.0   0.2    62   107    88   130    41   142 0.64 -
de_novo.Agm54242Ue_220404_200923_51774251_ccs.1:51-1376   -            442 50493at6656          -            547    0.0028   14.7   4.3   3   3    0.0037      0.16    8.9   0.2   196   309   178   293   173   302 0.72 -
de_novo.AGAP013440.R671.1:36-203                          -             56 50493at6656          -            547    0.0045   14.0   0.0   1   1   0.00011    0.0047   13.9   0.0   186   233     1    49     1    54 0.87 -
de_novo.AGAP000403-RA.1:0-2249                            -            750 50493at6656          -            547    0.0054   13.7   0.0   1   1   0.00013    0.0054   13.7   0.0   185   232   651   704   644   716 0.76 -
de_novo.Agm54242U_210909_035710_40700677_ccs.1:0-2249     -            750 50493at6656          -            547    0.0054   13.7   0.0   1   1   0.00013    0.0054   13.7   0.0   185   232   651   704   644   716 0.76 -
de_novo.Agm54242Ue_220404_200923_173082832_ccs.1:126-338  -             71 50493at6656          -            547    0.0075   13.3   0.0   1   1   0.00018    0.0076   13.3   0.0   190   248     5    62     1    69 0.68 -
de_novo.Agm54242U_210819_213017_3410319_ccs.1:363-509     -             49 50493at6656          -            547      0.02   11.9   0.1   1   1   0.00046      0.02   11.9   0.1   186   232     1    48     1    49 0.81 -
de_novo.Agm54242U_210819_213017_70847266_ccs.1:363-509    -             49 50493at6656          -            547      0.02   11.9   0.1   1   1   0.00046      0.02   11.9   0.1   186   232     1    48     1    49 0.81 -
de_novo.Agm54242U_210819_213017_86508706_ccs.1:363-509    -             49 50493at6656          -            547      0.02   11.9   0.1   1   1   0.00046      0.02   11.9   0.1   186   232     1    48     1    49 0.81 -
de_novo.Agm54242U_210909_035710_111740401_ccs.1:363-509   -             49 50493at6656          -            547      0.02   11.9   0.1   1   1   0.00046      0.02   11.9   0.1   186   232     1    48     1    49 0.81 -
de_novo.Agm54242U_210909_035710_139856433_ccs.1:363-509   -             49 50493at6656          -            547      0.02   11.9   0.1   1   1   0.00046      0.02   11.9   0.1   186   232     1    48     1    49 0.81 -
de_novo.Agm54242U_210909_035710_49546189_ccs.1:363-509    -             49 50493at6656          -            547      0.02   11.9   0.1   1   1   0.00046      0.02   11.9   0.1   186   232     1    48     1    49 0.81 -
de_novo.Agm54242U_210909_035710_83821233_ccs.1:363-509    -             49 50493at6656          -            547      0.02   11.9   0.1   1   1   0.00046      0.02   11.9   0.1   186   232     1    48     1    49 0.81 -
de_novo.Agm54242Ue_220404_200923_107086799_ccs.1:363-509  -             49 50493at6656          -            547      0.02   11.9   0.1   1   1   0.00046      0.02   11.9   0.1   186   232     1    48     1    49 0.81 -
de_novo.Agm54242Ue_220404_200923_33359960_ccs.1:363-509   -             49 50493at6656          -            547      0.02   11.9   0.1   1   1   0.00046      0.02   11.9   0.1   186   232     1    48     1    49 0.81 -
de_novo.AGAP005964-RA.1:303-833                           -            177 50493at6656          -            547     0.035   11.1   0.0   1   2       1.2        50    0.7   0.0   266   321     4    65     1    78 0.61 -
de_novo.AGAP005964-RA.1:303-833                           -            177 50493at6656          -            547     0.035   11.1   0.0   2   2     0.005      0.21    8.5   0.0   174   237    86   146    75   158 0.84 -
de_novo.Agm54242U_210819_213017_116720069_ccs.1:499-1029  -            177 50493at6656          -            547     0.035   11.1   0.0   1   2       1.2        50    0.7   0.0   266   321     4    65     1    78 0.61 -
de_novo.Agm54242U_210819_213017_116720069_ccs.1:499-1029  -            177 50493at6656          -            547     0.035   11.1   0.0   2   2     0.005      0.21    8.5   0.0   174   237    86   146    75   158 0.84 -
#
# Program:         hmmsearch
# Version:         3.1b2 (February 2015)
# Pipeline mode:   SEARCH
# Query file:      /hpcdata/bcbb/homc/Barillaslab/Agam_hemo_transcriptomes/scripts/compare_txomes/busco/busco_downloads/lineages/arthropoda_odb10/hmms/50493at6656.hmm
# Target file:     /hpcdata/bcbb/homc/Barillaslab/Agam_hemo_transcriptomes/scripts/compare_txomes/busco/denovo_Agamhemo_BUSCO/run_arthropoda_odb10/metaeuk_output/initial_results/de_novo_transcriptome_with_genome_hits_and_expression_filtering.gffread.fa.modified.fas
# Option settings: hmmsearch --domtblout /hpcdata/bcbb/homc/Barillaslab/Agam_hemo_transcriptomes/scripts/compare_txomes/busco/denovo_Agamhemo_BUSCO/run_arthropoda_odb10/hmmer_output/initial_run_results/50493at6656.out --cpu 1 /hpcdata/bcbb/homc/Barillaslab/Agam_hemo_transcriptomes/scripts/compare_txomes/busco/busco_downloads/lineages/arthropoda_odb10/hmms/50493at6656.hmm /hpcdata/bcbb/homc/Barillaslab/Agam_hemo_transcriptomes/scripts/compare_txomes/busco/denovo_Agamhemo_BUSCO/run_arthropoda_odb10/metaeuk_output/initial_results/de_novo_transcriptome_with_genome_hits_and_expression_filtering.gffread.fa.modified.fas 
# Current dir:     /hpcdata/bcbb/homc/Barillaslab/Agam_hemo_transcriptomes/scripts/compare_txomes/busco
# Date:            Sun Jan 29 12:59:22 2023
# [ok]
