#                                                                                                                  --- full sequence --- -------------- this domain -------------   hmm coord   ali coord   env coord
# target name                                              accession   tlen query name           accession   qlen   E-value  score  bias   #  of  c-Evalue  i-Evalue  score  bias  from    to  from    to  from    to  acc description of target
#                                      ------------------- ---------- ----- -------------------- ---------- ----- --------- ------ ----- --- --- --------- --------- ------ ----- ----- ----- ----- ----- ----- ----- ---- ---------------------
de_novo.Agm54242U_210909_035710_57936230_ccs.1:84-977      -            298 53201at6656          -            334  7.9e-110  365.5   3.1   1   1    3e-111  1.1e-109  365.0   3.1    91   334     5   296     2   296 0.88 -
de_novo.Agseq_80414.1:127-531                              -            135 53201at6656          -            334   6.8e-56  188.2   6.4   1   1   2.8e-57     1e-55  187.6   6.4   212   327     1   135     1   135 0.87 -
de_novo.Agseq_80415.1:1-342                                -            114 53201at6656          -            334     1e-55  187.6   4.4   1   1   3.2e-57   1.2e-55  187.4   4.4   177   280     1   113     1   114 0.93 -
de_novo.Agm54242U_210909_035710_13762632_ccs.1:327-1340    -            338 53201at6656          -            334   2.2e-19   68.2   4.4   1   4     0.046       1.7    6.1   0.0   198   227    33    68    27    74 0.62 -
de_novo.Agm54242U_210909_035710_13762632_ccs.1:327-1340    -            338 53201at6656          -            334   2.2e-19   68.2   4.4   2   4     2e-07   7.3e-06   23.7   0.1   161   226    75   152    71   157 0.85 -
de_novo.Agm54242U_210909_035710_13762632_ccs.1:327-1340    -            338 53201at6656          -            334   2.2e-19   68.2   4.4   3   4    0.0024     0.089   10.3   0.0   159   209   158   213   154   220 0.78 -
de_novo.Agm54242U_210909_035710_13762632_ccs.1:327-1340    -            338 53201at6656          -            334   2.2e-19   68.2   4.4   4   4   3.2e-08   1.2e-06   26.3   0.0   174   239   241   314   235   320 0.81 -
de_novo.AGAP005359-RA.1:3939-4772                          -            278 53201at6656          -            334   8.8e-18   62.9   9.8   1   4   1.4e-06   5.2e-05   20.9   1.8   159   228    40   116     9   121 0.77 -
de_novo.AGAP005359-RA.1:3939-4772                          -            278 53201at6656          -            334   8.8e-18   62.9   9.8   2   4   4.6e-08   1.7e-06   25.8   0.1   161   228   122   196   116   203 0.85 -
de_novo.AGAP005359-RA.1:3939-4772                          -            278 53201at6656          -            334   8.8e-18   62.9   9.8   3   4     7e-08   2.6e-06   25.2   0.4   160   226   161   234   160   239 0.82 -
de_novo.AGAP005359-RA.1:3939-4772                          -            278 53201at6656          -            334   8.8e-18   62.9   9.8   4   4     2e-05   0.00074   17.1   0.2   173   226   218   277   201   278 0.75 -
de_novo.Agm54242U_210819_213017_99420781_ccs.1:2241-3074   -            278 53201at6656          -            334   8.8e-18   62.9   9.8   1   4   1.4e-06   5.2e-05   20.9   1.8   159   228    40   116     9   121 0.77 -
de_novo.Agm54242U_210819_213017_99420781_ccs.1:2241-3074   -            278 53201at6656          -            334   8.8e-18   62.9   9.8   2   4   4.6e-08   1.7e-06   25.8   0.1   161   228   122   196   116   203 0.85 -
de_novo.Agm54242U_210819_213017_99420781_ccs.1:2241-3074   -            278 53201at6656          -            334   8.8e-18   62.9   9.8   3   4     7e-08   2.6e-06   25.2   0.4   160   226   161   234   160   239 0.82 -
de_novo.Agm54242U_210819_213017_99420781_ccs.1:2241-3074   -            278 53201at6656          -            334   8.8e-18   62.9   9.8   4   4     2e-05   0.00074   17.1   0.2   173   226   218   277   201   278 0.75 -
de_novo.Agm54242U_210909_035710_156436707_ccs.1:657-1457   -            267 53201at6656          -            334   3.2e-17   61.1   6.3   1   4   9.1e-09   3.3e-07   28.1   0.4   161   229    25   100    17   106 0.81 -
de_novo.Agm54242U_210909_035710_156436707_ccs.1:657-1457   -            267 53201at6656          -            334   3.2e-17   61.1   6.3   2   4      0.17       6.4    4.2   0.0   310   330   119   139   108   145 0.55 -
de_novo.Agm54242U_210909_035710_156436707_ccs.1:657-1457   -            267 53201at6656          -            334   3.2e-17   61.1   6.3   3   4   2.7e-08   9.7e-07   26.6   0.0   160   229   147   223   142   236 0.80 -
de_novo.Agm54242U_210909_035710_156436707_ccs.1:657-1457   -            267 53201at6656          -            334   3.2e-17   61.1   6.3   4   4      0.48        18    2.8   0.0    91   184   235   264   224   267 0.57 -
de_novo.AGAP009506-RA.1:0-1049                             -            350 53201at6656          -            334   7.7e-17   59.8   0.2   1   4     0.081         3    5.3   0.0   173   207    71   105    48   112 0.78 -
de_novo.AGAP009506-RA.1:0-1049                             -            350 53201at6656          -            334   7.7e-17   59.8   0.2   2   4     2e-05   0.00072   17.2   0.1   159   232    94   179    92   194 0.70 -
de_novo.AGAP009506-RA.1:0-1049                             -            350 53201at6656          -            334   7.7e-17   59.8   0.2   3   4   4.8e-08   1.8e-06   25.8   0.0   173   231   198   261   185   270 0.85 -
de_novo.AGAP009506-RA.1:0-1049                             -            350 53201at6656          -            334   7.7e-17   59.8   0.2   4   4    0.0076      0.28    8.7   0.0   176   221   293   343   289   349 0.74 -
de_novo.AGAP000444-RA.1:0-1022                             -            341 53201at6656          -            334   7.9e-14   49.9   1.5   1   5   0.00036     0.013   13.0   0.0     2    48     3    49     2    56 0.93 -
de_novo.AGAP000444-RA.1:0-1022                             -            341 53201at6656          -            334   7.9e-14   49.9   1.5   2   5   1.8e-06   6.7e-05   20.6   0.2   164   229    58   136    50   148 0.71 -
de_novo.AGAP000444-RA.1:0-1022                             -            341 53201at6656          -            334   7.9e-14   49.9   1.5   3   5     0.031       1.1    6.7   0.0     6    49   146   189   141   202 0.86 -
de_novo.AGAP000444-RA.1:0-1022                             -            341 53201at6656          -            334   7.9e-14   49.9   1.5   4   5      0.11       3.9    4.9   0.0     4    43   190   229   187   263 0.75 -
de_novo.AGAP000444-RA.1:0-1022                             -            341 53201at6656          -            334   7.9e-14   49.9   1.5   5   5       2.5        91    0.4   0.0     4    44   298   339   296   341 0.83 -
de_novo.Agm54242U_210819_213017_61606364_ccs.1:46-1314     -            423 53201at6656          -            334   5.9e-13   47.1   0.1   1   3   3.7e-06   0.00013   19.6   0.0   162   227   109   185   105   190 0.78 -
de_novo.Agm54242U_210819_213017_61606364_ccs.1:46-1314     -            423 53201at6656          -            334   5.9e-13   47.1   0.1   2   3   6.2e-05    0.0023   15.5   0.1   171   227   208   269   190   275 0.79 -
de_novo.Agm54242U_210819_213017_61606364_ccs.1:46-1314     -            423 53201at6656          -            334   5.9e-13   47.1   0.1   3   3     0.024      0.89    7.0   0.0   160   228   275   352   272   363 0.72 -
de_novo.Agseq_149334.1:46-1383                             -            446 53201at6656          -            334   6.4e-13   46.9   0.3   1   3   3.4e-06   0.00012   19.7   0.0   162   227   132   208   128   218 0.79 -
de_novo.Agseq_149334.1:46-1383                             -            446 53201at6656          -            334   6.4e-13   46.9   0.3   2   3   6.5e-05    0.0024   15.5   0.1   171   227   231   292   212   298 0.79 -
de_novo.Agseq_149334.1:46-1383                             -            446 53201at6656          -            334   6.4e-13   46.9   0.3   3   3     0.026      0.94    6.9   0.0   160   228   298   375   295   387 0.72 -
de_novo.AGAP002036-RA.1:1365-1715                          -            117 53201at6656          -            334   8.1e-12   43.3   2.3   1   1   2.2e-13   8.1e-12   43.3   2.3   255   294    73   115    27   117 0.89 -
de_novo.Agm54242Ue_220404_200923_146211626_ccs.1:1365-1715 -            117 53201at6656          -            334   8.1e-12   43.3   2.3   1   1   2.2e-13   8.1e-12   43.3   2.3   255   294    73   115    27   117 0.89 -
de_novo.AGAP007739-RA.1:441-1478                           -            346 53201at6656          -            334   5.9e-11   40.5   2.5   1   4      0.31        11    3.4   0.0   160   192     6    44     3    56 0.67 -
de_novo.AGAP007739-RA.1:441-1478                           -            346 53201at6656          -            334   5.9e-11   40.5   2.5   2   4     0.054         2    5.9   0.0   146   196    85   144    50   153 0.70 -
de_novo.AGAP007739-RA.1:441-1478                           -            346 53201at6656          -            334   5.9e-11   40.5   2.5   3   4   7.3e-06   0.00027   18.6   0.1   173   231   162   225   149   234 0.85 -
de_novo.AGAP007739-RA.1:441-1478                           -            346 53201at6656          -            334   5.9e-11   40.5   2.5   4   4     0.013      0.46    7.9   0.1   174   226   256   313   245   320 0.75 -
de_novo.Agseq_132797.1:519-1556                            -            346 53201at6656          -            334   5.9e-11   40.5   2.5   1   4      0.31        11    3.4   0.0   160   192     6    44     3    56 0.67 -
de_novo.Agseq_132797.1:519-1556                            -            346 53201at6656          -            334   5.9e-11   40.5   2.5   2   4     0.054         2    5.9   0.0   146   196    85   144    50   153 0.70 -
de_novo.Agseq_132797.1:519-1556                            -            346 53201at6656          -            334   5.9e-11   40.5   2.5   3   4   7.3e-06   0.00027   18.6   0.1   173   231   162   225   149   234 0.85 -
de_novo.Agseq_132797.1:519-1556                            -            346 53201at6656          -            334   5.9e-11   40.5   2.5   4   4     0.013      0.46    7.9   0.1   174   226   256   313   245   320 0.75 -
de_novo.AGAP008887-RA.1:378-656                            -             93 53201at6656          -            334   7.6e-11   40.1   9.8   1   1   6.9e-12   2.5e-10   38.4   9.8   230   294    30    86    22    91 0.87 -
de_novo.Agm54242U_210819_213017_30804392_ccs.1:378-656     -             93 53201at6656          -            334   7.6e-11   40.1   9.8   1   1   6.9e-12   2.5e-10   38.4   9.8   230   294    30    86    22    91 0.87 -
de_novo.AGAP008620-RA.1:84-785                             -            234 53201at6656          -            334   1.1e-10   39.6   0.1   1   3      0.14         5    4.6   0.1   175   214     2    43     1    63 0.72 -
de_novo.AGAP008620-RA.1:84-785                             -            234 53201at6656          -            334   1.1e-10   39.6   0.1   2   3     5e-07   1.9e-05   22.4   0.0   159   229    75   156    66   159 0.85 -
de_novo.AGAP008620-RA.1:84-785                             -            234 53201at6656          -            334   1.1e-10   39.6   0.1   3   3    0.0044      0.16    9.4   0.0   159   224   158   234   155   234 0.77 -
de_novo.AGAP007244-RA.1:0-1283                             -            428 53201at6656          -            334   1.6e-10   39.1   0.4   1   3    0.0056       0.2    9.1   0.3   174   227   167   229   109   242 0.59 -
de_novo.AGAP007244-RA.1:0-1283                             -            428 53201at6656          -            334   1.6e-10   39.1   0.4   2   3     0.037       1.4    6.4   0.0   157   235   252   339   247   356 0.72 -
de_novo.AGAP007244-RA.1:0-1283                             -            428 53201at6656          -            334   1.6e-10   39.1   0.4   3   3   3.3e-06   0.00012   19.7   0.0   174   230   361   422   344   428 0.84 -
de_novo.AGAP010251-RA.1:45-836                             -            264 53201at6656          -            334   7.7e-10   36.8   0.9   1   4   0.00096     0.035   11.6   0.0   159   229    29   110     9   127 0.67 -
de_novo.AGAP010251-RA.1:45-836                             -            264 53201at6656          -            334   7.7e-10   36.8   0.9   2   4    0.0078      0.29    8.6   0.1   174   193   135   154   109   159 0.67 -
de_novo.AGAP010251-RA.1:45-836                             -            264 53201at6656          -            334   7.7e-10   36.8   0.9   3   4     0.063       2.3    5.6   0.0     8    43   188   223   181   234 0.74 -
de_novo.AGAP010251-RA.1:45-836                             -            264 53201at6656          -            334   7.7e-10   36.8   0.9   4   4     0.021      0.78    7.2   0.0    10    40   234   264   225   264 0.86 -
de_novo.Agm54242U_210909_035710_27460192_ccs.1:45-836      -            264 53201at6656          -            334   7.7e-10   36.8   0.9   1   4   0.00096     0.035   11.6   0.0   159   229    29   110     9   127 0.67 -
de_novo.Agm54242U_210909_035710_27460192_ccs.1:45-836      -            264 53201at6656          -            334   7.7e-10   36.8   0.9   2   4    0.0078      0.29    8.6   0.1   174   193   135   154   109   159 0.67 -
de_novo.Agm54242U_210909_035710_27460192_ccs.1:45-836      -            264 53201at6656          -            334   7.7e-10   36.8   0.9   3   4     0.063       2.3    5.6   0.0     8    43   188   223   181   234 0.74 -
de_novo.Agm54242U_210909_035710_27460192_ccs.1:45-836      -            264 53201at6656          -            334   7.7e-10   36.8   0.9   4   4     0.021      0.78    7.2   0.0    10    40   234   264   225   264 0.86 -
de_novo.Agseq_35560.1:517-633                              -             39 53201at6656          -            334   1.4e-09   35.9   6.5   1   1   4.3e-11   1.6e-09   35.8   6.5   262   294     1    36     1    38 0.90 -
de_novo.Agseq_128624.1:127-834                             -            236 53201at6656          -            334   1.8e-09   35.6   1.4   1   4    0.0027     0.099   10.2   0.0   174   228    22    81     1    97 0.69 -
de_novo.Agseq_128624.1:127-834                             -            236 53201at6656          -            334   1.8e-09   35.6   1.4   2   4    0.0072      0.27    8.7   0.1   174   193   107   126    83   131 0.68 -
de_novo.Agseq_128624.1:127-834                             -            236 53201at6656          -            334   1.8e-09   35.6   1.4   3   4     0.053         2    5.9   0.0     8    43   160   195   153   206 0.74 -
de_novo.Agseq_128624.1:127-834                             -            236 53201at6656          -            334   1.8e-09   35.6   1.4   4   4     0.018      0.67    7.4   0.0    10    40   206   236   197   236 0.86 -
de_novo.Agseq_103382.1:194-874                             -            227 53201at6656          -            334     2e-09   35.4   0.0   1   3       3.8   1.4e+02   -0.2   0.0   160   188    19    53    13    64 0.47 -
de_novo.Agseq_103382.1:194-874                             -            227 53201at6656          -            334     2e-09   35.4   0.0   2   3   4.7e-07   1.7e-05   22.5   0.0   159   229    68   149    59   152 0.85 -
de_novo.Agseq_103382.1:194-874                             -            227 53201at6656          -            334     2e-09   35.4   0.0   3   3    0.0042      0.15    9.5   0.0   159   224   151   227   148   227 0.77 -
de_novo.Agseq_134205.1:0-1367                              -            456 53201at6656          -            334   3.1e-09   34.8   4.3   1   5       4.2   1.5e+02   -0.3   0.0   211   228    43    60    22    70 0.63 -
de_novo.Agseq_134205.1:0-1367                              -            456 53201at6656          -            334   3.1e-09   34.8   4.3   2   5    0.0037      0.14    9.7   0.0     6    42    68   104    63   109 0.91 -
de_novo.Agseq_134205.1:0-1367                              -            456 53201at6656          -            334   3.1e-09   34.8   4.3   3   5   0.00021    0.0076   13.8   0.0   174   235    89   155    83   163 0.80 -
de_novo.Agseq_134205.1:0-1367                              -            456 53201at6656          -            334   3.1e-09   34.8   4.3   4   5       1.3        49    1.3   0.0     7    44   162   199   156   203 0.82 -
de_novo.Agseq_134205.1:0-1367                              -            456 53201at6656          -            334   3.1e-09   34.8   4.3   5   5   2.7e-05     0.001   16.7   0.3   158   230   202   285   198   295 0.79 -
de_novo.Agm54242Ue_220404_200923_140773074_ccs.1:376-936   -            187 53201at6656          -            334   5.2e-09   34.1   0.2   1   3     0.002     0.073   10.6   0.0   175   228     3    63     1    65 0.79 -
de_novo.Agm54242Ue_220404_200923_140773074_ccs.1:376-936   -            187 53201at6656          -            334   5.2e-09   34.1   0.2   2   3     0.019       0.7    7.4   0.0     5    44    66   105    64   126 0.90 -
de_novo.Agm54242Ue_220404_200923_140773074_ccs.1:376-936   -            187 53201at6656          -            334   5.2e-09   34.1   0.2   3   3   0.00053     0.019   12.5   0.0   173   211   131   168   125   187 0.79 -
de_novo.Agm54242U_210819_213017_145230358_ccs.1:50-490     -            147 53201at6656          -            334   1.4e-08   32.7   0.0   1   2   1.2e-05   0.00046   17.8   0.0   174   230    39   102    18   104 0.83 -
de_novo.Agm54242U_210819_213017_145230358_ccs.1:50-490     -            147 53201at6656          -            334   1.4e-08   32.7   0.0   2   2   4.7e-06   0.00017   19.2   0.0   174   225    83   139    61   146 0.76 -
de_novo.Agseq_189906.1:58-3474                             -           1139 53201at6656          -            334   2.7e-08   31.7   6.0   1   1   1.6e-09     6e-08   30.6   6.0   231   294  1071  1126  1061  1130 0.82 -
de_novo.Agm54242U_210819_213017_104008273_ccs.1:0-2801     -            934 53201at6656          -            334   2.8e-08   31.7   0.1   1   2      0.55        20    2.6   0.0   196   226    12    48     7    56 0.72 -
de_novo.Agm54242U_210819_213017_104008273_ccs.1:0-2801     -            934 53201at6656          -            334   2.8e-08   31.7   0.1   2   2   1.8e-08   6.5e-07   27.2   0.0   117   243    52   193    45   197 0.76 -
de_novo.Agm54242Ue_220404_200923_4983077_ccs.1:234-1106    -            291 53201at6656          -            334   5.6e-08   30.7   1.9   1   3       1.3        48    1.3   0.1   174   193    19    39     1    82 0.59 -
de_novo.Agm54242Ue_220404_200923_4983077_ccs.1:234-1106    -            291 53201at6656          -            334   5.6e-08   30.7   1.9   2   3   1.2e-05   0.00043   17.9   0.0   163   245    95   188    79   209 0.74 -
de_novo.Agm54242Ue_220404_200923_4983077_ccs.1:234-1106    -            291 53201at6656          -            334   5.6e-08   30.7   1.9   3   3    0.0049      0.18    9.3   0.0   174   224   236   291   222   291 0.69 -
de_novo.Agm54242Ue_220404_200923_64686449_ccs.1:768-1418   -            217 53201at6656          -            334   5.6e-08   30.7   0.2   1   2   1.9e-07   6.8e-06   23.8   0.0   161   231     3    83     1    89 0.84 -
de_novo.Agm54242Ue_220404_200923_64686449_ccs.1:768-1418   -            217 53201at6656          -            334   5.6e-08   30.7   0.2   2   2      0.13       4.9    4.6   0.0    34   118   121   208    90   215 0.56 -
de_novo.Agseq_189239.1:975-1625                            -            217 53201at6656          -            334   5.6e-08   30.7   0.2   1   2   1.9e-07   6.8e-06   23.8   0.0   161   231     3    83     1    89 0.84 -
de_novo.Agseq_189239.1:975-1625                            -            217 53201at6656          -            334   5.6e-08   30.7   0.2   2   2      0.13       4.9    4.6   0.0    34   118   121   208    90   215 0.56 -
de_novo.Agseq_166558.1:1407-2156                           -            250 53201at6656          -            334   6.8e-08   30.4   0.3   1   3   3.3e-06   0.00012   19.7   0.0   137   228     7   119     1   133 0.79 -
de_novo.Agseq_166558.1:1407-2156                           -            250 53201at6656          -            334   6.8e-08   30.4   0.3   2   3       1.6        60    1.0   0.0    23    43   141   161   122   169 0.66 -
de_novo.Agseq_166558.1:1407-2156                           -            250 53201at6656          -            334   6.8e-08   30.4   0.3   3   3     0.034       1.2    6.5   0.0   177   226   193   247   176   250 0.80 -
de_novo.Agm54242U_210819_213017_47842287_ccs.1:702-1421    -            240 53201at6656          -            334   1.4e-07   29.4   0.0   1   2   4.2e-08   1.6e-06   25.9   0.1   144   238    14   123     2   133 0.80 -
de_novo.Agm54242U_210819_213017_47842287_ccs.1:702-1421    -            240 53201at6656          -            334   1.4e-07   29.4   0.0   2   2         2        75    0.7   0.0     6    40   205   239   183   240 0.82 -
de_novo.Agm54242Ue_220404_200923_173867982_ccs.1:0-1232    -            411 53201at6656          -            334   1.5e-07   29.3   0.8   1   4   3.4e-05    0.0013   16.4   0.0   156   227   120   204   115   222 0.79 -
de_novo.Agm54242Ue_220404_200923_173867982_ccs.1:0-1232    -            411 53201at6656          -            334   1.5e-07   29.3   0.8   2   4     0.028         1    6.8   0.0     6    41   243   278   239   298 0.89 -
de_novo.Agm54242Ue_220404_200923_173867982_ccs.1:0-1232    -            411 53201at6656          -            334   1.5e-07   29.3   0.8   3   4       2.1        78    0.6   0.1   209   237   352   382   306   391 0.67 -
de_novo.Agm54242Ue_220404_200923_173867982_ccs.1:0-1232    -            411 53201at6656          -            334   1.5e-07   29.3   0.8   4   4      0.66        24    2.3   0.2   173   225   353   411   341   411 0.55 -
de_novo.AGAP004374-RA.1:30-1625                            -            532 53201at6656          -            334   1.6e-07   29.2   0.4   1   3      0.64        23    2.3   0.0   178   225   220   272   200   280 0.61 -
de_novo.AGAP004374-RA.1:30-1625                            -            532 53201at6656          -            334   1.6e-07   29.2   0.4   2   3    0.0031      0.11   10.0   0.0   175   232   337   399   304   405 0.75 -
de_novo.AGAP004374-RA.1:30-1625                            -            532 53201at6656          -            334   1.6e-07   29.2   0.4   3   3   0.00035     0.013   13.1   0.1     8    85   402   477   397   510 0.64 -
de_novo.Agseq_265207.1:1-528                               -            176 53201at6656          -            334   1.7e-07   29.1   0.0   1   2   0.00085     0.031   11.8   0.0   177   229     1    58     1    61 0.87 -
de_novo.Agseq_265207.1:1-528                               -            176 53201at6656          -            334   1.7e-07   29.1   0.0   2   2   6.1e-05    0.0022   15.6   0.0   159   228    60   140    58   144 0.79 -
de_novo.Agm54242Ue_220404_200923_101319059_ccs.1:15-1496   -            494 53201at6656          -            334   1.7e-07   29.1   2.5   1   4   4.6e-05    0.0017   16.0   0.0   156   227   193   277   188   295 0.79 -
de_novo.Agm54242Ue_220404_200923_101319059_ccs.1:15-1496   -            494 53201at6656          -            334   1.7e-07   29.1   2.5   2   4     0.039       1.4    6.3   0.0     6    41   326   361   321   371 0.88 -
de_novo.Agm54242Ue_220404_200923_101319059_ccs.1:15-1496   -            494 53201at6656          -            334   1.7e-07   29.1   2.5   3   4         3   1.1e+02    0.1   0.1   209   237   435   465   390   473 0.70 -
de_novo.Agm54242Ue_220404_200923_101319059_ccs.1:15-1496   -            494 53201at6656          -            334   1.7e-07   29.1   2.5   4   4      0.87        32    1.9   0.2   173   225   436   494   427   494 0.53 -
de_novo.Agm54242U_210819_213017_89785227_ccs.1:848-1654    -            269 53201at6656          -            334   1.9e-07   28.9   1.8   1   4      0.41        15    3.0   0.1   175   225    17    74     7    79 0.57 -
de_novo.Agm54242U_210819_213017_89785227_ccs.1:848-1654    -            269 53201at6656          -            334   1.9e-07   28.9   1.8   2   4   1.2e-06   4.4e-05   21.2   0.1   161   229    83   159    75   166 0.78 -
de_novo.Agm54242U_210819_213017_89785227_ccs.1:848-1654    -            269 53201at6656          -            334   1.9e-07   28.9   1.8   3   4    0.0086      0.31    8.5   0.0   176   229   143   201   140   212 0.77 -
de_novo.Agm54242U_210819_213017_89785227_ccs.1:848-1654    -            269 53201at6656          -            334   1.9e-07   28.9   1.8   4   4       1.2        42    1.5   0.0   175   196   230   251   225   266 0.77 -
de_novo.Agm54242U_210819_213017_131007647_ccs.1:6-434      -            143 53201at6656          -            334     2e-07   28.9   0.0   1   2    0.0099      0.36    8.3   0.0   175   209     4    37     2    45 0.85 -
de_novo.Agm54242U_210819_213017_131007647_ccs.1:6-434      -            143 53201at6656          -            334     2e-07   28.9   0.0   2   2   7.9e-06   0.00029   18.5   0.0   174   225    47   103    44   113 0.82 -
de_novo.AGAP005320-RA.1:0-1379                             -            460 53201at6656          -            334   2.6e-07   28.5   4.7   1   4       5.1   1.9e+02   -0.6   0.0   133   190   157   182   143   198 0.55 -
de_novo.AGAP005320-RA.1:0-1379                             -            460 53201at6656          -            334   2.6e-07   28.5   4.7   2   4   2.9e-07   1.1e-05   23.2   1.4   133   230   199   311   183   318 0.76 -
de_novo.AGAP005320-RA.1:0-1379                             -            460 53201at6656          -            334   2.6e-07   28.5   4.7   3   4    0.0008     0.029   11.9   0.1   159   231   271   352   268   357 0.74 -
de_novo.AGAP005320-RA.1:0-1379                             -            460 53201at6656          -            334   2.6e-07   28.5   4.7   4   4      0.69        25    2.2   0.0   173   198   381   406   366   451 0.75 -
de_novo.Agm54242U_210909_035710_102697314_ccs.1:396-731    -            112 53201at6656          -            334   3.2e-07   28.2   0.3   1   2    0.0073      0.27    8.7   0.0   197   227     9    45     5    52 0.62 -
de_novo.Agm54242U_210909_035710_102697314_ccs.1:396-731    -            112 53201at6656          -            334   3.2e-07   28.2   0.3   2   2   9.6e-06   0.00035   18.2   0.1   161   210    52   107    50   112 0.88 -
de_novo.Agseq_157484.1:0-1841                              -            614 53201at6656          -            334   3.5e-07   28.1   2.2   1   4   6.2e-05    0.0023   15.5   0.0   156   227   313   397   308   417 0.79 -
de_novo.Agseq_157484.1:0-1841                              -            614 53201at6656          -            334   3.5e-07   28.1   2.2   2   4     0.054         2    5.9   0.0     6    40   446   480   441   484 0.87 -
de_novo.Agseq_157484.1:0-1841                              -            614 53201at6656          -            334   3.5e-07   28.1   2.2   3   4       3.7   1.4e+02   -0.2   0.0   209   237   555   585   510   596 0.71 -
de_novo.Agseq_157484.1:0-1841                              -            614 53201at6656          -            334   3.5e-07   28.1   2.2   4   4       1.1        40    1.6   0.1   173   225   556   614   540   614 0.56 -
de_novo.Agseq_59512.1:1158-2261                            -            368 53201at6656          -            334   4.1e-07   27.9   0.5   1   4     0.032       1.2    6.6   0.0   197   233    52    94    45   102 0.70 -
de_novo.Agseq_59512.1:1158-2261                            -            368 53201at6656          -            334   4.1e-07   27.9   0.5   2   4      0.13       4.6    4.7   0.0     7    40   158   191    97   192 0.81 -
de_novo.Agseq_59512.1:1158-2261                            -            368 53201at6656          -            334   4.1e-07   27.9   0.5   3   4     0.094       3.5    5.1   0.0     7    41   158   192   152   215 0.89 -
de_novo.Agseq_59512.1:1158-2261                            -            368 53201at6656          -            334   4.1e-07   27.9   0.5   4   4    0.0036      0.13    9.7   0.1   137   231   228   335   222   341 0.70 -
de_novo.AGAP003228-RA.1:63-1217                            -            385 53201at6656          -            334   6.1e-07   27.3   0.7   1   2     0.016      0.59    7.6   0.1   174   229   174   242   169   248 0.62 -
de_novo.AGAP003228-RA.1:63-1217                            -            385 53201at6656          -            334   6.1e-07   27.3   0.7   2   2   2.3e-05   0.00086   16.9   0.0   161   232   250   335   246   343 0.79 -
de_novo.Agseq_184941.1:4-672                               -            223 53201at6656          -            334   6.4e-07   27.2   0.2   1   2     0.081         3    5.3   0.0    17   228    53    80    37    93 0.59 -
de_novo.Agseq_184941.1:4-672                               -            223 53201at6656          -            334   6.4e-07   27.2   0.2   2   2   0.00012    0.0043   14.6   0.1   140   207   145   221    86   223 0.59 -
de_novo.Agm54242U_210909_035710_24772883_ccs.1:45-947      -            301 53201at6656          -            334   1.1e-06   26.4   0.1   1   3     0.038       1.4    6.4   0.0   161   190    35    70    23   118 0.73 -
de_novo.Agm54242U_210909_035710_24772883_ccs.1:45-947      -            301 53201at6656          -            334   1.1e-06   26.4   0.1   2   3   4.1e-05    0.0015   16.1   0.0   162   231   124   203   114   222 0.76 -
de_novo.Agm54242U_210909_035710_24772883_ccs.1:45-947      -            301 53201at6656          -            334   1.1e-06   26.4   0.1   3   3       2.6        95    0.4   0.0    11    65   209   263   203   277 0.71 -
de_novo.Agseq_193310.1:0-1511                              -            504 53201at6656          -            334   1.7e-06   25.8   0.2   1   4     0.002     0.074   10.6   0.0     4    42   255   293   252   315 0.90 -
de_novo.Agseq_193310.1:0-1511                              -            504 53201at6656          -            334   1.7e-06   25.8   0.2   2   4       4.9   1.8e+02   -0.6   0.0   107   138   318   350   297   361 0.70 -
de_novo.Agseq_193310.1:0-1511                              -            504 53201at6656          -            334   1.7e-06   25.8   0.2   3   4    0.0023     0.085   10.4   0.0   177   229   366   423   358   433 0.82 -
de_novo.Agseq_193310.1:0-1511                              -            504 53201at6656          -            334   1.7e-06   25.8   0.2   4   4       1.3        48    1.3   0.0    32   118   410   497   406   502 0.68 -
de_novo.Agm54242Ue_220404_200923_28050811_ccs.1:0-1832     -            611 53201at6656          -            334   1.9e-06   25.7   0.3   1   4      0.26       9.5    3.6   0.0    19   228   361   386   274   398 0.77 -
de_novo.Agm54242Ue_220404_200923_28050811_ccs.1:0-1832     -            611 53201at6656          -            334   1.9e-06   25.7   0.3   2   4       9.8   3.6e+02   -1.5   0.0    16    41   400   425   389   432 0.70 -
de_novo.Agm54242Ue_220404_200923_28050811_ccs.1:0-1832     -            611 53201at6656          -            334   1.9e-06   25.7   0.3   3   4      0.78        29    2.1   0.0    10    40   436   466   428   470 0.85 -
de_novo.Agm54242Ue_220404_200923_28050811_ccs.1:0-1832     -            611 53201at6656          -            334   1.9e-06   25.7   0.3   4   4   0.00011     0.004   14.7   0.0   163   231   478   557   472   567 0.74 -
de_novo.AGAP002030-RA.1:540-1598                           -            353 53201at6656          -            334     2e-06   25.6   1.7   1   3    0.0036      0.13    9.7   0.0   173   229    58   123    36   135 0.71 -
de_novo.AGAP002030-RA.1:540-1598                           -            353 53201at6656          -            334     2e-06   25.6   1.7   2   3       0.3        11    3.4   0.1   176   229   160   220   156   233 0.70 -
de_novo.AGAP002030-RA.1:540-1598                           -            353 53201at6656          -            334     2e-06   25.6   1.7   3   3    0.0038      0.14    9.7   0.2   174   231   260   323   244   350 0.72 -
de_novo.Agseq_11650.1:408-1466                             -            353 53201at6656          -            334     2e-06   25.6   1.7   1   3    0.0036      0.13    9.7   0.0   173   229    58   123    36   135 0.71 -
de_novo.Agseq_11650.1:408-1466                             -            353 53201at6656          -            334     2e-06   25.6   1.7   2   3       0.3        11    3.4   0.1   176   229   160   220   156   233 0.70 -
de_novo.Agseq_11650.1:408-1466                             -            353 53201at6656          -            334     2e-06   25.6   1.7   3   3    0.0038      0.14    9.7   0.2   174   231   260   323   244   350 0.72 -
de_novo.Agm54242U_210909_035710_121176390_ccs.1:132-1607   -            492 53201at6656          -            334   2.1e-06   25.6   0.1   1   2   3.5e-06   0.00013   19.6   0.1   140   229    33   138    12   147 0.80 -
de_novo.Agm54242U_210909_035710_121176390_ccs.1:132-1607   -            492 53201at6656          -            334   2.1e-06   25.6   0.1   2   2      0.32        12    3.3   0.0     5    41   420   456   418   471 0.91 -
de_novo.Agseq_64433.1:0-1952                               -            651 53201at6656          -            334   2.5e-06   25.2   0.4   1   3      0.32        12    3.3   0.0    20   228   402   426   324   435 0.77 -
de_novo.Agseq_64433.1:0-1952                               -            651 53201at6656          -            334   2.5e-06   25.2   0.4   2   3       0.8        29    2.0   0.0    10    40   476   506   467   511 0.85 -
de_novo.Agseq_64433.1:0-1952                               -            651 53201at6656          -            334   2.5e-06   25.2   0.4   3   3   0.00013    0.0047   14.5   0.0   163   231   518   597   514   606 0.73 -
de_novo.Agm54242U_210909_035710_153094938_ccs.1:150-686    -            179 53201at6656          -            334   4.1e-06   24.6   0.1   1   2     0.082         3    5.3   0.0   173   226    18    34     1    52 0.59 -
de_novo.Agm54242U_210909_035710_153094938_ccs.1:150-686    -            179 53201at6656          -            334   4.1e-06   24.6   0.1   2   2     2e-05   0.00073   17.2   0.0   162   230    89   167    81   178 0.78 -
de_novo.Agm54242Ue_220404_200923_31654498_ccs.1:159-927    -            254 53201at6656          -            334   4.8e-06   24.3   3.4   1   5      0.02      0.72    7.3   0.1   173   227    18    77     1    81 0.61 -
de_novo.Agm54242Ue_220404_200923_31654498_ccs.1:159-927    -            254 53201at6656          -            334   4.8e-06   24.3   3.4   2   5     0.029       1.1    6.8   0.2   173   212    60    98    41   128 0.70 -
de_novo.Agm54242Ue_220404_200923_31654498_ccs.1:159-927    -            254 53201at6656          -            334   4.8e-06   24.3   3.4   3   5      0.49        18    2.7   0.0   161   226    84   164    80   182 0.62 -
de_novo.Agm54242Ue_220404_200923_31654498_ccs.1:159-927    -            254 53201at6656          -            334   4.8e-06   24.3   3.4   4   5   0.00062     0.023   12.2   0.1   168   206   188   225   139   233 0.67 -
de_novo.Agm54242Ue_220404_200923_31654498_ccs.1:159-927    -            254 53201at6656          -            334   4.8e-06   24.3   3.4   5   5   0.00065     0.024   12.2   0.2   169   208   189   227   184   253 0.75 -
de_novo.Agseq_19786.1:58-381                               -            108 53201at6656          -            334   5.1e-06   24.2   0.0   1   1   2.5e-07   9.1e-06   23.4   0.0   143   219    16   106     3   108 0.76 -
de_novo.Agm54242Ue_220404_200923_63310619_ccs.1:9-605      -            199 53201at6656          -            334   5.5e-06   24.1   3.7   1   1   2.8e-07     1e-05   23.2   3.7   259   285   140   166   132   168 0.89 -
de_novo.Agm54242Ue_220404_200923_50529116_ccs.1:195-929    -            245 53201at6656          -            334   5.5e-06   24.1   0.7   1   3       2.6        94    0.4   0.0   175   225    20    33     2    41 0.59 -
de_novo.Agm54242Ue_220404_200923_50529116_ccs.1:195-929    -            245 53201at6656          -            334   5.5e-06   24.1   0.7   2   3   2.7e-06    0.0001   20.0   0.2   159   227    60   140    45   157 0.81 -
de_novo.Agm54242Ue_220404_200923_50529116_ccs.1:195-929    -            245 53201at6656          -            334   5.5e-06   24.1   0.7   3   3       4.8   1.7e+02   -0.5   0.0    92   118   198   224   164   245 0.67 -
de_novo.Agm54242Ue_220404_200923_107350287_ccs.1:204-926   -            241 53201at6656          -            334     7e-06   23.8   3.7   1   1   3.7e-07   1.4e-05   22.9   3.7   259   285   182   208   174   210 0.89 -
de_novo.Agm54242Ue_220404_200923_125830808_ccs.1:45-1046   -            334 53201at6656          -            334   8.2e-06   23.6   1.0   1   3       2.3        85    0.5   0.0   174   188    69    83    45    91 0.56 -
de_novo.Agm54242Ue_220404_200923_125830808_ccs.1:45-1046   -            334 53201at6656          -            334   8.2e-06   23.6   1.0   2   3   5.1e-06   0.00019   19.1   0.1   159   226   110   189    95   206 0.81 -
de_novo.Agm54242Ue_220404_200923_125830808_ccs.1:45-1046   -            334 53201at6656          -            334   8.2e-06   23.6   1.0   3   3       4.5   1.6e+02   -0.4   0.0    97   154   253   287   236   312 0.58 -
de_novo.Agm54242U_210909_035710_123929174_ccs.1:600-1304   -            235 53201at6656          -            334     1e-05   23.2   0.0   1   3   2.6e-05   0.00095   16.8   0.0   162   231    35   114    27   133 0.76 -
de_novo.Agm54242U_210909_035710_123929174_ccs.1:600-1304   -            235 53201at6656          -            334     1e-05   23.2   0.0   2   3       1.5        53    1.2   0.0    11    66   120   175   113   191 0.73 -
de_novo.Agm54242U_210909_035710_123929174_ccs.1:600-1304   -            235 53201at6656          -            334     1e-05   23.2   0.0   3   3      0.57        21    2.5   0.0   173   210   179   215   171   235 0.75 -
de_novo.Agm54242U_210909_035710_150735137_ccs.1:916-2073   -            386 53201at6656          -            334   1.2e-05   23.0   3.7   1   1   6.9e-07   2.5e-05   22.0   3.7   259   285   327   353   319   355 0.89 -
de_novo.Agm54242U_210909_035710_164365448_ccs.1:0-800      -            267 53201at6656          -            334   1.3e-05   22.9   0.0   1   2   3.3e-05    0.0012   16.4   0.0   162   231    67   146    58   165 0.76 -
de_novo.Agm54242U_210909_035710_164365448_ccs.1:0-800      -            267 53201at6656          -            334   1.3e-05   22.9   0.0   2   2      0.73        27    2.2   0.0   173   210   211   247   204   267 0.75 -
de_novo.Agseq_176116.1:99-713                              -            205 53201at6656          -            334   1.4e-05   22.9   0.5   1   2      0.67        25    2.3   0.1   174   195    19    41     1    85 0.58 -
de_novo.Agseq_176116.1:99-713                              -            205 53201at6656          -            334   1.4e-05   22.9   0.5   2   2     4e-06   0.00015   19.5   0.1   161   245    93   188    38   201 0.76 -
de_novo.Agm54242Ue_220404_200923_17564319_ccs.1:0-1225     -            406 53201at6656          -            334   1.7e-05   22.5   2.1   1   1   6.8e-07   2.5e-05   22.0   2.1   259   281   205   227   200   233 0.87 -
de_novo.Agseq_128726.1:96-1466                             -            457 53201at6656          -            334   1.8e-05   22.5   0.1   1   2   3.3e-05    0.0012   16.5   0.1   156   229    18   103     2   112 0.76 -
de_novo.Agseq_128726.1:96-1466                             -            457 53201at6656          -            334   1.8e-05   22.5   0.1   2   2      0.29        11    3.5   0.0     5    41   385   421   383   436 0.91 -
de_novo.Agm54242Ue_220404_200923_37357269_ccs.1:1494-2243  -            250 53201at6656          -            334   1.8e-05   22.4   0.2   1   3      0.64        24    2.3   0.0   210   234    25    49    16    60 0.85 -
de_novo.Agm54242Ue_220404_200923_37357269_ccs.1:1494-2243  -            250 53201at6656          -            334   1.8e-05   22.4   0.2   2   3   0.00019     0.007   13.9   0.1   174   229    70   130    65   144 0.81 -
de_novo.Agm54242Ue_220404_200923_37357269_ccs.1:1494-2243  -            250 53201at6656          -            334   1.8e-05   22.4   0.2   3   3      0.76        28    2.1   0.0    70   119   154   204   133   223 0.65 -
de_novo.Agseq_141556.1:12-1436                             -            475 53201at6656          -            334   1.8e-05   22.4   1.0   1   3       3.6   1.3e+02   -0.1   0.0   174   188    80    94    56   102 0.56 -
de_novo.Agseq_141556.1:12-1436                             -            475 53201at6656          -            334   1.8e-05   22.4   1.0   2   3   8.9e-06   0.00033   18.3   0.1   159   226   121   200   106   218 0.81 -
de_novo.Agseq_141556.1:12-1436                             -            475 53201at6656          -            334   1.8e-05   22.4   1.0   3   3         1        38    1.7   0.1    79   115   245   282   183   318 0.44 -
de_novo.Agm54242Ue_220404_200923_117507367_ccs.1:248-1006  -            253 53201at6656          -            334   1.9e-05   22.3   0.4   1   4       0.2       7.3    4.0   0.0   161   190    11    46     7    56 0.60 -
de_novo.Agm54242Ue_220404_200923_117507367_ccs.1:248-1006  -            253 53201at6656          -            334   1.9e-05   22.3   0.4   2   4     0.029         1    6.8   0.0     6    47    58    99    53   104 0.86 -
de_novo.Agm54242Ue_220404_200923_117507367_ccs.1:248-1006  -            253 53201at6656          -            334   1.9e-05   22.3   0.4   3   4     0.055         2    5.9   0.0     4    43   102   141    99   201 0.79 -
de_novo.Agm54242Ue_220404_200923_117507367_ccs.1:248-1006  -            253 53201at6656          -            334   1.9e-05   22.3   0.4   4   4       1.6        59    1.0   0.0     4    44   210   251   208   253 0.83 -
de_novo.Agm54242Ue_220404_200923_164299516_ccs.1:159-797   -            213 53201at6656          -            334     2e-05   22.3   2.1   1   3     0.012      0.45    8.0   0.1   173   227    18    77     1    86 0.62 -
de_novo.Agm54242Ue_220404_200923_164299516_ccs.1:159-797   -            213 53201at6656          -            334     2e-05   22.3   2.1   2   3      0.18       6.6    4.2   0.0   173   206    60    92    56    97 0.70 -
de_novo.Agm54242Ue_220404_200923_164299516_ccs.1:159-797   -            213 53201at6656          -            334     2e-05   22.3   2.1   3   3   0.00076     0.028   12.0   0.1   168   207   151   189   143   203 0.83 -
de_novo.AGAP006889-RA.1:0-2381                             -            794 53201at6656          -            334     2e-05   22.3   3.6   1   4   0.00042     0.015   12.8   0.1   174   224    76   127    28   150 0.74 -
de_novo.AGAP006889-RA.1:0-2381                             -            794 53201at6656          -            334     2e-05   22.3   3.6   2   4       3.2   1.2e+02    0.1   0.0    27    52   310   335   286   345 0.70 -
de_novo.AGAP006889-RA.1:0-2381                             -            794 53201at6656          -            334     2e-05   22.3   3.6   3   4     0.048       1.8    6.0   0.0    91   122   604   638   588   661 0.80 -
de_novo.AGAP006889-RA.1:0-2381                             -            794 53201at6656          -            334     2e-05   22.3   3.6   4   4       6.2   2.3e+02   -0.9   0.0    71   108   732   771   713   793 0.64 -
de_novo.Agm54242U_210819_213017_90507205_ccs.1:0-1499      -            500 53201at6656          -            334   2.1e-05   22.2   2.1   1   1   9.1e-07   3.3e-05   21.6   2.1   259   280   205   226   200   232 0.87 -
de_novo.Agm54242U_210909_035710_12255232_ccs.1:9-929       -            307 53201at6656          -            334   2.4e-05   22.0   0.8   1   4   0.00048     0.018   12.6   0.0   160   228     7    90     2   110 0.76 -
de_novo.Agm54242U_210909_035710_12255232_ccs.1:9-929       -            307 53201at6656          -            334   2.4e-05   22.0   0.8   2   4       6.3   2.3e+02   -0.9   0.0    16    87   105   175    93   220 0.62 -
de_novo.Agm54242U_210909_035710_12255232_ccs.1:9-929       -            307 53201at6656          -            334   2.4e-05   22.0   0.8   3   4       6.7   2.4e+02   -1.0   0.0   316   331   217   232   198   235 0.83 -
de_novo.Agm54242U_210909_035710_12255232_ccs.1:9-929       -            307 53201at6656          -            334   2.4e-05   22.0   0.8   4   4     0.064       2.4    5.6   0.1   158   187   272   307   253   307 0.77 -
de_novo.Agseq_91491.1:9-929                                -            307 53201at6656          -            334   2.4e-05   22.0   0.8   1   4   0.00048     0.018   12.6   0.0   160   228     7    90     2   110 0.76 -
de_novo.Agseq_91491.1:9-929                                -            307 53201at6656          -            334   2.4e-05   22.0   0.8   2   4       6.3   2.3e+02   -0.9   0.0    16    87   105   175    93   220 0.62 -
de_novo.Agseq_91491.1:9-929                                -            307 53201at6656          -            334   2.4e-05   22.0   0.8   3   4       6.7   2.4e+02   -1.0   0.0   316   331   217   232   198   235 0.83 -
de_novo.Agseq_91491.1:9-929                                -            307 53201at6656          -            334   2.4e-05   22.0   0.8   4   4     0.064       2.4    5.6   0.1   158   187   272   307   253   307 0.77 -
de_novo.Agseq_125435.1:198-1007                            -            270 53201at6656          -            334   2.5e-05   22.0   3.8   1   3      0.85        31    1.9   0.1   177   225     3    60     1    69 0.55 -
de_novo.Agseq_125435.1:198-1007                            -            270 53201at6656          -            334   2.5e-05   22.0   3.8   2   3    0.0025     0.092   10.3   0.0   173   227   130   189    64   194 0.70 -
de_novo.Agseq_125435.1:198-1007                            -            270 53201at6656          -            334   2.5e-05   22.0   3.8   3   3      0.17       6.4    4.2   0.0     5    39   235   269   231   270 0.85 -
de_novo.Agm54242U_210909_035710_137234720_ccs.1:642-1295   -            218 53201at6656          -            334   2.5e-05   22.0   0.7   1   3      0.35        13    3.2   0.0    10    40     8    38     2    45 0.78 -
de_novo.Agm54242U_210909_035710_137234720_ccs.1:642-1295   -            218 53201at6656          -            334   2.5e-05   22.0   0.7   2   3     0.012      0.42    8.1   0.0   161   230    48   130    40   135 0.74 -
de_novo.Agm54242U_210909_035710_137234720_ccs.1:642-1295   -            218 53201at6656          -            334   2.5e-05   22.0   0.7   3   3     0.014       0.5    7.8   0.1   174   225   155   212   129   216 0.69 -
de_novo.AGAP000479-RA.1:303-962                            -            220 53201at6656          -            334   2.6e-05   21.9   0.0   1   3       0.4        15    3.0   0.0   210   231    34    55    11    62 0.69 -
de_novo.AGAP000479-RA.1:303-962                            -            220 53201at6656          -            334   2.6e-05   21.9   0.0   2   3      0.51        19    2.7   0.0    30    85    89   143    76   156 0.79 -
de_novo.AGAP000479-RA.1:303-962                            -            220 53201at6656          -            334   2.6e-05   21.9   0.0   3   3   0.00033     0.012   13.2   0.0   160   193   161   200   115   218 0.76 -
de_novo.Agm54242U_210909_035710_53545292_ccs.1:231-2048    -            606 53201at6656          -            334   2.8e-05   21.8   3.9   1   1   1.5e-06   5.4e-05   20.9   3.9   259   285   547   573   540   575 0.89 -
de_novo.Agm54242U_210819_213017_150407428_ccs.1:0-872      -            291 53201at6656          -            334   3.4e-05   21.5   3.9   1   4     0.073       2.7    5.4   0.0   174   205    27    59     2    65 0.75 -
de_novo.Agm54242U_210819_213017_150407428_ccs.1:0-872      -            291 53201at6656          -            334   3.4e-05   21.5   3.9   2   4     0.011      0.42    8.1   0.0   173   209    72   110    64   146 0.80 -
de_novo.Agm54242U_210819_213017_150407428_ccs.1:0-872      -            291 53201at6656          -            334   3.4e-05   21.5   3.9   3   4      0.42        15    3.0   0.0   208   225   180   197   170   214 0.68 -
de_novo.Agm54242U_210819_213017_150407428_ccs.1:0-872      -            291 53201at6656          -            334   3.4e-05   21.5   3.9   4   4       0.3        11    3.4   0.2    25    57   229   261   206   284 0.76 -
de_novo.Agm54242U_210909_035710_79300589_ccs.1:0-872       -            291 53201at6656          -            334   3.4e-05   21.5   3.9   1   4     0.073       2.7    5.4   0.0   174   205    27    59     2    65 0.75 -
de_novo.Agm54242U_210909_035710_79300589_ccs.1:0-872       -            291 53201at6656          -            334   3.4e-05   21.5   3.9   2   4     0.011      0.42    8.1   0.0   173   209    72   110    64   146 0.80 -
de_novo.Agm54242U_210909_035710_79300589_ccs.1:0-872       -            291 53201at6656          -            334   3.4e-05   21.5   3.9   3   4      0.42        15    3.0   0.0   208   225   180   197   170   214 0.68 -
de_novo.Agm54242U_210909_035710_79300589_ccs.1:0-872       -            291 53201at6656          -            334   3.4e-05   21.5   3.9   4   4       0.3        11    3.4   0.2    25    57   229   261   206   284 0.76 -
de_novo.AGAP007544-RA.1:171-770                            -            200 53201at6656          -            334   3.6e-05   21.5   0.5   1   2      0.83        31    2.0   0.0   199   232     9    48     4    60 0.60 -
de_novo.AGAP007544-RA.1:171-770                            -            200 53201at6656          -            334   3.6e-05   21.5   0.5   2   2     2e-05   0.00073   17.2   0.1   162   209    69   121    60   159 0.71 -
de_novo.Agm54242U_210819_213017_111215186_ccs.1:0-986      -            329 53201at6656          -            334   4.3e-05   21.2   0.1   1   3   0.00018    0.0068   14.0   0.1    33   119    38   126    10   140 0.62 -
de_novo.Agm54242U_210819_213017_111215186_ccs.1:0-986      -            329 53201at6656          -            334   4.3e-05   21.2   0.1   2   3   0.00043     0.016   12.8   0.0     9    47    98   135    92   204 0.79 -
de_novo.Agm54242U_210819_213017_111215186_ccs.1:0-986      -            329 53201at6656          -            334   4.3e-05   21.2   0.1   3   3       1.6        60    1.0   0.0   158   190   217   255   192   270 0.71 -
de_novo.Agm54242U_210819_213017_52560380_ccs.1:465-1046    -            194 53201at6656          -            334   4.3e-05   21.2   0.4   1   2   0.00017    0.0062   14.1   0.1   175   226    19    83     1    88 0.75 -
de_novo.Agm54242U_210819_213017_52560380_ccs.1:465-1046    -            194 53201at6656          -            334   4.3e-05   21.2   0.4   2   2      0.13       4.7    4.6   0.0     5    68    90   153    86   182 0.77 -
de_novo.Agm54242U_210909_035710_70649009_ccs.1:36-3422     -           1129 53201at6656          -            334   4.7e-05   21.1   4.4   1   1   2.1e-06   7.6e-05   20.4   4.4   262   294  1085  1120  1077  1126 0.85 -
de_novo.Agseq_68068.1:0-4016                               -           1339 53201at6656          -            334   5.1e-05   21.0   2.9   1   1   2.8e-06    0.0001   19.9   2.9   261   309   169   220   164   243 0.77 -
de_novo.Agseq_68066.1:0-4013                               -           1338 53201at6656          -            334   5.1e-05   21.0   2.9   1   1   2.8e-06    0.0001   20.0   2.9   261   309   158   209   153   232 0.77 -
de_novo.Agm54242Ue_220404_200923_35129708_ccs.1:211-1911   -            567 53201at6656          -            334   6.7e-05   20.6   6.1   1   1   2.9e-06   0.00011   19.9   6.1   262   294   523   558   513   564 0.85 -
de_novo.Agseq_54708.1:0-1103                               -            368 53201at6656          -            334   8.4e-05   20.3   0.1   1   3   0.00028      0.01   13.4   0.1    34   119    78   165    49   176 0.61 -
de_novo.Agseq_54708.1:0-1103                               -            368 53201at6656          -            334   8.4e-05   20.3   0.1   2   3   0.00048     0.018   12.6   0.0    10    47   138   174   132   250 0.76 -
de_novo.Agseq_54708.1:0-1103                               -            368 53201at6656          -            334   8.4e-05   20.3   0.1   3   3       1.7        62    1.0   0.0   158   190   256   294   223   307 0.70 -
de_novo.Agm54242U_210819_213017_40962588_ccs.1:832-1503    -            224 53201at6656          -            334   8.7e-05   20.2   0.0   1   2      0.15       5.5    4.4   0.0   184   234    25    85    11    96 0.66 -
de_novo.Agm54242U_210819_213017_40962588_ccs.1:832-1503    -            224 53201at6656          -            334   8.7e-05   20.2   0.0   2   2   0.00024    0.0088   13.6   0.1   174   229   106   166   100   180 0.82 -
de_novo.Agseq_108387.1:1350-2021                           -            224 53201at6656          -            334   8.7e-05   20.2   0.0   1   2      0.15       5.5    4.4   0.0   184   234    25    85    11    96 0.66 -
de_novo.Agseq_108387.1:1350-2021                           -            224 53201at6656          -            334   8.7e-05   20.2   0.0   2   2   0.00024    0.0088   13.6   0.1   174   229   106   166   100   180 0.82 -
de_novo.Agseq_108389.1:1010-1681                           -            224 53201at6656          -            334   8.7e-05   20.2   0.0   1   2      0.15       5.5    4.4   0.0   184   234    25    85    11    96 0.66 -
de_novo.Agseq_108389.1:1010-1681                           -            224 53201at6656          -            334   8.7e-05   20.2   0.0   2   2   0.00024    0.0088   13.6   0.1   174   229   106   166   100   180 0.82 -
de_novo.Agm54242U_210909_035710_12322264_ccs.1:388-1386    -            333 53201at6656          -            334   8.9e-05   20.2   0.0   1   3   0.00069     0.025   12.1   0.0    13   118    22   129    14   130 0.81 -
de_novo.Agm54242U_210909_035710_12322264_ccs.1:388-1386    -            333 53201at6656          -            334   8.9e-05   20.2   0.0   2   3   0.00034     0.012   13.1   0.0     9    48   102   140    96   222 0.72 -
de_novo.Agm54242U_210909_035710_12322264_ccs.1:388-1386    -            333 53201at6656          -            334   8.9e-05   20.2   0.0   3   3       1.6        59    1.0   0.0   158   190   221   259   194   274 0.71 -
de_novo.Agm54242U_210819_213017_8324301_ccs.1:527-1129     -            201 53201at6656          -            334     9e-05   20.2   0.1   1   2      0.25       9.1    3.7   0.0   210   234    61    85    14    97 0.78 -
de_novo.Agm54242U_210819_213017_8324301_ccs.1:527-1129     -            201 53201at6656          -            334     9e-05   20.2   0.1   2   2   0.00012    0.0045   14.6   0.1   174   229   106   166   100   179 0.81 -
de_novo.Agm54242U_210819_213017_65930019_ccs.1:0-1559      -            520 53201at6656          -            334   9.2e-05   20.1   0.1   1   2     0.016      0.58    7.6   0.0   146   229    98   197    80   215 0.68 -
de_novo.Agm54242U_210819_213017_65930019_ccs.1:0-1559      -            520 53201at6656          -            334   9.2e-05   20.1   0.1   2   2    0.0024     0.089   10.3   0.1   159   193   241   281   225   309 0.83 -
de_novo.Agm54242U_210909_035710_162859086_ccs.1:132-1109   -            326 53201at6656          -            334   9.5e-05   20.1   0.0   1   4     0.016       0.6    7.6   0.0   175   230    73   136    53   150 0.65 -
de_novo.Agm54242U_210909_035710_162859086_ccs.1:132-1109   -            326 53201at6656          -            334   9.5e-05   20.1   0.0   2   4      0.79        29    2.1   0.0   210   232   190   213   167   220 0.73 -
de_novo.Agm54242U_210909_035710_162859086_ccs.1:132-1109   -            326 53201at6656          -            334   9.5e-05   20.1   0.0   3   4      0.49        18    2.7   0.0   210   226   291   307   228   312 0.48 -
de_novo.Agm54242U_210909_035710_162859086_ccs.1:132-1109   -            326 53201at6656          -            334   9.5e-05   20.1   0.0   4   4     0.059       2.2    5.8   0.0   173   208   291   325   278   326 0.85 -
de_novo.Agm54242U_210909_035710_29098324_ccs.1:144-863     -            240 53201at6656          -            334   9.9e-05   20.0   1.1   1   2    0.0013     0.047   11.2   0.6    97   210     6   143     1   179 0.58 -
de_novo.Agm54242U_210909_035710_29098324_ccs.1:144-863     -            240 53201at6656          -            334   9.9e-05   20.0   1.1   2   2      0.52        19    2.6   0.0   173   210   184   220   172   240 0.76 -
de_novo.Agm54242U_210909_035710_173475213_ccs.1:991-1458   -            156 53201at6656          -            334   0.00011   19.9   0.0   1   2    0.0084      0.31    8.5   0.0   197   234    16    59    10    66 0.70 -
de_novo.Agm54242U_210909_035710_173475213_ccs.1:991-1458   -            156 53201at6656          -            334   0.00011   19.9   0.0   2   2      0.05       1.8    6.0   0.0     7    40   122   155   115   156 0.90 -
de_novo.Agm54242U_210909_035710_143328646_ccs.1:15-572     -            186 53201at6656          -            334   0.00012   19.7   0.5   1   2   0.00012    0.0045   14.6   0.1   174   229     6    66     4    78 0.80 -
de_novo.Agm54242U_210909_035710_143328646_ccs.1:15-572     -            186 53201at6656          -            334   0.00012   19.7   0.5   2   2      0.51        19    2.7   0.0    69   119    89   140    70   151 0.64 -
de_novo.Agm54242U_210819_213017_173146112_ccs.1:21-866     -            282 53201at6656          -            334   0.00013   19.6   3.4   1   3      0.32        12    3.3   0.1   174   201     7    35     4    78 0.64 -
de_novo.Agm54242U_210819_213017_173146112_ccs.1:21-866     -            282 53201at6656          -            334   0.00013   19.6   3.4   2   3         6   2.2e+02   -0.8   0.0   316   331   151   166   132   169 0.83 -
de_novo.Agm54242U_210819_213017_173146112_ccs.1:21-866     -            282 53201at6656          -            334   0.00013   19.6   3.4   3   3   7.3e-05    0.0027   15.3   0.2   158   224   206   282   187   282 0.70 -
de_novo.Agm54242Ue_220404_200923_72024242_ccs.1:61-807     -            249 53201at6656          -            334   0.00014   19.5   3.0   1   2   0.00018    0.0067   14.0   0.1   176   231    20    80    16    97 0.75 -
de_novo.Agm54242Ue_220404_200923_72024242_ccs.1:61-807     -            249 53201at6656          -            334   0.00014   19.5   3.0   2   2      0.12       4.3    4.8   0.0   174   227   105   163   100   189 0.71 -
de_novo.Agm54242U_210909_035710_171051164_ccs.1:1454-2116  -            221 53201at6656          -            334    0.0002   19.0   0.1   1   2   1.4e-05   0.00051   17.7   0.1     5    56    18    70    14    98 0.77 -
de_novo.Agm54242U_210909_035710_171051164_ccs.1:1454-2116  -            221 53201at6656          -            334    0.0002   19.0   0.1   2   2       4.6   1.7e+02   -0.5   0.0   162   190    71   105    62   118 0.69 -
de_novo.AGAP005891-RA.1:234-878                            -            215 53201at6656          -            334   0.00021   18.9   0.1   1   2   0.00078     0.029   11.9   0.1   174   226    18    83    10    88 0.80 -
de_novo.AGAP005891-RA.1:234-878                            -            215 53201at6656          -            334   0.00021   18.9   0.1   2   2     0.082         3    5.3   0.0     5    71    88   154    84   172 0.77 -
de_novo.Agm54242U_210819_213017_141886695_ccs.1:234-878    -            215 53201at6656          -            334   0.00021   18.9   0.1   1   2   0.00078     0.029   11.9   0.1   174   226    18    83    10    88 0.80 -
de_novo.Agm54242U_210819_213017_141886695_ccs.1:234-878    -            215 53201at6656          -            334   0.00021   18.9   0.1   2   2     0.082         3    5.3   0.0     5    71    88   154    84   172 0.77 -
de_novo.Agseq_108524.1:921-1565                            -            215 53201at6656          -            334   0.00021   18.9   0.1   1   2   0.00078     0.029   11.9   0.1   174   226    18    83    10    88 0.80 -
de_novo.Agseq_108524.1:921-1565                            -            215 53201at6656          -            334   0.00021   18.9   0.1   2   2     0.082         3    5.3   0.0     5    71    88   154    84   172 0.77 -
de_novo.Agseq_134206.1:481-2133                            -            551 53201at6656          -            334   0.00022   18.9   0.4   1   2       2.8     1e+02    0.2   0.0     8    44     5    41     3    45 0.81 -
de_novo.Agseq_134206.1:481-2133                            -            551 53201at6656          -            334   0.00022   18.9   0.4   2   2   3.6e-05    0.0013   16.3   0.3   158   230    44   127    40   139 0.80 -
de_novo.Agm54242Ue_220404_200923_23462404_ccs.1:0-1025     -            342 53201at6656          -            334   0.00025   18.7   0.8   1   2       5.3   1.9e+02   -0.7   0.0   132   187   156   179   146   189 0.48 -
de_novo.Agm54242Ue_220404_200923_23462404_ccs.1:0-1025     -            342 53201at6656          -            334   0.00025   18.7   0.8   2   2   3.3e-05    0.0012   16.4   0.7   132   212   198   287   173   291 0.78 -
de_novo.Agm54242U_210909_035710_131402399_ccs.1:307-1518   -            404 53201at6656          -            334   0.00025   18.7   0.1   1   2     0.064       2.4    5.6   0.0   175   229    21    81     2    95 0.74 -
de_novo.Agm54242U_210909_035710_131402399_ccs.1:307-1518   -            404 53201at6656          -            334   0.00025   18.7   0.1   2   2     0.002     0.074   10.6   0.1   160   193   126   165   123   190 0.80 -
de_novo.Agm54242U_210909_035710_163054641_ccs.1:2-583      -            194 53201at6656          -            334   0.00048   17.8   0.2   1   3       3.3   1.2e+02    0.0   0.0   108   138     9    40     5    50 0.75 -
de_novo.Agm54242U_210909_035710_163054641_ccs.1:2-583      -            194 53201at6656          -            334   0.00048   17.8   0.2   2   3   0.00049     0.018   12.6   0.0   177   229    56   113    50   123 0.82 -
de_novo.Agm54242U_210909_035710_163054641_ccs.1:2-583      -            194 53201at6656          -            334   0.00048   17.8   0.2   3   3      0.23       8.3    3.8   0.0    32   118   100   187    96   192 0.72 -
de_novo.Agm54242U_210819_213017_125700578_ccs.1:66-902     -            279 53201at6656          -            334   0.00049   17.7   0.2   1   3      0.54        20    2.6   0.1   208   225    99   116    50   126 0.58 -
de_novo.Agm54242U_210819_213017_125700578_ccs.1:66-902     -            279 53201at6656          -            334   0.00049   17.7   0.2   2   3      0.22       8.2    3.8   0.0   173   225   101   159    94   163 0.58 -
de_novo.Agm54242U_210819_213017_125700578_ccs.1:66-902     -            279 53201at6656          -            334   0.00049   17.7   0.2   3   3    0.0015     0.054   11.0   0.0   155   232   163   254   157   273 0.74 -
de_novo.Agm54242Ue_220404_200923_72418585_ccs.1:33-1922    -            630 53201at6656          -            334   0.00053   17.6   0.0   1   1   2.2e-05   0.00082   17.0   0.0   156   230    83   169    75   173 0.78 -
de_novo.Agseq_130718.1:277-906                             -            210 53201at6656          -            334   0.00062   17.4   0.0   1   2   9.3e-05    0.0034   15.0   0.0   173   232    63   128    52   138 0.69 -
de_novo.Agseq_130718.1:277-906                             -            210 53201at6656          -            334   0.00062   17.4   0.0   2   2       4.7   1.7e+02   -0.5   0.0    68   110   151   194   140   206 0.72 -
de_novo.AGAP028215-RA.1:519-1523                           -            335 53201at6656          -            334   0.00063   17.4   0.0   1   2   0.00011    0.0039   14.8   0.0   167   235   144   223    84   231 0.77 -
de_novo.AGAP028215-RA.1:519-1523                           -            335 53201at6656          -            334   0.00063   17.4   0.0   2   2       7.6   2.8e+02   -1.2   0.0     5    37   302   334   291   335 0.89 -
de_novo.Agseq_83051.1:0-1484                               -            495 53201at6656          -            334   0.00064   17.3   1.2   1   2   0.00021    0.0076   13.8   0.1   174   224    76   127    27   150 0.73 -
de_novo.Agseq_83051.1:0-1484                               -            495 53201at6656          -            334   0.00064   17.3   1.2   2   2       1.7        63    0.9   0.0    27    52   310   335   285   345 0.69 -
de_novo.Agm54242U_210909_035710_79495349_ccs.1:154-642     -            163 53201at6656          -            334   0.00065   17.3   1.3   1   2       0.7        26    2.2   0.0   173   192    16    35     4    42 0.75 -
de_novo.Agm54242U_210909_035710_79495349_ccs.1:154-642     -            163 53201at6656          -            334   0.00065   17.3   1.3   2   2   0.00031     0.011   13.2   0.2   175   232    62   125    59   141 0.77 -
de_novo.Agm54242U_210909_035710_7341840_ccs.1:1497-2240    -            248 53201at6656          -            334   0.00066   17.3   0.2   1   3      0.44        16    2.9   0.0   210   234    39    63     3    75 0.83 -
de_novo.Agm54242U_210909_035710_7341840_ccs.1:1497-2240    -            248 53201at6656          -            334   0.00066   17.3   0.2   2   3    0.0074      0.27    8.7   0.2   174   229    84   135    79   149 0.78 -
de_novo.Agm54242U_210909_035710_7341840_ccs.1:1497-2240    -            248 53201at6656          -            334   0.00066   17.3   0.2   3   3       0.2       7.5    4.0   0.0    34   119   124   209   124   220 0.68 -
de_novo.Agm54242U_210909_035710_10291193_ccs.1:0-1211      -            404 53201at6656          -            334   0.00079   17.1   0.0   1   2     0.085       3.1    5.2   0.0   174   229    84   150    80   172 0.66 -
de_novo.Agm54242U_210909_035710_10291193_ccs.1:0-1211      -            404 53201at6656          -            334   0.00079   17.1   0.0   2   2    0.0043      0.16    9.5   0.0   174   235   249   316   240   323 0.80 -
de_novo.Agm54242Ue_220404_200923_155518806_ccs.1:102-950   -            283 53201at6656          -            334   0.00091   16.8   0.9   1   1   0.00064     0.024   12.2   0.2   175   232    63   126    61   137 0.78 -
de_novo.Agm54242U_210909_035710_121702497_ccs.1:0-773      -            258 53201at6656          -            334    0.0011   16.6   0.2   1   2     0.087       3.2    5.2   0.0   173   225    49   105    44   124 0.74 -
de_novo.Agm54242U_210909_035710_121702497_ccs.1:0-773      -            258 53201at6656          -            334    0.0011   16.6   0.2   2   2      0.01      0.38    8.3   0.0     3    44   193   234   191   251 0.74 -
de_novo.Agm54242U_210909_035710_161022849_ccs.1:0-1439     -            480 53201at6656          -            334    0.0014   16.3   0.0   1   2      0.11       4.2    4.8   0.0   174   229   108   174   104   194 0.65 -
de_novo.Agm54242U_210909_035710_161022849_ccs.1:0-1439     -            480 53201at6656          -            334    0.0014   16.3   0.0   2   2    0.0057      0.21    9.1   0.0   174   235   325   392   317   399 0.80 -
de_novo.AGAP001414-RA.1:0-1526                             -            509 53201at6656          -            334    0.0027   15.3   0.0   1   3       3.1   1.1e+02    0.1   0.1   173   214   227   269   224   291 0.60 -
de_novo.AGAP001414-RA.1:0-1526                             -            509 53201at6656          -            334    0.0027   15.3   0.0   2   3       1.5        54    1.2   0.0   173   210   277   314   269   338 0.65 -
de_novo.AGAP001414-RA.1:0-1526                             -            509 53201at6656          -            334    0.0027   15.3   0.0   3   3    0.0039      0.14    9.6   0.0     4    44   340   380   337   419 0.90 -
de_novo.Agm54242U_210909_035710_173474424_ccs.1:2-1657     -            552 53201at6656          -            334    0.0028   15.3   0.0   1   2      0.14       5.3    4.5   0.0   174   229   266   332   263   351 0.64 -
de_novo.Agm54242U_210909_035710_173474424_ccs.1:2-1657     -            552 53201at6656          -            334    0.0028   15.3   0.0   2   2    0.0091      0.33    8.4   0.0   174   234   483   549   475   552 0.78 -
de_novo.Agseq_71350.1:1621-2124                            -            168 53201at6656          -            334    0.0029   15.2   8.0   1   1    0.0001    0.0037   14.8   8.0   259   293   127   163   106   167 0.76 -
de_novo.Agseq_5213.1:49-348                                -            100 53201at6656          -            334    0.0031   15.1   0.0   1   2   0.00056     0.021   12.4   0.0   173   227    20    80     2    84 0.80 -
de_novo.Agseq_5213.1:49-348                                -            100 53201at6656          -            334    0.0031   15.1   0.0   2   2     0.013      0.47    7.9   0.0   159   207    43    96    41    99 0.71 -
de_novo.Agm54242U_210909_035710_152830080_ccs.1:25-885     -            287 53201at6656          -            334    0.0042   14.7   0.0   1   2     0.015      0.55    7.7   0.0   174   207   124   156    93   181 0.66 -
de_novo.Agm54242U_210909_035710_152830080_ccs.1:25-885     -            287 53201at6656          -            334    0.0042   14.7   0.0   2   2      0.12       4.4    4.7   0.0   173   225   213   269   208   277 0.73 -
de_novo.Agseq_161173.1:30-302                              -             91 53201at6656          -            334    0.0043   14.6   0.1   1   2    0.0021     0.076   10.5   0.1   175   225     2    57     1    60 0.74 -
de_novo.Agseq_161173.1:30-302                              -             91 53201at6656          -            334    0.0043   14.6   0.1   2   2     0.016      0.58    7.6   0.0   159   192    22    61    19    76 0.69 -
de_novo.Agseq_137035.1:143-991                             -            283 53201at6656          -            334    0.0049   14.4   0.0   1   3      0.27       9.8    3.6   0.0   210   230    11    31     6    41 0.80 -
de_novo.Agseq_137035.1:143-991                             -            283 53201at6656          -            334    0.0049   14.4   0.0   2   3      0.12       4.3    4.8   0.0    11    43    82   114    52   153 0.71 -
de_novo.Agseq_137035.1:143-991                             -            283 53201at6656          -            334    0.0049   14.4   0.0   3   3      0.61        22    2.4   0.0   173   189   229   245   222   264 0.86 -
de_novo.AGAP003891-RA.1:81-965                             -            295 53201at6656          -            334    0.0052   14.4   0.0   1   2    0.0029      0.11   10.1   0.0   173   228    15    78     1    82 0.70 -
de_novo.AGAP003891-RA.1:81-965                             -            295 53201at6656          -            334    0.0052   14.4   0.0   2   2    0.0051      0.19    9.2   0.0   161   207    41    95    36   128 0.68 -
de_novo.Agseq_165207.1:0-2283                              -            748 53201at6656          -            334    0.0054   14.3   1.1   1   3     0.042       1.5    6.2   0.0   145   224   201   296   185   303 0.67 -
de_novo.Agseq_165207.1:0-2283                              -            748 53201at6656          -            334    0.0054   14.3   1.1   2   3       5.8   2.1e+02   -0.8   0.0   129   159   425   455   414   485 0.73 -
de_novo.Agseq_165207.1:0-2283                              -            748 53201at6656          -            334    0.0054   14.3   1.1   3   3      0.37        13    3.1   0.0     6    41   551   586   539   606 0.68 -
de_novo.AGAP001036-RA.1:0-995                              -            332 53201at6656          -            334    0.0058   14.2   0.1   1   3      0.84        31    2.0   0.0   175   209    11    44     6    77 0.58 -
de_novo.AGAP001036-RA.1:0-995                              -            332 53201at6656          -            334    0.0058   14.2   0.1   2   3     0.031       1.1    6.7   0.0   210   240    92   122    49   130 0.72 -
de_novo.AGAP001036-RA.1:0-995                              -            332 53201at6656          -            334    0.0058   14.2   0.1   3   3       1.1        42    1.5   0.0   173   209   274   309   256   314 0.85 -
de_novo.Agm54242U_210909_035710_120324147_ccs.1:8-262      -             85 53201at6656          -            334    0.0059   14.2   0.0   1   1   0.00018    0.0066   14.0   0.0   184   231     5    57     1    77 0.50 -
de_novo.Agm54242U_210909_035710_34800818_ccs.1:417-1178    -            254 53201at6656          -            334    0.0062   14.1   0.0   1   1   0.00072     0.027   12.0   0.0   167   231   178   253   119   254 0.76 -
de_novo.Agm54242Ue_220404_200923_154929318_ccs.1:0-1085    -            362 53201at6656          -            334    0.0093   13.5   0.0   1   2    0.0016     0.057   10.9   0.0     4    41   255   292   252   301 0.90 -
de_novo.Agm54242Ue_220404_200923_154929318_ccs.1:0-1085    -            362 53201at6656          -            334    0.0093   13.5   0.0   2   2       3.4   1.3e+02   -0.0   0.0   107   138   318   350   296   357 0.69 -
de_novo.Agm54242U_210909_035710_120259775_ccs.1:15-2420    -            802 53201at6656          -            334     0.012   13.1   1.1   1   2     0.024      0.87    7.1   0.2    66   227   156   346   117   349 0.61 -
de_novo.Agm54242U_210909_035710_120259775_ccs.1:15-2420    -            802 53201at6656          -            334     0.012   13.1   1.1   2   2      0.18       6.4    4.2   0.0   169   196   369   396   350   410 0.81 -
de_novo.Agm54242U_210909_035710_121176390_ccs.1:1630-1971  -            114 53201at6656          -            334     0.013   13.1   0.0   1   2    0.0022     0.082   10.4   0.0   174   226    17    74    12    82 0.78 -
de_novo.Agm54242U_210909_035710_121176390_ccs.1:1630-1971  -            114 53201at6656          -            334     0.013   13.1   0.0   2   2       2.9   1.1e+02    0.2   0.0    10    39    84   113    75   114 0.75 -
de_novo.Agm54242U_210909_035710_179374067_ccs.1:0-2771     -            924 53201at6656          -            334     0.016   12.8   1.3   1   3     0.058       2.1    5.8   0.0   145   224   201   296   186   302 0.66 -
de_novo.Agm54242U_210909_035710_179374067_ccs.1:0-2771     -            924 53201at6656          -            334     0.016   12.8   1.3   2   3       7.9   2.9e+02   -1.2   0.0   129   158   437   466   426   492 0.72 -
de_novo.Agm54242U_210909_035710_179374067_ccs.1:0-2771     -            924 53201at6656          -            334     0.016   12.8   1.3   3   3      0.47        17    2.8   0.0     6    41   563   598   551   618 0.68 -
de_novo.Agm54242Ue_220404_200923_120391357_ccs.1:105-398   -             98 53201at6656          -            334     0.016   12.8   9.4   1   1   0.00053      0.02   12.5   9.4   259   278    79    98    27    98 0.86 -
de_novo.AGAP000981-RA.1:141-857                            -            239 53201at6656          -            334     0.016   12.7   0.0   1   2     0.062       2.3    5.7   0.0   162   232     1    84     1    97 0.62 -
de_novo.AGAP000981-RA.1:141-857                            -            239 53201at6656          -            334     0.016   12.7   0.0   2   2     0.095       3.5    5.1   0.0   194   233    98   134    93   141 0.75 -
de_novo.Agm54242Ue_220404_200923_101910193_ccs.1:30-632    -            201 53201at6656          -            334     0.018   12.6   1.1   1   2    0.0036      0.13    9.8   0.1   174   228    13    75     6    85 0.81 -
de_novo.Agm54242Ue_220404_200923_101910193_ccs.1:30-632    -            201 53201at6656          -            334     0.018   12.6   1.1   2   2     0.053       1.9    5.9   0.1   174   227    58   116    32   147 0.75 -
de_novo.Agm54242Ue_220404_200923_61278135_ccs.1:93-695     -            201 53201at6656          -            334     0.018   12.6   1.1   1   2    0.0036      0.13    9.8   0.1   174   228    13    75     6    85 0.81 -
de_novo.Agm54242Ue_220404_200923_61278135_ccs.1:93-695     -            201 53201at6656          -            334     0.018   12.6   1.1   2   2     0.053       1.9    5.9   0.1   174   227    58   116    32   147 0.75 -
de_novo.Agm54242Ue_220404_200923_95224254_ccs.1:66-668     -            201 53201at6656          -            334     0.018   12.6   1.1   1   2    0.0036      0.13    9.8   0.1   174   228    13    75     6    85 0.81 -
de_novo.Agm54242Ue_220404_200923_95224254_ccs.1:66-668     -            201 53201at6656          -            334     0.018   12.6   1.1   2   2     0.053       1.9    5.9   0.1   174   227    58   116    32   147 0.75 -
de_novo.Agm54242Ue_220404_200923_119603605_ccs.1:311-892   -            194 53201at6656          -            334     0.018   12.6   1.0   1   2    0.0044      0.16    9.5   0.1   174   227     6    67     2    72 0.81 -
de_novo.Agm54242Ue_220404_200923_119603605_ccs.1:311-892   -            194 53201at6656          -            334     0.018   12.6   1.0   2   2     0.065       2.4    5.6   0.0   174   227    51   109    45   139 0.72 -
de_novo.Agm54242Ue_220404_200923_119603605_ccs.1:30-335    -            102 53201at6656          -            334     0.019   12.5   0.1   1   2    0.0072      0.27    8.7   0.1   173   226    19    82     1    86 0.67 -
de_novo.Agm54242Ue_220404_200923_119603605_ccs.1:30-335    -            102 53201at6656          -            334     0.019   12.5   0.1   2   2     0.062       2.3    5.7   0.0   175   195    68    88    48    99 0.81 -
de_novo.Agm54242Ue_220404_200923_158336798_ccs.1:30-320    -             97 53201at6656          -            334     0.019   12.5   0.1   1   1     0.063       2.3    5.7   0.0   175   195    68    88    47    96 0.80 -
de_novo.Agseq_103072.1:6-296                               -             97 53201at6656          -            334     0.019   12.5   0.1   1   1     0.063       2.3    5.7   0.0   175   195    68    88    47    96 0.80 -
de_novo.Agm54242U_210909_035710_153485711_ccs.1:0-2954     -            985 53201at6656          -            334     0.023   12.2   1.3   1   2     0.033       1.2    6.6   0.2    66   227   339   529   300   533 0.61 -
de_novo.Agm54242U_210909_035710_153485711_ccs.1:0-2954     -            985 53201at6656          -            334     0.023   12.2   1.3   2   2      0.22         8    3.9   0.1   169   196   552   579   533   594 0.81 -
de_novo.Agm54242U_210819_213017_106628157_ccs.1:156-1004   -            283 53201at6656          -            334     0.029   11.9   0.3   1   2     0.006      0.22    9.0   0.0   174   227     7    65     4    74 0.80 -
de_novo.Agm54242U_210819_213017_106628157_ccs.1:156-1004   -            283 53201at6656          -            334     0.029   11.9   0.3   2   2       7.1   2.6e+02   -1.1   0.0   135   158   126   149   121   173 0.76 -
de_novo.Agm54242Ue_220404_200923_80742679_ccs.1:0-968      -            323 53201at6656          -            334     0.035   11.7   0.1   1   2       9.5   3.5e+02   -1.5   0.0    53    85     7    39     4    47 0.74 -
de_novo.Agm54242Ue_220404_200923_80742679_ccs.1:0-968      -            323 53201at6656          -            334     0.035   11.7   0.1   2   2    0.0032      0.12    9.9   0.0   174   231   124   184   120   195 0.74 -
de_novo.Agseq_12080.1:918-1349                             -            144 53201at6656          -            334     0.037   11.6   8.7   1   1    0.0015     0.055   11.0   8.7   258   294   100   137    52   142 0.85 -
de_novo.Agm54242U_210909_035710_145230425_ccs.1:131-775    -            215 53201at6656          -            334     0.037   11.6   0.0   1   2      0.16         6    4.3   0.0   210   230    15    35     6    46 0.81 -
de_novo.Agm54242U_210909_035710_145230425_ccs.1:131-775    -            215 53201at6656          -            334     0.037   11.6   0.0   2   2     0.067       2.4    5.6   0.0    11   227    86   118    51   158 0.70 -
de_novo.AGAP005429-RA.1:0-1001                             -            334 53201at6656          -            334     0.038   11.5   0.1   1   1    0.0033      0.12    9.9   0.0   174   231   135   195   131   206 0.74 -
de_novo.Agm54242U_210819_213017_150929848_ccs.1:1161-1721  -            187 53201at6656          -            334     0.068   10.7   8.7   1   1    0.0027     0.098   10.2   8.7   258   294   143   180    94   185 0.86 -
de_novo.Agm54242U_210819_213017_107872959_ccs.1:63-368     -            102 53201at6656          -            334       0.2    9.1   5.0   1   1    0.0067      0.25    8.9   5.0   238   309    14    90     4   101 0.72 -
de_novo.AGAP001555-RA.1:336-1220                           -            295 53201at6656          -            334      0.87    7.0  12.3   1   2   0.00083      0.03   11.8   3.3   194   277   117   205   102   222 0.76 -
de_novo.AGAP001555-RA.1:336-1220                           -            295 53201at6656          -            334      0.87    7.0  12.3   2   2       1.9        71    0.8   0.8   238   271   249   283   234   287 0.76 -
#
# Program:         hmmsearch
# Version:         3.1b2 (February 2015)
# Pipeline mode:   SEARCH
# Query file:      /hpcdata/bcbb/homc/Barillaslab/Agam_hemo_transcriptomes/scripts/compare_txomes/busco/busco_downloads/lineages/arthropoda_odb10/hmms/53201at6656.hmm
# Target file:     /hpcdata/bcbb/homc/Barillaslab/Agam_hemo_transcriptomes/scripts/compare_txomes/busco/denovo_Agamhemo_BUSCO/run_arthropoda_odb10/metaeuk_output/initial_results/de_novo_transcriptome_with_genome_hits_and_expression_filtering.gffread.fa.modified.fas
# Option settings: hmmsearch --domtblout /hpcdata/bcbb/homc/Barillaslab/Agam_hemo_transcriptomes/scripts/compare_txomes/busco/denovo_Agamhemo_BUSCO/run_arthropoda_odb10/hmmer_output/initial_run_results/53201at6656.out --cpu 1 /hpcdata/bcbb/homc/Barillaslab/Agam_hemo_transcriptomes/scripts/compare_txomes/busco/busco_downloads/lineages/arthropoda_odb10/hmms/53201at6656.hmm /hpcdata/bcbb/homc/Barillaslab/Agam_hemo_transcriptomes/scripts/compare_txomes/busco/denovo_Agamhemo_BUSCO/run_arthropoda_odb10/metaeuk_output/initial_results/de_novo_transcriptome_with_genome_hits_and_expression_filtering.gffread.fa.modified.fas 
# Current dir:     /hpcdata/bcbb/homc/Barillaslab/Agam_hemo_transcriptomes/scripts/compare_txomes/busco
# Date:            Sun Jan 29 12:59:27 2023
# [ok]
