#                                                                                                                --- full sequence --- -------------- this domain -------------   hmm coord   ali coord   env coord
# target name                                            accession   tlen query name           accession   qlen   E-value  score  bias   #  of  c-Evalue  i-Evalue  score  bias  from    to  from    to  from    to  acc description of target
#                                    ------------------- ---------- ----- -------------------- ---------- ----- --------- ------ ----- --- --- --------- --------- ------ ----- ----- ----- ----- ----- ----- ----- ---- ---------------------
de_novo.AGAP001827-RA.1:0-2903                           -            968 53298at6656          -            664  1.5e-277  920.6  16.7   1   2  1.3e-241  1.2e-239  795.3   1.9     2   501    20   572    19   627 0.91 -
de_novo.AGAP001827-RA.1:0-2903                           -            968 53298at6656          -            664  1.5e-277  920.6  16.7   2   2     2e-38   1.9e-36  123.9   7.2   510   664   698   894   691   894 0.79 -
de_novo.Agm54242U_210909_035710_3277163_ccs.1:30-1229    -            400 53298at6656          -            664  4.5e-195  648.1   0.6   1   1  5.4e-197    5e-195  647.9   0.6     2   375     3   400     2   400 0.95 -
de_novo.Agm54242U_210909_035710_49481246_ccs.1:6-818     -            271 53298at6656          -            664  4.8e-136  453.0   0.2   1   1  5.7e-138  5.3e-136  452.9   0.2     2   249    11   267    10   271 0.97 -
de_novo.Agm54242U_210819_213017_158337603_ccs.1:0-1826   -            609 53298at6656          -            664  2.6e-116  387.8   1.3   1   1  3.4e-118  3.2e-116  387.5   1.3     3   583     7   605     5   607 0.87 -
de_novo.Agm54242U_210909_035710_84347472_ccs.1:0-1790    -            597 53298at6656          -            664  4.4e-116  387.1   0.8   1   1  5.7e-118  5.4e-116  386.8   0.8     3   583     7   593     5   595 0.88 -
de_novo.Agm54242U_210909_035710_116000386_ccs.1:0-1802   -            601 53298at6656          -            664  4.2e-115  383.8   1.2   1   1  5.5e-117  5.2e-115  383.5   1.2     3   583     7   597     5   599 0.87 -
de_novo.Agm54242Ue_220404_200923_41287847_ccs.1:6-1823   -            606 53298at6656          -            664  3.7e-113  377.4   1.0   1   1  4.9e-115  4.6e-113  377.1   1.0     3   583     3   601     1   603 0.87 -
de_novo.Agm54242U_210819_213017_99680651_ccs.1:0-1757    -            586 53298at6656          -            664  4.7e-113  377.0   0.9   1   1  5.9e-115  5.5e-113  376.8   0.9     3   563     7   584     5   586 0.86 -
de_novo.Agm54242U_210819_213017_139855394_ccs.1:0-1721   -            574 53298at6656          -            664  3.3e-106  354.4  13.5   1   2  4.3e-100     4e-98  327.7   0.0     3   417     7   433     5   437 0.91 -
de_novo.Agm54242U_210819_213017_139855394_ccs.1:0-1721   -            574 53298at6656          -            664  3.3e-106  354.4  13.5   2   2   2.3e-09   2.2e-07   27.9  10.9   463   583   444   570   431   572 0.74 -
de_novo.Agm54242U_210909_035710_103811058_ccs.1:0-1775   -            592 53298at6656          -            664  3.7e-106  354.2   2.8   1   1  8.5e-108    8e-106  353.1   2.8     3   583     7   588     5   590 0.85 -
de_novo.Agm54242U_210909_035710_46138791_ccs.1:0-1697    -            566 53298at6656          -            664  4.6e-103  344.0   5.9   1   2   1.6e-89   1.5e-87  292.8   0.0     3   345     7   352     5   356 0.92 -
de_novo.Agm54242U_210909_035710_46138791_ccs.1:0-1697    -            566 53298at6656          -            664  4.6e-103  344.0   5.9   2   2   1.8e-16   1.7e-14   51.4   4.0   392   583   365   562   352   564 0.75 -
de_novo.Agm54242U_210909_035710_29100385_ccs.1:0-1719    -            571 53298at6656          -            664   1.1e-98  329.6   3.4   1   2   3.3e-23   3.1e-21   73.6   0.0     3    92     7    95     5   110 0.94 -
de_novo.Agm54242U_210909_035710_29100385_ccs.1:0-1719    -            571 53298at6656          -            664   1.1e-98  329.6   3.4   2   2   6.2e-78   5.8e-76  254.5   3.1   139   583   113   567   105   569 0.85 -
de_novo.Agm54242U_210819_213017_102893496_ccs.1:0-1295   -            432 53298at6656          -            664   3.5e-98  327.9   0.1   1   1  4.4e-100   4.1e-98  327.7   0.1     3   415     7   431     5   432 0.91 -
de_novo.AGAP004583-RA.1:9-1256                           -            416 53298at6656          -            664     1e-96  323.0   0.0   1   1   1.2e-98   1.2e-96  322.9   0.0     5   402     2   412     1   416 0.90 -
de_novo.Agm54242U_210909_035710_152043547_ccs.1:99-1853  -            585 53298at6656          -            664   2.5e-96  321.8   8.8   1   1   1.3e-97   1.2e-95  319.5   8.8     6   583     2   581     1   583 0.86 -
de_novo.Agm54242Ue_220404_200923_130023804_ccs.1:0-1256  -            419 53298at6656          -            664   5.1e-96  320.7   0.1   1   1   6.3e-98   5.9e-96  320.5   0.1     3   398     7   414     5   419 0.89 -
de_novo.Agm54242Ue_220404_200923_1509168_ccs.1:99-1862   -            588 53298at6656          -            664   3.4e-95  318.0   2.8   1   1   4.5e-97   4.2e-95  317.7   2.8     6   583     2   584     1   586 0.85 -
de_novo.Agm54242U_210819_213017_87165789_ccs.1:0-1475    -            492 53298at6656          -            664   1.1e-94  316.4  13.2   1   2   2.3e-90   2.2e-88  295.5   0.0     3   346     7   353     5   367 0.91 -
de_novo.Agm54242U_210819_213017_87165789_ccs.1:0-1475    -            492 53298at6656          -            664   1.1e-94  316.4  13.2   2   2   1.5e-07   1.4e-05   21.9  11.0   465   583   364   488   356   490 0.75 -
de_novo.Agm54242U_210909_035710_36111434_ccs.1:99-1775   -            559 53298at6656          -            664   1.5e-92  309.3  10.5   1   2   6.2e-92   5.8e-90  300.7   0.2     6   442     2   454     1   460 0.89 -
de_novo.Agm54242U_210909_035710_36111434_ccs.1:99-1775   -            559 53298at6656          -            664   1.5e-92  309.3  10.5   2   2    0.0002     0.018   11.6   5.6   517   583   481   555   461   557 0.70 -
de_novo.Agm54242Ue_220404_200923_142213324_ccs.1:99-1803 -            565 53298at6656          -            664   5.1e-92  307.5   4.5   1   2   3.8e-13   3.6e-11   40.4   0.0     6    63     2    59     1    67 0.91 -
de_novo.Agm54242Ue_220404_200923_142213324_ccs.1:99-1803 -            565 53298at6656          -            664   5.1e-92  307.5   4.5   2   2   1.1e-81   1.1e-79  266.8   3.3   103   583    70   561    60   563 0.85 -
de_novo.Agm54242U_210909_035710_6753023_ccs.1:99-1832    -            578 53298at6656          -            664   6.8e-91  303.8   5.4   1   1   2.1e-91     2e-89  299.0   5.4     6   583     2   574     1   576 0.85 -
de_novo.Agm54242Ue_220404_200923_64096396_ccs.1:99-1835  -            579 53298at6656          -            664   1.2e-90  303.0  17.8   1   2   5.1e-92   4.8e-90  301.0   0.7     6   444     2   456     1   474 0.88 -
de_novo.Agm54242Ue_220404_200923_64096396_ccs.1:99-1835  -            579 53298at6656          -            664   1.2e-90  303.0  17.8   2   2    0.0037      0.35    7.4  11.0   470   583   455   575   450   577 0.63 -
de_novo.Agm54242U_210819_213017_150997244_ccs.1:106-1638 -            511 53298at6656          -            664   6.9e-90  300.5   2.8   1   1   9.5e-92   8.9e-90  300.1   2.8   100   583    11   507     4   509 0.86 -
de_novo.Agm54242U_210909_035710_89590114_ccs.1:99-1709   -            537 53298at6656          -            664   1.1e-88  296.5  16.3   1   2   2.2e-88   2.1e-86  289.0   0.5     6   388     2   394     1   408 0.89 -
de_novo.Agm54242U_210909_035710_89590114_ccs.1:99-1709   -            537 53298at6656          -            664   1.1e-88  296.5  16.3   2   2   0.00012     0.011   12.3   9.5   465   583   408   533   399   535 0.74 -
de_novo.Agm54242U_210819_213017_143001638_ccs.1:0-1571   -            524 53298at6656          -            664   4.3e-86  287.9   7.1   1   2   1.6e-29   1.5e-27   94.5   0.0     3   127     7   136     5   139 0.91 -
de_novo.Agm54242U_210819_213017_143001638_ccs.1:0-1571   -            524 53298at6656          -            664   4.3e-86  287.9   7.1   2   2   1.8e-59   1.7e-57  193.5   5.7   222   583   137   520   135   522 0.83 -
de_novo.Agm54242U_210909_035710_32178443_ccs.1:99-1259   -            387 53298at6656          -            664   5.7e-86  287.5   0.4   1   1   7.5e-88     7e-86  287.2   0.4     6   370     2   376     1   381 0.90 -
de_novo.Agm54242U_210819_213017_50398266_ccs.1:0-1535    -            512 53298at6656          -            664   1.3e-85  286.3   6.2   1   2   6.7e-33   6.3e-31  105.7   0.0    70   202     4   143     1   144 0.87 -
de_novo.Agm54242U_210819_213017_50398266_ccs.1:0-1535    -            512 53298at6656          -            664   1.3e-85  286.3   6.2   2   2   3.8e-57   3.6e-55  185.8   5.2   230   583   133   508   132   510 0.83 -
de_novo.Agm54242U_210819_213017_118360338_ccs.1:213-1970 -            586 53298at6656          -            664   9.3e-80  267.0   1.3   1   1   1.2e-81   1.1e-79  266.7   1.3     5   558     1   561     1   584 0.84 -
de_novo.Agm54242U_210909_035710_88408964_ccs.1:99-1535   -            479 53298at6656          -            664   4.2e-79  264.9  11.3   1   2   7.3e-74   6.9e-72  241.0   0.6     6   326     2   323     1   327 0.92 -
de_novo.Agm54242U_210909_035710_88408964_ccs.1:99-1535   -            479 53298at6656          -            664   4.2e-79  264.9  11.3   2   2   1.4e-09   1.3e-07   28.6   4.7   441   583   327   475   321   477 0.77 -
de_novo.Agm54242Ue_220404_200923_65669194_ccs.1:2-1489   -            496 53298at6656          -            664   1.4e-77  259.8   3.7   1   2   2.6e-14   2.4e-12   44.2   0.0     3    62     7    65     5    66 0.92 -
de_novo.Agm54242Ue_220404_200923_65669194_ccs.1:2-1489   -            496 53298at6656          -            664   1.4e-77  259.8   3.7   2   2   4.2e-66   3.9e-64  215.4   3.5   165   583    64   492    60   494 0.84 -
de_novo.Agm54242U_210819_213017_119146059_ccs.1:233-1813 -            527 53298at6656          -            664   2.5e-75  252.4   0.4   1   1   3.1e-77   2.9e-75  252.2   0.4     5   489     1   493     1   524 0.86 -
de_novo.Agm54242U_210909_035710_147981373_ccs.1:17-1714  -            566 53298at6656          -            664   6.3e-75  251.1   1.0   1   1   8.1e-77   7.6e-75  250.8   1.0    27   558     2   541     1   564 0.84 -
de_novo.Agm54242U_210819_213017_56036173_ccs.1:105-1574  -            490 53298at6656          -            664   6.5e-75  251.0   0.1   1   1   7.8e-77   7.3e-75  250.8   0.1     5   484     1   488     1   490 0.87 -
de_novo.Agm54242U_210819_213017_146541133_ccs.1:9-1463   -            485 53298at6656          -            664   2.6e-74  249.0   0.0   1   1   3.2e-76     3e-74  248.8   0.0     5   474     1   485     1   485 0.88 -
de_novo.Agm54242U_210819_213017_42402018_ccs.1:9-1463    -            485 53298at6656          -            664   2.6e-74  249.0   0.0   1   1   3.2e-76     3e-74  248.8   0.0     5   474     1   485     1   485 0.88 -
de_novo.Agm54242U_210909_035710_89982523_ccs.1:9-1463    -            485 53298at6656          -            664   2.6e-74  249.0   0.0   1   1   3.2e-76     3e-74  248.8   0.0     5   474     1   485     1   485 0.88 -
de_novo.Agm54242U_210909_035710_4917974_ccs.1:229-1884   -            552 53298at6656          -            664   5.3e-74  248.0   1.1   1   2   2.4e-13   2.3e-11   41.0   0.0     5    80     1    76     1    81 0.91 -
de_novo.Agm54242U_210909_035710_4917974_ccs.1:229-1884   -            552 53298at6656          -            664   5.3e-74  248.0   1.1   2   2   4.8e-64   4.5e-62  208.6   0.4   106   558    72   527    71   550 0.83 -
de_novo.Agm54242U_210909_035710_99027755_ccs.1:213-1706  -            498 53298at6656          -            664   1.8e-73  246.3   0.1   1   1   2.3e-75   2.1e-73  246.0   0.1     5   476     1   480     1   492 0.86 -
de_novo.Agm54242U_210819_213017_108005058_ccs.1:0-1274   -            425 53298at6656          -            664   1.2e-66  223.6   5.8   1   2   6.2e-52   5.8e-50  168.6   0.0     3   182     7   194     5   201 0.92 -
de_novo.Agm54242U_210819_213017_108005058_ccs.1:0-1274   -            425 53298at6656          -            664   1.2e-66  223.6   5.8   2   2   4.8e-18   4.5e-16   56.6   3.5   364   583   194   421   190   423 0.76 -
de_novo.Agm54242U_210819_213017_141755029_ccs.1:15-842   -            276 53298at6656          -            664   3.7e-66  222.1   0.0   1   1   4.6e-68   4.3e-66  221.9   0.0     4   276     3   275     1   276 0.91 -
de_novo.Agm54242U_210819_213017_27852829_ccs.1:159-557   -            133 53298at6656          -            664   6.6e-66  221.2   0.0   1   1   7.8e-68   7.3e-66  221.1   0.0     2   126     3   132     2   133 0.96 -
de_novo.Agm54242U_210909_035710_98830131_ccs.1:84-971    -            296 53298at6656          -            664   3.3e-64  215.6   0.1   1   1   4.2e-66     4e-64  215.4   0.1     3   289     4   290     3   296 0.91 -
de_novo.Agm54242U_210819_213017_165415761_ccs.1:0-1232   -            411 53298at6656          -            664   1.1e-63  213.9   4.9   1   2   7.4e-49   6.9e-47  158.4   0.0     3   174     7   186     5   189 0.92 -
de_novo.Agm54242U_210819_213017_165415761_ccs.1:0-1232   -            411 53298at6656          -            664   1.1e-63  213.9   4.9   2   2   1.1e-17     1e-15   55.4   3.1   373   583   191   407   187   409 0.76 -
de_novo.Agm54242Ue_220404_200923_95683754_ccs.1:78-1580  -            501 53298at6656          -            664   2.9e-63  212.5   0.2   1   2   3.8e-64   3.5e-62  208.9   0.0     4   372     3   361     1   380 0.91 -
de_novo.Agm54242Ue_220404_200923_95683754_ccs.1:78-1580  -            501 53298at6656          -            664   2.9e-63  212.5   0.2   2   2       5.9   5.5e+02   -3.2   0.0   454   484   451   480   428   485 0.71 -
de_novo.Agseq_134887.1:78-1580                           -            501 53298at6656          -            664   2.9e-63  212.5   0.2   1   2   3.8e-64   3.5e-62  208.9   0.0     4   372     3   361     1   380 0.91 -
de_novo.Agseq_134887.1:78-1580                           -            501 53298at6656          -            664   2.9e-63  212.5   0.2   2   2       5.9   5.5e+02   -3.2   0.0   454   484   451   480   428   485 0.71 -
de_novo.Agm54242U_210909_035710_111412688_ccs.1:78-1508  -            477 53298at6656          -            664   3.3e-63  212.3   0.0   1   1   3.6e-64   3.3e-62  209.0   0.0     4   372     3   361     1   375 0.91 -
de_novo.Agm54242U_210819_213017_86638711_ccs.1:2-1066    -            355 53298at6656          -            664   4.3e-63  212.0   8.0   1   2   9.4e-52   8.8e-50  168.0   0.0     3   179     7   191     5   198 0.92 -
de_novo.Agm54242U_210819_213017_86638711_ccs.1:2-1066    -            355 53298at6656          -            664   4.3e-63  212.0   8.0   2   2   1.7e-14   1.6e-12   44.8   5.5   439   583   202   351   191   353 0.77 -
de_novo.Agm54242U_210819_213017_115736678_ccs.1:0-1268   -            423 53298at6656          -            664   5.4e-62  208.3   6.1   1   2   1.7e-39   1.6e-37  127.4   0.1     3   149     7   161     5   169 0.91 -
de_novo.Agm54242U_210819_213017_115736678_ccs.1:0-1268   -            423 53298at6656          -            664   5.4e-62  208.3   6.1   2   2   8.3e-26   7.7e-24   82.2   3.0   346   583   174   419   161   421 0.80 -
de_novo.Agm54242U_210819_213017_13241096_ccs.1:21-1367   -            449 53298at6656          -            664   7.6e-60  201.2   2.3   1   1   1.1e-61     1e-59  200.8   2.3   155   583     9   445     2   447 0.84 -
de_novo.Agm54242U_210909_035710_22611286_ccs.1:279-1643  -            455 53298at6656          -            664   2.3e-58  196.4   1.1   1   1   2.9e-60   2.7e-58  196.1   1.1   129   558     1   430     1   453 0.83 -
de_novo.Agm54242U_210909_035710_177340713_ccs.1:530-1831 -            434 53298at6656          -            664   1.4e-55  187.1   2.5   1   1   1.8e-57   1.7e-55  186.8   2.5   165   583     4   430     1   432 0.84 -
de_novo.AGAP004581-RA.1:0-1082                           -            361 53298at6656          -            664   3.4e-54  182.5   0.3   1   1   4.5e-56   4.2e-54  182.3   0.3   242   579     8   361     2   361 0.85 -
de_novo.Agm54242U_210909_035710_90965050_ccs.1:84-818    -            245 53298at6656          -            664   4.8e-54  182.0   0.1   1   1   6.3e-56   5.9e-54  181.8   0.1     3   247     4   244     3   245 0.92 -
de_novo.Agm54242U_210909_035710_17432730_ccs.1:15-635    -            207 53298at6656          -            664   4.9e-54  182.0   0.0   1   1   5.8e-56   5.4e-54  181.9   0.0     4   201     3   206     1   207 0.92 -
de_novo.Agm54242U_210909_035710_103154072_ccs.1:21-809   -            263 53298at6656          -            664   3.9e-49  165.8  10.5   1   2   2.3e-16   2.1e-14   51.0   0.2   418   486     1    78     1    83 0.87 -
de_novo.Agm54242U_210909_035710_103154072_ccs.1:21-809   -            263 53298at6656          -            664   3.9e-49  165.8  10.5   2   2   6.5e-34     6e-32  109.0   5.9   528   664    84   261    78   261 0.79 -
de_novo.Agm54242U_210819_213017_96994642_ccs.1:15-503    -            163 53298at6656          -            664   1.6e-39  134.1   0.0   1   1   1.8e-41   1.7e-39  134.0   0.0     4   153     3   160     1   163 0.91 -
de_novo.Agm54242U_210819_213017_27852829_ccs.1:587-1324  -            246 53298at6656          -            664   1.6e-39  134.1  11.1   1   1   9.1e-40   8.5e-38  128.4   7.3   510   664    48   244    42   244 0.79 -
de_novo.Agm54242U_210819_213017_163318198_ccs.1:17-499   -            161 53298at6656          -            664   9.1e-39  131.6   0.0   1   1     1e-40   9.8e-39  131.5   0.0     4   150     3   157     1   161 0.91 -
de_novo.Agm54242U_210909_035710_27591283_ccs.1:3-671     -            223 53298at6656          -            664   3.1e-36  123.2   0.0   1   1   3.8e-38   3.6e-36  123.0   0.0   114   314     1   199     1   213 0.88 -
de_novo.Agm54242U_210909_035710_81920563_ccs.1:195-1163  -            323 53298at6656          -            664   8.5e-36  121.7   1.5   1   1   1.1e-37   9.9e-36  121.5   1.5   284   583     3   319     1   321 0.80 -
#
# Program:         hmmsearch
# Version:         3.1b2 (February 2015)
# Pipeline mode:   SEARCH
# Query file:      /hpcdata/bcbb/homc/Barillaslab/Agam_hemo_transcriptomes/scripts/compare_txomes/busco/busco_downloads/lineages/arthropoda_odb10/hmms/53298at6656.hmm
# Target file:     /hpcdata/bcbb/homc/Barillaslab/Agam_hemo_transcriptomes/scripts/compare_txomes/busco/denovo_Agamhemo_BUSCO/run_arthropoda_odb10/metaeuk_output/initial_results/de_novo_transcriptome_with_genome_hits_and_expression_filtering.gffread.fa.modified.fas
# Option settings: hmmsearch --domtblout /hpcdata/bcbb/homc/Barillaslab/Agam_hemo_transcriptomes/scripts/compare_txomes/busco/denovo_Agamhemo_BUSCO/run_arthropoda_odb10/hmmer_output/initial_run_results/53298at6656.out --cpu 1 /hpcdata/bcbb/homc/Barillaslab/Agam_hemo_transcriptomes/scripts/compare_txomes/busco/busco_downloads/lineages/arthropoda_odb10/hmms/53298at6656.hmm /hpcdata/bcbb/homc/Barillaslab/Agam_hemo_transcriptomes/scripts/compare_txomes/busco/denovo_Agamhemo_BUSCO/run_arthropoda_odb10/metaeuk_output/initial_results/de_novo_transcriptome_with_genome_hits_and_expression_filtering.gffread.fa.modified.fas 
# Current dir:     /hpcdata/bcbb/homc/Barillaslab/Agam_hemo_transcriptomes/scripts/compare_txomes/busco
# Date:            Sun Jan 29 12:59:28 2023
# [ok]
