#                                                                                                                 --- full sequence --- -------------- this domain -------------   hmm coord   ali coord   env coord
# target name                                             accession   tlen query name           accession   qlen   E-value  score  bias   #  of  c-Evalue  i-Evalue  score  bias  from    to  from    to  from    to  acc description of target
#                                     ------------------- ---------- ----- -------------------- ---------- ----- --------- ------ ----- --- --- --------- --------- ------ ----- ----- ----- ----- ----- ----- ----- ---- ---------------------
de_novo.Agm54242U_210909_035710_107153415_ccs.1:0-1346    -            449 56523at6656          -            483  5.9e-163  541.2  16.4   1   1  1.2e-164  6.9e-163  540.9  16.4     1   341    76   449    76   449 0.95 -
de_novo.Agm54242U_210819_213017_52627420_ccs.1:213-1673   -            487 56523at6656          -            483   3.9e-59  198.8  27.2   1   4   5.1e-18   2.8e-16   57.4   5.0    36   136     2   104     1   104 0.95 -
de_novo.Agm54242U_210819_213017_52627420_ccs.1:213-1673   -            487 56523at6656          -            483   3.9e-59  198.8  27.2   2   4   7.9e-18   4.4e-16   56.8   1.0    48   137    85   174    81   181 0.90 -
de_novo.Agm54242U_210819_213017_52627420_ccs.1:213-1673   -            487 56523at6656          -            483   3.9e-59  198.8  27.2   3   4   4.2e-16   2.4e-14   51.1   0.8   332   420   181   271   177   283 0.92 -
de_novo.Agm54242U_210819_213017_52627420_ccs.1:213-1673   -            487 56523at6656          -            483   3.9e-59  198.8  27.2   4   4   4.8e-18   2.7e-16   57.5   1.9    34   170   355   487   329   487 0.87 -
de_novo.Agm54242U_210819_213017_9634954_ccs.1:144-1604    -            487 56523at6656          -            483   3.9e-59  198.8  27.2   1   4   5.1e-18   2.8e-16   57.4   5.0    36   136     2   104     1   104 0.95 -
de_novo.Agm54242U_210819_213017_9634954_ccs.1:144-1604    -            487 56523at6656          -            483   3.9e-59  198.8  27.2   2   4   7.9e-18   4.4e-16   56.8   1.0    48   137    85   174    81   181 0.90 -
de_novo.Agm54242U_210819_213017_9634954_ccs.1:144-1604    -            487 56523at6656          -            483   3.9e-59  198.8  27.2   3   4   4.2e-16   2.4e-14   51.1   0.8   332   420   181   271   177   283 0.92 -
de_novo.Agm54242U_210819_213017_9634954_ccs.1:144-1604    -            487 56523at6656          -            483   3.9e-59  198.8  27.2   4   4   4.8e-18   2.7e-16   57.5   1.9    34   170   355   487   329   487 0.87 -
de_novo.AGAP011292-RA.1:51-1121                           -            357 56523at6656          -            483   4.7e-40  135.8  35.8   1   5   5.4e-09   3.1e-07   27.6   0.1   366   434     6    74     2    81 0.71 -
de_novo.AGAP011292-RA.1:51-1121                           -            357 56523at6656          -            483   4.7e-40  135.8  35.8   2   5   6.9e-14   3.9e-12   43.8   9.1   349   448    83   183    77   192 0.92 -
de_novo.AGAP011292-RA.1:51-1121                           -            357 56523at6656          -            483   4.7e-40  135.8  35.8   3   5   9.9e-08   5.6e-06   23.5   2.8    61   112   192   243   173   245 0.43 -
de_novo.AGAP011292-RA.1:51-1121                           -            357 56523at6656          -            483   4.7e-40  135.8  35.8   4   5   3.6e-15     2e-13   48.0   4.6   332   418   230   319   229   321 0.93 -
de_novo.AGAP011292-RA.1:51-1121                           -            357 56523at6656          -            483   4.7e-40  135.8  35.8   5   5   9.5e-05    0.0053   13.6   0.3    51    85   323   357   320   357 0.78 -
de_novo.AGAP029508-RB.1:168-764                           -            199 56523at6656          -            483   1.2e-39  134.5  15.6   1   2   2.9e-22   1.6e-20   71.4   3.3   288   411     3   131     1   131 0.91 -
de_novo.AGAP029508-RB.1:168-764                           -            199 56523at6656          -            483   1.2e-39  134.5  15.6   2   2   1.4e-23     8e-22   75.7   4.6   337   432   102   198   101   199 0.97 -
de_novo.Agm54242U_210819_213017_127994124_ccs.1:168-764   -            199 56523at6656          -            483   1.2e-39  134.5  15.6   1   2   2.9e-22   1.6e-20   71.4   3.3   288   411     3   131     1   131 0.91 -
de_novo.Agm54242U_210819_213017_127994124_ccs.1:168-764   -            199 56523at6656          -            483   1.2e-39  134.5  15.6   2   2   1.4e-23     8e-22   75.7   4.6   337   432   102   198   101   199 0.97 -
de_novo.Agm54242U_210819_213017_153683075_ccs.1:168-764   -            199 56523at6656          -            483   1.2e-39  134.5  15.6   1   2   2.9e-22   1.6e-20   71.4   3.3   288   411     3   131     1   131 0.91 -
de_novo.Agm54242U_210819_213017_153683075_ccs.1:168-764   -            199 56523at6656          -            483   1.2e-39  134.5  15.6   2   2   1.4e-23     8e-22   75.7   4.6   337   432   102   198   101   199 0.97 -
de_novo.Agm54242U_210819_213017_131465742_ccs.1:516-1577  -            354 56523at6656          -            483   1.1e-36  124.7  32.8   1   3   7.1e-26     4e-24   83.3  14.3   222   433     6   228     2   238 0.89 -
de_novo.Agm54242U_210819_213017_131465742_ccs.1:516-1577  -            354 56523at6656          -            483   1.1e-36  124.7  32.8   2   3   2.5e-07   1.4e-05   22.1   1.0   220   285   196   261   195   270 0.88 -
de_novo.Agm54242U_210819_213017_131465742_ccs.1:516-1577  -            354 56523at6656          -            483   1.1e-36  124.7  32.8   3   3   2.5e-14   1.4e-12   45.2   2.7   325   431   245   353   239   354 0.82 -
de_novo.Agm54242U_210819_213017_135072411_ccs.1:516-1577  -            354 56523at6656          -            483   1.1e-36  124.7  32.8   1   3   7.1e-26     4e-24   83.3  14.3   222   433     6   228     2   238 0.89 -
de_novo.Agm54242U_210819_213017_135072411_ccs.1:516-1577  -            354 56523at6656          -            483   1.1e-36  124.7  32.8   2   3   2.5e-07   1.4e-05   22.1   1.0   220   285   196   261   195   270 0.88 -
de_novo.Agm54242U_210819_213017_135072411_ccs.1:516-1577  -            354 56523at6656          -            483   1.1e-36  124.7  32.8   3   3   2.5e-14   1.4e-12   45.2   2.7   325   431   245   353   239   354 0.82 -
de_novo.Agm54242U_210909_035710_148439779_ccs.1:697-1794  -            366 56523at6656          -            483     5e-36  122.6  12.1   1   2   5.6e-19   3.1e-17   60.6   2.1   293   419     1   132     1   145 0.67 -
de_novo.Agm54242U_210909_035710_148439779_ccs.1:697-1794  -            366 56523at6656          -            483     5e-36  122.6  12.1   2   2   4.5e-20   2.5e-18   64.2   2.6    34   182   217   362   189   366 0.61 -
de_novo.seqSigP-17284.1:240-1373                          -            378 56523at6656          -            483   1.3e-30  104.8   6.3   1   2   3.6e-24     2e-22   77.7   0.6   220   451     2   246     1   248 0.88 -
de_novo.seqSigP-17284.1:240-1373                          -            378 56523at6656          -            483   1.3e-30  104.8   6.3   2   2   4.4e-12   2.5e-10   37.8   0.7   219   340   216   339   211   342 0.92 -
de_novo.Agm54242U_210819_213017_88998952_ccs.1:834-2150   -            439 56523at6656          -            483   2.1e-30  104.0  19.5   1   5   1.7e-06   9.6e-05   19.4   0.9    36   114     2    84     1    89 0.73 -
de_novo.Agm54242U_210819_213017_88998952_ccs.1:834-2150   -            439 56523at6656          -            483   2.1e-30  104.0  19.5   2   5   4.9e-07   2.8e-05   21.2   0.0   227   308    78   161    78   164 0.90 -
de_novo.Agm54242U_210819_213017_88998952_ccs.1:834-2150   -            439 56523at6656          -            483   2.1e-30  104.0  19.5   3   5   6.4e-09   3.6e-07   27.4   0.2   228   305   153   230   148   232 0.88 -
de_novo.Agm54242U_210819_213017_88998952_ccs.1:834-2150   -            439 56523at6656          -            483   2.1e-30  104.0  19.5   4   5   5.6e-12   3.1e-10   37.5   0.9   218   302   215   299   213   306 0.95 -
de_novo.Agm54242U_210819_213017_88998952_ccs.1:834-2150   -            439 56523at6656          -            483   2.1e-30  104.0  19.5   5   5     2e-08   1.1e-06   25.8   1.2    47   113   338   406   330   416 0.85 -
de_novo.AGAP010012-RB.1:126-827                           -            234 56523at6656          -            483   5.7e-30  102.6   3.6   1   2   7.5e-14   4.2e-12   43.6   0.1   321   421     5   108     1   110 0.87 -
de_novo.AGAP010012-RB.1:126-827                           -            234 56523at6656          -            483   5.7e-30  102.6   3.6   2   2   1.1e-18   6.1e-17   59.6   1.4   355   475   110   231   108   234 0.87 -
de_novo.Agm54242U_210909_035710_3540180_ccs.1:14-691      -            226 56523at6656          -            483     1e-29  101.7   3.1   1   2   6.8e-14   3.8e-12   43.8   0.2   336   432    12   110     2   110 0.85 -
de_novo.Agm54242U_210909_035710_3540180_ccs.1:14-691      -            226 56523at6656          -            483     1e-29  101.7   3.1   2   2     8e-19   4.5e-17   60.1   1.2   355   475   102   223    99   226 0.87 -
de_novo.Agm54242U_210819_213017_2099890_ccs.1:399-1589    -            397 56523at6656          -            483   2.7e-26   90.5  33.0   1   4   6.8e-09   3.8e-07   27.3   7.2   350   443    27   121    11   142 0.69 -
de_novo.Agm54242U_210819_213017_2099890_ccs.1:399-1589    -            397 56523at6656          -            483   2.7e-26   90.5  33.0   2   4   2.3e-11   1.3e-09   35.4   1.3   217   303   124   212   114   214 0.91 -
de_novo.Agm54242U_210819_213017_2099890_ccs.1:399-1589    -            397 56523at6656          -            483   2.7e-26   90.5  33.0   3   4   1.8e-06    0.0001   19.3   2.3   232   302   214   285   212   287 0.92 -
de_novo.Agm54242U_210819_213017_2099890_ccs.1:399-1589    -            397 56523at6656          -            483   2.7e-26   90.5  33.0   4   4   4.2e-08   2.4e-06   24.7   1.9   229   314   300   386   294   392 0.87 -
de_novo.Agm54242U_210909_035710_6751083_ccs.1:495-1685    -            397 56523at6656          -            483   2.7e-26   90.5  33.0   1   4   6.8e-09   3.8e-07   27.3   7.2   350   443    27   121    11   142 0.69 -
de_novo.Agm54242U_210909_035710_6751083_ccs.1:495-1685    -            397 56523at6656          -            483   2.7e-26   90.5  33.0   2   4   2.3e-11   1.3e-09   35.4   1.3   217   303   124   212   114   214 0.91 -
de_novo.Agm54242U_210909_035710_6751083_ccs.1:495-1685    -            397 56523at6656          -            483   2.7e-26   90.5  33.0   3   4   1.8e-06    0.0001   19.3   2.3   232   302   214   285   212   287 0.92 -
de_novo.Agm54242U_210909_035710_6751083_ccs.1:495-1685    -            397 56523at6656          -            483   2.7e-26   90.5  33.0   4   4   4.2e-08   2.4e-06   24.7   1.9   229   314   300   386   294   392 0.87 -
de_novo.AGAP011472-RA.1:162-665                           -            168 56523at6656          -            483   3.9e-26   89.9   3.2   1   2   1.2e-16   6.7e-15   52.9   0.4    65   138     9    82     1    86 0.91 -
de_novo.AGAP011472-RA.1:162-665                           -            168 56523at6656          -            483   3.9e-26   89.9   3.2   2   2   5.8e-13   3.3e-11   40.7   0.4    44   129    78   164    77   168 0.92 -
de_novo.Agseq_153983.1:9-782                              -            258 56523at6656          -            483   3.7e-24   83.4  15.7   1   2   2.8e-12   1.6e-10   38.4   7.2    23   131    24   134     9   136 0.81 -
de_novo.Agseq_153983.1:9-782                              -            258 56523at6656          -            483   3.7e-24   83.4  15.7   2   2   4.7e-16   2.7e-14   50.9   3.0   331   422   124   218   121   235 0.89 -
de_novo.Agm54242U_210819_213017_44434224_ccs.1:0-713      -            238 56523at6656          -            483   5.3e-24   82.9  19.5   1   3   1.4e-15   7.7e-14   49.4   2.1    34   123    41   132    31   135 0.57 -
de_novo.Agm54242U_210819_213017_44434224_ccs.1:0-713      -            238 56523at6656          -            483   5.3e-24   82.9  19.5   2   3   1.2e-11   6.7e-10   36.4   2.3    52   120    84   152    83   155 0.94 -
de_novo.Agm54242U_210819_213017_44434224_ccs.1:0-713      -            238 56523at6656          -            483   5.3e-24   82.9  19.5   3   3   4.2e-07   2.4e-05   21.4   0.9    35    88   134   188   131   196 0.74 -
de_novo.Agm54242U_210819_213017_110625594_ccs.1:216-725   -            170 56523at6656          -            483   1.2e-23   81.7  11.9   1   3   6.9e-06   0.00039   17.4   0.3   159   190     1    32     1    40 0.90 -
de_novo.Agm54242U_210819_213017_110625594_ccs.1:216-725   -            170 56523at6656          -            483   1.2e-23   81.7  11.9   2   3   7.3e-09   4.1e-07   27.2   0.1   377   433    46   102    33   104 0.77 -
de_novo.Agm54242U_210819_213017_110625594_ccs.1:216-725   -            170 56523at6656          -            483   1.2e-23   81.7  11.9   3   3   5.8e-16   3.3e-14   50.6   5.2   349   432    87   170    85   170 0.97 -
de_novo.Agm54242Ue_220404_200923_46794693_ccs.1:216-725   -            170 56523at6656          -            483   1.2e-23   81.7  11.9   1   3   6.9e-06   0.00039   17.4   0.3   159   190     1    32     1    40 0.90 -
de_novo.Agm54242Ue_220404_200923_46794693_ccs.1:216-725   -            170 56523at6656          -            483   1.2e-23   81.7  11.9   2   3   7.3e-09   4.1e-07   27.2   0.1   377   433    46   102    33   104 0.77 -
de_novo.Agm54242Ue_220404_200923_46794693_ccs.1:216-725   -            170 56523at6656          -            483   1.2e-23   81.7  11.9   3   3   5.8e-16   3.3e-14   50.6   5.2   349   432    87   170    85   170 0.97 -
de_novo.Agm54242U_210819_213017_119474987_ccs.1:963-2066  -            368 56523at6656          -            483   3.7e-22   76.8  29.9   1   2     4e-20   2.3e-18   64.3  24.5    60   305     4   277     1   303 0.80 -
de_novo.Agm54242U_210819_213017_119474987_ccs.1:963-2066  -            368 56523at6656          -            483   3.7e-22   76.8  29.9   2   2    0.0012     0.069   10.0   0.3    72   111   312   352   284   366 0.85 -
de_novo.Agm54242U_210909_035710_92669635_ccs.1:963-2066   -            368 56523at6656          -            483   3.7e-22   76.8  29.9   1   2     4e-20   2.3e-18   64.3  24.5    60   305     4   277     1   303 0.80 -
de_novo.Agm54242U_210909_035710_92669635_ccs.1:963-2066   -            368 56523at6656          -            483   3.7e-22   76.8  29.9   2   2    0.0012     0.069   10.0   0.3    72   111   312   352   284   366 0.85 -
de_novo.Agm54242U_210909_035710_148439779_ccs.1:123-677   -            185 56523at6656          -            483   4.6e-22   76.5   7.2   1   2   2.6e-17   1.5e-15   55.1   2.9   352   433    50   131    45   136 0.91 -
de_novo.Agm54242U_210909_035710_148439779_ccs.1:123-677   -            185 56523at6656          -            483   4.6e-22   76.5   7.2   2   2   1.1e-07   5.9e-06   23.4   0.1   348   393   138   183   135   185 0.50 -
de_novo.AGAP000810-RA.1:0-8387                            -           2796 56523at6656          -            483   7.7e-22   75.8  11.7   1   4    0.0012     0.068   10.0   0.1    64   114   606   657   585   659 0.69 -
de_novo.AGAP000810-RA.1:0-8387                            -           2796 56523at6656          -            483   7.7e-22   75.8  11.7   2   4   1.7e-08   9.3e-07   26.0   0.1    71   141   678   747   671   752 0.89 -
de_novo.AGAP000810-RA.1:0-8387                            -           2796 56523at6656          -            483   7.7e-22   75.8  11.7   3   4     2e-06   0.00011   19.2   0.2    50   114   850   915   829   920 0.90 -
de_novo.AGAP000810-RA.1:0-8387                            -           2796 56523at6656          -            483   7.7e-22   75.8  11.7   4   4   2.2e-08   1.2e-06   25.6   0.4   287   390  1020  1129  1014  1148 0.80 -
de_novo.AGAP001127-RA.1:387-1301                          -            305 56523at6656          -            483   3.2e-21   73.7  16.5   1   5      0.12       6.7    3.4   0.1   283   317    10    44     6    47 0.90 -
de_novo.AGAP001127-RA.1:387-1301                          -            305 56523at6656          -            483   3.2e-21   73.7  16.5   2   5     2e-06   0.00011   19.2   0.0   220   263    45    88    44    96 0.84 -
de_novo.AGAP001127-RA.1:387-1301                          -            305 56523at6656          -            483   3.2e-21   73.7  16.5   3   5     2e-06   0.00011   19.2   0.9    35   111   105   182    99   191 0.87 -
de_novo.AGAP001127-RA.1:387-1301                          -            305 56523at6656          -            483   3.2e-21   73.7  16.5   4   5   4.3e-11   2.4e-09   34.6   0.4   232   289   186   243   179   244 0.93 -
de_novo.AGAP001127-RA.1:387-1301                          -            305 56523at6656          -            483   3.2e-21   73.7  16.5   5   5    0.0061      0.34    7.7   0.2   263   303   243   283   240   290 0.90 -
de_novo.Agm54242Ue_220404_200923_41681227_ccs.1:0-782     -            261 56523at6656          -            483   2.2e-20   71.0  11.2   1   2   1.2e-08   6.8e-07   26.5   3.0    73   388    48   108    36   110 0.45 -
de_novo.Agm54242Ue_220404_200923_41681227_ccs.1:0-782     -            261 56523at6656          -            483   2.2e-20   71.0  11.2   2   2   4.5e-16   2.5e-14   51.0   2.8   331   422    96   190    94   210 0.89 -
de_novo.Agseq_153986.1:57-719                             -            221 56523at6656          -            483   2.8e-20   70.6  11.8   1   2   1.5e-08   8.3e-07   26.2   4.0    73   388     8    68     1    72 0.42 -
de_novo.Agseq_153986.1:57-719                             -            221 56523at6656          -            483   2.8e-20   70.6  11.8   2   2   3.7e-16   2.1e-14   51.2   3.0   331   422    56   150    54   166 0.89 -
de_novo.Agm54242U_210819_213017_43909308_ccs.1:138-623    -            162 56523at6656          -            483   2.3e-19   67.6  12.3   1   2   4.1e-09   2.3e-07   28.0   4.0    78   132     2    55     1    61 0.89 -
de_novo.Agm54242U_210819_213017_43909308_ccs.1:138-623    -            162 56523at6656          -            483   2.3e-19   67.6  12.3   2   2   5.6e-14   3.2e-12   44.1   4.0   333   434    46   152    45   158 0.86 -
de_novo.AGAP007035-RA.1:57-968                            -            304 56523at6656          -            483   2.4e-19   67.5  18.8   1   3   4.5e-05    0.0025   14.7   0.1   261   305    20    64     4    67 0.82 -
de_novo.AGAP007035-RA.1:57-968                            -            304 56523at6656          -            483   2.4e-19   67.5  18.8   2   3   1.3e-10   7.2e-09   33.0   2.1   227   319    58   148    57   159 0.85 -
de_novo.AGAP007035-RA.1:57-968                            -            304 56523at6656          -            483   2.4e-19   67.5  18.8   3   3   1.4e-08   7.8e-07   26.3   6.5   156   291   162   299   148   300 0.77 -
de_novo.Agm54242U_210819_213017_159646761_ccs.1:57-968    -            304 56523at6656          -            483   2.4e-19   67.5  18.8   1   3   4.5e-05    0.0025   14.7   0.1   261   305    20    64     4    67 0.82 -
de_novo.Agm54242U_210819_213017_159646761_ccs.1:57-968    -            304 56523at6656          -            483   2.4e-19   67.5  18.8   2   3   1.3e-10   7.2e-09   33.0   2.1   227   319    58   148    57   159 0.85 -
de_novo.Agm54242U_210819_213017_159646761_ccs.1:57-968    -            304 56523at6656          -            483   2.4e-19   67.5  18.8   3   3   1.4e-08   7.8e-07   26.3   6.5   156   291   162   299   148   300 0.77 -
de_novo.Agm54242U_210819_213017_131465742_ccs.1:1002-1544 -            181 56523at6656          -            483   3.4e-19   67.0   7.4   1   1   3.6e-20     2e-18   64.5   7.4   237   421     3   181     1   181 0.83 -
de_novo.Agm54242U_210819_213017_135072411_ccs.1:1002-1544 -            181 56523at6656          -            483   3.4e-19   67.0   7.4   1   1   3.6e-20     2e-18   64.5   7.4   237   421     3   181     1   181 0.83 -
de_novo.Agm54242U_210819_213017_113574862_ccs.1:622-1443  -            274 56523at6656          -            483   5.5e-19   66.4  14.0   1   3   6.9e-06   0.00039   17.4   0.2   266   305     3    42     1    58 0.71 -
de_novo.Agm54242U_210819_213017_113574862_ccs.1:622-1443  -            274 56523at6656          -            483   5.5e-19   66.4  14.0   2   3   1.4e-13   7.8e-12   42.8   6.9   219   341    78   208    75   209 0.85 -
de_novo.Agm54242U_210819_213017_113574862_ccs.1:622-1443  -            274 56523at6656          -            483   5.5e-19   66.4  14.0   3   3   0.00019     0.011   12.6   0.7    76   164   174   272   171   274 0.44 -
de_novo.Agm54242U_210909_035710_126355191_ccs.1:693-1514  -            274 56523at6656          -            483   5.5e-19   66.4  14.0   1   3   6.9e-06   0.00039   17.4   0.2   266   305     3    42     1    58 0.71 -
de_novo.Agm54242U_210909_035710_126355191_ccs.1:693-1514  -            274 56523at6656          -            483   5.5e-19   66.4  14.0   2   3   1.4e-13   7.8e-12   42.8   6.9   219   341    78   208    75   209 0.85 -
de_novo.Agm54242U_210909_035710_126355191_ccs.1:693-1514  -            274 56523at6656          -            483   5.5e-19   66.4  14.0   3   3   0.00019     0.011   12.6   0.7    76   164   174   272   171   274 0.44 -
de_novo.AGAP009688-RA.1:576-1298                          -            241 56523at6656          -            483   5.5e-19   66.4  12.1   1   3   2.3e-11   1.3e-09   35.5   3.3   197   304     4   111     1   119 0.86 -
de_novo.AGAP009688-RA.1:576-1298                          -            241 56523at6656          -            483   5.5e-19   66.4  12.1   2   3   1.7e-08   9.3e-07   26.0   0.1    76   135    97   158    90   164 0.76 -
de_novo.AGAP009688-RA.1:576-1298                          -            241 56523at6656          -            483   5.5e-19   66.4  12.1   3   3     8e-06   0.00045   17.2   0.8   366   431   161   228   157   237 0.78 -
de_novo.AGAP010636-RA.1:546-1292                          -            249 56523at6656          -            483   3.2e-18   63.8  19.4   1   3   6.8e-08   3.8e-06   24.0   2.0   355   436     3    85     1    99 0.58 -
de_novo.AGAP010636-RA.1:546-1292                          -            249 56523at6656          -            483   3.2e-18   63.8  19.4   2   3   5.6e-12   3.2e-10   37.5   3.6   231   306   111   186    93   189 0.91 -
de_novo.AGAP010636-RA.1:546-1292                          -            249 56523at6656          -            483   3.2e-18   63.8  19.4   3   3   0.00025     0.014   12.2   0.6   219   259   196   236   186   249 0.67 -
de_novo.Agm54242Ue_220404_200923_26019687_ccs.1:654-1625  -            324 56523at6656          -            483   6.7e-18   62.8  29.8   1   2   9.4e-16   5.3e-14   49.9  19.8    48   277     6   239     1   243 0.80 -
de_novo.Agm54242Ue_220404_200923_26019687_ccs.1:654-1625  -            324 56523at6656          -            483   6.7e-18   62.8  29.8   2   2   1.2e-05    0.0007   16.5   2.5   236   302   256   323   241   324 0.84 -
de_novo.Agm54242U_210819_213017_152437685_ccs.1:210-695   -            162 56523at6656          -            483   1.6e-17   61.5   2.1   1   2   1.1e-10     6e-09   33.3   0.2   225   315     4    92     1    94 0.92 -
de_novo.Agm54242U_210819_213017_152437685_ccs.1:210-695   -            162 56523at6656          -            483   1.6e-17   61.5   2.1   2   2   4.4e-11   2.4e-09   34.5   0.1   220   302    47   129    46   143 0.95 -
de_novo.Agm54242U_210819_213017_79104709_ccs.1:210-695    -            162 56523at6656          -            483   1.6e-17   61.5   2.1   1   2   1.1e-10     6e-09   33.3   0.2   225   315     4    92     1    94 0.92 -
de_novo.Agm54242U_210819_213017_79104709_ccs.1:210-695    -            162 56523at6656          -            483   1.6e-17   61.5   2.1   2   2   4.4e-11   2.4e-09   34.5   0.1   220   302    47   129    46   143 0.95 -
de_novo.Agm54242U_210819_213017_94570644_ccs.1:210-695    -            162 56523at6656          -            483   1.6e-17   61.5   2.1   1   2   1.1e-10     6e-09   33.3   0.2   225   315     4    92     1    94 0.92 -
de_novo.Agm54242U_210819_213017_94570644_ccs.1:210-695    -            162 56523at6656          -            483   1.6e-17   61.5   2.1   2   2   4.4e-11   2.4e-09   34.5   0.1   220   302    47   129    46   143 0.95 -
de_novo.Agm54242U_210909_035710_169739797_ccs.1:210-695   -            162 56523at6656          -            483   1.6e-17   61.5   2.1   1   2   1.1e-10     6e-09   33.3   0.2   225   315     4    92     1    94 0.92 -
de_novo.Agm54242U_210909_035710_169739797_ccs.1:210-695   -            162 56523at6656          -            483   1.6e-17   61.5   2.1   2   2   4.4e-11   2.4e-09   34.5   0.1   220   302    47   129    46   143 0.95 -
de_novo.Agm54242U_210909_035710_73533314_ccs.1:243-728    -            162 56523at6656          -            483   1.6e-17   61.5   2.1   1   2   1.1e-10     6e-09   33.3   0.2   225   315     4    92     1    94 0.92 -
de_novo.Agm54242U_210909_035710_73533314_ccs.1:243-728    -            162 56523at6656          -            483   1.6e-17   61.5   2.1   2   2   4.4e-11   2.4e-09   34.5   0.1   220   302    47   129    46   143 0.95 -
de_novo.Agm54242U_210909_035710_92539683_ccs.1:243-728    -            162 56523at6656          -            483   1.6e-17   61.5   2.1   1   2   1.1e-10     6e-09   33.3   0.2   225   315     4    92     1    94 0.92 -
de_novo.Agm54242U_210909_035710_92539683_ccs.1:243-728    -            162 56523at6656          -            483   1.6e-17   61.5   2.1   2   2   4.4e-11   2.4e-09   34.5   0.1   220   302    47   129    46   143 0.95 -
de_novo.Agm54242Ue_220404_200923_159189038_ccs.1:210-695  -            162 56523at6656          -            483   1.6e-17   61.5   2.1   1   2   1.1e-10     6e-09   33.3   0.2   225   315     4    92     1    94 0.92 -
de_novo.Agm54242Ue_220404_200923_159189038_ccs.1:210-695  -            162 56523at6656          -            483   1.6e-17   61.5   2.1   2   2   4.4e-11   2.4e-09   34.5   0.1   220   302    47   129    46   143 0.95 -
de_novo.Agm54242Ue_220404_200923_130154598_ccs.1:2-514    -            171 56523at6656          -            483   2.3e-16   57.7   6.3   1   2   3.8e-12   2.2e-10   38.0   1.0    60   125     2    67     1    68 0.96 -
de_novo.Agm54242Ue_220404_200923_130154598_ccs.1:2-514    -            171 56523at6656          -            483   2.3e-16   57.7   6.3   2   2   2.8e-07   1.6e-05   22.0   0.9    35    88    67   121    65   127 0.77 -
de_novo.Agm54242U_210819_213017_52627420_ccs.1:1332-1700  -            123 56523at6656          -            483   2.4e-16   57.7   2.1   1   1   5.7e-18   3.2e-16   57.2   2.1    54   175     5   119     2   122 0.94 -
de_novo.Agm54242U_210819_213017_9634954_ccs.1:1263-1631   -            123 56523at6656          -            483   2.4e-16   57.7   2.1   1   1   5.7e-18   3.2e-16   57.2   2.1    54   175     5   119     2   122 0.94 -
de_novo.Agm54242U_210909_035710_148439779_ccs.1:1402-1770 -            123 56523at6656          -            483   2.4e-16   57.7   2.1   1   1   5.7e-18   3.2e-16   57.2   2.1    54   175     5   119     2   122 0.94 -
de_novo.Agm54242U_210819_213017_51055126_ccs.1:321-1184   -            288 56523at6656          -            483   3.8e-16   57.0   7.5   1   3    0.0011     0.061   10.2   0.3   267   303     2    38     1    42 0.81 -
de_novo.Agm54242U_210819_213017_51055126_ccs.1:321-1184   -            288 56523at6656          -            483   3.8e-16   57.0   7.5   2   3   2.2e-12   1.2e-10   38.8   1.1    31   172    47   198    38   223 0.80 -
de_novo.Agm54242U_210819_213017_51055126_ccs.1:321-1184   -            288 56523at6656          -            483   3.8e-16   57.0   7.5   3   3   0.00077     0.043   10.6   0.0    76   120   230   276   212   283 0.74 -
de_novo.Agseq_145546.1:11-388                             -            126 56523at6656          -            483   5.3e-16   56.5  11.6   1   2   2.7e-06   0.00015   18.7   0.1   223   285     3    68     1    69 0.69 -
de_novo.Agseq_145546.1:11-388                             -            126 56523at6656          -            483   5.3e-16   56.5  11.6   2   2   1.4e-14   7.6e-13   46.1   7.3   332   432    24   126    16   126 0.87 -
de_novo.Agm54242Ue_220404_200923_177866679_ccs.1:303-920  -            206 56523at6656          -            483     7e-16   56.1   0.5   1   2   3.3e-16   1.9e-14   51.4   0.4   151   303     5   159     3   166 0.91 -
de_novo.Agm54242Ue_220404_200923_177866679_ccs.1:303-920  -            206 56523at6656          -            483     7e-16   56.1   0.5   2   2      0.18        10    2.8   0.0   243   274   174   205   168   206 0.50 -
de_novo.Agseq_62081.1:54-494                              -            147 56523at6656          -            483   1.8e-15   54.8   1.7   1   1   3.6e-17     2e-15   54.6   1.7   374   456    33   117    20   139 0.65 -
de_novo.Agm54242U_210819_213017_54199973_ccs.1:202-801    -            200 56523at6656          -            483   1.3e-14   51.9  21.3   1   2   1.1e-09   6.2e-08   29.9   3.4    48   133     4    92     1    96 0.76 -
de_novo.Agm54242U_210819_213017_54199973_ccs.1:202-801    -            200 56523at6656          -            483   1.3e-14   51.9  21.3   2   2   3.9e-11   2.2e-09   34.7  10.1    34   188    35   200    31   200 0.69 -
de_novo.AGAP001470-RA.1:816-1595                          -            260 56523at6656          -            483   4.3e-14   50.2   3.6   1   2   4.3e-06   0.00024   18.1   0.5    51   134     4    90     1   116 0.74 -
de_novo.AGAP001470-RA.1:816-1595                          -            260 56523at6656          -            483   4.3e-14   50.2   3.6   2   2   1.5e-10   8.6e-09   32.7   0.1   198   308   132   242   120   246 0.88 -
de_novo.Agm54242U_210909_035710_128650055_ccs.1:813-1592  -            260 56523at6656          -            483   4.3e-14   50.2   3.6   1   2   4.3e-06   0.00024   18.1   0.5    51   134     4    90     1   116 0.74 -
de_novo.Agm54242U_210909_035710_128650055_ccs.1:813-1592  -            260 56523at6656          -            483   4.3e-14   50.2   3.6   2   2   1.5e-10   8.6e-09   32.7   0.1   198   308   132   242   120   246 0.88 -
de_novo.Agm54242U_210909_035710_13305226_ccs.1:514-1293   -            260 56523at6656          -            483   4.3e-14   50.2   3.6   1   2   4.3e-06   0.00024   18.1   0.5    51   134     4    90     1   116 0.74 -
de_novo.Agm54242U_210909_035710_13305226_ccs.1:514-1293   -            260 56523at6656          -            483   4.3e-14   50.2   3.6   2   2   1.5e-10   8.6e-09   32.7   0.1   198   308   132   242   120   246 0.88 -
de_novo.Agm54242U_210909_035710_164760063_ccs.1:668-1447  -            260 56523at6656          -            483   4.3e-14   50.2   3.6   1   2   4.3e-06   0.00024   18.1   0.5    51   134     4    90     1   116 0.74 -
de_novo.Agm54242U_210909_035710_164760063_ccs.1:668-1447  -            260 56523at6656          -            483   4.3e-14   50.2   3.6   2   2   1.5e-10   8.6e-09   32.7   0.1   198   308   132   242   120   246 0.88 -
de_novo.Agm54242U_210909_035710_138086575_ccs.1:876-1601  -            242 56523at6656          -            483   4.6e-14   50.1   9.0   1   1   1.7e-07   9.6e-06   22.7   1.5    52   134     8    95     2   103 0.75 -
de_novo.Agseq_166636.1:780-1505                           -            242 56523at6656          -            483   4.6e-14   50.1   9.0   1   1   1.7e-07   9.6e-06   22.7   1.5    52   134     8    95     2   103 0.75 -
de_novo.Agm54242Ue_220404_200923_77333825_ccs.1:270-830   -            187 56523at6656          -            483   6.3e-14   49.7   5.2   1   1   1.4e-15     8e-14   49.3   5.2   219   388    19   180     4   186 0.91 -
de_novo.Agseq_147846.1:399-959                            -            187 56523at6656          -            483   6.3e-14   49.7   5.2   1   1   1.4e-15     8e-14   49.3   5.2   219   388    19   180     4   186 0.91 -
de_novo.Agm54242U_210909_035710_98239131_ccs.1:812-1231   -            140 56523at6656          -            483   1.2e-13   48.8   0.9   1   2   1.8e-07     1e-05   22.6   0.3    77   147     1    74     1    77 0.67 -
de_novo.Agm54242U_210909_035710_98239131_ccs.1:812-1231   -            140 56523at6656          -            483   1.2e-13   48.8   0.9   2   2   1.8e-08     1e-06   25.9   0.0   220   282    74   138    68   140 0.72 -
de_novo.Agm54242Ue_220404_200923_25165902_ccs.1:36-446    -            137 56523at6656          -            483   5.2e-13   46.6   4.5   1   2   1.4e-14   7.7e-13   46.1   2.2    34   132     7   111     2   117 0.83 -
de_novo.Agm54242Ue_220404_200923_25165902_ccs.1:36-446    -            137 56523at6656          -            483   5.2e-13   46.6   4.5   2   2      0.52        29    1.3   0.1    78   110   103   136   101   137 0.65 -
de_novo.AGAP007037-RA.1:333-815                           -            161 56523at6656          -            483   9.1e-13   45.9   9.0   1   2   1.7e-10   9.7e-09   32.6   1.6    45   115    16    88     1    96 0.57 -
de_novo.AGAP007037-RA.1:333-815                           -            161 56523at6656          -            483   9.1e-13   45.9   9.0   2   2   2.8e-05    0.0016   15.4   1.1   243   307    97   156    96   161 0.49 -
de_novo.Agm54242U_210909_035710_173737638_ccs.1:333-815   -            161 56523at6656          -            483   9.1e-13   45.9   9.0   1   2   1.7e-10   9.7e-09   32.6   1.6    45   115    16    88     1    96 0.57 -
de_novo.Agm54242U_210909_035710_173737638_ccs.1:333-815   -            161 56523at6656          -            483   9.1e-13   45.9   9.0   2   2   2.8e-05    0.0016   15.4   1.1   243   307    97   156    96   161 0.49 -
de_novo.Agm54242U_210819_213017_102106560_ccs.1:826-1527  -            234 56523at6656          -            483   1.6e-12   45.0  19.4   1   3   2.2e-09   1.2e-07   28.9   9.6    54   133     1    84     1    94 0.86 -
de_novo.Agm54242U_210819_213017_102106560_ccs.1:826-1527  -            234 56523at6656          -            483   1.6e-12   45.0  19.4   2   3    0.0002     0.011   12.6   0.8   227   277    58   109    58   115 0.91 -
de_novo.Agm54242U_210819_213017_102106560_ccs.1:826-1527  -            234 56523at6656          -            483   1.6e-12   45.0  19.4   3   3   1.9e-06   0.00011   19.3   2.4   203   306   102   203    93   230 0.76 -
de_novo.Agseq_61425.1:567-1268                            -            234 56523at6656          -            483   1.6e-12   45.0  19.4   1   3   2.2e-09   1.2e-07   28.9   9.6    54   133     1    84     1    94 0.86 -
de_novo.Agseq_61425.1:567-1268                            -            234 56523at6656          -            483   1.6e-12   45.0  19.4   2   3    0.0002     0.011   12.6   0.8   227   277    58   109    58   115 0.91 -
de_novo.Agseq_61425.1:567-1268                            -            234 56523at6656          -            483   1.6e-12   45.0  19.4   3   3   1.9e-06   0.00011   19.3   2.4   203   306   102   203    93   230 0.76 -
de_novo.Agm54242U_210819_213017_165807894_ccs.1:67-558    -            164 56523at6656          -            483   1.9e-12   44.8   3.3   1   2   4.1e-06   0.00023   18.1   0.1    68   114    12    59     4    64 0.57 -
de_novo.Agm54242U_210819_213017_165807894_ccs.1:67-558    -            164 56523at6656          -            483   1.9e-12   44.8   3.3   2   2   7.5e-09   4.2e-07   27.2   0.5    73   151    77   158    68   164 0.66 -
de_novo.AGAP007039-RA.1:309-779                           -            157 56523at6656          -            483   2.7e-11   41.0   1.9   1   1   1.1e-12   6.2e-11   39.8   1.9    49   188     5   157     3   157 0.83 -
de_novo.AGAP010669.R344.1:1050-1619                       -            190 56523at6656          -            483   5.7e-11   39.9  20.9   1   2   2.6e-08   1.5e-06   25.4   2.8   360   432     3    79     1    81 0.46 -
de_novo.AGAP010669.R344.1:1050-1619                       -            190 56523at6656          -            483   5.7e-11   39.9  20.9   2   2   8.3e-09   4.6e-07   27.0  10.4   228   367    32   172    27   176 0.86 -
de_novo.Agm54242U_210819_213017_89393799_ccs.1:103-672    -            190 56523at6656          -            483   5.7e-11   39.9  20.9   1   2   2.6e-08   1.5e-06   25.4   2.8   360   432     3    79     1    81 0.46 -
de_novo.Agm54242U_210819_213017_89393799_ccs.1:103-672    -            190 56523at6656          -            483   5.7e-11   39.9  20.9   2   2   8.3e-09   4.6e-07   27.0  10.4   228   367    32   172    27   176 0.86 -
de_novo.seqSigP-171913.1:411-881                          -            157 56523at6656          -            483   8.6e-11   39.3   4.9   1   2   4.4e-08   2.5e-06   24.6   4.6   183   276     3   101     1   103 0.75 -
de_novo.seqSigP-171913.1:411-881                          -            157 56523at6656          -            483   8.6e-11   39.3   4.9   2   2   2.3e-05    0.0013   15.6   0.0    52   116    90   156    87   157 0.84 -
de_novo.Agm54242U_210819_213017_31589164_ccs.1:45-545     -            167 56523at6656          -            483   1.5e-10   38.5   4.2   1   2   3.4e-09   1.9e-07   28.3   2.3    35   113    18   100     6   105 0.79 -
de_novo.Agm54242U_210819_213017_31589164_ccs.1:45-545     -            167 56523at6656          -            483   1.5e-10   38.5   4.2   2   2    0.0011     0.062   10.1   0.0    51   106   110   165   106   167 0.79 -
de_novo.Agseq_175497.1:5-382                              -            126 56523at6656          -            483   1.6e-10   38.4   5.1   1   1   1.8e-11     1e-09   35.8   5.1    72   174    25   120     4   126 0.68 -
de_novo.AGAP009924-RA.1:153-689                           -            179 56523at6656          -            483   1.9e-10   38.2   9.2   1   1   8.7e-11   4.9e-09   33.5   9.2   222   365    25   176     9   177 0.81 -
de_novo.Agm54242Ue_220404_200923_41681754_ccs.1:568-1149  -            194 56523at6656          -            483   4.8e-10   36.9   3.2   1   2   2.6e-07   1.5e-05   22.1   0.9   208   276     9    80     1    82 0.63 -
de_novo.Agm54242Ue_220404_200923_41681754_ccs.1:568-1149  -            194 56523at6656          -            483   4.8e-10   36.9   3.2   2   2   5.5e-06   0.00031   17.7   0.1    52   165    69   176    65   182 0.76 -
de_novo.AGAP005496-RA.1:384-779                           -            132 56523at6656          -            483   2.7e-09   34.4   6.6   1   1   6.3e-11   3.5e-09   34.0   6.6   356   445     4    95     2   131 0.53 -
de_novo.Agseq_153436.1:387-782                            -            132 56523at6656          -            483   2.7e-09   34.4   6.6   1   1   6.3e-11   3.5e-09   34.0   6.6   356   445     4    95     2   131 0.53 -
de_novo.Agm54242U_210909_035710_163447542_ccs.1:163-627   -            155 56523at6656          -            483   4.3e-09   33.7   1.4   1   2   5.8e-06   0.00032   17.7   0.1    76   139    17    79     6    88 0.86 -
de_novo.Agm54242U_210909_035710_163447542_ccs.1:163-627   -            155 56523at6656          -            483   4.3e-09   33.7   1.4   2   2   2.8e-05    0.0015   15.4   0.1   222   281    90   149    85   152 0.85 -
de_novo.Agm54242Ue_220404_200923_121896985_ccs.1:2-400    -            133 56523at6656          -            483   6.3e-09   33.2   8.6   1   1   1.4e-10     8e-09   32.8   8.6   336   456     2   123     1   127 0.86 -
de_novo.Agm54242U_210819_213017_140249173_ccs.1:252-761   -            170 56523at6656          -            483   7.1e-09   33.0  15.3   1   2   1.3e-07   7.3e-06   23.1   2.5   224   304    11    91     4    95 0.89 -
de_novo.Agm54242U_210819_213017_140249173_ccs.1:252-761   -            170 56523at6656          -            483   7.1e-09   33.0  15.3   2   2   2.4e-07   1.4e-05   22.2   5.2   213   306    73   166    68   168 0.84 -
de_novo.Agm54242U_210819_213017_145163584_ccs.1:228-737   -            170 56523at6656          -            483   7.1e-09   33.0  15.3   1   2   1.3e-07   7.3e-06   23.1   2.5   224   304    11    91     4    95 0.89 -
de_novo.Agm54242U_210819_213017_145163584_ccs.1:228-737   -            170 56523at6656          -            483   7.1e-09   33.0  15.3   2   2   2.4e-07   1.4e-05   22.2   5.2   213   306    73   166    68   168 0.84 -
de_novo.Agm54242U_210819_213017_77071496_ccs.1:228-737    -            170 56523at6656          -            483   7.1e-09   33.0  15.3   1   2   1.3e-07   7.3e-06   23.1   2.5   224   304    11    91     4    95 0.89 -
de_novo.Agm54242U_210819_213017_77071496_ccs.1:228-737    -            170 56523at6656          -            483   7.1e-09   33.0  15.3   2   2   2.4e-07   1.4e-05   22.2   5.2   213   306    73   166    68   168 0.84 -
de_novo.Agm54242U_210909_035710_48957462_ccs.1:228-737    -            170 56523at6656          -            483   7.1e-09   33.0  15.3   1   2   1.3e-07   7.3e-06   23.1   2.5   224   304    11    91     4    95 0.89 -
de_novo.Agm54242U_210909_035710_48957462_ccs.1:228-737    -            170 56523at6656          -            483   7.1e-09   33.0  15.3   2   2   2.4e-07   1.4e-05   22.2   5.2   213   306    73   166    68   168 0.84 -
de_novo.Agm54242U_210909_035710_69863185_ccs.1:223-669    -            149 56523at6656          -            483   8.3e-09   32.8   1.9   1   2   5.5e-06   0.00031   17.7   0.1    76   139    17    79     7    87 0.86 -
de_novo.Agm54242U_210909_035710_69863185_ccs.1:223-669    -            149 56523at6656          -            483   8.3e-09   32.8   1.9   2   2   4.5e-05    0.0025   14.7   0.2   222   280    90   148    86   149 0.84 -
de_novo.Agm54242Ue_220404_200923_130285816_ccs.1:264-812  -            183 56523at6656          -            483   1.5e-08   31.9   4.8   1   2   1.6e-07     9e-06   22.8   3.6    75   195    15   144     7   146 0.77 -
de_novo.Agm54242Ue_220404_200923_130285816_ccs.1:264-812  -            183 56523at6656          -            483   1.5e-08   31.9   4.8   2   2   3.7e-06   0.00021   18.3   0.8   353   453    74   182    67   183 0.50 -
de_novo.Agm54242U_210909_035710_124912268_ccs.1:615-1019  -            135 56523at6656          -            483   2.1e-08   31.4   1.9   1   1   5.2e-10   2.9e-08   31.0   1.9    36   134     4   110     1   135 0.64 -
de_novo.Agm54242U_210909_035710_175245989_ccs.1:225-668   -            148 56523at6656          -            483   2.5e-08   31.2  10.0   1   2   0.00013    0.0072   13.2   0.3   252   319     3    71     1    72 0.72 -
de_novo.Agm54242U_210909_035710_175245989_ccs.1:225-668   -            148 56523at6656          -            483   2.5e-08   31.2  10.0   2   2   1.7e-07   9.6e-06   22.7   5.3   219   301    66   148    57   148 0.94 -
de_novo.Agm54242U_210819_213017_180553016_ccs.1:558-1205  -            216 56523at6656          -            483   4.8e-08   30.3   7.9   1   1     2e-09   1.1e-07   29.1   7.7    51   169    67   173    44   190 0.86 -
de_novo.Agm54242U_210819_213017_88344291_ccs.1:612-1259   -            216 56523at6656          -            483   4.8e-08   30.3   7.9   1   1     2e-09   1.1e-07   29.1   7.7    51   169    67   173    44   190 0.86 -
de_novo.Agm54242Ue_220404_200923_167315412_ccs.1:146-607  -            154 56523at6656          -            483   7.8e-08   29.6   0.8   1   2   2.1e-07   1.2e-05   22.4   0.1   245   320    25   101    20   104 0.83 -
de_novo.Agm54242Ue_220404_200923_167315412_ccs.1:146-607  -            154 56523at6656          -            483   7.8e-08   29.6   0.8   2   2   0.00024     0.014   12.3   0.0   358   409    74   130    73   143 0.61 -
de_novo.Agm54242Ue_220404_200923_82511929_ccs.1:300-845   -            182 56523at6656          -            483   8.6e-08   29.4   1.8   1   1   3.8e-09   2.1e-07   28.1   1.8   240   407     1   167     1   173 0.85 -
de_novo.Agseq_149386.1:528-1016                           -            163 56523at6656          -            483   4.1e-07   27.2   7.9   1   2   8.2e-08   4.6e-06   23.7   4.1    54   139     1    86     1    89 0.90 -
de_novo.Agseq_149386.1:528-1016                           -            163 56523at6656          -            483   4.1e-07   27.2   7.9   2   2     0.024       1.3    5.7   0.1   214   260    88   135    85   149 0.76 -
de_novo.Agm54242U_210819_213017_35456560_ccs.1:2-4945     -           1648 56523at6656          -            483   4.3e-07   27.1   0.4   1   1   1.2e-08   6.7e-07   26.5   0.4   287   390    92   201    86   220 0.80 -
de_novo.Agm54242U_210909_035710_78382372_ccs.1:180-1013   -            278 56523at6656          -            483   4.5e-07   27.1   8.6   1   2   2.9e-08   1.6e-06   25.3   3.6    50   139   113   202   106   205 0.89 -
de_novo.Agm54242U_210909_035710_78382372_ccs.1:180-1013   -            278 56523at6656          -            483   4.5e-07   27.1   8.6   2   2     0.075       4.2    4.1   0.1   215   259   205   250   202   260 0.75 -
de_novo.Agm54242Ue_220404_200923_127140284_ccs.1:192-638  -            149 56523at6656          -            483   2.2e-06   24.8   2.3   1   2   9.7e-05    0.0054   13.6   0.2    81   133     2    51     1    56 0.66 -
de_novo.Agm54242Ue_220404_200923_127140284_ccs.1:192-638  -            149 56523at6656          -            483   2.2e-06   24.8   2.3   2   2    0.0001    0.0056   13.6   0.5    34    95    42   104    36   127 0.66 -
de_novo.Agseq_127947.1:264-950                            -            229 56523at6656          -            483   5.3e-05   20.2   4.2   1   2     6e-06   0.00034   17.6   0.4   332   433    25   141    20   146 0.69 -
de_novo.Agseq_127947.1:264-950                            -            229 56523at6656          -            483   5.3e-05   20.2   4.2   2   2      0.35        20    1.9   0.3   349   381   182   214   149   223 0.63 -
de_novo.AGAP007670-RB.1:0-719                             -            240 56523at6656          -            483   8.4e-05   19.6   0.5   1   1   2.8e-06   0.00016   18.7   0.5   332   409    43   123     7   136 0.62 -
de_novo.Agseq_76053.1:46-360                              -            105 56523at6656          -            483     0.004   14.1   2.9   1   1     0.014       0.8    6.4   0.9    48    68    77    97    71   105 0.76 -
#
# Program:         hmmsearch
# Version:         3.1b2 (February 2015)
# Pipeline mode:   SEARCH
# Query file:      /hpcdata/bcbb/homc/Barillaslab/Agam_hemo_transcriptomes/scripts/compare_txomes/busco/busco_downloads/lineages/arthropoda_odb10/hmms/56523at6656.hmm
# Target file:     /hpcdata/bcbb/homc/Barillaslab/Agam_hemo_transcriptomes/scripts/compare_txomes/busco/denovo_Agamhemo_BUSCO/run_arthropoda_odb10/metaeuk_output/initial_results/de_novo_transcriptome_with_genome_hits_and_expression_filtering.gffread.fa.modified.fas
# Option settings: hmmsearch --domtblout /hpcdata/bcbb/homc/Barillaslab/Agam_hemo_transcriptomes/scripts/compare_txomes/busco/denovo_Agamhemo_BUSCO/run_arthropoda_odb10/hmmer_output/initial_run_results/56523at6656.out --cpu 1 /hpcdata/bcbb/homc/Barillaslab/Agam_hemo_transcriptomes/scripts/compare_txomes/busco/busco_downloads/lineages/arthropoda_odb10/hmms/56523at6656.hmm /hpcdata/bcbb/homc/Barillaslab/Agam_hemo_transcriptomes/scripts/compare_txomes/busco/denovo_Agamhemo_BUSCO/run_arthropoda_odb10/metaeuk_output/initial_results/de_novo_transcriptome_with_genome_hits_and_expression_filtering.gffread.fa.modified.fas 
# Current dir:     /hpcdata/bcbb/homc/Barillaslab/Agam_hemo_transcriptomes/scripts/compare_txomes/busco
# Date:            Sun Jan 29 12:59:37 2023
# [ok]
