#                                                                                                                 --- full sequence --- -------------- this domain -------------   hmm coord   ali coord   env coord
# target name                                             accession   tlen query name           accession   qlen   E-value  score  bias   #  of  c-Evalue  i-Evalue  score  bias  from    to  from    to  from    to  acc description of target
#                                     ------------------- ---------- ----- -------------------- ---------- ----- --------- ------ ----- --- --- --------- --------- ------ ----- ----- ----- ----- ----- ----- ----- ---- ---------------------
de_novo.Agseq_79972.1:6-980                               -            325 59200at6656          -            296  3.7e-158  523.6  16.0   1   1  2.7e-160  4.2e-158  523.4  16.0     1   296    12   324    12   324 0.96 -
de_novo.Agm54242U_210819_213017_86901721_ccs.1:10-996     -            329 59200at6656          -            296   2.3e-37  127.1  17.2   1   2   8.2e-21   1.3e-18   65.5   0.2   126   226     1   102     1   112 0.94 -
de_novo.Agm54242U_210819_213017_86901721_ccs.1:10-996     -            329 59200at6656          -            296   2.3e-37  127.1  17.2   2   2   5.6e-20   8.7e-18   62.8  12.1    36   221   121   329   113   329 0.77 -
de_novo.Agm54242U_210819_213017_64488692_ccs.1:273-989    -            239 59200at6656          -            296   2.5e-33  113.8  12.9   1   2   8.7e-22   1.4e-19   68.7   3.8   128   232     2   107     1   128 0.91 -
de_novo.Agm54242U_210819_213017_64488692_ccs.1:273-989    -            239 59200at6656          -            296   2.5e-33  113.8  12.9   2   2   2.4e-16   3.7e-14   50.9   1.7   122   201   148   228   134   239 0.90 -
de_novo.Agm54242U_210819_213017_2884602_ccs.1:87-1400     -            438 59200at6656          -            296   7.4e-33  112.3  21.1   1   3   1.3e-15   1.9e-13   48.5   0.0   143   226     1    85     1    95 0.93 -
de_novo.Agm54242U_210819_213017_2884602_ccs.1:87-1400     -            438 59200at6656          -            296   7.4e-33  112.3  21.1   2   3   4.9e-20   7.7e-18   63.0  11.9    36   221   104   312    91   314 0.77 -
de_novo.Agm54242U_210819_213017_2884602_ccs.1:87-1400     -            438 59200at6656          -            296   7.4e-33  112.3  21.1   3   3   8.2e-05     0.013   13.0   2.0    86   123   304   341   301   382 0.76 -
de_novo.Agseq_167458.1:36-350                             -            105 59200at6656          -            296   6.2e-23   79.7   0.2   1   1   4.3e-25   6.6e-23   79.6   0.2   123   223     3   104     1   105 0.96 -
de_novo.AGAP004797-RA.1:67-375                            -            103 59200at6656          -            296   1.7e-22   78.2   0.2   1   1   1.2e-24   1.9e-22   78.1   0.2   123   222     3   103     1   103 0.96 -
de_novo.Agseq_192962.1:66-374                             -            103 59200at6656          -            296   1.7e-22   78.2   0.2   1   1   1.2e-24   1.9e-22   78.1   0.2   123   222     3   103     1   103 0.96 -
de_novo.Agm54242Ue_220404_200923_163841397_ccs.1:69-863   -            265 59200at6656          -            296   3.8e-21   73.8   5.6   1   1   1.5e-22   2.3e-20   71.2   5.6   122   290    60   241    48   251 0.80 -
de_novo.Agm54242U_210909_035710_104334870_ccs.1:30-859    -            260 59200at6656          -            296   4.3e-21   73.7   6.0   1   1   1.8e-22   2.8e-20   71.0   5.9   122   289    55   235    43   243 0.80 -
de_novo.Agm54242Ue_220404_200923_145621229_ccs.1:0-887    -            296 59200at6656          -            296   2.4e-19   67.9   1.5   1   1   2.1e-21   3.3e-19   67.5   1.5   118   235   116   239    86   266 0.86 -
de_novo.AGAP006254-RA.1:564-1424                          -            287 59200at6656          -            296   3.3e-17   60.9   1.4   1   4   4.5e-05     0.007   13.9   0.0   183   223    17    57     6    60 0.92 -
de_novo.AGAP006254-RA.1:564-1424                          -            287 59200at6656          -            296   3.3e-17   60.9   1.4   2   4   9.9e-12   1.5e-09   35.7   0.0   129   225    64   161    55   174 0.91 -
de_novo.AGAP006254-RA.1:564-1424                          -            287 59200at6656          -            296   3.3e-17   60.9   1.4   3   4   0.00014     0.022   12.2   0.2   155   234   158   238   157   244 0.90 -
de_novo.AGAP006254-RA.1:564-1424                          -            287 59200at6656          -            296   3.3e-17   60.9   1.4   4   4       0.6        94    0.3   0.0   128   168   233   273   227   283 0.73 -
de_novo.Agm54242U_210819_213017_108135905_ccs.1:489-1349  -            287 59200at6656          -            296   3.3e-17   60.9   1.4   1   4   4.5e-05     0.007   13.9   0.0   183   223    17    57     6    60 0.92 -
de_novo.Agm54242U_210819_213017_108135905_ccs.1:489-1349  -            287 59200at6656          -            296   3.3e-17   60.9   1.4   2   4   9.9e-12   1.5e-09   35.7   0.0   129   225    64   161    55   174 0.91 -
de_novo.Agm54242U_210819_213017_108135905_ccs.1:489-1349  -            287 59200at6656          -            296   3.3e-17   60.9   1.4   3   4   0.00014     0.022   12.2   0.2   155   234   158   238   157   244 0.90 -
de_novo.Agm54242U_210819_213017_108135905_ccs.1:489-1349  -            287 59200at6656          -            296   3.3e-17   60.9   1.4   4   4       0.6        94    0.3   0.0   128   168   233   273   227   283 0.73 -
de_novo.Agseq_53352.1:0-1709                              -            570 59200at6656          -            296   4.3e-15   54.0  10.8   1   3     2e-16   3.1e-14   51.1   3.8   113   225    72   190    42   198 0.85 -
de_novo.Agseq_53352.1:0-1709                              -            570 59200at6656          -            296   4.3e-15   54.0  10.8   2   3       2.9   4.6e+02   -2.0   0.1    38    67   257   285   245   308 0.75 -
de_novo.Agseq_53352.1:0-1709                              -            570 59200at6656          -            296   4.3e-15   54.0  10.8   3   3     0.014       2.3    5.6   0.0   136   226   446   538   440   552 0.80 -
de_novo.AGAP008918-RA.1:39-311                            -             91 59200at6656          -            296   5.1e-15   53.7   0.1   1   1   3.3e-17   5.2e-15   53.7   0.1   127   211     3    88     1    91 0.92 -
de_novo.Agseq_90689.1:39-311                              -             91 59200at6656          -            296   5.1e-15   53.7   0.1   1   1   3.3e-17   5.2e-15   53.7   0.1   127   211     3    88     1    91 0.92 -
de_novo.AGAP002752-RA.1:0-1484                            -            495 59200at6656          -            296   6.5e-15   53.4   3.3   1   3   8.9e-11   1.4e-08   32.6   0.0   126   236    43   154    34   160 0.92 -
de_novo.AGAP002752-RA.1:0-1484                            -            495 59200at6656          -            296   6.5e-15   53.4   3.3   2   3   5.8e-05    0.0091   13.5   0.0   133   235   164   267   153   284 0.91 -
de_novo.AGAP002752-RA.1:0-1484                            -            495 59200at6656          -            296   6.5e-15   53.4   3.3   3   3     0.026       4.1    4.8   1.1   196   235   345   384   277   399 0.74 -
de_novo.AGAP004151-RA.1:84-407                            -            108 59200at6656          -            296   2.1e-13   48.4   2.8   1   1   1.4e-15   2.2e-13   48.3   2.8   122   213     3    94     2   108 0.92 -
de_novo.Agm54242U_210819_213017_26675562_ccs.1:84-407     -            108 59200at6656          -            296   2.1e-13   48.4   2.8   1   1   1.4e-15   2.2e-13   48.3   2.8   122   213     3    94     2   108 0.92 -
de_novo.AGAP003727-RA.1:0-2852                            -            951 59200at6656          -            296   4.3e-12   44.1   3.8   1   1   5.6e-14   8.8e-12   43.1   3.8   113   252     4   150     1   154 0.87 -
de_novo.Agm54242U_210819_213017_88999517_ccs.1:267-683    -            139 59200at6656          -            296   9.7e-12   42.9   2.6   1   1   7.3e-14   1.1e-11   42.7   2.6   122   221    39   139    28   139 0.92 -
de_novo.Agm54242U_210909_035710_5179148_ccs.1:267-683     -            139 59200at6656          -            296   9.7e-12   42.9   2.6   1   1   7.3e-14   1.1e-11   42.7   2.6   122   221    39   139    28   139 0.92 -
de_novo.Agm54242U_210909_035710_94700354_ccs.1:38-721     -            228 59200at6656          -            296   1.5e-11   42.3  11.0   1   2   1.2e-13   1.8e-11   42.1   2.7   138   221     1    89     1    91 0.91 -
de_novo.Agm54242U_210909_035710_94700354_ccs.1:38-721     -            228 59200at6656          -            296   1.5e-11   42.3  11.0   2   2   5.9e-05    0.0093   13.5   3.1    86   133    81   126    78   167 0.77 -
de_novo.AGAP012877-RA.1:354-674                           -            107 59200at6656          -            296   5.4e-11   40.5   0.5   1   1   3.8e-13   5.9e-11   40.4   0.5   125   212     3    96     1   103 0.84 -
de_novo.Agm54242U_210819_213017_60884737_ccs.1:24-2063    -            680 59200at6656          -            296   6.9e-11   40.1   2.0   1   3   2.7e-07   4.3e-05   21.1   0.0   133   227   437   532   421   535 0.88 -
de_novo.Agm54242U_210819_213017_60884737_ccs.1:24-2063    -            680 59200at6656          -            296   6.9e-11   40.1   2.0   2   3   5.1e-05     0.008   13.7   0.0   125   169   531   575   527   580 0.89 -
de_novo.Agm54242U_210819_213017_60884737_ccs.1:24-2063    -            680 59200at6656          -            296   6.9e-11   40.1   2.0   3   3     0.058         9    3.6   0.2   152   226   592   668   573   675 0.56 -
de_novo.Agm54242U_210819_213017_136512919_ccs.1:189-887   -            233 59200at6656          -            296   7.3e-11   40.1  10.1   1   2     9e-13   1.4e-10   39.1   2.2   141   221     9    94     3    96 0.90 -
de_novo.Agm54242U_210819_213017_136512919_ccs.1:189-887   -            233 59200at6656          -            296   7.3e-11   40.1  10.1   2   2   6.7e-05      0.01   13.3   2.5    87   123    87   123    85   162 0.76 -
de_novo.Agm54242Ue_220404_200923_61604644_ccs.1:237-857   -            207 59200at6656          -            296   1.4e-10   39.1   0.1   1   2   3.3e-10   5.1e-08   30.7   0.1   142   223    55   137    45   142 0.90 -
de_novo.Agm54242Ue_220404_200923_61604644_ccs.1:237-857   -            207 59200at6656          -            296   1.4e-10   39.1   0.1   2   2    0.0091       1.4    6.3   0.0   131   190   146   206   141   207 0.68 -
de_novo.Agm54242U_210909_035710_44565415_ccs.1:132-1427   -            432 59200at6656          -            296   7.1e-09   33.5   4.5   1   4   6.9e-05     0.011   13.3   0.0   154   236     8    91     1    97 0.90 -
de_novo.Agm54242U_210909_035710_44565415_ccs.1:132-1427   -            432 59200at6656          -            296   7.1e-09   33.5   4.5   2   4     5e-05    0.0078   13.7   0.0   133   235   101   204    92   220 0.92 -
de_novo.Agm54242U_210909_035710_44565415_ccs.1:132-1427   -            432 59200at6656          -            296   7.1e-09   33.5   4.5   3   4     0.028       4.4    4.7   1.6   195   235   281   321   203   332 0.71 -
de_novo.Agm54242U_210909_035710_44565415_ccs.1:132-1427   -            432 59200at6656          -            296   7.1e-09   33.5   4.5   4   4       2.1   3.2e+02   -1.4   0.1    68    98   347   377   323   416 0.52 -
de_novo.Agseq_107163.1:0-692                              -            231 59200at6656          -            296   1.6e-08   32.4   0.0   1   2   2.1e-05    0.0033   14.9   0.0   154   236     8    91     1    98 0.90 -
de_novo.Agseq_107163.1:0-692                              -            231 59200at6656          -            296   1.6e-08   32.4   0.0   2   2   1.3e-05     0.002   15.6   0.0   133   235   101   204    92   221 0.92 -
de_novo.Agseq_195130.1:6-392                              -            129 59200at6656          -            296   1.1e-07   29.6   0.1   1   2   5.5e-08   8.5e-06   23.4   0.0   177   225    15    64     4    72 0.86 -
de_novo.Agseq_195130.1:6-392                              -            129 59200at6656          -            296   1.1e-07   29.6   0.1   2   2    0.0026      0.41    8.0   0.1   155   220    61   127    60   129 0.88 -
de_novo.Agm54242U_210819_213017_64488692_ccs.1:822-1043   -             74 59200at6656          -            296   1.3e-07   29.3   2.5   1   1   1.7e-09   2.7e-07   28.4   2.5   159   223     2    67     1    73 0.89 -
de_novo.Agm54242U_210909_035710_172819450_ccs.1:733-1623  -            297 59200at6656          -            296   9.9e-07   26.5   0.1   1   3     0.096        15    2.9   0.1   138   225    45   133    28   155 0.60 -
de_novo.Agm54242U_210909_035710_172819450_ccs.1:733-1623  -            297 59200at6656          -            296   9.9e-07   26.5   0.1   2   3    0.0082       1.3    6.4   0.0   131   225   106   201   103   207 0.74 -
de_novo.Agm54242U_210909_035710_172819450_ccs.1:733-1623  -            297 59200at6656          -            296   9.9e-07   26.5   0.1   3   3   1.2e-05    0.0019   15.7   0.0   102   179   213   290   206   294 0.94 -
de_novo.Agm54242Ue_220404_200923_5768172_ccs.1:1611-2501  -            297 59200at6656          -            296   9.9e-07   26.5   0.1   1   3     0.096        15    2.9   0.1   138   225    45   133    28   155 0.60 -
de_novo.Agm54242Ue_220404_200923_5768172_ccs.1:1611-2501  -            297 59200at6656          -            296   9.9e-07   26.5   0.1   2   3    0.0082       1.3    6.4   0.0   131   225   106   201   103   207 0.74 -
de_novo.Agm54242Ue_220404_200923_5768172_ccs.1:1611-2501  -            297 59200at6656          -            296   9.9e-07   26.5   0.1   3   3   1.2e-05    0.0019   15.7   0.0   102   179   213   290   206   294 0.94 -
de_novo.AGAP006820-RA.1:0-1838                            -            613 59200at6656          -            296   4.6e-06   24.3   2.0   1   4       3.9   6.1e+02   -2.4   0.1   202   233   230   262   223   278 0.73 -
de_novo.AGAP006820-RA.1:0-1838                            -            613 59200at6656          -            296   4.6e-06   24.3   2.0   2   4    0.0015      0.23    8.9   0.0   124   161   309   346   256   350 0.85 -
de_novo.AGAP006820-RA.1:0-1838                            -            613 59200at6656          -            296   4.6e-06   24.3   2.0   3   4     0.074        12    3.3   0.1   207   257   359   396   348   418 0.53 -
de_novo.AGAP006820-RA.1:0-1838                            -            613 59200at6656          -            296   4.6e-06   24.3   2.0   4   4    0.0015      0.23    8.9   0.0   180   223   477   522   442   558 0.86 -
de_novo.AGAP000725-RA.1:357-866                           -            170 59200at6656          -            296   0.00048   17.7   1.2   1   1   2.1e-05    0.0033   15.0   1.2   129   222    57   169    37   170 0.66 -
de_novo.Agm54242Ue_220404_200923_30804623_ccs.1:80-1954   -            625 59200at6656          -            296   0.00084   16.9   8.7   1   2   2.3e-05    0.0037   14.8   0.2   159   229   319   383   253   402 0.77 -
de_novo.Agm54242Ue_220404_200923_30804623_ccs.1:80-1954   -            625 59200at6656          -            296   0.00084   16.9   8.7   2   2     0.029       4.6    4.6   3.5    13   107   428   524   417   560 0.65 -
de_novo.Agm54242Ue_220404_200923_121113237_ccs.1:153-1319 -            389 59200at6656          -            296     0.014   12.9   0.1   1   1   0.00017     0.026   12.0   0.1     3    53    12    73    10   100 0.77 -
#
# Program:         hmmsearch
# Version:         3.1b2 (February 2015)
# Pipeline mode:   SEARCH
# Query file:      /hpcdata/bcbb/homc/Barillaslab/Agam_hemo_transcriptomes/scripts/compare_txomes/busco/busco_downloads/lineages/arthropoda_odb10/hmms/59200at6656.hmm
# Target file:     /hpcdata/bcbb/homc/Barillaslab/Agam_hemo_transcriptomes/scripts/compare_txomes/busco/denovo_Agamhemo_BUSCO/run_arthropoda_odb10/metaeuk_output/initial_results/de_novo_transcriptome_with_genome_hits_and_expression_filtering.gffread.fa.modified.fas
# Option settings: hmmsearch --domtblout /hpcdata/bcbb/homc/Barillaslab/Agam_hemo_transcriptomes/scripts/compare_txomes/busco/denovo_Agamhemo_BUSCO/run_arthropoda_odb10/hmmer_output/initial_run_results/59200at6656.out --cpu 1 /hpcdata/bcbb/homc/Barillaslab/Agam_hemo_transcriptomes/scripts/compare_txomes/busco/busco_downloads/lineages/arthropoda_odb10/hmms/59200at6656.hmm /hpcdata/bcbb/homc/Barillaslab/Agam_hemo_transcriptomes/scripts/compare_txomes/busco/denovo_Agamhemo_BUSCO/run_arthropoda_odb10/metaeuk_output/initial_results/de_novo_transcriptome_with_genome_hits_and_expression_filtering.gffread.fa.modified.fas 
# Current dir:     /hpcdata/bcbb/homc/Barillaslab/Agam_hemo_transcriptomes/scripts/compare_txomes/busco
# Date:            Sun Jan 29 12:59:44 2023
# [ok]
