#                                                                                                                 --- full sequence --- -------------- this domain -------------   hmm coord   ali coord   env coord
# target name                                             accession   tlen query name           accession   qlen   E-value  score  bias   #  of  c-Evalue  i-Evalue  score  bias  from    to  from    to  from    to  acc description of target
#                                     ------------------- ---------- ----- -------------------- ---------- ----- --------- ------ ----- --- --- --------- --------- ------ ----- ----- ----- ----- ----- ----- ----- ---- ---------------------
de_novo.Agm54242U_210819_213017_100403499_ccs.1:72-1571   -            500 60333at6656          -            390  1.4e-217  720.5  21.6   1   2  3.1e-138  1.2e-135  450.7   3.4     1   241    44   304    44   312 0.96 -
de_novo.Agm54242U_210819_213017_100403499_ccs.1:72-1571   -            500 60333at6656          -            390  1.4e-217  720.5  21.6   2   2   9.6e-85   3.9e-82  274.6  10.6   230   390   316   493   305   493 0.92 -
de_novo.Agm54242Ue_220404_200923_20842695_ccs.1:0-1277    -            426 60333at6656          -            390  8.7e-185  612.6  20.1   1   2  1.8e-138  7.3e-136  451.5   3.3     1   241    54   314    54   324 0.95 -
de_novo.Agm54242Ue_220404_200923_20842695_ccs.1:0-1277    -            426 60333at6656          -            390  8.7e-185  612.6  20.1   2   2     1e-51   4.2e-49  165.9   9.3   230   327   326   426   316   426 0.94 -
de_novo.AGAP008805-RA.1:246-1889                          -            548 60333at6656          -            390   1.1e-18   65.7   4.3   1   3   2.6e-05     0.011   13.1   0.5    21    77     5    63     1    89 0.71 -
de_novo.AGAP008805-RA.1:246-1889                          -            548 60333at6656          -            390   1.1e-18   65.7   4.3   2   3   2.5e-06     0.001   16.5   0.1   103   213   173   296   160   299 0.68 -
de_novo.AGAP008805-RA.1:246-1889                          -            548 60333at6656          -            390   1.1e-18   65.7   4.3   3   3   3.4e-12   1.4e-09   35.8   0.0   285   389   422   543   396   544 0.83 -
de_novo.Agseq_76168.1:42-2282                             -            747 60333at6656          -            390   4.3e-17   60.5   0.0   1   3      0.58   2.3e+02   -1.2   1.4    32    68    23    60    17    69 0.78 -
de_novo.Agseq_76168.1:42-2282                             -            747 60333at6656          -            390   4.3e-17   60.5   0.0   2   3   8.1e-09   3.2e-06   24.7   0.0   103   213   155   270   147   277 0.83 -
de_novo.Agseq_76168.1:42-2282                             -            747 60333at6656          -            390   4.3e-17   60.5   0.0   3   3   7.6e-11   3.1e-08   31.3   0.0   287   389   594   708   583   709 0.83 -
de_novo.AGAP003821-RA.1:0-4286                            -           1429 60333at6656          -            390   4.2e-16   57.2   0.1   1   3       1.3     5e+02   -2.3   1.4    32    68    44    81    38    89 0.78 -
de_novo.AGAP003821-RA.1:0-4286                            -           1429 60333at6656          -            390   4.2e-16   57.2   0.1   2   3     2e-08     8e-06   23.4   0.0   103   213   176   291   168   297 0.83 -
de_novo.AGAP003821-RA.1:0-4286                            -           1429 60333at6656          -            390   4.2e-16   57.2   0.1   3   3   1.9e-10   7.5e-08   30.1   0.0   288   389   616   729   605   730 0.83 -
de_novo.AGAP007600-RA.1:549-2540                          -            664 60333at6656          -            390   1.6e-11   42.1   0.5   1   3   1.7e-12     7e-10   36.7   0.1   102   223     2   130     1   147 0.77 -
de_novo.AGAP007600-RA.1:549-2540                          -            664 60333at6656          -            390   1.6e-11   42.1   0.5   2   3      0.14        57    0.8   0.0   289   334   468   517   462   522 0.77 -
de_novo.AGAP007600-RA.1:549-2540                          -            664 60333at6656          -            390   1.6e-11   42.1   0.5   3   3      0.16        66    0.6   0.1   336   389   599   662   596   663 0.68 -
de_novo.Agseq_60065.1:2430-2984                           -            185 60333at6656          -            390   4.7e-10   37.3   0.0   1   2   2.6e-12   1.1e-09   36.2   0.0   104   214     1   113     1   124 0.81 -
de_novo.Agseq_60065.1:2430-2984                           -            185 60333at6656          -            390   4.7e-10   37.3   0.0   2   2      0.98   3.9e+02   -1.9   0.0   212   231   138   157   132   163 0.80 -
de_novo.Agseq_60069.1:2376-2930                           -            185 60333at6656          -            390   4.7e-10   37.3   0.0   1   2   2.6e-12   1.1e-09   36.2   0.0   104   214     1   113     1   124 0.81 -
de_novo.Agseq_60069.1:2376-2930                           -            185 60333at6656          -            390   4.7e-10   37.3   0.0   2   2      0.98   3.9e+02   -1.9   0.0   212   231   138   157   132   163 0.80 -
de_novo.AGAP012139-RA.1:1-1167                            -            389 60333at6656          -            390   3.8e-09   34.3   0.3   1   2   6.9e-08   2.7e-05   21.6   0.0   106   214    23   128     5   135 0.84 -
de_novo.AGAP012139-RA.1:1-1167                            -            389 60333at6656          -            390   3.8e-09   34.3   0.3   2   2   0.00013     0.052   10.8   0.0   275   359   247   340   234   365 0.64 -
de_novo.Agm54242U_210909_035710_55378299_ccs.1:1-576      -            192 60333at6656          -            390     1e-05   23.1   0.0   1   1   3.1e-08   1.2e-05   22.8   0.0   105   209    22   123     4   135 0.85 -
de_novo.Agm54242U_210909_035710_68364_ccs.1:121-1116      -            332 60333at6656          -            390   3.6e-05   21.2   0.0   1   1   1.6e-07   6.3e-05   20.4   0.0   106   309    27   242    16   254 0.66 -
de_novo.Agm54242U_210819_213017_83298434_ccs.1:0-2969     -            990 60333at6656          -            390   0.00094   16.6   0.0   1   3    0.0037       1.5    6.0   0.0    29    69    95   141    91   178 0.78 -
de_novo.Agm54242U_210819_213017_83298434_ccs.1:0-2969     -            990 60333at6656          -            390   0.00094   16.6   0.0   2   3      0.12        47    1.1   0.0   102   139   250   287   241   307 0.80 -
de_novo.Agm54242U_210819_213017_83298434_ccs.1:0-2969     -            990 60333at6656          -            390   0.00094   16.6   0.0   3   3    0.0093       3.7    4.7   0.0   275   325   755   806   745   815 0.75 -
de_novo.Agseq_35448.1:41-226                              -             62 60333at6656          -            390     0.004   14.5   2.1   1   2    0.0096       3.9    4.7   0.2    31    52     2    24     1    27 0.84 -
de_novo.Agseq_35448.1:41-226                              -             62 60333at6656          -            390     0.004   14.5   2.1   2   2   0.00018     0.073   10.3   0.2    30    54    29    54    24    60 0.84 -
de_novo.Agm54242U_210819_213017_135856454_ccs.1:3150-3797 -            216 60333at6656          -            390       5.9    4.1   7.1   1   3     0.069        28    1.9   0.5    29    54    18    42     8    57 0.78 -
de_novo.Agm54242U_210819_213017_135856454_ccs.1:3150-3797 -            216 60333at6656          -            390       5.9    4.1   7.1   2   3     0.014       5.7    4.1   0.8    31    72   142   184   128   187 0.83 -
de_novo.Agm54242U_210819_213017_135856454_ccs.1:3150-3797 -            216 60333at6656          -            390       5.9    4.1   7.1   3   3     0.079        32    1.7   0.1    30    56   169   196   164   211 0.77 -
#
# Program:         hmmsearch
# Version:         3.1b2 (February 2015)
# Pipeline mode:   SEARCH
# Query file:      /hpcdata/bcbb/homc/Barillaslab/Agam_hemo_transcriptomes/scripts/compare_txomes/busco/busco_downloads/lineages/arthropoda_odb10/hmms/60333at6656.hmm
# Target file:     /hpcdata/bcbb/homc/Barillaslab/Agam_hemo_transcriptomes/scripts/compare_txomes/busco/denovo_Agamhemo_BUSCO/run_arthropoda_odb10/metaeuk_output/initial_results/de_novo_transcriptome_with_genome_hits_and_expression_filtering.gffread.fa.modified.fas
# Option settings: hmmsearch --domtblout /hpcdata/bcbb/homc/Barillaslab/Agam_hemo_transcriptomes/scripts/compare_txomes/busco/denovo_Agamhemo_BUSCO/run_arthropoda_odb10/hmmer_output/initial_run_results/60333at6656.out --cpu 1 /hpcdata/bcbb/homc/Barillaslab/Agam_hemo_transcriptomes/scripts/compare_txomes/busco/busco_downloads/lineages/arthropoda_odb10/hmms/60333at6656.hmm /hpcdata/bcbb/homc/Barillaslab/Agam_hemo_transcriptomes/scripts/compare_txomes/busco/denovo_Agamhemo_BUSCO/run_arthropoda_odb10/metaeuk_output/initial_results/de_novo_transcriptome_with_genome_hits_and_expression_filtering.gffread.fa.modified.fas 
# Current dir:     /hpcdata/bcbb/homc/Barillaslab/Agam_hemo_transcriptomes/scripts/compare_txomes/busco
# Date:            Sun Jan 29 12:59:47 2023
# [ok]
