#                                                                                                                  --- full sequence --- -------------- this domain -------------   hmm coord   ali coord   env coord
# target name                                              accession   tlen query name           accession   qlen   E-value  score  bias   #  of  c-Evalue  i-Evalue  score  bias  from    to  from    to  from    to  acc description of target
#                                      ------------------- ---------- ----- -------------------- ---------- ----- --------- ------ ----- --- --- --------- --------- ------ ----- ----- ----- ----- ----- ----- ----- ---- ---------------------
de_novo.Agseq_126320.1:0-2609                              -            870 60356at6656          -            341    1e-163  542.4   5.2   1   4   6.2e-13   2.1e-11   41.6   0.0     1    41    10    57    10    59 0.83 -
de_novo.Agseq_126320.1:0-2609                              -            870 60356at6656          -            341    1e-163  542.4   5.2   2   4  5.9e-114    2e-112  373.7   0.4    41   263   118   374   107   383 0.92 -
de_novo.Agseq_126320.1:0-2609                              -            870 60356at6656          -            341    1e-163  542.4   5.2   3   4   3.1e-10   1.1e-08   32.7   0.0   258   285   446   473   433   492 0.84 -
de_novo.Agseq_126320.1:0-2609                              -            870 60356at6656          -            341    1e-163  542.4   5.2   4   4   1.1e-28   3.9e-27   93.3   0.0   283   341   790   848   787   848 0.98 -
de_novo.Agseq_196900.1:244-426                             -             61 60356at6656          -            341   1.3e-36  124.5   1.7   1   1   4.1e-38   1.4e-36  124.4   1.7   202   261     1    60     1    61 0.99 -
de_novo.Agm54242U_210909_035710_90244107_ccs.1:3-1076      -            358 60356at6656          -            341     3e-22   77.3   0.0   1   1   1.2e-23   4.1e-22   76.8   0.0   293   341   288   336   278   336 0.95 -
de_novo.AGAP009506-RA.1:0-1049                             -            350 60356at6656          -            341   7.7e-18   62.8   3.1   1   3   4.3e-06   0.00015   19.1   0.5   196   279    87   174    65   181 0.87 -
de_novo.AGAP009506-RA.1:0-1049                             -            350 60356at6656          -            341   7.7e-18   62.8   3.1   2   3     3e-07   1.1e-05   22.9   0.3   182   279   158   257   154   266 0.84 -
de_novo.AGAP009506-RA.1:0-1049                             -            350 60356at6656          -            341   7.7e-18   62.8   3.1   3   3   9.2e-07   3.2e-05   21.3   0.0   204   261   271   328   265   349 0.86 -
de_novo.Agseq_125435.1:198-1007                            -            270 60356at6656          -            341   3.6e-16   57.3   6.0   1   3     0.013      0.45    7.6   0.3   225   287     1    70     1    77 0.65 -
de_novo.Agseq_125435.1:198-1007                            -            270 60356at6656          -            341   3.6e-16   57.3   6.0   2   3   5.2e-07   1.8e-05   22.1   0.0   176   260    80   167    77   168 0.86 -
de_novo.Agseq_125435.1:198-1007                            -            270 60356at6656          -            341   3.6e-16   57.3   6.0   3   3   1.7e-09     6e-08   30.3   0.5   173   260   162   251   158   270 0.72 -
de_novo.Agm54242U_210909_035710_153485711_ccs.1:0-2954     -            985 60356at6656          -            341     1e-15   55.8  10.3   1   7       6.1   2.1e+02   -1.1   0.0   169   229    56   115    33   146 0.75 -
de_novo.Agm54242U_210909_035710_153485711_ccs.1:0-2954     -            985 60356at6656          -            341     1e-15   55.8  10.3   2   7    0.0028     0.097    9.8   0.0   215   281   150   221   131   236 0.75 -
de_novo.Agm54242U_210909_035710_153485711_ccs.1:0-2954     -            985 60356at6656          -            341     1e-15   55.8  10.3   3   7       3.5   1.2e+02   -0.4   0.0   112   137   331   356   321   362 0.82 -
de_novo.Agm54242U_210909_035710_153485711_ccs.1:0-2954     -            985 60356at6656          -            341     1e-15   55.8  10.3   4   7   2.1e-08   7.2e-07   26.7   0.5   186   278   389   484   367   489 0.83 -
de_novo.Agm54242U_210909_035710_153485711_ccs.1:0-2954     -            985 60356at6656          -            341     1e-15   55.8  10.3   5   7     0.037       1.3    6.1   0.1   215   280   503   574   467   587 0.75 -
de_novo.Agm54242U_210909_035710_153485711_ccs.1:0-2954     -            985 60356at6656          -            341     1e-15   55.8  10.3   6   7    0.0097      0.34    8.1   0.1   176   253   547   628   544   637 0.74 -
de_novo.Agm54242U_210909_035710_153485711_ccs.1:0-2954     -            985 60356at6656          -            341     1e-15   55.8  10.3   7   7     0.011      0.39    7.9   0.0   207   244   643   681   632   691 0.80 -
de_novo.AGAP001414-RA.1:0-1526                             -            509 60356at6656          -            341   4.1e-15   53.8   2.4   1   3   0.00076     0.026   11.7   0.0   215   242   219   246   211   252 0.90 -
de_novo.AGAP001414-RA.1:0-1526                             -            509 60356at6656          -            341   4.1e-15   53.8   2.4   2   3   8.1e-11   2.8e-09   34.6   0.0   169   293   263   394   250   401 0.87 -
de_novo.AGAP001414-RA.1:0-1526                             -            509 60356at6656          -            341   4.1e-15   53.8   2.4   3   3     0.045       1.6    5.9   0.2   211   241   439   469   404   507 0.83 -
de_novo.AGAP003891-RA.1:81-965                             -            295 60356at6656          -            341   1.2e-14   52.3   0.2   1   3     0.011      0.37    7.9   0.1   215   278     7    76     4    80 0.72 -
de_novo.AGAP003891-RA.1:81-965                             -            295 60356at6656          -            341   1.2e-14   52.3   0.2   2   3   6.4e-06   0.00022   18.5   0.0   180   246    59   124    48   130 0.80 -
de_novo.AGAP003891-RA.1:81-965                             -            295 60356at6656          -            341   1.2e-14   52.3   0.2   3   3   1.1e-07   3.7e-06   24.4   0.0   168   242   127   203   115   241 0.82 -
de_novo.Agm54242Ue_220404_200923_31654498_ccs.1:159-927    -            254 60356at6656          -            341   6.8e-14   49.8   2.4   1   3   1.7e-07     6e-06   23.7   0.8   174   278     9   121     4   131 0.76 -
de_novo.Agm54242Ue_220404_200923_31654498_ccs.1:159-927    -            254 60356at6656          -            341   6.8e-14   49.8   2.4   2   3     0.048       1.7    5.8   0.0   216   254   141   179   138   190 0.88 -
de_novo.Agm54242Ue_220404_200923_31654498_ccs.1:159-927    -            254 60356at6656          -            341   6.8e-14   49.8   2.4   3   3   7.9e-06   0.00027   18.2   0.1   221   259   191   229   181   252 0.85 -
de_novo.Agm54242Ue_220404_200923_164299516_ccs.1:159-797   -            213 60356at6656          -            341   8.2e-14   49.5   0.4   1   3   4.9e-07   1.7e-05   22.2   0.1   173   261     8    98     4   105 0.86 -
de_novo.Agm54242Ue_220404_200923_164299516_ccs.1:159-797   -            213 60356at6656          -            341   8.2e-14   49.5   0.4   2   3     0.036       1.3    6.2   0.0   216   254   104   142   101   153 0.88 -
de_novo.Agm54242Ue_220404_200923_164299516_ccs.1:159-797   -            213 60356at6656          -            341   8.2e-14   49.5   0.4   3   3   9.2e-06   0.00032   18.0   0.1   221   257   154   190   144   195 0.89 -
de_novo.Agm54242U_210909_035710_120259775_ccs.1:15-2420    -            802 60356at6656          -            341   7.1e-13   46.5   8.5   1   5       2.8        97   -0.0   0.0   112   137   148   173   138   179 0.82 -
de_novo.Agm54242U_210909_035710_120259775_ccs.1:15-2420    -            802 60356at6656          -            341   7.1e-13   46.5   8.5   2   5   1.6e-08   5.4e-07   27.1   0.5   186   278   206   301   184   306 0.83 -
de_novo.Agm54242U_210909_035710_120259775_ccs.1:15-2420    -            802 60356at6656          -            341   7.1e-13   46.5   8.5   3   5     0.027      0.94    6.6   0.1   215   280   320   391   283   404 0.74 -
de_novo.Agm54242U_210909_035710_120259775_ccs.1:15-2420    -            802 60356at6656          -            341   7.1e-13   46.5   8.5   4   5     0.048       1.7    5.8   0.1   212   253   404   445   374   454 0.78 -
de_novo.Agm54242U_210909_035710_120259775_ccs.1:15-2420    -            802 60356at6656          -            341   7.1e-13   46.5   8.5   5   5    0.0088       0.3    8.2   0.0   207   244   460   498   449   508 0.80 -
de_novo.Agm54242U_210819_213017_47842287_ccs.1:702-1421    -            240 60356at6656          -            341   1.7e-12   45.2   3.5   1   3     1e-06   3.5e-05   21.1   0.6   215   268     3    56     1    70 0.86 -
de_novo.Agm54242U_210819_213017_47842287_ccs.1:702-1421    -            240 60356at6656          -            341   1.7e-12   45.2   3.5   2   3   8.8e-06   0.00031   18.1   0.0   216   261    88   133    83   173 0.84 -
de_novo.Agm54242U_210819_213017_47842287_ccs.1:702-1421    -            240 60356at6656          -            341   1.7e-12   45.2   3.5   3   3     0.077       2.7    5.1   0.0   176   237   174   239   169   240 0.71 -
de_novo.Agm54242U_210909_035710_24772883_ccs.1:45-947      -            301 60356at6656          -            341   1.9e-12   45.0   1.6   1   3   2.6e-09     9e-08   29.7   0.4   165   280    37   158    23   166 0.83 -
de_novo.Agm54242U_210909_035710_24772883_ccs.1:45-947      -            301 60356at6656          -            341   1.9e-12   45.0   1.6   2   3   0.00045     0.016   12.4   0.0   208   282   167   244   159   257 0.86 -
de_novo.Agm54242U_210909_035710_24772883_ccs.1:45-947      -            301 60356at6656          -            341   1.9e-12   45.0   1.6   3   3     0.085       2.9    5.0   0.0   173   231   214   276   214   297 0.74 -
de_novo.Agm54242U_210909_035710_164365448_ccs.1:0-800      -            267 60356at6656          -            341     4e-12   44.0   2.4   1   3   8.3e-08   2.9e-06   24.7   0.2   187   280     2   101     1   109 0.85 -
de_novo.Agm54242U_210909_035710_164365448_ccs.1:0-800      -            267 60356at6656          -            341     4e-12   44.0   2.4   2   3   0.00043     0.015   12.5   0.0   208   281   110   186   102   194 0.87 -
de_novo.Agm54242U_210909_035710_164365448_ccs.1:0-800      -            267 60356at6656          -            341     4e-12   44.0   2.4   3   3    0.0051      0.18    9.0   0.1   183   258   169   246   163   267 0.79 -
de_novo.Agm54242U_210909_035710_156436707_ccs.1:657-1457   -            267 60356at6656          -            341   4.5e-12   43.8   7.8   1   2   2.4e-05   0.00083   16.6   1.4   188   279     8    98     2   111 0.89 -
de_novo.Agm54242U_210909_035710_156436707_ccs.1:657-1457   -            267 60356at6656          -            341   4.5e-12   43.8   7.8   2   2   8.7e-10     3e-08   31.2   0.7   170   284   113   225   105   264 0.91 -
de_novo.AGAP005359-RA.1:3939-4772                          -            278 60356at6656          -            341   7.1e-12   43.2  11.6   1   3   1.7e-05   0.00059   17.1   1.5   172   279     9   115     6   131 0.87 -
de_novo.AGAP005359-RA.1:3939-4772                          -            278 60356at6656          -            341   7.1e-12   43.2  11.6   2   3     2e-07     7e-06   23.5   0.4   217   279   132   195   116   212 0.86 -
de_novo.AGAP005359-RA.1:3939-4772                          -            278 60356at6656          -            341   7.1e-12   43.2  11.6   3   3    0.0056      0.19    8.9   0.1   224   278   219   277   214   278 0.78 -
de_novo.Agm54242U_210819_213017_99420781_ccs.1:2241-3074   -            278 60356at6656          -            341   7.1e-12   43.2  11.6   1   3   1.7e-05   0.00059   17.1   1.5   172   279     9   115     6   131 0.87 -
de_novo.Agm54242U_210819_213017_99420781_ccs.1:2241-3074   -            278 60356at6656          -            341   7.1e-12   43.2  11.6   2   3     2e-07     7e-06   23.5   0.4   217   279   132   195   116   212 0.86 -
de_novo.Agm54242U_210819_213017_99420781_ccs.1:2241-3074   -            278 60356at6656          -            341   7.1e-12   43.2  11.6   3   3    0.0056      0.19    8.9   0.1   224   278   219   277   214   278 0.78 -
de_novo.Agm54242U_210909_035710_13762632_ccs.1:327-1340    -            338 60356at6656          -            341   1.2e-11   42.4   4.0   1   4    0.0008     0.028   11.6   0.1   223   280    51   111    36   123 0.85 -
de_novo.Agm54242U_210909_035710_13762632_ccs.1:327-1340    -            338 60356at6656          -            341   1.2e-11   42.4   4.0   2   4   0.00089     0.031   11.5   0.6   214   277   127   193   111   196 0.82 -
de_novo.Agm54242U_210909_035710_13762632_ccs.1:327-1340    -            338 60356at6656          -            341   1.2e-11   42.4   4.0   3   4     0.046       1.6    5.8   0.0   182   223   179   220   175   231 0.87 -
de_novo.Agm54242U_210909_035710_13762632_ccs.1:327-1340    -            338 60356at6656          -            341   1.2e-11   42.4   4.0   4   4   9.2e-05    0.0032   14.7   0.0   221   299   238   319   234   333 0.86 -
de_novo.Agm54242U_210819_213017_104008273_ccs.1:0-2801     -            934 60356at6656          -            341   1.8e-11   41.8   1.6   1   3   1.8e-05   0.00062   17.1   0.1   214   279    23    91    14   110 0.78 -
de_novo.Agm54242U_210819_213017_104008273_ccs.1:0-2801     -            934 60356at6656          -            341   1.8e-11   41.8   1.6   2   3   8.9e-07   3.1e-05   21.3   0.2   223   282   116   178    97   201 0.84 -
de_novo.Agm54242U_210819_213017_104008273_ccs.1:0-2801     -            934 60356at6656          -            341   1.8e-11   41.8   1.6   3   3       1.6        54    0.8   0.0   215   249   192   226   188   229 0.78 -
de_novo.Agm54242Ue_220404_200923_72024242_ccs.1:61-807     -            249 60356at6656          -            341   3.9e-11   40.7   4.3   1   3   4.4e-07   1.5e-05   22.3   1.6   192   281    28   123     5   130 0.76 -
de_novo.Agm54242Ue_220404_200923_72024242_ccs.1:61-807     -            249 60356at6656          -            341   3.9e-11   40.7   4.3   2   3    0.0012     0.042   11.0   0.2   215   280    94   164    94   173 0.79 -
de_novo.Agm54242Ue_220404_200923_72024242_ccs.1:61-807     -            249 60356at6656          -            341   3.9e-11   40.7   4.3   3   3    0.0012      0.04   11.1   0.0   172   239   176   248   169   249 0.80 -
de_novo.Agm54242Ue_220404_200923_101910193_ccs.1:30-632    -            201 60356at6656          -            341   4.9e-11   40.4   3.1   1   3   2.8e-06   9.6e-05   19.7   0.2   213   261     2    51     1    56 0.91 -
de_novo.Agm54242Ue_220404_200923_101910193_ccs.1:30-632    -            201 60356at6656          -            341   4.9e-11   40.4   3.1   2   3   0.00084     0.029   11.5   0.2   215   280    47   117    47   125 0.79 -
de_novo.Agm54242Ue_220404_200923_101910193_ccs.1:30-632    -            201 60356at6656          -            341   4.9e-11   40.4   3.1   3   3    0.0012     0.041   11.0   0.0   172   238   129   200   122   201 0.81 -
de_novo.Agm54242Ue_220404_200923_61278135_ccs.1:93-695     -            201 60356at6656          -            341   4.9e-11   40.4   3.1   1   3   2.8e-06   9.6e-05   19.7   0.2   213   261     2    51     1    56 0.91 -
de_novo.Agm54242Ue_220404_200923_61278135_ccs.1:93-695     -            201 60356at6656          -            341   4.9e-11   40.4   3.1   2   3   0.00084     0.029   11.5   0.2   215   280    47   117    47   125 0.79 -
de_novo.Agm54242Ue_220404_200923_61278135_ccs.1:93-695     -            201 60356at6656          -            341   4.9e-11   40.4   3.1   3   3    0.0012     0.041   11.0   0.0   172   238   129   200   122   201 0.81 -
de_novo.Agm54242Ue_220404_200923_95224254_ccs.1:66-668     -            201 60356at6656          -            341   4.9e-11   40.4   3.1   1   3   2.8e-06   9.6e-05   19.7   0.2   213   261     2    51     1    56 0.91 -
de_novo.Agm54242Ue_220404_200923_95224254_ccs.1:66-668     -            201 60356at6656          -            341   4.9e-11   40.4   3.1   2   3   0.00084     0.029   11.5   0.2   215   280    47   117    47   125 0.79 -
de_novo.Agm54242Ue_220404_200923_95224254_ccs.1:66-668     -            201 60356at6656          -            341   4.9e-11   40.4   3.1   3   3    0.0012     0.041   11.0   0.0   172   238   129   200   122   201 0.81 -
de_novo.Agm54242Ue_220404_200923_28050811_ccs.1:0-1832     -            611 60356at6656          -            341   7.9e-11   39.7   4.6   1   3      0.36        12    2.9   0.0   214   241   286   313   282   322 0.90 -
de_novo.Agm54242Ue_220404_200923_28050811_ccs.1:0-1832     -            611 60356at6656          -            341   7.9e-11   39.7   4.6   2   3   2.5e-05   0.00087   16.6   0.8   175   279   362   469   344   486 0.84 -
de_novo.Agm54242Ue_220404_200923_28050811_ccs.1:0-1832     -            611 60356at6656          -            341   7.9e-11   39.7   4.6   3   3   5.9e-06   0.00021   18.6   0.0   216   282   487   556   481   575 0.86 -
de_novo.Agseq_64433.1:0-1952                               -            651 60356at6656          -            341   1.3e-10   39.0   4.6   1   3      0.39        13    2.8   0.0   214   241   326   353   322   362 0.90 -
de_novo.Agseq_64433.1:0-1952                               -            651 60356at6656          -            341   1.3e-10   39.0   4.6   2   3   2.8e-05   0.00097   16.4   0.8   175   279   402   509   384   526 0.84 -
de_novo.Agseq_64433.1:0-1952                               -            651 60356at6656          -            341   1.3e-10   39.0   4.6   3   3   6.6e-06   0.00023   18.5   0.0   216   282   527   596   521   614 0.86 -
de_novo.Agm54242Ue_220404_200923_4983077_ccs.1:234-1106    -            291 60356at6656          -            341   1.4e-10   38.9   4.4   1   4   1.1e-05   0.00037   17.8   1.2   212   279    49   124     5   130 0.78 -
de_novo.Agm54242Ue_220404_200923_4983077_ccs.1:234-1106    -            291 60356at6656          -            341   1.4e-10   38.9   4.4   2   4    0.0038      0.13    9.4   0.2   210   282    94   169    80   178 0.82 -
de_novo.Agm54242Ue_220404_200923_4983077_ccs.1:234-1106    -            291 60356at6656          -            341   1.4e-10   38.9   4.4   3   4      0.14       4.8    4.3   0.0   209   260   135   186   125   192 0.89 -
de_novo.Agm54242Ue_220404_200923_4983077_ccs.1:234-1106    -            291 60356at6656          -            341   1.4e-10   38.9   4.4   4   4   1.4e-05   0.00049   17.4   0.0   173   260   181   272   177   291 0.78 -
de_novo.Agm54242U_210909_035710_123929174_ccs.1:600-1304   -            235 60356at6656          -            341   1.4e-10   38.9   0.6   1   3   1.4e-05   0.00049   17.4   0.0   219   280     2    69     1    80 0.84 -
de_novo.Agm54242U_210909_035710_123929174_ccs.1:600-1304   -            235 60356at6656          -            341   1.4e-10   38.9   0.6   2   3   0.00037     0.013   12.7   0.0   208   281    78   154    70   160 0.87 -
de_novo.Agm54242U_210909_035710_123929174_ccs.1:600-1304   -            235 60356at6656          -            341   1.4e-10   38.9   0.6   3   3   0.00038     0.013   12.7   0.1   173   258   125   214   125   235 0.78 -
de_novo.Agseq_193310.1:0-1511                              -            504 60356at6656          -            341   1.9e-10   38.5   0.0   1   2   0.00029      0.01   13.1   0.0   220   279   232   294   215   305 0.80 -
de_novo.Agseq_193310.1:0-1511                              -            504 60356at6656          -            341   1.9e-10   38.5   0.0   2   2   2.5e-07   8.6e-06   23.2   0.0   212   280   351   422   341   437 0.90 -
de_novo.Agseq_100236.1:120-953                             -            278 60356at6656          -            341   4.5e-10   37.2   4.3   1   4       1.7        59    0.7   0.0   233   261    10    38     4    47 0.87 -
de_novo.Agseq_100236.1:120-953                             -            278 60356at6656          -            341   4.5e-10   37.2   4.3   2   4   9.3e-05    0.0032   14.7   0.1   178   261    46   130    37   135 0.89 -
de_novo.Agseq_100236.1:120-953                             -            278 60356at6656          -            341   4.5e-10   37.2   4.3   3   4     4e-08   1.4e-06   25.8   0.6   177   280    86   194    83   200 0.89 -
de_novo.Agseq_100236.1:120-953                             -            278 60356at6656          -            341   4.5e-10   37.2   4.3   4   4     0.098       3.4    4.8   0.0   182   238   220   276   202   278 0.88 -
de_novo.Agm54242Ue_220404_200923_64686449_ccs.1:768-1418   -            217 60356at6656          -            341   9.8e-10   36.1   0.2   1   2   2.7e-08   9.5e-07   26.3   0.1   182   246    20    85     7   145 0.79 -
de_novo.Agm54242Ue_220404_200923_64686449_ccs.1:768-1418   -            217 60356at6656          -            341   9.8e-10   36.1   0.2   2   2    0.0091      0.32    8.1   0.0   172   238   143   213   133   216 0.83 -
de_novo.Agseq_189239.1:975-1625                            -            217 60356at6656          -            341   9.8e-10   36.1   0.2   1   2   2.7e-08   9.5e-07   26.3   0.1   182   246    20    85     7   145 0.79 -
de_novo.Agseq_189239.1:975-1625                            -            217 60356at6656          -            341   9.8e-10   36.1   0.2   2   2    0.0091      0.32    8.1   0.0   172   238   143   213   133   216 0.83 -
de_novo.Agm54242U_210909_035710_29098324_ccs.1:144-863     -            240 60356at6656          -            341   1.2e-09   35.8   3.4   1   2   4.1e-09   1.4e-07   29.0   0.5   181   280    20   125     7   136 0.85 -
de_novo.Agm54242U_210909_035710_29098324_ccs.1:144-863     -            240 60356at6656          -            341   1.2e-09   35.8   3.4   2   2     0.056       1.9    5.6   0.1   210   258   171   219   158   240 0.83 -
de_novo.Agm54242Ue_220404_200923_119603605_ccs.1:311-892   -            194 60356at6656          -            341   1.4e-09   35.6   1.3   1   3   4.6e-05    0.0016   15.7   0.2   220   281     2    69     1    76 0.79 -
de_novo.Agm54242Ue_220404_200923_119603605_ccs.1:311-892   -            194 60356at6656          -            341   1.4e-09   35.6   1.3   2   3   0.00052     0.018   12.2   0.1   215   281    40   111    40   127 0.78 -
de_novo.Agm54242Ue_220404_200923_119603605_ccs.1:311-892   -            194 60356at6656          -            341   1.4e-09   35.6   1.3   3   3    0.0011     0.039   11.1   0.0   172   238   122   193   116   194 0.81 -
de_novo.Agm54242U_210819_213017_125700578_ccs.1:66-902     -            279 60356at6656          -            341   1.5e-09   35.5   1.0   1   2      0.16       5.5    4.1   0.1   209   240    38    70    26   131 0.66 -
de_novo.Agm54242U_210819_213017_125700578_ccs.1:66-902     -            279 60356at6656          -            341   1.5e-09   35.5   1.0   2   2   1.7e-09     6e-08   30.3   0.1   177   281   140   251   131   263 0.86 -
de_novo.Agm54242U_210909_035710_153094938_ccs.1:150-686    -            179 60356at6656          -            341   1.7e-09   35.3   1.0   1   2   1.8e-09   6.3e-08   30.2   0.5   180   279    17   122     2   129 0.85 -
de_novo.Agm54242U_210909_035710_153094938_ccs.1:150-686    -            179 60356at6656          -            341   1.7e-09   35.3   1.0   2   2      0.63        22    2.1   0.0   208   253   132   177   122   179 0.81 -
de_novo.AGAP002030-RA.1:540-1598                           -            353 60356at6656          -            341   1.8e-09   35.3   5.1   1   4   4.9e-05    0.0017   15.6   0.0   213   279     6    75     2    77 0.84 -
de_novo.AGAP002030-RA.1:540-1598                           -            353 60356at6656          -            341   1.8e-09   35.3   5.1   2   4      0.17       5.9    4.0   0.0   221   279    56   121    51   145 0.74 -
de_novo.AGAP002030-RA.1:540-1598                           -            353 60356at6656          -            341   1.8e-09   35.3   5.1   3   4    0.0037      0.13    9.5   0.0   213   303   147   239   140   250 0.76 -
de_novo.AGAP002030-RA.1:540-1598                           -            353 60356at6656          -            341   1.8e-09   35.3   5.1   4   4     0.008      0.28    8.3   0.6   215   282   251   322   248   332 0.76 -
de_novo.Agseq_11650.1:408-1466                             -            353 60356at6656          -            341   1.8e-09   35.3   5.1   1   4   4.9e-05    0.0017   15.6   0.0   213   279     6    75     2    77 0.84 -
de_novo.Agseq_11650.1:408-1466                             -            353 60356at6656          -            341   1.8e-09   35.3   5.1   2   4      0.17       5.9    4.0   0.0   221   279    56   121    51   145 0.74 -
de_novo.Agseq_11650.1:408-1466                             -            353 60356at6656          -            341   1.8e-09   35.3   5.1   3   4    0.0037      0.13    9.5   0.0   213   303   147   239   140   250 0.76 -
de_novo.Agseq_11650.1:408-1466                             -            353 60356at6656          -            341   1.8e-09   35.3   5.1   4   4     0.008      0.28    8.3   0.6   215   282   251   322   248   332 0.76 -
de_novo.AGAP007739-RA.1:441-1478                           -            346 60356at6656          -            341   2.3e-09   34.9   2.6   1   4       1.9        65    0.5   0.0   250   289    10    52     3    74 0.65 -
de_novo.AGAP007739-RA.1:441-1478                           -            346 60356at6656          -            341   2.3e-09   34.9   2.6   2   4     0.031       1.1    6.4   0.0   181   240    80   138    55   151 0.86 -
de_novo.AGAP007739-RA.1:441-1478                           -            346 60356at6656          -            341   2.3e-09   34.9   2.6   3   4    0.0072      0.25    8.5   0.0   182   255   163   236   158   253 0.80 -
de_novo.AGAP007739-RA.1:441-1478                           -            346 60356at6656          -            341   2.3e-09   34.9   2.6   4   4     3e-05     0.001   16.3   0.1   183   251   257   325   252   344 0.88 -
de_novo.Agseq_132797.1:519-1556                            -            346 60356at6656          -            341   2.3e-09   34.9   2.6   1   4       1.9        65    0.5   0.0   250   289    10    52     3    74 0.65 -
de_novo.Agseq_132797.1:519-1556                            -            346 60356at6656          -            341   2.3e-09   34.9   2.6   2   4     0.031       1.1    6.4   0.0   181   240    80   138    55   151 0.86 -
de_novo.Agseq_132797.1:519-1556                            -            346 60356at6656          -            341   2.3e-09   34.9   2.6   3   4    0.0072      0.25    8.5   0.0   182   255   163   236   158   253 0.80 -
de_novo.Agseq_132797.1:519-1556                            -            346 60356at6656          -            341   2.3e-09   34.9   2.6   4   4     3e-05     0.001   16.3   0.1   183   251   257   325   252   344 0.88 -
de_novo.Agm54242U_210819_213017_12715226_ccs.1:1194-2072   -            293 60356at6656          -            341   2.9e-09   34.6   0.0   1   3   8.2e-05    0.0028   14.9   0.0   203   244    29    70    19    80 0.84 -
de_novo.Agm54242U_210819_213017_12715226_ccs.1:1194-2072   -            293 60356at6656          -            341   2.9e-09   34.6   0.0   2   3       4.1   1.4e+02   -0.6   0.1   208   245   127   164    99   176 0.75 -
de_novo.Agm54242U_210819_213017_12715226_ccs.1:1194-2072   -            293 60356at6656          -            341   2.9e-09   34.6   0.0   3   3   2.7e-05   0.00095   16.4   0.0   215   289   183   260   137   271 0.87 -
de_novo.Agm54242Ue_220404_200923_125830808_ccs.1:45-1046   -            334 60356at6656          -            341   5.7e-09   33.6   9.0   1   4   0.00056     0.019   12.1   0.1   211   238    56    83    45    87 0.87 -
de_novo.Agm54242Ue_220404_200923_125830808_ccs.1:45-1046   -            334 60356at6656          -            341   5.7e-09   33.6   9.0   2   4   5.1e-06   0.00018   18.8   1.0   201   280   108   191   102   199 0.86 -
de_novo.Agm54242Ue_220404_200923_125830808_ccs.1:45-1046   -            334 60356at6656          -            341   5.7e-09   33.6   9.0   3   4      0.67        23    2.0   0.0   213   227   211   225   205   231 0.84 -
de_novo.Agm54242Ue_220404_200923_125830808_ccs.1:45-1046   -            334 60356at6656          -            341   5.7e-09   33.6   9.0   4   4      0.33        11    3.0   0.1   172   240   265   333   243   334 0.87 -
de_novo.Agm54242Ue_220404_200923_50529116_ccs.1:195-929    -            245 60356at6656          -            341   6.4e-09   33.5   6.2   1   3   0.00053     0.019   12.2   0.1   213   238     8    33     2    37 0.90 -
de_novo.Agm54242Ue_220404_200923_50529116_ccs.1:195-929    -            245 60356at6656          -            341   6.4e-09   33.5   6.2   2   3   2.5e-06   8.5e-05   19.9   1.0   201   280    58   141    52   159 0.86 -
de_novo.Agm54242Ue_220404_200923_50529116_ccs.1:195-929    -            245 60356at6656          -            341   6.4e-09   33.5   6.2   3   3      0.35        12    2.9   0.0   213   227   161   175   155   214 0.87 -
de_novo.Agm54242Ue_220404_200923_111608249_ccs.1:2170-2514 -            115 60356at6656          -            341   8.6e-09   33.0   0.1   1   2   1.8e-06   6.4e-05   20.3   0.0   176   240     5    71     2    83 0.86 -
de_novo.Agm54242Ue_220404_200923_111608249_ccs.1:2170-2514 -            115 60356at6656          -            341   8.6e-09   33.0   0.1   2   2     0.002     0.071   10.3   0.1   111   137    85   111    76   115 0.70 -
de_novo.Agm54242Ue_220404_200923_86313246_ccs.1:2077-2421  -            115 60356at6656          -            341   8.6e-09   33.0   0.1   1   2   1.8e-06   6.4e-05   20.3   0.0   176   240     5    71     2    83 0.86 -
de_novo.Agm54242Ue_220404_200923_86313246_ccs.1:2077-2421  -            115 60356at6656          -            341   8.6e-09   33.0   0.1   2   2     0.002     0.071   10.3   0.1   111   137    85   111    76   115 0.70 -
de_novo.AGAP001036-RA.1:0-995                              -            332 60356at6656          -            341   8.8e-09   33.0   0.2   1   2    0.0014     0.048   10.8   0.1   212   282    81   155    26   159 0.63 -
de_novo.AGAP001036-RA.1:0-995                              -            332 60356at6656          -            341   8.8e-09   33.0   0.2   2   2   8.3e-06   0.00029   18.1   0.0   178   260   227   311   220   320 0.91 -
de_novo.Agm54242U_210819_213017_106890328_ccs.1:0-941      -            314 60356at6656          -            341   9.7e-09   32.8   0.1   1   2    0.0012     0.042   11.0   0.1   213   284    64   139    20   150 0.69 -
de_novo.Agm54242U_210819_213017_106890328_ccs.1:0-941      -            314 60356at6656          -            341   9.7e-09   32.8   0.1   2   2   7.5e-06   0.00026   18.3   0.0   178   260   209   293   202   302 0.91 -
de_novo.Agm54242U_210819_213017_158335064_ccs.1:0-980      -            327 60356at6656          -            341   9.7e-09   32.8   0.1   1   2    0.0015     0.052   10.7   0.1   213   282    77   150    29   154 0.63 -
de_novo.Agm54242U_210819_213017_158335064_ccs.1:0-980      -            327 60356at6656          -            341   9.7e-09   32.8   0.1   2   2     8e-06   0.00028   18.2   0.0   178   260   222   306   215   315 0.91 -
de_novo.Agm54242U_210909_035710_152830080_ccs.1:25-885     -            287 60356at6656          -            341     1e-08   32.7   1.4   1   2   3.2e-09   1.1e-07   29.4   0.1   156   261    96   204    81   229 0.79 -
de_novo.Agm54242U_210909_035710_152830080_ccs.1:25-885     -            287 60356at6656          -            341     1e-08   32.7   1.4   2   2      0.16       5.6    4.0   0.6   220   283   210   275   200   286 0.78 -
de_novo.Agm54242U_210909_035710_121176390_ccs.1:132-1607   -            492 60356at6656          -            341   1.4e-08   32.3   5.4   1   3   4.5e-07   1.6e-05   22.3   0.1   219   280    30    94    24    95 0.87 -
de_novo.Agm54242U_210909_035710_121176390_ccs.1:132-1607   -            492 60356at6656          -            341   1.4e-08   32.3   5.4   2   3    0.0035      0.12    9.5   0.2   225   281    78   138    74   155 0.83 -
de_novo.Agm54242U_210909_035710_121176390_ccs.1:132-1607   -            492 60356at6656          -            341   1.4e-08   32.3   5.4   3   3      0.31        11    3.1   0.4   176   277   352   456   347   460 0.56 -
de_novo.Agm54242U_210909_035710_10291193_ccs.1:0-1211      -            404 60356at6656          -            341   1.5e-08   32.2   0.3   1   2   1.3e-05   0.00045   17.5   0.1   178   247    78   155    73   180 0.75 -
de_novo.Agm54242U_210909_035710_10291193_ccs.1:0-1211      -            404 60356at6656          -            341   1.5e-08   32.2   0.3   2   2    0.0012     0.042   11.0   0.0   221   276   246   305   188   310 0.80 -
de_novo.Agm54242U_210909_035710_161022849_ccs.1:0-1439     -            480 60356at6656          -            341   2.6e-08   31.4   0.5   1   2   1.9e-05   0.00066   17.0   0.1   178   247   102   179    98   215 0.77 -
de_novo.Agm54242U_210909_035710_161022849_ccs.1:0-1439     -            480 60356at6656          -            341   2.6e-08   31.4   0.5   2   2    0.0017     0.058   10.6   0.0   221   276   322   381   266   386 0.81 -
de_novo.Agseq_184941.1:4-672                               -            223 60356at6656          -            341   2.8e-08   31.3   1.5   1   3   0.00022    0.0075   13.5   0.2   188   276    27   118    15   119 0.84 -
de_novo.Agseq_184941.1:4-672                               -            223 60356at6656          -            341   2.8e-08   31.3   1.5   2   3   4.6e-06   0.00016   19.0   0.5   176   279    57   163    51   180 0.85 -
de_novo.Agseq_184941.1:4-672                               -            223 60356at6656          -            341   2.8e-08   31.3   1.5   3   3    0.0075      0.26    8.4   0.0   216   255   181   220   174   223 0.90 -
de_novo.Agseq_166558.1:1407-2156                           -            250 60356at6656          -            341   2.9e-08   31.3   0.2   1   2   0.00048     0.017   12.3   0.0   181   273    11   112     1   126 0.69 -
de_novo.Agseq_166558.1:1407-2156                           -            250 60356at6656          -            341   2.9e-08   31.3   0.2   2   2   1.8e-05   0.00064   17.0   0.3   165   281   131   250   123   250 0.80 -
de_novo.Agm54242Ue_220404_200923_13961777_ccs.1:54-1365    -            435 60356at6656          -            341   4.3e-08   30.7   2.4   1   3   0.00037     0.013   12.7   0.1   182   262   211   292   193   297 0.89 -
de_novo.Agm54242Ue_220404_200923_13961777_ccs.1:54-1365    -            435 60356at6656          -            341   4.3e-08   30.7   2.4   2   3   5.6e-08   1.9e-06   25.3   0.7   175   280   245   355   242   365 0.90 -
de_novo.Agm54242Ue_220404_200923_13961777_ccs.1:54-1365    -            435 60356at6656          -            341   4.3e-08   30.7   2.4   3   3       1.4        49    0.9   0.0   182   230   381   429   368   433 0.86 -
de_novo.Agm54242U_210909_035710_137234720_ccs.1:642-1295   -            218 60356at6656          -            341   4.8e-08   30.6   0.6   1   3   1.4e-06   4.8e-05   20.7   0.0   173   255    14   100     8   103 0.87 -
de_novo.Agm54242U_210909_035710_137234720_ccs.1:642-1295   -            218 60356at6656          -            341   4.8e-08   30.6   0.6   2   3     0.024      0.85    6.7   0.1   217   281   104   173   100   187 0.75 -
de_novo.Agm54242U_210909_035710_137234720_ccs.1:642-1295   -            218 60356at6656          -            341   4.8e-08   30.6   0.6   3   3       3.2   1.1e+02   -0.2   0.0   216   238   190   212   176   215 0.88 -
de_novo.Agm54242U_210909_035710_173474424_ccs.1:2-1657     -            552 60356at6656          -            341   5.1e-08   30.5   0.7   1   2   2.4e-05   0.00084   16.6   0.1   178   247   260   337   256   372 0.77 -
de_novo.Agm54242U_210909_035710_173474424_ccs.1:2-1657     -            552 60356at6656          -            341   5.1e-08   30.5   0.7   2   2    0.0021     0.074   10.2   0.0   221   276   480   539   424   543 0.81 -
de_novo.Agseq_19786.1:58-381                               -            108 60356at6656          -            341   7.5e-08   29.9   2.1   1   2   5.1e-05    0.0018   15.5   0.9   216   279     7    71     3    88 0.88 -
de_novo.Agseq_19786.1:58-381                               -            108 60356at6656          -            341   7.5e-08   29.9   2.1   2   2    0.0001    0.0036   14.5   0.0   211   234    85   108    72   108 0.78 -
de_novo.AGAP010251-RA.1:45-836                             -            264 60356at6656          -            341   8.2e-08   29.8   4.2   1   3   0.00023    0.0081   13.4   0.0   189   262    15    88     4    93 0.89 -
de_novo.AGAP010251-RA.1:45-836                             -            264 60356at6656          -            341   8.2e-08   29.8   4.2   2   3    0.0071      0.25    8.5   0.2   225   279    93   151    89   160 0.80 -
de_novo.AGAP010251-RA.1:45-836                             -            264 60356at6656          -            341   8.2e-08   29.8   4.2   3   3    0.0075      0.26    8.4   0.1   220   274   203   262   191   264 0.74 -
de_novo.Agm54242U_210909_035710_27460192_ccs.1:45-836      -            264 60356at6656          -            341   8.2e-08   29.8   4.2   1   3   0.00023    0.0081   13.4   0.0   189   262    15    88     4    93 0.89 -
de_novo.Agm54242U_210909_035710_27460192_ccs.1:45-836      -            264 60356at6656          -            341   8.2e-08   29.8   4.2   2   3    0.0071      0.25    8.5   0.2   225   279    93   151    89   160 0.80 -
de_novo.Agm54242U_210909_035710_27460192_ccs.1:45-836      -            264 60356at6656          -            341   8.2e-08   29.8   4.2   3   3    0.0075      0.26    8.4   0.1   220   274   203   262   191   264 0.74 -
de_novo.Agm54242U_210819_213017_145230358_ccs.1:50-490     -            147 60356at6656          -            341   9.8e-08   29.5   1.0   1   2     0.018      0.62    7.2   0.2   231   282     2    58     1    63 0.84 -
de_novo.Agm54242U_210819_213017_145230358_ccs.1:50-490     -            147 60356at6656          -            341   9.8e-08   29.5   1.0   2   2   8.7e-07     3e-05   21.4   0.0   212   264    69   123    60   145 0.81 -
de_novo.Agm54242U_210909_035710_85328103_ccs.1:0-3134      -           1045 60356at6656          -            341   1.1e-07   29.3   1.8   1   3       1.3        45    1.1   0.0   214   241   640   667   630   688 0.84 -
de_novo.Agm54242U_210909_035710_85328103_ccs.1:0-3134      -           1045 60356at6656          -            341   1.1e-07   29.3   1.8   2   3    0.0012     0.043   11.0   0.2   212   289   736   815   724   830 0.82 -
de_novo.Agm54242U_210909_035710_85328103_ccs.1:0-3134      -           1045 60356at6656          -            341   1.1e-07   29.3   1.8   3   3    0.0001    0.0036   14.5   0.0   178   241   879   944   836   957 0.78 -
de_novo.Agseq_141556.1:12-1436                             -            475 60356at6656          -            341   1.2e-07   29.3   8.5   1   4   0.00087      0.03   11.5   0.1   211   238    67    94    56    98 0.87 -
de_novo.Agseq_141556.1:12-1436                             -            475 60356at6656          -            341   1.2e-07   29.3   8.5   2   4   8.3e-06   0.00029   18.2   0.9   201   280   119   202   113   211 0.86 -
de_novo.Agseq_141556.1:12-1436                             -            475 60356at6656          -            341   1.2e-07   29.3   8.5   3   4      0.82        28    1.7   0.0   213   227   222   236   214   274 0.88 -
de_novo.Agseq_141556.1:12-1436                             -            475 60356at6656          -            341   1.2e-07   29.3   8.5   4   4         5   1.7e+02   -0.9   0.0   181   239   292   351   274   356 0.72 -
de_novo.Agm54242U_210819_213017_127992793_ccs.1:0-3323     -           1108 60356at6656          -            341   1.4e-07   29.0   1.8   1   3       1.4        48    1.0   0.0   214   241   703   730   693   750 0.84 -
de_novo.Agm54242U_210819_213017_127992793_ccs.1:0-3323     -           1108 60356at6656          -            341   1.4e-07   29.0   1.8   2   3    0.0013     0.047   10.9   0.2   212   289   799   878   787   893 0.82 -
de_novo.Agm54242U_210819_213017_127992793_ccs.1:0-3323     -           1108 60356at6656          -            341   1.4e-07   29.0   1.8   3   3    0.0001    0.0035   14.6   0.0   162   241   925  1007   891  1020 0.78 -
de_novo.Agm54242U_210909_035710_50988385_ccs.1:79-3489     -           1137 60356at6656          -            341   1.6e-07   28.9   1.8   1   3       1.4        49    0.9   0.0   214   241   732   759   722   779 0.84 -
de_novo.Agm54242U_210909_035710_50988385_ccs.1:79-3489     -           1137 60356at6656          -            341   1.6e-07   28.9   1.8   2   3    0.0014     0.048   10.8   0.2   212   289   828   907   816   922 0.82 -
de_novo.Agm54242U_210909_035710_50988385_ccs.1:79-3489     -           1137 60356at6656          -            341   1.6e-07   28.9   1.8   3   3   0.00011    0.0037   14.5   0.0   162   241   954  1036   920  1049 0.78 -
de_novo.AGAP002776-RA.1:480-1025                           -            182 60356at6656          -            341   2.3e-07   28.3   0.5   1   2     1e-05   0.00036   17.8   0.1   180   277    20   125     7   134 0.73 -
de_novo.AGAP002776-RA.1:480-1025                           -            182 60356at6656          -            341   2.3e-07   28.3   0.5   2   2     0.005      0.17    9.0   0.0   209   245   139   176   130   182 0.81 -
de_novo.Agseq_197081.1:96-1604                             -            503 60356at6656          -            341   2.3e-07   28.3   0.2   1   4       5.4   1.9e+02   -1.0   0.0   234   261   204   231   185   242 0.72 -
de_novo.Agseq_197081.1:96-1604                             -            503 60356at6656          -            341   2.3e-07   28.3   0.2   2   4   2.2e-06   7.7e-05   20.0   0.1   170   246   289   366   261   375 0.86 -
de_novo.Agseq_197081.1:96-1604                             -            503 60356at6656          -            341   2.3e-07   28.3   0.2   3   4      0.27       9.4    3.3   0.0   215   240   378   403   372   430 0.90 -
de_novo.Agseq_197081.1:96-1604                             -            503 60356at6656          -            341   2.3e-07   28.3   0.2   4   4       2.9     1e+02   -0.1   0.0    35    64   418   447   392   459 0.71 -
de_novo.Agm54242Ue_220404_200923_173867982_ccs.1:0-1232    -            411 60356at6656          -            341   2.7e-07   28.1   2.4   1   3   8.8e-06    0.0003   18.1   0.1   212   297   132   223   123   249 0.80 -
de_novo.Agm54242Ue_220404_200923_173867982_ccs.1:0-1232    -            411 60356at6656          -            341   2.7e-07   28.1   2.4   2   3      0.11         4    4.5   0.0   181   248   263   331   247   340 0.82 -
de_novo.Agm54242Ue_220404_200923_173867982_ccs.1:0-1232    -            411 60356at6656          -            341   2.7e-07   28.1   2.4   3   3      0.19       6.5    3.8   0.2   212   252   341   382   334   391 0.84 -
de_novo.Agm54242Ue_220404_200923_140773074_ccs.1:376-936   -            187 60356at6656          -            341   2.8e-07   28.0   4.0   1   2   0.00028    0.0096   13.1   0.2   188   280     8   105     2   107 0.73 -
de_novo.Agm54242Ue_220404_200923_140773074_ccs.1:376-936   -            187 60356at6656          -            341   2.8e-07   28.0   4.0   2   2     6e-06   0.00021   18.6   0.6   183   259    89   167    84   187 0.82 -
de_novo.Agm54242Ue_220404_200923_133694281_ccs.1:191-1033  -            281 60356at6656          -            341   3.1e-07   27.9   0.1   1   2    0.0053      0.18    8.9   0.0   173   230     5    66     2   119 0.73 -
de_novo.Agm54242Ue_220404_200923_133694281_ccs.1:191-1033  -            281 60356at6656          -            341   3.1e-07   27.9   0.1   2   2   2.2e-05   0.00077   16.7   0.1   164   246   128   213   122   251 0.81 -
de_novo.Agseq_134205.1:0-1367                              -            456 60356at6656          -            341     4e-07   27.5   1.9   1   2    0.0035      0.12    9.5   0.3   219   280    84   148    13   169 0.80 -
de_novo.Agseq_134205.1:0-1367                              -            456 60356at6656          -            341     4e-07   27.5   1.9   2   2   1.4e-05   0.00049   17.4   0.1   171   255   169   255   150   307 0.74 -
de_novo.Agm54242Ue_220404_200923_72024242_ccs.1:319-810    -            164 60356at6656          -            341   4.1e-07   27.5   0.3   1   2   0.00023    0.0081   13.4   0.1   215   280     8    78     2    87 0.80 -
de_novo.Agm54242Ue_220404_200923_72024242_ccs.1:319-810    -            164 60356at6656          -            341   4.1e-07   27.5   0.3   2   2   0.00038     0.013   12.7   0.0   172   239    90   162    80   164 0.82 -
de_novo.Agm54242U_210819_213017_111215186_ccs.1:0-986      -            329 60356at6656          -            341   4.2e-07   27.5   0.1   1   2   0.00023    0.0079   13.4   0.1   215   277    64   130    55   142 0.84 -
de_novo.Agm54242U_210819_213017_111215186_ccs.1:0-986      -            329 60356at6656          -            341   4.2e-07   27.5   0.1   2   2   0.00065     0.022   11.9   0.0   192   239   205   254   181   260 0.80 -
de_novo.Agseq_128624.1:127-834                             -            236 60356at6656          -            341   4.2e-07   27.5   3.9   1   3   0.00024    0.0085   13.3   0.1   222   277    20    78     9    78 0.82 -
de_novo.Agseq_128624.1:127-834                             -            236 60356at6656          -            341   4.2e-07   27.5   3.9   2   3     0.006      0.21    8.7   0.2   225   279    65   123    61   131 0.80 -
de_novo.Agseq_128624.1:127-834                             -            236 60356at6656          -            341   4.2e-07   27.5   3.9   3   3    0.0062      0.21    8.7   0.1   220   274   175   234   163   236 0.74 -
de_novo.Agm54242U_210909_035710_12322264_ccs.1:388-1386    -            333 60356at6656          -            341   4.3e-07   27.4   0.1   1   2   0.00023    0.0079   13.4   0.1   215   277    68   134    58   146 0.84 -
de_novo.Agm54242U_210909_035710_12322264_ccs.1:388-1386    -            333 60356at6656          -            341   4.3e-07   27.4   0.1   2   2   0.00066     0.023   11.9   0.0   192   239   209   258   185   264 0.80 -
de_novo.AGAP007544-RA.1:171-770                            -            200 60356at6656          -            341   5.7e-07   27.0   0.8   1   3      0.15       5.3    4.1   0.0   215   240    18    43     4    51 0.88 -
de_novo.AGAP007544-RA.1:171-770                            -            200 60356at6656          -            341   5.7e-07   27.0   0.8   2   3   0.00012    0.0042   14.3   0.1   214   261    77   124    59   126 0.90 -
de_novo.AGAP007544-RA.1:171-770                            -            200 60356at6656          -            341   5.7e-07   27.0   0.8   3   3   0.00082     0.028   11.6   0.1   215   249   120   154   116   160 0.91 -
de_novo.Agseq_54708.1:0-1103                               -            368 60356at6656          -            341     6e-07   26.9   0.3   1   2   0.00022    0.0077   13.4   0.1   215   277   103   169    32   181 0.89 -
de_novo.Agseq_54708.1:0-1103                               -            368 60356at6656          -            341     6e-07   26.9   0.3   2   2   0.00077     0.027   11.7   0.0   192   239   244   293   220   299 0.80 -
de_novo.Agseq_84606.1:126-737                              -            204 60356at6656          -            341   7.4e-07   26.6   1.0   1   2     0.084       2.9    5.0   0.1   209   240    38    70    26   131 0.64 -
de_novo.Agseq_84606.1:126-737                              -            204 60356at6656          -            341   7.4e-07   26.6   1.0   2   2   1.5e-06   5.2e-05   20.6   0.1   177   238   140   203   131   204 0.90 -
de_novo.Agm54242U_210909_035710_163054641_ccs.1:2-583      -            194 60356at6656          -            341   9.5e-07   26.3   0.0   1   1   4.1e-08   1.4e-06   25.7   0.0   212   280    41   112    31   131 0.90 -
de_novo.Agseq_176116.1:99-713                              -            205 60356at6656          -            341   1.9e-06   25.3   3.3   1   2   4.8e-06   0.00017   18.9   1.2   212   279    49   124     4   129 0.77 -
de_novo.Agseq_176116.1:99-713                              -            205 60356at6656          -            341   1.9e-06   25.3   3.3   2   2     0.047       1.6    5.8   0.0   209   260   135   186   124   204 0.86 -
de_novo.Agm54242U_210909_035710_118686473_ccs.1:314-1846   -            511 60356at6656          -            341   1.9e-06   25.3   0.8   1   3     0.021      0.74    6.9   0.1   218   280    32   100    25   113 0.75 -
de_novo.Agm54242U_210909_035710_118686473_ccs.1:314-1846   -            511 60356at6656          -            341   1.9e-06   25.3   0.8   2   3    0.0038      0.13    9.4   0.1   176   253    73   154    70   164 0.74 -
de_novo.Agm54242U_210909_035710_118686473_ccs.1:314-1846   -            511 60356at6656          -            341   1.9e-06   25.3   0.8   3   3    0.0048      0.17    9.1   0.0   206   244   168   207   155   217 0.80 -
de_novo.Agm54242U_210819_213017_61606364_ccs.1:46-1314     -            423 60356at6656          -            341   2.1e-06   25.2   1.5   1   3   0.00017    0.0059   13.8   0.2   207   280   110   186   102   192 0.89 -
de_novo.Agm54242U_210819_213017_61606364_ccs.1:46-1314     -            423 60356at6656          -            341   2.1e-06   25.2   1.5   2   3    0.0038      0.13    9.4   0.1   207   280   191   270   185   282 0.77 -
de_novo.Agm54242U_210819_213017_61606364_ccs.1:46-1314     -            423 60356at6656          -            341   2.1e-06   25.2   1.5   3   3       7.1   2.5e+02   -1.4   0.0   225   277   295   349   290   354 0.73 -
de_novo.Agm54242U_210819_213017_89785227_ccs.1:848-1654    -            269 60356at6656          -            341   2.1e-06   25.2   4.8   1   3   0.00064     0.022   11.9   0.5   215   283     7    80     2    85 0.78 -
de_novo.Agm54242U_210819_213017_89785227_ccs.1:848-1654    -            269 60356at6656          -            341   2.1e-06   25.2   4.8   2   3    0.0019     0.064   10.4   0.2   216   312    52   152    47   168 0.74 -
de_novo.Agm54242U_210819_213017_89785227_ccs.1:848-1654    -            269 60356at6656          -            341   2.1e-06   25.2   4.8   3   3     0.019      0.67    7.1   0.1   214   279   173   245   151   264 0.76 -
de_novo.Agseq_149334.1:46-1383                             -            446 60356at6656          -            341   2.2e-06   25.1   1.3   1   3   0.00018    0.0063   13.7   0.2   207   280   133   209   125   215 0.89 -
de_novo.Agseq_149334.1:46-1383                             -            446 60356at6656          -            341   2.2e-06   25.1   1.3   2   3    0.0039      0.14    9.3   0.1   207   280   214   293   208   308 0.77 -
de_novo.Agseq_149334.1:46-1383                             -            446 60356at6656          -            341   2.2e-06   25.1   1.3   3   3       7.6   2.6e+02   -1.5   0.0   225   277   318   372   313   377 0.73 -
de_novo.Agm54242Ue_220404_200923_33685809_ccs.1:0-713      -            238 60356at6656          -            341   2.9e-06   24.7   1.5   1   2   5.6e-06   0.00019   18.7   0.3   193   276    32   122    15   147 0.76 -
de_novo.Agm54242Ue_220404_200923_33685809_ccs.1:0-713      -            238 60356at6656          -            341   2.9e-06   24.7   1.5   2   2     0.067       2.3    5.3   0.1   201   277   151   236   146   238 0.66 -
de_novo.Agm54242Ue_220404_200923_37357269_ccs.1:1494-2243  -            250 60356at6656          -            341   4.7e-06   24.0   4.6   1   4      0.17       5.9    4.0   0.0   218   240    20    42    15    51 0.87 -
de_novo.Agm54242Ue_220404_200923_37357269_ccs.1:1494-2243  -            250 60356at6656          -            341   4.7e-06   24.0   4.6   2   4   0.00022    0.0076   13.5   0.3   217   280    63   129    57   143 0.64 -
de_novo.Agm54242Ue_220404_200923_37357269_ccs.1:1494-2243  -            250 60356at6656          -            341   4.7e-06   24.0   4.6   3   4         5   1.7e+02   -0.9   0.0   214   240   184   210   152   227 0.81 -
de_novo.Agm54242Ue_220404_200923_37357269_ccs.1:1494-2243  -            250 60356at6656          -            341   4.7e-06   24.0   4.6   4   4       0.1       3.5    4.7   0.1   214   238   225   249   221   250 0.87 -
de_novo.Agm54242Ue_220404_200923_101319059_ccs.1:15-1496   -            494 60356at6656          -            341   5.8e-06   23.7   8.2   1   4   1.8e-05   0.00061   17.1   0.2   212   296   205   295   196   298 0.77 -
de_novo.Agm54242Ue_220404_200923_101319059_ccs.1:15-1496   -            494 60356at6656          -            341   5.8e-06   23.7   8.2   2   4      0.04       1.4    6.0   0.3   215   278   293   362   290   384 0.80 -
de_novo.Agm54242Ue_220404_200923_101319059_ccs.1:15-1496   -            494 60356at6656          -            341   5.8e-06   23.7   8.2   3   4      0.19       6.5    3.8   0.1   182   248   347   414   335   423 0.82 -
de_novo.Agm54242Ue_220404_200923_101319059_ccs.1:15-1496   -            494 60356at6656          -            341   5.8e-06   23.7   8.2   4   4      0.11       3.9    4.5   0.2   211   252   423   465   384   473 0.76 -
de_novo.Agseq_165207.1:0-2283                              -            748 60356at6656          -            341   5.8e-06   23.7   0.9   1   3     0.031       1.1    6.4   0.0   184   286   158   264   146   300 0.81 -
de_novo.Agseq_165207.1:0-2283                              -            748 60356at6656          -            341   5.8e-06   23.7   0.9   2   3       4.9   1.7e+02   -0.8   0.0   222   241   481   500   473   508 0.83 -
de_novo.Agseq_165207.1:0-2283                              -            748 60356at6656          -            341   5.8e-06   23.7   0.9   3   3   0.00038     0.013   12.7   0.0   182   240   530   588   523   600 0.91 -
de_novo.Agm54242U_210819_213017_131007647_ccs.1:6-434      -            143 60356at6656          -            341   7.7e-06   23.3   0.1   1   1   2.7e-07   9.5e-06   23.0   0.1   211   277    32   103     2   131 0.76 -
de_novo.AGAP000444-RA.1:0-1022                             -            341 60356at6656          -            341   8.4e-06   23.2   8.4   1   3   2.9e-05   0.00099   16.4   1.0   200   280     4    91     1   106 0.82 -
de_novo.AGAP000444-RA.1:0-1022                             -            341 60356at6656          -            341   8.4e-06   23.2   8.4   2   3     0.017      0.57    7.3   1.4   176   279    66   134    62   159 0.58 -
de_novo.AGAP000444-RA.1:0-1022                             -            341 60356at6656          -            341   8.4e-06   23.2   8.4   3   3    0.0059       0.2    8.8   0.1   198   277   141   227   138   235 0.84 -
de_novo.Agm54242U_210909_035710_162859086_ccs.1:132-1109   -            326 60356at6656          -            341     9e-06   23.1   0.4   1   2    0.0029       0.1    9.8   0.0   207   282    55   136    12   151 0.74 -
de_novo.Agm54242U_210909_035710_162859086_ccs.1:132-1109   -            326 60356at6656          -            341     9e-06   23.1   0.4   2   2    0.0011     0.039   11.1   0.0   215   258   283   326   249   326 0.85 -
de_novo.Agm54242U_210819_213017_146735821_ccs.1:417-1433   -            339 60356at6656          -            341   1.1e-05   22.9   1.1   1   4   5.9e-05     0.002   15.3   0.2   176   246    13    87     3   165 0.84 -
de_novo.Agm54242U_210819_213017_146735821_ccs.1:417-1433   -            339 60356at6656          -            341   1.1e-05   22.9   1.1   2   4         3     1e+02   -0.1   0.0   213   251   140   181   101   197 0.68 -
de_novo.Agm54242U_210819_213017_146735821_ccs.1:417-1433   -            339 60356at6656          -            341   1.1e-05   22.9   1.1   3   4       2.4        83    0.2   0.0   217   240   265   288   261   297 0.84 -
de_novo.Agm54242U_210819_213017_146735821_ccs.1:417-1433   -            339 60356at6656          -            341   1.1e-05   22.9   1.1   4   4      0.45        16    2.6   0.0   211   243   302   334   273   337 0.76 -
de_novo.Agm54242U_210819_213017_40962588_ccs.1:832-1503    -            224 60356at6656          -            341   1.1e-05   22.8   2.3   1   4       2.6        89    0.1   0.1   211   240     2    31     1    38 0.79 -
de_novo.Agm54242U_210819_213017_40962588_ccs.1:832-1503    -            224 60356at6656          -            341   1.1e-05   22.8   2.3   2   4      0.14       4.9    4.2   0.0   218   240    56    78    50    87 0.87 -
de_novo.Agm54242U_210819_213017_40962588_ccs.1:832-1503    -            224 60356at6656          -            341   1.1e-05   22.8   2.3   3   4   0.00011    0.0038   14.5   0.2   218   280   100   165    90   172 0.50 -
de_novo.Agm54242U_210819_213017_40962588_ccs.1:832-1503    -            224 60356at6656          -            341   1.1e-05   22.8   2.3   4   4       9.1   3.1e+02   -1.7   0.0   214   240   179   205   171   213 0.81 -
de_novo.Agseq_108387.1:1350-2021                           -            224 60356at6656          -            341   1.1e-05   22.8   2.3   1   4       2.6        89    0.1   0.1   211   240     2    31     1    38 0.79 -
de_novo.Agseq_108387.1:1350-2021                           -            224 60356at6656          -            341   1.1e-05   22.8   2.3   2   4      0.14       4.9    4.2   0.0   218   240    56    78    50    87 0.87 -
de_novo.Agseq_108387.1:1350-2021                           -            224 60356at6656          -            341   1.1e-05   22.8   2.3   3   4   0.00011    0.0038   14.5   0.2   218   280   100   165    90   172 0.50 -
de_novo.Agseq_108387.1:1350-2021                           -            224 60356at6656          -            341   1.1e-05   22.8   2.3   4   4       9.1   3.1e+02   -1.7   0.0   214   240   179   205   171   213 0.81 -
de_novo.Agseq_108389.1:1010-1681                           -            224 60356at6656          -            341   1.1e-05   22.8   2.3   1   4       2.6        89    0.1   0.1   211   240     2    31     1    38 0.79 -
de_novo.Agseq_108389.1:1010-1681                           -            224 60356at6656          -            341   1.1e-05   22.8   2.3   2   4      0.14       4.9    4.2   0.0   218   240    56    78    50    87 0.87 -
de_novo.Agseq_108389.1:1010-1681                           -            224 60356at6656          -            341   1.1e-05   22.8   2.3   3   4   0.00011    0.0038   14.5   0.2   218   280   100   165    90   172 0.50 -
de_novo.Agseq_108389.1:1010-1681                           -            224 60356at6656          -            341   1.1e-05   22.8   2.3   4   4       9.1   3.1e+02   -1.7   0.0   214   240   179   205   171   213 0.81 -
de_novo.Agseq_157484.1:0-1841                              -            614 60356at6656          -            341   1.2e-05   22.7   7.9   1   4   2.4e-05   0.00084   16.6   0.2   212   296   325   415   316   418 0.77 -
de_novo.Agseq_157484.1:0-1841                              -            614 60356at6656          -            341   1.2e-05   22.7   7.9   2   4     0.072       2.5    5.2   0.3   215   277   413   481   410   493 0.81 -
de_novo.Agseq_157484.1:0-1841                              -            614 60356at6656          -            341   1.2e-05   22.7   7.9   3   4      0.23         8    3.5   0.1   182   249   467   535   455   549 0.82 -
de_novo.Agseq_157484.1:0-1841                              -            614 60356at6656          -            341   1.2e-05   22.7   7.9   4   4      0.18       6.2    3.9   0.3   211   252   543   585   508   593 0.78 -
de_novo.Agseq_128726.1:96-1466                             -            457 60356at6656          -            341   1.2e-05   22.7   6.5   1   3   0.00023    0.0079   13.4   0.1   226   280     2    59     1    60 0.85 -
de_novo.Agseq_128726.1:96-1466                             -            457 60356at6656          -            341   1.2e-05   22.7   6.5   2   3    0.0032      0.11    9.6   0.2   225   281    43   103    39   116 0.83 -
de_novo.Agseq_128726.1:96-1466                             -            457 60356at6656          -            341   1.2e-05   22.7   6.5   3   3      0.27       9.2    3.3   0.5   176   277   317   421   312   427 0.56 -
de_novo.Agm54242U_210909_035710_179374067_ccs.1:0-2771     -            924 60356at6656          -            341   1.5e-05   22.3   0.9   1   3     0.043       1.5    5.9   0.0   184   286   158   264   146   299 0.81 -
de_novo.Agm54242U_210909_035710_179374067_ccs.1:0-2771     -            924 60356at6656          -            341   1.5e-05   22.3   0.9   2   3       5.7     2e+02   -1.0   0.0   222   241   493   512   478   520 0.84 -
de_novo.Agm54242U_210909_035710_179374067_ccs.1:0-2771     -            924 60356at6656          -            341   1.5e-05   22.3   0.9   3   3   0.00049     0.017   12.3   0.0   182   240   542   600   535   612 0.91 -
de_novo.Agm54242U_210819_213017_103811671_ccs.1:1303-2016  -            238 60356at6656          -            341   1.8e-05   22.1   1.2   1   2       0.2       6.9    3.7   0.2   224   277     2    58     1    82 0.71 -
de_novo.Agm54242U_210819_213017_103811671_ccs.1:1303-2016  -            238 60356at6656          -            341   1.8e-05   22.1   1.2   2   2   1.4e-05   0.00047   17.4   0.1   169   240   125   197    94   236 0.76 -
de_novo.Agm54242U_210819_213017_83954249_ccs.1:1541-2254   -            238 60356at6656          -            341   1.8e-05   22.1   1.2   1   2       0.2       6.9    3.7   0.2   224   277     2    58     1    82 0.71 -
de_novo.Agm54242U_210819_213017_83954249_ccs.1:1541-2254   -            238 60356at6656          -            341   1.8e-05   22.1   1.2   2   2   1.4e-05   0.00047   17.4   0.1   169   240   125   197    94   236 0.76 -
de_novo.Agm54242U_210909_035710_140902482_ccs.1:1185-1715  -            177 60356at6656          -            341   2.3e-05   21.8   0.5   1   1   1.4e-06   4.8e-05   20.7   0.3   189   259    44   114    26   136 0.82 -
de_novo.Agseq_161173.1:30-302                              -             91 60356at6656          -            341   4.9e-05   20.7   0.3   1   1     2e-06   6.9e-05   20.2   0.3   183   251     2    70     1    91 0.87 -
de_novo.Agseq_111955.1:693-1379                            -            229 60356at6656          -            341   5.5e-05   20.5   0.5   1   2    0.0082      0.29    8.3   0.2   214   307    12   112    10   144 0.78 -
de_novo.Agseq_111955.1:693-1379                            -            229 60356at6656          -            341   5.5e-05   20.5   0.5   2   2    0.0018     0.063   10.5   0.0   202   239   181   218   169   223 0.83 -
de_novo.Agm54242U_210819_213017_65930019_ccs.1:0-1559      -            520 60356at6656          -            341   6.1e-05   20.4   0.1   1   3   0.00012    0.0042   14.3   0.0   217   283    87   157    40   203 0.83 -
de_novo.Agm54242U_210819_213017_65930019_ccs.1:0-1559      -            520 60356at6656          -            341   6.1e-05   20.4   0.1   2   3      0.51        18    2.4   0.0   212   247   250   285   221   318 0.85 -
de_novo.Agm54242U_210819_213017_65930019_ccs.1:0-1559      -            520 60356at6656          -            341   6.1e-05   20.4   0.1   3   3       6.5   2.3e+02   -1.2   0.0   261   307   425   473   408   486 0.76 -
de_novo.Agseq_5213.1:49-348                                -            100 60356at6656          -            341   6.3e-05   20.3   0.1   1   1     2e-06   7.1e-05   20.2   0.1   196   257    36    97    12    99 0.90 -
de_novo.AGAP028215-RA.1:519-1523                           -            335 60356at6656          -            341   7.3e-05   20.1   3.1   1   4       4.1   1.4e+02   -0.6   0.0   183   289    14    39     3    77 0.54 -
de_novo.AGAP028215-RA.1:519-1523                           -            335 60356at6656          -            341   7.3e-05   20.1   3.1   2   4     0.015      0.51    7.4   0.3   212   277    95   166    44   168 0.74 -
de_novo.AGAP028215-RA.1:519-1523                           -            335 60356at6656          -            341   7.3e-05   20.1   3.1   3   4     0.012      0.41    7.8   0.0   193   241   168   216   156   235 0.84 -
de_novo.AGAP028215-RA.1:519-1523                           -            335 60356at6656          -            341   7.3e-05   20.1   3.1   4   4      0.28       9.8    3.2   0.1   221   261   279   319   265   334 0.84 -
de_novo.Agm54242U_210819_213017_137036841_ccs.1:2247-2480  -             78 60356at6656          -            341   8.4e-05   19.9   0.1   1   1   2.5e-06   8.8e-05   19.8   0.1   214   260     8    58     5    78 0.75 -
de_novo.Agm54242Ue_220404_200923_72418585_ccs.1:33-1922    -            630 60356at6656          -            341   9.4e-05   19.7   0.0   1   1     8e-06   0.00028   18.2   0.0   204   280    46   124    40   137 0.84 -
de_novo.Agm54242U_210909_035710_143328646_ccs.1:15-572     -            186 60356at6656          -            341   0.00012   19.4   3.5   1   3   0.00039     0.013   12.7   0.2   220   280     2    65     1    80 0.50 -
de_novo.Agm54242U_210909_035710_143328646_ccs.1:15-572     -            186 60356at6656          -            341   0.00012   19.4   3.5   2   3       1.9        66    0.5   0.0   213   238   119   144    74   162 0.63 -
de_novo.Agm54242U_210909_035710_143328646_ccs.1:15-572     -            186 60356at6656          -            341   0.00012   19.4   3.5   3   3     0.067       2.3    5.3   0.1   214   238   161   185   157   186 0.87 -
de_novo.Agm54242U_210819_213017_8324301_ccs.1:527-1129     -            201 60356at6656          -            341   0.00014   19.2   3.3   1   2      0.12       4.2    4.4   0.0   218   240    56    78    50    87 0.87 -
de_novo.Agm54242U_210819_213017_8324301_ccs.1:527-1129     -            201 60356at6656          -            341   0.00014   19.2   3.3   2   2   0.00012    0.0041   14.3   0.3   217   281    99   166    93   188 0.66 -
de_novo.Agm54242U_210909_035710_57936230_ccs.1:84-977      -            298 60356at6656          -            341   0.00015   19.1   4.3   1   3      0.29        10    3.2   0.1   186   255    30   100    11   103 0.69 -
de_novo.Agm54242U_210909_035710_57936230_ccs.1:84-977      -            298 60356at6656          -            341   0.00015   19.1   4.3   2   3   8.9e-06   0.00031   18.0   0.7   201   294    88   185    74   246 0.83 -
de_novo.Agm54242U_210909_035710_57936230_ccs.1:84-977      -            298 60356at6656          -            341   0.00015   19.1   4.3   3   3       5.1   1.8e+02   -0.9   0.0   263   279   278   294   256   295 0.78 -
de_novo.Agm54242U_210909_035710_34800818_ccs.1:417-1178    -            254 60356at6656          -            341   0.00019   18.7   1.5   1   2     0.011      0.39    7.8   1.3   212   277   129   200    23   206 0.78 -
de_novo.Agm54242U_210909_035710_34800818_ccs.1:417-1178    -            254 60356at6656          -            341   0.00019   18.7   1.5   2   2     0.012      0.41    7.8   0.0   193   240   202   249   190   252 0.84 -
de_novo.Agm54242U_210819_213017_137036841_ccs.1:1947-2826  -            283 60356at6656          -            341   0.00023   18.4   4.8   1   3       5.1   1.8e+02   -0.9   0.0   222   245    33    56    19    71 0.77 -
de_novo.Agm54242U_210819_213017_137036841_ccs.1:1947-2826  -            283 60356at6656          -            341   0.00023   18.4   4.8   2   3     9e-06   0.00031   18.0   0.3   194   261    88   159    76   202 0.75 -
de_novo.Agm54242U_210819_213017_137036841_ccs.1:1947-2826  -            283 60356at6656          -            341   0.00023   18.4   4.8   3   3       1.2        42    1.2   0.2   216   277   223   281   202   283 0.59 -
de_novo.AGAP000017-RC.1:8862-9554                          -            231 60356at6656          -            341   0.00024   18.4   0.1   1   2    0.0072      0.25    8.5   0.1   189   250     2    67     1    99 0.77 -
de_novo.AGAP000017-RC.1:8862-9554                          -            231 60356at6656          -            341   0.00024   18.4   0.1   2   2    0.0096      0.33    8.1   0.0   205   239   157   191   115   199 0.75 -
de_novo.Agseq_172323.1:47-295                              -             83 60356at6656          -            341   0.00029   18.1   0.0   1   1   9.3e-06   0.00032   18.0   0.0   184   260     2    78     1    81 0.93 -
de_novo.Agseq_145052.1:165-386                             -             74 60356at6656          -            341   0.00032   18.0   0.4   1   2   7.4e-05    0.0026   15.0   0.1   211   260     7    56     1    57 0.87 -
de_novo.Agseq_145052.1:165-386                             -             74 60356at6656          -            341   0.00032   18.0   0.4   2   2      0.15       5.1    4.2   0.1   214   235    52    73    49    74 0.85 -
de_novo.Agm54242Ue_220404_200923_155518806_ccs.1:102-950   -            283 60356at6656          -            341   0.00038   17.8   2.3   1   2   0.00019    0.0067   13.6   0.7   182   252    18    89     2   124 0.67 -
de_novo.Agm54242Ue_220404_200923_155518806_ccs.1:102-950   -            283 60356at6656          -            341   0.00038   17.8   2.3   2   2      0.35        12    2.9   0.0   152   199   207   256   196   281 0.77 -
de_novo.Agm54242Ue_220404_200923_119670119_ccs.1:0-1136    -            379 60356at6656          -            341   0.00045   17.5   0.1   1   1   3.1e-05    0.0011   16.3   0.1   152   241   193   290   183   308 0.69 -
de_novo.Agm54242U_210909_035710_121702497_ccs.1:0-773      -            258 60356at6656          -            341   0.00057   17.2   6.2   1   2      0.04       1.4    6.0   1.2   212   283    33   111     2   125 0.70 -
de_novo.Agm54242U_210909_035710_121702497_ccs.1:0-773      -            258 60356at6656          -            341   0.00057   17.2   6.2   2   2   0.00062     0.021   12.0   0.1   220   277   170   231   166   237 0.77 -
de_novo.Agm54242U_210909_035710_102697314_ccs.1:396-731    -            112 60356at6656          -            341   0.00067   16.9   0.2   1   1   2.4e-05   0.00085   16.6   0.2   175   259    20   107    12   109 0.53 -
de_novo.Agseq_134206.1:481-2133                            -            551 60356at6656          -            341   0.00078   16.7   0.0   1   1   3.7e-05    0.0013   16.0   0.0   172   255    12    97     8   149 0.77 -
de_novo.Agm54242U_210909_035710_153551408_ccs.1:79-426     -            116 60356at6656          -            341    0.0008   16.7   0.1   1   1   2.4e-05   0.00083   16.6   0.1   172   258     5    95     2   116 0.78 -
de_novo.AGAP000479-RA.1:303-962                            -            220 60356at6656          -            341   0.00081   16.7   0.1   1   2      0.03         1    6.5   0.0   206   241    17    52     4    67 0.83 -
de_novo.AGAP000479-RA.1:303-962                            -            220 60356at6656          -            341   0.00081   16.7   0.1   2   2    0.0075      0.26    8.4   0.0   211   251   168   207   140   217 0.80 -
de_novo.AGAP003228-RA.1:63-1217                            -            385 60356at6656          -            341    0.0011   16.3   0.5   1   2     0.011      0.37    7.9   0.3   218   279   167   240   163   257 0.64 -
de_novo.AGAP003228-RA.1:63-1217                            -            385 60356at6656          -            341    0.0011   16.3   0.5   2   2      0.11       3.8    4.6   0.0   214   279   259   330   249   337 0.70 -
de_novo.Agm54242U_210909_035710_79495349_ccs.1:154-642     -            163 60356at6656          -            341    0.0011   16.2   1.4   1   2   6.6e-05    0.0023   15.2   1.5   182   254    17    90     2   141 0.66 -
de_novo.Agm54242U_210909_035710_79495349_ccs.1:154-642     -            163 60356at6656          -            341    0.0011   16.2   1.4   2   2       8.7     3e+02   -1.6   0.0   215   242   134   161   128   162 0.81 -
de_novo.Agm54242Ue_220404_200923_57475188_ccs.1:0-968      -            323 60356at6656          -            341    0.0013   16.0   0.5   1   2   0.00023    0.0081   13.4   0.1   213   263    80   130    72   140 0.90 -
de_novo.Agm54242Ue_220404_200923_57475188_ccs.1:0-968      -            323 60356at6656          -            341    0.0013   16.0   0.5   2   2       1.9        65    0.5   0.0    91   137   140   188   133   193 0.67 -
de_novo.Agseq_59512.1:1158-2261                            -            368 60356at6656          -            341    0.0014   15.9   0.0   1   3      0.75        26    1.9   0.0   205   241    53    89    44    97 0.87 -
de_novo.Agseq_59512.1:1158-2261                            -            368 60356at6656          -            341    0.0014   15.9   0.0   2   3     0.041       1.4    6.0   0.0   201   240   102   141    95   194 0.90 -
de_novo.Agseq_59512.1:1158-2261                            -            368 60356at6656          -            341    0.0014   15.9   0.0   3   3      0.15       5.2    4.1   0.0   185   254   276   345   205   356 0.79 -
de_novo.Agm54242U_210819_213017_106628157_ccs.1:156-1004   -            283 60356at6656          -            341    0.0022   15.2   0.2   1   2   0.00061     0.021   12.0   0.0   222   280     5    66     1   103 0.74 -
de_novo.Agm54242U_210819_213017_106628157_ccs.1:156-1004   -            283 60356at6656          -            341    0.0022   15.2   0.2   2   2       1.8        62    0.6   0.0   216   238   225   248   222   264 0.75 -
de_novo.seqSigP-124481.1:837-1022                          -             62 60356at6656          -            341    0.0024   15.1   0.1   1   1   7.3e-05    0.0025   15.0   0.1   179   225    16    62     6    62 0.90 -
de_novo.Agm54242U_210909_035710_121176390_ccs.1:1630-1971  -            114 60356at6656          -            341    0.0025   15.1   0.1   1   2      0.01      0.35    8.0   0.1   221   277    14    73     6    76 0.48 -
de_novo.Agm54242U_210909_035710_121176390_ccs.1:1630-1971  -            114 60356at6656          -            341    0.0025   15.1   0.1   2   2     0.015      0.53    7.4   0.0   187   234    64   111    62   114 0.90 -
de_novo.Agseq_62651.1:2-2041                               -            680 60356at6656          -            341    0.0031   14.8   0.1   1   2      0.01      0.35    8.0   0.1   214   245   398   429   389   434 0.89 -
de_novo.Agseq_62651.1:2-2041                               -            680 60356at6656          -            341    0.0031   14.8   0.1   2   2      0.15         5    4.2   0.0   112   152   438   477   430   497 0.77 -
de_novo.Agm54242U_210909_035710_23331403_ccs.1:60-890      -            277 60356at6656          -            341    0.0035   14.6   0.0   1   2     0.019      0.67    7.1   0.0   226   278    22    79    12    98 0.84 -
de_novo.Agm54242U_210909_035710_23331403_ccs.1:60-890      -            277 60356at6656          -            341    0.0035   14.6   0.0   2   2     0.051       1.8    5.7   0.0   211   277   145   214    99   229 0.80 -
de_novo.Agseq_62894.1:0-2408                               -            803 60356at6656          -            341    0.0039   14.4   0.0   1   2       5.2   1.8e+02   -0.9   0.0   216   260    68   116    41   156 0.58 -
de_novo.Agseq_62894.1:0-2408                               -            803 60356at6656          -            341    0.0039   14.4   0.0   2   2   0.00068     0.024   11.8   0.0   172   243   154   229   132   249 0.80 -
de_novo.Agm54242Ue_220404_200923_154929318_ccs.1:0-1085    -            362 60356at6656          -            341     0.004   14.4   0.0   1   1   0.00017    0.0059   13.8   0.0   220   279   232   294   214   305 0.80 -
de_novo.Agseq_171627.1:0-1355                              -            452 60356at6656          -            341    0.0044   14.3   0.0   1   1   0.00042     0.015   12.5   0.0   181   240   206   265   176   274 0.83 -
de_novo.Agseq_137035.1:143-991                             -            283 60356at6656          -            341    0.0047   14.1   0.0   1   2      0.57        20    2.2   0.0   218   261     6    49     1   133 0.54 -
de_novo.Agseq_137035.1:143-991                             -            283 60356at6656          -            341    0.0047   14.1   0.0   2   2    0.0036      0.13    9.5   0.0   217   264   223   271   211   280 0.82 -
de_novo.AGAP001149-RA.1:120-833                            -            238 60356at6656          -            341    0.0051   14.0   0.1   1   3     0.012      0.42    7.8   0.0   219   260     9    50     5    79 0.82 -
de_novo.AGAP001149-RA.1:120-833                            -            238 60356at6656          -            341    0.0051   14.0   0.1   2   3      0.63        22    2.1   0.0   214   279    46   115    37   131 0.76 -
de_novo.AGAP001149-RA.1:120-833                            -            238 60356at6656          -            341    0.0051   14.0   0.1   3   3      0.58        20    2.2   0.0   208   245   129   166   122   174 0.75 -
de_novo.Agm54242U_210909_035710_7341840_ccs.1:1497-2240    -            248 60356at6656          -            341    0.0052   14.0   0.5   1   5    0.0039      0.14    9.3   0.0   218   283    34   104    29   114 0.75 -
de_novo.Agm54242U_210909_035710_7341840_ccs.1:1497-2240    -            248 60356at6656          -            341    0.0052   14.0   0.5   2   5      0.25       8.7    3.4   0.0   216   247    76   107    65   133 0.84 -
de_novo.Agm54242U_210909_035710_7341840_ccs.1:1497-2240    -            248 60356at6656          -            341    0.0052   14.0   0.5   3   5       7.7   2.7e+02   -1.5   0.0   219   245   112   138   108   149 0.86 -
de_novo.Agm54242U_210909_035710_7341840_ccs.1:1497-2240    -            248 60356at6656          -            341    0.0052   14.0   0.5   4   5       2.7        94    0.0   0.1   213   238   188   213   143   237 0.66 -
de_novo.Agm54242U_210909_035710_7341840_ccs.1:1497-2240    -            248 60356at6656          -            341    0.0052   14.0   0.5   5   5       7.9   2.7e+02   -1.5   0.0   214   231   230   247   227   248 0.80 -
de_novo.Agm54242U_210909_035710_117309937_ccs.1:330-941    -            204 60356at6656          -            341    0.0053   14.0   1.6   1   2    0.0019     0.066   10.4   1.1   182   302    11    91     1   139 0.48 -
de_novo.Agm54242U_210909_035710_117309937_ccs.1:330-941    -            204 60356at6656          -            341    0.0053   14.0   1.6   2   2      0.42        14    2.7   0.0   186   238   103   157    71   168 0.66 -
de_novo.Agm54242Ue_220404_200923_128386316_ccs.1:330-941   -            204 60356at6656          -            341    0.0053   14.0   1.6   1   2    0.0019     0.066   10.4   1.1   182   302    11    91     1   139 0.48 -
de_novo.Agm54242Ue_220404_200923_128386316_ccs.1:330-941   -            204 60356at6656          -            341    0.0053   14.0   1.6   2   2      0.42        14    2.7   0.0   186   238   103   157    71   168 0.66 -
de_novo.Agm54242Ue_220404_200923_173017827_ccs.1:330-941   -            204 60356at6656          -            341    0.0053   14.0   1.6   1   2    0.0019     0.066   10.4   1.1   182   302    11    91     1   139 0.48 -
de_novo.Agm54242Ue_220404_200923_173017827_ccs.1:330-941   -            204 60356at6656          -            341    0.0053   14.0   1.6   2   2      0.42        14    2.7   0.0   186   238   103   157    71   168 0.66 -
de_novo.Agm54242U_210819_213017_4851170_ccs.1:0-2582       -            861 60356at6656          -            341    0.0054   13.9   0.1   1   2     0.013      0.47    7.6   0.1   214   245   528   559   520   565 0.89 -
de_novo.Agm54242U_210819_213017_4851170_ccs.1:0-2582       -            861 60356at6656          -            341    0.0054   13.9   0.1   2   2      0.21       7.3    3.7   0.0   112   152   568   607   559   619 0.75 -
de_novo.AGAP007128-RA.1:0-2594                             -            865 60356at6656          -            341    0.0055   13.9   0.1   1   2     0.014      0.47    7.6   0.1   214   245   532   563   524   569 0.89 -
de_novo.AGAP007128-RA.1:0-2594                             -            865 60356at6656          -            341    0.0055   13.9   0.1   2   2      0.21       7.3    3.7   0.0   112   152   572   611   563   623 0.75 -
de_novo.AGAP006889-RA.1:0-2381                             -            794 60356at6656          -            341    0.0056   13.9   4.2   1   5       2.1        72    0.4   0.0   261   279   225   243   200   259 0.73 -
de_novo.AGAP006889-RA.1:0-2381                             -            794 60356at6656          -            341    0.0056   13.9   4.2   2   5       1.7        58    0.7   0.1   187   276   232   323   226   334 0.55 -
de_novo.AGAP006889-RA.1:0-2381                             -            794 60356at6656          -            341    0.0056   13.9   4.2   3   5      0.56        19    2.3   0.0   215   273   569   635   564   646 0.77 -
de_novo.AGAP006889-RA.1:0-2381                             -            794 60356at6656          -            341    0.0056   13.9   4.2   4   5    0.0022     0.075   10.2   0.0   171   241   612   690   608   697 0.76 -
de_novo.AGAP006889-RA.1:0-2381                             -            794 60356at6656          -            341    0.0056   13.9   4.2   5   5         8   2.8e+02   -1.5   0.0   260   260   769   769   724   793 0.44 -
de_novo.Agm54242U_210909_035710_173475213_ccs.1:991-1458   -            156 60356at6656          -            341    0.0069   13.6   0.0   1   2      0.19       6.4    3.8   0.0   205   242    17    54     9    63 0.87 -
de_novo.Agm54242U_210909_035710_173475213_ccs.1:991-1458   -            156 60356at6656          -            341    0.0069   13.6   0.0   2   2    0.0089      0.31    8.2   0.1   201   240    66   105    59   156 0.89 -
de_novo.AGAP011562-RA.1:189-815                            -            209 60356at6656          -            341    0.0071   13.6   3.1   1   2      0.73        25    1.9   0.1   249   278     8    40     4    51 0.81 -
de_novo.AGAP011562-RA.1:189-815                            -            209 60356at6656          -            341    0.0071   13.6   3.1   2   2    0.0042      0.15    9.2   0.5   107   139    94   126    47   208 0.70 -
de_novo.AGAP004190-RA.1:1-1962                             -            654 60356at6656          -            341    0.0075   13.5   0.0   1   1   0.00035     0.012   12.8   0.0   183   280   320   420   290   439 0.88 -
de_novo.Agm54242U_210909_035710_132843918_ccs.1:141-1118   -            326 60356at6656          -            341    0.0079   13.4   0.2   1   2         6   2.1e+02   -1.1   0.1   223   279    22    81    13   100 0.62 -
de_novo.Agm54242U_210909_035710_132843918_ccs.1:141-1118   -            326 60356at6656          -            341    0.0079   13.4   0.2   2   2    0.0019     0.064   10.4   0.0   193   238   270   315   139   320 0.85 -
de_novo.Agseq_176983.1:84-1061                             -            326 60356at6656          -            341    0.0079   13.4   0.2   1   2         6   2.1e+02   -1.1   0.1   223   279    22    81    13   100 0.62 -
de_novo.Agseq_176983.1:84-1061                             -            326 60356at6656          -            341    0.0079   13.4   0.2   2   2    0.0019     0.064   10.4   0.0   193   238   270   315   139   320 0.85 -
de_novo.Agseq_63571.1:1-651                                -            217 60356at6656          -            341     0.008   13.4   0.0   1   1   0.00029      0.01   13.1   0.0   189   280     2    96     1   117 0.88 -
de_novo.Agm54242Ue_220404_200923_27461220_ccs.1:131-880    -            250 60356at6656          -            341     0.008   13.4   0.0   1   1    0.0011     0.036   11.2   0.0   192   238   193   239    61   244 0.84 -
de_novo.AGAP006239-RA.1:0-1127                             -            376 60356at6656          -            341    0.0086   13.3   0.1   1   1   0.00054     0.019   12.2   0.1   224   261   235   273   227   292 0.77 -
de_novo.Agm54242Ue_220404_200923_82447166_ccs.1:30-515     -            162 60356at6656          -            341      0.01   13.1   0.0   1   1    0.0005     0.017   12.3   0.0   192   238   105   151    27   156 0.77 -
de_novo.AGAP005891-RA.1:234-878                            -            215 60356at6656          -            341      0.01   13.0   1.9   1   2     0.082       2.8    5.0   0.1   211   239     4    33     2    44 0.78 -
de_novo.AGAP005891-RA.1:234-878                            -            215 60356at6656          -            341      0.01   13.0   1.9   2   2     0.091       3.1    4.9   0.2   216   253    59    97    56   107 0.79 -
de_novo.Agm54242U_210819_213017_141886695_ccs.1:234-878    -            215 60356at6656          -            341      0.01   13.0   1.9   1   2     0.082       2.8    5.0   0.1   211   239     4    33     2    44 0.78 -
de_novo.Agm54242U_210819_213017_141886695_ccs.1:234-878    -            215 60356at6656          -            341      0.01   13.0   1.9   2   2     0.091       3.1    4.9   0.2   216   253    59    97    56   107 0.79 -
de_novo.Agseq_108524.1:921-1565                            -            215 60356at6656          -            341      0.01   13.0   1.9   1   2     0.082       2.8    5.0   0.1   211   239     4    33     2    44 0.78 -
de_novo.Agseq_108524.1:921-1565                            -            215 60356at6656          -            341      0.01   13.0   1.9   2   2     0.091       3.1    4.9   0.2   216   253    59    97    56   107 0.79 -
de_novo.AGAP005320-RA.1:0-1379                             -            460 60356at6656          -            341     0.011   13.0   8.6   1   3      0.31        11    3.1   0.6   215   263   157   205   154   217 0.90 -
de_novo.AGAP005320-RA.1:0-1379                             -            460 60356at6656          -            341     0.011   13.0   8.6   2   3   0.00011    0.0039   14.4   1.3   162   282   186   311   180   327 0.78 -
de_novo.AGAP005320-RA.1:0-1379                             -            460 60356at6656          -            341     0.011   13.0   8.6   3   3       1.9        66    0.5   0.0   226   279   334   398   320   412 0.62 -
de_novo.Agm54242U_210909_035710_120324147_ccs.1:8-262      -             85 60356at6656          -            341     0.012   12.8   0.0   1   1   0.00036     0.013   12.7   0.0   204   260    17    73     2    82 0.89 -
de_novo.Agm54242Ue_220404_200923_117507367_ccs.1:248-1006  -            253 60356at6656          -            341     0.014   12.6   1.4   1   2       1.1        37    1.3   0.1   215   241    21    47    17    64 0.91 -
de_novo.Agm54242Ue_220404_200923_117507367_ccs.1:248-1006  -            253 60356at6656          -            341     0.014   12.6   1.4   2   2    0.0033      0.12    9.6   0.1   198   277    53   139    50   147 0.85 -
de_novo.AGAP000981-RA.1:141-857                            -            239 60356at6656          -            341     0.018   12.2   0.1   1   2     0.027      0.92    6.6   0.0   210   237     5    32     1    53 0.77 -
de_novo.AGAP000981-RA.1:141-857                            -            239 60356at6656          -            341     0.018   12.2   0.1   2   2      0.39        14    2.8   0.0   110   137   209   237   196   239 0.85 -
de_novo.seqSigP-142979.1:843-1631                          -            263 60356at6656          -            341     0.036   11.2   1.5   1   2      0.28       9.6    3.3   0.1   264   324   150   215   139   223 0.58 -
de_novo.seqSigP-142979.1:843-1631                          -            263 60356at6656          -            341     0.036   11.2   1.5   2   2     0.023       0.8    6.8   0.2   186   240   201   255   189   259 0.72 -
de_novo.AGAP000009-RA.1:279-1403                           -            375 60356at6656          -            341     0.043   11.0   0.0   1   1    0.0029     0.099    9.8   0.0    84   139   118   175    87   211 0.83 -
de_novo.Agm54242U_210819_213017_179243616_ccs.1:279-1403   -            375 60356at6656          -            341     0.043   11.0   0.0   1   1    0.0029     0.099    9.8   0.0    84   139   118   175    87   211 0.83 -
#
# Program:         hmmsearch
# Version:         3.1b2 (February 2015)
# Pipeline mode:   SEARCH
# Query file:      /hpcdata/bcbb/homc/Barillaslab/Agam_hemo_transcriptomes/scripts/compare_txomes/busco/busco_downloads/lineages/arthropoda_odb10/hmms/60356at6656.hmm
# Target file:     /hpcdata/bcbb/homc/Barillaslab/Agam_hemo_transcriptomes/scripts/compare_txomes/busco/denovo_Agamhemo_BUSCO/run_arthropoda_odb10/metaeuk_output/initial_results/de_novo_transcriptome_with_genome_hits_and_expression_filtering.gffread.fa.modified.fas
# Option settings: hmmsearch --domtblout /hpcdata/bcbb/homc/Barillaslab/Agam_hemo_transcriptomes/scripts/compare_txomes/busco/denovo_Agamhemo_BUSCO/run_arthropoda_odb10/hmmer_output/initial_run_results/60356at6656.out --cpu 1 /hpcdata/bcbb/homc/Barillaslab/Agam_hemo_transcriptomes/scripts/compare_txomes/busco/busco_downloads/lineages/arthropoda_odb10/hmms/60356at6656.hmm /hpcdata/bcbb/homc/Barillaslab/Agam_hemo_transcriptomes/scripts/compare_txomes/busco/denovo_Agamhemo_BUSCO/run_arthropoda_odb10/metaeuk_output/initial_results/de_novo_transcriptome_with_genome_hits_and_expression_filtering.gffread.fa.modified.fas 
# Current dir:     /hpcdata/bcbb/homc/Barillaslab/Agam_hemo_transcriptomes/scripts/compare_txomes/busco
# Date:            Sun Jan 29 12:59:48 2023
# [ok]
