#                                                                                                                 --- full sequence --- -------------- this domain -------------   hmm coord   ali coord   env coord
# target name                                             accession   tlen query name           accession   qlen   E-value  score  bias   #  of  c-Evalue  i-Evalue  score  bias  from    to  from    to  from    to  acc description of target
#                                     ------------------- ---------- ----- -------------------- ---------- ----- --------- ------ ----- --- --- --------- --------- ------ ----- ----- ----- ----- ----- ----- ----- ---- ---------------------
de_novo.AGAP003093-RA.1:0-1082                            -            361 61180at6656          -            438   1.3e-15   55.3   0.1   1   1   1.1e-16   1.1e-14   52.3   0.1    53   323    37   313    25   320 0.77 -
de_novo.Agseq_131839.1:0-767                              -            256 61180at6656          -            438   8.5e-15   52.7   0.1   1   1     9e-16   8.5e-14   49.4   0.1    52   272     9   223     2   247 0.80 -
de_novo.Agm54242Ue_220404_200923_144247387_ccs.1:0-980    -            327 61180at6656          -            438   1.9e-14   51.6   0.1   1   1   1.7e-15   1.6e-13   48.5   0.1    53   274    10   225     2   258 0.80 -
de_novo.AGAP007477-RA.1:0-1022                            -            341 61180at6656          -            438   1.7e-13   48.4   0.7   1   1   6.3e-14     6e-12   43.3   0.7    48   262    21   229     7   261 0.78 -
de_novo.Agm54242U_210819_213017_58132435_ccs.1:0-995      -            332 61180at6656          -            438   2.1e-13   48.1   0.8   1   1     8e-14   7.6e-12   43.0   0.8    48   261    21   228     6   238 0.77 -
de_novo.AGAP006062-RA.1:2538-3179                         -            214 61180at6656          -            438   1.5e-08   32.1   0.0   1   2   3.6e-10   3.4e-08   30.9   0.0   101   161     2    62     1    64 0.95 -
de_novo.AGAP006062-RA.1:2538-3179                         -            214 61180at6656          -            438   1.5e-08   32.1   0.0   2   2       2.7   2.6e+02   -1.7   0.0   215   258   169   213   120   214 0.58 -
de_novo.Agseq_177008.1:2538-3179                          -            214 61180at6656          -            438   1.5e-08   32.1   0.0   1   2   3.6e-10   3.4e-08   30.9   0.0   101   161     2    62     1    64 0.95 -
de_novo.Agseq_177008.1:2538-3179                          -            214 61180at6656          -            438   1.5e-08   32.1   0.0   2   2       2.7   2.6e+02   -1.7   0.0   215   258   169   213   120   214 0.58 -
de_novo.AGAP012655-RA.1:39-2351                           -            771 61180at6656          -            438   9.3e-07   26.2   0.0   1   2   3.5e-06   0.00033   17.8   0.0   101   176   292   368   278   380 0.86 -
de_novo.AGAP012655-RA.1:39-2351                           -            771 61180at6656          -            438   9.3e-07   26.2   0.0   2   2     0.012       1.1    6.2   0.0   101   132   550   581   528   617 0.85 -
de_novo.AGAP007243-RA.1:231-1175                          -            315 61180at6656          -            438     5e-06   23.8   0.0   1   1   8.1e-08   7.7e-06   23.2   0.0    99   176   104   179    95   181 0.82 -
de_novo.Agm54242Ue_220404_200923_165415555_ccs.1:66-1028  -            321 61180at6656          -            438   5.1e-06   23.7   0.0   1   1   8.3e-08   7.9e-06   23.1   0.0    99   176   110   185   101   187 0.82 -
de_novo.AGAP006205-RA.1:2382-3248                         -            289 61180at6656          -            438   1.1e-05   22.7   0.0   1   1   1.5e-07   1.4e-05   22.3   0.0   101   129    44    72    40   110 0.92 -
de_novo.Agm54242U_210819_213017_35326586_ccs.1:1073-1939  -            289 61180at6656          -            438   1.1e-05   22.7   0.0   1   1   1.5e-07   1.4e-05   22.3   0.0   101   129    44    72    40   110 0.92 -
de_novo.Agm54242U_210819_213017_96274636_ccs.1:910-1776   -            289 61180at6656          -            438   1.1e-05   22.7   0.0   1   1   1.5e-07   1.4e-05   22.3   0.0   101   129    44    72    40   110 0.92 -
de_novo.Agm54242Ue_220404_200923_53610120_ccs.1:3-603     -            193 61180at6656          -            438   2.3e-05   21.6   0.0   1   1   3.6e-07   3.4e-05   21.0   0.0    96   146    20    72    13    82 0.79 -
de_novo.Agm54242U_210909_035710_94045460_ccs.1:147-851    -            235 61180at6656          -            438   4.5e-05   20.6   0.0   1   1   7.2e-07   6.8e-05   20.0   0.0   100   169    49   116    44   122 0.67 -
de_novo.Agm54242U_210819_213017_103416473_ccs.1:651-1682  -            344 61180at6656          -            438   5.8e-05   20.3   0.0   1   1   9.1e-07   8.7e-05   19.7   0.0    97   169   120   190   112   195 0.74 -
de_novo.Agm54242U_210909_035710_92209550_ccs.1:547-1578   -            344 61180at6656          -            438   5.8e-05   20.3   0.0   1   1   9.1e-07   8.7e-05   19.7   0.0    97   169   120   190   112   195 0.74 -
de_novo.Agm54242U_210909_035710_115606878_ccs.1:228-848   -            207 61180at6656          -            438   7.1e-05   20.0   0.0   1   1   1.2e-06   0.00011   19.3   0.0   101   171    10    78     5    86 0.81 -
de_novo.Agm54242U_210819_213017_158664769_ccs.1:828-1712  -            295 61180at6656          -            438   7.4e-05   19.9   0.0   1   1   1.2e-06   0.00012   19.3   0.0   101   169    55   121    50   126 0.83 -
de_novo.Agm54242Ue_220404_200923_172753130_ccs.1:109-1191 -            361 61180at6656          -            438   7.5e-05   19.9   0.0   1   1   1.7e-06   0.00016   18.8   0.0    68   123    63   119    27   181 0.83 -
de_novo.Agseq_154409.1:159-680                            -            174 61180at6656          -            438   9.9e-05   19.5   0.0   1   1   1.2e-06   0.00012   19.3   0.0   101   125    41    65    28   118 0.88 -
de_novo.AGAP029916-RA.1:81-1184                           -            368 61180at6656          -            438   0.00015   18.9   0.0   1   1   3.1e-06   0.00029   18.0   0.0   101   171   169   237   160   245 0.81 -
de_novo.Agm54242U_210909_035710_147652785_ccs.1:96-1199   -            368 61180at6656          -            438   0.00015   18.9   0.0   1   1   3.1e-06   0.00029   18.0   0.0   101   171   169   237   160   245 0.81 -
de_novo.Agm54242U_210909_035710_176949238_ccs.1:860-1603  -            248 61180at6656          -            438   0.00017   18.7   0.0   1   1     3e-06   0.00028   18.0   0.0    98   170    38   108    24   112 0.84 -
de_novo.Agseq_85118.1:810-1553                            -            248 61180at6656          -            438   0.00017   18.7   0.0   1   1     3e-06   0.00028   18.0   0.0    98   170    38   108    24   112 0.84 -
de_novo.Agseq_18442.1:405-1250                            -            282 61180at6656          -            438   0.00033   17.8   0.1   1   2   8.1e-06   0.00078   16.6   0.0    88   123     2    40     1   103 0.80 -
de_novo.Agseq_18442.1:405-1250                            -            282 61180at6656          -            438   0.00033   17.8   0.1   2   2       6.4   6.1e+02   -2.9   0.0   197   227   171   199   145   205 0.75 -
de_novo.Agm54242U_210819_213017_112068732_ccs.1:5-946     -            314 61180at6656          -            438   0.00061   16.9   0.1   1   2       1.5   1.5e+02   -0.8   0.1   229   257    66    94    44   107 0.77 -
de_novo.Agm54242U_210819_213017_112068732_ccs.1:5-946     -            314 61180at6656          -            438   0.00061   16.9   0.1   2   2   2.8e-05    0.0027   14.8   0.0   101   169   211   277   206   281 0.70 -
de_novo.AGAP006205-RA.1:903-1607                          -            235 61180at6656          -            438   0.00085   16.4   0.0   1   1   1.4e-05    0.0013   15.8   0.0   102   133    42    73    38   121 0.69 -
de_novo.Agm54242U_210909_035710_118031393_ccs.1:344-682   -            113 61180at6656          -            438    0.0011   16.0   0.0   1   1   1.6e-05    0.0015   15.6   0.0   101   169    41   107    33   112 0.66 -
de_novo.Agm54242Ue_220404_200923_93915748_ccs.1:0-1393    -            442 61180at6656          -            438    0.0013   15.9   0.1   1   2       2.4   2.3e+02   -1.5   0.1   229   259    79   109    62   124 0.79 -
de_novo.Agm54242Ue_220404_200923_93915748_ccs.1:0-1393    -            442 61180at6656          -            438    0.0013   15.9   0.1   2   2   4.7e-05    0.0045   14.0   0.0   101   169   223   289   218   293 0.69 -
de_novo.AGAP010451-RA.1:1500-2042                         -            181 61180at6656          -            438    0.0019   15.3   0.0   1   1   2.9e-05    0.0028   14.7   0.0    97   121    27    51    20    58 0.88 -
de_novo.Agm54242U_210819_213017_105907146_ccs.1:1449-1991 -            181 61180at6656          -            438    0.0019   15.3   0.0   1   1   2.9e-05    0.0028   14.7   0.0    97   121    27    51    20    58 0.88 -
de_novo.Agm54242Ue_220404_200923_45155788_ccs.1:300-1103  -            268 61180at6656          -            438    0.0023   15.0   0.1   1   2   5.7e-05    0.0054   13.8   0.0    98   124    52    78    44   126 0.80 -
de_novo.Agm54242Ue_220404_200923_45155788_ccs.1:300-1103  -            268 61180at6656          -            438    0.0023   15.0   0.1   2   2       4.6   4.4e+02   -2.4   0.0   245   277   222   256   186   261 0.58 -
de_novo.Agm54242U_210909_035710_107479751_ccs.1:528-1193  -            222 61180at6656          -            438    0.0031   14.6   0.0   1   1   5.3e-05     0.005   13.9   0.0    97   121     4    28     2    34 0.88 -
de_novo.Agm54242U_210909_035710_171639671_ccs.1:309-1298  -            330 61180at6656          -            438    0.0037   14.3   0.2   1   2   7.9e-05    0.0075   13.3   0.0    98   124   114   140   106   188 0.80 -
de_novo.Agm54242U_210909_035710_171639671_ccs.1:309-1298  -            330 61180at6656          -            438    0.0037   14.3   0.2   2   2       7.2   6.8e+02   -3.0   0.1   246   277   285   318   253   323 0.57 -
de_novo.Agseq_186701.1:27-1016                            -            330 61180at6656          -            438    0.0037   14.3   0.2   1   2   7.9e-05    0.0075   13.3   0.0    98   124   114   140   106   188 0.80 -
de_novo.Agseq_186701.1:27-1016                            -            330 61180at6656          -            438    0.0037   14.3   0.2   2   2       7.2   6.8e+02   -3.0   0.1   246   277   285   318   253   323 0.57 -
de_novo.Agm54242Ue_220404_200923_61604772_ccs.1:192-881   -            230 61180at6656          -            438    0.0054   13.8   0.1   1   2   0.00011      0.01   12.8   0.0    99   121    14    36     4    85 0.88 -
de_novo.Agm54242Ue_220404_200923_61604772_ccs.1:192-881   -            230 61180at6656          -            438    0.0054   13.8   0.1   2   2       6.2   5.9e+02   -2.8   0.0   221   241   154   174   129   213 0.70 -
de_novo.Agm54242Ue_220404_200923_96011926_ccs.1:381-1211  -            277 61180at6656          -            438    0.0072   13.4   0.0   1   1   0.00013     0.012   12.6   0.0    98   121    70    93    53   141 0.88 -
de_novo.Agseq_96194.1:2-730                               -            243 61180at6656          -            438    0.0075   13.3   0.0   1   1    0.0001    0.0098   12.9   0.0    98   121    98   121    80   170 0.88 -
de_novo.Agm54242U_210909_035710_109053635_ccs.1:46-921    -            292 61180at6656          -            438    0.0079   13.2   0.0   1   1   0.00014     0.013   12.5   0.0    98   121    85   108    68   156 0.88 -
de_novo.Agm54242U_210909_035710_142083616_ccs.1:258-1133  -            292 61180at6656          -            438    0.0079   13.2   0.0   1   1   0.00014     0.013   12.5   0.0    98   121    85   108    68   156 0.88 -
de_novo.Agm54242Ue_220404_200923_107676066_ccs.1:369-1133 -            255 61180at6656          -            438     0.008   13.2   0.0   1   1   0.00011     0.011   12.8   0.0    98   121    85   108    67   157 0.88 -
de_novo.Agm54242U_210909_035710_59113667_ccs.1:36-557     -            174 61180at6656          -            438     0.011   12.7   0.0   1   1   0.00015     0.014   12.4   0.0   101   124    41    64    34    88 0.89 -
de_novo.Agm54242U_210819_213017_31459065_ccs.1:57-932     -            292 61180at6656          -            438     0.012   12.7   0.0   1   1   0.00023     0.022   11.7   0.0    99   122    69    92    62   142 0.74 -
de_novo.Agseq_106024.1:8-460                              -            151 61180at6656          -            438     0.016   12.2   0.0   1   1   0.00025     0.024   11.7   0.0    93   118    35    60    21    69 0.81 -
de_novo.Agm54242Ue_220404_200923_173016827_ccs.1:21-389   -            123 61180at6656          -            438     0.017   12.1   0.2   1   2   0.00034     0.032   11.2   0.0   101   121     2    22     1    26 0.92 -
de_novo.Agm54242Ue_220404_200923_173016827_ccs.1:21-389   -            123 61180at6656          -            438     0.017   12.1   0.2   2   2         5   4.7e+02   -2.5   0.0    66    94    81   109    73   112 0.70 -
de_novo.Agm54242U_210909_035710_52822107_ccs.1:323-1600   -            426 61180at6656          -            438     0.018   12.0   0.0   1   1   0.00031     0.029   11.4   0.0   100   125   176   201   168   209 0.83 -
de_novo.Agseq_54648.1:78-1268                             -            397 61180at6656          -            438     0.019   11.9   0.0   1   1   0.00039     0.037   11.0   0.0   100   122   175   197   168   247 0.75 -
de_novo.Agm54242Ue_220404_200923_170198007_ccs.1:0-722    -            241 61180at6656          -            438     0.023   11.7   0.1   1   1   0.00041     0.039   10.9   0.1    99   121   211   233   204   238 0.88 -
de_novo.AGAP007769-RA.1:942-1721                          -            260 61180at6656          -            438     0.023   11.7   0.0   1   1   0.00034     0.032   11.2   0.0   101   136    74   109    68   146 0.72 -
de_novo.Agseq_166070.1:0-779                              -            260 61180at6656          -            438     0.023   11.7   0.0   1   1   0.00041     0.039   10.9   0.0    99   121   211   233   204   241 0.88 -
de_novo.Agm54242Ue_220404_200923_65275550_ccs.1:0-1223    -            408 61180at6656          -            438     0.026   11.5   0.0   1   1   0.00042      0.04   10.9   0.0   101   127   167   193   160   240 0.65 -
de_novo.Agseq_153496.1:66-1286                            -            407 61180at6656          -            438     0.027   11.5   0.0   1   1   0.00042      0.04   10.9   0.0   101   127   133   159   126   206 0.65 -
de_novo.Agm54242U_210909_035710_133695942_ccs.1:0-1271    -            424 61180at6656          -            438     0.028   11.4   0.0   1   1   0.00045     0.043   10.8   0.0   101   127   167   193   160   240 0.65 -
de_novo.Agseq_148580.1:3609-4331                          -            241 61180at6656          -            438     0.029   11.4   0.0   1   1   0.00046     0.043   10.8   0.0   101   184     1    90     1    94 0.74 -
de_novo.Agm54242U_210909_035710_111673592_ccs.1:0-1322    -            441 61180at6656          -            438     0.029   11.4   0.0   1   1   0.00047     0.045   10.7   0.0   101   127   167   193   160   240 0.65 -
de_novo.Agm54242U_210819_213017_118032799_ccs.1:21-515    -            165 61180at6656          -            438      0.03   11.3   0.1   1   1   0.00053      0.05   10.6   0.0   101   121     2    22     1    26 0.92 -
de_novo.Agseq_41258.1:612-1424                            -            271 61180at6656          -            438     0.037   11.0   0.0   1   1   0.00062     0.059   10.3   0.0    93   118    29    54    16    62 0.81 -
de_novo.Agm54242U_210909_035710_33294127_ccs.1:0-2504     -            835 61180at6656          -            438     0.046   10.7   0.1   1   2       5.4   5.1e+02   -2.6   0.0   335   405   424   492   418   499 0.82 -
de_novo.Agm54242U_210909_035710_33294127_ccs.1:0-2504     -            835 61180at6656          -            438     0.046   10.7   0.1   2   2    0.0016      0.15    9.0   0.0   101   122   590   611   578   656 0.90 -
#
# Program:         hmmsearch
# Version:         3.1b2 (February 2015)
# Pipeline mode:   SEARCH
# Query file:      /hpcdata/bcbb/homc/Barillaslab/Agam_hemo_transcriptomes/scripts/compare_txomes/busco/busco_downloads/lineages/arthropoda_odb10/hmms/61180at6656.hmm
# Target file:     /hpcdata/bcbb/homc/Barillaslab/Agam_hemo_transcriptomes/scripts/compare_txomes/busco/denovo_Agamhemo_BUSCO/run_arthropoda_odb10/metaeuk_output/initial_results/de_novo_transcriptome_with_genome_hits_and_expression_filtering.gffread.fa.modified.fas
# Option settings: hmmsearch --domtblout /hpcdata/bcbb/homc/Barillaslab/Agam_hemo_transcriptomes/scripts/compare_txomes/busco/denovo_Agamhemo_BUSCO/run_arthropoda_odb10/hmmer_output/initial_run_results/61180at6656.out --cpu 1 /hpcdata/bcbb/homc/Barillaslab/Agam_hemo_transcriptomes/scripts/compare_txomes/busco/busco_downloads/lineages/arthropoda_odb10/hmms/61180at6656.hmm /hpcdata/bcbb/homc/Barillaslab/Agam_hemo_transcriptomes/scripts/compare_txomes/busco/denovo_Agamhemo_BUSCO/run_arthropoda_odb10/metaeuk_output/initial_results/de_novo_transcriptome_with_genome_hits_and_expression_filtering.gffread.fa.modified.fas 
# Current dir:     /hpcdata/bcbb/homc/Barillaslab/Agam_hemo_transcriptomes/scripts/compare_txomes/busco
# Date:            Sun Jan 29 12:59:50 2023
# [ok]
