#                                                                                                                 --- full sequence --- -------------- this domain -------------   hmm coord   ali coord   env coord
# target name                                             accession   tlen query name           accession   qlen   E-value  score  bias   #  of  c-Evalue  i-Evalue  score  bias  from    to  from    to  from    to  acc description of target
#                                     ------------------- ---------- ----- -------------------- ---------- ----- --------- ------ ----- --- --- --------- --------- ------ ----- ----- ----- ----- ----- ----- ----- ---- ---------------------
de_novo.Agm54242U_210819_213017_144310362_ccs.1:320-3334  -           1005 67710at6656          -            706  5.1e-199  661.0  17.1   1   4   3.4e-75   1.7e-72  242.8   4.7    23   308    21   384    13   410 0.78 -
de_novo.Agm54242U_210819_213017_144310362_ccs.1:320-3334  -           1005 67710at6656          -            706  5.1e-199  661.0  17.1   2   4  1.9e-101   9.7e-99  329.5   0.0   302   624   410   775   386   805 0.82 -
de_novo.Agm54242U_210819_213017_144310362_ccs.1:320-3334  -           1005 67710at6656          -            706  5.1e-199  661.0  17.1   3   4   0.00026      0.13    8.5   0.1   622   640   837   855   805   860 0.84 -
de_novo.Agm54242U_210819_213017_144310362_ccs.1:320-3334  -           1005 67710at6656          -            706  5.1e-199  661.0  17.1   4   4   6.8e-26   3.5e-23   79.8   0.5   630   706   879   974   874   974 0.80 -
de_novo.Agm54242U_210819_213017_39781443_ccs.1:0-3368     -           1123 67710at6656          -            706  1.2e-197  656.4  16.7   1   4   4.3e-75   2.2e-72  242.4   4.4    23   308   146   509   139   516 0.78 -
de_novo.Agm54242U_210819_213017_39781443_ccs.1:0-3368     -           1123 67710at6656          -            706  1.2e-197  656.4  16.7   2   4  3.2e-100   1.7e-97  325.5   0.0   302   625   535   894   513   927 0.82 -
de_novo.Agm54242U_210819_213017_39781443_ccs.1:0-3368     -           1123 67710at6656          -            706  1.2e-197  656.4  16.7   3   4   0.00029      0.15    8.3   0.1   622   640   955   973   922   977 0.83 -
de_novo.Agm54242U_210819_213017_39781443_ccs.1:0-3368     -           1123 67710at6656          -            706  1.2e-197  656.4  16.7   4   4   7.8e-26     4e-23   79.6   0.5   630   706   997  1092   992  1092 0.80 -
de_novo.Agm54242Ue_220404_200923_45810237_ccs.1:231-3042  -            926 67710at6656          -            706  1.6e-188  626.3  15.7   1   4   1.3e-71   6.8e-69  230.9   5.1    23   281    73   400    64   413 0.78 -
de_novo.Agm54242Ue_220404_200923_45810237_ccs.1:231-3042  -            926 67710at6656          -            706  1.6e-188  626.3  15.7   2   4   7.5e-94   3.8e-91  304.4   0.0   350   625   419   721   401   760 0.83 -
de_novo.Agm54242Ue_220404_200923_45810237_ccs.1:231-3042  -            926 67710at6656          -            706  1.6e-188  626.3  15.7   3   4   0.00023      0.12    8.6   0.1   622   640   782   800   749   805 0.83 -
de_novo.Agm54242Ue_220404_200923_45810237_ccs.1:231-3042  -            926 67710at6656          -            706  1.6e-188  626.3  15.7   4   4   6.1e-26   3.1e-23   79.9   0.5   630   706   824   919   819   919 0.80 -
de_novo.Agm54242U_210819_213017_118555680_ccs.1:0-2156    -            719 67710at6656          -            706    6e-134  445.9   5.2   1   4   9.2e-09   4.7e-06   23.2   0.0   250   308    31    98    17   124 0.83 -
de_novo.Agm54242U_210819_213017_118555680_ccs.1:0-2156    -            719 67710at6656          -            706    6e-134  445.9   5.2   2   4    8e-102   4.1e-99  330.8   0.0   302   625   124   490    99   521 0.82 -
de_novo.Agm54242U_210819_213017_118555680_ccs.1:0-2156    -            719 67710at6656          -            706    6e-134  445.9   5.2   3   4   0.00015     0.078    9.2   0.1   622   640   551   569   497   574 0.82 -
de_novo.Agm54242U_210819_213017_118555680_ccs.1:0-2156    -            719 67710at6656          -            706    6e-134  445.9   5.2   4   4   4.5e-26   2.3e-23   80.4   0.6   630   706   593   688   588   688 0.80 -
de_novo.seqSigP-130702.1:21-1487                          -            489 67710at6656          -            706     5e-79  264.4   7.5   1   2     5e-76   2.6e-73  245.5   4.7    23   308    24   387    15   413 0.78 -
de_novo.seqSigP-130702.1:21-1487                          -            489 67710at6656          -            706     5e-79  264.4   7.5   2   2   6.6e-06    0.0034   13.7   0.0   302   361   413   488   388   489 0.75 -
de_novo.AGAP005926-RA.1:3621-5132                         -            504 67710at6656          -            706     2e-38  130.1   0.2   1   2   3.6e-07   0.00018   17.9   0.0   398   447    35    92     7   117 0.73 -
de_novo.AGAP005926-RA.1:3621-5132                         -            504 67710at6656          -            706     2e-38  130.1   0.2   2   2   2.2e-34   1.1e-31  107.8   0.1   482   705   231   496   219   497 0.74 -
de_novo.Agm54242U_210909_035710_48170531_ccs.1:1137-2519  -            461 67710at6656          -            706   3.6e-31  106.2   0.1   1   4   2.4e-08   1.2e-05   21.8   0.0   383   446     1    71     1   113 0.75 -
de_novo.Agm54242U_210909_035710_48170531_ccs.1:1137-2519  -            461 67710at6656          -            706   3.6e-31  106.2   0.1   2   4   5.5e-12   2.8e-09   33.8   0.0   477   554   137   222   116   232 0.84 -
de_novo.Agm54242U_210909_035710_48170531_ccs.1:1137-2519  -            461 67710at6656          -            706   3.6e-31  106.2   0.1   3   4    0.0064       3.3    3.9   0.0   557   597   246   286   242   292 0.88 -
de_novo.Agm54242U_210909_035710_48170531_ccs.1:1137-2519  -            461 67710at6656          -            706   3.6e-31  106.2   0.1   4   4   2.4e-14   1.2e-11   41.6   0.0   622   704   353   453   326   455 0.79 -
de_novo.AGAP011893-RA.1:1119-2261                         -            381 67710at6656          -            706     3e-30  103.1   1.1   1   2   1.2e-11     6e-09   32.7   0.0   384   551     1   207     1   216 0.68 -
de_novo.AGAP011893-RA.1:1119-2261                         -            381 67710at6656          -            706     3e-30  103.1   1.1   2   2   6.7e-22   3.4e-19   66.6   0.2   604   701   268   376   240   381 0.78 -
de_novo.Agm54242U_210909_035710_112460143_ccs.1:1470-3044 -            525 67710at6656          -            706   1.6e-25   87.5   0.6   1   3   1.2e-10   6.3e-08   29.3   0.0   375   464    50   144    40   166 0.79 -
de_novo.Agm54242U_210909_035710_112460143_ccs.1:1470-3044 -            525 67710at6656          -            706   1.6e-25   87.5   0.6   2   3   7.7e-12     4e-09   33.3   0.5   458   578   205   332   185   342 0.83 -
de_novo.Agm54242U_210909_035710_112460143_ccs.1:1470-3044 -            525 67710at6656          -            706   1.6e-25   87.5   0.6   3   3     3e-08   1.6e-05   21.4   0.0   641   699   436   503   409   509 0.83 -
de_novo.Agm54242U_210909_035710_17498828_ccs.1:108-1160   -            351 67710at6656          -            706   1.4e-21   74.5   0.5   1   4     1e-05    0.0052   13.1   0.1   402   445     6    53     4    77 0.81 -
de_novo.Agm54242U_210909_035710_17498828_ccs.1:108-1160   -            351 67710at6656          -            706   1.4e-21   74.5   0.5   2   4   0.00011     0.054    9.8   0.0   522   554    80   112    75   121 0.90 -
de_novo.Agm54242U_210909_035710_17498828_ccs.1:108-1160   -            351 67710at6656          -            706   1.4e-21   74.5   0.5   3   4    0.0044       2.3    4.4   0.0   557   597   136   176   132   182 0.88 -
de_novo.Agm54242U_210909_035710_17498828_ccs.1:108-1160   -            351 67710at6656          -            706   1.4e-21   74.5   0.5   4   4   1.5e-14   7.4e-12   42.3   0.0   622   704   243   343   216   345 0.79 -
de_novo.AGAP011545-RA.1:3111-4376                         -            422 67710at6656          -            706   6.1e-18   62.5   0.0   1   2   5.5e-05     0.028   10.7   0.0   402   440     2    43     1    84 0.82 -
de_novo.AGAP011545-RA.1:3111-4376                         -            422 67710at6656          -            706   6.1e-18   62.5   0.0   2   2   6.3e-15   3.2e-12   43.5   0.0   491   703   123   395    86   398 0.74 -
#
# Program:         hmmsearch
# Version:         3.1b2 (February 2015)
# Pipeline mode:   SEARCH
# Query file:      /hpcdata/bcbb/homc/Barillaslab/Agam_hemo_transcriptomes/scripts/compare_txomes/busco/busco_downloads/lineages/arthropoda_odb10/hmms/67710at6656.hmm
# Target file:     /hpcdata/bcbb/homc/Barillaslab/Agam_hemo_transcriptomes/scripts/compare_txomes/busco/denovo_Agamhemo_BUSCO/run_arthropoda_odb10/metaeuk_output/initial_results/de_novo_transcriptome_with_genome_hits_and_expression_filtering.gffread.fa.modified.fas
# Option settings: hmmsearch --domtblout /hpcdata/bcbb/homc/Barillaslab/Agam_hemo_transcriptomes/scripts/compare_txomes/busco/denovo_Agamhemo_BUSCO/run_arthropoda_odb10/hmmer_output/initial_run_results/67710at6656.out --cpu 1 /hpcdata/bcbb/homc/Barillaslab/Agam_hemo_transcriptomes/scripts/compare_txomes/busco/busco_downloads/lineages/arthropoda_odb10/hmms/67710at6656.hmm /hpcdata/bcbb/homc/Barillaslab/Agam_hemo_transcriptomes/scripts/compare_txomes/busco/denovo_Agamhemo_BUSCO/run_arthropoda_odb10/metaeuk_output/initial_results/de_novo_transcriptome_with_genome_hits_and_expression_filtering.gffread.fa.modified.fas 
# Current dir:     /hpcdata/bcbb/homc/Barillaslab/Agam_hemo_transcriptomes/scripts/compare_txomes/busco
# Date:            Sun Jan 29 13:00:04 2023
# [ok]
