#                                                                                                                 --- full sequence --- -------------- this domain -------------   hmm coord   ali coord   env coord
# target name                                             accession   tlen query name           accession   qlen   E-value  score  bias   #  of  c-Evalue  i-Evalue  score  bias  from    to  from    to  from    to  acc description of target
#                                     ------------------- ---------- ----- -------------------- ---------- ----- --------- ------ ----- --- --- --------- --------- ------ ----- ----- ----- ----- ----- ----- ----- ---- ---------------------
de_novo.Agm54242U_210909_035710_111673592_ccs.1:0-1322    -            441 70201at6656          -            365  8.2e-204  674.8  10.5   1   2   2.6e-29   2.3e-27   94.3   6.0     1    72     7    81     7   102 0.84 -
de_novo.Agm54242U_210909_035710_111673592_ccs.1:0-1322    -            441 70201at6656          -            365  8.2e-204  674.8  10.5   2   2  4.9e-176  4.2e-174  577.1   0.1    66   365   105   441    98   441 0.93 -
de_novo.Agm54242Ue_220404_200923_65275550_ccs.1:0-1223    -            408 70201at6656          -            365  2.9e-188  623.7   9.3   1   2   2.5e-29   2.2e-27   94.3   6.1     1    72     7    81     7   101 0.84 -
de_novo.Agm54242Ue_220404_200923_65275550_ccs.1:0-1223    -            408 70201at6656          -            365  2.9e-188  623.7   9.3   2   2  4.5e-160  3.8e-158  524.5   0.1    66   335   105   408    96   408 0.93 -
de_novo.Agm54242U_210909_035710_133695942_ccs.1:0-1271    -            424 70201at6656          -            365  8.2e-186  615.6   9.6   1   2   3.4e-29     3e-27   93.9   6.5     1    72     7    81     7   101 0.84 -
de_novo.Agm54242U_210909_035710_133695942_ccs.1:0-1271    -            424 70201at6656          -            365  8.2e-186  615.6   9.6   2   2  2.7e-159  2.3e-157  522.0   0.1    66   365   105   424    95   424 0.92 -
de_novo.Agseq_153496.1:66-1286                            -            407 70201at6656          -            365    1e-180  598.8   5.4   1   2   8.7e-06   0.00075   16.9   1.6    42    72    17    47     5    67 0.75 -
de_novo.Agseq_153496.1:66-1286                            -            407 70201at6656          -            365    1e-180  598.8   5.4   2   2  3.7e-176  3.2e-174  577.5   0.1    66   365    71   407    64   407 0.93 -
de_novo.Agm54242U_210819_213017_158664769_ccs.1:828-1712  -            295 70201at6656          -            365   1.8e-81  272.3   0.0   1   1   2.6e-82   2.3e-80  268.7   0.0    76   320     3   268     1   295 0.89 -
de_novo.AGAP007769-RA.1:942-1721                          -            260 70201at6656          -            365     3e-71  238.6   0.0   1   1   3.7e-72   3.2e-70  235.3   0.0    81   293    27   259    10   260 0.84 -
de_novo.AGAP012655-RA.1:39-2351                           -            771 70201at6656          -            365   7.2e-58  194.6   0.0   1   2   6.5e-13   5.6e-11   40.3   0.0    92   275   256   445   238   461 0.81 -
de_novo.AGAP012655-RA.1:39-2351                           -            771 70201at6656          -            365   7.2e-58  194.6   0.0   2   2   7.4e-47   6.4e-45  152.0   0.0    80   283   501   710   490   724 0.88 -
de_novo.Agm54242U_210909_035710_52822107_ccs.1:323-1600   -            426 70201at6656          -            365   7.3e-53  178.2   0.0   1   2   9.1e-07   7.8e-05   20.1   0.0   226   275     3    54     1    90 0.91 -
de_novo.Agm54242U_210909_035710_52822107_ccs.1:323-1600   -            426 70201at6656          -            365   7.3e-53  178.2   0.0   2   2   1.2e-47     1e-45  154.6   0.0    82   276   130   331   110   426 0.74 -
de_novo.Agm54242U_210909_035710_94045460_ccs.1:147-851    -            235 70201at6656          -            365   7.3e-45  151.8   0.0   1   1   1.3e-45   1.1e-43  148.0   0.0    83   294     3   235     1   235 0.85 -
de_novo.AGAP007243-RA.1:231-1175                          -            315 70201at6656          -            365   3.6e-44  149.5   0.0   1   1   5.1e-46   4.4e-44  149.2   0.0    82   272    58   256    33   286 0.89 -
de_novo.Agm54242Ue_220404_200923_165415555_ccs.1:66-1028  -            321 70201at6656          -            365   3.8e-44  149.5   0.0   1   1   5.5e-46   4.7e-44  149.2   0.0    82   272    64   262    39   292 0.89 -
de_novo.Agm54242Ue_220404_200923_45155788_ccs.1:300-1103  -            268 70201at6656          -            365   8.1e-43  145.1   0.0   1   1   2.3e-44     2e-42  143.8   0.0    85   274    11   207     4   259 0.88 -
de_novo.Agm54242U_210909_035710_171639671_ccs.1:309-1298  -            330 70201at6656          -            365   1.5e-42  144.2   0.0   1   1   4.1e-44   3.5e-42  143.0   0.0    85   274    73   269    62   320 0.88 -
de_novo.Agseq_186701.1:27-1016                            -            330 70201at6656          -            365   1.5e-42  144.2   0.0   1   1   4.1e-44   3.5e-42  143.0   0.0    85   274    73   269    62   320 0.88 -
de_novo.AGAP006205-RA.1:2382-3248                         -            289 70201at6656          -            365   2.2e-42  143.6   0.0   1   1   1.9e-43   1.6e-41  140.8   0.0    87   271     2   191     1   288 0.81 -
de_novo.Agm54242U_210819_213017_35326586_ccs.1:1073-1939  -            289 70201at6656          -            365   2.2e-42  143.6   0.0   1   1   1.9e-43   1.6e-41  140.8   0.0    87   271     2   191     1   288 0.81 -
de_novo.Agm54242U_210819_213017_96274636_ccs.1:910-1776   -            289 70201at6656          -            365   2.2e-42  143.6   0.0   1   1   1.9e-43   1.6e-41  140.8   0.0    87   271     2   191     1   288 0.81 -
de_novo.AGAP029916-RA.1:81-1184                           -            368 70201at6656          -            365   7.2e-42  142.0   0.0   1   1   2.9e-43   2.5e-41  140.2   0.0    85   293   125   356   113   367 0.83 -
de_novo.Agm54242U_210909_035710_147652785_ccs.1:96-1199   -            368 70201at6656          -            365   7.2e-42  142.0   0.0   1   1   2.9e-43   2.5e-41  140.2   0.0    85   293   125   356   113   367 0.83 -
de_novo.Agm54242Ue_220404_200923_93915748_ccs.1:0-1393    -            442 70201at6656          -            365   7.3e-41  138.7   0.0   1   1   1.3e-42   1.2e-40  138.0   0.0    88   272   182   373   172   429 0.87 -
de_novo.Agm54242U_210819_213017_31459065_ccs.1:57-932     -            292 70201at6656          -            365   2.1e-40  137.1   0.0   1   1   3.1e-42   2.7e-40  136.8   0.0    80   273    22   222    11   265 0.90 -
de_novo.Agseq_54648.1:78-1268                             -            397 70201at6656          -            365   4.7e-40  136.0   0.0   1   1   7.6e-42   6.6e-40  135.5   0.0    79   273   126   327   112   366 0.90 -
de_novo.Agm54242Ue_220404_200923_96011926_ccs.1:381-1211  -            277 70201at6656          -            365   5.3e-40  135.8   0.0   1   1   8.4e-42   7.2e-40  135.4   0.0    77   274    21   225    15   236 0.90 -
de_novo.Agm54242U_210909_035710_109053635_ccs.1:46-921    -            292 70201at6656          -            365   6.2e-40  135.6   0.0   1   1   9.7e-42   8.4e-40  135.2   0.0    77   274    36   240    29   251 0.90 -
de_novo.Agm54242U_210909_035710_142083616_ccs.1:258-1133  -            292 70201at6656          -            365   6.2e-40  135.6   0.0   1   1   9.7e-42   8.4e-40  135.2   0.0    77   274    36   240    29   251 0.90 -
de_novo.Agseq_96194.1:2-730                               -            243 70201at6656          -            365   3.6e-38  129.8   0.0   1   1   5.2e-40   4.4e-38  129.5   0.0    77   263    49   242    42   243 0.90 -
de_novo.Agm54242U_210909_035710_176949238_ccs.1:860-1603  -            248 70201at6656          -            365   5.8e-36  122.5   0.0   1   1   2.5e-37   2.2e-35  120.6   0.0    89   272     2   191     1   245 0.85 -
de_novo.Agseq_85118.1:810-1553                            -            248 70201at6656          -            365   5.8e-36  122.5   0.0   1   1   2.5e-37   2.2e-35  120.6   0.0    89   272     2   191     1   245 0.85 -
de_novo.Agm54242U_210819_213017_78971043_ccs.1:3-1598     -            532 70201at6656          -            365   5.2e-35  119.4   0.0   1   1   8.8e-37   7.6e-35  118.9   0.0    85   254   245   420   231   484 0.89 -
de_novo.Agm54242U_210909_035710_33294127_ccs.1:0-2504     -            835 70201at6656          -            365   7.6e-35  118.9   0.0   1   2       8.1     7e+02   -2.8   0.0   132   213   339   416   332   425 0.71 -
de_novo.Agm54242U_210909_035710_33294127_ccs.1:0-2504     -            835 70201at6656          -            365   7.6e-35  118.9   0.0   2   2   2.2e-36   1.9e-34  117.6   0.0    85   254   548   723   534   784 0.89 -
de_novo.Agm54242Ue_220404_200923_107676066_ccs.1:369-1133 -            255 70201at6656          -            365   1.2e-34  118.2   0.0   1   1   1.8e-36   1.5e-34  117.9   0.0    77   243    36   207    29   245 0.91 -
de_novo.Agm54242U_210909_035710_115606878_ccs.1:228-848   -            207 70201at6656          -            365   1.1e-33  115.1   0.0   1   1   4.8e-35   4.1e-33  113.2   0.0   124   292     6   196     4   204 0.81 -
de_novo.AGAP006205-RA.1:903-1607                          -            235 70201at6656          -            365     1e-31  108.6   0.0   1   1   1.4e-33   1.2e-31  108.3   0.0    89   268     2   187     1   204 0.89 -
de_novo.Agm54242Ue_220404_200923_61604772_ccs.1:192-881   -            230 70201at6656          -            365   1.1e-31  108.5   0.0   1   1   1.8e-33   1.5e-31  108.0   0.0   124   274    12   168     4   180 0.90 -
de_novo.Agm54242U_210819_213017_112068732_ccs.1:5-946     -            314 70201at6656          -            365   1.7e-31  107.9   0.0   1   1   3.1e-33   2.7e-31  107.2   0.0    88   222   170   307   160   313 0.88 -
de_novo.Agm54242U_210819_213017_103416473_ccs.1:651-1682  -            344 70201at6656          -            365   1.3e-30  104.9   0.0   1   1   1.3e-31   1.2e-29  101.8   0.0    89   271    85   279    78   330 0.82 -
de_novo.Agm54242U_210909_035710_92209550_ccs.1:547-1578   -            344 70201at6656          -            365   1.3e-30  104.9   0.0   1   1   1.3e-31   1.2e-29  101.8   0.0    89   271    85   279    78   330 0.82 -
de_novo.Agseq_38441.1:6-347                               -            114 70201at6656          -            365   7.3e-28   95.9   0.0   1   1   8.9e-30   7.7e-28   95.8   0.0   129   236     1   110     1   114 0.79 -
de_novo.Agm54242U_210909_035710_118031393_ccs.1:344-682   -            113 70201at6656          -            365     4e-26   90.2   0.0   1   1   4.9e-28   4.2e-26   90.1   0.0    90   200     2   112     1   113 0.93 -
de_novo.Agm54242U_210909_035710_59113667_ccs.1:36-557     -            174 70201at6656          -            365   6.7e-26   89.4   0.0   1   2   3.9e-24   3.3e-22   77.3   0.0    91   192     3   104     1   107 0.93 -
de_novo.Agm54242U_210909_035710_59113667_ccs.1:36-557     -            174 70201at6656          -            365   6.7e-26   89.4   0.0   2   2   0.00056     0.048   10.9   0.0   246   272   112   138   104   174 0.85 -
de_novo.Agseq_178498.1:40-417                             -            126 70201at6656          -            365   3.8e-25   86.9   0.0   1   1   5.1e-27   4.4e-25   86.7   0.0   129   245     1   118     1   124 0.93 -
de_novo.Agm54242Ue_220404_200923_153880840_ccs.1:128-1088 -            291 70201at6656          -            365   4.1e-22   77.0   0.0   1   1   7.2e-24   6.2e-22   76.4   0.0   164   272   132   247   127   281 0.84 -
de_novo.Agseq_41258.1:612-1424                            -            271 70201at6656          -            365   2.5e-21   74.4   0.0   1   1   8.5e-23   7.4e-21   72.8   0.0   124   271    33   194    15   260 0.86 -
de_novo.Agm54242Ue_220404_200923_90310900_ccs.1:201-755   -            185 70201at6656          -            365   4.3e-21   73.6   0.0   1   1   6.2e-23   5.4e-21   73.3   0.0   151   274     3   133     1   146 0.89 -
de_novo.Agm54242Ue_220404_200923_11929340_ccs.1:10-486    -            159 70201at6656          -            365   9.2e-20   69.2   0.0   1   1   1.2e-21     1e-19   69.1   0.0   127   269     1   157     1   159 0.87 -
de_novo.Agseq_166070.1:0-779                              -            260 70201at6656          -            365   1.9e-19   68.2   0.0   1   1   3.2e-21   2.8e-19   67.7   0.0    79   175   163   259   146   260 0.91 -
de_novo.Agm54242Ue_220404_200923_53610120_ccs.1:3-603     -            193 70201at6656          -            365   7.6e-18   62.9   0.2   1   2   3.5e-10     3e-08   31.4   0.0   126   163    23    59    13    66 0.86 -
de_novo.Agm54242Ue_220404_200923_53610120_ccs.1:3-603     -            193 70201at6656          -            365   7.6e-18   62.9   0.2   2   2   5.6e-09   4.8e-07   27.4   0.0   213   271    66   128    51   181 0.79 -
de_novo.Agm54242U_210819_213017_107874426_ccs.1:903-1502  -            200 70201at6656          -            365   1.1e-15   55.9   0.0   1   1   1.7e-16   1.5e-14   52.1   0.0   153   271    12   143     6   194 0.81 -
de_novo.Agm54242Ue_220404_200923_172753130_ccs.1:109-1191 -            361 70201at6656          -            365   5.3e-15   53.6   0.0   1   1   8.3e-17   7.2e-15   53.1   0.0   104   299    67   282    54   310 0.73 -
de_novo.Agseq_18442.1:405-1250                            -            282 70201at6656          -            365   8.7e-15   52.9   0.1   1   1   1.3e-16   1.2e-14   52.5   0.1   128   299    18   203     7   232 0.76 -
de_novo.Agseq_106024.1:8-460                              -            151 70201at6656          -            365   8.6e-14   49.6   0.0   1   1     1e-15   8.8e-14   49.6   0.0   123   204    38   127     7   150 0.82 -
de_novo.Agm54242Ue_220404_200923_170198007_ccs.1:0-722    -            241 70201at6656          -            365     2e-13   48.4   0.0   1   1   3.4e-15   2.9e-13   47.9   0.0    79   150   163   235   146   241 0.88 -
de_novo.Agm54242U_210909_035710_70912780_ccs.1:3-452      -            150 70201at6656          -            365   2.2e-13   48.3   0.0   1   1   1.5e-14   1.3e-12   45.7   0.0   188   272     2    93     1   147 0.82 -
de_novo.AGAP001792-RA.1:0-1790                            -            597 70201at6656          -            365   1.2e-12   45.9   0.0   1   1   1.3e-14   1.2e-12   45.9   0.0   120   269   345   494   299   503 0.85 -
de_novo.Agseq_166071.1:75-593                             -            173 70201at6656          -            365   1.2e-12   45.9   0.0   1   1   1.6e-14   1.4e-12   45.6   0.0   178   273     1   103     1   146 0.88 -
de_novo.Agm54242U_210909_035710_93520002_ccs.1:319-816    -            166 70201at6656          -            365   5.9e-10   37.0   0.1   1   1   4.3e-11   3.7e-09   34.3   0.1   211   358     2   163     1   166 0.59 -
de_novo.Agseq_173045.1:124-516                            -            131 70201at6656          -            365   1.8e-06   25.5   0.0   1   1     4e-08   3.4e-06   24.6   0.0   224   276     7    61     1    97 0.88 -
de_novo.Agm54242Ue_220404_200923_101056942_ccs.1:405-887  -            161 70201at6656          -            365     2e-05   22.1   0.0   1   1   2.8e-07   2.4e-05   21.8   0.0   112   207    20   108    10   154 0.84 -
de_novo.AGAP012809-RA.1:348-866                           -            173 70201at6656          -            365     2e-05   22.1   0.0   1   1   2.8e-07   2.4e-05   21.8   0.0   112   207    32   120    14   166 0.84 -
de_novo.Agm54242Ue_220404_200923_151257507_ccs.1:381-920  -            180 70201at6656          -            365   2.2e-05   21.9   0.1   1   2   5.8e-06    0.0005   17.5   0.0    77   130    32    86    26    89 0.84 -
de_novo.Agm54242Ue_220404_200923_151257507_ccs.1:381-920  -            180 70201at6656          -            365   2.2e-05   21.9   0.1   2   2      0.22        19    2.4   0.0   246   274    90   118    86   129 0.87 -
de_novo.Agseq_154409.1:159-680                            -            174 70201at6656          -            365   0.00016   19.1   0.0   1   1   2.5e-06   0.00022   18.7   0.0   116   200    31   114    20   120 0.72 -
de_novo.AGAP010451-RA.1:1500-2042                         -            181 70201at6656          -            365    0.0015   15.9   0.0   1   1   2.3e-05     0.002   15.5   0.0   124   197    26   107     7   118 0.73 -
de_novo.Agm54242U_210819_213017_105907146_ccs.1:1449-1991 -            181 70201at6656          -            365    0.0015   15.9   0.0   1   1   2.3e-05     0.002   15.5   0.0   124   197    26   107     7   118 0.73 -
de_novo.Agm54242U_210909_035710_107479751_ccs.1:528-1193  -            222 70201at6656          -            365    0.0048   14.2   0.0   1   1   8.6e-05    0.0075   13.6   0.0   129   197     9    84     2    95 0.74 -
de_novo.Agm54242Ue_220404_200923_132318760_ccs.1:27-2507  -            827 70201at6656          -            365     0.012   13.0   0.4   1   1   0.00022     0.019   12.3   0.4     8    62   251   307   245   318 0.85 -
#
# Program:         hmmsearch
# Version:         3.1b2 (February 2015)
# Pipeline mode:   SEARCH
# Query file:      /hpcdata/bcbb/homc/Barillaslab/Agam_hemo_transcriptomes/scripts/compare_txomes/busco/busco_downloads/lineages/arthropoda_odb10/hmms/70201at6656.hmm
# Target file:     /hpcdata/bcbb/homc/Barillaslab/Agam_hemo_transcriptomes/scripts/compare_txomes/busco/denovo_Agamhemo_BUSCO/run_arthropoda_odb10/metaeuk_output/initial_results/de_novo_transcriptome_with_genome_hits_and_expression_filtering.gffread.fa.modified.fas
# Option settings: hmmsearch --domtblout /hpcdata/bcbb/homc/Barillaslab/Agam_hemo_transcriptomes/scripts/compare_txomes/busco/denovo_Agamhemo_BUSCO/run_arthropoda_odb10/hmmer_output/initial_run_results/70201at6656.out --cpu 1 /hpcdata/bcbb/homc/Barillaslab/Agam_hemo_transcriptomes/scripts/compare_txomes/busco/busco_downloads/lineages/arthropoda_odb10/hmms/70201at6656.hmm /hpcdata/bcbb/homc/Barillaslab/Agam_hemo_transcriptomes/scripts/compare_txomes/busco/denovo_Agamhemo_BUSCO/run_arthropoda_odb10/metaeuk_output/initial_results/de_novo_transcriptome_with_genome_hits_and_expression_filtering.gffread.fa.modified.fas 
# Current dir:     /hpcdata/bcbb/homc/Barillaslab/Agam_hemo_transcriptomes/scripts/compare_txomes/busco
# Date:            Sun Jan 29 13:00:07 2023
# [ok]
