#                                                                                                                 --- full sequence --- -------------- this domain -------------   hmm coord   ali coord   env coord
# target name                                             accession   tlen query name           accession   qlen   E-value  score  bias   #  of  c-Evalue  i-Evalue  score  bias  from    to  from    to  from    to  acc description of target
#                                     ------------------- ---------- ----- -------------------- ---------- ----- --------- ------ ----- --- --- --------- --------- ------ ----- ----- ----- ----- ----- ----- ----- ---- ---------------------
de_novo.Agseq_131467.1:102-1358                           -            419 71230at6656          -            263  7.5e-118  390.9   7.1   1   2   5.6e-76   6.2e-74  246.9   1.3     5   174    70   252    66   259 0.89 -
de_novo.Agseq_131467.1:102-1358                           -            419 71230at6656          -            263  7.5e-118  390.9   7.1   2   2   1.3e-45   1.4e-43  147.4   0.4   172   263   281   375   267   375 0.88 -
de_novo.Agm54242Ue_220404_200923_134808349_ccs.1:15-1368  -            427 71230at6656          -            263  8.1e-118  390.8   7.1   1   2   5.9e-76   6.5e-74  246.9   1.3     5   174    78   260    74   267 0.89 -
de_novo.Agm54242Ue_220404_200923_134808349_ccs.1:15-1368  -            427 71230at6656          -            263  8.1e-118  390.8   7.1   2   2   1.3e-45   1.5e-43  147.4   0.4   172   263   289   383   275   383 0.88 -
de_novo.Agm54242Ue_220404_200923_128649496_ccs.1:0-1295   -            432 71230at6656          -            263  8.4e-118  390.8   7.1   1   2   6.1e-76   6.7e-74  246.8   1.3     5   174    83   265    79   272 0.89 -
de_novo.Agm54242Ue_220404_200923_128649496_ccs.1:0-1295   -            432 71230at6656          -            263  8.4e-118  390.8   7.1   2   2   1.3e-45   1.5e-43  147.4   0.4   172   263   294   388   280   388 0.88 -
de_novo.Agm54242U_210819_213017_168822244_ccs.1:180-968   -            263 71230at6656          -            263   2.7e-08   31.8   0.3   1   3   3.9e-05    0.0043   14.7   0.0   217   244    22    52    15    61 0.83 -
de_novo.Agm54242U_210819_213017_168822244_ccs.1:180-968   -            263 71230at6656          -            263   2.7e-08   31.8   0.3   2   3    0.0024      0.26    8.9   0.0   227   251   132   156   113   167 0.77 -
de_novo.Agm54242U_210819_213017_168822244_ccs.1:180-968   -            263 71230at6656          -            263   2.7e-08   31.8   0.3   3   3     0.042       4.7    4.8   0.0   217   252   214   252   198   263 0.69 -
de_novo.Agm54242Ue_220404_200923_51249774_ccs.1:150-851   -            234 71230at6656          -            263   3.4e-08   31.5   0.1   1   3     8e-05    0.0089   13.7   0.0   219   252    20    56     3    66 0.81 -
de_novo.Agm54242Ue_220404_200923_51249774_ccs.1:150-851   -            234 71230at6656          -            263   3.4e-08   31.5   0.1   2   3    0.0013      0.14    9.8   0.0   176   241    84   140    71   144 0.79 -
de_novo.Agm54242Ue_220404_200923_51249774_ccs.1:150-851   -            234 71230at6656          -            263   3.4e-08   31.5   0.1   3   3      0.21        23    2.5   0.0   218   234   206   222   184   233 0.80 -
de_novo.Agm54242Ue_220404_200923_12977358_ccs.1:36-836    -            267 71230at6656          -            263   7.1e-08   30.4   0.1   1   3   9.6e-05     0.011   13.4   0.0   219   252    53    89    20    99 0.82 -
de_novo.Agm54242Ue_220404_200923_12977358_ccs.1:36-836    -            267 71230at6656          -            263   7.1e-08   30.4   0.1   2   3    0.0016      0.18    9.4   0.0   176   241   117   173   105   177 0.78 -
de_novo.Agm54242Ue_220404_200923_12977358_ccs.1:36-836    -            267 71230at6656          -            263   7.1e-08   30.4   0.1   3   3      0.29        32    2.1   0.0   218   234   239   255   231   266 0.76 -
de_novo.Agm54242U_210909_035710_39649680_ccs.1:399-1127   -            243 71230at6656          -            263   7.7e-08   30.3   0.4   1   3   3.4e-05    0.0038   14.9   0.0   217   244    22    52    15    61 0.83 -
de_novo.Agm54242U_210909_035710_39649680_ccs.1:399-1127   -            243 71230at6656          -            263   7.7e-08   30.3   0.4   2   3    0.0021      0.23    9.1   0.0   227   251   132   156   113   167 0.77 -
de_novo.Agm54242U_210909_035710_39649680_ccs.1:399-1127   -            243 71230at6656          -            263   7.7e-08   30.3   0.4   3   3      0.17        19    2.8   0.0   217   238   214   238   198   240 0.79 -
de_novo.Agm54242U_210909_035710_49742486_ccs.1:170-898    -            243 71230at6656          -            263   7.7e-08   30.3   0.4   1   3   3.4e-05    0.0038   14.9   0.0   217   244    22    52    15    61 0.83 -
de_novo.Agm54242U_210909_035710_49742486_ccs.1:170-898    -            243 71230at6656          -            263   7.7e-08   30.3   0.4   2   3    0.0021      0.23    9.1   0.0   227   251   132   156   113   167 0.77 -
de_novo.Agm54242U_210909_035710_49742486_ccs.1:170-898    -            243 71230at6656          -            263   7.7e-08   30.3   0.4   3   3      0.17        19    2.8   0.0   217   238   214   238   198   240 0.79 -
de_novo.AGAP006104-RA.1:78-875                            -            266 71230at6656          -            263   2.7e-07   28.5   0.1   1   3   4.7e-05    0.0051   14.5   0.0   219   246    23    53    14    61 0.82 -
de_novo.AGAP006104-RA.1:78-875                            -            266 71230at6656          -            263   2.7e-07   28.5   0.1   2   3     0.013       1.4    6.4   0.1   218   244   120   149   117   162 0.77 -
de_novo.AGAP006104-RA.1:78-875                            -            266 71230at6656          -            263   2.7e-07   28.5   0.1   3   3     0.084       9.2    3.8   0.0   211   245   212   249   204   261 0.71 -
de_novo.Agm54242U_210909_035710_30083624_ccs.1:75-665     -            197 71230at6656          -            263   3.1e-07   28.3   0.1   1   2   6.6e-05    0.0073   14.0   0.0   219   252    20    56     3    61 0.80 -
de_novo.Agm54242U_210909_035710_30083624_ccs.1:75-665     -            197 71230at6656          -            263   3.1e-07   28.3   0.1   2   2   0.00094       0.1   10.2   0.0   176   241    84   140    72   144 0.79 -
de_novo.Agm54242U_210909_035710_109380091_ccs.1:111-968   -            286 71230at6656          -            263   1.3e-06   26.3   1.3   1   3     0.044       4.9    4.7   0.1   218   239    39    63    10    67 0.74 -
de_novo.Agm54242U_210909_035710_109380091_ccs.1:111-968   -            286 71230at6656          -            263   1.3e-06   26.3   1.3   2   3    0.0078      0.86    7.2   0.1   217   239   139   164   132   179 0.84 -
de_novo.Agm54242U_210909_035710_109380091_ccs.1:111-968   -            286 71230at6656          -            263   1.3e-06   26.3   1.3   3   3   0.00039     0.043   11.4   0.0   217   247   235   268   227   282 0.80 -
de_novo.Agm54242U_210909_035710_51904586_ccs.1:111-968    -            286 71230at6656          -            263   1.3e-06   26.3   1.3   1   3     0.044       4.9    4.7   0.1   218   239    39    63    10    67 0.74 -
de_novo.Agm54242U_210909_035710_51904586_ccs.1:111-968    -            286 71230at6656          -            263   1.3e-06   26.3   1.3   2   3    0.0078      0.86    7.2   0.1   217   239   139   164   132   179 0.84 -
de_novo.Agm54242U_210909_035710_51904586_ccs.1:111-968    -            286 71230at6656          -            263   1.3e-06   26.3   1.3   3   3   0.00039     0.043   11.4   0.0   217   247   235   268   227   282 0.80 -
de_novo.Agm54242U_210909_035710_34801459_ccs.1:137-946    -            270 71230at6656          -            263   3.1e-06   25.0   2.8   1   3      0.17        19    2.8   0.0   218   244    23    52    11    66 0.67 -
de_novo.Agm54242U_210909_035710_34801459_ccs.1:137-946    -            270 71230at6656          -            263   3.1e-06   25.0   2.8   2   3     0.001      0.11   10.1   0.2   218   241   126   152   119   163 0.82 -
de_novo.Agm54242U_210909_035710_34801459_ccs.1:137-946    -            270 71230at6656          -            263   3.1e-06   25.0   2.8   3   3    0.0037      0.41    8.2   0.3   176   238   193   246   182   264 0.68 -
de_novo.Agm54242U_210909_035710_99287538_ccs.1:137-946    -            270 71230at6656          -            263   3.1e-06   25.0   2.8   1   3      0.17        19    2.8   0.0   218   244    23    52    11    66 0.67 -
de_novo.Agm54242U_210909_035710_99287538_ccs.1:137-946    -            270 71230at6656          -            263   3.1e-06   25.0   2.8   2   3     0.001      0.11   10.1   0.2   218   241   126   152   119   163 0.82 -
de_novo.Agm54242U_210909_035710_99287538_ccs.1:137-946    -            270 71230at6656          -            263   3.1e-06   25.0   2.8   3   3    0.0037      0.41    8.2   0.3   176   238   193   246   182   264 0.68 -
de_novo.Agm54242Ue_220404_200923_177604565_ccs.1:72-839   -            256 71230at6656          -            263   3.2e-06   25.0   3.1   1   3      0.15        17    2.9   0.0   218   244    28    57    15    70 0.67 -
de_novo.Agm54242Ue_220404_200923_177604565_ccs.1:72-839   -            256 71230at6656          -            263   3.2e-06   25.0   3.1   2   3   0.00093       0.1   10.2   0.2   218   242   112   139   105   149 0.82 -
de_novo.Agm54242Ue_220404_200923_177604565_ccs.1:72-839   -            256 71230at6656          -            263   3.2e-06   25.0   3.1   3   3    0.0037       0.4    8.3   0.4   176   238   179   232   169   250 0.68 -
de_novo.Agm54242U_210909_035710_70713402_ccs.1:87-857     -            257 71230at6656          -            263   5.1e-06   24.3   0.2   1   3      0.15        17    2.9   0.0   218   245    23    53    11    67 0.68 -
de_novo.Agm54242U_210909_035710_70713402_ccs.1:87-857     -            257 71230at6656          -            263   5.1e-06   24.3   0.2   2   3   0.00094       0.1   10.2   0.2   218   242   126   153   119   163 0.82 -
de_novo.Agm54242U_210909_035710_70713402_ccs.1:87-857     -            257 71230at6656          -            263   5.1e-06   24.3   0.2   3   3    0.0072      0.79    7.3   0.0   176   201   193   218   182   240 0.84 -
de_novo.Agm54242U_210909_035710_92472617_ccs.1:87-770     -            228 71230at6656          -            263   5.5e-06   24.2   3.3   1   3      0.41        45    1.6   0.0   217   228    22    33    12    50 0.67 -
de_novo.Agm54242U_210909_035710_92472617_ccs.1:87-770     -            228 71230at6656          -            263   5.5e-06   24.2   3.3   2   3   0.00079     0.087   10.5   0.2   218   242    84   111    77   121 0.82 -
de_novo.Agm54242U_210909_035710_92472617_ccs.1:87-770     -            228 71230at6656          -            263   5.5e-06   24.2   3.3   3   3    0.0029      0.32    8.6   0.4   176   238   151   204   140   223 0.69 -
de_novo.Agm54242U_210909_035710_35324238_ccs.1:90-950     -            287 71230at6656          -            263   6.3e-06   24.0   2.6   1   3     0.041       4.5    4.8   0.1   218   239    46    70     6    74 0.76 -
de_novo.Agm54242U_210909_035710_35324238_ccs.1:90-950     -            287 71230at6656          -            263   6.3e-06   24.0   2.6   2   3    0.0079      0.87    7.2   0.1   217   239   146   171   139   186 0.84 -
de_novo.Agm54242U_210909_035710_35324238_ccs.1:90-950     -            287 71230at6656          -            263   6.3e-06   24.0   2.6   3   3   0.00097      0.11   10.2   0.0   218   252   243   280   237   285 0.79 -
de_novo.Agm54242U_210909_035710_4523213_ccs.1:72-863      -            264 71230at6656          -            263     8e-06   23.7   2.9   1   3      0.47        52    1.4   0.0   217   228    27    38    16    56 0.68 -
de_novo.Agm54242U_210909_035710_4523213_ccs.1:72-863      -            264 71230at6656          -            263     8e-06   23.7   2.9   2   3   0.00098      0.11   10.1   0.2   218   241   120   146   113   157 0.82 -
de_novo.Agm54242U_210909_035710_4523213_ccs.1:72-863      -            264 71230at6656          -            263     8e-06   23.7   2.9   3   3    0.0036       0.4    8.3   0.3   176   238   187   240   176   258 0.68 -
de_novo.AGAP005239-RA.1:0-887                             -            296 71230at6656          -            263   8.7e-06   23.6   2.1   1   3      0.16        18    2.9   0.0   178   199    14    35    11    87 0.70 -
de_novo.AGAP005239-RA.1:0-887                             -            296 71230at6656          -            263   8.7e-06   23.6   2.1   2   3       1.2   1.3e+02    0.1   0.0    38   239   153   172   117   181 0.56 -
de_novo.AGAP005239-RA.1:0-887                             -            296 71230at6656          -            263   8.7e-06   23.6   2.1   3   3   6.1e-06   0.00067   17.4   0.2   218   241   250   276   197   291 0.84 -
de_novo.Agm54242Ue_220404_200923_120390595_ccs.1:111-881  -            257 71230at6656          -            263   8.8e-06   23.5   1.2   1   3   0.00095       0.1   10.2   0.0   218   244    24    53    11    66 0.82 -
de_novo.Agm54242Ue_220404_200923_120390595_ccs.1:111-881  -            257 71230at6656          -            263   8.8e-06   23.5   1.2   2   3     0.003      0.33    8.5   0.0   229   245   142   158    96   171 0.72 -
de_novo.Agm54242Ue_220404_200923_120390595_ccs.1:111-881  -            257 71230at6656          -            263   8.8e-06   23.5   1.2   3   3      0.28        31    2.1   0.2   218   238   228   251   218   255 0.85 -
de_novo.Agm54242U_210819_213017_30147807_ccs.1:482-991    -            170 71230at6656          -            263   9.6e-06   23.4   2.1   1   2    0.0011      0.12   10.0   0.1   218   241    25    51    23    70 0.82 -
de_novo.Agm54242U_210819_213017_30147807_ccs.1:482-991    -            170 71230at6656          -            263   9.6e-06   23.4   2.1   2   2   0.00081     0.089   10.4   0.2   176   238    92   145    78   165 0.69 -
de_novo.Agm54242Ue_220404_200923_159779618_ccs.1:489-998  -            170 71230at6656          -            263   9.6e-06   23.4   2.1   1   2    0.0011      0.12   10.0   0.1   218   241    25    51    23    70 0.82 -
de_novo.Agm54242Ue_220404_200923_159779618_ccs.1:489-998  -            170 71230at6656          -            263   9.6e-06   23.4   2.1   2   2   0.00081     0.089   10.4   0.2   176   238    92   145    78   165 0.69 -
de_novo.Agm54242Ue_220404_200923_67175151_ccs.1:281-784   -            168 71230at6656          -            263   2.6e-05   22.0   3.9   1   2    0.0005     0.055   11.1   0.2   218   242    25    52    18    63 0.82 -
de_novo.Agm54242Ue_220404_200923_67175151_ccs.1:281-784   -            168 71230at6656          -            263   2.6e-05   22.0   3.9   2   2    0.0017      0.18    9.4   0.4   176   238    92   145    82   163 0.69 -
de_novo.seqSigP-162646.1:51-920                           -            290 71230at6656          -            263   6.8e-05   20.6   0.0   1   2     0.012       1.4    6.5   0.0   180   239     9    68     2    89 0.67 -
de_novo.seqSigP-162646.1:51-920                           -            290 71230at6656          -            263   6.8e-05   20.6   0.0   2   2   0.00037      0.04   11.5   0.0   219   240   245   269   202   280 0.86 -
de_novo.Agm54242U_210909_035710_7930783_ccs.1:370-888     -            173 71230at6656          -            263   0.00021   19.0   0.1   1   2     0.037       4.1    5.0   0.0   218   249    17    51     2    58 0.71 -
de_novo.Agm54242U_210909_035710_7930783_ccs.1:370-888     -            173 71230at6656          -            263   0.00021   19.0   0.1   2   2   0.00025     0.028   12.1   0.1   201   239   114   154    54   159 0.60 -
de_novo.Agseq_145604.1:343-861                            -            173 71230at6656          -            263   0.00021   19.0   0.1   1   2     0.037       4.1    5.0   0.0   218   249    17    51     2    58 0.71 -
de_novo.Agseq_145604.1:343-861                            -            173 71230at6656          -            263   0.00021   19.0   0.1   2   2   0.00025     0.028   12.1   0.1   201   239   114   154    54   159 0.60 -
de_novo.Agm54242U_210909_035710_26674532_ccs.1:332-865    -            178 71230at6656          -            263   0.00028   18.6   0.1   1   2       2.2   2.4e+02   -0.8   0.0   229   248    38    57    27    73 0.78 -
de_novo.Agm54242U_210909_035710_26674532_ccs.1:332-865    -            178 71230at6656          -            263   0.00028   18.6   0.1   2   2   2.4e-05    0.0027   15.4   0.1   218   240   125   150    72   166 0.78 -
de_novo.Agm54242U_210909_035710_136970711_ccs.1:957-1799  -            281 71230at6656          -            263   0.00028   18.6   0.2   1   3    0.0021      0.23    9.1   0.1   217   240    45    71     4    91 0.77 -
de_novo.Agm54242U_210909_035710_136970711_ccs.1:957-1799  -            281 71230at6656          -            263   0.00028   18.6   0.2   2   3      0.66        72    0.9   0.0   231   245   154   168   149   179 0.83 -
de_novo.Agm54242U_210909_035710_136970711_ccs.1:957-1799  -            281 71230at6656          -            263   0.00028   18.6   0.2   3   3     0.089       9.8    3.7   0.0   217   244   233   263   207   279 0.58 -
de_novo.Agm54242U_210909_035710_50529952_ccs.1:144-986    -            281 71230at6656          -            263   0.00028   18.6   0.2   1   3    0.0021      0.23    9.1   0.1   217   240    45    71     4    91 0.77 -
de_novo.Agm54242U_210909_035710_50529952_ccs.1:144-986    -            281 71230at6656          -            263   0.00028   18.6   0.2   2   3      0.66        72    0.9   0.0   231   245   154   168   149   179 0.83 -
de_novo.Agm54242U_210909_035710_50529952_ccs.1:144-986    -            281 71230at6656          -            263   0.00028   18.6   0.2   3   3     0.089       9.8    3.7   0.0   217   244   233   263   207   279 0.58 -
de_novo.Agm54242U_210909_035710_95947011_ccs.1:1047-1889  -            281 71230at6656          -            263   0.00028   18.6   0.2   1   3    0.0021      0.23    9.1   0.1   217   240    45    71     4    91 0.77 -
de_novo.Agm54242U_210909_035710_95947011_ccs.1:1047-1889  -            281 71230at6656          -            263   0.00028   18.6   0.2   2   3      0.66        72    0.9   0.0   231   245   154   168   149   179 0.83 -
de_novo.Agm54242U_210909_035710_95947011_ccs.1:1047-1889  -            281 71230at6656          -            263   0.00028   18.6   0.2   3   3     0.089       9.8    3.7   0.0   217   244   233   263   207   279 0.58 -
de_novo.Agm54242U_210909_035710_152306244_ccs.1:216-440   -             75 71230at6656          -            263   0.00046   17.9   0.0   1   1   5.9e-06   0.00065   17.4   0.0   219   240    26    50     3    67 0.82 -
de_novo.Agseq_142154.1:111-308                            -             66 71230at6656          -            263   0.00047   17.9   0.0   1   1   5.6e-06   0.00062   17.5   0.0   219   252    20    56     3    61 0.79 -
de_novo.Agm54242U_210909_035710_63374732_ccs.1:108-683    -            192 71230at6656          -            263   0.00058   17.6   0.0   1   2      0.02       2.2    5.9   0.0   210   245    39    77    30    95 0.71 -
de_novo.Agm54242U_210909_035710_63374732_ccs.1:108-683    -            192 71230at6656          -            263   0.00058   17.6   0.0   2   2    0.0014      0.15    9.7   0.0   218   241   150   176   148   187 0.80 -
de_novo.Agm54242U_210909_035710_125503658_ccs.1:21-707    -            229 71230at6656          -            263   0.00066   17.4   1.2   1   3     0.094        10    3.6   0.0   224   244     2    25     1    38 0.76 -
de_novo.Agm54242U_210909_035710_125503658_ccs.1:21-707    -            229 71230at6656          -            263   0.00066   17.4   1.2   2   3    0.0025      0.27    8.8   0.0   229   245   114   130    67   143 0.72 -
de_novo.Agm54242U_210909_035710_125503658_ccs.1:21-707    -            229 71230at6656          -            263   0.00066   17.4   1.2   3   3      0.23        26    2.4   0.1   217   238   199   223   189   227 0.85 -
de_novo.Agseq_120063.1:253-936                            -            228 71230at6656          -            263   0.00076   17.2   0.3   1   3     0.058       6.3    4.3   0.0    13    75     3    71     1   123 0.69 -
de_novo.Agseq_120063.1:253-936                            -            228 71230at6656          -            263   0.00076   17.2   0.3   2   3    0.0094         1    6.9   0.1   228   247   138   157   126   176 0.91 -
de_novo.Agseq_120063.1:253-936                            -            228 71230at6656          -            263   0.00076   17.2   0.3   3   3      0.18        20    2.7   0.0   179   198   201   220   189   223 0.89 -
de_novo.Agm54242U_210819_213017_45550422_ccs.1:363-1106   -            248 71230at6656          -            263   0.00082   17.1   0.3   1   4      0.43        47    1.5   0.0   228   243    10    25     1    38 0.68 -
de_novo.Agm54242U_210819_213017_45550422_ccs.1:363-1106   -            248 71230at6656          -            263   0.00082   17.1   0.3   2   4     0.099        11    3.6   0.0   228   244   104   120    75   142 0.69 -
de_novo.Agm54242U_210819_213017_45550422_ccs.1:363-1106   -            248 71230at6656          -            263   0.00082   17.1   0.3   3   4         6   6.6e+02   -2.3   0.0   176   195   179   198   169   204 0.70 -
de_novo.Agm54242U_210819_213017_45550422_ccs.1:363-1106   -            248 71230at6656          -            263   0.00082   17.1   0.3   4   4    0.0041      0.45    8.1   0.0   228   253   216   241   202   248 0.75 -
de_novo.Agm54242Ue_220404_200923_99552074_ccs.1:30-602    -            191 71230at6656          -            263   0.00097   16.8   0.1   1   2     0.081       8.9    3.9   0.0   218   245    42    72    16    88 0.72 -
de_novo.Agm54242Ue_220404_200923_99552074_ccs.1:30-602    -            191 71230at6656          -            263   0.00097   16.8   0.1   2   2    0.0006     0.066   10.8   0.2   218   242   145   172   138   182 0.82 -
de_novo.Agm54242U_210909_035710_43649570_ccs.1:63-908     -            282 71230at6656          -            263   0.00098   16.8   0.5   1   3   0.00011     0.013   13.2   0.1   185   239    10    59     4    67 0.70 -
de_novo.Agm54242U_210909_035710_43649570_ccs.1:63-908     -            282 71230at6656          -            263   0.00098   16.8   0.5   2   3       9.4     1e+03   -2.9   0.0     8    28   105   125   102   154 0.62 -
de_novo.Agm54242U_210909_035710_43649570_ccs.1:63-908     -            282 71230at6656          -            263   0.00098   16.8   0.5   3   3       1.1   1.2e+02    0.2   0.0   226   241   250   265   234   279 0.78 -
de_novo.Agm54242U_210909_035710_120719158_ccs.1:204-1013  -            270 71230at6656          -            263    0.0013   16.4   0.0   1   2      0.14        15    3.1   0.0   154   201    60   113    15   138 0.58 -
de_novo.Agm54242U_210909_035710_120719158_ccs.1:204-1013  -            270 71230at6656          -            263    0.0013   16.4   0.0   2   2   0.00039     0.043   11.5   0.0   176   241   183   244   127   264 0.81 -
de_novo.Agm54242Ue_220404_200923_44958277_ccs.1:708-1517  -            270 71230at6656          -            263    0.0013   16.4   0.0   1   2      0.14        15    3.1   0.0   154   201    60   113    15   138 0.58 -
de_novo.Agm54242Ue_220404_200923_44958277_ccs.1:708-1517  -            270 71230at6656          -            263    0.0013   16.4   0.0   2   2   0.00039     0.043   11.5   0.0   176   241   183   244   127   264 0.81 -
de_novo.Agseq_115106.1:224-1033                           -            270 71230at6656          -            263    0.0013   16.4   0.0   1   2      0.14        15    3.1   0.0   154   201    60   113    15   138 0.58 -
de_novo.Agseq_115106.1:224-1033                           -            270 71230at6656          -            263    0.0013   16.4   0.0   2   2   0.00039     0.043   11.5   0.0   176   241   183   244   127   264 0.81 -
de_novo.Agm54242U_210909_035710_154272784_ccs.1:115-921   -            269 71230at6656          -            263    0.0014   16.4   0.0   1   2      0.13        14    3.2   0.0   154   201    65   118    17   143 0.59 -
de_novo.Agm54242U_210909_035710_154272784_ccs.1:115-921   -            269 71230at6656          -            263    0.0014   16.4   0.0   2   2   0.00045     0.049   11.3   0.0   176   241   188   249   132   264 0.81 -
de_novo.Agm54242U_210909_035710_38209335_ccs.1:275-550    -             92 71230at6656          -            263    0.0023   15.6   0.0   1   2       3.5   3.9e+02   -1.5   0.0   175   197    10    31     4    34 0.68 -
de_novo.Agm54242U_210909_035710_38209335_ccs.1:275-550    -             92 71230at6656          -            263    0.0023   15.6   0.0   2   2   4.6e-05     0.005   14.5   0.0   217   251    33    70    25    81 0.80 -
de_novo.Agm54242U_210819_213017_94308449_ccs.1:63-905     -            281 71230at6656          -            263    0.0025   15.5   0.1   1   3     0.019       2.1    5.9   0.0   219   248    41    73    10    82 0.75 -
de_novo.Agm54242U_210819_213017_94308449_ccs.1:63-905     -            281 71230at6656          -            263    0.0025   15.5   0.1   2   3      0.62        68    1.0   0.0    39    76   146   183   138   228 0.79 -
de_novo.Agm54242U_210819_213017_94308449_ccs.1:63-905     -            281 71230at6656          -            263    0.0025   15.5   0.1   3   3     0.053       5.8    4.5   0.0    36    58   242   264   206   269 0.76 -
de_novo.Agm54242Ue_220404_200923_76613162_ccs.1:0-515     -            172 71230at6656          -            263    0.0028   15.3   0.1   1   2   0.00023     0.025   12.2   0.0   178   246    18    80    12    96 0.76 -
de_novo.Agm54242Ue_220404_200923_76613162_ccs.1:0-515     -            172 71230at6656          -            263    0.0028   15.3   0.1   2   2       1.1   1.2e+02    0.1   0.0   217   238   148   172   123   172 0.58 -
de_novo.Agm54242Ue_220404_200923_42926474_ccs.1:171-965   -            265 71230at6656          -            263     0.003   15.2   0.2   1   3     0.021       2.3    5.8   0.0   227   249    36    58    15    69 0.73 -
de_novo.Agm54242Ue_220404_200923_42926474_ccs.1:171-965   -            265 71230at6656          -            263     0.003   15.2   0.2   2   3       0.6        66    1.0   0.0    39    76   130   167   122   202 0.78 -
de_novo.Agm54242Ue_220404_200923_42926474_ccs.1:171-965   -            265 71230at6656          -            263     0.003   15.2   0.2   3   3     0.047       5.1    4.6   0.0    36    58   226   248   190   254 0.76 -
de_novo.Agm54242Ue_220404_200923_127666749_ccs.1:406-1089 -            228 71230at6656          -            263    0.0038   14.9   0.2   1   3       4.7   5.1e+02   -1.9   0.0   228   241     4    17     2    30 0.73 -
de_novo.Agm54242Ue_220404_200923_127666749_ccs.1:406-1089 -            228 71230at6656          -            263    0.0038   14.9   0.2   2   3       0.8        88    0.6   0.0   219   238    93   115    84   137 0.71 -
de_novo.Agm54242Ue_220404_200923_127666749_ccs.1:406-1089 -            228 71230at6656          -            263    0.0038   14.9   0.2   3   3   0.00063      0.07   10.8   0.0   218   240   186   211   170   226 0.81 -
de_novo.AGAP007520-RA.1:90-920                            -            277 71230at6656          -            263     0.029   12.0   1.0   1   3      0.31        34    1.9   0.0   184   197     2    15     1    19 0.90 -
de_novo.AGAP007520-RA.1:90-920                            -            277 71230at6656          -            263     0.029   12.0   1.0   2   3      0.59        65    1.0   0.0   218   253   129   170   125   179 0.67 -
de_novo.AGAP007520-RA.1:90-920                            -            277 71230at6656          -            263     0.029   12.0   1.0   3   3     0.035       3.9    5.1   0.3   228   253   243   268   193   275 0.86 -
de_novo.Agseq_162249.1:60-284                             -             75 71230at6656          -            263     0.067   10.8   0.1   1   1   0.00067     0.074   10.7   0.1   217   239    21    46    14    64 0.83 -
de_novo.AGAP011308-RA.1:75-935                            -            287 71230at6656          -            263      0.25    9.0   2.6   1   3      0.34        38    1.8   0.1   228   245    41    58    24    74 0.79 -
de_novo.AGAP011308-RA.1:75-935                            -            287 71230at6656          -            263      0.25    9.0   2.6   2   3      0.03       3.3    5.3   0.1   175   199    98   122    74   159 0.87 -
de_novo.AGAP011308-RA.1:75-935                            -            287 71230at6656          -            263      0.25    9.0   2.6   3   3         9     1e+03   -2.9   0.0   230   244   255   269   243   284 0.59 -
#
# Program:         hmmsearch
# Version:         3.1b2 (February 2015)
# Pipeline mode:   SEARCH
# Query file:      /hpcdata/bcbb/homc/Barillaslab/Agam_hemo_transcriptomes/scripts/compare_txomes/busco/busco_downloads/lineages/arthropoda_odb10/hmms/71230at6656.hmm
# Target file:     /hpcdata/bcbb/homc/Barillaslab/Agam_hemo_transcriptomes/scripts/compare_txomes/busco/denovo_Agamhemo_BUSCO/run_arthropoda_odb10/metaeuk_output/initial_results/de_novo_transcriptome_with_genome_hits_and_expression_filtering.gffread.fa.modified.fas
# Option settings: hmmsearch --domtblout /hpcdata/bcbb/homc/Barillaslab/Agam_hemo_transcriptomes/scripts/compare_txomes/busco/denovo_Agamhemo_BUSCO/run_arthropoda_odb10/hmmer_output/initial_run_results/71230at6656.out --cpu 1 /hpcdata/bcbb/homc/Barillaslab/Agam_hemo_transcriptomes/scripts/compare_txomes/busco/busco_downloads/lineages/arthropoda_odb10/hmms/71230at6656.hmm /hpcdata/bcbb/homc/Barillaslab/Agam_hemo_transcriptomes/scripts/compare_txomes/busco/denovo_Agamhemo_BUSCO/run_arthropoda_odb10/metaeuk_output/initial_results/de_novo_transcriptome_with_genome_hits_and_expression_filtering.gffread.fa.modified.fas 
# Current dir:     /hpcdata/bcbb/homc/Barillaslab/Agam_hemo_transcriptomes/scripts/compare_txomes/busco
# Date:            Sun Jan 29 13:00:11 2023
# [ok]
