#                                                                                                             --- full sequence --- -------------- this domain -------------   hmm coord   ali coord   env coord
# target name                                         accession   tlen query name           accession   qlen   E-value  score  bias   #  of  c-Evalue  i-Evalue  score  bias  from    to  from    to  from    to  acc description of target
#                                 ------------------- ---------- ----- -------------------- ---------- ----- --------- ------ ----- --- --- --------- --------- ------ ----- ----- ----- ----- ----- ----- ----- ---- ---------------------
de_novo.Agm54242U_210909_035710_30148408_ccs.1:0-764  -            255 77770at6656          -            143   6.4e-64  212.5   5.7   1   1   5.8e-66   8.1e-63  209.0   5.7     1   140     1   177     1   180 0.87 -
de_novo.AGAP029505-RA.1:0-1811                        -            604 77770at6656          -            143   1.7e-62  207.9   3.8   1   2   1.2e-65   1.7e-62  207.9   3.8     1   140     1   177     1   180 0.87 -
de_novo.AGAP029505-RA.1:0-1811                        -            604 77770at6656          -            143   1.7e-62  207.9   3.8   2   2       0.6   8.4e+02   -1.8   2.0    66    91   409   434   402   464 0.54 -
de_novo.AGAP007698-RB.1:114-833                       -            240 77770at6656          -            143       0.3    9.3   6.8   1   2    0.0007      0.99    7.7   1.5    35    93    30    88     2   111 0.83 -
de_novo.AGAP007698-RB.1:114-833                       -            240 77770at6656          -            143       0.3    9.3   6.8   2   2    0.0072        10    4.4   0.3    33    91   172   233   142   236 0.68 -
de_novo.Agm54242U_210819_213017_24970357_ccs.1:22-672 -            217 77770at6656          -            143       1.6    7.0   8.1   1   2   0.00096       1.4    7.2   1.4    37    93    11    67     3    89 0.85 -
de_novo.Agm54242U_210819_213017_24970357_ccs.1:22-672 -            217 77770at6656          -            143       1.6    7.0   8.1   2   2     0.013        18    3.6   0.5    34    83   152   205   126   214 0.64 -
#
# Program:         hmmsearch
# Version:         3.1b2 (February 2015)
# Pipeline mode:   SEARCH
# Query file:      /hpcdata/bcbb/homc/Barillaslab/Agam_hemo_transcriptomes/scripts/compare_txomes/busco/busco_downloads/lineages/arthropoda_odb10/hmms/77770at6656.hmm
# Target file:     /hpcdata/bcbb/homc/Barillaslab/Agam_hemo_transcriptomes/scripts/compare_txomes/busco/denovo_Agamhemo_BUSCO/run_arthropoda_odb10/metaeuk_output/initial_results/de_novo_transcriptome_with_genome_hits_and_expression_filtering.gffread.fa.modified.fas
# Option settings: hmmsearch --domtblout /hpcdata/bcbb/homc/Barillaslab/Agam_hemo_transcriptomes/scripts/compare_txomes/busco/denovo_Agamhemo_BUSCO/run_arthropoda_odb10/hmmer_output/initial_run_results/77770at6656.out --cpu 1 /hpcdata/bcbb/homc/Barillaslab/Agam_hemo_transcriptomes/scripts/compare_txomes/busco/busco_downloads/lineages/arthropoda_odb10/hmms/77770at6656.hmm /hpcdata/bcbb/homc/Barillaslab/Agam_hemo_transcriptomes/scripts/compare_txomes/busco/denovo_Agamhemo_BUSCO/run_arthropoda_odb10/metaeuk_output/initial_results/de_novo_transcriptome_with_genome_hits_and_expression_filtering.gffread.fa.modified.fas 
# Current dir:     /hpcdata/bcbb/homc/Barillaslab/Agam_hemo_transcriptomes/scripts/compare_txomes/busco
# Date:            Sun Jan 29 13:00:23 2023
# [ok]
