#                                                                                                                 --- full sequence --- -------------- this domain -------------   hmm coord   ali coord   env coord
# target name                                             accession   tlen query name           accession   qlen   E-value  score  bias   #  of  c-Evalue  i-Evalue  score  bias  from    to  from    to  from    to  acc description of target
#                                     ------------------- ---------- ----- -------------------- ---------- ----- --------- ------ ----- --- --- --------- --------- ------ ----- ----- ----- ----- ----- ----- ----- ---- ---------------------
de_novo.Agm54242U_210819_213017_98631973_ccs.1:1-1605     -            535 80689at6656          -            312  1.2e-149  496.2  36.8   1   3  9.1e-134  3.5e-132  438.8  10.2     1   225    15   266    15   278 0.91 -
de_novo.Agm54242U_210819_213017_98631973_ccs.1:1-1605     -            535 80689at6656          -            312  1.2e-149  496.2  36.8   2   3   7.1e-20   2.7e-18   64.7   9.1   195   290   357   476   343   482 0.69 -
de_novo.Agm54242U_210819_213017_98631973_ccs.1:1-1605     -            535 80689at6656          -            312  1.2e-149  496.2  36.8   3   3      0.26       9.9    3.7   0.0    75   102   492   519   490   524 0.71 -
de_novo.Agm54242U_210909_035710_93718801_ccs.1:18-1946    -            643 80689at6656          -            312  5.4e-149  494.1  37.3   1   3  1.3e-133  5.1e-132  438.3  10.1     1   225   123   374   123   386 0.91 -
de_novo.Agm54242U_210909_035710_93718801_ccs.1:18-1946    -            643 80689at6656          -            312  5.4e-149  494.1  37.3   2   3   1.3e-19   5.1e-18   63.8   9.5   195   290   465   584   453   589 0.69 -
de_novo.Agm54242U_210909_035710_93718801_ccs.1:18-1946    -            643 80689at6656          -            312  5.4e-149  494.1  37.3   3   3      0.29        11    3.6   0.0    75   102   600   627   598   633 0.68 -
de_novo.Agseq_92415.1:33-1478                             -            482 80689at6656          -            312  1.4e-134  446.7  32.2   1   3  5.8e-119  2.2e-117  390.2   4.2    32   225     1   213     1   225 0.91 -
de_novo.Agseq_92415.1:33-1478                             -            482 80689at6656          -            312  1.4e-134  446.7  32.2   2   3   8.1e-20   3.1e-18   64.5   9.5   195   290   304   423   290   428 0.69 -
de_novo.Agseq_92415.1:33-1478                             -            482 80689at6656          -            312  1.4e-134  446.7  32.2   3   3       0.2       7.6    4.1   0.0    75   102   439   466   436   472 0.69 -
de_novo.Agseq_92413.1:60-1764                             -            402 80689at6656          -            312  4.3e-132  438.5  16.7   1   3  2.2e-118  8.2e-117  388.3   4.4     1   188    48   254    48   259 0.93 -
de_novo.Agseq_92413.1:60-1764                             -            402 80689at6656          -            312  4.3e-132  438.5  16.7   2   3   7.4e-16   2.8e-14   51.5   3.6   225   290   255   343   252   347 0.80 -
de_novo.Agseq_92413.1:60-1764                             -            402 80689at6656          -            312  4.3e-132  438.5  16.7   3   3      0.16         6    4.4   0.0    75   102   359   386   355   392 0.69 -
de_novo.Agm54242U_210909_035710_99813197_ccs.1:1-1185     -            395 80689at6656          -            312   1.5e-66  223.2  32.6   1   3   1.1e-50     4e-49  166.0   4.0   119   225     1   126     1   138 0.85 -
de_novo.Agm54242U_210909_035710_99813197_ccs.1:1-1185     -            395 80689at6656          -            312   1.5e-66  223.2  32.6   2   3   8.3e-20   3.2e-18   64.5  10.1   195   290   217   336   201   340 0.69 -
de_novo.Agm54242U_210909_035710_99813197_ccs.1:1-1185     -            395 80689at6656          -            312   1.5e-66  223.2  32.6   3   3      0.16         6    4.4   0.0    75   102   352   379   349   385 0.69 -
de_novo.Agm54242U_210819_213017_130744861_ccs.1:27-1064   -            346 80689at6656          -            312   3.8e-40  136.5   0.1   1   3   4.7e-12   1.8e-10   39.0   0.0    29   103     1    75     1    86 0.95 -
de_novo.Agm54242U_210819_213017_130744861_ccs.1:27-1064   -            346 80689at6656          -            312   3.8e-40  136.5   0.1   2   3   4.5e-22   1.7e-20   71.9   0.6    31   199    91   265    76   267 0.85 -
de_novo.Agm54242U_210819_213017_130744861_ccs.1:27-1064   -            346 80689at6656          -            312   3.8e-40  136.5   0.1   3   3   7.5e-06   0.00029   18.6   0.0    30    92   286   346   267   346 0.88 -
de_novo.Agm54242U_210819_213017_153683175_ccs.1:27-1064   -            346 80689at6656          -            312   3.8e-40  136.5   0.1   1   3   4.7e-12   1.8e-10   39.0   0.0    29   103     1    75     1    86 0.95 -
de_novo.Agm54242U_210819_213017_153683175_ccs.1:27-1064   -            346 80689at6656          -            312   3.8e-40  136.5   0.1   2   3   4.5e-22   1.7e-20   71.9   0.6    31   199    91   265    76   267 0.85 -
de_novo.Agm54242U_210819_213017_153683175_ccs.1:27-1064   -            346 80689at6656          -            312   3.8e-40  136.5   0.1   3   3   7.5e-06   0.00029   18.6   0.0    30    92   286   346   267   346 0.88 -
de_novo.Agm54242U_210819_213017_36113012_ccs.1:27-1064    -            346 80689at6656          -            312   3.8e-40  136.5   0.1   1   3   4.7e-12   1.8e-10   39.0   0.0    29   103     1    75     1    86 0.95 -
de_novo.Agm54242U_210819_213017_36113012_ccs.1:27-1064    -            346 80689at6656          -            312   3.8e-40  136.5   0.1   2   3   4.5e-22   1.7e-20   71.9   0.6    31   199    91   265    76   267 0.85 -
de_novo.Agm54242U_210819_213017_36113012_ccs.1:27-1064    -            346 80689at6656          -            312   3.8e-40  136.5   0.1   3   3   7.5e-06   0.00029   18.6   0.0    30    92   286   346   267   346 0.88 -
de_novo.Agseq_89346.1:639-1676                            -            346 80689at6656          -            312   3.8e-40  136.5   0.1   1   3   4.7e-12   1.8e-10   39.0   0.0    29   103     1    75     1    86 0.95 -
de_novo.Agseq_89346.1:639-1676                            -            346 80689at6656          -            312   3.8e-40  136.5   0.1   2   3   4.5e-22   1.7e-20   71.9   0.6    31   199    91   265    76   267 0.85 -
de_novo.Agseq_89346.1:639-1676                            -            346 80689at6656          -            312   3.8e-40  136.5   0.1   3   3   7.5e-06   0.00029   18.6   0.0    30    92   286   346   267   346 0.88 -
de_novo.Agm54242U_210909_035710_176556500_ccs.1:36-1064   -            343 80689at6656          -            312   2.3e-39  133.9   0.1   1   3   2.9e-11   1.1e-09   36.4   0.0    32   103     1    72     1    84 0.95 -
de_novo.Agm54242U_210909_035710_176556500_ccs.1:36-1064   -            343 80689at6656          -            312   2.3e-39  133.9   0.1   2   3     4e-22   1.5e-20   72.1   0.5    31   200    88   263    75   265 0.85 -
de_novo.Agm54242U_210909_035710_176556500_ccs.1:36-1064   -            343 80689at6656          -            312   2.3e-39  133.9   0.1   3   3   6.7e-06   0.00026   18.8   0.0    30    92   283   343   261   343 0.87 -
de_novo.Agm54242U_210909_035710_162595697_ccs.1:27-1052   -            342 80689at6656          -            312   7.9e-39  132.2   0.2   1   3   4.5e-12   1.7e-10   39.1   0.0    29   103     1    75     1    87 0.95 -
de_novo.Agm54242U_210909_035710_162595697_ccs.1:27-1052   -            342 80689at6656          -            312   7.9e-39  132.2   0.2   2   3   4.4e-18   1.7e-16   58.8   0.1    31   156    91   212    77   219 0.88 -
de_novo.Agm54242U_210909_035710_162595697_ccs.1:27-1052   -            342 80689at6656          -            312   7.9e-39  132.2   0.2   3   3   0.00016     0.006   14.3   0.0    30    85   286   339   265   342 0.85 -
de_novo.Agm54242Ue_220404_200923_66193018_ccs.1:21-581    -            187 80689at6656          -            312   2.2e-24   84.7   0.1   1   2   2.6e-13   9.9e-12   43.1   0.0    30   109     6    85     2    91 0.94 -
de_novo.Agm54242Ue_220404_200923_66193018_ccs.1:21-581    -            187 80689at6656          -            312   2.2e-24   84.7   0.1   2   2   8.4e-13   3.2e-11   41.5   0.0    21   104    84   168    80   174 0.92 -
de_novo.Agm54242Ue_220404_200923_37358111_ccs.1:629-1606  -            326 80689at6656          -            312   3.8e-22   77.4   0.0   1   3   0.00059     0.023   12.4   0.0    46    89    15    58     1    77 0.85 -
de_novo.Agm54242Ue_220404_200923_37358111_ccs.1:629-1606  -            326 80689at6656          -            312   3.8e-22   77.4   0.0   2   3   6.1e-19   2.3e-17   61.6   0.0    30   107    97   174    78   184 0.95 -
de_novo.Agm54242Ue_220404_200923_37358111_ccs.1:629-1606  -            326 80689at6656          -            312   3.8e-22   77.4   0.0   3   3       7.6   2.9e+02   -1.1   0.0   291   306   309   324   301   326 0.85 -
de_novo.Agseq_55687.1:597-1574                            -            326 80689at6656          -            312   3.8e-22   77.4   0.0   1   3   0.00059     0.023   12.4   0.0    46    89    15    58     1    77 0.85 -
de_novo.Agseq_55687.1:597-1574                            -            326 80689at6656          -            312   3.8e-22   77.4   0.0   2   3   6.1e-19   2.3e-17   61.6   0.0    30   107    97   174    78   184 0.95 -
de_novo.Agseq_55687.1:597-1574                            -            326 80689at6656          -            312   3.8e-22   77.4   0.0   3   3       7.6   2.9e+02   -1.1   0.0   291   306   309   324   301   326 0.85 -
de_novo.Agm54242U_210909_035710_97781734_ccs.1:48-548     -            167 80689at6656          -            312   7.1e-22   76.5   0.0   1   2     1e-12     4e-11   41.2   0.0    29   103     1    75     1    87 0.95 -
de_novo.Agm54242U_210909_035710_97781734_ccs.1:48-548     -            167 80689at6656          -            312   7.1e-22   76.5   0.0   2   2   1.8e-10     7e-09   33.8   0.1    31   105    91   164    77   166 0.89 -
de_novo.Agm54242U_210909_035710_14419513_ccs.1:183-683    -            167 80689at6656          -            312   1.3e-21   75.7   0.5   1   1   9.9e-22   3.8e-20   70.8   0.5    41   192    10   167     1   167 0.85 -
de_novo.Agm54242U_210819_213017_29164341_ccs.1:243-893    -            217 80689at6656          -            312   1.2e-18   65.8   0.0   1   1   4.4e-20   1.7e-18   65.4   0.0    27   212    12   214     3   217 0.77 -
de_novo.Agm54242U_210819_213017_97518741_ccs.1:4-834      -            277 80689at6656          -            312   3.9e-18   64.2   0.0   1   2   4.1e-19   1.6e-17   62.2   0.0    30   107    48   125    26   137 0.94 -
de_novo.Agm54242U_210819_213017_97518741_ccs.1:4-834      -            277 80689at6656          -            312   3.9e-18   64.2   0.0   2   2         6   2.3e+02   -0.7   0.0   291   306   260   275   249   277 0.86 -
de_novo.AGAP029448-RA.1:48-1028                           -            327 80689at6656          -            312   6.2e-18   63.5   0.0   1   2   8.6e-09   3.3e-07   28.3   0.0    40   153    15   117     5   134 0.80 -
de_novo.AGAP029448-RA.1:48-1028                           -            327 80689at6656          -            312   6.2e-18   63.5   0.0   2   2   9.2e-10   3.5e-08   31.5   0.0    32   103   253   324   243   326 0.94 -
de_novo.Agm54242U_210909_035710_121375312_ccs.1:945-1172  -             76 80689at6656          -            312   8.5e-18   63.1   0.0   1   1   2.4e-19     9e-18   63.0   0.0    32   105     1    74     1    76 0.98 -
de_novo.Agm54242U_210909_035710_19008212_ccs.1:648-1046   -            133 80689at6656          -            312   1.5e-16   58.9   0.1   1   2   4.1e-11   1.6e-09   35.9   0.0    25    80     7    62     2    67 0.90 -
de_novo.Agm54242U_210909_035710_19008212_ccs.1:648-1046   -            133 80689at6656          -            312   1.5e-16   58.9   0.1   2   2   7.6e-07   2.9e-05   21.9   0.0     6    70    68   132    62   133 0.87 -
de_novo.Agm54242U_210819_213017_75956392_ccs.1:775-1206   -            144 80689at6656          -            312   3.3e-16   57.8   0.4   1   2   1.1e-07   4.2e-06   24.7   0.0    32    88     2    58     1    85 0.82 -
de_novo.Agm54242U_210819_213017_75956392_ccs.1:775-1206   -            144 80689at6656          -            312   3.3e-16   57.8   0.4   2   2   4.1e-10   1.6e-08   32.6   0.1    26    79    85   138    62   143 0.86 -
de_novo.Agm54242Ue_220404_200923_102566697_ccs.1:679-1110 -            144 80689at6656          -            312   3.3e-16   57.8   0.4   1   2   1.1e-07   4.2e-06   24.7   0.0    32    88     2    58     1    85 0.82 -
de_novo.Agm54242Ue_220404_200923_102566697_ccs.1:679-1110 -            144 80689at6656          -            312   3.3e-16   57.8   0.4   2   2   4.1e-10   1.6e-08   32.6   0.1    26    79    85   138    62   143 0.86 -
de_novo.AGAP000399-RA.1:312-665                           -            118 80689at6656          -            312     2e-15   55.3   0.2   1   2   2.7e-10     1e-08   33.2   0.0    33    80     2    49     1    54 0.94 -
de_novo.AGAP000399-RA.1:312-665                           -            118 80689at6656          -            312     2e-15   55.3   0.2   2   2   1.4e-06   5.3e-05   21.0   0.0     6    67    55   116    49   118 0.87 -
de_novo.Agm54242U_210819_213017_103809655_ccs.1:267-620   -            118 80689at6656          -            312     2e-15   55.3   0.2   1   2   2.7e-10     1e-08   33.2   0.0    33    80     2    49     1    54 0.94 -
de_novo.Agm54242U_210819_213017_103809655_ccs.1:267-620   -            118 80689at6656          -            312     2e-15   55.3   0.2   2   2   1.4e-06   5.3e-05   21.0   0.0     6    67    55   116    49   118 0.87 -
de_novo.Agm54242U_210819_213017_20711035_ccs.1:150-503    -            118 80689at6656          -            312     2e-15   55.3   0.2   1   2   2.7e-10     1e-08   33.2   0.0    33    80     2    49     1    54 0.94 -
de_novo.Agm54242U_210819_213017_20711035_ccs.1:150-503    -            118 80689at6656          -            312     2e-15   55.3   0.2   2   2   1.4e-06   5.3e-05   21.0   0.0     6    67    55   116    49   118 0.87 -
de_novo.Agm54242U_210819_213017_78643939_ccs.1:312-665    -            118 80689at6656          -            312     2e-15   55.3   0.2   1   2   2.7e-10     1e-08   33.2   0.0    33    80     2    49     1    54 0.94 -
de_novo.Agm54242U_210819_213017_78643939_ccs.1:312-665    -            118 80689at6656          -            312     2e-15   55.3   0.2   2   2   1.4e-06   5.3e-05   21.0   0.0     6    67    55   116    49   118 0.87 -
de_novo.Agm54242U_210909_035710_10813799_ccs.1:312-665    -            118 80689at6656          -            312     2e-15   55.3   0.2   1   2   2.7e-10     1e-08   33.2   0.0    33    80     2    49     1    54 0.94 -
de_novo.Agm54242U_210909_035710_10813799_ccs.1:312-665    -            118 80689at6656          -            312     2e-15   55.3   0.2   2   2   1.4e-06   5.3e-05   21.0   0.0     6    67    55   116    49   118 0.87 -
de_novo.AGAP005505-RA.1:81-617                            -            179 80689at6656          -            312   5.6e-15   53.8   0.1   1   2     2e-11   7.5e-10   37.0   0.0    40   141     9   109     3   109 0.89 -
de_novo.AGAP005505-RA.1:81-617                            -            179 80689at6656          -            312   5.6e-15   53.8   0.1   2   2   5.5e-06   0.00021   19.1   0.1    27    79    93   144    79   155 0.79 -
de_novo.Agm54242U_210819_213017_121766557_ccs.1:207-560   -            118 80689at6656          -            312   2.9e-14   51.5   0.0   1   2   5.2e-11     2e-09   35.6   0.0    33    81     2    50     1    55 0.94 -
de_novo.Agm54242U_210819_213017_121766557_ccs.1:207-560   -            118 80689at6656          -            312   2.9e-14   51.5   0.0   2   2   0.00011     0.004   14.9   0.0     8    66    57   115    49   118 0.82 -
de_novo.Agm54242U_210819_213017_55182195_ccs.1:183-536    -            118 80689at6656          -            312   2.9e-14   51.5   0.0   1   2   5.2e-11     2e-09   35.6   0.0    33    81     2    50     1    55 0.94 -
de_novo.Agm54242U_210819_213017_55182195_ccs.1:183-536    -            118 80689at6656          -            312   2.9e-14   51.5   0.0   2   2   0.00011     0.004   14.9   0.0     8    66    57   115    49   118 0.82 -
de_novo.Agm54242U_210909_035710_101384852_ccs.1:207-560   -            118 80689at6656          -            312   2.9e-14   51.5   0.0   1   2   5.2e-11     2e-09   35.6   0.0    33    81     2    50     1    55 0.94 -
de_novo.Agm54242U_210909_035710_101384852_ccs.1:207-560   -            118 80689at6656          -            312   2.9e-14   51.5   0.0   2   2   0.00011     0.004   14.9   0.0     8    66    57   115    49   118 0.82 -
de_novo.Agm54242U_210909_035710_141623973_ccs.1:207-560   -            118 80689at6656          -            312   2.9e-14   51.5   0.0   1   2   5.2e-11     2e-09   35.6   0.0    33    81     2    50     1    55 0.94 -
de_novo.Agm54242U_210909_035710_141623973_ccs.1:207-560   -            118 80689at6656          -            312   2.9e-14   51.5   0.0   2   2   0.00011     0.004   14.9   0.0     8    66    57   115    49   118 0.82 -
de_novo.Agm54242U_210909_035710_145883413_ccs.1:207-560   -            118 80689at6656          -            312   2.9e-14   51.5   0.0   1   2   5.2e-11     2e-09   35.6   0.0    33    81     2    50     1    55 0.94 -
de_novo.Agm54242U_210909_035710_145883413_ccs.1:207-560   -            118 80689at6656          -            312   2.9e-14   51.5   0.0   2   2   0.00011     0.004   14.9   0.0     8    66    57   115    49   118 0.82 -
de_novo.Agm54242U_210909_035710_26673218_ccs.1:207-560    -            118 80689at6656          -            312   2.9e-14   51.5   0.0   1   2   5.2e-11     2e-09   35.6   0.0    33    81     2    50     1    55 0.94 -
de_novo.Agm54242U_210909_035710_26673218_ccs.1:207-560    -            118 80689at6656          -            312   2.9e-14   51.5   0.0   2   2   0.00011     0.004   14.9   0.0     8    66    57   115    49   118 0.82 -
de_novo.Agm54242Ue_220404_200923_110821651_ccs.1:207-560  -            118 80689at6656          -            312   2.9e-14   51.5   0.0   1   2   5.2e-11     2e-09   35.6   0.0    33    81     2    50     1    55 0.94 -
de_novo.Agm54242Ue_220404_200923_110821651_ccs.1:207-560  -            118 80689at6656          -            312   2.9e-14   51.5   0.0   2   2   0.00011     0.004   14.9   0.0     8    66    57   115    49   118 0.82 -
de_novo.Agm54242Ue_220404_200923_142082334_ccs.1:207-560  -            118 80689at6656          -            312   2.9e-14   51.5   0.0   1   2   5.2e-11     2e-09   35.6   0.0    33    81     2    50     1    55 0.94 -
de_novo.Agm54242Ue_220404_200923_142082334_ccs.1:207-560  -            118 80689at6656          -            312   2.9e-14   51.5   0.0   2   2   0.00011     0.004   14.9   0.0     8    66    57   115    49   118 0.82 -
de_novo.Agm54242Ue_220404_200923_66259127_ccs.1:207-560   -            118 80689at6656          -            312   2.9e-14   51.5   0.0   1   2   5.2e-11     2e-09   35.6   0.0    33    81     2    50     1    55 0.94 -
de_novo.Agm54242Ue_220404_200923_66259127_ccs.1:207-560   -            118 80689at6656          -            312   2.9e-14   51.5   0.0   2   2   0.00011     0.004   14.9   0.0     8    66    57   115    49   118 0.82 -
de_novo.AGAP004414-RA.1:51-272                            -             74 80689at6656          -            312   4.5e-13   47.6   0.0   1   1   1.2e-14   4.8e-13   47.5   0.0    32   103     1    72     1    74 0.98 -
de_novo.Agm54242U_210819_213017_148242625_ccs.1:22-411    -            130 80689at6656          -            312   3.6e-12   44.6   0.0   1   1   1.1e-13   4.2e-12   44.4   0.0    32   105     1    74     1    88 0.94 -
de_novo.AGAP006365-RA.1:210-467                           -             86 80689at6656          -            312   4.2e-12   44.4   0.0   1   1   1.2e-13   4.7e-12   44.2   0.0    32   103     3    74     1    77 0.96 -
de_novo.Agseq_130832.1:321-530                            -             70 80689at6656          -            312   7.2e-12   43.6   0.0   1   1   1.9e-13   7.2e-12   43.6   0.0    45   104     4    63     1    70 0.92 -
de_novo.AGAP002908-RA.1:371-1333                          -            321 80689at6656          -            312   9.2e-12   43.3   1.3   1   2     0.015      0.59    7.8   0.0   153   193    38    81     1   100 0.47 -
de_novo.AGAP002908-RA.1:371-1333                          -            321 80689at6656          -            312   9.2e-12   43.3   1.3   2   2     1e-09   3.8e-08   31.4   0.0    31   108   115   192   112   206 0.91 -
de_novo.Agm54242Ue_220404_200923_178258037_ccs.1:186-404  -             73 80689at6656          -            312   1.1e-11   43.0   0.0   1   1     3e-13   1.2e-11   42.9   0.0    32   103     1    72     1    73 0.97 -
de_novo.Agm54242U_210819_213017_108725620_ccs.1:200-946   -            249 80689at6656          -            312   1.3e-11   42.8   0.0   1   2     0.012      0.46    8.1   0.0    32    94    27    89    18   113 0.82 -
de_novo.Agm54242U_210819_213017_108725620_ccs.1:200-946   -            249 80689at6656          -            312   1.3e-11   42.8   0.0   2   2   4.1e-10   1.6e-08   32.7   0.0    33   103   176   246   172   248 0.93 -
de_novo.Agm54242Ue_220404_200923_45090018_ccs.1:108-677   -            190 80689at6656          -            312   1.6e-11   42.4   0.0   1   2   9.3e-07   3.5e-05   21.6   0.0    40   104    13    78     4    90 0.81 -
de_novo.Agm54242Ue_220404_200923_45090018_ccs.1:108-677   -            190 80689at6656          -            312   1.6e-11   42.4   0.0   2   2   5.5e-06   0.00021   19.1   0.0    31   100    91   160    81   170 0.91 -
de_novo.Agm54242Ue_220404_200923_121373740_ccs.1:300-899  -            200 80689at6656          -            312     2e-11   42.2   0.0   1   2     1e-06     4e-05   21.5   0.0    40   104    13    78     4    90 0.81 -
de_novo.Agm54242Ue_220404_200923_121373740_ccs.1:300-899  -            200 80689at6656          -            312     2e-11   42.2   0.0   2   2   6.4e-06   0.00024   18.9   0.0    31   100    91   160    82   170 0.92 -
de_novo.Agm54242Ue_220404_200923_96863001_ccs.1:318-917   -            200 80689at6656          -            312     2e-11   42.2   0.0   1   2     1e-06     4e-05   21.5   0.0    40   104    13    78     4    90 0.81 -
de_novo.Agm54242Ue_220404_200923_96863001_ccs.1:318-917   -            200 80689at6656          -            312     2e-11   42.2   0.0   2   2   6.4e-06   0.00024   18.9   0.0    31   100    91   160    82   170 0.92 -
de_novo.Agm54242U_210909_035710_527021_ccs.1:0-488        -            163 80689at6656          -            312   4.6e-11   41.0   0.0   1   2     0.016       0.6    7.7   0.0    70   108     4    42     1    52 0.88 -
de_novo.Agm54242U_210909_035710_527021_ccs.1:0-488        -            163 80689at6656          -            312   4.6e-11   41.0   0.0   2   2   5.5e-10   2.1e-08   32.2   0.0    14    90    50   129    39   143 0.78 -
de_novo.AGAP001930-RA.1:21-494                            -            158 80689at6656          -            312   3.7e-10   38.0   0.0   1   2   4.1e-06   0.00016   19.5   0.0    31   101    12    81     8    94 0.84 -
de_novo.AGAP001930-RA.1:21-494                            -            158 80689at6656          -            312   3.7e-10   38.0   0.0   2   2   2.3e-05   0.00086   17.1   0.0    28    82    99   153    86   158 0.86 -
de_novo.Agm54242U_210819_213017_137758009_ccs.1:21-494    -            158 80689at6656          -            312   3.7e-10   38.0   0.0   1   2   4.1e-06   0.00016   19.5   0.0    31   101    12    81     8    94 0.84 -
de_novo.Agm54242U_210819_213017_137758009_ccs.1:21-494    -            158 80689at6656          -            312   3.7e-10   38.0   0.0   2   2   2.3e-05   0.00086   17.1   0.0    28    82    99   153    86   158 0.86 -
de_novo.Agm54242U_210819_213017_140773156_ccs.1:21-494    -            158 80689at6656          -            312   3.7e-10   38.0   0.0   1   2   4.1e-06   0.00016   19.5   0.0    31   101    12    81     8    94 0.84 -
de_novo.Agm54242U_210819_213017_140773156_ccs.1:21-494    -            158 80689at6656          -            312   3.7e-10   38.0   0.0   2   2   2.3e-05   0.00086   17.1   0.0    28    82    99   153    86   158 0.86 -
de_novo.Agm54242U_210909_035710_89719460_ccs.1:21-494     -            158 80689at6656          -            312   3.7e-10   38.0   0.0   1   2   4.1e-06   0.00016   19.5   0.0    31   101    12    81     8    94 0.84 -
de_novo.Agm54242U_210909_035710_89719460_ccs.1:21-494     -            158 80689at6656          -            312   3.7e-10   38.0   0.0   2   2   2.3e-05   0.00086   17.1   0.0    28    82    99   153    86   158 0.86 -
de_novo.Agm54242Ue_220404_200923_128319679_ccs.1:21-494   -            158 80689at6656          -            312   3.7e-10   38.0   0.0   1   2   4.1e-06   0.00016   19.5   0.0    31   101    12    81     8    94 0.84 -
de_novo.Agm54242Ue_220404_200923_128319679_ccs.1:21-494   -            158 80689at6656          -            312   3.7e-10   38.0   0.0   2   2   2.3e-05   0.00086   17.1   0.0    28    82    99   153    86   158 0.86 -
de_novo.Agseq_89346.1:1485-1673                           -             63 80689at6656          -            312   9.7e-10   36.6   0.0   1   1   2.7e-11     1e-09   36.5   0.0    31    92     2    63     1    63 0.98 -
de_novo.AGAP002547-RA.1:105-332                           -             76 80689at6656          -            312   1.2e-09   36.3   0.0   1   1   3.3e-11   1.3e-09   36.2   0.0    30   103     3    76     1    76 0.94 -
de_novo.AGAP029448-RA.1:792-1019                          -             76 80689at6656          -            312   1.6e-09   35.9   0.0   1   1   4.8e-11   1.8e-09   35.7   0.0    32   103     5    76     3    76 0.94 -
de_novo.Agm54242Ue_220404_200923_122552427_ccs.1:309-461  -             51 80689at6656          -            312   3.3e-09   34.9   0.1   1   1   9.9e-11   3.8e-09   34.7   0.1    33    79     2    48     1    50 0.97 -
de_novo.seqSigP-187716.1:9-161                            -             51 80689at6656          -            312   3.3e-09   34.9   0.1   1   1   9.9e-11   3.8e-09   34.7   0.1    33    79     2    48     1    50 0.97 -
de_novo.Agm54242Ue_220404_200923_173082832_ccs.1:126-338  -             71 80689at6656          -            312   3.6e-09   34.7   0.0   1   1     1e-10     4e-09   34.6   0.0    32    96     1    63     1    69 0.88 -
de_novo.Agseq_104973.1:577-834                            -             86 80689at6656          -            312   3.8e-09   34.7   0.0   1   1   1.2e-10   4.4e-09   34.4   0.0    40   104    14    78     7    85 0.93 -
de_novo.Agseq_78484.1:854-1309                            -            152 80689at6656          -            312   4.9e-09   34.3   0.2   1   2   1.9e-05   0.00073   17.3   0.0    32   123     6    93     1   100 0.76 -
de_novo.Agseq_78484.1:854-1309                            -            152 80689at6656          -            312   4.9e-09   34.3   0.2   2   2   2.7e-05     0.001   16.8   0.0    36   103    88   149    81   151 0.81 -
de_novo.Agm54242U_210909_035710_131009219_ccs.1:151-312   -             54 80689at6656          -            312   6.6e-09   33.9   0.0   1   1   1.8e-10   6.8e-09   33.8   0.0    32    77     1    46     1    53 0.95 -
de_novo.Agm54242U_210819_213017_31000075_ccs.1:1860-2096  -             79 80689at6656          -            312   4.7e-08   31.1   0.0   1   1   1.3e-09   5.1e-08   31.0   0.0    30   103     6    79     4    79 0.91 -
de_novo.Agm54242U_210819_213017_43713667_ccs.1:1503-1739  -             79 80689at6656          -            312   4.7e-08   31.1   0.0   1   1   1.3e-09   5.1e-08   31.0   0.0    30   103     6    79     4    79 0.91 -
de_novo.Agm54242U_210819_213017_18875648_ccs.1:509-661    -             51 80689at6656          -            312   5.2e-08   30.9   0.3   1   1   1.4e-09   5.4e-08   30.9   0.3    32    79     1    48     1    51 0.97 -
de_novo.Agm54242U_210819_213017_68159409_ccs.1:548-700    -             51 80689at6656          -            312   5.2e-08   30.9   0.3   1   1   1.4e-09   5.4e-08   30.9   0.3    32    79     1    48     1    51 0.97 -
de_novo.Agm54242U_210909_035710_169541850_ccs.1:111-263   -             51 80689at6656          -            312   5.2e-08   30.9   0.3   1   1   1.4e-09   5.4e-08   30.9   0.3    32    79     1    48     1    51 0.97 -
de_novo.Agseq_159224.1:131-355                            -             75 80689at6656          -            312   1.3e-07   29.6   0.0   1   1   3.7e-09   1.4e-07   29.5   0.0    35   103     7    75     2    75 0.94 -
de_novo.Agm54242U_210819_213017_10027742_ccs.1:54-263     -             70 80689at6656          -            312   1.6e-07   29.3   0.0   1   1   4.4e-09   1.7e-07   29.3   0.0    37   103     4    70     1    70 0.94 -
de_novo.Agm54242U_210909_035710_100466873_ccs.1:114-323   -             70 80689at6656          -            312   1.6e-07   29.3   0.0   1   1   4.4e-09   1.7e-07   29.3   0.0    37   103     4    70     1    70 0.94 -
de_novo.Agm54242Ue_220404_200923_93979527_ccs.1:54-263    -             70 80689at6656          -            312   1.6e-07   29.3   0.0   1   1   4.4e-09   1.7e-07   29.3   0.0    37   103     4    70     1    70 0.94 -
de_novo.Agm54242Ue_220404_200923_117835672_ccs.1:108-251  -             48 80689at6656          -            312   2.1e-07   28.9   0.2   1   1   5.8e-09   2.2e-07   28.9   0.2    32    79     1    48     1    48 0.98 -
de_novo.Agm54242Ue_220404_200923_67765668_ccs.1:165-308   -             48 80689at6656          -            312   2.1e-07   28.9   0.2   1   1   5.8e-09   2.2e-07   28.9   0.2    32    79     1    48     1    48 0.98 -
de_novo.Agm54242Ue_220404_200923_159517028_ccs.1:2-535    -            178 80689at6656          -            312   2.1e-06   25.7   0.0   1   1     7e-08   2.7e-06   25.3   0.0    32   108    62   143    52   159 0.85 -
de_novo.Agm54242Ue_220404_200923_8520809_ccs.1:0-1262     -            421 80689at6656          -            312   2.3e-06   25.5   0.2   1   2   4.9e-05    0.0019   16.0   0.0   249   280   318   349   305   368 0.83 -
de_novo.Agm54242Ue_220404_200923_8520809_ccs.1:0-1262     -            421 80689at6656          -            312   2.3e-06   25.5   0.2   2   2     0.017      0.64    7.6   0.1    75   309   378   407   357   411 0.53 -
de_novo.Agm54242U_210909_035710_90898777_ccs.1:0-1274     -            425 80689at6656          -            312   2.3e-06   25.5   0.2   1   2   4.9e-05    0.0019   16.0   0.0   249   280   322   353   309   372 0.83 -
de_novo.Agm54242U_210909_035710_90898777_ccs.1:0-1274     -            425 80689at6656          -            312   2.3e-06   25.5   0.2   2   2     0.017      0.64    7.6   0.1    75   309   382   411   361   415 0.53 -
de_novo.Agm54242Ue_220404_200923_167379057_ccs.1:481-717  -             79 80689at6656          -            312   2.3e-06   25.5   0.0   1   1   6.8e-08   2.6e-06   25.3   0.0    32   102     1    71     1    75 0.95 -
de_novo.Agm54242U_210819_213017_141100912_ccs.1:183-806   -            208 80689at6656          -            312   2.5e-06   25.4   0.0   1   1   8.4e-08   3.2e-06   25.1   0.0    32   108    82   163    73   207 0.87 -
de_novo.Agm54242U_210819_213017_104663464_ccs.1:537-911   -            125 80689at6656          -            312     3e-06   25.2   0.0   1   1   8.3e-08   3.2e-06   25.1   0.0    30   102     3    76     1   100 0.91 -
de_novo.Agm54242Ue_220404_200923_78119245_ccs.1:495-869   -            125 80689at6656          -            312     3e-06   25.2   0.0   1   1   8.3e-08   3.2e-06   25.1   0.0    30   102     3    76     1   100 0.91 -
de_novo.Agm54242Ue_220404_200923_175769833_ccs.1:27-284   -             86 80689at6656          -            312   8.2e-06   23.7   0.0   1   1   2.2e-07   8.2e-06   23.7   0.0    22    94    12    83     1    86 0.87 -
de_novo.Agm54242U_210819_213017_46203218_ccs.1:18-1940    -            641 80689at6656          -            312   2.3e-05   22.3   0.1   1   3       9.4   3.6e+02   -1.4   0.1   124   159    94   133    91   151 0.72 -
de_novo.Agm54242U_210819_213017_46203218_ccs.1:18-1940    -            641 80689at6656          -            312   2.3e-05   22.3   0.1   2   3    0.0035      0.13    9.9   0.0    31   107   306   381   292   387 0.88 -
de_novo.Agm54242U_210819_213017_46203218_ccs.1:18-1940    -            641 80689at6656          -            312   2.3e-05   22.3   0.1   3   3    0.0045      0.17    9.5   0.0    30   101   386   453   379   461 0.84 -
de_novo.Agm54242U_210909_035710_64488362_ccs.1:67-369     -            101 80689at6656          -            312   2.8e-05   21.9   0.0   1   1   7.4e-07   2.8e-05   21.9   0.0   160   204    11    57     4    92 0.83 -
de_novo.AGAP005506.R485.1:81-377                          -             99 80689at6656          -            312   3.2e-05   21.8   0.0   1   1   9.6e-07   3.7e-05   21.6   0.0    32   103     1    71     1    80 0.90 -
de_novo.Agm54242U_210819_213017_66652392_ccs.1:81-377     -             99 80689at6656          -            312   3.2e-05   21.8   0.0   1   1   9.6e-07   3.7e-05   21.6   0.0    32   103     1    71     1    80 0.90 -
de_novo.Agm54242Ue_220404_200923_145426414_ccs.1:18-2285  -            756 80689at6656          -            312   3.9e-05   21.5   0.2   1   2    0.0043      0.17    9.6   0.0    31   107   272   347   258   353 0.88 -
de_novo.Agm54242Ue_220404_200923_145426414_ccs.1:18-2285  -            756 80689at6656          -            312   3.9e-05   21.5   0.2   2   2    0.0057      0.22    9.2   0.0    30   101   352   419   345   426 0.84 -
de_novo.Agm54242U_210819_213017_147982064_ccs.1:513-1010  -            166 80689at6656          -            312   3.9e-05   21.5   0.0   1   2    0.0001    0.0039   14.9   0.0    50    88    23    61     3    69 0.84 -
de_novo.Agm54242U_210819_213017_147982064_ccs.1:513-1010  -            166 80689at6656          -            312   3.9e-05   21.5   0.0   2   2     0.067       2.6    5.7   0.0    11    79    67   130    58   149 0.67 -
de_novo.Agm54242U_210909_035710_39978805_ccs.1:475-972    -            166 80689at6656          -            312   3.9e-05   21.5   0.0   1   2    0.0001    0.0039   14.9   0.0    50    88    23    61     3    69 0.84 -
de_novo.Agm54242U_210909_035710_39978805_ccs.1:475-972    -            166 80689at6656          -            312   3.9e-05   21.5   0.0   2   2     0.067       2.6    5.7   0.0    11    79    67   130    58   149 0.67 -
de_novo.Agm54242U_210819_213017_31000075_ccs.1:807-1070   -             88 80689at6656          -            312   4.3e-05   21.4   0.0   1   1   1.2e-06   4.5e-05   21.3   0.0    33    91     2    60     1    75 0.89 -
de_novo.Agm54242U_210819_213017_43713667_ccs.1:450-713    -             88 80689at6656          -            312   4.3e-05   21.4   0.0   1   1   1.2e-06   4.5e-05   21.3   0.0    33    91     2    60     1    75 0.89 -
de_novo.AGAP005964-RA.1:303-833                           -            177 80689at6656          -            312   5.2e-05   21.1   0.0   1   1   3.3e-06   0.00013   19.8   0.0    50   155    23   121     3   154 0.78 -
de_novo.Agm54242U_210819_213017_116720069_ccs.1:499-1029  -            177 80689at6656          -            312   5.2e-05   21.1   0.0   1   1   3.3e-06   0.00013   19.8   0.0    50   155    23   121     3   154 0.78 -
de_novo.Agm54242U_210819_213017_3410319_ccs.1:90-362      -             91 80689at6656          -            312   5.2e-05   21.1   0.0   1   1   1.4e-06   5.3e-05   21.0   0.0    33    79     2    48     1    71 0.93 -
de_novo.Agm54242U_210819_213017_70847266_ccs.1:90-362     -             91 80689at6656          -            312   5.2e-05   21.1   0.0   1   1   1.4e-06   5.3e-05   21.0   0.0    33    79     2    48     1    71 0.93 -
de_novo.Agm54242U_210819_213017_86508706_ccs.1:90-362     -             91 80689at6656          -            312   5.2e-05   21.1   0.0   1   1   1.4e-06   5.3e-05   21.0   0.0    33    79     2    48     1    71 0.93 -
de_novo.Agm54242U_210909_035710_111740401_ccs.1:90-362    -             91 80689at6656          -            312   5.2e-05   21.1   0.0   1   1   1.4e-06   5.3e-05   21.0   0.0    33    79     2    48     1    71 0.93 -
de_novo.Agm54242U_210909_035710_139856433_ccs.1:90-362    -             91 80689at6656          -            312   5.2e-05   21.1   0.0   1   1   1.4e-06   5.3e-05   21.0   0.0    33    79     2    48     1    71 0.93 -
de_novo.Agm54242U_210909_035710_49546189_ccs.1:90-362     -             91 80689at6656          -            312   5.2e-05   21.1   0.0   1   1   1.4e-06   5.3e-05   21.0   0.0    33    79     2    48     1    71 0.93 -
de_novo.Agm54242U_210909_035710_83821233_ccs.1:90-362     -             91 80689at6656          -            312   5.2e-05   21.1   0.0   1   1   1.4e-06   5.3e-05   21.0   0.0    33    79     2    48     1    71 0.93 -
de_novo.Agm54242Ue_220404_200923_107086799_ccs.1:90-362   -             91 80689at6656          -            312   5.2e-05   21.1   0.0   1   1   1.4e-06   5.3e-05   21.0   0.0    33    79     2    48     1    71 0.93 -
de_novo.Agm54242Ue_220404_200923_33359960_ccs.1:90-362    -             91 80689at6656          -            312   5.2e-05   21.1   0.0   1   1   1.4e-06   5.3e-05   21.0   0.0    33    79     2    48     1    71 0.93 -
de_novo.Agm54242U_210819_213017_3410319_ccs.1:363-509     -             49 80689at6656          -            312   6.5e-05   20.8   0.0   1   1   1.8e-06   6.7e-05   20.7   0.0    33    79     2    48     1    49 0.96 -
de_novo.Agm54242U_210819_213017_70847266_ccs.1:363-509    -             49 80689at6656          -            312   6.5e-05   20.8   0.0   1   1   1.8e-06   6.7e-05   20.7   0.0    33    79     2    48     1    49 0.96 -
de_novo.Agm54242U_210819_213017_86508706_ccs.1:363-509    -             49 80689at6656          -            312   6.5e-05   20.8   0.0   1   1   1.8e-06   6.7e-05   20.7   0.0    33    79     2    48     1    49 0.96 -
de_novo.Agm54242U_210909_035710_111740401_ccs.1:363-509   -             49 80689at6656          -            312   6.5e-05   20.8   0.0   1   1   1.8e-06   6.7e-05   20.7   0.0    33    79     2    48     1    49 0.96 -
de_novo.Agm54242U_210909_035710_139856433_ccs.1:363-509   -             49 80689at6656          -            312   6.5e-05   20.8   0.0   1   1   1.8e-06   6.7e-05   20.7   0.0    33    79     2    48     1    49 0.96 -
de_novo.Agm54242U_210909_035710_49546189_ccs.1:363-509    -             49 80689at6656          -            312   6.5e-05   20.8   0.0   1   1   1.8e-06   6.7e-05   20.7   0.0    33    79     2    48     1    49 0.96 -
de_novo.Agm54242U_210909_035710_83821233_ccs.1:363-509    -             49 80689at6656          -            312   6.5e-05   20.8   0.0   1   1   1.8e-06   6.7e-05   20.7   0.0    33    79     2    48     1    49 0.96 -
de_novo.Agm54242Ue_220404_200923_107086799_ccs.1:363-509  -             49 80689at6656          -            312   6.5e-05   20.8   0.0   1   1   1.8e-06   6.7e-05   20.7   0.0    33    79     2    48     1    49 0.96 -
de_novo.Agm54242Ue_220404_200923_33359960_ccs.1:363-509   -             49 80689at6656          -            312   6.5e-05   20.8   0.0   1   1   1.8e-06   6.7e-05   20.7   0.0    33    79     2    48     1    49 0.96 -
de_novo.AGAP001930-RA.1:270-539                           -             90 80689at6656          -            312   7.1e-05   20.6   0.0   1   1   1.9e-06   7.2e-05   20.6   0.0    28    88    16    76     4    90 0.81 -
de_novo.Agm54242U_210819_213017_137758009_ccs.1:270-539   -             90 80689at6656          -            312   7.1e-05   20.6   0.0   1   1   1.9e-06   7.2e-05   20.6   0.0    28    88    16    76     4    90 0.81 -
de_novo.Agm54242U_210819_213017_140773156_ccs.1:270-539   -             90 80689at6656          -            312   7.1e-05   20.6   0.0   1   1   1.9e-06   7.2e-05   20.6   0.0    28    88    16    76     4    90 0.81 -
de_novo.Agm54242U_210909_035710_89719460_ccs.1:270-539    -             90 80689at6656          -            312   7.1e-05   20.6   0.0   1   1   1.9e-06   7.2e-05   20.6   0.0    28    88    16    76     4    90 0.81 -
de_novo.Agm54242Ue_220404_200923_128319679_ccs.1:270-539  -             90 80689at6656          -            312   7.1e-05   20.6   0.0   1   1   1.9e-06   7.2e-05   20.6   0.0    28    88    16    76     4    90 0.81 -
de_novo.AGAP010200-RA.1:579-869                           -             97 80689at6656          -            312   7.7e-05   20.5   0.0   1   1   2.4e-06   9.1e-05   20.3   0.0    31   102    25    96    21    97 0.97 -
de_novo.Agm54242U_210909_035710_129763821_ccs.1:1-1614    -            538 80689at6656          -            312   9.7e-05   20.2   0.3   1   1   1.2e-05   0.00046   18.0   0.0    15    90    97   172    91   179 0.91 -
de_novo.Agm54242U_210819_213017_143918959_ccs.1:217-423   -             69 80689at6656          -            312    0.0001   20.1   0.0   1   1   2.6e-06    0.0001   20.1   0.0    33    90     2    59     1    69 0.87 -
de_novo.Agm54242U_210909_035710_166724580_ccs.1:0-1322    -            441 80689at6656          -            312   0.00012   19.9   0.0   1   1   5.4e-06    0.0002   19.1   0.0    29   103   232   301   225   313 0.86 -
de_novo.AGAP004592-RA.1:15-206                            -             64 80689at6656          -            312   0.00018   19.3   0.0   1   1   4.7e-06   0.00018   19.3   0.0   129   186     1    61     1    64 0.83 -
de_novo.AGAP004592-RB.1:15-206                            -             64 80689at6656          -            312   0.00018   19.3   0.0   1   1   4.7e-06   0.00018   19.3   0.0   129   186     1    61     1    64 0.83 -
de_novo.AGAP004592-RC.1:15-206                            -             64 80689at6656          -            312   0.00018   19.3   0.0   1   1   4.7e-06   0.00018   19.3   0.0   129   186     1    61     1    64 0.83 -
de_novo.AGAP004592-RD.1:15-206                            -             64 80689at6656          -            312   0.00018   19.3   0.0   1   1   4.7e-06   0.00018   19.3   0.0   129   186     1    61     1    64 0.83 -
de_novo.Agm54242Ue_220404_200923_117115691_ccs.1:15-206   -             64 80689at6656          -            312   0.00018   19.3   0.0   1   1   4.7e-06   0.00018   19.3   0.0   129   186     1    61     1    64 0.83 -
de_novo.Agm54242Ue_220404_200923_161546848_ccs.1:15-206   -             64 80689at6656          -            312   0.00018   19.3   0.0   1   1   4.7e-06   0.00018   19.3   0.0   129   186     1    61     1    64 0.83 -
de_novo.Agseq_150501.1:15-206                             -             64 80689at6656          -            312   0.00018   19.3   0.0   1   1   4.7e-06   0.00018   19.3   0.0   129   186     1    61     1    64 0.83 -
de_novo.Agm54242U_210909_035710_133170843_ccs.1:525-740   -             72 80689at6656          -            312   0.00042   18.1   0.0   1   1   1.1e-05   0.00042   18.1   0.0    50    89    19    58     1    72 0.84 -
de_novo.AGAP008164-RA.1:0-1757                            -            586 80689at6656          -            312   0.00078   17.2   0.0   1   1     5e-05    0.0019   15.9   0.0    24    89   113   178    98   188 0.88 -
de_novo.Agseq_69883.1:174-356                             -             61 80689at6656          -            312    0.0016   16.2   0.0   1   1   4.1e-05    0.0016   16.2   0.0    33    92     2    61     1    61 0.90 -
de_novo.AGAP013048-RA.1:51-269                            -             73 80689at6656          -            312    0.0016   16.2   0.0   1   1   4.2e-05    0.0016   16.2   0.0    33    85     2    54     1    69 0.89 -
de_novo.AGAP013440.R671.1:36-203                          -             56 80689at6656          -            312    0.0016   16.2   0.1   1   1   4.7e-05    0.0018   16.0   0.1    32    79     1    48     1    53 0.96 -
de_novo.Agseq_156313.1:270-578                            -            103 80689at6656          -            312    0.0018   16.0   0.0   1   1   4.8e-05    0.0018   16.0   0.0    36    85    31    80     9    99 0.86 -
de_novo.AGAP003080-RA.1:2181-2480                         -            100 80689at6656          -            312    0.0024   15.6   0.0   1   1   6.4e-05    0.0025   15.6   0.0    30    80     2    52     1    75 0.88 -
de_novo.Agm54242Ue_220404_200923_262754_ccs.1:647-946     -            100 80689at6656          -            312    0.0024   15.6   0.0   1   1   6.4e-05    0.0025   15.6   0.0    30    80     2    52     1    75 0.88 -
de_novo.Agm54242U_210819_213017_172492248_ccs.1:84-338    -             85 80689at6656          -            312    0.0029   15.4   0.0   1   1   8.2e-05    0.0031   15.2   0.0    33    87     1    54     1    66 0.80 -
de_novo.Agm54242U_210819_213017_63897890_ccs.1:84-338     -             85 80689at6656          -            312    0.0029   15.4   0.0   1   1   8.2e-05    0.0031   15.2   0.0    33    87     1    54     1    66 0.80 -
de_novo.Agm54242U_210819_213017_89393059_ccs.1:84-338     -             85 80689at6656          -            312    0.0029   15.4   0.0   1   1   8.2e-05    0.0031   15.2   0.0    33    87     1    54     1    66 0.80 -
de_novo.Agm54242U_210819_213017_97780767_ccs.1:84-338     -             85 80689at6656          -            312    0.0029   15.4   0.0   1   1   8.2e-05    0.0031   15.2   0.0    33    87     1    54     1    66 0.80 -
de_novo.Agm54242Ue_220404_200923_118358068_ccs.1:84-338   -             85 80689at6656          -            312    0.0029   15.4   0.0   1   1   8.2e-05    0.0031   15.2   0.0    33    87     1    54     1    66 0.80 -
de_novo.Agseq_77388.1:180-434                             -             85 80689at6656          -            312    0.0029   15.4   0.0   1   1   8.2e-05    0.0031   15.2   0.0    33    87     1    54     1    66 0.80 -
de_novo.AGAP002780-RA.1:0-377                             -            126 80689at6656          -            312    0.0039   14.9   0.0   1   1   0.00011    0.0041   14.8   0.0    29   104    18    90     1   122 0.77 -
de_novo.Agseq_169127.1:0-332                              -            111 80689at6656          -            312    0.0061   14.3   0.0   1   1   0.00018     0.007   14.1   0.0    32   104     9    78     4   109 0.80 -
de_novo.Agm54242Ue_220404_200923_26149380_ccs.1:0-2048    -            683 80689at6656          -            312     0.019   12.6   0.0   1   1    0.0011     0.042   11.5   0.0    34    93    59   117    48   125 0.81 -
de_novo.Agm54242U_210819_213017_27330059_ccs.1:0-2006     -            669 80689at6656          -            312     0.024   12.3   0.0   1   1    0.0011     0.041   11.6   0.0    34    93    59   117    48   125 0.81 -
de_novo.Agm54242U_210819_213017_21955989_ccs.1:18-2283    -            748 80689at6656          -            312     0.032   11.9   0.1   1   1    0.0035      0.13    9.9   0.0    31   110   306   384   292   393 0.88 -
de_novo.Agm54242U_210909_035710_25756724_ccs.1:0-3834     -           1267 80689at6656          -            312         4    5.0  20.1   1   2       1.4        53    1.3   5.0   200   237   183   220   173   242 0.55 -
de_novo.Agm54242U_210909_035710_25756724_ccs.1:0-3834     -           1267 80689at6656          -            312         4    5.0  20.1   2   2    0.0081      0.31    8.7   7.2   204   246   849   892   832   903 0.67 -
#
# Program:         hmmsearch
# Version:         3.1b2 (February 2015)
# Pipeline mode:   SEARCH
# Query file:      /hpcdata/bcbb/homc/Barillaslab/Agam_hemo_transcriptomes/scripts/compare_txomes/busco/busco_downloads/lineages/arthropoda_odb10/hmms/80689at6656.hmm
# Target file:     /hpcdata/bcbb/homc/Barillaslab/Agam_hemo_transcriptomes/scripts/compare_txomes/busco/denovo_Agamhemo_BUSCO/run_arthropoda_odb10/metaeuk_output/initial_results/de_novo_transcriptome_with_genome_hits_and_expression_filtering.gffread.fa.modified.fas
# Option settings: hmmsearch --domtblout /hpcdata/bcbb/homc/Barillaslab/Agam_hemo_transcriptomes/scripts/compare_txomes/busco/denovo_Agamhemo_BUSCO/run_arthropoda_odb10/hmmer_output/initial_run_results/80689at6656.out --cpu 1 /hpcdata/bcbb/homc/Barillaslab/Agam_hemo_transcriptomes/scripts/compare_txomes/busco/busco_downloads/lineages/arthropoda_odb10/hmms/80689at6656.hmm /hpcdata/bcbb/homc/Barillaslab/Agam_hemo_transcriptomes/scripts/compare_txomes/busco/denovo_Agamhemo_BUSCO/run_arthropoda_odb10/metaeuk_output/initial_results/de_novo_transcriptome_with_genome_hits_and_expression_filtering.gffread.fa.modified.fas 
# Current dir:     /hpcdata/bcbb/homc/Barillaslab/Agam_hemo_transcriptomes/scripts/compare_txomes/busco
# Date:            Sun Jan 29 13:00:29 2023
# [ok]
