#                                                                                                                --- full sequence --- -------------- this domain -------------   hmm coord   ali coord   env coord
# target name                                            accession   tlen query name           accession   qlen   E-value  score  bias   #  of  c-Evalue  i-Evalue  score  bias  from    to  from    to  from    to  acc description of target
#                                    ------------------- ---------- ----- -------------------- ---------- ----- --------- ------ ----- --- --- --------- --------- ------ ----- ----- ----- ----- ----- ----- ----- ---- ---------------------
de_novo.Agm54242U_210909_035710_121307575_ccs.1:0-1920   -            598 81406at6656          -            422  6.5e-148  491.2  15.3   1   3    3e-150  6.5e-148  491.2  15.3    10   358    18   384     9   387 0.91 -
de_novo.Agm54242U_210909_035710_121307575_ccs.1:0-1920   -            598 81406at6656          -            422  6.5e-148  491.2  15.3   2   3       8.5   1.8e+03   -4.4  18.2   328   360   378   410   375   437 0.64 -
de_novo.Agm54242U_210909_035710_121307575_ccs.1:0-1920   -            598 81406at6656          -            422  6.5e-148  491.2  15.3   3   3      0.42        91   -0.1   0.0   383   415   537   569   520   575 0.80 -
de_novo.Agm54242U_210909_035710_176883274_ccs.1:430-1722 -            431 81406at6656          -            422   2.5e-70  235.6   9.3   1   3   1.1e-72   2.5e-70  235.6   9.3   163   358     6   217     1   221 0.84 -
de_novo.Agm54242U_210909_035710_176883274_ccs.1:430-1722 -            431 81406at6656          -            422   2.5e-70  235.6   9.3   2   3       5.3   1.1e+03   -3.7  18.1   328   360   211   243   208   269 0.64 -
de_novo.Agm54242U_210909_035710_176883274_ccs.1:430-1722 -            431 81406at6656          -            422   2.5e-70  235.6   9.3   3   3      0.27        59    0.5   0.0   383   415   370   402   352   408 0.80 -
de_novo.Agm54242U_210909_035710_138086575_ccs.1:876-1601 -            242 81406at6656          -            422   2.1e-07   28.3   6.5   1   3   0.00019      0.04   10.9   0.3   272   323    32    80    20    92 0.82 -
de_novo.Agm54242U_210909_035710_138086575_ccs.1:876-1601 -            242 81406at6656          -            422   2.1e-07   28.3   6.5   2   3     0.031       6.7    3.6   0.1   218   285    76   144    72   150 0.72 -
de_novo.Agm54242U_210909_035710_138086575_ccs.1:876-1601 -            242 81406at6656          -            422   2.1e-07   28.3   6.5   3   3   1.4e-06   0.00031   17.9   0.5   218   310   149   238   128   241 0.84 -
de_novo.Agseq_166636.1:780-1505                          -            242 81406at6656          -            422   2.1e-07   28.3   6.5   1   3   0.00019      0.04   10.9   0.3   272   323    32    80    20    92 0.82 -
de_novo.Agseq_166636.1:780-1505                          -            242 81406at6656          -            422   2.1e-07   28.3   6.5   2   3     0.031       6.7    3.6   0.1   218   285    76   144    72   150 0.72 -
de_novo.Agseq_166636.1:780-1505                          -            242 81406at6656          -            422   2.1e-07   28.3   6.5   3   3   1.4e-06   0.00031   17.9   0.5   218   310   149   238   128   241 0.84 -
de_novo.seqSigP-17284.1:240-1373                         -            378 81406at6656          -            422     5e-06   23.8   6.1   1   4      0.28        62    0.4   0.1   298   315    45    62    11    79 0.60 -
de_novo.seqSigP-17284.1:240-1373                         -            378 81406at6656          -            422     5e-06   23.8   6.1   2   4   8.9e-05     0.019   12.0   0.0   191   254    89   146    84   151 0.80 -
de_novo.seqSigP-17284.1:240-1373                         -            378 81406at6656          -            422     5e-06   23.8   6.1   3   4     0.084        18    2.2   0.1   100   122   189   211   162   221 0.70 -
de_novo.seqSigP-17284.1:240-1373                         -            378 81406at6656          -            422     5e-06   23.8   6.1   4   4    0.0035      0.75    6.7   0.7   191   261   258   322   243   331 0.75 -
de_novo.Agm54242U_210819_213017_51055126_ccs.1:321-1184  -            288 81406at6656          -            422   2.7e-05   21.4   1.0   1   3   1.3e-05    0.0028   14.7   0.7   181   312     9   131     2   151 0.81 -
de_novo.Agm54242U_210819_213017_51055126_ccs.1:321-1184  -            288 81406at6656          -            422   2.7e-05   21.4   1.0   2   3       0.3        64    0.4   0.0   272   295   140   163   135   195 0.69 -
de_novo.Agm54242U_210819_213017_51055126_ccs.1:321-1184  -            288 81406at6656          -            422   2.7e-05   21.4   1.0   3   3      0.41        89   -0.1   0.0   101   115   254   268   239   274 0.77 -
de_novo.Agm54242U_210819_213017_113574862_ccs.1:622-1443 -            274 81406at6656          -            422   0.00054   17.1  11.4   1   3      0.87   1.9e+02   -1.2   0.1   276   312     6    39     3    62 0.57 -
de_novo.Agm54242U_210819_213017_113574862_ccs.1:622-1443 -            274 81406at6656          -            422   0.00054   17.1  11.4   2   3   1.1e-05    0.0024   15.0   7.0    88   236    87   210    79   218 0.84 -
de_novo.Agm54242U_210819_213017_113574862_ccs.1:622-1443 -            274 81406at6656          -            422   0.00054   17.1  11.4   3   3      0.11        24    1.8   0.0   101   113   238   250   227   270 0.88 -
de_novo.Agm54242U_210909_035710_126355191_ccs.1:693-1514 -            274 81406at6656          -            422   0.00054   17.1  11.4   1   3      0.87   1.9e+02   -1.2   0.1   276   312     6    39     3    62 0.57 -
de_novo.Agm54242U_210909_035710_126355191_ccs.1:693-1514 -            274 81406at6656          -            422   0.00054   17.1  11.4   2   3   1.1e-05    0.0024   15.0   7.0    88   236    87   210    79   218 0.84 -
de_novo.Agm54242U_210909_035710_126355191_ccs.1:693-1514 -            274 81406at6656          -            422   0.00054   17.1  11.4   3   3      0.11        24    1.8   0.0   101   113   238   250   227   270 0.88 -
de_novo.AGAP011472-RA.1:162-665                          -            168 81406at6656          -            422     0.001   16.2   3.4   1   2     0.015       3.3    4.6   1.5   209   306    27   117    10   121 0.60 -
de_novo.AGAP011472-RA.1:162-665                          -            168 81406at6656          -            422     0.001   16.2   3.4   2   2   3.9e-05    0.0085   13.2   0.3   194   257   108   163    92   166 0.83 -
de_novo.Agm54242U_210819_213017_152437685_ccs.1:210-695  -            162 81406at6656          -            422    0.0011   16.1   0.0   1   2    0.0086       1.9    5.5   0.0   192   255    16    73    10    77 0.74 -
de_novo.Agm54242U_210819_213017_152437685_ccs.1:210-695  -            162 81406at6656          -            422    0.0011   16.1   0.0   2   2   0.00083      0.18    8.8   0.0   190   243    86   135    78   146 0.83 -
de_novo.Agm54242U_210819_213017_79104709_ccs.1:210-695   -            162 81406at6656          -            422    0.0011   16.1   0.0   1   2    0.0086       1.9    5.5   0.0   192   255    16    73    10    77 0.74 -
de_novo.Agm54242U_210819_213017_79104709_ccs.1:210-695   -            162 81406at6656          -            422    0.0011   16.1   0.0   2   2   0.00083      0.18    8.8   0.0   190   243    86   135    78   146 0.83 -
de_novo.Agm54242U_210819_213017_94570644_ccs.1:210-695   -            162 81406at6656          -            422    0.0011   16.1   0.0   1   2    0.0086       1.9    5.5   0.0   192   255    16    73    10    77 0.74 -
de_novo.Agm54242U_210819_213017_94570644_ccs.1:210-695   -            162 81406at6656          -            422    0.0011   16.1   0.0   2   2   0.00083      0.18    8.8   0.0   190   243    86   135    78   146 0.83 -
de_novo.Agm54242U_210909_035710_169739797_ccs.1:210-695  -            162 81406at6656          -            422    0.0011   16.1   0.0   1   2    0.0086       1.9    5.5   0.0   192   255    16    73    10    77 0.74 -
de_novo.Agm54242U_210909_035710_169739797_ccs.1:210-695  -            162 81406at6656          -            422    0.0011   16.1   0.0   2   2   0.00083      0.18    8.8   0.0   190   243    86   135    78   146 0.83 -
de_novo.Agm54242U_210909_035710_73533314_ccs.1:243-728   -            162 81406at6656          -            422    0.0011   16.1   0.0   1   2    0.0086       1.9    5.5   0.0   192   255    16    73    10    77 0.74 -
de_novo.Agm54242U_210909_035710_73533314_ccs.1:243-728   -            162 81406at6656          -            422    0.0011   16.1   0.0   2   2   0.00083      0.18    8.8   0.0   190   243    86   135    78   146 0.83 -
de_novo.Agm54242U_210909_035710_92539683_ccs.1:243-728   -            162 81406at6656          -            422    0.0011   16.1   0.0   1   2    0.0086       1.9    5.5   0.0   192   255    16    73    10    77 0.74 -
de_novo.Agm54242U_210909_035710_92539683_ccs.1:243-728   -            162 81406at6656          -            422    0.0011   16.1   0.0   2   2   0.00083      0.18    8.8   0.0   190   243    86   135    78   146 0.83 -
de_novo.Agm54242Ue_220404_200923_159189038_ccs.1:210-695 -            162 81406at6656          -            422    0.0011   16.1   0.0   1   2    0.0086       1.9    5.5   0.0   192   255    16    73    10    77 0.74 -
de_novo.Agm54242Ue_220404_200923_159189038_ccs.1:210-695 -            162 81406at6656          -            422    0.0011   16.1   0.0   2   2   0.00083      0.18    8.8   0.0   190   243    86   135    78   146 0.83 -
de_novo.AGAP029508-RB.1:168-764                          -            199 81406at6656          -            422    0.0013   15.9   0.6   1   2      0.35        76    0.1   0.0   101   117    27    43    18    56 0.82 -
de_novo.AGAP029508-RB.1:168-764                          -            199 81406at6656          -            422    0.0013   15.9   0.6   2   2   3.5e-05    0.0075   13.3   0.3   210   287    59   134    44   183 0.80 -
de_novo.Agm54242U_210819_213017_127994124_ccs.1:168-764  -            199 81406at6656          -            422    0.0013   15.9   0.6   1   2      0.35        76    0.1   0.0   101   117    27    43    18    56 0.82 -
de_novo.Agm54242U_210819_213017_127994124_ccs.1:168-764  -            199 81406at6656          -            422    0.0013   15.9   0.6   2   2   3.5e-05    0.0075   13.3   0.3   210   287    59   134    44   183 0.80 -
de_novo.Agm54242U_210819_213017_153683075_ccs.1:168-764  -            199 81406at6656          -            422    0.0013   15.9   0.6   1   2      0.35        76    0.1   0.0   101   117    27    43    18    56 0.82 -
de_novo.Agm54242U_210819_213017_153683075_ccs.1:168-764  -            199 81406at6656          -            422    0.0013   15.9   0.6   2   2   3.5e-05    0.0075   13.3   0.3   210   287    59   134    44   183 0.80 -
de_novo.Agm54242U_210909_035710_124912268_ccs.1:615-1019 -            135 81406at6656          -            422    0.0015   15.6   1.0   1   2   3.9e-05    0.0085   13.2   0.4   266   322    41    94     1   101 0.79 -
de_novo.Agm54242U_210909_035710_124912268_ccs.1:615-1019 -            135 81406at6656          -            422    0.0015   15.6   1.0   2   2      0.11        23    1.8   0.0   128   141    94   107    88   112 0.79 -
de_novo.AGAP011292-RA.1:51-1121                          -            357 81406at6656          -            422    0.0032   14.6  29.0   1   3   0.00074      0.16    9.0   3.7   183   286    26   124    21   148 0.82 -
de_novo.AGAP011292-RA.1:51-1121                          -            357 81406at6656          -            422    0.0032   14.6  29.0   2   3    0.0004     0.087    9.8  11.2   170   257   180   259   152   265 0.82 -
de_novo.AGAP011292-RA.1:51-1121                          -            357 81406at6656          -            422    0.0032   14.6  29.0   3   3    0.0021      0.46    7.5   2.9   220   287   248   315   242   354 0.69 -
de_novo.Agm54242U_210819_213017_88998952_ccs.1:834-2150  -            439 81406at6656          -            422     0.018   12.1  11.9   1   5    0.0042      0.91    6.5   0.0   220   253    17    50    12    55 0.92 -
de_novo.Agm54242U_210819_213017_88998952_ccs.1:834-2150  -            439 81406at6656          -            422     0.018   12.1  11.9   2   5      0.76   1.6e+02   -1.0   0.0    88   112    79   103    63   113 0.67 -
de_novo.Agm54242U_210819_213017_88998952_ccs.1:834-2150  -            439 81406at6656          -            422     0.018   12.1  11.9   3   5      0.45        97   -0.2   0.0    94   238    85   106    74   178 0.66 -
de_novo.Agm54242U_210819_213017_88998952_ccs.1:834-2150  -            439 81406at6656          -            422     0.018   12.1  11.9   4   5    0.0048         1    6.3   4.6   244   312   208   275   167   310 0.53 -
de_novo.Agm54242U_210819_213017_88998952_ccs.1:834-2150  -            439 81406at6656          -            422     0.018   12.1  11.9   5   5      0.65   1.4e+02   -0.7   0.1   226   257   345   374   336   390 0.43 -
de_novo.Agm54242U_210819_213017_131465742_ccs.1:516-1577 -            354 81406at6656          -            422     0.018   12.1  11.1   1   3      0.28        59    0.5   0.1    94   117    42    65     6    84 0.65 -
de_novo.Agm54242U_210819_213017_131465742_ccs.1:516-1577 -            354 81406at6656          -            422     0.018   12.1  11.1   2   3   0.00013     0.029   11.4   1.6   190   257   115   176   107   182 0.90 -
de_novo.Agm54242U_210819_213017_131465742_ccs.1:516-1577 -            354 81406at6656          -            422     0.018   12.1  11.1   3   3     0.017       3.7    4.5   0.4   218   288   187   257   183   284 0.71 -
de_novo.Agm54242U_210819_213017_135072411_ccs.1:516-1577 -            354 81406at6656          -            422     0.018   12.1  11.1   1   3      0.28        59    0.5   0.1    94   117    42    65     6    84 0.65 -
de_novo.Agm54242U_210819_213017_135072411_ccs.1:516-1577 -            354 81406at6656          -            422     0.018   12.1  11.1   2   3   0.00013     0.029   11.4   1.6   190   257   115   176   107   182 0.90 -
de_novo.Agm54242U_210819_213017_135072411_ccs.1:516-1577 -            354 81406at6656          -            422     0.018   12.1  11.1   3   3     0.017       3.7    4.5   0.4   218   288   187   257   183   284 0.71 -
de_novo.Agm54242U_210909_035710_148439779_ccs.1:123-677  -            185 81406at6656          -            422      0.31    8.0   8.8   1   2     0.002      0.42    7.6   3.3   211   253    61   103    49   134 0.66 -
de_novo.Agm54242U_210909_035710_148439779_ccs.1:123-677  -            185 81406at6656          -            422      0.31    8.0   8.8   2   2     0.019       4.1    4.3   0.6   211   258   107   151    93   181 0.60 -
de_novo.AGAP007644-RA.1:0-878                            -            293 81406at6656          -            422       5.3    3.9  13.0   1   1     0.039       8.4    3.3  13.0   313   356   249   286   220   293 0.57 -
#
# Program:         hmmsearch
# Version:         3.1b2 (February 2015)
# Pipeline mode:   SEARCH
# Query file:      /hpcdata/bcbb/homc/Barillaslab/Agam_hemo_transcriptomes/scripts/compare_txomes/busco/busco_downloads/lineages/arthropoda_odb10/hmms/81406at6656.hmm
# Target file:     /hpcdata/bcbb/homc/Barillaslab/Agam_hemo_transcriptomes/scripts/compare_txomes/busco/denovo_Agamhemo_BUSCO/run_arthropoda_odb10/metaeuk_output/initial_results/de_novo_transcriptome_with_genome_hits_and_expression_filtering.gffread.fa.modified.fas
# Option settings: hmmsearch --domtblout /hpcdata/bcbb/homc/Barillaslab/Agam_hemo_transcriptomes/scripts/compare_txomes/busco/denovo_Agamhemo_BUSCO/run_arthropoda_odb10/hmmer_output/initial_run_results/81406at6656.out --cpu 1 /hpcdata/bcbb/homc/Barillaslab/Agam_hemo_transcriptomes/scripts/compare_txomes/busco/busco_downloads/lineages/arthropoda_odb10/hmms/81406at6656.hmm /hpcdata/bcbb/homc/Barillaslab/Agam_hemo_transcriptomes/scripts/compare_txomes/busco/denovo_Agamhemo_BUSCO/run_arthropoda_odb10/metaeuk_output/initial_results/de_novo_transcriptome_with_genome_hits_and_expression_filtering.gffread.fa.modified.fas 
# Current dir:     /hpcdata/bcbb/homc/Barillaslab/Agam_hemo_transcriptomes/scripts/compare_txomes/busco
# Date:            Sun Jan 29 13:00:33 2023
# [ok]
