#                                                                                                             --- full sequence --- -------------- this domain -------------   hmm coord   ali coord   env coord
# target name                                         accession   tlen query name           accession   qlen   E-value  score  bias   #  of  c-Evalue  i-Evalue  score  bias  from    to  from    to  from    to  acc description of target
#                                 ------------------- ---------- ----- -------------------- ---------- ----- --------- ------ ----- --- --- --------- --------- ------ ----- ----- ----- ----- ----- ----- ----- ---- ---------------------
de_novo.Agm54242U_210909_035710_45943294_ccs.1:0-1175 -            392 81708at6656          -            336    2e-124  413.5  30.1   1   4   1.7e-22   3.2e-19   67.6   0.1     3    54    37    88    35    93 0.93 -
de_novo.Agm54242U_210909_035710_45943294_ccs.1:0-1175 -            392 81708at6656          -            336    2e-124  413.5  30.1   2   4     1e-30   1.9e-27   94.6  15.4   113   203    95   186    86   204 0.79 -
de_novo.Agm54242U_210909_035710_45943294_ccs.1:0-1175 -            392 81708at6656          -            336    2e-124  413.5  30.1   3   4   2.7e-48   5.1e-45  152.4   0.3   187   282   215   310   209   315 0.95 -
de_novo.Agm54242U_210909_035710_45943294_ccs.1:0-1175 -            392 81708at6656          -            336    2e-124  413.5  30.1   4   4   6.8e-35   1.3e-31  108.4   0.2   280   336   336   392   320   392 0.93 -
de_novo.Agseq_91457.1:0-1208                          -            403 81708at6656          -            336  3.9e-124  412.5  22.6   1   2   5.7e-81   1.1e-77  259.8  16.9     3   189    37   242    35   258 0.85 -
de_novo.Agseq_91457.1:0-1208                          -            403 81708at6656          -            336  3.9e-124  412.5  22.6   2   2   8.5e-48   1.6e-44  150.8   0.3   187   280   309   402   302   403 0.96 -
de_novo.Agm54242U_210909_035710_74383766_ccs.1:0-734  -            245 81708at6656          -            336   8.5e-80  266.7  17.8   1   1     4e-81   7.4e-78  260.4  17.8     3   188    37   241    35   244 0.86 -
#
# Program:         hmmsearch
# Version:         3.1b2 (February 2015)
# Pipeline mode:   SEARCH
# Query file:      /hpcdata/bcbb/homc/Barillaslab/Agam_hemo_transcriptomes/scripts/compare_txomes/busco/busco_downloads/lineages/arthropoda_odb10/hmms/81708at6656.hmm
# Target file:     /hpcdata/bcbb/homc/Barillaslab/Agam_hemo_transcriptomes/scripts/compare_txomes/busco/denovo_Agamhemo_BUSCO/run_arthropoda_odb10/metaeuk_output/initial_results/de_novo_transcriptome_with_genome_hits_and_expression_filtering.gffread.fa.modified.fas
# Option settings: hmmsearch --domtblout /hpcdata/bcbb/homc/Barillaslab/Agam_hemo_transcriptomes/scripts/compare_txomes/busco/denovo_Agamhemo_BUSCO/run_arthropoda_odb10/hmmer_output/initial_run_results/81708at6656.out --cpu 1 /hpcdata/bcbb/homc/Barillaslab/Agam_hemo_transcriptomes/scripts/compare_txomes/busco/busco_downloads/lineages/arthropoda_odb10/hmms/81708at6656.hmm /hpcdata/bcbb/homc/Barillaslab/Agam_hemo_transcriptomes/scripts/compare_txomes/busco/denovo_Agamhemo_BUSCO/run_arthropoda_odb10/metaeuk_output/initial_results/de_novo_transcriptome_with_genome_hits_and_expression_filtering.gffread.fa.modified.fas 
# Current dir:     /hpcdata/bcbb/homc/Barillaslab/Agam_hemo_transcriptomes/scripts/compare_txomes/busco
# Date:            Sun Jan 29 13:00:33 2023
# [ok]
