#                                                                                                                --- full sequence --- -------------- this domain -------------   hmm coord   ali coord   env coord
# target name                                            accession   tlen query name           accession   qlen   E-value  score  bias   #  of  c-Evalue  i-Evalue  score  bias  from    to  from    to  from    to  acc description of target
#                                    ------------------- ---------- ----- -------------------- ---------- ----- --------- ------ ----- --- --- --------- --------- ------ ----- ----- ----- ----- ----- ----- ----- ---- ---------------------
de_novo.Agm54242U_210909_035710_166724580_ccs.1:0-1322   -            441 83164at6656          -            308  1.3e-175  581.2  11.3   1   3   4.3e-81   4.5e-79  264.1   4.2     1   125     1   125     1   129 0.99 -
de_novo.Agm54242U_210909_035710_166724580_ccs.1:0-1322   -            441 83164at6656          -            308  1.3e-175  581.2  11.3   2   3   3.6e-96   3.7e-94  313.6   0.1   125   289   144   311   137   319 0.97 -
de_novo.Agm54242U_210909_035710_166724580_ccs.1:0-1322   -            441 83164at6656          -            308  1.3e-175  581.2  11.3   3   3    0.0091      0.95    6.9   0.0   292   308   422   438   410   438 0.82 -
de_novo.Agm54242U_210819_213017_29164341_ccs.1:243-893   -            217 83164at6656          -            308   2.6e-13   48.1   0.0   1   2   4.9e-06   0.00051   17.6   0.0   206   286    10    95     2   118 0.69 -
de_novo.Agm54242U_210819_213017_29164341_ccs.1:243-893   -            217 83164at6656          -            308   2.6e-13   48.1   0.0   2   2   1.7e-09   1.8e-07   28.9   0.0   213   288   119   197   108   212 0.86 -
de_novo.Agm54242U_210819_213017_130744861_ccs.1:27-1064  -            346 83164at6656          -            308   8.7e-10   36.5   0.0   1   4    0.0041      0.42    8.0   0.0   214   297     2    93     1   101 0.74 -
de_novo.Agm54242U_210819_213017_130744861_ccs.1:27-1064  -            346 83164at6656          -            308   8.7e-10   36.5   0.0   2   4    0.0043      0.45    7.9   0.0   215   279    91   162    80   178 0.73 -
de_novo.Agm54242U_210819_213017_130744861_ccs.1:27-1064  -            346 83164at6656          -            308   8.7e-10   36.5   0.0   3   4   3.1e-05    0.0032   15.0   0.0   211   288   180   262   167   281 0.78 -
de_novo.Agm54242U_210819_213017_130744861_ccs.1:27-1064  -            346 83164at6656          -            308   8.7e-10   36.5   0.0   4   4      0.21        22    2.4   0.0   215   261   287   340   266   345 0.65 -
de_novo.Agm54242U_210819_213017_153683175_ccs.1:27-1064  -            346 83164at6656          -            308   8.7e-10   36.5   0.0   1   4    0.0041      0.42    8.0   0.0   214   297     2    93     1   101 0.74 -
de_novo.Agm54242U_210819_213017_153683175_ccs.1:27-1064  -            346 83164at6656          -            308   8.7e-10   36.5   0.0   2   4    0.0043      0.45    7.9   0.0   215   279    91   162    80   178 0.73 -
de_novo.Agm54242U_210819_213017_153683175_ccs.1:27-1064  -            346 83164at6656          -            308   8.7e-10   36.5   0.0   3   4   3.1e-05    0.0032   15.0   0.0   211   288   180   262   167   281 0.78 -
de_novo.Agm54242U_210819_213017_153683175_ccs.1:27-1064  -            346 83164at6656          -            308   8.7e-10   36.5   0.0   4   4      0.21        22    2.4   0.0   215   261   287   340   266   345 0.65 -
de_novo.Agm54242U_210819_213017_36113012_ccs.1:27-1064   -            346 83164at6656          -            308   8.7e-10   36.5   0.0   1   4    0.0041      0.42    8.0   0.0   214   297     2    93     1   101 0.74 -
de_novo.Agm54242U_210819_213017_36113012_ccs.1:27-1064   -            346 83164at6656          -            308   8.7e-10   36.5   0.0   2   4    0.0043      0.45    7.9   0.0   215   279    91   162    80   178 0.73 -
de_novo.Agm54242U_210819_213017_36113012_ccs.1:27-1064   -            346 83164at6656          -            308   8.7e-10   36.5   0.0   3   4   3.1e-05    0.0032   15.0   0.0   211   288   180   262   167   281 0.78 -
de_novo.Agm54242U_210819_213017_36113012_ccs.1:27-1064   -            346 83164at6656          -            308   8.7e-10   36.5   0.0   4   4      0.21        22    2.4   0.0   215   261   287   340   266   345 0.65 -
de_novo.Agseq_89346.1:639-1676                           -            346 83164at6656          -            308   8.7e-10   36.5   0.0   1   4    0.0041      0.42    8.0   0.0   214   297     2    93     1   101 0.74 -
de_novo.Agseq_89346.1:639-1676                           -            346 83164at6656          -            308   8.7e-10   36.5   0.0   2   4    0.0043      0.45    7.9   0.0   215   279    91   162    80   178 0.73 -
de_novo.Agseq_89346.1:639-1676                           -            346 83164at6656          -            308   8.7e-10   36.5   0.0   3   4   3.1e-05    0.0032   15.0   0.0   211   288   180   262   167   281 0.78 -
de_novo.Agseq_89346.1:639-1676                           -            346 83164at6656          -            308   8.7e-10   36.5   0.0   4   4      0.21        22    2.4   0.0   215   261   287   340   266   345 0.65 -
de_novo.Agm54242U_210909_035710_162595697_ccs.1:27-1052  -            342 83164at6656          -            308   1.2e-09   36.0   0.0   1   4    0.0042      0.44    7.9   0.0   214   297     2    93     1   100 0.74 -
de_novo.Agm54242U_210909_035710_162595697_ccs.1:27-1052  -            342 83164at6656          -            308   1.2e-09   36.0   0.0   2   4    0.0041      0.43    8.0   0.0   215   279    91   162    79   178 0.73 -
de_novo.Agm54242U_210909_035710_162595697_ccs.1:27-1052  -            342 83164at6656          -            308   1.2e-09   36.0   0.0   3   4   3.3e-05    0.0034   14.9   0.0   211   288   180   262   172   282 0.78 -
de_novo.Agm54242U_210909_035710_162595697_ccs.1:27-1052  -            342 83164at6656          -            308   1.2e-09   36.0   0.0   4   4      0.29        30    1.9   0.0   215   244   287   319   265   342 0.65 -
de_novo.Agm54242U_210909_035710_176556500_ccs.1:36-1064  -            343 83164at6656          -            308     3e-09   34.8   0.0   1   4     0.015       1.6    6.1   0.0   216   297     1    90     1    97 0.73 -
de_novo.Agm54242U_210909_035710_176556500_ccs.1:36-1064  -            343 83164at6656          -            308     3e-09   34.8   0.0   2   4    0.0049      0.51    7.7   0.0   215   279    88   159    79   173 0.73 -
de_novo.Agm54242U_210909_035710_176556500_ccs.1:36-1064  -            343 83164at6656          -            308     3e-09   34.8   0.0   3   4   3.4e-05    0.0035   14.8   0.0   211   288   177   259   168   277 0.78 -
de_novo.Agm54242U_210909_035710_176556500_ccs.1:36-1064  -            343 83164at6656          -            308     3e-09   34.8   0.0   4   4      0.18        19    2.6   0.0   215   261   284   337   259   342 0.65 -
de_novo.Agseq_78484.1:854-1309                           -            152 83164at6656          -            308   5.9e-09   33.8   0.4   1   2   4.1e-06   0.00042   17.9   0.0   212   287     2    81     1    92 0.80 -
de_novo.Agseq_78484.1:854-1309                           -            152 83164at6656          -            308   5.9e-09   33.8   0.4   2   2   3.6e-05    0.0037   14.7   0.1   222   281    93   151    86   152 0.87 -
de_novo.Agm54242Ue_220404_200923_1508595_ccs.1:0-629     -            210 83164at6656          -            308   1.5e-06   25.9   0.6   1   5   7.9e-06   0.00082   16.9   0.0   115   166     9    63     3    67 0.86 -
de_novo.Agm54242Ue_220404_200923_1508595_ccs.1:0-629     -            210 83164at6656          -            308   1.5e-06   25.9   0.6   2   5     6e-05    0.0062   14.0   0.4   142   167    66    91    63    97 0.89 -
de_novo.Agm54242Ue_220404_200923_1508595_ccs.1:0-629     -            210 83164at6656          -            308   1.5e-06   25.9   0.6   3   5      0.54        56    1.0   0.4   144   169    96   121    90   126 0.80 -
de_novo.Agm54242Ue_220404_200923_1508595_ccs.1:0-629     -            210 83164at6656          -            308   1.5e-06   25.9   0.6   4   5      0.35        37    1.6   2.4   146   166   126   146   121   149 0.87 -
de_novo.Agm54242Ue_220404_200923_1508595_ccs.1:0-629     -            210 83164at6656          -            308   1.5e-06   25.9   0.6   5   5     0.063       6.5    4.1   2.2   143   174   147   178   143   193 0.80 -
de_novo.Agm54242U_210909_035710_14419513_ccs.1:183-683   -            167 83164at6656          -            308   3.8e-06   24.6   0.0   1   2    0.0025      0.26    8.7   0.0   221   279     9    71     1    88 0.74 -
de_novo.Agm54242U_210909_035710_14419513_ccs.1:183-683   -            167 83164at6656          -            308   3.8e-06   24.6   0.0   2   2     5e-05    0.0052   14.3   0.0   211   275    89   160    82   166 0.77 -
de_novo.Agm54242Ue_220404_200923_121373740_ccs.1:300-899 -            200 83164at6656          -            308   4.2e-06   24.4   0.0   1   2    0.0016      0.17    9.3   0.0   216   287     8    85     2    89 0.79 -
de_novo.Agm54242Ue_220404_200923_121373740_ccs.1:300-899 -            200 83164at6656          -            308   4.2e-06   24.4   0.0   2   2   4.5e-05    0.0047   14.4   0.0   209   290    85   176    83   196 0.70 -
de_novo.Agm54242Ue_220404_200923_96863001_ccs.1:318-917  -            200 83164at6656          -            308   4.2e-06   24.4   0.0   1   2    0.0016      0.17    9.3   0.0   216   287     8    85     2    89 0.79 -
de_novo.Agm54242Ue_220404_200923_96863001_ccs.1:318-917  -            200 83164at6656          -            308   4.2e-06   24.4   0.0   2   2   4.5e-05    0.0047   14.4   0.0   209   290    85   176    83   196 0.70 -
de_novo.Agm54242Ue_220404_200923_45090018_ccs.1:108-677  -            190 83164at6656          -            308   4.7e-06   24.3   0.0   1   2    0.0015      0.15    9.5   0.0   216   287     8    85     2    89 0.79 -
de_novo.Agm54242Ue_220404_200923_45090018_ccs.1:108-677  -            190 83164at6656          -            308   4.7e-06   24.3   0.0   2   2   3.9e-05    0.0041   14.6   0.0   209   289    85   175    81   188 0.71 -
de_novo.AGAP005505-RA.1:81-617                           -            179 83164at6656          -            308   5.4e-06   24.1   0.1   1   2   1.4e-05    0.0014   16.1   0.0   220   275     8    69     2    95 0.75 -
de_novo.AGAP005505-RA.1:81-617                           -            179 83164at6656          -            308   5.4e-06   24.1   0.1   2   2    0.0091      0.94    6.9   0.0   208   246    91   130    73   160 0.68 -
de_novo.AGAP013044-RA.1:0-887                            -            296 83164at6656          -            308     6e-06   23.9   0.6   1   5   1.4e-05    0.0015   16.1   0.0   115   166     9    63     3    67 0.86 -
de_novo.AGAP013044-RA.1:0-887                            -            296 83164at6656          -            308     6e-06   23.9   0.6   2   5   9.4e-05    0.0097   13.4   0.4   142   167    66    91    63    98 0.89 -
de_novo.AGAP013044-RA.1:0-887                            -            296 83164at6656          -            308     6e-06   23.9   0.6   3   5         1   1.1e+02    0.1   0.8   144   169    96   121    90   128 0.80 -
de_novo.AGAP013044-RA.1:0-887                            -            296 83164at6656          -            308     6e-06   23.9   0.6   4   5      0.46        47    1.3   2.2   145   166   125   146   120   149 0.87 -
de_novo.AGAP013044-RA.1:0-887                            -            296 83164at6656          -            308     6e-06   23.9   0.6   5   5       1.7   1.8e+02   -0.6   6.8   141   174   145   178   135   188 0.79 -
de_novo.Agm54242Ue_220404_200923_175769833_ccs.1:27-284  -             86 83164at6656          -            308   1.7e-05   22.4   0.1   1   1   2.5e-07   2.6e-05   21.8   0.1   220   265    29    79    17    85 0.84 -
de_novo.Agm54242U_210909_035710_19008212_ccs.1:648-1046  -            133 83164at6656          -            308   2.1e-05   22.1   0.0   1   2   5.8e-06    0.0006   17.3   0.0   207   280     6    90     2    97 0.61 -
de_novo.Agm54242U_210909_035710_19008212_ccs.1:648-1046  -            133 83164at6656          -            308   2.1e-05   22.1   0.0   2   2     0.043       4.5    4.6   0.0   213   242    91   123    67   130 0.69 -
de_novo.Agm54242U_210819_213017_31000075_ccs.1:807-1070  -             88 83164at6656          -            308   2.3e-05   22.0   0.0   1   1   2.4e-07   2.5e-05   21.9   0.0   221   287     9    83     1    87 0.71 -
de_novo.Agm54242U_210819_213017_43713667_ccs.1:450-713   -             88 83164at6656          -            308   2.3e-05   22.0   0.0   1   1   2.4e-07   2.5e-05   21.9   0.0   221   287     9    83     1    87 0.71 -
de_novo.AGAP029448-RA.1:48-1028                          -            327 83164at6656          -            308   3.7e-05   21.3   0.0   1   3   3.3e-05    0.0034   14.9   0.0   213   287     7    86     1   103 0.77 -
de_novo.AGAP029448-RA.1:48-1028                          -            327 83164at6656          -            308   3.7e-05   21.3   0.0   2   3      0.71        74    0.6   0.0   248   293   148   195   144   207 0.66 -
de_novo.AGAP029448-RA.1:48-1028                          -            327 83164at6656          -            308   3.7e-05   21.3   0.0   3   3      0.26        27    2.1   0.0   216   279   253   324   227   327 0.66 -
de_novo.Agm54242U_210819_213017_121766557_ccs.1:207-560  -            118 83164at6656          -            308     5e-05   20.9   0.0   1   2   3.6e-06   0.00038   18.0   0.0   217   283     2    75     1    88 0.62 -
de_novo.Agm54242U_210819_213017_121766557_ccs.1:207-560  -            118 83164at6656          -            308     5e-05   20.9   0.0   2   2      0.33        35    1.7   0.0   216   242    81   110    71   117 0.76 -
de_novo.Agm54242U_210819_213017_55182195_ccs.1:183-536   -            118 83164at6656          -            308     5e-05   20.9   0.0   1   2   3.6e-06   0.00038   18.0   0.0   217   283     2    75     1    88 0.62 -
de_novo.Agm54242U_210819_213017_55182195_ccs.1:183-536   -            118 83164at6656          -            308     5e-05   20.9   0.0   2   2      0.33        35    1.7   0.0   216   242    81   110    71   117 0.76 -
de_novo.Agm54242U_210909_035710_101384852_ccs.1:207-560  -            118 83164at6656          -            308     5e-05   20.9   0.0   1   2   3.6e-06   0.00038   18.0   0.0   217   283     2    75     1    88 0.62 -
de_novo.Agm54242U_210909_035710_101384852_ccs.1:207-560  -            118 83164at6656          -            308     5e-05   20.9   0.0   2   2      0.33        35    1.7   0.0   216   242    81   110    71   117 0.76 -
de_novo.Agm54242U_210909_035710_141623973_ccs.1:207-560  -            118 83164at6656          -            308     5e-05   20.9   0.0   1   2   3.6e-06   0.00038   18.0   0.0   217   283     2    75     1    88 0.62 -
de_novo.Agm54242U_210909_035710_141623973_ccs.1:207-560  -            118 83164at6656          -            308     5e-05   20.9   0.0   2   2      0.33        35    1.7   0.0   216   242    81   110    71   117 0.76 -
de_novo.Agm54242U_210909_035710_145883413_ccs.1:207-560  -            118 83164at6656          -            308     5e-05   20.9   0.0   1   2   3.6e-06   0.00038   18.0   0.0   217   283     2    75     1    88 0.62 -
de_novo.Agm54242U_210909_035710_145883413_ccs.1:207-560  -            118 83164at6656          -            308     5e-05   20.9   0.0   2   2      0.33        35    1.7   0.0   216   242    81   110    71   117 0.76 -
de_novo.Agm54242U_210909_035710_26673218_ccs.1:207-560   -            118 83164at6656          -            308     5e-05   20.9   0.0   1   2   3.6e-06   0.00038   18.0   0.0   217   283     2    75     1    88 0.62 -
de_novo.Agm54242U_210909_035710_26673218_ccs.1:207-560   -            118 83164at6656          -            308     5e-05   20.9   0.0   2   2      0.33        35    1.7   0.0   216   242    81   110    71   117 0.76 -
de_novo.Agm54242Ue_220404_200923_110821651_ccs.1:207-560 -            118 83164at6656          -            308     5e-05   20.9   0.0   1   2   3.6e-06   0.00038   18.0   0.0   217   283     2    75     1    88 0.62 -
de_novo.Agm54242Ue_220404_200923_110821651_ccs.1:207-560 -            118 83164at6656          -            308     5e-05   20.9   0.0   2   2      0.33        35    1.7   0.0   216   242    81   110    71   117 0.76 -
de_novo.Agm54242Ue_220404_200923_142082334_ccs.1:207-560 -            118 83164at6656          -            308     5e-05   20.9   0.0   1   2   3.6e-06   0.00038   18.0   0.0   217   283     2    75     1    88 0.62 -
de_novo.Agm54242Ue_220404_200923_142082334_ccs.1:207-560 -            118 83164at6656          -            308     5e-05   20.9   0.0   2   2      0.33        35    1.7   0.0   216   242    81   110    71   117 0.76 -
de_novo.Agm54242Ue_220404_200923_66259127_ccs.1:207-560  -            118 83164at6656          -            308     5e-05   20.9   0.0   1   2   3.6e-06   0.00038   18.0   0.0   217   283     2    75     1    88 0.62 -
de_novo.Agm54242Ue_220404_200923_66259127_ccs.1:207-560  -            118 83164at6656          -            308     5e-05   20.9   0.0   2   2      0.33        35    1.7   0.0   216   242    81   110    71   117 0.76 -
de_novo.AGAP000399-RA.1:312-665                          -            118 83164at6656          -            308   0.00012   19.7   0.0   1   2   3.2e-05    0.0033   14.9   0.0   217   284     2    76     1    86 0.60 -
de_novo.AGAP000399-RA.1:312-665                          -            118 83164at6656          -            308   0.00012   19.7   0.0   2   2     0.023       2.4    5.6   0.1   205   242    69   110    46   117 0.65 -
de_novo.Agm54242U_210819_213017_103809655_ccs.1:267-620  -            118 83164at6656          -            308   0.00012   19.7   0.0   1   2   3.2e-05    0.0033   14.9   0.0   217   284     2    76     1    86 0.60 -
de_novo.Agm54242U_210819_213017_103809655_ccs.1:267-620  -            118 83164at6656          -            308   0.00012   19.7   0.0   2   2     0.023       2.4    5.6   0.1   205   242    69   110    46   117 0.65 -
de_novo.Agm54242U_210819_213017_20711035_ccs.1:150-503   -            118 83164at6656          -            308   0.00012   19.7   0.0   1   2   3.2e-05    0.0033   14.9   0.0   217   284     2    76     1    86 0.60 -
de_novo.Agm54242U_210819_213017_20711035_ccs.1:150-503   -            118 83164at6656          -            308   0.00012   19.7   0.0   2   2     0.023       2.4    5.6   0.1   205   242    69   110    46   117 0.65 -
de_novo.Agm54242U_210819_213017_78643939_ccs.1:312-665   -            118 83164at6656          -            308   0.00012   19.7   0.0   1   2   3.2e-05    0.0033   14.9   0.0   217   284     2    76     1    86 0.60 -
de_novo.Agm54242U_210819_213017_78643939_ccs.1:312-665   -            118 83164at6656          -            308   0.00012   19.7   0.0   2   2     0.023       2.4    5.6   0.1   205   242    69   110    46   117 0.65 -
de_novo.Agm54242U_210909_035710_10813799_ccs.1:312-665   -            118 83164at6656          -            308   0.00012   19.7   0.0   1   2   3.2e-05    0.0033   14.9   0.0   217   284     2    76     1    86 0.60 -
de_novo.Agm54242U_210909_035710_10813799_ccs.1:312-665   -            118 83164at6656          -            308   0.00012   19.7   0.0   2   2     0.023       2.4    5.6   0.1   205   242    69   110    46   117 0.65 -
de_novo.AGAP002547-RA.1:105-332                          -             76 83164at6656          -            308   0.00024   18.6   0.0   1   1   2.5e-06   0.00026   18.6   0.0   214   263     3    61     1    74 0.81 -
de_novo.Agseq_92413.1:60-1764                            -            402 83164at6656          -            308   0.00027   18.5   0.0   1   2   0.00015     0.016   12.7   0.0   191   279    61   158    42   176 0.70 -
de_novo.Agseq_92413.1:60-1764                            -            402 83164at6656          -            308   0.00027   18.5   0.0   2   2     0.079       8.2    3.8   0.0   207   263   175   240   160   257 0.69 -
de_novo.Agseq_104973.1:577-834                           -             86 83164at6656          -            308    0.0011   16.5   0.0   1   1   1.1e-05    0.0012   16.4   0.0   222   286    15    84     2    86 0.77 -
de_novo.Agm54242U_210909_035710_527021_ccs.1:0-488       -            163 83164at6656          -            308    0.0013   16.3   0.0   1   2      0.41        43    1.4   0.0   249   279     8    37     3    53 0.77 -
de_novo.Agm54242U_210909_035710_527021_ccs.1:0-488       -            163 83164at6656          -            308    0.0013   16.3   0.0   2   2   0.00014     0.014   12.8   0.0   222   286    77   150    51   158 0.76 -
de_novo.Agm54242U_210819_213017_46203218_ccs.1:18-1940   -            641 83164at6656          -            308     0.002   15.7   0.0   1   2      0.03       3.1    5.2   0.0   202   263   292   362   276   388 0.70 -
de_novo.Agm54242U_210819_213017_46203218_ccs.1:18-1940   -            641 83164at6656          -            308     0.002   15.7   0.0   2   2    0.0035      0.36    8.2   0.0   219   280   394   456   379   470 0.73 -
de_novo.Agm54242Ue_220404_200923_145426414_ccs.1:18-2285 -            756 83164at6656          -            308    0.0031   15.0   0.0   1   2     0.042       4.3    4.7   0.0   202   262   258   327   243   351 0.70 -
de_novo.Agm54242Ue_220404_200923_145426414_ccs.1:18-2285 -            756 83164at6656          -            308    0.0031   15.0   0.0   2   2    0.0041      0.42    8.0   0.0   219   280   360   422   341   436 0.73 -
de_novo.AGAP006365-RA.1:210-467                          -             86 83164at6656          -            308    0.0032   15.0   0.0   1   1   3.6e-05    0.0038   14.7   0.0   219   285     9    80     2    85 0.72 -
de_novo.Agseq_92415.1:33-1478                            -            482 83164at6656          -            308    0.0035   14.8   0.0   1   2    0.0019       0.2    9.1   0.0   217   279     2    72     1    91 0.74 -
de_novo.Agseq_92415.1:33-1478                            -            482 83164at6656          -            308    0.0035   14.8   0.0   2   2      0.08       8.3    3.8   0.0   207   264    89   155    74   174 0.68 -
de_novo.Agseq_57657.1:0-473                              -            158 83164at6656          -            308    0.0036   14.8  28.0   1   5   0.00098       0.1   10.0   0.3   146   166     6    29     2    33 0.73 -
de_novo.Agseq_57657.1:0-473                              -            158 83164at6656          -            308    0.0036   14.8  28.0   2   5   3.9e-05     0.004   14.6   0.4   142   167    32    57    29    63 0.89 -
de_novo.Agseq_57657.1:0-473                              -            158 83164at6656          -            308    0.0036   14.8  28.0   3   5      0.37        38    1.6   0.4   144   169    62    87    56    92 0.80 -
de_novo.Agseq_57657.1:0-473                              -            158 83164at6656          -            308    0.0036   14.8  28.0   4   5      0.24        25    2.2   2.5   145   166    91   112    87   115 0.87 -
de_novo.Agseq_57657.1:0-473                              -            158 83164at6656          -            308    0.0036   14.8  28.0   5   5     0.037       3.9    4.8   1.7   143   174   113   144   110   153 0.79 -
de_novo.Agm54242Ue_220404_200923_173082832_ccs.1:126-338 -             71 83164at6656          -            308    0.0039   14.7   0.0   1   1   3.8e-05    0.0039   14.7   0.0   219   275     7    67     1    71 0.77 -
de_novo.Agm54242U_210909_035710_133957532_ccs.1:0-968    -            323 83164at6656          -            308     0.011   13.2   0.4   1   5    0.0017      0.17    9.3   0.2   144   166    65    90    50    93 0.77 -
de_novo.Agm54242U_210909_035710_133957532_ccs.1:0-968    -            323 83164at6656          -            308     0.011   13.2   0.4   2   5    0.0001     0.011   13.2   0.4   142   167    93   118    90   125 0.89 -
de_novo.Agm54242U_210909_035710_133957532_ccs.1:0-968    -            323 83164at6656          -            308     0.011   13.2   0.4   3   5       1.1   1.2e+02    0.0   0.6   145   169   124   148   117   154 0.80 -
de_novo.Agm54242U_210909_035710_133957532_ccs.1:0-968    -            323 83164at6656          -            308     0.011   13.2   0.4   4   5      0.43        45    1.3   2.0   146   166   153   173   148   177 0.87 -
de_novo.Agm54242U_210909_035710_133957532_ccs.1:0-968    -            323 83164at6656          -            308     0.011   13.2   0.4   5   5     0.095       9.9    3.5   1.6   143   174   174   205   171   215 0.79 -
de_novo.Agm54242Ue_220404_200923_74189422_ccs.1:330-731  -            134 83164at6656          -            308     0.022   12.2   0.1   1   2     0.014       1.4    6.3   0.0   215   243     1    32     1    59 0.84 -
de_novo.Agm54242Ue_220404_200923_74189422_ccs.1:330-731  -            134 83164at6656          -            308     0.022   12.2   0.1   2   2     0.056       5.8    4.3   0.0   211   251    91   134    72   134 0.73 -
de_novo.AGAP003173-RA.1:330-731                          -            134 83164at6656          -            308     0.023   12.2   0.1   1   2     0.015       1.5    6.2   0.0   215   243     1    32     1    54 0.84 -
de_novo.AGAP003173-RA.1:330-731                          -            134 83164at6656          -            308     0.023   12.2   0.1   2   2     0.058         6    4.2   0.0   211   251    91   134    73   134 0.73 -
de_novo.AGAP001930-RA.1:21-494                           -            158 83164at6656          -            308     0.028   11.9   0.0   1   2     0.013       1.3    6.4   0.0   209   266     6    72     2   106 0.70 -
de_novo.AGAP001930-RA.1:21-494                           -            158 83164at6656          -            308     0.028   11.9   0.0   2   2     0.053       5.6    4.3   0.0   222   247   112   137    89   158 0.73 -
de_novo.Agm54242U_210819_213017_137758009_ccs.1:21-494   -            158 83164at6656          -            308     0.028   11.9   0.0   1   2     0.013       1.3    6.4   0.0   209   266     6    72     2   106 0.70 -
de_novo.Agm54242U_210819_213017_137758009_ccs.1:21-494   -            158 83164at6656          -            308     0.028   11.9   0.0   2   2     0.053       5.6    4.3   0.0   222   247   112   137    89   158 0.73 -
de_novo.Agm54242U_210819_213017_140773156_ccs.1:21-494   -            158 83164at6656          -            308     0.028   11.9   0.0   1   2     0.013       1.3    6.4   0.0   209   266     6    72     2   106 0.70 -
de_novo.Agm54242U_210819_213017_140773156_ccs.1:21-494   -            158 83164at6656          -            308     0.028   11.9   0.0   2   2     0.053       5.6    4.3   0.0   222   247   112   137    89   158 0.73 -
de_novo.Agm54242U_210909_035710_89719460_ccs.1:21-494    -            158 83164at6656          -            308     0.028   11.9   0.0   1   2     0.013       1.3    6.4   0.0   209   266     6    72     2   106 0.70 -
de_novo.Agm54242U_210909_035710_89719460_ccs.1:21-494    -            158 83164at6656          -            308     0.028   11.9   0.0   2   2     0.053       5.6    4.3   0.0   222   247   112   137    89   158 0.73 -
de_novo.Agm54242Ue_220404_200923_128319679_ccs.1:21-494  -            158 83164at6656          -            308     0.028   11.9   0.0   1   2     0.013       1.3    6.4   0.0   209   266     6    72     2   106 0.70 -
de_novo.Agm54242Ue_220404_200923_128319679_ccs.1:21-494  -            158 83164at6656          -            308     0.028   11.9   0.0   2   2     0.053       5.6    4.3   0.0   222   247   112   137    89   158 0.73 -
de_novo.Agm54242Ue_220404_200923_178258037_ccs.1:186-404 -             73 83164at6656          -            308     0.031   11.7   0.0   1   1    0.0003     0.031   11.7   0.0   220   275     8    68     1    73 0.70 -
#
# Program:         hmmsearch
# Version:         3.1b2 (February 2015)
# Pipeline mode:   SEARCH
# Query file:      /hpcdata/bcbb/homc/Barillaslab/Agam_hemo_transcriptomes/scripts/compare_txomes/busco/busco_downloads/lineages/arthropoda_odb10/hmms/83164at6656.hmm
# Target file:     /hpcdata/bcbb/homc/Barillaslab/Agam_hemo_transcriptomes/scripts/compare_txomes/busco/denovo_Agamhemo_BUSCO/run_arthropoda_odb10/metaeuk_output/initial_results/de_novo_transcriptome_with_genome_hits_and_expression_filtering.gffread.fa.modified.fas
# Option settings: hmmsearch --domtblout /hpcdata/bcbb/homc/Barillaslab/Agam_hemo_transcriptomes/scripts/compare_txomes/busco/denovo_Agamhemo_BUSCO/run_arthropoda_odb10/hmmer_output/initial_run_results/83164at6656.out --cpu 1 /hpcdata/bcbb/homc/Barillaslab/Agam_hemo_transcriptomes/scripts/compare_txomes/busco/busco_downloads/lineages/arthropoda_odb10/hmms/83164at6656.hmm /hpcdata/bcbb/homc/Barillaslab/Agam_hemo_transcriptomes/scripts/compare_txomes/busco/denovo_Agamhemo_BUSCO/run_arthropoda_odb10/metaeuk_output/initial_results/de_novo_transcriptome_with_genome_hits_and_expression_filtering.gffread.fa.modified.fas 
# Current dir:     /hpcdata/bcbb/homc/Barillaslab/Agam_hemo_transcriptomes/scripts/compare_txomes/busco
# Date:            Sun Jan 29 13:00:34 2023
# [ok]
