#                                                                                                                  --- full sequence --- -------------- this domain -------------   hmm coord   ali coord   env coord
# target name                                              accession   tlen query name           accession   qlen   E-value  score  bias   #  of  c-Evalue  i-Evalue  score  bias  from    to  from    to  from    to  acc description of target
#                                      ------------------- ---------- ----- -------------------- ---------- ----- --------- ------ ----- --- --- --------- --------- ------ ----- ----- ----- ----- ----- ----- ----- ---- ---------------------
de_novo.Agm54242Ue_220404_200923_178061399_ccs.1:0-1121    -            374 83303at6656          -            284  7.5e-135  447.0   9.5   1   1  1.9e-135  1.2e-133  443.0   9.5     1   284    13   362    13   362 0.85 -
de_novo.Agm54242Ue_220404_200923_7014000_ccs.1:0-1094      -            365 83303at6656          -            284  1.3e-122  406.8  11.3   1   1  3.7e-123  2.3e-121  402.7  11.3     1   284    13   353    13   353 0.85 -
de_novo.Agm54242Ue_220404_200923_173147837_ccs.1:2-634     -            211 83303at6656          -            284   4.5e-96  319.7   2.7   1   1   1.3e-97   7.9e-96  318.9   2.7    51   231     1   206     1   210 0.89 -
de_novo.Agm54242Ue_220404_200923_71107238_ccs.1:110-850    -            247 83303at6656          -            284   2.1e-71  238.8   3.8   1   1   8.3e-72   5.2e-70  234.2   3.8   104   284     1   235     1   235 0.81 -
de_novo.Agm54242U_210909_035710_150865784_ccs.1:129-614    -            162 83303at6656          -            284   2.5e-31  107.3   1.5   1   1   1.1e-31   6.7e-30  102.6   1.5   175   284     2   150     1   150 0.76 -
de_novo.AGAP000444-RA.1:0-1022                             -            341 83303at6656          -            284   4.9e-14   50.5  13.3   1   4   4.4e-05    0.0027   15.3   0.9    24   102     5    86     2    92 0.85 -
de_novo.AGAP000444-RA.1:0-1022                             -            341 83303at6656          -            284   4.9e-14   50.5  13.3   2   4   1.6e-08   9.8e-07   26.6   1.1    18   100    89   177    76   180 0.83 -
de_novo.AGAP000444-RA.1:0-1022                             -            341 83303at6656          -            284   4.9e-14   50.5  13.3   3   4   1.7e-06    0.0001   19.9   0.1   124   197   155   226   138   233 0.84 -
de_novo.AGAP000444-RA.1:0-1022                             -            341 83303at6656          -            284   4.9e-14   50.5  13.3   4   4      0.49        31    2.0   0.1    32    61   256   285   244   322 0.66 -
de_novo.AGAP007739-RA.1:441-1478                           -            346 83303at6656          -            284   6.2e-12   43.6   8.8   1   3     0.034       2.1    5.8   0.0    29    74     8    54     5    65 0.79 -
de_novo.AGAP007739-RA.1:441-1478                           -            346 83303at6656          -            284   6.2e-12   43.6   8.8   2   3   6.7e-05    0.0042   14.7   0.2    28   104   103   177    99   183 0.82 -
de_novo.AGAP007739-RA.1:441-1478                           -            346 83303at6656          -            284   6.2e-12   43.6   8.8   3   3   1.1e-06     7e-05   20.5   1.2    27   185   185   340   180   346 0.81 -
de_novo.Agseq_132797.1:519-1556                            -            346 83303at6656          -            284   6.2e-12   43.6   8.8   1   3     0.034       2.1    5.8   0.0    29    74     8    54     5    65 0.79 -
de_novo.Agseq_132797.1:519-1556                            -            346 83303at6656          -            284   6.2e-12   43.6   8.8   2   3   6.7e-05    0.0042   14.7   0.2    28   104   103   177    99   183 0.82 -
de_novo.Agseq_132797.1:519-1556                            -            346 83303at6656          -            284   6.2e-12   43.6   8.8   3   3   1.1e-06     7e-05   20.5   1.2    27   185   185   340   180   346 0.81 -
de_novo.Agm54242U_210909_035710_137234720_ccs.1:642-1295   -            218 83303at6656          -            284   7.3e-12   43.4   1.8   1   2   0.00011    0.0071   13.9   0.0    27    97     5    74     1    85 0.83 -
de_novo.Agm54242U_210909_035710_137234720_ccs.1:642-1295   -            218 83303at6656          -            284   7.3e-12   43.4   1.8   2   2   5.3e-09   3.3e-07   28.1   0.8    27   148    91   211    85   214 0.89 -
de_novo.Agm54242Ue_220404_200923_117507367_ccs.1:248-1006  -            253 83303at6656          -            284     3e-11   41.4   6.0   1   2   1.6e-08     1e-06   26.6   0.4    26   100     9    89     2    95 0.86 -
de_novo.Agm54242Ue_220404_200923_117507367_ccs.1:248-1006  -            253 83303at6656          -            284     3e-11   41.4   6.0   2   2   7.6e-07   4.8e-05   21.1   1.3   124   200    67   141    50   227 0.78 -
de_novo.Agm54242U_210819_213017_150407428_ccs.1:0-872      -            291 83303at6656          -            284   3.2e-11   41.3  12.5   1   2   2.8e-08   1.7e-06   25.8   2.7    24   133    48   163    15   167 0.80 -
de_novo.Agm54242U_210819_213017_150407428_ccs.1:0-872      -            291 83303at6656          -            284   3.2e-11   41.3  12.5   2   2   1.4e-06   8.6e-05   20.2   2.2    27   101   207   286   193   289 0.87 -
de_novo.Agm54242U_210909_035710_79300589_ccs.1:0-872       -            291 83303at6656          -            284   3.2e-11   41.3  12.5   1   2   2.8e-08   1.7e-06   25.8   2.7    24   133    48   163    15   167 0.80 -
de_novo.Agm54242U_210909_035710_79300589_ccs.1:0-872       -            291 83303at6656          -            284   3.2e-11   41.3  12.5   2   2   1.4e-06   8.6e-05   20.2   2.2    27   101   207   286   193   289 0.87 -
de_novo.Agm54242U_210909_035710_24772883_ccs.1:45-947      -            301 83303at6656          -            284   3.4e-08   31.4   0.0   1   3   9.1e-06   0.00056   17.5   0.2    27   105    34   111    23   124 0.90 -
de_novo.Agm54242U_210909_035710_24772883_ccs.1:45-947      -            301 83303at6656          -            284   3.4e-08   31.4   0.0   2   3       2.7   1.7e+02   -0.4   0.0    44    64   138   158   111   165 0.68 -
de_novo.Agm54242U_210909_035710_24772883_ccs.1:45-947      -            301 83303at6656          -            284   3.4e-08   31.4   0.0   3   3    0.0017      0.11   10.1   0.0    29   144   165   278   160   283 0.82 -
de_novo.Agm54242Ue_220404_200923_140773074_ccs.1:376-936   -            187 83303at6656          -            284     4e-08   31.1   0.0   1   1   1.6e-09     1e-07   29.8   0.0    24   150    21   147    11   181 0.86 -
de_novo.Agm54242Ue_220404_200923_4983077_ccs.1:234-1106    -            291 83303at6656          -            284     6e-08   30.6   3.5   1   3     0.012      0.76    7.3   0.8    30   148     2   121     1   127 0.71 -
de_novo.Agm54242Ue_220404_200923_4983077_ccs.1:234-1106    -            291 83303at6656          -            284     6e-08   30.6   3.5   2   3   0.00013    0.0084   13.7   0.0    28   108   131   210   122   252 0.84 -
de_novo.Agm54242Ue_220404_200923_4983077_ccs.1:234-1106    -            291 83303at6656          -            284     6e-08   30.6   3.5   3   3    0.0067      0.42    8.1   0.1    28    60   259   291   225   291 0.78 -
de_novo.Agm54242Ue_220404_200923_28050811_ccs.1:0-1832     -            611 83303at6656          -            284   1.5e-07   29.3   1.1   1   3         1        63    1.0   0.0   123   151   283   312   276   329 0.73 -
de_novo.Agm54242Ue_220404_200923_28050811_ccs.1:0-1832     -            611 83303at6656          -            284   1.5e-07   29.3   1.1   2   3      0.37        23    2.4   0.0    22    86   344   407   324   410 0.76 -
de_novo.Agm54242Ue_220404_200923_28050811_ccs.1:0-1832     -            611 83303at6656          -            284   1.5e-07   29.3   1.1   3   3   5.8e-08   3.6e-06   24.7   0.4    29   199   393   552   357   557 0.83 -
de_novo.AGAP007544-RA.1:171-770                            -            200 83303at6656          -            284   1.5e-07   29.3   0.4   1   2    0.0082      0.51    7.8   0.0    72   102     9    39     2    49 0.79 -
de_novo.AGAP007544-RA.1:171-770                            -            200 83303at6656          -            284   1.5e-07   29.3   0.4   2   2   4.9e-06   0.00031   18.4   0.2    26   102    66   141    42   149 0.84 -
de_novo.Agseq_64433.1:0-1952                               -            651 83303at6656          -            284   1.8e-07   29.0   1.1   1   3       1.1        67    0.9   0.0   123   152   323   353   318   373 0.74 -
de_novo.Agseq_64433.1:0-1952                               -            651 83303at6656          -            284   1.8e-07   29.0   1.1   2   3       0.4        25    2.3   0.0    22    86   384   447   364   450 0.76 -
de_novo.Agseq_64433.1:0-1952                               -            651 83303at6656          -            284   1.8e-07   29.0   1.1   3   3   6.5e-08     4e-06   24.6   0.4    29   199   433   592   397   597 0.83 -
de_novo.Agm54242Ue_220404_200923_111608249_ccs.1:2170-2514 -            115 83303at6656          -            284   2.8e-07   28.4   0.1   1   2   6.9e-06   0.00043   17.9   0.0   125   205     2    76     1    80 0.85 -
de_novo.Agm54242Ue_220404_200923_111608249_ccs.1:2170-2514 -            115 83303at6656          -            284   2.8e-07   28.4   0.1   2   2    0.0025      0.15    9.5   0.4    28    62    78   112    71   115 0.89 -
de_novo.Agm54242Ue_220404_200923_86313246_ccs.1:2077-2421  -            115 83303at6656          -            284   2.8e-07   28.4   0.1   1   2   6.9e-06   0.00043   17.9   0.0   125   205     2    76     1    80 0.85 -
de_novo.Agm54242Ue_220404_200923_86313246_ccs.1:2077-2421  -            115 83303at6656          -            284   2.8e-07   28.4   0.1   2   2    0.0025      0.15    9.5   0.4    28    62    78   112    71   115 0.89 -
de_novo.Agm54242U_210819_213017_47842287_ccs.1:702-1421    -            240 83303at6656          -            284   3.6e-07   28.0   1.1   1   3      0.38        24    2.4   0.1    80   103     2    25     1    65 0.56 -
de_novo.Agm54242U_210819_213017_47842287_ccs.1:702-1421    -            240 83303at6656          -            284   3.6e-07   28.0   1.1   2   3   2.3e-06   0.00014   19.5   0.0    27    97    76   146    70   157 0.85 -
de_novo.Agm54242U_210819_213017_47842287_ccs.1:702-1421    -            240 83303at6656          -            284   3.6e-07   28.0   1.1   3   3      0.18        11    3.4   0.0    26    60   205   239   169   240 0.74 -
de_novo.AGAP009506-RA.1:0-1049                             -            350 83303at6656          -            284   4.8e-07   27.6   0.2   1   3     0.012      0.77    7.3   0.0    27    61    95   129    79   140 0.84 -
de_novo.AGAP009506-RA.1:0-1049                             -            350 83303at6656          -            284   4.8e-07   27.6   0.2   2   3      0.51        32    2.0   0.0    33    64   185   216   155   240 0.71 -
de_novo.AGAP009506-RA.1:0-1049                             -            350 83303at6656          -            284   4.8e-07   27.6   0.2   3   3   0.00053     0.033   11.7   0.0    24   142   218   340   187   343 0.64 -
de_novo.Agseq_193310.1:0-1511                              -            504 83303at6656          -            284   6.4e-07   27.2   0.1   1   2   6.8e-08   4.2e-06   24.5   0.1    14   203   245   424   231   432 0.83 -
de_novo.Agseq_193310.1:0-1511                              -            504 83303at6656          -            284   6.4e-07   27.2   0.1   2   2         6   3.7e+02   -1.6   0.0    16    56   460   497   446   501 0.75 -
de_novo.Agm54242U_210819_213017_12322430_ccs.1:1-642       -            214 83303at6656          -            284   1.7e-06   25.8  12.5   1   3    0.0026      0.16    9.5   1.1    66   133     9    78     1    82 0.81 -
de_novo.Agm54242U_210819_213017_12322430_ccs.1:1-642       -            214 83303at6656          -            284   1.7e-06   25.8  12.5   2   3       8.3   5.2e+02   -2.0   0.0    46    67    97   119    93   122 0.78 -
de_novo.Agm54242U_210819_213017_12322430_ccs.1:1-642       -            214 83303at6656          -            284   1.7e-06   25.8  12.5   3   3     4e-07   2.5e-05   22.0   3.3    27   111   122   211   115   214 0.84 -
de_novo.Agm54242U_210909_035710_153094938_ccs.1:150-686    -            179 83303at6656          -            284   2.4e-06   25.3   0.5   1   3   1.2e-05   0.00075   17.1   0.6    30   106     2    77     1   119 0.87 -
de_novo.Agm54242U_210909_035710_153094938_ccs.1:150-686    -            179 83303at6656          -            284   2.4e-06   25.3   0.5   2   3       1.1        66    0.9   0.0    24    64    84   123    75   131 0.68 -
de_novo.Agm54242U_210909_035710_153094938_ccs.1:150-686    -            179 83303at6656          -            284   2.4e-06   25.3   0.5   3   3     0.052       3.2    5.2   0.0    28    62   129   163   109   173 0.86 -
de_novo.Agseq_184941.1:4-672                               -            223 83303at6656          -            284   2.6e-06   25.2   0.3   1   2      0.26        16    2.9   0.0    22    71    38    86    19    88 0.77 -
de_novo.Agseq_184941.1:4-672                               -            223 83303at6656          -            284   2.6e-06   25.2   0.3   2   2   1.2e-06   7.6e-05   20.4   0.2    30   148    88   202    82   214 0.83 -
de_novo.Agm54242U_210819_213017_104008273_ccs.1:0-2801     -            934 83303at6656          -            284   3.5e-06   24.8   0.7   1   2   5.1e-07   3.2e-05   21.6   0.6    29   204    15   179    10   185 0.85 -
de_novo.Agm54242U_210819_213017_104008273_ccs.1:0-2801     -            934 83303at6656          -            284   3.5e-06   24.8   0.7   2   2       1.7     1e+02    0.3   0.0   125   147   190   213   184   221 0.71 -
de_novo.Agseq_176116.1:99-713                              -            205 83303at6656          -            284   4.6e-06   24.4   0.8   1   2    0.0052      0.32    8.5   0.8    30   148     2   121     1   129 0.73 -
de_novo.Agseq_176116.1:99-713                              -            205 83303at6656          -            284   4.6e-06   24.4   0.8   2   2   0.00023     0.014   12.9   0.0    28    98   131   200   120   204 0.83 -
de_novo.Agseq_100236.1:120-953                             -            278 83303at6656          -            284     1e-05   23.3   2.6   1   4       4.6   2.9e+02   -1.2   0.0   252   271   110   130    78   150 0.56 -
de_novo.Agseq_100236.1:120-953                             -            278 83303at6656          -            284     1e-05   23.3   2.6   2   4     0.084       5.2    4.5   0.0    29    62   159   192   152   199 0.84 -
de_novo.Agseq_100236.1:120-953                             -            278 83303at6656          -            284     1e-05   23.3   2.6   3   4     0.053       3.3    5.2   0.1    39    69   211   241   194   244 0.76 -
de_novo.Agseq_100236.1:120-953                             -            278 83303at6656          -            284     1e-05   23.3   2.6   4   4   0.00058     0.036   11.6   0.1    27    62   242   277   237   278 0.93 -
de_novo.AGAP005320-RA.1:0-1379                             -            460 83303at6656          -            284   1.1e-05   23.2   0.4   1   2   0.00019     0.012   13.2   0.0    27    64   230   267   197   270 0.87 -
de_novo.AGAP005320-RA.1:0-1379                             -            460 83303at6656          -            284   1.1e-05   23.2   0.4   2   2     0.026       1.6    6.2   0.0    27   183   272   426   265   438 0.56 -
de_novo.Agm54242Ue_220404_200923_125830808_ccs.1:45-1046   -            334 83303at6656          -            284   1.2e-05   23.1   7.3   1   3      0.32        20    2.6   0.0    78   102    57    81    36    85 0.76 -
de_novo.Agm54242Ue_220404_200923_125830808_ccs.1:45-1046   -            334 83303at6656          -            284   1.2e-05   23.1   7.3   2   3     1e-05   0.00063   17.4   1.5    27   122   111   203   102   226 0.83 -
de_novo.Agm54242Ue_220404_200923_125830808_ccs.1:45-1046   -            334 83303at6656          -            284   1.2e-05   23.1   7.3   3   3     0.063         4    4.9   0.1    39   100   214   278   206   284 0.69 -
de_novo.Agseq_125435.1:198-1007                            -            270 83303at6656          -            284   1.6e-05   22.6   6.1   1   5     0.026       1.6    6.2   0.1    23    64    22    63     2   111 0.69 -
de_novo.Agseq_125435.1:198-1007                            -            270 83303at6656          -            284   1.6e-05   22.6   6.1   2   5     0.086       5.4    4.5   0.0   167   208   114   155    84   163 0.77 -
de_novo.Agseq_125435.1:198-1007                            -            270 83303at6656          -            284   1.6e-05   22.6   6.1   3   5      0.86        53    1.2   0.0    24    55   150   181   145   192 0.86 -
de_novo.Agseq_125435.1:198-1007                            -            270 83303at6656          -            284   1.6e-05   22.6   6.1   4   5    0.0027      0.17    9.4   1.7   168   208   199   240   162   249 0.80 -
de_novo.Agseq_125435.1:198-1007                            -            270 83303at6656          -            284   1.6e-05   22.6   6.1   5   5      0.33        21    2.6   0.1    22    55   232   265   227   270 0.79 -
de_novo.AGAP002776-RA.1:480-1025                           -            182 83303at6656          -            284   1.7e-05   22.6   0.7   1   2    0.0043      0.27    8.7   0.0   125   163    11    50     7    56 0.80 -
de_novo.AGAP002776-RA.1:480-1025                           -            182 83303at6656          -            284   1.7e-05   22.6   0.7   2   2   0.00048      0.03   11.9   0.3    80   202    56   173    52   179 0.84 -
de_novo.Agm54242U_210909_035710_29098324_ccs.1:144-863     -            240 83303at6656          -            284   2.9e-05   21.7   1.5   1   2   5.4e-06   0.00034   18.3   0.3    28   107     2    80     1   153 0.78 -
de_novo.Agm54242U_210909_035710_29098324_ccs.1:144-863     -            240 83303at6656          -            284   2.9e-05   21.7   1.5   2   2      0.32        20    2.6   0.0    87    87   147   147    78   239 0.65 -
de_novo.Agm54242U_210909_035710_121176390_ccs.1:1630-1971  -            114 83303at6656          -            284   3.6e-05   21.5   0.1   1   2      0.01      0.62    7.6   0.0    32    63     2    33     1    36 0.94 -
de_novo.Agm54242U_210909_035710_121176390_ccs.1:1630-1971  -            114 83303at6656          -            284   3.6e-05   21.5   0.1   2   2   0.00071     0.044   11.3   0.0    26    64    38    76    34   107 0.86 -
de_novo.Agm54242U_210909_035710_12255232_ccs.1:9-929       -            307 83303at6656          -            284   4.5e-05   21.1   2.9   1   3   0.00012    0.0077   13.8   0.1   122   148    13    39     6    85 0.89 -
de_novo.Agm54242U_210909_035710_12255232_ccs.1:9-929       -            307 83303at6656          -            284   4.5e-05   21.1   2.9   2   3       1.2        74    0.7   0.2   164   196    95   128    62   145 0.69 -
de_novo.Agm54242U_210909_035710_12255232_ccs.1:9-929       -            307 83303at6656          -            284   4.5e-05   21.1   2.9   3   3      0.12       7.3    4.0   0.0    23    60   270   307   258   307 0.86 -
de_novo.Agseq_91491.1:9-929                                -            307 83303at6656          -            284   4.5e-05   21.1   2.9   1   3   0.00012    0.0077   13.8   0.1   122   148    13    39     6    85 0.89 -
de_novo.Agseq_91491.1:9-929                                -            307 83303at6656          -            284   4.5e-05   21.1   2.9   2   3       1.2        74    0.7   0.2   164   196    95   128    62   145 0.69 -
de_novo.Agseq_91491.1:9-929                                -            307 83303at6656          -            284   4.5e-05   21.1   2.9   3   3      0.12       7.3    4.0   0.0    23    60   270   307   258   307 0.86 -
de_novo.Agm54242U_210819_213017_89785227_ccs.1:848-1654    -            269 83303at6656          -            284   8.4e-05   20.3   1.8   1   4     0.008       0.5    7.9   0.5   125   199     5    75     1   156 0.71 -
de_novo.Agm54242U_210819_213017_89785227_ccs.1:848-1654    -            269 83303at6656          -            284   8.4e-05   20.3   1.8   2   4       3.9   2.5e+02   -1.0   0.0    85   123   120   153   108   176 0.70 -
de_novo.Agm54242U_210819_213017_89785227_ccs.1:848-1654    -            269 83303at6656          -            284   8.4e-05   20.3   1.8   3   4         3   1.9e+02   -0.6   0.0   171   204   170   203   161   220 0.81 -
de_novo.Agm54242U_210819_213017_89785227_ccs.1:848-1654    -            269 83303at6656          -            284   8.4e-05   20.3   1.8   4   4    0.0027      0.17    9.4   0.0    38    86   220   269   198   269 0.70 -
de_novo.Agm54242Ue_220404_200923_50529116_ccs.1:195-929    -            245 83303at6656          -            284   8.7e-05   20.2   6.3   1   4      0.39        24    2.3   0.0    79   102     8    31     3    35 0.85 -
de_novo.Agm54242Ue_220404_200923_50529116_ccs.1:195-929    -            245 83303at6656          -            284   8.7e-05   20.2   6.3   2   4   6.4e-06    0.0004   18.0   1.9    27   122    61   153    52   177 0.83 -
de_novo.Agm54242Ue_220404_200923_50529116_ccs.1:195-929    -            245 83303at6656          -            284   8.7e-05   20.2   6.3   3   4     0.017         1    6.8   0.2    24    66   101   142    96   217 0.87 -
de_novo.Agm54242Ue_220404_200923_50529116_ccs.1:195-929    -            245 83303at6656          -            284   8.7e-05   20.2   6.3   4   4       2.3   1.4e+02   -0.2   0.0    64    88   192   216   156   238 0.61 -
de_novo.AGAP002030-RA.1:540-1598                           -            353 83303at6656          -            284   8.8e-05   20.2   5.3   1   4      0.44        27    2.2   0.0   129   148   151   171   133   177 0.74 -
de_novo.AGAP002030-RA.1:540-1598                           -            353 83303at6656          -            284   8.8e-05   20.2   5.3   2   4    0.0011     0.069   10.7   0.0    30    71   185   227   179   244 0.80 -
de_novo.AGAP002030-RA.1:540-1598                           -            353 83303at6656          -            284   8.8e-05   20.2   5.3   3   4     0.093       5.8    4.4   1.7    33    63   246   276   240   291 0.66 -
de_novo.AGAP002030-RA.1:540-1598                           -            353 83303at6656          -            284   8.8e-05   20.2   5.3   4   4       1.7     1e+02    0.2   0.0   270   284   304   318   279   318 0.75 -
de_novo.Agseq_11650.1:408-1466                             -            353 83303at6656          -            284   8.8e-05   20.2   5.3   1   4      0.44        27    2.2   0.0   129   148   151   171   133   177 0.74 -
de_novo.Agseq_11650.1:408-1466                             -            353 83303at6656          -            284   8.8e-05   20.2   5.3   2   4    0.0011     0.069   10.7   0.0    30    71   185   227   179   244 0.80 -
de_novo.Agseq_11650.1:408-1466                             -            353 83303at6656          -            284   8.8e-05   20.2   5.3   3   4     0.093       5.8    4.4   1.7    33    63   246   276   240   291 0.66 -
de_novo.Agseq_11650.1:408-1466                             -            353 83303at6656          -            284   8.8e-05   20.2   5.3   4   4       1.7     1e+02    0.2   0.0   270   284   304   318   279   318 0.75 -
de_novo.Agseq_153464.1:27-740                              -            238 83303at6656          -            284   0.00011   19.9   1.4   1   2    0.0001    0.0065   14.1   0.1    22    63    20    61    12    68 0.89 -
de_novo.Agseq_153464.1:27-740                              -            238 83303at6656          -            284   0.00011   19.9   1.4   2   2     0.082       5.1    4.5   0.1    46   128    84   167    71   231 0.69 -
de_novo.Agm54242U_210819_213017_111215186_ccs.1:0-986      -            329 83303at6656          -            284   0.00011   19.9   0.1   1   2      0.43        27    2.2   0.0    49   104    34    87    13   105 0.58 -
de_novo.Agm54242U_210819_213017_111215186_ccs.1:0-986      -            329 83303at6656          -            284   0.00011   19.9   0.1   2   2   5.4e-05    0.0033   15.0   0.0    81   203   139   258    62   265 0.71 -
de_novo.Agm54242U_210909_035710_12322264_ccs.1:388-1386    -            333 83303at6656          -            284   0.00012   19.8   0.1   1   2      0.44        28    2.2   0.0    49   104    38    91    17   109 0.58 -
de_novo.Agm54242U_210909_035710_12322264_ccs.1:388-1386    -            333 83303at6656          -            284   0.00012   19.8   0.1   2   2   5.5e-05    0.0034   15.0   0.0    81   203   143   262    66   269 0.71 -
de_novo.Agseq_54708.1:0-1103                               -            368 83303at6656          -            284   0.00017   19.2   0.1   1   2       0.5        31    2.0   0.0    49   104    73   126    52   148 0.60 -
de_novo.Agseq_54708.1:0-1103                               -            368 83303at6656          -            284   0.00017   19.2   0.1   2   2   9.6e-05     0.006   14.2   0.0   116   203   215   297   128   304 0.74 -
de_novo.Agm54242Ue_220404_200923_119670119_ccs.1:0-1136    -            379 83303at6656          -            284   0.00018   19.1   0.7   1   2   6.5e-06    0.0004   18.0   0.2    34   159   173   295   137   306 0.71 -
de_novo.Agm54242Ue_220404_200923_119670119_ccs.1:0-1136    -            379 83303at6656          -            284   0.00018   19.1   0.7   2   2       5.9   3.7e+02   -1.5   0.0   219   252   324   357   291   375 0.64 -
de_novo.Agseq_145052.1:165-386                             -             74 83303at6656          -            284   0.00019   19.1   0.2   1   1   3.1e-06    0.0002   19.0   0.2    29   102     2    74     1    74 0.93 -
de_novo.Agm54242Ue_220404_200923_164299516_ccs.1:159-797   -            213 83303at6656          -            284   0.00021   18.9   1.7   1   2    0.0028      0.18    9.4   0.0    27    63    41    77    34   117 0.76 -
de_novo.Agm54242Ue_220404_200923_164299516_ccs.1:159-797   -            213 83303at6656          -            284   0.00021   18.9   1.7   2   2      0.36        23    2.4   0.1    47    91   157   200   148   208 0.65 -
de_novo.Agm54242Ue_220404_200923_13961777_ccs.1:54-1365    -            435 83303at6656          -            284   0.00025   18.7   0.3   1   4       9.6     6e+02   -2.2   0.0   260   271   280   291   243   311 0.56 -
de_novo.Agm54242Ue_220404_200923_13961777_ccs.1:54-1365    -            435 83303at6656          -            284   0.00025   18.7   0.3   2   4      0.14         9    3.7   0.0    29    62   320   353   315   362 0.83 -
de_novo.Agm54242Ue_220404_200923_13961777_ccs.1:54-1365    -            435 83303at6656          -            284   0.00025   18.7   0.3   3   4       0.1       6.4    4.2   0.1    41    69   374   402   357   405 0.76 -
de_novo.Agm54242Ue_220404_200923_13961777_ccs.1:54-1365    -            435 83303at6656          -            284   0.00025   18.7   0.3   4   4     0.017       1.1    6.8   0.0    27    56   403   432   399   434 0.93 -
de_novo.Agm54242U_210909_035710_161022849_ccs.1:0-1439     -            480 83303at6656          -            284   0.00026   18.7   0.7   1   3      0.16       9.7    3.6   0.0    29    63    90   124    76   136 0.65 -
de_novo.Agm54242U_210909_035710_161022849_ccs.1:0-1439     -            480 83303at6656          -            284   0.00026   18.7   0.7   2   3     0.016         1    6.9   0.0    29    94   136   203   131   210 0.74 -
de_novo.Agm54242U_210909_035710_161022849_ccs.1:0-1439     -            480 83303at6656          -            284   0.00026   18.7   0.7   3   3     0.069       4.3    4.8   0.0    47    87   325   364   298   381 0.79 -
de_novo.AGAP004374-RA.1:30-1625                            -            532 83303at6656          -            284   0.00027   18.6   1.8   1   4         5   3.1e+02   -1.3   0.0    48    64   217   233   188   265 0.64 -
de_novo.AGAP004374-RA.1:30-1625                            -            532 83303at6656          -            284   0.00027   18.6   1.8   2   4     0.049         3    5.3   0.0    29    67   240   278   232   282 0.88 -
de_novo.AGAP004374-RA.1:30-1625                            -            532 83303at6656          -            284   0.00027   18.6   1.8   3   4    0.0064       0.4    8.2   0.0    32    64   321   353   316   360 0.91 -
de_novo.AGAP004374-RA.1:30-1625                            -            532 83303at6656          -            284   0.00027   18.6   1.8   4   4      0.39        24    2.3   0.1    31    80   405   452   363   503 0.80 -
de_novo.Agm54242Ue_220404_200923_31654498_ccs.1:159-927    -            254 83303at6656          -            284   0.00037   18.1   2.5   1   2    0.0082      0.51    7.8   0.0    27    62    41    76    33    85 0.88 -
de_novo.Agm54242Ue_220404_200923_31654498_ccs.1:159-927    -            254 83303at6656          -            284   0.00037   18.1   2.5   2   2       0.5        31    2.0   0.1    48    91   195   237   188   248 0.65 -
de_novo.Agm54242Ue_220404_200923_133694281_ccs.1:191-1033  -            281 83303at6656          -            284    0.0004   18.0   0.0   1   3      0.12       7.4    4.0   0.0   160   190    37    66     4    76 0.69 -
de_novo.Agm54242Ue_220404_200923_133694281_ccs.1:191-1033  -            281 83303at6656          -            284    0.0004   18.0   0.0   2   3       1.1        66    0.9   0.0   169   204   132   167   122   172 0.83 -
de_novo.Agm54242Ue_220404_200923_133694281_ccs.1:191-1033  -            281 83303at6656          -            284    0.0004   18.0   0.0   3   3    0.0034      0.21    9.1   0.0    32    63   176   207   173   214 0.88 -
de_novo.Agm54242U_210909_035710_173474424_ccs.1:2-1657     -            552 83303at6656          -            284   0.00044   17.9   0.6   1   3      0.21        13    3.2   0.0    29    63   248   282   236   292 0.62 -
de_novo.Agm54242U_210909_035710_173474424_ccs.1:2-1657     -            552 83303at6656          -            284   0.00044   17.9   0.6   2   3     0.019       1.2    6.6   0.0    28    94   293   361   288   368 0.74 -
de_novo.Agm54242U_210909_035710_173474424_ccs.1:2-1657     -            552 83303at6656          -            284   0.00044   17.9   0.6   3   3     0.083       5.2    4.5   0.0    47    87   483   522   456   539 0.79 -
de_novo.Agm54242U_210909_035710_57936230_ccs.1:84-977      -            298 83303at6656          -            284   0.00045   17.9   0.0   1   4      0.53        33    1.9   0.0    31    58    10    38     4    53 0.83 -
de_novo.Agm54242U_210909_035710_57936230_ccs.1:84-977      -            298 83303at6656          -            284   0.00045   17.9   0.0   2   4      0.12       7.3    4.0   0.0    25    69    89   133    72   137 0.85 -
de_novo.Agm54242U_210909_035710_57936230_ccs.1:84-977      -            298 83303at6656          -            284   0.00045   17.9   0.0   3   4     0.023       1.4    6.4   0.1    28    69   135   176   132   194 0.84 -
de_novo.Agm54242U_210909_035710_57936230_ccs.1:84-977      -            298 83303at6656          -            284   0.00045   17.9   0.0   4   4       1.7   1.1e+02    0.2   0.0    34    66   265   297   254   298 0.84 -
de_novo.AGAP006889-RA.1:0-2381                             -            794 83303at6656          -            284   0.00047   17.8   5.2   1   3       1.7   1.1e+02    0.2   0.0   123   151   111   140    75   151 0.67 -
de_novo.AGAP006889-RA.1:0-2381                             -            794 83303at6656          -            284   0.00047   17.8   5.2   2   3       4.3   2.7e+02   -1.1   0.1    30   189   291   313   282   337 0.53 -
de_novo.AGAP006889-RA.1:0-2381                             -            794 83303at6656          -            284   0.00047   17.8   5.2   3   3   8.6e-06   0.00054   17.6   0.7     4    97   583   680   580   695 0.76 -
de_novo.Agm54242U_210909_035710_123929174_ccs.1:600-1304   -            235 83303at6656          -            284   0.00049   17.7   0.0   1   2       1.7     1e+02    0.3   0.0    23    64    29    69    19    76 0.68 -
de_novo.Agm54242U_210909_035710_123929174_ccs.1:600-1304   -            235 83303at6656          -            284   0.00049   17.7   0.0   2   2   4.6e-05    0.0029   15.2   0.0    29   150    76   195    68   234 0.85 -
de_novo.AGAP001414-RA.1:0-1526                             -            509 83303at6656          -            284   0.00056   17.6   0.1   1   1   4.9e-05     0.003   15.1   0.1    40   204   221   383   209   403 0.81 -
de_novo.Agm54242U_210909_035710_10291193_ccs.1:0-1211      -            404 83303at6656          -            284   0.00059   17.5   0.7   1   3     0.031       1.9    5.9   0.0    27    91    64   131    53   135 0.69 -
de_novo.Agm54242U_210909_035710_10291193_ccs.1:0-1211      -            404 83303at6656          -            284   0.00059   17.5   0.7   2   3      0.05       3.1    5.3   0.0    28    65   111   148   105   170 0.79 -
de_novo.Agm54242U_210909_035710_10291193_ccs.1:0-1211      -            404 83303at6656          -            284   0.00059   17.5   0.7   3   3     0.053       3.3    5.2   0.0    47    87   249   288   222   306 0.79 -
de_novo.Agseq_141556.1:12-1436                             -            475 83303at6656          -            284   0.00061   17.4   6.7   1   3      0.47        29    2.1   0.1    78   102    68    92    31    96 0.79 -
de_novo.Agseq_141556.1:12-1436                             -            475 83303at6656          -            284   0.00061   17.4   6.7   2   3     2e-05    0.0012   16.4   1.8    27   122   122   214   113   241 0.83 -
de_novo.Agseq_141556.1:12-1436                             -            475 83303at6656          -            284   0.00061   17.4   6.7   3   3       5.5   3.5e+02   -1.5   0.0    64    87   253   276   218   306 0.62 -
de_novo.Agm54242U_210909_035710_163054641_ccs.1:2-583      -            194 83303at6656          -            284   0.00064   17.4   0.0   1   2   7.9e-05    0.0049   14.5   0.0   125   203    42   114    30   123 0.81 -
de_novo.Agm54242U_210909_035710_163054641_ccs.1:2-583      -            194 83303at6656          -            284   0.00064   17.4   0.0   2   2       1.3        83    0.6   0.0    15    56   149   187   133   192 0.76 -
de_novo.Agm54242Ue_220404_200923_64686449_ccs.1:768-1418   -            217 83303at6656          -            284   0.00065   17.3   0.5   1   2   4.9e-05    0.0031   15.1   0.2    30   140     5   117     1   141 0.63 -
de_novo.Agm54242Ue_220404_200923_64686449_ccs.1:768-1418   -            217 83303at6656          -            284   0.00065   17.3   0.5   2   2   0.00019     0.012   13.2   0.2    28   108    44   130    32   214 0.80 -
de_novo.Agseq_189239.1:975-1625                            -            217 83303at6656          -            284   0.00065   17.3   0.5   1   2   4.9e-05    0.0031   15.1   0.2    30   140     5   117     1   141 0.63 -
de_novo.Agseq_189239.1:975-1625                            -            217 83303at6656          -            284   0.00065   17.3   0.5   2   2   0.00019     0.012   13.2   0.2    28   108    44   130    32   214 0.80 -
de_novo.Agm54242U_210819_213017_137036841_ccs.1:2247-2480  -             78 83303at6656          -            284   0.00066   17.3   0.1   1   1   1.2e-05   0.00075   17.1   0.1    79   145     7    74     4    78 0.79 -
de_novo.Agm54242U_210819_213017_173146112_ccs.1:21-866     -            282 83303at6656          -            284    0.0018   15.9   3.8   1   3       7.4   4.6e+02   -1.9   0.0   270   284     8    22     4    22 0.86 -
de_novo.Agm54242U_210819_213017_173146112_ccs.1:21-866     -            282 83303at6656          -            284    0.0018   15.9   3.8   2   3       1.6     1e+02    0.3   0.1   164   197    29    63    21    76 0.76 -
de_novo.Agm54242U_210819_213017_173146112_ccs.1:21-866     -            282 83303at6656          -            284    0.0018   15.9   3.8   3   3   5.4e-05    0.0034   15.0   0.3    22   102   203   281   192   282 0.83 -
de_novo.Agm54242Ue_220404_200923_33685809_ccs.1:0-713      -            238 83303at6656          -            284    0.0018   15.9   0.3   1   3   0.00013     0.008   13.8   0.1    79   146    52   120    46   136 0.79 -
de_novo.Agm54242Ue_220404_200923_33685809_ccs.1:0-713      -            238 83303at6656          -            284    0.0018   15.9   0.3   2   3       6.1   3.8e+02   -1.6   0.0   122   136   133   147   121   152 0.73 -
de_novo.Agm54242Ue_220404_200923_33685809_ccs.1:0-713      -            238 83303at6656          -            284    0.0018   15.9   0.3   3   3       9.7     6e+02   -2.2   0.0   169   186   206   223   174   233 0.59 -
de_novo.Agm54242Ue_220404_200923_23462404_ccs.1:0-1025     -            342 83303at6656          -            284    0.0019   15.8   0.1   1   1     9e-05    0.0056   14.3   0.0    27    64   230   267   196   276 0.85 -
de_novo.Agm54242U_210909_035710_79495349_ccs.1:154-642     -            163 83303at6656          -            284    0.0022   15.6   3.1   1   2   4.5e-05    0.0028   15.2   1.7   124   217     2    98     1   106 0.78 -
de_novo.Agm54242U_210909_035710_79495349_ccs.1:154-642     -            163 83303at6656          -            284    0.0022   15.6   3.1   2   2      0.31        19    2.7   0.3    28    61    83   118    78   128 0.82 -
de_novo.Agm54242Ue_220404_200923_87165194_ccs.1:181-768    -            196 83303at6656          -            284    0.0023   15.5   0.3   1   1   5.6e-05    0.0035   14.9   0.2    35    97    83   149    65   190 0.73 -
de_novo.AGAP001036-RA.1:0-995                              -            332 83303at6656          -            284    0.0037   14.9   1.3   1   3       0.7        44    1.5   0.0   133   154     8    29     4    37 0.81 -
de_novo.AGAP001036-RA.1:0-995                              -            332 83303at6656          -            284    0.0037   14.9   1.3   2   3      0.96        60    1.0   0.0    27    53    32    58    27    64 0.86 -
de_novo.AGAP001036-RA.1:0-995                              -            332 83303at6656          -            284    0.0037   14.9   1.3   3   3    0.0038      0.24    8.9   0.1    28    77   214   261   203   292 0.85 -
de_novo.Agm54242U_210819_213017_137036841_ccs.1:1947-2826  -            283 83303at6656          -            284    0.0038   14.8   1.1   1   3      0.01      0.65    7.5   0.0   134   201    75   135    10   140 0.60 -
de_novo.Agm54242U_210819_213017_137036841_ccs.1:1947-2826  -            283 83303at6656          -            284    0.0038   14.8   1.1   2   3   0.00018     0.011   13.3   0.1    79   146   107   175   101   191 0.79 -
de_novo.Agm54242U_210819_213017_137036841_ccs.1:1947-2826  -            283 83303at6656          -            284    0.0038   14.8   1.1   3   3       7.4   4.6e+02   -1.9   0.0   122   136   188   202   176   208 0.73 -
de_novo.Agm54242U_210819_213017_56822196_ccs.1:102-1355    -            418 83303at6656          -            284    0.0039   14.8   1.3   1   2       2.3   1.4e+02   -0.2   0.1   152   152   227   227   193   305 0.48 -
de_novo.Agm54242U_210819_213017_56822196_ccs.1:102-1355    -            418 83303at6656          -            284    0.0039   14.8   1.3   2   2   0.00018     0.011   13.3   0.2    27    65   335   374   298   403 0.84 -
de_novo.Agm54242U_210909_035710_162857351_ccs.1:131-1054   -            308 83303at6656          -            284    0.0042   14.7   0.1   1   1   9.5e-05     0.006   14.2   0.1    35    97   151   217   106   272 0.76 -
de_novo.Agm54242Ue_220404_200923_89785447_ccs.1:159-1082   -            308 83303at6656          -            284    0.0042   14.7   0.1   1   1   9.5e-05     0.006   14.2   0.1    35    97   151   217   106   272 0.76 -
de_novo.Agm54242U_210909_035710_124782174_ccs.1:0-1824     -            512 83303at6656          -            284    0.0048   14.5   0.1   1   2     0.053       3.3    5.2   0.1   122   210    90   173    84   231 0.76 -
de_novo.Agm54242U_210909_035710_124782174_ccs.1:0-1824     -            512 83303at6656          -            284    0.0048   14.5   0.1   2   2     0.014       0.9    7.0   0.0    78   109   283   314   259   326 0.66 -
de_novo.Agm54242U_210819_213017_146735821_ccs.1:417-1433   -            339 83303at6656          -            284    0.0065   14.1   0.1   1   3       1.9   1.2e+02    0.1   0.0   170   204     7    41     2    46 0.83 -
de_novo.Agm54242U_210819_213017_146735821_ccs.1:417-1433   -            339 83303at6656          -            284    0.0065   14.1   0.1   2   3    0.0045      0.28    8.7   0.0    32    62    50    80    47    87 0.88 -
de_novo.Agm54242U_210819_213017_146735821_ccs.1:417-1433   -            339 83303at6656          -            284    0.0065   14.1   0.1   3   3       2.2   1.4e+02   -0.2   0.0    36    44   304   312   260   335 0.44 -
de_novo.Agm54242U_210819_213017_12715226_ccs.1:1194-2072   -            293 83303at6656          -            284    0.0069   14.0   0.1   1   3    0.0015     0.093   10.3   0.0    65   110    22    70     8   117 0.78 -
de_novo.Agm54242U_210819_213017_12715226_ccs.1:1194-2072   -            293 83303at6656          -            284    0.0069   14.0   0.1   2   3       4.2   2.6e+02   -1.1   0.0   136   199   144   207   133   248 0.65 -
de_novo.Agm54242U_210819_213017_12715226_ccs.1:1194-2072   -            293 83303at6656          -            284    0.0069   14.0   0.1   3   3       1.8   1.1e+02    0.2   0.1    29    60   262   293   259   293 0.92 -
de_novo.Agm54242Ue_220404_200923_72024242_ccs.1:61-807     -            249 83303at6656          -            284    0.0075   13.9   1.6   1   2   0.00044     0.027   12.0   0.6    27   102    40   117    34   124 0.87 -
de_novo.Agm54242Ue_220404_200923_72024242_ccs.1:61-807     -            249 83303at6656          -            284    0.0075   13.9   1.6   2   2       2.2   1.3e+02   -0.1   0.0   169   194   132   157   116   179 0.76 -
de_novo.Agm54242Ue_220404_200923_155518806_ccs.1:102-950   -            283 83303at6656          -            284    0.0089   13.6   3.6   1   2   0.00012    0.0074   13.9   1.7   124   217     3    99     1   113 0.79 -
de_novo.Agm54242Ue_220404_200923_155518806_ccs.1:102-950   -            283 83303at6656          -            284    0.0089   13.6   3.6   2   2      0.77        48    1.4   0.1    28    61    84   119    78   123 0.80 -
de_novo.AGAP010685-RA.1:420-758                            -            113 83303at6656          -            284     0.011   13.3   0.2   1   1   0.00074     0.046   11.3   0.2    75   140    28    98     4   110 0.72 -
de_novo.Agseq_5213.1:49-348                                -            100 83303at6656          -            284     0.011   13.3   0.0   1   2      0.18        11    3.5   0.0    29    78     3    52     2    60 0.77 -
de_novo.Agseq_5213.1:49-348                                -            100 83303at6656          -            284     0.011   13.3   0.0   2   2    0.0015     0.091   10.3   0.0    27    61    44    78    29    87 0.85 -
de_novo.Agseq_59512.1:1158-2261                            -            368 83303at6656          -            284     0.017   12.7   0.4   1   3      0.25        16    3.0   0.0   111   195    47   136    38   146 0.68 -
de_novo.Agseq_59512.1:1158-2261                            -            368 83303at6656          -            284     0.017   12.7   0.4   2   3      0.03       1.9    6.0   0.1    29    66   160   197   138   208 0.87 -
de_novo.Agseq_59512.1:1158-2261                            -            368 83303at6656          -            284     0.017   12.7   0.4   3   3         4   2.5e+02   -1.0   0.0   206   240   213   247   200   268 0.75 -
de_novo.Agm54242U_210909_035710_78381724_ccs.1:1116-1808   -            231 83303at6656          -            284     0.022   12.3   0.1   1   3       0.2        12    3.3   0.0   124   147     9    33     4    35 0.84 -
de_novo.Agm54242U_210909_035710_78381724_ccs.1:1116-1808   -            231 83303at6656          -            284     0.022   12.3   0.1   2   3      0.23        14    3.1   0.1   129   193    35    99    31   119 0.84 -
de_novo.Agm54242U_210909_035710_78381724_ccs.1:1116-1808   -            231 83303at6656          -            284     0.022   12.3   0.1   3   3       0.3        19    2.7   0.0     1    28   194   221   194   230 0.87 -
de_novo.Agm54242Ue_220404_200923_154929318_ccs.1:0-1085    -            362 83303at6656          -            284     0.023   12.2   0.0   1   1   0.00069     0.043   11.4   0.0    14    64   245   295   224   331 0.69 -
de_novo.Agm54242U_210909_035710_162859086_ccs.1:132-1109   -            326 83303at6656          -            284     0.025   12.1   0.1   1   3     0.007      0.44    8.1   0.0    29    65    54    90    49   130 0.76 -
de_novo.Agm54242U_210909_035710_162859086_ccs.1:132-1109   -            326 83303at6656          -            284     0.025   12.1   0.1   2   3       6.1   3.8e+02   -1.6   0.0   123   149   179   206   174   231 0.72 -
de_novo.Agm54242U_210909_035710_162859086_ccs.1:132-1109   -            326 83303at6656          -            284     0.025   12.1   0.1   3   3       6.7   4.2e+02   -1.7   0.0    48    64   293   309   285   314 0.82 -
de_novo.Agm54242Ue_220404_200923_101319059_ccs.1:15-1496   -            494 83303at6656          -            284     0.025   12.1   7.6   1   3      0.12       7.8    4.0   0.1    21    98   235   313   213   321 0.70 -
de_novo.Agm54242Ue_220404_200923_101319059_ccs.1:15-1496   -            494 83303at6656          -            284     0.025   12.1   7.6   2   3    0.0024      0.15    9.6   0.6    16   101   316   401   302   451 0.74 -
de_novo.Agm54242Ue_220404_200923_101319059_ccs.1:15-1496   -            494 83303at6656          -            284     0.025   12.1   7.6   3   3       1.3        78    0.7   0.5    38    74   428   460   392   491 0.61 -
de_novo.Agm54242U_210819_213017_125700578_ccs.1:66-902     -            279 83303at6656          -            284     0.033   11.7   2.5   1   1    0.0022      0.14    9.7   1.7   120   199   172   248    79   265 0.66 -
de_novo.AGAP008286-RA.1:1-1449                             -            483 83303at6656          -            284     0.038   11.5   0.0   1   2    0.0034      0.21    9.1   0.0   127   206   161   236   151   250 0.79 -
de_novo.AGAP008286-RA.1:1-1449                             -            483 83303at6656          -            284     0.038   11.5   0.0   2   2         3   1.8e+02   -0.6   0.0    29    62   407   440   401   444 0.85 -
de_novo.Agm54242U_210819_213017_65930019_ccs.1:0-1559      -            520 83303at6656          -            284     0.049   11.2   0.0   1   2      0.42        26    2.2   0.0   134   201    93   153    88   198 0.75 -
de_novo.Agm54242U_210819_213017_65930019_ccs.1:0-1559      -            520 83303at6656          -            284     0.049   11.2   0.0   2   2     0.039       2.4    5.6   0.0    27   100   242   313   221   321 0.73 -
de_novo.Agseq_157484.1:0-1841                              -            614 83303at6656          -            284     0.051   11.1   7.3   1   4      0.27        17    2.8   0.1   125   200   326   397   314   414 0.65 -
de_novo.Agseq_157484.1:0-1841                              -            614 83303at6656          -            284     0.051   11.1   7.3   2   4       0.2        12    3.3   0.1    21    98   355   433   342   441 0.69 -
de_novo.Agseq_157484.1:0-1841                              -            614 83303at6656          -            284     0.051   11.1   7.3   3   4    0.0039      0.24    8.9   0.5    16   100   436   520   426   570 0.75 -
de_novo.Agseq_157484.1:0-1841                              -            614 83303at6656          -            284     0.051   11.1   7.3   4   4       1.4        86    0.5   0.5    38    72   548   578   500   611 0.60 -
#
# Program:         hmmsearch
# Version:         3.1b2 (February 2015)
# Pipeline mode:   SEARCH
# Query file:      /hpcdata/bcbb/homc/Barillaslab/Agam_hemo_transcriptomes/scripts/compare_txomes/busco/busco_downloads/lineages/arthropoda_odb10/hmms/83303at6656.hmm
# Target file:     /hpcdata/bcbb/homc/Barillaslab/Agam_hemo_transcriptomes/scripts/compare_txomes/busco/denovo_Agamhemo_BUSCO/run_arthropoda_odb10/metaeuk_output/initial_results/de_novo_transcriptome_with_genome_hits_and_expression_filtering.gffread.fa.modified.fas
# Option settings: hmmsearch --domtblout /hpcdata/bcbb/homc/Barillaslab/Agam_hemo_transcriptomes/scripts/compare_txomes/busco/denovo_Agamhemo_BUSCO/run_arthropoda_odb10/hmmer_output/initial_run_results/83303at6656.out --cpu 1 /hpcdata/bcbb/homc/Barillaslab/Agam_hemo_transcriptomes/scripts/compare_txomes/busco/busco_downloads/lineages/arthropoda_odb10/hmms/83303at6656.hmm /hpcdata/bcbb/homc/Barillaslab/Agam_hemo_transcriptomes/scripts/compare_txomes/busco/denovo_Agamhemo_BUSCO/run_arthropoda_odb10/metaeuk_output/initial_results/de_novo_transcriptome_with_genome_hits_and_expression_filtering.gffread.fa.modified.fas 
# Current dir:     /hpcdata/bcbb/homc/Barillaslab/Agam_hemo_transcriptomes/scripts/compare_txomes/busco
# Date:            Sun Jan 29 13:00:35 2023
# [ok]
