#                                                                                                                 --- full sequence --- -------------- this domain -------------   hmm coord   ali coord   env coord
# target name                                             accession   tlen query name           accession   qlen   E-value  score  bias   #  of  c-Evalue  i-Evalue  score  bias  from    to  from    to  from    to  acc description of target
#                                     ------------------- ---------- ----- -------------------- ---------- ----- --------- ------ ----- --- --- --------- --------- ------ ----- ----- ----- ----- ----- ----- ----- ---- ---------------------
de_novo.Agseq_153983.1:9-782                              -            258 87527at6656          -            232  4.9e-102  338.7   8.4   1   1  9.9e-104  5.6e-102  338.5   8.4     1   222    17   258    17   258 0.94 -
de_novo.Agm54242Ue_220404_200923_41681227_ccs.1:0-782     -            261 87527at6656          -            232   6.3e-99  328.6   7.4   1   1  1.6e-100   9.3e-99  328.0   7.4     1   229     6   237     6   240 0.95 -
de_novo.Agseq_153986.1:57-719                             -            221 87527at6656          -            232   5.2e-88  292.9   7.0   1   1   1.1e-89   6.4e-88  292.5   7.0    47   229     6   197     5   200 0.96 -
de_novo.Agm54242U_210819_213017_52627420_ccs.1:213-1673   -            487 87527at6656          -            232   5.9e-44  148.7  30.2   1   4   3.5e-14     2e-12   45.5   5.2    56   160     2   108     1   111 0.92 -
de_novo.Agm54242U_210819_213017_52627420_ccs.1:213-1673   -            487 87527at6656          -            232   5.9e-44  148.7  30.2   2   4   4.5e-24   2.6e-22   77.9   4.3    50   217   111   282   108   285 0.93 -
de_novo.Agm54242U_210819_213017_52627420_ccs.1:213-1673   -            487 87527at6656          -            232   5.9e-44  148.7  30.2   3   4   4.3e-10   2.4e-08   32.1   2.9    56   157   357   461   346   463 0.82 -
de_novo.Agm54242U_210819_213017_52627420_ccs.1:213-1673   -            487 87527at6656          -            232   5.9e-44  148.7  30.2   4   4   3.2e-07   1.8e-05   22.7   0.3    46   108   417   484   415   487 0.89 -
de_novo.Agm54242U_210819_213017_9634954_ccs.1:144-1604    -            487 87527at6656          -            232   5.9e-44  148.7  30.2   1   4   3.5e-14     2e-12   45.5   5.2    56   160     2   108     1   111 0.92 -
de_novo.Agm54242U_210819_213017_9634954_ccs.1:144-1604    -            487 87527at6656          -            232   5.9e-44  148.7  30.2   2   4   4.5e-24   2.6e-22   77.9   4.3    50   217   111   282   108   285 0.93 -
de_novo.Agm54242U_210819_213017_9634954_ccs.1:144-1604    -            487 87527at6656          -            232   5.9e-44  148.7  30.2   3   4   4.3e-10   2.4e-08   32.1   2.9    56   157   357   461   346   463 0.82 -
de_novo.Agm54242U_210819_213017_9634954_ccs.1:144-1604    -            487 87527at6656          -            232   5.9e-44  148.7  30.2   4   4   3.2e-07   1.8e-05   22.7   0.3    46   108   417   484   415   487 0.89 -
de_novo.AGAP011292-RA.1:51-1121                           -            357 87527at6656          -            232   6.9e-36  122.3  44.2   1   4   5.1e-14   2.9e-12   45.0   2.7    23   136    10   127     2   128 0.84 -
de_novo.AGAP011292-RA.1:51-1121                           -            357 87527at6656          -            232   6.9e-36  122.3  44.2   2   4   1.2e-13     7e-12   43.7   9.5    48   153    59   169    58   174 0.89 -
de_novo.AGAP011292-RA.1:51-1121                           -            357 87527at6656          -            232   6.9e-36  122.3  44.2   3   4   8.8e-08     5e-06   24.6   4.1    62   138   173   248   169   249 0.86 -
de_novo.AGAP011292-RA.1:51-1121                           -            357 87527at6656          -            232   6.9e-36  122.3  44.2   4   4   2.2e-15   1.3e-13   49.4   4.3    46   151   247   357   245   357 0.92 -
de_novo.Agm54242U_210909_035710_107153415_ccs.1:0-1346    -            449 87527at6656          -            232   5.7e-34  116.0  21.4   1   3   3.2e-21   1.8e-19   68.6   3.5    24   163   104   251    86   252 0.88 -
de_novo.Agm54242U_210909_035710_107153415_ccs.1:0-1346    -            449 87527at6656          -            232   5.7e-34  116.0  21.4   2   3   4.6e-12   2.6e-10   38.6   1.5    47   156   248   360   246   367 0.89 -
de_novo.Agm54242U_210909_035710_107153415_ccs.1:0-1346    -            449 87527at6656          -            232   5.7e-34  116.0  21.4   3   3     2e-07   1.1e-05   23.4   1.6    48   129   366   449   345   449 0.71 -
de_novo.Agm54242U_210909_035710_3540180_ccs.1:14-691      -            226 87527at6656          -            232   9.2e-32  108.8   7.2   1   2   9.6e-13   5.5e-11   40.8   0.3    95   184    32   122    11   123 0.87 -
de_novo.Agm54242U_210909_035710_3540180_ccs.1:14-691      -            226 87527at6656          -            232   9.2e-32  108.8   7.2   2   2   4.4e-24   2.5e-22   77.9   2.0    49   218    53   224    51   226 0.95 -
de_novo.Agm54242U_210819_213017_131465742_ccs.1:516-1577  -            354 87527at6656          -            232   9.4e-30  102.2  32.8   1   4   2.1e-06   0.00012   20.1   2.2    96   159     2    67     1    72 0.81 -
de_novo.Agm54242U_210819_213017_131465742_ccs.1:516-1577  -            354 87527at6656          -            232   9.4e-30  102.2  32.8   2   4   6.3e-15   3.6e-13   48.0   7.6    50   159    72   187    67   190 0.84 -
de_novo.Agm54242U_210819_213017_131465742_ccs.1:516-1577  -            354 87527at6656          -            232   9.4e-30  102.2  32.8   3   4   2.3e-08   1.3e-06   26.5   4.8    49   141   167   263   165   284 0.81 -
de_novo.Agm54242U_210819_213017_131465742_ccs.1:516-1577  -            354 87527at6656          -            232   9.4e-30  102.2  32.8   4   4     2e-08   1.1e-06   26.7   0.9    75   145   274   348   263   354 0.61 -
de_novo.Agm54242U_210819_213017_135072411_ccs.1:516-1577  -            354 87527at6656          -            232   9.4e-30  102.2  32.8   1   4   2.1e-06   0.00012   20.1   2.2    96   159     2    67     1    72 0.81 -
de_novo.Agm54242U_210819_213017_135072411_ccs.1:516-1577  -            354 87527at6656          -            232   9.4e-30  102.2  32.8   2   4   6.3e-15   3.6e-13   48.0   7.6    50   159    72   187    67   190 0.84 -
de_novo.Agm54242U_210819_213017_135072411_ccs.1:516-1577  -            354 87527at6656          -            232   9.4e-30  102.2  32.8   3   4   2.3e-08   1.3e-06   26.5   4.8    49   141   167   263   165   284 0.81 -
de_novo.Agm54242U_210819_213017_135072411_ccs.1:516-1577  -            354 87527at6656          -            232   9.4e-30  102.2  32.8   4   4     2e-08   1.1e-06   26.7   0.9    75   145   274   348   263   354 0.61 -
de_novo.AGAP029508-RB.1:168-764                           -            199 87527at6656          -            232   1.4e-25   88.5   6.8   1   2   8.1e-14   4.6e-12   44.3   1.7    37   138     7   115     4   117 0.80 -
de_novo.AGAP029508-RB.1:168-764                           -            199 87527at6656          -            232   1.4e-25   88.5   6.8   2   2   1.3e-14   7.5e-13   46.9   0.2    47   129   115   198   113   199 0.93 -
de_novo.Agm54242U_210819_213017_127994124_ccs.1:168-764   -            199 87527at6656          -            232   1.4e-25   88.5   6.8   1   2   8.1e-14   4.6e-12   44.3   1.7    37   138     7   115     4   117 0.80 -
de_novo.Agm54242U_210819_213017_127994124_ccs.1:168-764   -            199 87527at6656          -            232   1.4e-25   88.5   6.8   2   2   1.3e-14   7.5e-13   46.9   0.2    47   129   115   198   113   199 0.93 -
de_novo.Agm54242U_210819_213017_153683075_ccs.1:168-764   -            199 87527at6656          -            232   1.4e-25   88.5   6.8   1   2   8.1e-14   4.6e-12   44.3   1.7    37   138     7   115     4   117 0.80 -
de_novo.Agm54242U_210819_213017_153683075_ccs.1:168-764   -            199 87527at6656          -            232   1.4e-25   88.5   6.8   2   2   1.3e-14   7.5e-13   46.9   0.2    47   129   115   198   113   199 0.93 -
de_novo.Agm54242U_210909_035710_148439779_ccs.1:697-1794  -            366 87527at6656          -            232   2.6e-25   87.7  12.4   1   2     2e-15   1.1e-13   49.6   0.3    86   217     9   144     1   147 0.88 -
de_novo.Agm54242U_210909_035710_148439779_ccs.1:697-1794  -            366 87527at6656          -            232   2.6e-25   87.7  12.4   2   2   1.1e-11     6e-10   37.4   6.7    57   186   220   357   209   366 0.51 -
de_novo.seqSigP-17284.1:240-1373                          -            378 87527at6656          -            232   7.4e-25   86.2   9.8   1   4   5.1e-05    0.0029   15.5   0.4    86   134    13    61     1    64 0.75 -
de_novo.seqSigP-17284.1:240-1373                          -            378 87527at6656          -            232   7.4e-25   86.2   9.8   2   4   4.3e-13   2.5e-11   41.9   0.0    43   158    62   183    57   189 0.86 -
de_novo.seqSigP-17284.1:240-1373                          -            378 87527at6656          -            232   7.4e-25   86.2   9.8   3   4   8.3e-09   4.7e-07   27.9   0.2    75   148   170   245   160   256 0.77 -
de_novo.seqSigP-17284.1:240-1373                          -            378 87527at6656          -            232   7.4e-25   86.2   9.8   4   4     0.016      0.93    7.3   0.3    47   106   259   322   248   327 0.75 -
de_novo.Agm54242U_210909_035710_148439779_ccs.1:123-677   -            185 87527at6656          -            232     3e-24   84.2  13.4   1   2   3.3e-15   1.9e-13   48.9   3.4    51   138    51   139    47   141 0.95 -
de_novo.Agm54242U_210909_035710_148439779_ccs.1:123-677   -            185 87527at6656          -            232     3e-24   84.2  13.4   2   2   8.2e-15   4.7e-13   47.6   2.4    49   138    95   185    93   185 0.93 -
de_novo.AGAP010012-RB.1:126-827                           -            234 87527at6656          -            232   9.6e-24   82.5   2.1   1   1   1.5e-24   8.8e-23   79.4   2.1    47   218    59   232     8   234 0.85 -
de_novo.Agm54242U_210819_213017_88998952_ccs.1:834-2150   -            439 87527at6656          -            232   1.7e-21   75.2  23.7   1   3   2.6e-12   1.5e-10   39.4   3.0    45   139    38   136     4   165 0.69 -
de_novo.Agm54242U_210819_213017_88998952_ccs.1:834-2150   -            439 87527at6656          -            232   1.7e-21   75.2  23.7   2   3   4.5e-10   2.5e-08   32.1   7.2    45   153   184   298   150   306 0.78 -
de_novo.Agm54242U_210819_213017_88998952_ccs.1:834-2150   -            439 87527at6656          -            232   1.7e-21   75.2  23.7   3   3    0.0015     0.086   10.7   0.6    91   156   339   406   332   420 0.60 -
de_novo.Agm54242U_210909_035710_138086575_ccs.1:876-1601  -            242 87527at6656          -            232   2.4e-20   71.4   8.1   1   2   7.2e-13   4.1e-11   41.2   0.7    90   184     3   103     1   121 0.86 -
de_novo.Agm54242U_210909_035710_138086575_ccs.1:876-1601  -            242 87527at6656          -            232   2.4e-20   71.4   8.1   2   2   1.7e-10   9.7e-09   33.4   3.2    34   153   112   239    98   241 0.80 -
de_novo.Agseq_166636.1:780-1505                           -            242 87527at6656          -            232   2.4e-20   71.4   8.1   1   2   7.2e-13   4.1e-11   41.2   0.7    90   184     3   103     1   121 0.86 -
de_novo.Agseq_166636.1:780-1505                           -            242 87527at6656          -            232   2.4e-20   71.4   8.1   2   2   1.7e-10   9.7e-09   33.4   3.2    34   153   112   239    98   241 0.80 -
de_novo.Agm54242U_210819_213017_119474987_ccs.1:963-2066  -            368 87527at6656          -            232   7.8e-19   66.5  34.3   1   4   1.3e-09   7.3e-08   30.6   5.3    57   133     2    81     1    96 0.83 -
de_novo.Agm54242U_210819_213017_119474987_ccs.1:963-2066  -            368 87527at6656          -            232   7.8e-19   66.5  34.3   2   4   6.4e-06   0.00036   18.5   3.7    34   117    95   182    81   195 0.73 -
de_novo.Agm54242U_210819_213017_119474987_ccs.1:963-2066  -            368 87527at6656          -            232   7.8e-19   66.5  34.3   3   4   1.7e-06   9.4e-05   20.4   4.7    55   156   193   300   185   312 0.76 -
de_novo.Agm54242U_210819_213017_119474987_ccs.1:963-2066  -            368 87527at6656          -            232   7.8e-19   66.5  34.3   4   4   0.00031     0.017   13.0   0.5    50    86   314   351   310   361 0.81 -
de_novo.Agm54242U_210909_035710_92669635_ccs.1:963-2066   -            368 87527at6656          -            232   7.8e-19   66.5  34.3   1   4   1.3e-09   7.3e-08   30.6   5.3    57   133     2    81     1    96 0.83 -
de_novo.Agm54242U_210909_035710_92669635_ccs.1:963-2066   -            368 87527at6656          -            232   7.8e-19   66.5  34.3   2   4   6.4e-06   0.00036   18.5   3.7    34   117    95   182    81   195 0.73 -
de_novo.Agm54242U_210909_035710_92669635_ccs.1:963-2066   -            368 87527at6656          -            232   7.8e-19   66.5  34.3   3   4   1.7e-06   9.4e-05   20.4   4.7    55   156   193   300   185   312 0.76 -
de_novo.Agm54242U_210909_035710_92669635_ccs.1:963-2066   -            368 87527at6656          -            232   7.8e-19   66.5  34.3   4   4   0.00031     0.017   13.0   0.5    50    86   314   351   310   361 0.81 -
de_novo.AGAP000810-RA.1:0-8387                            -           2796 87527at6656          -            232   8.1e-19   66.4  15.7   1   5    0.0003     0.017   13.0   0.0    93   135   616   657   599   660 0.78 -
de_novo.AGAP000810-RA.1:0-8387                            -           2796 87527at6656          -            232   8.1e-19   66.4  15.7   2   5       6.7   3.8e+02   -1.2   0.0   120   136   682   698   677   700 0.81 -
de_novo.AGAP000810-RA.1:0-8387                            -           2796 87527at6656          -            232   8.1e-19   66.4  15.7   3   5   1.6e-07   8.8e-06   23.8   0.6    46    86   699   739   682   747 0.88 -
de_novo.AGAP000810-RA.1:0-8387                            -           2796 87527at6656          -            232   8.1e-19   66.4  15.7   4   5   5.2e-05     0.003   15.5   0.2    38   108   839   912   817   918 0.83 -
de_novo.AGAP000810-RA.1:0-8387                            -           2796 87527at6656          -            232   8.1e-19   66.4  15.7   5   5   2.2e-06   0.00012   20.0   1.8    14    85  1033  1102  1022  1133 0.80 -
de_novo.Agm54242U_210819_213017_110625594_ccs.1:216-725   -            170 87527at6656          -            232   2.4e-18   64.9   9.8   1   2   1.8e-14     1e-12   46.5   1.6    56   164     1   114     1   118 0.83 -
de_novo.Agm54242U_210819_213017_110625594_ccs.1:216-725   -            170 87527at6656          -            232   2.4e-18   64.9   9.8   2   2   1.2e-07   7.1e-06   24.1   2.4   118   173   113   170   112   170 0.84 -
de_novo.Agm54242Ue_220404_200923_46794693_ccs.1:216-725   -            170 87527at6656          -            232   2.4e-18   64.9   9.8   1   2   1.8e-14     1e-12   46.5   1.6    56   164     1   114     1   118 0.83 -
de_novo.Agm54242Ue_220404_200923_46794693_ccs.1:216-725   -            170 87527at6656          -            232   2.4e-18   64.9   9.8   2   2   1.2e-07   7.1e-06   24.1   2.4   118   173   113   170   112   170 0.84 -
de_novo.AGAP011472-RA.1:162-665                           -            168 87527at6656          -            232   2.6e-18   64.7   3.6   1   2   2.5e-13   1.4e-11   42.7   0.7    47   135    15   102    10   106 0.89 -
de_novo.AGAP011472-RA.1:162-665                           -            168 87527at6656          -            232   2.6e-18   64.7   3.6   2   2   6.5e-07   3.7e-05   21.7   0.1    49   106   108   167   103   168 0.89 -
de_novo.Agm54242U_210819_213017_44434224_ccs.1:0-713      -            238 87527at6656          -            232   8.5e-18   63.1   6.5   1   1   2.8e-19   1.6e-17   62.2   6.4    53   197    40   187     4   201 0.89 -
de_novo.AGAP009688-RA.1:576-1298                          -            241 87527at6656          -            232   3.9e-17   60.9  14.0   1   2   7.8e-08   4.4e-06   24.7   3.0    53   135     2    88     1    93 0.88 -
de_novo.AGAP009688-RA.1:576-1298                          -            241 87527at6656          -            232   3.9e-17   60.9  14.0   2   2   4.5e-13   2.6e-11   41.9   3.4    53   174    98   230    93   237 0.80 -
de_novo.Agm54242U_210819_213017_2099890_ccs.1:399-1589    -            397 87527at6656          -            232   9.6e-17   59.6  38.2   1   4    0.0003     0.017   13.0   0.4    46   155    25    68     4    71 0.64 -
de_novo.Agm54242U_210819_213017_2099890_ccs.1:399-1589    -            397 87527at6656          -            232   9.6e-17   59.6  38.2   2   4   9.7e-09   5.5e-07   27.7   9.9    23   130    24   134    21   166 0.69 -
de_novo.Agm54242U_210819_213017_2099890_ccs.1:399-1589    -            397 87527at6656          -            232   9.6e-17   59.6  38.2   3   4   5.8e-09   3.3e-07   28.4  15.4    47   177   120   261   116   294 0.78 -
de_novo.Agm54242U_210819_213017_2099890_ccs.1:399-1589    -            397 87527at6656          -            232   9.6e-17   59.6  38.2   4   4     0.003      0.17    9.7   3.8    38   131   276   373   263   392 0.58 -
de_novo.Agm54242U_210909_035710_6751083_ccs.1:495-1685    -            397 87527at6656          -            232   9.6e-17   59.6  38.2   1   4    0.0003     0.017   13.0   0.4    46   155    25    68     4    71 0.64 -
de_novo.Agm54242U_210909_035710_6751083_ccs.1:495-1685    -            397 87527at6656          -            232   9.6e-17   59.6  38.2   2   4   9.7e-09   5.5e-07   27.7   9.9    23   130    24   134    21   166 0.69 -
de_novo.Agm54242U_210909_035710_6751083_ccs.1:495-1685    -            397 87527at6656          -            232   9.6e-17   59.6  38.2   3   4   5.8e-09   3.3e-07   28.4  15.4    47   177   120   261   116   294 0.78 -
de_novo.Agm54242U_210909_035710_6751083_ccs.1:495-1685    -            397 87527at6656          -            232   9.6e-17   59.6  38.2   4   4     0.003      0.17    9.7   3.8    38   131   276   373   263   392 0.58 -
de_novo.AGAP007035-RA.1:57-968                            -            304 87527at6656          -            232   6.4e-16   56.9  20.8   1   3     4e-09   2.2e-07   29.0   8.2    33   160     8   139     5   166 0.77 -
de_novo.AGAP007035-RA.1:57-968                            -            304 87527at6656          -            232   6.4e-16   56.9  20.8   2   3   8.2e-05    0.0047   14.9   4.8    47   154    92   194    90   196 0.83 -
de_novo.AGAP007035-RA.1:57-968                            -            304 87527at6656          -            232   6.4e-16   56.9  20.8   3   3   3.3e-10   1.9e-08   32.5   4.9    16   143   163   299   157   304 0.81 -
de_novo.Agm54242U_210819_213017_159646761_ccs.1:57-968    -            304 87527at6656          -            232   6.4e-16   56.9  20.8   1   3     4e-09   2.2e-07   29.0   8.2    33   160     8   139     5   166 0.77 -
de_novo.Agm54242U_210819_213017_159646761_ccs.1:57-968    -            304 87527at6656          -            232   6.4e-16   56.9  20.8   2   3   8.2e-05    0.0047   14.9   4.8    47   154    92   194    90   196 0.83 -
de_novo.Agm54242U_210819_213017_159646761_ccs.1:57-968    -            304 87527at6656          -            232   6.4e-16   56.9  20.8   3   3   3.3e-10   1.9e-08   32.5   4.9    16   143   163   299   157   304 0.81 -
de_novo.Agm54242U_210819_213017_113574862_ccs.1:622-1443  -            274 87527at6656          -            232   1.7e-15   55.6  21.5   1   4   5.8e-08   3.3e-06   25.2   0.8    95   152     2    59     1    63 0.91 -
de_novo.Agm54242U_210819_213017_113574862_ccs.1:622-1443  -            274 87527at6656          -            232   1.7e-15   55.6  21.5   2   4   7.2e-10   4.1e-08   31.4   7.5    70   177    75   187    67   202 0.78 -
de_novo.Agm54242U_210819_213017_113574862_ccs.1:622-1443  -            274 87527at6656          -            232   1.7e-15   55.6  21.5   3   4   2.4e-05    0.0014   16.6   4.6    63   132   137   211   135   221 0.77 -
de_novo.Agm54242U_210819_213017_113574862_ccs.1:622-1443  -            274 87527at6656          -            232   1.7e-15   55.6  21.5   4   4     0.019       1.1    7.1   0.6    37   105   201   272   192   274 0.54 -
de_novo.Agm54242U_210909_035710_126355191_ccs.1:693-1514  -            274 87527at6656          -            232   1.7e-15   55.6  21.5   1   4   5.8e-08   3.3e-06   25.2   0.8    95   152     2    59     1    63 0.91 -
de_novo.Agm54242U_210909_035710_126355191_ccs.1:693-1514  -            274 87527at6656          -            232   1.7e-15   55.6  21.5   2   4   7.2e-10   4.1e-08   31.4   7.5    70   177    75   187    67   202 0.78 -
de_novo.Agm54242U_210909_035710_126355191_ccs.1:693-1514  -            274 87527at6656          -            232   1.7e-15   55.6  21.5   3   4   2.4e-05    0.0014   16.6   4.6    63   132   137   211   135   221 0.77 -
de_novo.Agm54242U_210909_035710_126355191_ccs.1:693-1514  -            274 87527at6656          -            232   1.7e-15   55.6  21.5   4   4     0.019       1.1    7.1   0.6    37   105   201   272   192   274 0.54 -
de_novo.Agm54242Ue_220404_200923_26019687_ccs.1:654-1625  -            324 87527at6656          -            232   2.3e-15   55.1  31.8   1   3   2.5e-10   1.4e-08   32.9   7.0    45   128     4    88     2   121 0.82 -
de_novo.Agm54242Ue_220404_200923_26019687_ccs.1:654-1625  -            324 87527at6656          -            232   2.3e-15   55.1  31.8   2   3   6.1e-06   0.00035   18.5   0.7    83   154   118   191    99   193 0.77 -
de_novo.Agm54242Ue_220404_200923_26019687_ccs.1:654-1625  -            324 87527at6656          -            232   2.3e-15   55.1  31.8   3   3    0.0006     0.034   12.0  12.5    39   135   183   301   177   323 0.67 -
de_novo.Agm54242U_210819_213017_51055126_ccs.1:321-1184   -            288 87527at6656          -            232   2.6e-15   55.0   4.1   1   3   3.3e-10   1.9e-08   32.5   5.9    25   174    20   170     4   171 0.69 -
de_novo.Agm54242U_210819_213017_51055126_ccs.1:321-1184   -            288 87527at6656          -            232   2.6e-15   55.0   4.1   2   3     0.059       3.3    5.5   0.0    76   108   161   193   156   201 0.83 -
de_novo.Agm54242U_210819_213017_51055126_ccs.1:321-1184   -            288 87527at6656          -            232   2.6e-15   55.0   4.1   3   3     0.002      0.11   10.3   0.0    86   117   245   275   223   282 0.83 -
de_novo.Agm54242U_210819_213017_165807894_ccs.1:67-558    -            164 87527at6656          -            232   2.9e-15   54.8   4.5   1   2   2.7e-06   0.00016   19.7   0.1   112   156    12    58     1    66 0.60 -
de_novo.Agm54242U_210819_213017_165807894_ccs.1:67-558    -            164 87527at6656          -            232   2.9e-15   54.8   4.5   2   2   5.5e-11   3.1e-09   35.1   1.3    97   175    81   163    70   164 0.59 -
de_novo.Agm54242U_210819_213017_43909308_ccs.1:138-623    -            162 87527at6656          -            232   9.5e-15   53.1  10.5   1   1   2.1e-16   1.2e-14   52.8  10.5    39   166     4   143     1   161 0.79 -
de_novo.Agm54242U_210819_213017_131465742_ccs.1:1002-1544 -            181 87527at6656          -            232   1.6e-14   52.3   9.4   1   2   5.9e-09   3.3e-07   28.4   6.0    48   142     4   102     1   128 0.78 -
de_novo.Agm54242U_210819_213017_131465742_ccs.1:1002-1544 -            181 87527at6656          -            232   1.6e-14   52.3   9.4   2   2   3.3e-08   1.9e-06   25.9   0.4    35   135   120   175   105   180 0.47 -
de_novo.Agm54242U_210819_213017_135072411_ccs.1:1002-1544 -            181 87527at6656          -            232   1.6e-14   52.3   9.4   1   2   5.9e-09   3.3e-07   28.4   6.0    48   142     4   102     1   128 0.78 -
de_novo.Agm54242U_210819_213017_135072411_ccs.1:1002-1544 -            181 87527at6656          -            232   1.6e-14   52.3   9.4   2   2   3.3e-08   1.9e-06   25.9   0.4    35   135   120   175   105   180 0.47 -
de_novo.Agseq_62081.1:54-494                              -            147 87527at6656          -            232   3.3e-14   51.4   0.7   1   1   7.2e-16   4.1e-14   51.0   0.7   110   216    26   137    21   141 0.89 -
de_novo.Agm54242U_210909_035710_98239131_ccs.1:812-1231   -            140 87527at6656          -            232   4.1e-14   51.0   2.4   1   1     3e-14   1.7e-12   45.7   2.4    53   175     1   133     1   138 0.84 -
de_novo.Agseq_145546.1:11-388                             -            126 87527at6656          -            232   5.1e-14   50.7   5.7   1   1   1.4e-15     8e-14   50.1   5.7    57   173     3   126     1   126 0.86 -
de_novo.Agm54242Ue_220404_200923_130154598_ccs.1:2-514    -            171 87527at6656          -            232   5.3e-14   50.7   2.4   1   1   1.3e-15   7.4e-14   50.2   2.4    47   154    13   121     3   147 0.79 -
de_novo.AGAP010636-RA.1:546-1292                          -            249 87527at6656          -            232   1.9e-13   48.8  23.9   1   2   3.4e-09   1.9e-07   29.2   3.6    44   131    18   106     2   110 0.86 -
de_novo.AGAP010636-RA.1:546-1292                          -            249 87527at6656          -            232   1.9e-13   48.8  23.9   2   2   4.7e-08   2.7e-06   25.4  12.4    44   158   114   235   109   246 0.69 -
de_novo.AGAP001127-RA.1:387-1301                          -            305 87527at6656          -            232   4.4e-13   47.6  20.1   1   3   4.1e-05    0.0023   15.8   1.4    44   129     9    98     4   139 0.62 -
de_novo.AGAP001127-RA.1:387-1301                          -            305 87527at6656          -            232   4.4e-13   47.6  20.1   2   3     0.013      0.74    7.6   1.1    79   128   127   175   119   184 0.78 -
de_novo.AGAP001127-RA.1:387-1301                          -            305 87527at6656          -            232   4.4e-13   47.6  20.1   3   3   2.3e-10   1.3e-08   33.0   5.4    46   137   190   287   186   303 0.87 -
de_novo.Agm54242Ue_220404_200923_177866679_ccs.1:303-920  -            206 87527at6656          -            232   4.7e-13   47.6   2.5   1   3   1.5e-05   0.00084   17.3   0.0    88   135     1    48     1    52 0.88 -
de_novo.Agm54242Ue_220404_200923_177866679_ccs.1:303-920  -            206 87527at6656          -            232   4.7e-13   47.6   2.5   2   3    0.0011     0.064   11.1   0.3    46   109    51   113    47   116 0.79 -
de_novo.Agm54242Ue_220404_200923_177866679_ccs.1:303-920  -            206 87527at6656          -            232   4.7e-13   47.6   2.5   3   3   1.4e-06   7.7e-05   20.7   0.1    33   129   103   206   100   206 0.77 -
de_novo.AGAP001470-RA.1:816-1595                          -            260 87527at6656          -            232   7.8e-13   46.8  12.1   1   2   2.3e-08   1.3e-06   26.5   7.3    37   169     8   157     6   163 0.75 -
de_novo.AGAP001470-RA.1:816-1595                          -            260 87527at6656          -            232   7.8e-13   46.8  12.1   2   2   5.7e-07   3.2e-05   21.9   2.2    30   137   128   241   119   259 0.50 -
de_novo.Agm54242U_210909_035710_128650055_ccs.1:813-1592  -            260 87527at6656          -            232   7.8e-13   46.8  12.1   1   2   2.3e-08   1.3e-06   26.5   7.3    37   169     8   157     6   163 0.75 -
de_novo.Agm54242U_210909_035710_128650055_ccs.1:813-1592  -            260 87527at6656          -            232   7.8e-13   46.8  12.1   2   2   5.7e-07   3.2e-05   21.9   2.2    30   137   128   241   119   259 0.50 -
de_novo.Agm54242U_210909_035710_13305226_ccs.1:514-1293   -            260 87527at6656          -            232   7.8e-13   46.8  12.1   1   2   2.3e-08   1.3e-06   26.5   7.3    37   169     8   157     6   163 0.75 -
de_novo.Agm54242U_210909_035710_13305226_ccs.1:514-1293   -            260 87527at6656          -            232   7.8e-13   46.8  12.1   2   2   5.7e-07   3.2e-05   21.9   2.2    30   137   128   241   119   259 0.50 -
de_novo.Agm54242U_210909_035710_164760063_ccs.1:668-1447  -            260 87527at6656          -            232   7.8e-13   46.8  12.1   1   2   2.3e-08   1.3e-06   26.5   7.3    37   169     8   157     6   163 0.75 -
de_novo.Agm54242U_210909_035710_164760063_ccs.1:668-1447  -            260 87527at6656          -            232   7.8e-13   46.8  12.1   2   2   5.7e-07   3.2e-05   21.9   2.2    30   137   128   241   119   259 0.50 -
de_novo.Agm54242U_210909_035710_124912268_ccs.1:615-1019  -            135 87527at6656          -            232   2.7e-12   45.1   1.4   1   1   7.7e-14   4.4e-12   44.4   1.4    86   184    14   118     1   134 0.83 -
de_novo.Agm54242U_210819_213017_52627420_ccs.1:1332-1700  -            123 87527at6656          -            232   3.8e-11   41.3   3.9   1   1   1.9e-12   1.1e-10   39.8   3.9    53   163     5   120     1   123 0.83 -
de_novo.Agm54242U_210819_213017_9634954_ccs.1:1263-1631   -            123 87527at6656          -            232   3.8e-11   41.3   3.9   1   1   1.9e-12   1.1e-10   39.8   3.9    53   163     5   120     1   123 0.83 -
de_novo.Agm54242U_210909_035710_148439779_ccs.1:1402-1770 -            123 87527at6656          -            232   3.8e-11   41.3   3.9   1   1   1.9e-12   1.1e-10   39.8   3.9    53   163     5   120     1   123 0.83 -
de_novo.Agm54242U_210819_213017_152437685_ccs.1:210-695   -            162 87527at6656          -            232   6.6e-11   40.5   1.1   1   2    0.0038      0.21    9.4   0.0   100   135     1    36     1    40 0.92 -
de_novo.Agm54242U_210819_213017_152437685_ccs.1:210-695   -            162 87527at6656          -            232   6.6e-11   40.5   1.1   2   2     3e-09   1.7e-07   29.4   0.4    70   153    40   128    37   131 0.74 -
de_novo.Agm54242U_210819_213017_79104709_ccs.1:210-695    -            162 87527at6656          -            232   6.6e-11   40.5   1.1   1   2    0.0038      0.21    9.4   0.0   100   135     1    36     1    40 0.92 -
de_novo.Agm54242U_210819_213017_79104709_ccs.1:210-695    -            162 87527at6656          -            232   6.6e-11   40.5   1.1   2   2     3e-09   1.7e-07   29.4   0.4    70   153    40   128    37   131 0.74 -
de_novo.Agm54242U_210819_213017_94570644_ccs.1:210-695    -            162 87527at6656          -            232   6.6e-11   40.5   1.1   1   2    0.0038      0.21    9.4   0.0   100   135     1    36     1    40 0.92 -
de_novo.Agm54242U_210819_213017_94570644_ccs.1:210-695    -            162 87527at6656          -            232   6.6e-11   40.5   1.1   2   2     3e-09   1.7e-07   29.4   0.4    70   153    40   128    37   131 0.74 -
de_novo.Agm54242U_210909_035710_169739797_ccs.1:210-695   -            162 87527at6656          -            232   6.6e-11   40.5   1.1   1   2    0.0038      0.21    9.4   0.0   100   135     1    36     1    40 0.92 -
de_novo.Agm54242U_210909_035710_169739797_ccs.1:210-695   -            162 87527at6656          -            232   6.6e-11   40.5   1.1   2   2     3e-09   1.7e-07   29.4   0.4    70   153    40   128    37   131 0.74 -
de_novo.Agm54242U_210909_035710_73533314_ccs.1:243-728    -            162 87527at6656          -            232   6.6e-11   40.5   1.1   1   2    0.0038      0.21    9.4   0.0   100   135     1    36     1    40 0.92 -
de_novo.Agm54242U_210909_035710_73533314_ccs.1:243-728    -            162 87527at6656          -            232   6.6e-11   40.5   1.1   2   2     3e-09   1.7e-07   29.4   0.4    70   153    40   128    37   131 0.74 -
de_novo.Agm54242U_210909_035710_92539683_ccs.1:243-728    -            162 87527at6656          -            232   6.6e-11   40.5   1.1   1   2    0.0038      0.21    9.4   0.0   100   135     1    36     1    40 0.92 -
de_novo.Agm54242U_210909_035710_92539683_ccs.1:243-728    -            162 87527at6656          -            232   6.6e-11   40.5   1.1   2   2     3e-09   1.7e-07   29.4   0.4    70   153    40   128    37   131 0.74 -
de_novo.Agm54242Ue_220404_200923_159189038_ccs.1:210-695  -            162 87527at6656          -            232   6.6e-11   40.5   1.1   1   2    0.0038      0.21    9.4   0.0   100   135     1    36     1    40 0.92 -
de_novo.Agm54242Ue_220404_200923_159189038_ccs.1:210-695  -            162 87527at6656          -            232   6.6e-11   40.5   1.1   2   2     3e-09   1.7e-07   29.4   0.4    70   153    40   128    37   131 0.74 -
de_novo.Agm54242Ue_220404_200923_130285816_ccs.1:264-812  -            183 87527at6656          -            232   1.3e-10   39.5   5.0   1   2   3.8e-07   2.1e-05   22.5   4.0    20   135     1   141     1   144 0.65 -
de_novo.Agm54242Ue_220404_200923_130285816_ccs.1:264-812  -            183 87527at6656          -            232   1.3e-10   39.5   5.0   2   2     0.013      0.74    7.6   0.0    53    82   151   180   149   183 0.88 -
de_novo.AGAP007037-RA.1:333-815                           -            161 87527at6656          -            232   1.6e-10   39.3  12.7   1   1   2.6e-07   1.5e-05   23.0   4.1    50   134    70   153    68   158 0.79 -
de_novo.Agm54242U_210909_035710_173737638_ccs.1:333-815   -            161 87527at6656          -            232   1.6e-10   39.3  12.7   1   1   2.6e-07   1.5e-05   23.0   4.1    50   134    70   153    68   158 0.79 -
de_novo.Agm54242U_210819_213017_54199973_ccs.1:202-801    -            200 87527at6656          -            232   2.1e-10   38.9  14.7   1   2   4.3e-12   2.4e-10   38.7   5.6    72   176     6   116     2   140 0.85 -
de_novo.Agm54242U_210819_213017_54199973_ccs.1:202-801    -            200 87527at6656          -            232   2.1e-10   38.9  14.7   2   2     0.057       3.3    5.5   1.9    39    84   149   198   127   200 0.59 -
de_novo.Agm54242Ue_220404_200923_77333825_ccs.1:270-830   -            187 87527at6656          -            232   2.2e-10   38.8   9.5   1   2   1.8e-09     1e-07   30.1   2.4    48   134    14   100     3   112 0.74 -
de_novo.Agm54242Ue_220404_200923_77333825_ccs.1:270-830   -            187 87527at6656          -            232   2.2e-10   38.8   9.5   2   2   0.00021     0.012   13.5   0.6    41   106   111   179   102   185 0.70 -
de_novo.Agseq_147846.1:399-959                            -            187 87527at6656          -            232   2.2e-10   38.8   9.5   1   2   1.8e-09     1e-07   30.1   2.4    48   134    14   100     3   112 0.74 -
de_novo.Agseq_147846.1:399-959                            -            187 87527at6656          -            232   2.2e-10   38.8   9.5   2   2   0.00021     0.012   13.5   0.6    41   106   111   179   102   185 0.70 -
de_novo.AGAP007039-RA.1:309-779                           -            157 87527at6656          -            232   3.9e-10   38.0   1.4   1   2   1.2e-06   6.6e-05   20.9   0.0    88   156     1    71     1    74 0.84 -
de_novo.AGAP007039-RA.1:309-779                           -            157 87527at6656          -            232   3.9e-10   38.0   1.4   2   2   5.3e-05     0.003   15.5   0.5    47   112    76   140    60   157 0.66 -
de_novo.AGAP009924-RA.1:153-689                           -            179 87527at6656          -            232   4.8e-10   37.7  16.2   1   3   1.1e-05   0.00064   17.7   0.5    81   135     6    60     1    63 0.84 -
de_novo.AGAP009924-RA.1:153-689                           -            179 87527at6656          -            232   4.8e-10   37.7  16.2   2   3   1.2e-05   0.00066   17.6   2.7    90   148    63   121    59   126 0.89 -
de_novo.AGAP009924-RA.1:153-689                           -            179 87527at6656          -            232   4.8e-10   37.7  16.2   3   3   0.00075     0.042   11.7   0.7    89   131   134   176   123   178 0.76 -
de_novo.Agm54242Ue_220404_200923_167315412_ccs.1:146-607  -            154 87527at6656          -            232   5.1e-09   34.3   0.0   1   1   1.2e-10   6.7e-09   34.0   0.0    57   153    27   132    22   146 0.79 -
de_novo.Agm54242Ue_220404_200923_127140284_ccs.1:192-638  -            149 87527at6656          -            232   7.9e-09   33.7   0.5   1   1   1.9e-10   1.1e-08   33.3   0.5    10    86    17    96     8   111 0.63 -
de_novo.seqSigP-171913.1:411-881                          -            157 87527at6656          -            232   9.8e-09   33.4   5.7   1   2   6.7e-09   3.8e-07   28.2   4.4    96   179    18   106     6   113 0.85 -
de_novo.seqSigP-171913.1:411-881                          -            157 87527at6656          -            232   9.8e-09   33.4   5.7   2   2      0.11       6.4    4.6   0.0    50   130   113   149   109   155 0.46 -
de_novo.Agm54242U_210819_213017_180553016_ccs.1:558-1205  -            216 87527at6656          -            232   1.2e-08   33.2   5.3   1   1   3.1e-10   1.7e-08   32.6   5.3     2   121    64   188    63   195 0.87 -
de_novo.Agm54242U_210819_213017_88344291_ccs.1:612-1259   -            216 87527at6656          -            232   1.2e-08   33.2   5.3   1   1   3.1e-10   1.7e-08   32.6   5.3     2   121    64   188    63   195 0.87 -
de_novo.Agm54242U_210819_213017_140249173_ccs.1:252-761   -            170 87527at6656          -            232   1.6e-08   32.8  10.9   1   1   2.7e-10   1.6e-08   32.8  10.9    49   157    26   140     2   146 0.83 -
de_novo.Agm54242U_210819_213017_145163584_ccs.1:228-737   -            170 87527at6656          -            232   1.6e-08   32.8  10.9   1   1   2.7e-10   1.6e-08   32.8  10.9    49   157    26   140     2   146 0.83 -
de_novo.Agm54242U_210819_213017_77071496_ccs.1:228-737    -            170 87527at6656          -            232   1.6e-08   32.8  10.9   1   1   2.7e-10   1.6e-08   32.8  10.9    49   157    26   140     2   146 0.83 -
de_novo.Agm54242U_210909_035710_48957462_ccs.1:228-737    -            170 87527at6656          -            232   1.6e-08   32.8  10.9   1   1   2.7e-10   1.6e-08   32.8  10.9    49   157    26   140     2   146 0.83 -
de_novo.AGAP010669.R344.1:1050-1619                       -            190 87527at6656          -            232     2e-08   32.4  16.7   1   2     1e-08   5.7e-07   27.6   6.6   100   176     1    82     1    88 0.85 -
de_novo.AGAP010669.R344.1:1050-1619                       -            190 87527at6656          -            232     2e-08   32.4  16.7   2   2    0.0017     0.098   10.5   2.3    39   108    99   171    85   180 0.69 -
de_novo.Agm54242U_210819_213017_89393799_ccs.1:103-672    -            190 87527at6656          -            232     2e-08   32.4  16.7   1   2     1e-08   5.7e-07   27.6   6.6   100   176     1    82     1    88 0.85 -
de_novo.Agm54242U_210819_213017_89393799_ccs.1:103-672    -            190 87527at6656          -            232     2e-08   32.4  16.7   2   2    0.0017     0.098   10.5   2.3    39   108    99   171    85   180 0.69 -
de_novo.Agm54242Ue_220404_200923_25165902_ccs.1:36-446    -            137 87527at6656          -            232   3.1e-08   31.8   3.3   1   2    0.0091      0.52    8.2   0.1    54   113     7    71     3    73 0.62 -
de_novo.Agm54242Ue_220404_200923_25165902_ccs.1:36-446    -            137 87527at6656          -            232   3.1e-08   31.8   3.3   2   2   2.5e-09   1.4e-07   29.6   1.8    35   107    55   136    50   137 0.85 -
de_novo.Agm54242U_210819_213017_102106560_ccs.1:826-1527  -            234 87527at6656          -            232   3.3e-08   31.7  18.6   1   2   3.2e-07   1.8e-05   22.7  11.0    54   153     2   109     1   117 0.59 -
de_novo.Agm54242U_210819_213017_102106560_ccs.1:826-1527  -            234 87527at6656          -            232   3.3e-08   31.7  18.6   2   2   0.00042     0.024   12.5   0.8    92   135   134   177   126   209 0.62 -
de_novo.Agseq_61425.1:567-1268                            -            234 87527at6656          -            232   3.3e-08   31.7  18.6   1   2   3.2e-07   1.8e-05   22.7  11.0    54   153     2   109     1   117 0.59 -
de_novo.Agseq_61425.1:567-1268                            -            234 87527at6656          -            232   3.3e-08   31.7  18.6   2   2   0.00042     0.024   12.5   0.8    92   135   134   177   126   209 0.62 -
de_novo.AGAP005496-RA.1:384-779                           -            132 87527at6656          -            232   4.7e-08   31.2   9.0   1   1   2.4e-09   1.3e-07   29.7   9.0    54   173     4   131     1   132 0.51 -
de_novo.Agseq_153436.1:387-782                            -            132 87527at6656          -            232   4.7e-08   31.2   9.0   1   1   2.4e-09   1.3e-07   29.7   9.0    54   173     4   131     1   132 0.51 -
de_novo.Agm54242U_210909_035710_175245989_ccs.1:225-668   -            148 87527at6656          -            232   5.7e-08   30.9  11.6   1   1   1.2e-09   6.6e-08   30.7  11.6    28   153    12   148     3   148 0.78 -
de_novo.Agm54242Ue_220404_200923_41681754_ccs.1:568-1149  -            194 87527at6656          -            232   7.1e-08   30.6   7.9   1   2   1.1e-07   6.3e-06   24.2   3.2   100   179     1    85     1    90 0.86 -
de_novo.Agm54242Ue_220404_200923_41681754_ccs.1:568-1149  -            194 87527at6656          -            232   7.1e-08   30.6   7.9   2   2    0.0055      0.31    8.9   0.2    71   124    93   147    88   165 0.79 -
de_novo.Agm54242U_210819_213017_31589164_ccs.1:45-545     -            167 87527at6656          -            232     3e-07   28.5   4.4   1   2   3.7e-05    0.0021   16.0   2.2    33    90    38   101    12   113 0.67 -
de_novo.Agm54242U_210819_213017_31589164_ccs.1:45-545     -            167 87527at6656          -            232     3e-07   28.5   4.4   2   2   0.00065     0.037   11.9   0.1    50   105   110   167   108   167 0.71 -
de_novo.Agseq_149386.1:528-1016                           -            163 87527at6656          -            232     4e-07   28.1   7.3   1   1   1.4e-08   7.9e-07   27.2   7.3    53   158    24   133     1   148 0.66 -
de_novo.Agseq_175497.1:5-382                              -            126 87527at6656          -            232   4.7e-07   27.9   3.4   1   1   9.5e-09   5.4e-07   27.7   3.4    51   143    28   125    11   126 0.80 -
de_novo.Agm54242U_210909_035710_78382372_ccs.1:180-1013   -            278 87527at6656          -            232   2.7e-06   25.4   6.5   1   2         8   4.5e+02   -1.5   0.0    59    82    44    67    32    81 0.64 -
de_novo.Agm54242U_210909_035710_78382372_ccs.1:180-1013   -            278 87527at6656          -            232   2.7e-06   25.4   6.5   2   2   4.8e-08   2.7e-06   25.4   6.5    51   134   115   199   112   220 0.82 -
de_novo.Agm54242U_210909_035710_163447542_ccs.1:163-627   -            155 87527at6656          -            232   2.3e-05   22.4   3.2   1   1   8.6e-07   4.9e-05   21.3   2.4    52   156    40   148    33   152 0.78 -
de_novo.Agm54242U_210819_213017_35456560_ccs.1:2-4945     -           1648 87527at6656          -            232   2.4e-05   22.3   2.0   1   1   1.2e-06   6.8e-05   20.9   1.6    15    85   106   174    97   204 0.81 -
de_novo.Agm54242Ue_220404_200923_121896985_ccs.1:2-400    -            133 87527at6656          -            232   2.9e-05   22.1   6.6   1   1   1.7e-06   9.7e-05   20.4   6.6    47   132    15    98     1   125 0.58 -
de_novo.Agm54242U_210909_035710_69863185_ccs.1:223-669    -            149 87527at6656          -            232     3e-05   22.0   3.3   1   1   9.9e-07   5.6e-05   21.1   2.5    52   155    40   147    31   149 0.77 -
de_novo.Agm54242Ue_220404_200923_82511929_ccs.1:300-845   -            182 87527at6656          -            232   0.00019   19.4   4.6   1   1   5.9e-06   0.00034   18.6   0.8    58   171    49   167    39   175 0.55 -
de_novo.AGAP007670-RB.1:0-719                             -            240 87527at6656          -            232    0.0011   16.9   1.2   1   1     3e-05    0.0017   16.3   1.2    15   106    44   151    33   170 0.70 -
de_novo.Agm54242U_210819_213017_12780916_ccs.1:1246-1620  -            125 87527at6656          -            232     0.012   13.6   4.9   1   1     0.001     0.057   11.3   2.6    39   108    34   106    29   115 0.68 -
#
# Program:         hmmsearch
# Version:         3.1b2 (February 2015)
# Pipeline mode:   SEARCH
# Query file:      /hpcdata/bcbb/homc/Barillaslab/Agam_hemo_transcriptomes/scripts/compare_txomes/busco/busco_downloads/lineages/arthropoda_odb10/hmms/87527at6656.hmm
# Target file:     /hpcdata/bcbb/homc/Barillaslab/Agam_hemo_transcriptomes/scripts/compare_txomes/busco/denovo_Agamhemo_BUSCO/run_arthropoda_odb10/metaeuk_output/initial_results/de_novo_transcriptome_with_genome_hits_and_expression_filtering.gffread.fa.modified.fas
# Option settings: hmmsearch --domtblout /hpcdata/bcbb/homc/Barillaslab/Agam_hemo_transcriptomes/scripts/compare_txomes/busco/denovo_Agamhemo_BUSCO/run_arthropoda_odb10/hmmer_output/initial_run_results/87527at6656.out --cpu 1 /hpcdata/bcbb/homc/Barillaslab/Agam_hemo_transcriptomes/scripts/compare_txomes/busco/busco_downloads/lineages/arthropoda_odb10/hmms/87527at6656.hmm /hpcdata/bcbb/homc/Barillaslab/Agam_hemo_transcriptomes/scripts/compare_txomes/busco/denovo_Agamhemo_BUSCO/run_arthropoda_odb10/metaeuk_output/initial_results/de_novo_transcriptome_with_genome_hits_and_expression_filtering.gffread.fa.modified.fas 
# Current dir:     /hpcdata/bcbb/homc/Barillaslab/Agam_hemo_transcriptomes/scripts/compare_txomes/busco
# Date:            Sun Jan 29 13:00:44 2023
# [ok]
