#                                                                                     --- full sequence --- -------------- this domain -------------   hmm coord   ali coord   env coord
# target name                 accession   tlen query name           accession   qlen   E-value  score  bias   #  of  c-Evalue  i-Evalue  score  bias  from    to  from    to  from    to  acc description of target
#         ------------------- ---------- ----- -------------------- ---------- ----- --------- ------ ----- --- --- --------- --------- ------ ----- ----- ----- ----- ----- ----- ----- ---- ---------------------
AgamP4_2L:14029962-14035090   -            940 103749at6656         -            374  1.7e-128  426.0   5.7   1   1  9.1e-130  2.4e-128  425.5   5.7    14   374   548   937   536   937 0.88 -
AgamP4_3R:37009802-37012165   -            788 103749at6656         -            374   1.2e-45  153.3  11.0   1   5   1.7e-08   4.3e-07   26.4   0.0   254   355    72   168    68   168 0.90 -
AgamP4_3R:37009802-37012165   -            788 103749at6656         -            374   1.2e-45  153.3  11.0   2   5   8.6e-12   2.2e-10   37.2   0.1   135   210   161   237   154   286 0.71 -
AgamP4_3R:37009802-37012165   -            788 103749at6656         -            374   1.2e-45  153.3  11.0   3   5   2.9e-08   7.5e-07   25.6   0.6   136   272   308   452   277   455 0.53 -
AgamP4_3R:37009802-37012165   -            788 103749at6656         -            374   1.2e-45  153.3  11.0   4   5     5e-21   1.3e-19   67.6   0.2   119   267   473   627   452   628 0.85 -
AgamP4_3R:37009802-37012165   -            788 103749at6656         -            374   1.2e-45  153.3  11.0   5   5    0.0014     0.037   10.2   0.0    83   120   597   634   588   639 0.83 -
AgamP4_2R:17704642-17706144   -            501 103749at6656         -            374   1.7e-40  136.3   0.2   1   5   4.4e-08   1.1e-06   25.0   0.0   154   232   126   206   110   211 0.85 -
AgamP4_2R:17704642-17706144   -            501 103749at6656         -            374   1.7e-40  136.3   0.2   2   5   0.00059     0.015   11.5   0.0   119   170   174   227   168   232 0.80 -
AgamP4_2R:17704642-17706144   -            501 103749at6656         -            374   1.7e-40  136.3   0.2   3   5   1.4e-15   3.6e-14   49.7   0.0   132   278   235   386   232   395 0.88 -
AgamP4_2R:17704642-17706144   -            501 103749at6656         -            374   1.7e-40  136.3   0.2   4   5     7e-08   1.8e-06   24.4   0.0   174   229   362   418   358   422 0.90 -
AgamP4_2R:17704642-17706144   -            501 103749at6656         -            374   1.7e-40  136.3   0.2   5   5   9.9e-16   2.6e-14   50.2   0.0   123   228   393   501   387   501 0.90 -
AgamP4_2L:18015543-18017062   -            484 103749at6656         -            374   2.4e-29   99.7   0.1   1   4   2.4e-15   6.2e-14   48.9   0.0   123   230   177   287   168   290 0.88 -
AgamP4_2L:18015543-18017062   -            484 103749at6656         -            374   2.4e-29   99.7   0.1   2   4   1.7e-09   4.5e-08   29.7   0.5   152   230   249   329   247   333 0.86 -
AgamP4_2L:18015543-18017062   -            484 103749at6656         -            374   2.4e-29   99.7   0.1   3   4   3.5e-09   9.1e-08   28.7   0.0   153   229   334   410   330   418 0.94 -
AgamP4_2L:18015543-18017062   -            484 103749at6656         -            374   2.4e-29   99.7   0.1   4   4       1.9        51   -0.1   0.0   166   193   437   465   430   470 0.66 -
AgamP4_2R:14010526-14011476   -            317 103749at6656         -            374   1.8e-28   96.8   0.9   1   3   5.1e-17   1.3e-15   54.4   0.1   117   229    72   187    45   189 0.70 -
AgamP4_2R:14010526-14011476   -            317 103749at6656         -            374   1.8e-28   96.8   0.9   2   3   1.6e-05   0.00041   16.6   0.0   143   199   141   198   141   208 0.89 -
AgamP4_2R:14010526-14011476   -            317 103749at6656         -            374   1.8e-28   96.8   0.9   3   3   5.9e-12   1.5e-10   37.8   0.1   126   221   208   309   196   317 0.76 -
AgamP4_3R:34966164-34967360   -            349 103749at6656         -            374   2.7e-28   96.2   2.7   1   3   3.4e-14   8.8e-13   45.2   0.2   136   272    75   216    56   217 0.75 -
AgamP4_3R:34966164-34967360   -            349 103749at6656         -            374   2.7e-28   96.2   2.7   2   3   1.8e-12   4.6e-11   39.5   0.2   138   231   162   256   153   273 0.88 -
AgamP4_3R:34966164-34967360   -            349 103749at6656         -            374   2.7e-28   96.2   2.7   3   3   4.8e-08   1.2e-06   24.9   0.0   123   227   229   344   228   349 0.81 -
AgamP4_UNKN:25798770-25799561 -            264 103749at6656         -            374   2.9e-28   96.1   0.6   1   2   3.4e-17   8.9e-16   55.0   0.1   117   230    19   135    13   141 0.90 -
AgamP4_UNKN:25798770-25799561 -            264 103749at6656         -            374   2.9e-28   96.1   0.6   2   2   3.8e-12     1e-10   38.4   0.1   126   225   155   262   142   264 0.76 -
AgamP4_2R:3568901-3577236     -           1467 103749at6656         -            374   5.6e-28   95.2   8.5   1   4   3.1e-07   8.1e-06   22.2   0.1   159   232     3    78     1    92 0.65 -
AgamP4_2R:3568901-3577236     -           1467 103749at6656         -            374   5.6e-28   95.2   8.5   2   4   1.2e-14   3.1e-13   46.7   1.2   117   279    95   263    82   273 0.84 -
AgamP4_2R:3568901-3577236     -           1467 103749at6656         -            374   5.6e-28   95.2   8.5   3   4   0.00036    0.0094   12.2   0.0   119   171   867   919   860   931 0.84 -
AgamP4_2R:3568901-3577236     -           1467 103749at6656         -            374   5.6e-28   95.2   8.5   4   4     5e-05    0.0013   15.0   0.0   252   318   971  1032   961  1044 0.76 -
AgamP4_2L:4140122-4140970     -            283 103749at6656         -            374   2.4e-27   93.1   5.9   1   2   9.3e-14   2.4e-12   43.7   0.3   156   278     3   127     1   131 0.85 -
AgamP4_2L:4140122-4140970     -            283 103749at6656         -            374   2.4e-27   93.1   5.9   2   2   3.8e-18   9.9e-17   58.1   2.2    87   231    90   245    86   252 0.87 -
AgamP4_3L:36689004-36689834   -            277 103749at6656         -            374   4.3e-26   89.0   0.1   1   4     1e-06   2.6e-05   20.6   0.1   159   228     2    73     1    74 0.62 -
AgamP4_3L:36689004-36689834   -            277 103749at6656         -            374   4.3e-26   89.0   0.1   2   4   1.9e-15   4.9e-14   49.3   0.0   123   228    49   157    37   166 0.86 -
AgamP4_3L:36689004-36689834   -            277 103749at6656         -            374   4.3e-26   89.0   0.1   3   4   4.3e-05    0.0011   15.2   0.0   295   349   178   232   164   237 0.92 -
AgamP4_3L:36689004-36689834   -            277 103749at6656         -            374   4.3e-26   89.0   0.1   4   4   0.00021    0.0054   12.9   0.0   134   181   228   276   228   277 0.84 -
AgamP4_3R:51549078-51661884   -            296 103749at6656         -            374     2e-25   86.8   0.5   1   3   1.4e-15   3.6e-14   49.7   0.1   134   231    17   117     3   123 0.85 -
AgamP4_3R:51549078-51661884   -            296 103749at6656         -            374     2e-25   86.8   0.5   2   3   0.00062     0.016   11.4   0.0   154   194   152   193   140   202 0.70 -
AgamP4_3R:51549078-51661884   -            296 103749at6656         -            374     2e-25   86.8   0.5   3   3   1.2e-07   3.1e-06   23.6   0.0   154   246   196   288   192   293 0.87 -
AgamP4_3L:8624534-8630790     -            983 103749at6656         -            374   6.9e-25   85.0   0.0   1   4   0.00029    0.0074   12.5   0.0   127   188   150   215   127   251 0.87 -
AgamP4_3L:8624534-8630790     -            983 103749at6656         -            374   6.9e-25   85.0   0.0   2   4   7.1e-13   1.8e-11   40.8   0.0    13   231   259   483   246   493 0.82 -
AgamP4_3L:8624534-8630790     -            983 103749at6656         -            374   6.9e-25   85.0   0.0   3   4   9.4e-08   2.5e-06   23.9   0.0   121   237   497   619   489   629 0.87 -
AgamP4_3L:8624534-8630790     -            983 103749at6656         -            374   6.9e-25   85.0   0.0   4   4      0.44        11    2.0   0.0    86   118   645   677   620   690 0.67 -
AgamP4_2L:39373096-39375665   -            794 103749at6656         -            374   2.7e-24   83.0   7.1   1   5   4.4e-10   1.1e-08   31.6   0.1   138   325    30   249    25   252 0.70 -
AgamP4_2L:39373096-39375665   -            794 103749at6656         -            374   2.7e-24   83.0   7.1   2   5    0.0011     0.029   10.5   0.0   126   223   174   277   154   290 0.68 -
AgamP4_2L:39373096-39375665   -            794 103749at6656         -            374   2.7e-24   83.0   7.1   3   5   0.00094     0.024   10.8   0.1   153   196   286   333   280   338 0.78 -
AgamP4_2L:39373096-39375665   -            794 103749at6656         -            374   2.7e-24   83.0   7.1   4   5   1.8e-08   4.7e-07   26.3   0.4   123   234   567   692   561   695 0.76 -
AgamP4_2L:39373096-39375665   -            794 103749at6656         -            374   2.7e-24   83.0   7.1   5   5    0.0012     0.031   10.4   0.1    85   189   658   792   644   793 0.62 -
AgamP4_X:7822877-7823976      -            341 103749at6656         -            374   7.9e-24   81.5   5.0   1   3   0.00011    0.0028   13.9   0.0   150   190     3    44     1    50 0.92 -
AgamP4_X:7822877-7823976      -            341 103749at6656         -            374   7.9e-24   81.5   5.0   2   3   7.5e-14   1.9e-12   44.0   0.4   109   229    49   181    44   184 0.87 -
AgamP4_X:7822877-7823976      -            341 103749at6656         -            374   7.9e-24   81.5   5.0   3   3   4.2e-06   0.00011   18.5   0.8   151   235   189   291   184   339 0.61 -
AgamP4_3L:31279277-31281446   -            674 103749at6656         -            374   2.9e-22   76.4   1.5   1   4      0.94        24    0.9   0.1   172   193   356   378   339   393 0.59 -
AgamP4_3L:31279277-31281446   -            674 103749at6656         -            374   2.9e-22   76.4   1.5   2   4     4e-06    0.0001   18.6   0.0   142   202   399   460   391   462 0.88 -
AgamP4_3L:31279277-31281446   -            674 103749at6656         -            374   2.9e-22   76.4   1.5   3   4   5.1e-08   1.3e-06   24.8   0.2   153   230   452   531   448   535 0.83 -
AgamP4_3L:31279277-31281446   -            674 103749at6656         -            374   2.9e-22   76.4   1.5   4   4   4.3e-13   1.1e-11   41.5   0.0   131   230   513   615   507   621 0.88 -
AgamP4_2L:23638188-23639159   -            324 103749at6656         -            374   4.4e-22   75.8   0.1   1   2   2.6e-08   6.8e-07   25.8   0.0    64   190    21   157     7   158 0.82 -
AgamP4_2L:23638188-23639159   -            324 103749at6656         -            374   4.4e-22   75.8   0.1   2   2   2.4e-17   6.4e-16   55.5   0.0   130   316   138   324   132   324 0.87 -
AgamP4_3R:17121373-17122476   -            368 103749at6656         -            374   6.7e-22   75.2   0.4   1   4   0.00011    0.0028   13.9   0.0   151   191    48    89    43    95 0.85 -
AgamP4_3R:17121373-17122476   -            368 103749at6656         -            374   6.7e-22   75.2   0.4   2   4     0.002     0.053    9.7   0.0   154   189   104   140    95   145 0.56 -
AgamP4_3R:17121373-17122476   -            368 103749at6656         -            374   6.7e-22   75.2   0.4   3   4   3.7e-06   9.7e-05   18.7   0.0   155   188   158   192   142   202 0.84 -
AgamP4_3R:17121373-17122476   -            368 103749at6656         -            374   6.7e-22   75.2   0.4   4   4   4.6e-09   1.2e-07   28.3   0.2   138   203   278   344   218   368 0.81 -
AgamP4_2R:4563302-4564801     -            500 103749at6656         -            374   8.3e-22   74.9   0.5   1   2   2.1e-09   5.5e-08   29.4   0.0   234   322   198   288   182   296 0.81 -
AgamP4_2R:4563302-4564801     -            500 103749at6656         -            374   8.3e-22   74.9   0.5   2   2   2.9e-11   7.6e-10   35.5   0.1   116   316   294   498   291   499 0.66 -
AgamP4_3R:30773788-30774537   -            250 103749at6656         -            374   9.8e-22   74.6   2.2   1   3   2.6e-12   6.7e-11   39.0   0.1   123   225     1   112     1   119 0.79 -
AgamP4_3R:30773788-30774537   -            250 103749at6656         -            374   9.8e-22   74.6   2.2   2   3   7.4e-08   1.9e-06   24.3   0.7   133   234    56   164    54   176 0.85 -
AgamP4_3R:30773788-30774537   -            250 103749at6656         -            374   9.8e-22   74.6   2.2   3   3   2.8e-07   7.2e-06   22.4   0.0   132   189   188   247   176   249 0.86 -
AgamP4_2R:15155283-15156926   -            520 103749at6656         -            374   1.8e-21   73.7   0.2   1   3       1.5        40    0.2   0.0   136   173    55    92    51    94 0.87 -
AgamP4_2R:15155283-15156926   -            520 103749at6656         -            374   1.8e-21   73.7   0.2   2   3   2.3e-12   5.9e-11   39.1   0.0   129   230    89   194    64   225 0.83 -
AgamP4_2R:15155283-15156926   -            520 103749at6656         -            374   1.8e-21   73.7   0.2   3   3   2.9e-10   7.5e-09   32.2   0.1   136   229   222   317   205   324 0.88 -
AgamP4_3L:36698245-36698961   -            239 103749at6656         -            374   3.3e-21   72.9   0.1   1   3   8.9e-08   2.3e-06   24.0   0.1   155   228    13    88     5    88 0.85 -
AgamP4_3L:36698245-36698961   -            239 103749at6656         -            374   3.3e-21   72.9   0.1   2   3   1.4e-15   3.6e-14   49.7   0.0   123   228    64   172    52   178 0.86 -
AgamP4_3L:36698245-36698961   -            239 103749at6656         -            374   3.3e-21   72.9   0.1   3   3     0.017      0.45    6.6   0.0   295   340   193   238   178   239 0.91 -
AgamP4_2L:23631520-23632380   -            287 103749at6656         -            374   6.1e-21   72.0   0.7   1   2   0.00014    0.0036   13.5   0.1   252   320    15    76    12    86 0.86 -
AgamP4_2L:23631520-23632380   -            287 103749at6656         -            374   6.1e-21   72.0   0.7   2   2   1.4e-17   3.7e-16   56.3   0.0   130   316   101   287    89   287 0.87 -
AgamP4_3R:170125-171711       -            350 103749at6656         -            374   7.7e-21   71.7   6.4   1   5    0.0043      0.11    8.6   0.1   298   320    21    43     8    52 0.84 -
AgamP4_3R:170125-171711       -            350 103749at6656         -            374   7.7e-21   71.7   6.4   2   5   0.00027     0.007   12.6   0.0   288   348    66   125    53   132 0.79 -
AgamP4_3R:170125-171711       -            350 103749at6656         -            374   7.7e-21   71.7   6.4   3   5   1.5e-08   3.9e-07   26.6   0.4   120   248   108   244   102   246 0.79 -
AgamP4_3R:170125-171711       -            350 103749at6656         -            374   7.7e-21   71.7   6.4   4   5   0.00032    0.0084   12.3   0.2   255   317   212   274   197   275 0.72 -
AgamP4_3R:170125-171711       -            350 103749at6656         -            374   7.7e-21   71.7   6.4   5   5   1.8e-08   4.6e-07   26.3   0.0   138   216   265   344   256   350 0.76 -
AgamP4_2L:44379373-44383081   -            834 103749at6656         -            374   1.4e-20   70.8   0.4   1   3   1.6e-07   4.1e-06   23.2   0.0   122   189   240   310   232   315 0.85 -
AgamP4_2L:44379373-44383081   -            834 103749at6656         -            374   1.4e-20   70.8   0.4   2   3   6.4e-09   1.7e-07   27.8   0.0    92   193   339   441   329   449 0.87 -
AgamP4_2L:44379373-44383081   -            834 103749at6656         -            374   1.4e-20   70.8   0.4   3   3   3.1e-05   0.00082   15.6   0.1   122   185   453   516   444   520 0.86 -
AgamP4_2R:55466578-55468326   -            532 103749at6656         -            374   1.4e-19   67.5   2.6   1   4    0.0002    0.0052   13.0   0.1   153   230   194   273   174   287 0.82 -
AgamP4_2R:55466578-55468326   -            532 103749at6656         -            374   1.4e-19   67.5   2.6   2   4   4.9e-05    0.0013   15.0   0.0   172   230   334   393   312   396 0.87 -
AgamP4_2R:55466578-55468326   -            532 103749at6656         -            374   1.4e-19   67.5   2.6   3   4   6.1e-10   1.6e-08   31.1   0.1   153   193   399   439   393   445 0.92 -
AgamP4_2R:55466578-55468326   -            532 103749at6656         -            374   1.4e-19   67.5   2.6   4   4     0.036      0.94    5.6   0.0   122   187   450   523   442   526 0.72 -
AgamP4_2L:8569430-8580292     -            367 103749at6656         -            374   2.1e-19   67.0   0.0   1   3   1.5e-05   0.00038   16.7   0.0   132   200    27    96    21   102 0.86 -
AgamP4_2L:8569430-8580292     -            367 103749at6656         -            374   2.1e-19   67.0   0.0   2   3   9.1e-10   2.4e-08   30.6   0.1   120   188    97   168    89   176 0.83 -
AgamP4_2L:8569430-8580292     -            367 103749at6656         -            374   2.1e-19   67.0   0.0   3   3   2.3e-05   0.00059   16.1   0.0   124   188   225   291   221   298 0.80 -
AgamP4_2R:44708361-44709663   -            267 103749at6656         -            374   3.3e-19   66.3   0.3   1   1   1.9e-20     5e-19   65.7   0.4   102   316    37   255    13   266 0.80 -
AgamP4_3R:6001708-6002684     -            303 103749at6656         -            374   3.7e-19   66.2   0.2   1   2   3.5e-16     9e-15   51.7   0.1   119   264    12   163     2   163 0.86 -
AgamP4_3R:6001708-6002684     -            303 103749at6656         -            374   3.7e-19   66.2   0.2   2   2   1.6e-06     4e-05   19.9   0.0   150   273   130   256   126   272 0.53 -
AgamP4_2L:23645171-23646016   -            282 103749at6656         -            374   5.8e-19   65.5   3.9   1   2   3.2e-08   8.4e-07   25.5   0.4   218   321    10   110     2   117 0.85 -
AgamP4_2L:23645171-23646016   -            282 103749at6656         -            374   5.8e-19   65.5   3.9   2   2     3e-15   7.9e-14   48.6   0.2   115   320    73   279    71   281 0.85 -
AgamP4_3R:13720775-13721455   -            227 103749at6656         -            374   7.4e-19   65.1   0.0   1   3      0.24       6.3    2.8   0.0   287   317    23    53    10    57 0.66 -
AgamP4_3R:13720775-13721455   -            227 103749at6656         -            374   7.4e-19   65.1   0.0   2   3   7.8e-05     0.002   14.3   0.0   152   189    66   104    60   120 0.75 -
AgamP4_3R:13720775-13721455   -            227 103749at6656         -            374   7.4e-19   65.1   0.0   3   3   3.3e-14   8.5e-13   45.2   0.0   120   228   118   227   113   227 0.87 -
AgamP4_2L:3643810-3644250     -            147 103749at6656         -            374   8.1e-19   65.0   0.1   1   2   2.4e-10   6.3e-09   32.5   0.1   142   209     4    75     1    79 0.84 -
AgamP4_2L:3643810-3644250     -            147 103749at6656         -            374   8.1e-19   65.0   0.1   2   2   5.9e-11   1.5e-09   34.5   0.0   156   229    62   139    61   143 0.87 -
AgamP4_3R:21067729-21069716   -            614 103749at6656         -            374   8.7e-19   64.9   4.6   1   4   7.1e-09   1.8e-07   27.7   0.1   152   231   314   397   311   417 0.86 -
AgamP4_3R:21067729-21069716   -            614 103749at6656         -            374   8.7e-19   64.9   4.6   2   4   4.4e-07   1.2e-05   21.7   0.1   133   195   425   491   419   504 0.83 -
AgamP4_3R:21067729-21069716   -            614 103749at6656         -            374   8.7e-19   64.9   4.6   3   4      0.61        16    1.5   0.0   122   161   498   541   486   550 0.78 -
AgamP4_3R:21067729-21069716   -            614 103749at6656         -            374   8.7e-19   64.9   4.6   4   4   5.1e-05    0.0013   14.9   0.2    97   187   517   613   509   614 0.77 -
AgamP4_2L:48386720-48387145   -            142 103749at6656         -            374     9e-19   64.9   0.2   1   2   2.4e-10   6.2e-09   32.5   0.0   131   203     1    75     1    77 0.92 -
AgamP4_2L:48386720-48387145   -            142 103749at6656         -            374     9e-19   64.9   0.2   2   2     6e-10   1.6e-08   31.2   0.1   123   185    77   141    74   142 0.90 -
AgamP4_2R:57589246-57592097   -            924 103749at6656         -            374   3.4e-18   63.0   1.0   1   7      0.46        12    1.9   0.0   127   201    66   139    55   172 0.59 -
AgamP4_2R:57589246-57592097   -            924 103749at6656         -            374   3.4e-18   63.0   1.0   2   7      0.44        12    2.0   0.0   129   167   152   190   135   197 0.80 -
AgamP4_2R:57589246-57592097   -            924 103749at6656         -            374   3.4e-18   63.0   1.0   3   7     0.036      0.95    5.6   0.0   292   351   187   246   163   250 0.84 -
AgamP4_2R:57589246-57592097   -            924 103749at6656         -            374   3.4e-18   63.0   1.0   4   7   8.3e-08   2.2e-06   24.1   0.0   123   234   229   349   225   361 0.67 -
AgamP4_2R:57589246-57592097   -            924 103749at6656         -            374   3.4e-18   63.0   1.0   5   7      0.25       6.4    2.8   0.0    81   117   431   467   413   474 0.79 -
AgamP4_2R:57589246-57592097   -            924 103749at6656         -            374   3.4e-18   63.0   1.0   6   7      0.01      0.26    7.4   0.0   281   321   473   513   469   528 0.82 -
AgamP4_2R:57589246-57592097   -            924 103749at6656         -            374   3.4e-18   63.0   1.0   7   7    0.0002    0.0053   13.0   0.0   143   207   552   617   530   643 0.77 -
AgamP4_3R:49908365-49910129   -            240 103749at6656         -            374   5.4e-18   62.3   0.2   1   1   1.4e-18   3.7e-17   59.6   0.1    84   267    46   238    32   240 0.84 -
AgamP4_2R:14088685-14089743   -            353 103749at6656         -            374   2.8e-17   60.0   1.0   1   3   6.1e-09   1.6e-07   27.9   0.0   122   229     5   119     1   124 0.71 -
AgamP4_2R:14088685-14089743   -            353 103749at6656         -            374   2.8e-17   60.0   1.0   2   3   0.00032    0.0084   12.3   0.0   216   270   159   218   134   227 0.82 -
AgamP4_2R:14088685-14089743   -            353 103749at6656         -            374   2.8e-17   60.0   1.0   3   3   2.4e-05   0.00062   16.0   0.2   119   190   245   319   239   334 0.79 -
AgamP4_2L:23616958-23617665   -            236 103749at6656         -            374     6e-17   58.9   0.0   1   1   8.3e-18   2.2e-16   57.0   0.0   130   317    49   236    37   236 0.86 -
AgamP4_2R:16412080-16414107   -            456 103749at6656         -            374     1e-16   58.1   3.5   1   2   6.7e-12   1.7e-10   37.6   0.1   123   278   217   379   207   385 0.80 -
AgamP4_2R:16412080-16414107   -            456 103749at6656         -            374     1e-16   58.1   3.5   2   2     1e-06   2.7e-05   20.5   0.2   132   189   396   455   393   456 0.85 -
AgamP4_3R:21124714-21126517   -            407 103749at6656         -            374   1.3e-16   57.8   0.9   1   3       1.7        43    0.1   0.0    88   117    78   107    70   113 0.86 -
AgamP4_3R:21124714-21126517   -            407 103749at6656         -            374   1.3e-16   57.8   0.9   2   3   1.3e-14   3.4e-13   46.5   0.1    84   231   120   279   111   285 0.85 -
AgamP4_3R:21124714-21126517   -            407 103749at6656         -            374   1.3e-16   57.8   0.9   3   3     0.013      0.34    7.0   0.0   152   190   364   403   350   406 0.85 -
AgamP4_X:5662881-5675167      -            930 103749at6656         -            374   1.7e-16   57.4   0.3   1   2   6.1e-08   1.6e-06   24.6   0.2   202   270    15    86     8    92 0.85 -
AgamP4_X:5662881-5675167      -            930 103749at6656         -            374   1.7e-16   57.4   0.3   2   2   4.6e-10   1.2e-08   31.5   0.0   151   281    88   223    80   228 0.72 -
AgamP4_3R:53005020-53006357   -            446 103749at6656         -            374   2.6e-16   56.8   0.8   1   3   3.2e-09   8.3e-08   28.8   0.1   299   361    77   138    64   151 0.90 -
AgamP4_3R:53005020-53006357   -            446 103749at6656         -            374   2.6e-16   56.8   0.8   2   3       2.6        67   -0.5   0.0   122   188   159   226   145   237 0.67 -
AgamP4_3R:53005020-53006357   -            446 103749at6656         -            374   2.6e-16   56.8   0.8   3   3   3.3e-07   8.6e-06   22.2   0.1   158   231   280   356   264   365 0.56 -
AgamP4_2R:12715743-12716285   -            181 103749at6656         -            374   6.3e-16   55.5   0.2   1   2   1.4e-13   3.6e-12   43.1   0.0   138   226    15   104     7   107 0.85 -
AgamP4_2R:12715743-12716285   -            181 103749at6656         -            374   6.3e-16   55.5   0.2   2   2    0.0011     0.028   10.6   0.1   144   189   137   181   123   181 0.75 -
AgamP4_2L:44509306-44520474   -           1432 103749at6656         -            374   6.9e-16   55.4   6.5   1   3     7e-07   1.8e-05   21.1   3.2   212   319   226   335   213   340 0.78 -
AgamP4_2L:44509306-44520474   -           1432 103749at6656         -            374   6.9e-16   55.4   6.5   2   3   1.5e-05    0.0004   16.7   0.0   154   228   360   434   345   438 0.78 -
AgamP4_2L:44509306-44520474   -           1432 103749at6656         -            374   6.9e-16   55.4   6.5   3   3   8.3e-06   0.00022   17.5   0.0   140   229   428   523   419   529 0.78 -
AgamP4_2L:43754158-43755135   -            326 103749at6656         -            374     1e-15   54.8   0.0   1   3     4e-07     1e-05   21.9   0.0   148   232    45   134    13   142 0.75 -
AgamP4_2L:43754158-43755135   -            326 103749at6656         -            374     1e-15   54.8   0.0   2   3   0.00098     0.025   10.7   0.0   159   188   176   206   170   212 0.86 -
AgamP4_2L:43754158-43755135   -            326 103749at6656         -            374     1e-15   54.8   0.0   3   3   4.1e-06   0.00011   18.6   0.0   126   167   284   326   232   326 0.86 -
AgamP4_3L:6010372-6011085     -            238 103749at6656         -            374   3.9e-15   52.9   0.5   1   1     2e-16   5.2e-15   52.5   0.5   138   351     9   232     2   236 0.82 -
AgamP4_3R:31538606-31539256   -            217 103749at6656         -            374   4.5e-15   52.7   0.0   1   2   1.9e-12   4.8e-11   39.4   0.0    94   229    14   171     4   171 0.76 -
AgamP4_3R:31538606-31539256   -            217 103749at6656         -            374   4.5e-15   52.7   0.0   2   2   9.3e-06   0.00024   17.4   0.0   161   229   141   213   132   216 0.84 -
AgamP4_X:19936178-19937254    -            359 103749at6656         -            374   1.4e-14   51.1   0.0   1   4     0.035      0.92    5.6   0.0   298   325     5    32     2    51 0.62 -
AgamP4_X:19936178-19937254    -            359 103749at6656         -            374   1.4e-14   51.1   0.0   2   4   1.3e-05   0.00033   16.9   0.0   121   190    66   136    61   140 0.92 -
AgamP4_X:19936178-19937254    -            359 103749at6656         -            374   1.4e-14   51.1   0.0   3   4      0.19       4.8    3.2   0.0    86   147   149   219   140   227 0.75 -
AgamP4_X:19936178-19937254    -            359 103749at6656         -            374   1.4e-14   51.1   0.0   4   4   1.5e-06   3.8e-05   20.0   0.0    76   171   236   340   224   348 0.72 -
AgamP4_X:2171391-2177961      -           1149 103749at6656         -            374   3.4e-14   49.8   0.9   1   3     0.019       0.5    6.5   0.0   146   192   698   746   687   757 0.85 -
AgamP4_X:2171391-2177961      -           1149 103749at6656         -            374   3.4e-14   49.8   0.9   2   3   6.8e-12   1.8e-10   37.6   0.1   154   347   805  1007   774  1009 0.77 -
AgamP4_X:2171391-2177961      -           1149 103749at6656         -            374   3.4e-14   49.8   0.9   3   3     0.092       2.4    4.2   0.1   127   149   998  1021   963  1036 0.65 -
AgamP4_3R:34705215-34705949   -            245 103749at6656         -            374   5.6e-14   49.1   0.2   1   3      0.95        25    0.9   0.0   215   229    19    33     3    37 0.55 -
AgamP4_3R:34705215-34705949   -            245 103749at6656         -            374   5.6e-14   49.1   0.2   2   3   2.8e-10   7.3e-09   32.3   0.1   120   198    67   148    45   153 0.82 -
AgamP4_3R:34705215-34705949   -            245 103749at6656         -            374   5.6e-14   49.1   0.2   3   3    0.0003    0.0078   12.4   0.0   121   172   159   215   146   245 0.85 -
AgamP4_2R:15759829-15760374   -            182 103749at6656         -            374   8.6e-13   45.2   0.0   1   2   3.9e-09     1e-07   28.5   0.0   119   188     9    83     5    96 0.83 -
AgamP4_2R:15759829-15760374   -            182 103749at6656         -            374   8.6e-13   45.2   0.0   2   2   5.7e-05    0.0015   14.8   0.0   122   190    98   170    92   176 0.82 -
AgamP4_2L:17360629-17360904   -             92 103749at6656         -            374   9.1e-13   45.1   1.8   1   2   1.1e-09   2.8e-08   30.4   0.3   174   230     9    65     2    67 0.84 -
AgamP4_2L:17360629-17360904   -             92 103749at6656         -            374   9.1e-13   45.1   1.8   2   2   1.6e-06     4e-05   19.9   0.1   153   195    28    71    23    87 0.68 -
AgamP4_2R:27039208-27043163   -           1103 103749at6656         -            374   1.1e-12   44.9   3.3   1   3      0.72        19    1.3   0.0   302   321   121   140   102   145 0.76 -
AgamP4_2R:27039208-27043163   -           1103 103749at6656         -            374   1.1e-12   44.9   3.3   2   3   3.3e-13   8.5e-12   41.9   0.2   153   324   160   336   154   342 0.85 -
AgamP4_2R:27039208-27043163   -           1103 103749at6656         -            374   1.1e-12   44.9   3.3   3   3       2.1        54   -0.2   0.1   141   181   371   413   345   428 0.79 -
AgamP4_2R:19061665-19062666   -            334 103749at6656         -            374   1.3e-12   44.6   0.0   1   3     3e-06   7.8e-05   19.0   0.0   122   204    23   108    15   131 0.86 -
AgamP4_2R:19061665-19062666   -            334 103749at6656         -            374   1.3e-12   44.6   0.0   2   3   1.3e-06   3.4e-05   20.2   0.1   255   331   168   247   151   276 0.87 -
AgamP4_2R:19061665-19062666   -            334 103749at6656         -            374   1.3e-12   44.6   0.0   3   3      0.54        14    1.7   0.0    82   119   289   327   277   330 0.82 -
AgamP4_3R:36380953-36381426   -            158 103749at6656         -            374   1.4e-12   44.5   0.1   1   2   1.4e-06   3.6e-05   20.1   0.1   178   247    21    91     1    95 0.50 -
AgamP4_3R:36380953-36381426   -            158 103749at6656         -            374   1.4e-12   44.5   0.1   2   2   1.1e-08   2.8e-07   27.1   0.0   150   229    77   158    74   158 0.90 -
AgamP4_2R:597713-599083       -            457 103749at6656         -            374   1.8e-12   44.1   1.4   1   3     0.018      0.46    6.6   0.0   137   182     3    50     1    61 0.71 -
AgamP4_2R:597713-599083       -            457 103749at6656         -            374   1.8e-12   44.1   1.4   2   3     8e-09   2.1e-07   27.5   0.2   147   231    56   143    42   148 0.84 -
AgamP4_2R:597713-599083       -            457 103749at6656         -            374   1.8e-12   44.1   1.4   3   3     0.015      0.38    6.9   0.0   123   229   314   421   272   424 0.68 -
AAAB01001548:70979-72364      -            435 103749at6656         -            374   5.1e-12   42.6   0.1   1   3     8e-09   2.1e-07   27.5   0.0   123   315   107   299   101   302 0.83 -
AAAB01001548:70979-72364      -            435 103749at6656         -            374   5.1e-12   42.6   0.1   2   3       3.4        88   -0.9   0.0   303   321   331   349   327   380 0.71 -
AAAB01001548:70979-72364      -            435 103749at6656         -            374   5.1e-12   42.6   0.1   3   3    0.0065      0.17    8.0   0.0   144   189   384   430   370   434 0.84 -
AgamP4_3L:34041168-34041458   -             97 103749at6656         -            374   5.2e-12   42.6   0.4   1   1   2.9e-13   7.6e-12   42.1   0.4   139   226     7    97     1    97 0.86 -
AgamP4_2R:22130947-22131963   -            339 103749at6656         -            374   1.1e-11   41.5   0.0   1   3   5.4e-05    0.0014   14.9   0.0   123   195    10    86     2   101 0.80 -
AgamP4_2R:22130947-22131963   -            339 103749at6656         -            374   1.1e-11   41.5   0.0   2   3   1.1e-05   0.00029   17.1   0.0    82   120   133   171   120   181 0.85 -
AgamP4_2R:22130947-22131963   -            339 103749at6656         -            374   1.1e-11   41.5   0.0   3   3     0.032      0.84    5.7   0.0   125   191   263   332   190   335 0.71 -
AgamP4_3L:23253341-23254726   -            435 103749at6656         -            374   2.1e-11   40.6   0.1   1   3   3.3e-08   8.5e-07   25.5   0.0   123   315   107   299   101   302 0.82 -
AgamP4_3L:23253341-23254726   -            435 103749at6656         -            374   2.1e-11   40.6   0.1   2   3       3.4        88   -0.9   0.0   303   321   331   349   327   380 0.71 -
AgamP4_3L:23253341-23254726   -            435 103749at6656         -            374   2.1e-11   40.6   0.1   3   3    0.0065      0.17    8.0   0.0   144   189   384   430   370   434 0.84 -
AgamP4_2L:23646477-23647193   -            239 103749at6656         -            374   4.1e-11   39.7   0.2   1   3     0.003     0.079    9.1   0.0   123   175     4    55     2    63 0.85 -
AgamP4_2L:23646477-23647193   -            239 103749at6656         -            374   4.1e-11   39.7   0.2   2   3   1.4e-08   3.7e-07   26.7   0.7   123   235    44   169    43   178 0.77 -
AgamP4_2L:23646477-23647193   -            239 103749at6656         -            374   4.1e-11   39.7   0.2   3   3      0.13       3.4    3.7   0.0    84   116   180   212   168   216 0.85 -
AgamP4_3R:49959164-49961053   -            630 103749at6656         -            374   8.5e-11   38.6   0.0   1   1   6.3e-12   1.6e-10   37.7   0.0   126   233    57   168    52   179 0.86 -
AgamP4_2R:658072-660560       -            803 103749at6656         -            374   1.1e-10   38.3   2.5   1   2   2.7e-08     7e-07   25.7   0.9   211   322   119   229    18   240 0.70 -
AgamP4_2R:658072-660560       -            803 103749at6656         -            374   1.1e-10   38.3   2.5   2   2     0.006      0.16    8.1   0.0   140   185   271   319   257   327 0.80 -
AgamP4_2L:34692114-34693167   -            325 103749at6656         -            374   1.8e-10   37.6   0.4   1   3   0.00056     0.015   11.5   0.0   157   228     5    77     3    97 0.85 -
AgamP4_2L:34692114-34693167   -            325 103749at6656         -            374   1.8e-10   37.6   0.4   2   3   9.1e-07   2.4e-05   20.7   0.2   108   204   136   233   113   258 0.75 -
AgamP4_2L:34692114-34693167   -            325 103749at6656         -            374   1.8e-10   37.6   0.4   3   3      0.62        16    1.5   0.0   323   347   278   302   252   312 0.74 -
AgamP4_2R:45613957-45614913   -            319 103749at6656         -            374   3.1e-10   36.8   0.2   1   4       0.1       2.6    4.1   0.0   171   193    13    35     1    43 0.67 -
AgamP4_2R:45613957-45614913   -            319 103749at6656         -            374   3.1e-10   36.8   0.2   2   4    0.0015     0.038   10.2   0.1   155   238    64   154    57   158 0.60 -
AgamP4_2R:45613957-45614913   -            319 103749at6656         -            374   3.1e-10   36.8   0.2   3   4   1.1e-05   0.00029   17.1   0.0   112   194   145   229   104   235 0.77 -
AgamP4_2R:45613957-45614913   -            319 103749at6656         -            374   3.1e-10   36.8   0.2   4   4      0.59        15    1.6   0.0   123   155   240   273   231   300 0.75 -
AgamP4_X:8426742-8427401      -            220 103749at6656         -            374   4.9e-10   36.1   0.0   1   2     0.004       0.1    8.7   0.0   244   270    24    51     4    59 0.54 -
AgamP4_X:8426742-8427401      -            220 103749at6656         -            374   4.9e-10   36.1   0.0   2   2   3.5e-08   9.1e-07   25.4   0.0    69   124   151   205   122   219 0.85 -
AgamP4_2R:19482106-19482531   -            142 103749at6656         -            374     5e-10   36.1   0.1   1   2   1.5e-06     4e-05   19.9   0.0   155   192     3    40     1    43 0.95 -
AgamP4_2R:19482106-19482531   -            142 103749at6656         -            374     5e-10   36.1   0.1   2   2   6.8e-05    0.0018   14.5   0.0   295   351    76   134    50   138 0.78 -
AgamP4_2R:33618033-33618905   -            291 103749at6656         -            374   5.1e-10   36.1   1.8   1   4    0.0013     0.035   10.3   0.0   138   188    32    87     3    91 0.76 -
AgamP4_2R:33618033-33618905   -            291 103749at6656         -            374   5.1e-10   36.1   1.8   2   4     0.024      0.62    6.2   0.0   160   317    56    87    49   129 0.56 -
AgamP4_2R:33618033-33618905   -            291 103749at6656         -            374   5.1e-10   36.1   1.8   3   4       2.3        61   -0.4   0.0   302   318   119   135    93   151 0.74 -
AgamP4_2R:33618033-33618905   -            291 103749at6656         -            374   5.1e-10   36.1   1.8   4   4   2.5e-07   6.4e-06   22.6   0.1   135   229   185   289   177   291 0.79 -
AgamP4_2R:34050954-34052108   -            385 103749at6656         -            374   1.4e-09   34.6   1.0   1   2     0.062       1.6    4.8   0.0   157   192   155   192   151   217 0.75 -
AgamP4_2R:34050954-34052108   -            385 103749at6656         -            374   1.4e-09   34.6   1.0   2   2     4e-07     1e-05   21.9   0.2   119   191   254   331   248   337 0.80 -
AgamP4_X:3266607-3275242      -            542 103749at6656         -            374   1.4e-09   34.6   0.0   1   1   8.9e-11   2.3e-09   33.9   0.0   122   233    53   168    47   177 0.89 -
AgamP4_2L:33965629-33969573   -           1169 103749at6656         -            374   2.1e-09   34.0   0.2   1   2   1.9e-09     5e-08   29.5   0.1   117   189    17    90     6   176 0.72 -
AgamP4_2L:33965629-33969573   -           1169 103749at6656         -            374   2.1e-09   34.0   0.2   2   2       1.4        35    0.4   0.0   287   318   270   301   266   316 0.85 -
AgamP4_2L:25560534-25575756   -           1659 103749at6656         -            374   2.2e-09   34.0   0.0   1   2    0.0012     0.032   10.4   0.0   152   264  1319  1443  1313  1448 0.55 -
AgamP4_2L:25560534-25575756   -           1659 103749at6656         -            374   2.2e-09   34.0   0.0   2   2     1e-06   2.6e-05   20.5   0.0    92   187  1517  1615  1499  1634 0.70 -
AgamP4_3R:1367005-1367511     -            169 103749at6656         -            374   2.5e-09   33.8   0.4   1   4      0.37       9.7    2.2   0.0   136   167     5    37     1    43 0.62 -
AgamP4_3R:1367005-1367511     -            169 103749at6656         -            374   2.5e-09   33.8   0.4   2   4   0.00022    0.0058   12.9   0.0   292   320    37    65    28    75 0.81 -
AgamP4_3R:1367005-1367511     -            169 103749at6656         -            374   2.5e-09   33.8   0.4   3   4      0.02      0.51    6.4   0.0   172   194    97   119    73   128 0.68 -
AgamP4_3R:1367005-1367511     -            169 103749at6656         -            374   2.5e-09   33.8   0.4   4   4    0.0027      0.07    9.3   0.1   285   328   124   165   119   168 0.84 -
AgamP4_3R:39153145-39153792   -            216 103749at6656         -            374   3.6e-09   33.3   0.1   1   2   8.4e-10   2.2e-08   30.7   0.1   118   231    11   129     3   141 0.87 -
AgamP4_3R:39153145-39153792   -            216 103749at6656         -            374   3.6e-09   33.3   0.1   2   2       1.4        36    0.4   0.0   303   348   153   203   144   212 0.59 -
AgamP4_3L:427344-427631       -             96 103749at6656         -            374   5.4e-09   32.7   0.0   1   1   2.3e-10   6.1e-09   32.5   0.0   130   219     3    96     2    96 0.86 -
AgamP4_UNKN:10943664-10943951 -             96 103749at6656         -            374   5.4e-09   32.7   0.0   1   1   2.3e-10   6.1e-09   32.5   0.0   130   219     3    96     2    96 0.86 -
AgamP4_2L:28784726-28785127   -            134 103749at6656         -            374   6.1e-09   32.5   0.7   1   2    0.0018     0.046    9.9   0.0   300   319     5    24     2    29 0.86 -
AgamP4_2L:28784726-28785127   -            134 103749at6656         -            374   6.1e-09   32.5   0.7   2   2   5.7e-07   1.5e-05   21.4   0.1   129   189    52   114    33   119 0.82 -
AgamP4_3R:24679529-24681037   -            503 103749at6656         -            374     1e-08   31.8   2.8   1   4       1.2        31    0.6   0.4    13    50   105   142    97   153 0.86 -
AgamP4_3R:24679529-24681037   -            503 103749at6656         -            374     1e-08   31.8   2.8   2   4   7.5e-05    0.0019   14.4   0.0   115   197   284   367   243   376 0.84 -
AgamP4_3R:24679529-24681037   -            503 103749at6656         -            374     1e-08   31.8   2.8   3   4    0.0002    0.0052   13.0   0.0   293   352   377   442   369   456 0.76 -
AgamP4_3R:24679529-24681037   -            503 103749at6656         -            374     1e-08   31.8   2.8   4   4     0.042       1.1    5.3   0.0   287   352   419   489   416   493 0.82 -
AgamP4_3L:34041844-34042146   -            101 103749at6656         -            374   1.1e-08   31.6   0.1   1   2   1.1e-08   2.7e-07   27.1   0.0   157   203     1    48     1    56 0.90 -
AgamP4_3L:34041844-34042146   -            101 103749at6656         -            374   1.1e-08   31.6   0.1   2   2      0.22       5.7    3.0   0.0   304   316    89   101    76   101 0.57 -
AgamP4_UNKN:13134408-13134956 -            183 103749at6656         -            374   1.3e-08   31.4   0.1   1   1   7.1e-10   1.8e-08   30.9   0.1   299   361    77   138    63   148 0.90 -
AgamP4_2L:43065216-43066196   -            327 103749at6656         -            374   4.1e-08   29.8   0.2   1   3       8.4   2.2e+02   -2.2   0.0   295   320    14    39    12    44 0.76 -
AgamP4_2L:43065216-43066196   -            327 103749at6656         -            374   4.1e-08   29.8   0.2   2   3   2.8e-05   0.00072   15.8   0.0   135   189    88   149    70   185 0.83 -
AgamP4_2L:43065216-43066196   -            327 103749at6656         -            374   4.1e-08   29.8   0.2   3   3   0.00075     0.019   11.1   0.1   138   189   213   269   208   274 0.54 -
AgamP4_3R:36381523-36381843   -            107 103749at6656         -            374   5.7e-08   29.3   0.0   1   2   3.5e-05    0.0009   15.5   0.0   134   187     6    61     1    62 0.54 -
AgamP4_3R:36381523-36381843   -            107 103749at6656         -            374   5.7e-08   29.3   0.0   2   2     2e-05   0.00052   16.3   0.0   139   189    54   105    45   107 0.86 -
AgamP4_2L:14641875-14642039   -             55 103749at6656         -            374   7.2e-08   29.0   0.2   1   1   2.9e-09   7.6e-08   28.9   0.2   177   230     3    55     1    55 0.83 -
AgamP4_2L:3288436-3288888     -            151 103749at6656         -            374   7.3e-08   29.0   0.4   1   2   0.00037    0.0096   12.1   0.1   176   265     2   100     1   115 0.68 -
AgamP4_2L:3288436-3288888     -            151 103749at6656         -            374   7.3e-08   29.0   0.4   2   2     1e-05   0.00027   17.2   0.1   132   191    88   150    76   151 0.78 -
AgamP4_2R:53795763-53796089   -            109 103749at6656         -            374   9.1e-08   28.7   0.0   1   1   3.8e-09     1e-07   28.5   0.0   125   226     3   109     1   109 0.84 -
AgamP4_2R:607350-612901       -           1311 103749at6656         -            374   1.8e-07   27.7   3.5   1   2   4.5e-08   1.2e-06   25.0   0.3   127   231    47   155    35   168 0.87 -
AgamP4_2R:607350-612901       -           1311 103749at6656         -            374   1.8e-07   27.7   3.5   2   2      0.24       6.2    2.9   0.0   294   333   258   295   234   309 0.81 -
AgamP4_3L:18134290-18134778   -            163 103749at6656         -            374     2e-07   27.6   0.7   1   1   3.2e-08   8.3e-07   25.5   0.7   140   270     3   141     1   149 0.75 -
AgamP4_3L:5009144-5025074     -           3526 103749at6656         -            374   5.6e-07   26.0   0.3   1   5       2.9        76   -0.7   0.0   120   160    57    97    40   111 0.90 -
AgamP4_3L:5009144-5025074     -           3526 103749at6656         -            374   5.6e-07   26.0   0.3   2   5      0.37       9.5    2.3   0.0   120   174   165   222   155   257 0.69 -
AgamP4_3L:5009144-5025074     -           3526 103749at6656         -            374   5.6e-07   26.0   0.3   3   5       6.5   1.7e+02   -1.9   0.0   303   320  1140  1157  1132  1161 0.73 -
AgamP4_3L:5009144-5025074     -           3526 103749at6656         -            374   5.6e-07   26.0   0.3   4   5       0.9        23    1.0   0.0   255   277  3224  3246  3201  3283 0.81 -
AgamP4_3L:5009144-5025074     -           3526 103749at6656         -            374   5.6e-07   26.0   0.3   5   5   5.7e-05    0.0015   14.8   0.0   102   193  3417  3519  3406  3526 0.74 -
AgamP4_3R:9192526-9193299     -            258 103749at6656         -            374   7.2e-07   25.7   0.5   1   3    0.0008     0.021   11.0   0.0   132   191    16    79     3    84 0.80 -
AgamP4_3R:9192526-9193299     -            258 103749at6656         -            374   7.2e-07   25.7   0.5   2   3     0.003     0.079    9.1   0.0   134   192   107   168   102   179 0.75 -
AgamP4_3R:9192526-9193299     -            258 103749at6656         -            374   7.2e-07   25.7   0.5   3   3      0.33       8.6    2.4   0.0   142   187   207   257   201   258 0.67 -
AgamP4_X:18819743-18820459    -            239 103749at6656         -            374   7.3e-07   25.7   0.0   1   2   0.00032    0.0083   12.3   0.0   122   194     7    83     2   101 0.83 -
AgamP4_X:18819743-18820459    -            239 103749at6656         -            374   7.3e-07   25.7   0.0   2   2   0.00074     0.019   11.1   0.0   253   317   111   176   104   184 0.80 -
AgamP4_2L:30448255-30449016   -            254 103749at6656         -            374   7.4e-07   25.7   0.1   1   1   5.2e-08   1.3e-06   24.8   0.1   147   278    58   203    50   244 0.75 -
AAAB01008530:14978-15715      -            246 103749at6656         -            374   8.7e-07   25.4   0.4   1   3   4.7e-07   1.2e-05   21.6   0.1   175   234    15    78     2   112 0.72 -
AAAB01008530:14978-15715      -            246 103749at6656         -            374   8.7e-07   25.4   0.4   2   3         1        27    0.8   0.0   300   328   124   152   116   175 0.70 -
AAAB01008530:14978-15715      -            246 103749at6656         -            374   8.7e-07   25.4   0.4   3   3         3        77   -0.7   0.0   132   152   181   202   150   245 0.69 -
AgamP4_3R:8573929-8577509     -            799 103749at6656         -            374   1.1e-06   25.1   0.0   1   2     0.087       2.3    4.3   0.0   290   353   157   221   151   225 0.80 -
AgamP4_3R:8573929-8577509     -            799 103749at6656         -            374   1.1e-06   25.1   0.0   2   2   8.4e-07   2.2e-05   20.8   0.0    83   325   197   447   193   453 0.79 -
AgamP4_2R:5699239-5699694     -            152 103749at6656         -            374   1.7e-06   24.4   1.6   1   2    0.0011     0.028   10.6   0.1    76   126    32    80     2    83 0.75 -
AgamP4_2R:5699239-5699694     -            152 103749at6656         -            374   1.7e-06   24.4   1.6   2   2     2e-06   5.2e-05   19.6   0.2   242   328    41   121    27   149 0.75 -
AgamP4_3R:45763106-45764611   -            451 103749at6656         -            374   2.5e-06   23.9   0.0   1   2   0.00019     0.005   13.1   0.0   301   351   205   254   185   274 0.56 -
AgamP4_3R:45763106-45764611   -            451 103749at6656         -            374   2.5e-06   23.9   0.0   2   2    0.0046      0.12    8.5   0.0   123   170   339   389   315   421 0.88 -
AgamP4_3L:40902014-40902928   -            305 103749at6656         -            374   6.4e-06   22.6   1.5   1   3    0.0019     0.048    9.8   0.2   228   319     6    99     1   118 0.77 -
AgamP4_3L:40902014-40902928   -            305 103749at6656         -            374   6.4e-06   22.6   1.5   2   3    0.0085      0.22    7.6   0.0   195   267    64   138    46   162 0.54 -
AgamP4_3L:40902014-40902928   -            305 103749at6656         -            374   6.4e-06   22.6   1.5   3   3    0.0057      0.15    8.2   0.0   254   349   208   295   205   300 0.82 -
AgamP4_3R:12498146-12498439   -             98 103749at6656         -            374   6.4e-06   22.6   0.0   1   1   2.7e-07   7.1e-06   22.4   0.0   140   223     8    97     1    98 0.80 -
AgamP4_2L:47440804-47441022   -             73 103749at6656         -            374   6.8e-06   22.5   0.0   1   1   2.7e-07   7.1e-06   22.4   0.0   122   185     7    72     2    73 0.81 -
AgamP4_3R:43264774-43265163   -            130 103749at6656         -            374   7.2e-06   22.4   0.5   1   2    0.0012     0.031   10.5   0.1   304   342     1    42     1    47 0.71 -
AgamP4_3R:43264774-43265163   -            130 103749at6656         -            374   7.2e-06   22.4   0.5   2   2    0.0001    0.0027   14.0   0.1   151   225    20   102    15   114 0.69 -
AgamP4_2R:16892840-16896659   -            865 103749at6656         -            374   8.6e-06   22.1   0.0   1   2   2.9e-06   7.6e-05   19.0   0.0    76   178   269   380   255   385 0.76 -
AgamP4_2R:16892840-16896659   -            865 103749at6656         -            374   8.6e-06   22.1   0.0   2   2       7.3   1.9e+02   -2.0   0.0   177   191   454   468   447   478 0.63 -
AAAB01008268:26849-28890      -            660 103749at6656         -            374   1.5e-05   21.4   0.2   1   3      0.28       7.4    2.6   0.0   274   323   177   227   173   267 0.69 -
AAAB01008268:26849-28890      -            660 103749at6656         -            374   1.5e-05   21.4   0.2   2   3   0.00018    0.0047   13.2   0.0   250   321   305   375   300   386 0.83 -
AAAB01008268:26849-28890      -            660 103749at6656         -            374   1.5e-05   21.4   0.2   3   3      0.66        17    1.4   0.0   163   190   392   420   377   430 0.62 -
AgamP4_3L:6454346-6454936     -            197 103749at6656         -            374   1.5e-05   21.4   0.0   1   2   1.8e-06   4.8e-05   19.7   0.0   134   189     7    64     2    68 0.90 -
AgamP4_3L:6454346-6454936     -            197 103749at6656         -            374   1.5e-05   21.4   0.0   2   2       4.3   1.1e+02   -1.3   0.0   137   158   164   186   151   195 0.70 -
AgamP4_3R:20626047-20627262   -            374 103749at6656         -            374   4.6e-05   19.8   0.2   1   3    0.0012      0.03   10.5   0.0   123   188    14    83     7    95 0.84 -
AgamP4_3R:20626047-20627262   -            374 103749at6656         -            374   4.6e-05   19.8   0.2   2   3       1.3        34    0.5   0.0   292   317   149   174   137   182 0.64 -
AgamP4_3R:20626047-20627262   -            374 103749at6656         -            374   4.6e-05   19.8   0.2   3   3     0.074       1.9    4.6   0.0    70   119   314   366   290   370 0.76 -
AgamP4_3R:30772628-30772999   -            124 103749at6656         -            374   5.3e-05   19.6   0.0   1   1   2.3e-06     6e-05   19.4   0.0   118   191     7    82     3   108 0.73 -
AgamP4_3R:9185154-9185825     -            224 103749at6656         -            374   6.1e-05   19.3   0.6   1   3       0.1       2.7    4.1   0.0   155   191     7    45     3    59 0.80 -
AgamP4_3R:9185154-9185825     -            224 103749at6656         -            374   6.1e-05   19.3   0.6   2   3    0.0021     0.056    9.6   0.0   134   192    73   134    61   145 0.76 -
AgamP4_3R:9185154-9185825     -            224 103749at6656         -            374   6.1e-05   19.3   0.6   3   3      0.26       6.8    2.7   0.0   142   187   173   223   167   224 0.67 -
AgamP4_3L:3870972-3872222     -            388 103749at6656         -            374   6.7e-05   19.2   0.2   1   2     0.015      0.39    6.8   0.0   212   318    90   198    24   211 0.65 -
AgamP4_3L:3870972-3872222     -            388 103749at6656         -            374   6.7e-05   19.2   0.2   2   2    0.0029     0.076    9.2   0.0   127   188   222   286   213   320 0.81 -
AgamP4_3L:41231722-41232210   -            163 103749at6656         -            374   7.3e-05   19.1   1.8   1   2    0.0025     0.065    9.4   0.0   299   348    13    64     8    65 0.79 -
AgamP4_3L:41231722-41232210   -            163 103749at6656         -            374   7.3e-05   19.1   1.8   2   2    0.0014     0.037   10.2   0.6   174   229    61   118    53   126 0.77 -
AgamP4_2L:26588019-26588645   -            209 103749at6656         -            374   0.00022   17.5   0.0   1   1   0.00024    0.0062   12.8   0.0   124   195     6    80     2    85 0.76 -
AgamP4_X:17576612-17576797    -             62 103749at6656         -            374   0.00042   16.6   0.1   1   1   1.7e-05   0.00044   16.5   0.1   160   203     3    48     1    54 0.86 -
AgamP4_3L:34631728-34632330   -            201 103749at6656         -            374    0.0007   15.9   0.1   1   1   4.2e-05    0.0011   15.2   0.1   124   191   111   182    89   187 0.72 -
AgamP4_X:10710538-10711383    -            282 103749at6656         -            374   0.00092   15.5   0.2   1   2    0.0007     0.018   11.2   0.0   254   320     6    71     3    92 0.66 -
AgamP4_X:10710538-10711383    -            282 103749at6656         -            374   0.00092   15.5   0.2   2   2      0.51        13    1.8   0.0   113   190   142   225   140   233 0.63 -
AgamP4_3L:826493-826894       -            134 103749at6656         -            374    0.0013   15.0   0.0   1   1    0.0007     0.018   11.2   0.0    88   118   102   132    92   134 0.84 -
AgamP4_3R:39152841-39152999   -             53 103749at6656         -            374    0.0018   14.5   0.0   1   1   7.4e-05    0.0019   14.4   0.0   129   169     5    47     2    52 0.56 -
AgamP4_2L:28577017-28581157   -            547 103749at6656         -            374    0.0021   14.3   1.7   1   1   0.00014    0.0038   13.5   0.4   251   315   403   462   364   474 0.62 -
AgamP4_3L:27210475-27217966   -           1304 103749at6656         -            374    0.0035   13.6   0.2   1   2      0.36       9.4    2.3   0.0   300   321   143   164   125   196 0.84 -
AgamP4_3L:27210475-27217966   -           1304 103749at6656         -            374    0.0035   13.6   0.2   2   2     0.011      0.29    7.3   0.0   141   188   247   297   233   302 0.73 -
AgamP4_2L:15423935-15425089   -            333 103749at6656         -            374    0.0059   12.8   0.1   1   2      0.16       4.2    3.4   0.0    88   117    11    40     3    47 0.56 -
AgamP4_2L:15423935-15425089   -            333 103749at6656         -            374    0.0059   12.8   0.1   2   2     0.017      0.44    6.6   0.0   239   279   158   199   136   264 0.75 -
AgamP4_2R:16413550-16413684   -             45 103749at6656         -            374      0.01   12.0   0.0   1   1   0.00041     0.011   12.0   0.0   145   186     2    44     1    45 0.78 -
AgamP4_3R:50381123-50381635   -            171 103749at6656         -            374     0.016   11.4   0.0   1   2      0.41        11    2.1   0.0   256   269    45    58    40    88 0.72 -
AgamP4_3R:50381123-50381635   -            171 103749at6656         -            374     0.016   11.4   0.0   2   2     0.015      0.39    6.8   0.0   290   348   112   169    93   171 0.66 -
AgamP4_2L:43108638-43111586   -            865 103749at6656         -            374     0.068    9.3   0.0   1   2    0.0037     0.096    8.8   0.0   289   342   528   580   518   594 0.59 -
AgamP4_2L:43108638-43111586   -            865 103749at6656         -            374     0.068    9.3   0.0   2   2    0.0026     0.068    9.3   0.0   122   186   741   808   624   864 0.76 -
#
# Program:         hmmsearch
# Version:         3.1b2 (February 2015)
# Pipeline mode:   SEARCH
# Query file:      /hpcdata/bcbb/homc/Barillaslab/Agam_hemo_transcriptomes/scripts/compare_txomes/busco/busco_downloads/lineages/arthropoda_odb10/hmms/103749at6656.hmm
# Target file:     /hpcdata/bcbb/homc/Barillaslab/Agam_hemo_transcriptomes/scripts/compare_txomes/busco/VB59_AgambiaePEST_BUSCO/run_arthropoda_odb10/metaeuk_output/initial_results/VectorBase-59_AgambiaePEST_Genome.fasta.modified.fas
# Option settings: hmmsearch --domtblout /hpcdata/bcbb/homc/Barillaslab/Agam_hemo_transcriptomes/scripts/compare_txomes/busco/VB59_AgambiaePEST_BUSCO/run_arthropoda_odb10/hmmer_output/initial_run_results/103749at6656.out --cpu 1 /hpcdata/bcbb/homc/Barillaslab/Agam_hemo_transcriptomes/scripts/compare_txomes/busco/busco_downloads/lineages/arthropoda_odb10/hmms/103749at6656.hmm /hpcdata/bcbb/homc/Barillaslab/Agam_hemo_transcriptomes/scripts/compare_txomes/busco/VB59_AgambiaePEST_BUSCO/run_arthropoda_odb10/metaeuk_output/initial_results/VectorBase-59_AgambiaePEST_Genome.fasta.modified.fas 
# Current dir:     /hpcdata/bcbb/homc/Barillaslab/Agam_hemo_transcriptomes/scripts/compare_txomes/busco
# Date:            Fri Jan 27 16:39:32 2023
# [ok]
