#                                                                                   --- full sequence --- -------------- this domain -------------   hmm coord   ali coord   env coord
# target name               accession   tlen query name           accession   qlen   E-value  score  bias   #  of  c-Evalue  i-Evalue  score  bias  from    to  from    to  from    to  acc description of target
#       ------------------- ---------- ----- -------------------- ---------- ----- --------- ------ ----- --- --- --------- --------- ------ ----- ----- ----- ----- ----- ----- ----- ---- ---------------------
AgamP4_2L:17834217-17837040 -            699 105170at6656         -            354  1.1e-140  466.4  22.2   1   3   5.5e-80   4.2e-77  257.3   5.0     1   156     8   172     8   186 0.90 -
AgamP4_2L:17834217-17837040 -            699 105170at6656         -            354  1.1e-140  466.4  22.2   2   3   6.6e-48   5.1e-45  151.8   0.0   103   267   234   409   226   418 0.91 -
AgamP4_2L:17834217-17837040 -            699 105170at6656         -            354  1.1e-140  466.4  22.2   3   3   2.8e-20   2.1e-17   61.0   9.7   260   317   550   609   531   613 0.82 -
AgamP4_2L:32470893-32473111 -            516 105170at6656         -            354   3.6e-33  112.9   0.2   1   2   9.9e-35   7.6e-32  108.5   0.0    20   117    25   124     7   135 0.88 -
AgamP4_2L:32470893-32473111 -            516 105170at6656         -            354   3.6e-33  112.9   0.2   2   2     0.034        26    1.5   0.1   124   203   424   504   418   510 0.76 -
AgamP4_3L:37512220-37512444 -             75 105170at6656         -            354   1.3e-20   71.5   0.1   1   1   1.7e-23   1.3e-20   71.5   0.1    18    72     1    54     1    73 0.94 -
AgamP4_X:10013574-10013786  -             71 105170at6656         -            354   3.3e-18   63.7   0.1   1   1   4.4e-21   3.3e-18   63.6   0.1    12    74     8    69     2    71 0.89 -
#
# Program:         hmmsearch
# Version:         3.1b2 (February 2015)
# Pipeline mode:   SEARCH
# Query file:      /hpcdata/bcbb/homc/Barillaslab/Agam_hemo_transcriptomes/scripts/compare_txomes/busco/busco_downloads/lineages/arthropoda_odb10/hmms/105170at6656.hmm
# Target file:     /hpcdata/bcbb/homc/Barillaslab/Agam_hemo_transcriptomes/scripts/compare_txomes/busco/VB59_AgambiaePEST_BUSCO/run_arthropoda_odb10/metaeuk_output/initial_results/VectorBase-59_AgambiaePEST_Genome.fasta.modified.fas
# Option settings: hmmsearch --domtblout /hpcdata/bcbb/homc/Barillaslab/Agam_hemo_transcriptomes/scripts/compare_txomes/busco/VB59_AgambiaePEST_BUSCO/run_arthropoda_odb10/hmmer_output/initial_run_results/105170at6656.out --cpu 1 /hpcdata/bcbb/homc/Barillaslab/Agam_hemo_transcriptomes/scripts/compare_txomes/busco/busco_downloads/lineages/arthropoda_odb10/hmms/105170at6656.hmm /hpcdata/bcbb/homc/Barillaslab/Agam_hemo_transcriptomes/scripts/compare_txomes/busco/VB59_AgambiaePEST_BUSCO/run_arthropoda_odb10/metaeuk_output/initial_results/VectorBase-59_AgambiaePEST_Genome.fasta.modified.fas 
# Current dir:     /hpcdata/bcbb/homc/Barillaslab/Agam_hemo_transcriptomes/scripts/compare_txomes/busco
# Date:            Fri Jan 27 16:39:33 2023
# [ok]
