#                                                                                   --- full sequence --- -------------- this domain -------------   hmm coord   ali coord   env coord
# target name               accession   tlen query name           accession   qlen   E-value  score  bias   #  of  c-Evalue  i-Evalue  score  bias  from    to  from    to  from    to  acc description of target
#       ------------------- ---------- ----- -------------------- ---------- ----- --------- ------ ----- --- --- --------- --------- ------ ----- ----- ----- ----- ----- ----- ----- ---- ---------------------
AgamP4_X:8242342-8255646    -            321 105887at6656         -            182   6.7e-38  127.3   0.1   1   2    0.0026      0.44    7.3   0.0     1    24    15    43    15   122 0.89 -
AgamP4_X:8242342-8255646    -            321 105887at6656         -            182   6.7e-38  127.3   0.1   2   2   4.6e-37   7.9e-35  117.3   0.1    80   182   127   250    72   250 0.86 -
AgamP4_2R:7157994-7163003   -           1670 105887at6656         -            182   1.3e-35  119.9  11.5   1  12   0.00025     0.043   10.6   0.0    30   119    79   184    68   194 0.65 -
AgamP4_2R:7157994-7163003   -           1670 105887at6656         -            182   1.3e-35  119.9  11.5   2  12   0.00027     0.046   10.5   0.0    89   121   255   287   249   322 0.81 -
AgamP4_2R:7157994-7163003   -           1670 105887at6656         -            182   1.3e-35  119.9  11.5   3  12    0.0054      0.92    6.3   0.0    85   116   448   479   363   486 0.82 -
AgamP4_2R:7157994-7163003   -           1670 105887at6656         -            182   1.3e-35  119.9  11.5   4  12     0.034       5.8    3.7   0.0   101   120   565   584   561   606 0.87 -
AgamP4_2R:7157994-7163003   -           1670 105887at6656         -            182   1.3e-35  119.9  11.5   5  12   2.3e-06   0.00039   17.3   0.0    41   120   687   780   660   783 0.68 -
AgamP4_2R:7157994-7163003   -           1670 105887at6656         -            182   1.3e-35  119.9  11.5   6  12      0.24        40    1.0   0.0    90   119   848   877   838   889 0.82 -
AgamP4_2R:7157994-7163003   -           1670 105887at6656         -            182   1.3e-35  119.9  11.5   7  12    0.0012       0.2    8.5   0.0    92   127   953   988   947  1000 0.82 -
AgamP4_2R:7157994-7163003   -           1670 105887at6656         -            182   1.3e-35  119.9  11.5   8  12   0.00018      0.03   11.1   0.0    41   120  1083  1176  1064  1184 0.69 -
AgamP4_2R:7157994-7163003   -           1670 105887at6656         -            182   1.3e-35  119.9  11.5   9  12   0.00099      0.17    8.7   0.0    58   117  1203  1273  1183  1278 0.60 -
AgamP4_2R:7157994-7163003   -           1670 105887at6656         -            182   1.3e-35  119.9  11.5  10  12    0.0021      0.36    7.6   0.0    63   118  1403  1469  1364  1475 0.70 -
AgamP4_2R:7157994-7163003   -           1670 105887at6656         -            182   1.3e-35  119.9  11.5  11  12   2.2e-07   3.7e-05   20.6   0.1    61   118  1500  1569  1479  1585 0.74 -
AgamP4_2R:7157994-7163003   -           1670 105887at6656         -            182   1.3e-35  119.9  11.5  12  12     0.045       7.7    3.3   0.1    89   115  1641  1667  1581  1670 0.84 -
AgamP4_X:11733785-11747272  -           2302 105887at6656         -            182   1.5e-21   74.1  18.8   1  12       3.6   6.2e+02   -2.9   0.0    27    42   167   182   158   186 0.82 -
AgamP4_X:11733785-11747272  -           2302 105887at6656         -            182   1.5e-21   74.1  18.8   2  12         3   5.1e+02   -2.6   0.0    27    53   364   390   358   398 0.74 -
AgamP4_X:11733785-11747272  -           2302 105887at6656         -            182   1.5e-21   74.1  18.8   3  12     0.034       5.8    3.7   0.0    89   116   454   481   437   491 0.83 -
AgamP4_X:11733785-11747272  -           2302 105887at6656         -            182   1.5e-21   74.1  18.8   4  12    0.0003     0.052   10.4   0.0    74   118   731   775   686   782 0.92 -
AgamP4_X:11733785-11747272  -           2302 105887at6656         -            182   1.5e-21   74.1  18.8   5  12    0.0016      0.27    8.0   0.3    81   119   840   879   836   888 0.87 -
AgamP4_X:11733785-11747272  -           2302 105887at6656         -            182   1.5e-21   74.1  18.8   6  12    0.0044      0.74    6.6   0.1    79   120  1066  1107  1053  1115 0.86 -
AgamP4_X:11733785-11747272  -           2302 105887at6656         -            182   1.5e-21   74.1  18.8   7  12   1.8e-05    0.0031   14.4   0.0    86   123  1172  1209  1149  1233 0.84 -
AgamP4_X:11733785-11747272  -           2302 105887at6656         -            182   1.5e-21   74.1  18.8   8  12      0.33        56    0.5   0.0    96   119  1406  1429  1390  1440 0.83 -
AgamP4_X:11733785-11747272  -           2302 105887at6656         -            182   1.5e-21   74.1  18.8   9  12     0.006         1    6.2   0.1    83   131  1491  1539  1432  1553 0.78 -
AgamP4_X:11733785-11747272  -           2302 105887at6656         -            182   1.5e-21   74.1  18.8  10  12   2.9e-06   0.00049   17.0   0.0    84   119  1592  1627  1585  1639 0.86 -
AgamP4_X:11733785-11747272  -           2302 105887at6656         -            182   1.5e-21   74.1  18.8  11  12      0.47        79   -0.0   0.0    97   119  1839  1861  1826  1871 0.79 -
AgamP4_X:11733785-11747272  -           2302 105887at6656         -            182   1.5e-21   74.1  18.8  12  12    0.0057      0.97    6.2   0.0    96   164  2035  2110  2019  2119 0.63 -
AgamP4_2R:7166045-7179754   -           1176 105887at6656         -            182   1.2e-19   67.9   0.2   1  10         2   3.5e+02   -2.1   0.0    14    46    29    64    27    66 0.75 -
AgamP4_2R:7166045-7179754   -           1176 105887at6656         -            182   1.2e-19   67.9   0.2   2  10       2.5   4.3e+02   -2.4   0.0    26    43   165   182   156   183 0.82 -
AgamP4_2R:7166045-7179754   -           1176 105887at6656         -            182   1.2e-19   67.9   0.2   3  10     0.014       2.4    4.9   0.0    96   122   343   369   333   375 0.85 -
AgamP4_2R:7166045-7179754   -           1176 105887at6656         -            182   1.2e-19   67.9   0.2   4  10    0.0011      0.19    8.6   0.0    99   137   447   485   432   503 0.84 -
AgamP4_2R:7166045-7179754   -           1176 105887at6656         -            182   1.2e-19   67.9   0.2   5  10     0.087        15    2.4   0.0    21    43   538   560   533   576 0.82 -
AgamP4_2R:7166045-7179754   -           1176 105887at6656         -            182   1.2e-19   67.9   0.2   6  10     0.024         4    4.2   0.0    91   124   635   668   600   676 0.85 -
AgamP4_2R:7166045-7179754   -           1176 105887at6656         -            182   1.2e-19   67.9   0.2   7  10     0.013       2.2    5.1   0.0    96   121   741   766   698   785 0.87 -
AgamP4_2R:7166045-7179754   -           1176 105887at6656         -            182   1.2e-19   67.9   0.2   8  10   4.8e-05    0.0081   13.0   0.0    88   121   928   961   852   969 0.74 -
AgamP4_2R:7166045-7179754   -           1176 105887at6656         -            182   1.2e-19   67.9   0.2   9  10    0.0014      0.25    8.2   0.0    88   128  1029  1069   992  1075 0.77 -
AgamP4_2R:7166045-7179754   -           1176 105887at6656         -            182   1.2e-19   67.9   0.2  10  10    0.0046      0.78    6.5   0.0    94   124  1140  1170  1133  1175 0.83 -
AgamP4_3R:35314841-35316646 -            602 105887at6656         -            182   6.7e-16   55.6   1.4   1   7       1.5   2.6e+02   -1.7   0.0    88   107     9    28     1    36 0.80 -
AgamP4_3R:35314841-35316646 -            602 105887at6656         -            182   6.7e-16   55.6   1.4   2   7   1.3e-05    0.0022   14.8   0.1    84   119   118   153    99   167 0.75 -
AgamP4_3R:35314841-35316646 -            602 105887at6656         -            182   6.7e-16   55.6   1.4   3   7     0.018         3    4.6   0.0    92   120   217   245   203   254 0.77 -
AgamP4_3R:35314841-35316646 -            602 105887at6656         -            182   6.7e-16   55.6   1.4   4   7      0.22        38    1.0   0.0    86   110   306   330   251   348 0.67 -
AgamP4_3R:35314841-35316646 -            602 105887at6656         -            182   6.7e-16   55.6   1.4   5   7   0.00015     0.025   11.4   0.0    47   120   353   437   342   444 0.78 -
AgamP4_3R:35314841-35316646 -            602 105887at6656         -            182   6.7e-16   55.6   1.4   6   7       1.1     2e+02   -1.3   0.0    48    81   451   484   436   497 0.70 -
AgamP4_3R:35314841-35316646 -            602 105887at6656         -            182   6.7e-16   55.6   1.4   7   7   9.6e-06    0.0016   15.3   0.0    80   118   506   545   494   550 0.82 -
AgamP4_3L:12446043-12465580 -            924 105887at6656         -            182   3.9e-12   43.4   0.9   1   6       4.6   7.9e+02   -3.3   0.0    23    40   151   168   147   171 0.77 -
AgamP4_3L:12446043-12465580 -            924 105887at6656         -            182   3.9e-12   43.4   0.9   2   6   2.6e-06   0.00045   17.1   0.0    89   121   346   378   337   393 0.84 -
AgamP4_3L:12446043-12465580 -            924 105887at6656         -            182   3.9e-12   43.4   0.9   3   6    0.0031      0.53    7.1   0.0    90   119   454   483   450   494 0.88 -
AgamP4_3L:12446043-12465580 -            924 105887at6656         -            182   3.9e-12   43.4   0.9   4   6      0.59     1e+02   -0.3   0.0    95   126   560   592   550   601 0.78 -
AgamP4_3L:12446043-12465580 -            924 105887at6656         -            182   3.9e-12   43.4   0.9   5   6     0.013       2.2    5.1   0.0    95   121   655   681   642   690 0.85 -
AgamP4_3L:12446043-12465580 -            924 105887at6656         -            182   3.9e-12   43.4   0.9   6   6    0.0089       1.5    5.6   0.0    88   126   833   872   739   885 0.77 -
AgamP4_2L:5731868-5755057   -            622 105887at6656         -            182   5.1e-11   39.7   1.2   1   6       5.9     1e+03   -3.6   0.0    28    41    28    41    27    45 0.83 -
AgamP4_2L:5731868-5755057   -            622 105887at6656         -            182   5.1e-11   39.7   1.2   2   6      0.58        99   -0.3   0.0    27    43   117   133    96   137 0.79 -
AgamP4_2L:5731868-5755057   -            622 105887at6656         -            182   5.1e-11   39.7   1.2   3   6   2.7e-08   4.6e-06   23.6   0.1    40   119   227   319   192   331 0.75 -
AgamP4_2L:5731868-5755057   -            622 105887at6656         -            182   5.1e-11   39.7   1.2   4   6      0.32        54    0.5   0.0    97   125   402   431   399   437 0.80 -
AgamP4_2L:5731868-5755057   -            622 105887at6656         -            182   5.1e-11   39.7   1.2   5   6      0.22        38    1.0   0.0    91   118   498   525   484   534 0.84 -
AgamP4_2L:5731868-5755057   -            622 105887at6656         -            182   5.1e-11   39.7   1.2   6   6    0.0068       1.2    6.0   0.0    83   116   589   622   582   622 0.93 -
AgamP4_2L:26152057-26152803 -            249 105887at6656         -            182   1.6e-09   34.9   1.8   1   3   2.6e-06   0.00045   17.1   0.0    90   132     3    46     1    58 0.82 -
AgamP4_2L:26152057-26152803 -            249 105887at6656         -            182   1.6e-09   34.9   1.8   2   3     0.013       2.2    5.0   0.0    96   125   106   136    95   140 0.81 -
AgamP4_2L:26152057-26152803 -            249 105887at6656         -            182   1.6e-09   34.9   1.8   3   3    0.0002     0.035   10.9   0.4    45   121   141   229   131   243 0.74 -
AgamP4_2L:5755148-5755642   -            165 105887at6656         -            182   7.2e-09   32.7   0.1   1   1   4.8e-10   8.2e-08   29.3   0.1    40   121    68   160    33   165 0.73 -
AgamP4_2L:42533849-42538381 -            557 105887at6656         -            182   2.9e-08   30.7   2.3   1   4       2.9     5e+02   -2.6   0.0   108   130   114   137   106   156 0.59 -
AgamP4_2L:42533849-42538381 -            557 105887at6656         -            182   2.9e-08   30.7   2.3   2   4      0.21        36    1.1   0.0    26    42   190   206   185   213 0.86 -
AgamP4_2L:42533849-42538381 -            557 105887at6656         -            182   2.9e-08   30.7   2.3   3   4   5.7e-09   9.7e-07   25.8   0.3    39   128   295   399   282   401 0.72 -
AgamP4_2L:42533849-42538381 -            557 105887at6656         -            182   2.9e-08   30.7   2.3   4   4       2.5   4.2e+02   -2.4   0.0    96   118   478   500   473   508 0.84 -
AgamP4_3R:2932570-2933076   -            169 105887at6656         -            182   1.8e-06   24.9   0.0   1   1   1.9e-08   3.2e-06   24.1   0.0    88   121   135   168    40   169 0.88 -
AgamP4_2L:47553754-47554683 -            310 105887at6656         -            182   3.7e-06   23.9   0.0   1   2   3.2e-05    0.0054   13.6   0.0    94   122    39    67     3    89 0.86 -
AgamP4_2L:47553754-47554683 -            310 105887at6656         -            182   3.7e-06   23.9   0.0   2   2    0.0017      0.29    7.9   0.0    32    82   257   309   227   310 0.78 -
AgamP4_2L:12480378-12480896 -            173 105887at6656         -            182   1.4e-05   22.0   0.1   1   2       1.1   1.9e+02   -1.2   0.0    93   122    59    88    50   109 0.71 -
AgamP4_2L:12480378-12480896 -            173 105887at6656         -            182   1.4e-05   22.0   0.1   2   2   2.4e-07   4.1e-05   20.5   0.1    63   116   110   173    76   173 0.71 -
AgamP4_3R:48820225-48821718 -            498 105887at6656         -            182     7e-05   19.7   0.9   1   4    0.0014      0.24    8.2   0.0    97   125     4    32     1    38 0.86 -
AgamP4_3R:48820225-48821718 -            498 105887at6656         -            182     7e-05   19.7   0.9   2   4    0.0068       1.2    6.0   0.1    89   126    93   131    36   147 0.72 -
AgamP4_3R:48820225-48821718 -            498 105887at6656         -            182     7e-05   19.7   0.9   3   4      0.37        62    0.3   0.0    92   120   193   221   182   246 0.81 -
AgamP4_3R:48820225-48821718 -            498 105887at6656         -            182     7e-05   19.7   0.9   4   4      0.56        95   -0.3   0.0    86   109   291   314   287   335 0.83 -
AgamP4_2L:47713017-47713577 -            187 105887at6656         -            182   0.00021   18.1   0.0   1   1   5.3e-06   0.00091   16.1   0.0    83   120   133   170    37   181 0.83 -
AgamP4_X:13112253-13115057  -            935 105887at6656         -            182   0.00066   16.5   3.3   1   6      0.44        75    0.1   0.0    22    43   229   251   217   254 0.74 -
AgamP4_X:13112253-13115057  -            935 105887at6656         -            182   0.00066   16.5   3.3   2   6       4.1     7e+02   -3.1   0.0    27    41   328   342   322   345 0.81 -
AgamP4_X:13112253-13115057  -            935 105887at6656         -            182   0.00066   16.5   3.3   3   6     0.003      0.51    7.1   0.3    45   116   545   628   526   642 0.63 -
AgamP4_X:13112253-13115057  -            935 105887at6656         -            182   0.00066   16.5   3.3   4   6       2.3   3.9e+02   -2.3   0.0    97   116   711   730   704   734 0.81 -
AgamP4_X:13112253-13115057  -            935 105887at6656         -            182   0.00066   16.5   3.3   5   6       3.4   5.8e+02   -2.8   0.0    85   113   802   830   788   840 0.81 -
AgamP4_X:13112253-13115057  -            935 105887at6656         -            182   0.00066   16.5   3.3   6   6     0.058       9.9    2.9   0.0    89   116   908   935   901   935 0.84 -
AgamP4_3R:50212386-50214185 -            600 105887at6656         -            182     0.001   15.9   0.0   1   5      0.43        74    0.1   0.0    22    45   112   135    82   159 0.79 -
AgamP4_3R:50212386-50214185 -            600 105887at6656         -            182     0.001   15.9   0.0   2   5       1.7   2.9e+02   -1.9   0.0   107   122   230   245   224   261 0.76 -
AgamP4_3R:50212386-50214185 -            600 105887at6656         -            182     0.001   15.9   0.0   3   5       6.4   1.1e+03   -3.7   0.0    28    43   430   445   429   449 0.85 -
AgamP4_3R:50212386-50214185 -            600 105887at6656         -            182     0.001   15.9   0.0   4   5      0.24        41    0.9   0.0    47    86   465   504   450   511 0.77 -
AgamP4_3R:50212386-50214185 -            600 105887at6656         -            182     0.001   15.9   0.0   5   5    0.0014      0.24    8.2   0.0    97   143   541   590   532   599 0.75 -
AgamP4_2R:7170939-7171469   -            177 105887at6656         -            182     0.014   12.2   0.0   1   4       6.1     1e+03   -3.6   0.0    65    83    11    29     9    40 0.66 -
AgamP4_2R:7170939-7171469   -            177 105887at6656         -            182     0.014   12.2   0.0   2   4       1.2     2e+02   -1.3   0.0    30    40    56    66    40    84 0.63 -
AgamP4_2R:7170939-7171469   -            177 105887at6656         -            182     0.014   12.2   0.0   3   4       2.8   4.8e+02   -2.6   0.0    68    80   112   124    94   126 0.80 -
AgamP4_2R:7170939-7171469   -            177 105887at6656         -            182     0.014   12.2   0.0   4   4   0.00052     0.089    9.6   0.0    87   119   144   176   143   177 0.86 -
#
# Program:         hmmsearch
# Version:         3.1b2 (February 2015)
# Pipeline mode:   SEARCH
# Query file:      /hpcdata/bcbb/homc/Barillaslab/Agam_hemo_transcriptomes/scripts/compare_txomes/busco/busco_downloads/lineages/arthropoda_odb10/hmms/105887at6656.hmm
# Target file:     /hpcdata/bcbb/homc/Barillaslab/Agam_hemo_transcriptomes/scripts/compare_txomes/busco/VB59_AgambiaePEST_BUSCO/run_arthropoda_odb10/metaeuk_output/initial_results/VectorBase-59_AgambiaePEST_Genome.fasta.modified.fas
# Option settings: hmmsearch --domtblout /hpcdata/bcbb/homc/Barillaslab/Agam_hemo_transcriptomes/scripts/compare_txomes/busco/VB59_AgambiaePEST_BUSCO/run_arthropoda_odb10/hmmer_output/initial_run_results/105887at6656.out --cpu 1 /hpcdata/bcbb/homc/Barillaslab/Agam_hemo_transcriptomes/scripts/compare_txomes/busco/busco_downloads/lineages/arthropoda_odb10/hmms/105887at6656.hmm /hpcdata/bcbb/homc/Barillaslab/Agam_hemo_transcriptomes/scripts/compare_txomes/busco/VB59_AgambiaePEST_BUSCO/run_arthropoda_odb10/metaeuk_output/initial_results/VectorBase-59_AgambiaePEST_Genome.fasta.modified.fas 
# Current dir:     /hpcdata/bcbb/homc/Barillaslab/Agam_hemo_transcriptomes/scripts/compare_txomes/busco
# Date:            Fri Jan 27 16:39:35 2023
# [ok]
