#                                                                                   --- full sequence --- -------------- this domain -------------   hmm coord   ali coord   env coord
# target name               accession   tlen query name           accession   qlen   E-value  score  bias   #  of  c-Evalue  i-Evalue  score  bias  from    to  from    to  from    to  acc description of target
#       ------------------- ---------- ----- -------------------- ---------- ----- --------- ------ ----- --- --- --------- --------- ------ ----- ----- ----- ----- ----- ----- ----- ---- ---------------------
AgamP4_2L:13244029-13246775 -            519 109444at6656         -            179  4.9e-103  339.8   6.8   1   2   8.3e-33   5.6e-31  105.0   1.2     1    64   288   352   288   365 0.93 -
AgamP4_2L:13244029-13246775 -            519 109444at6656         -            179  4.9e-103  339.8   6.8   2   2   1.4e-73   9.7e-72  237.8   0.5    60   174   371   493   359   505 0.90 -
AgamP4_X:11848260-11853436  -            139 109444at6656         -            179   5.8e-49  163.6   0.8   1   1   9.5e-51   6.5e-49  163.5   0.8     3   133     2   138     1   139 0.89 -
AgamP4_2R:31246414-31247914 -            158 109444at6656         -            179   5.5e-42  140.9   1.1   1   1     9e-44   6.1e-42  140.7   1.1     4   151     9   153     6   158 0.93 -
AgamP4_2R:1586098-1588624   -            144 109444at6656         -            179     8e-36  120.8   4.0   1   2   1.5e-10     1e-08   32.5   0.1     5    41     2    38     1    39 0.96 -
AgamP4_2R:1586098-1588624   -            144 109444at6656         -            179     8e-36  120.8   4.0   2   2   2.5e-28   1.7e-26   90.4   1.4    63   151    39   130    37   144 0.77 -
AgamP4_2R:57592776-57607837 -           1531 109444at6656         -            179   3.6e-35  118.7   0.4   1   1     1e-36     7e-35  117.7   0.4     3   157   523   686   521   697 0.88 -
AgamP4_3L:12359359-12360034 -            158 109444at6656         -            179     5e-34  115.0   0.2   1   1   8.9e-36     6e-34  114.7   0.2    10   158     1   158     1   158 0.88 -
AgamP4_2R:15231589-15232168 -            164 109444at6656         -            179   8.1e-34  114.3   0.0   1   1   1.3e-35   9.1e-34  114.1   0.0     4   149     6   157     3   164 0.88 -
AgamP4_2L:42577648-42578361 -            171 109444at6656         -            179   3.2e-32  109.1   1.6   1   1   5.6e-34   3.8e-32  108.8   1.6     3   149     1   157     1   168 0.88 -
AgamP4_2R:50737358-50738182 -            148 109444at6656         -            179   8.3e-31  104.5   0.1   1   1   1.4e-32   9.4e-31  104.3   0.1     7   150     1   142     1   148 0.88 -
AgamP4_2R:51856154-51856937 -            177 109444at6656         -            179   5.1e-30  101.9   0.0   1   1   9.8e-32   6.7e-30  101.5   0.0     7   166     1   161     1   174 0.87 -
AgamP4_3R:2590576-2591316   -            199 109444at6656         -            179   6.6e-30  101.6   0.1   1   2     2e-13   1.4e-11   41.9   0.0     2    70    13    82    12    87 0.92 -
AgamP4_3R:2590576-2591316   -            199 109444at6656         -            179   6.6e-30  101.6   0.1   2   2   2.4e-18   1.6e-16   57.9   0.0    69   151   110   194   104   199 0.86 -
AgamP4_X:7695276-7697820    -            219 109444at6656         -            179   9.8e-30  101.0   0.1   1   1   2.8e-31   1.9e-29  100.1   0.1     5   154     5   169     2   182 0.83 -
AgamP4_3L:27807801-27808340 -            180 109444at6656         -            179   1.4e-29  100.5   1.3   1   1   2.5e-31   1.7e-29  100.2   1.3     6   166     4   171     1   178 0.84 -
AgamP4_3R:10564115-10564711 -            141 109444at6656         -            179   1.4e-27   93.9   0.4   1   1   2.5e-29   1.7e-27   93.7   0.4     6   146     1   140     1   141 0.89 -
AgamP4_3L:21991042-21995223 -            126 109444at6656         -            179   1.3e-26   90.9   0.6   1   1   2.1e-28   1.4e-26   90.7   0.6    41   153     1   122     1   126 0.87 -
AgamP4_2L:27432155-27432657 -            143 109444at6656         -            179   2.9e-25   86.4   0.0   1   1   4.7e-27   3.2e-25   86.3   0.0    14   146     5   143     1   143 0.87 -
AgamP4_2L:14908510-14909083 -            153 109444at6656         -            179   5.5e-25   85.5   0.1   1   1   1.1e-26   7.6e-25   85.0   0.1    18   167     1   146     1   151 0.90 -
AgamP4_X:15543196-15548842  -            266 109444at6656         -            179   3.2e-24   83.0   0.0   1   1   7.1e-26   4.8e-24   82.4   0.0     4   157     6   168     3   175 0.85 -
AgamP4_2R:6828196-6828655   -            131 109444at6656         -            179   2.4e-22   76.9   0.2   1   1   8.2e-24   5.6e-22   75.7   0.2    11   125     1   125     1   130 0.80 -
AAAB01007859:9060-9510      -            128 109444at6656         -            179   2.4e-22   76.9   0.2   1   1   7.7e-24   5.3e-22   75.8   0.2    11   126     1   126     1   128 0.80 -
AgamP4_2L:39304517-39304714 -             66 109444at6656         -            179   1.2e-19   68.1   0.0   1   1   1.9e-21   1.3e-19   68.0   0.0    57    98     8    49     3    61 0.92 -
AgamP4_2R:27887459-27887818 -            120 109444at6656         -            179   2.3e-18   64.0   0.0   1   1   3.9e-20   2.7e-18   63.7   0.0    62   161     2   110     1   118 0.85 -
AgamP4_2L:48776223-48776646 -            114 109444at6656         -            179   2.5e-18   63.8   0.3   1   1   4.2e-20   2.9e-18   63.6   0.3     8   102     2    98     1   110 0.92 -
AgamP4_2L:10774395-10774847 -            151 109444at6656         -            179   1.1e-17   61.8   0.1   1   1     2e-19   1.3e-17   61.5   0.1    27   159     5   146     1   151 0.81 -
AgamP4_2L:25514643-25515085 -            116 109444at6656         -            179   2.4e-17   60.6   0.1   1   1   4.2e-19   2.8e-17   60.4   0.1    13    94     3    85     1    95 0.91 -
AgamP4_2L:15542100-15542639 -            180 109444at6656         -            179   2.3e-15   54.1   0.0   1   1   9.2e-17   6.3e-15   52.7   0.0    10   134     7   138     2   179 0.80 -
AgamP4_2R:11749819-11749977 -             53 109444at6656         -            179   3.6e-14   50.3   0.1   1   1   5.6e-16   3.8e-14   50.2   0.1   107   151     2    46     1    52 0.91 -
AgamP4_2R:6360666-6361210   -            123 109444at6656         -            179   6.2e-13   46.3   0.0   1   1   1.1e-14   7.6e-13   46.0   0.0    11   115     8   116     5   122 0.85 -
AgamP4_2L:49133048-49133398 -            117 109444at6656         -            179   6.2e-13   46.2   0.0   1   1   1.1e-14   7.5e-13   46.0   0.0    10   119     1   116     1   117 0.84 -
AgamP4_2L:25161113-25161373 -             87 109444at6656         -            179   2.7e-12   44.2   0.0   1   1   4.4e-14     3e-12   44.0   0.0    82   159     2    81     1    86 0.88 -
AgamP4_3R:31271182-31271517 -            112 109444at6656         -            179   1.1e-11   42.2   0.0   1   1   1.7e-13   1.2e-11   42.1   0.0    59   121     1    68     1    98 0.89 -
AgamP4_3R:44107442-44109677 -            154 109444at6656         -            179   1.2e-10   38.8   0.0   1   1   2.5e-12   1.7e-10   38.3   0.0    15   152     4   152     1   154 0.80 -
AgamP4_2L:10786381-10797806 -            107 109444at6656         -            179   5.9e-10   36.5   0.0   1   1   9.6e-12   6.5e-10   36.4   0.0    10    79    18    87    12   106 0.87 -
AgamP4_3L:37749001-37749150 -             50 109444at6656         -            179   4.6e-09   33.6   0.0   1   1   6.7e-11   4.6e-09   33.6   0.0   107   150     2    47     1    50 0.88 -
AgamP4_2L:13876301-13876447 -             49 109444at6656         -            179   6.2e-09   33.2   0.1   1   1   9.1e-11   6.2e-09   33.2   0.1   110   151     1    43     1    49 0.88 -
AgamP4_3L:40897823-40898263 -            147 109444at6656         -            179     4e-07   27.3   0.0   1   1   1.1e-06   7.8e-05   19.9   0.0    77   128    93   146     1   147 0.69 -
AgamP4_2R:21425819-21426028 -             70 109444at6656         -            179   1.9e-06   25.1   0.0   1   1   3.3e-08   2.3e-06   24.9   0.0    12    67     2    57     1    59 0.96 -
AgamP4_3L:32617933-32618632 -            167 109444at6656         -            179   8.9e-06   22.9   0.1   1   1   1.7e-07   1.1e-05   22.6   0.1    10   146    14   149    11   160 0.73 -
AgamP4_3R:3976726-3979639   -            651 109444at6656         -            179   4.3e-05   20.7   0.0   1   2    0.0026      0.18    8.9   0.0    10   125    12   134     5   160 0.81 -
AgamP4_3R:3976726-3979639   -            651 109444at6656         -            179   4.3e-05   20.7   0.0   2   2    0.0029       0.2    8.8   0.0    84   157   500   578   415   583 0.78 -
AgamP4_2R:29824111-29824377 -             89 109444at6656         -            179   7.2e-05   20.0   0.0   1   1   1.1e-06   7.5e-05   19.9   0.0    21    94     8    77     1    86 0.77 -
AgamP4_2R:57072260-57072718 -            153 109444at6656         -            179   0.00033   17.8   0.0   1   1     7e-06   0.00048   17.3   0.0    11    94     5    84     2    90 0.85 -
AgamP4_2R:52184961-52192586 -            378 109444at6656         -            179   0.00045   17.4   0.0   1   1   1.2e-05   0.00082   16.5   0.0    34    97   237   297   231   358 0.78 -
AgamP4_2L:39408710-39408993 -             60 109444at6656         -            179   0.00054   17.1   0.0   1   1   9.2e-06   0.00063   16.9   0.0    11    71     3    57     1    59 0.82 -
AgamP4_3L:20104613-20105146 -             71 109444at6656         -            179    0.0018   15.4   0.0   1   1   2.8e-05    0.0019   15.3   0.0    10    80     2    68     1    71 0.83 -
AgamP4_2L:13494232-13494699 -            156 109444at6656         -            179     0.021   11.9   0.0   1   1   0.00038     0.026   11.6   0.0    22    94     7    75     2   107 0.79 -
#
# Program:         hmmsearch
# Version:         3.1b2 (February 2015)
# Pipeline mode:   SEARCH
# Query file:      /hpcdata/bcbb/homc/Barillaslab/Agam_hemo_transcriptomes/scripts/compare_txomes/busco/busco_downloads/lineages/arthropoda_odb10/hmms/109444at6656.hmm
# Target file:     /hpcdata/bcbb/homc/Barillaslab/Agam_hemo_transcriptomes/scripts/compare_txomes/busco/VB59_AgambiaePEST_BUSCO/run_arthropoda_odb10/metaeuk_output/initial_results/VectorBase-59_AgambiaePEST_Genome.fasta.modified.fas
# Option settings: hmmsearch --domtblout /hpcdata/bcbb/homc/Barillaslab/Agam_hemo_transcriptomes/scripts/compare_txomes/busco/VB59_AgambiaePEST_BUSCO/run_arthropoda_odb10/hmmer_output/initial_run_results/109444at6656.out --cpu 1 /hpcdata/bcbb/homc/Barillaslab/Agam_hemo_transcriptomes/scripts/compare_txomes/busco/busco_downloads/lineages/arthropoda_odb10/hmms/109444at6656.hmm /hpcdata/bcbb/homc/Barillaslab/Agam_hemo_transcriptomes/scripts/compare_txomes/busco/VB59_AgambiaePEST_BUSCO/run_arthropoda_odb10/metaeuk_output/initial_results/VectorBase-59_AgambiaePEST_Genome.fasta.modified.fas 
# Current dir:     /hpcdata/bcbb/homc/Barillaslab/Agam_hemo_transcriptomes/scripts/compare_txomes/busco
# Date:            Fri Jan 27 16:39:39 2023
# [ok]
