#                                                                                   --- full sequence --- -------------- this domain -------------   hmm coord   ali coord   env coord
# target name               accession   tlen query name           accession   qlen   E-value  score  bias   #  of  c-Evalue  i-Evalue  score  bias  from    to  from    to  from    to  acc description of target
#       ------------------- ---------- ----- -------------------- ---------- ----- --------- ------ ----- --- --- --------- --------- ------ ----- ----- ----- ----- ----- ----- ----- ---- ---------------------
AgamP4_3R:41532587-41534240 -            507 113668at6656         -            226   6.8e-72  238.8  20.1   1   4   1.5e-09   1.6e-06   25.0   2.2     2    53     1    69     1    71 0.81 -
AgamP4_3R:41532587-41534240 -            507 113668at6656         -            226   6.8e-72  238.8  20.1   2   4   2.8e-50   2.9e-47  158.2   4.3    55   149    92   191    87   199 0.92 -
AgamP4_3R:41532587-41534240 -            507 113668at6656         -            226   6.8e-72  238.8  20.1   3   4   7.6e-15   7.7e-12   42.3   0.0   148   182   209   243   205   276 0.76 -
AgamP4_3R:41532587-41534240 -            507 113668at6656         -            226   6.8e-72  238.8  20.1   4   4   7.1e-08   7.2e-05   19.5   0.1   178   226   361   422   354   422 0.71 -
AgamP4_3L:33028980-33030208 -            361 113668at6656         -            226   1.2e-22   77.7   7.5   1   2   8.2e-06    0.0084   12.8   0.1   111   149    78   116    72   122 0.73 -
AgamP4_3L:33028980-33030208 -            361 113668at6656         -            226   1.2e-22   77.7   7.5   2   2   4.3e-22   4.4e-19   66.0   3.9    56   177   124   257   119   272 0.80 -
AgamP4_2R:26299408-26301698 -            461 113668at6656         -            226     5e-13   46.2   4.8   1   1   8.3e-16   8.5e-13   45.5   4.8    36   154   130   265   120   274 0.82 -
#
# Program:         hmmsearch
# Version:         3.1b2 (February 2015)
# Pipeline mode:   SEARCH
# Query file:      /hpcdata/bcbb/homc/Barillaslab/Agam_hemo_transcriptomes/scripts/compare_txomes/busco/busco_downloads/lineages/arthropoda_odb10/hmms/113668at6656.hmm
# Target file:     /hpcdata/bcbb/homc/Barillaslab/Agam_hemo_transcriptomes/scripts/compare_txomes/busco/VB59_AgambiaePEST_BUSCO/run_arthropoda_odb10/metaeuk_output/initial_results/VectorBase-59_AgambiaePEST_Genome.fasta.modified.fas
# Option settings: hmmsearch --domtblout /hpcdata/bcbb/homc/Barillaslab/Agam_hemo_transcriptomes/scripts/compare_txomes/busco/VB59_AgambiaePEST_BUSCO/run_arthropoda_odb10/hmmer_output/initial_run_results/113668at6656.out --cpu 1 /hpcdata/bcbb/homc/Barillaslab/Agam_hemo_transcriptomes/scripts/compare_txomes/busco/busco_downloads/lineages/arthropoda_odb10/hmms/113668at6656.hmm /hpcdata/bcbb/homc/Barillaslab/Agam_hemo_transcriptomes/scripts/compare_txomes/busco/VB59_AgambiaePEST_BUSCO/run_arthropoda_odb10/metaeuk_output/initial_results/VectorBase-59_AgambiaePEST_Genome.fasta.modified.fas 
# Current dir:     /hpcdata/bcbb/homc/Barillaslab/Agam_hemo_transcriptomes/scripts/compare_txomes/busco
# Date:            Fri Jan 27 16:39:42 2023
# [ok]
