#                                                                                     --- full sequence --- -------------- this domain -------------   hmm coord   ali coord   env coord
# target name                 accession   tlen query name           accession   qlen   E-value  score  bias   #  of  c-Evalue  i-Evalue  score  bias  from    to  from    to  from    to  acc description of target
#         ------------------- ---------- ----- -------------------- ---------- ----- --------- ------ ----- --- --- --------- --------- ------ ----- ----- ----- ----- ----- ----- ----- ---- ---------------------
AgamP4_2R:29612437-29614694   -            667 119438at6656         -            222   5.2e-42  141.7  47.1   1   4       1.5        45    1.2   0.1    45    65   111   131   103   149 0.66 -
AgamP4_2R:29612437-29614694   -            667 119438at6656         -            222   5.2e-42  141.7  47.1   2   4   9.9e-10   2.9e-08   31.3   6.4     2    73   158   240   157   249 0.75 -
AgamP4_2R:29612437-29614694   -            667 119438at6656         -            222   5.2e-42  141.7  47.1   3   4   3.3e-28   9.9e-27   91.7  23.4    56   184   260   408   249   436 0.85 -
AgamP4_2R:29612437-29614694   -            667 119438at6656         -            222   5.2e-42  141.7  47.1   4   4     7e-09   2.1e-07   28.5   0.3   170   220   438   489   409   491 0.88 -
AgamP4_2L:46275435-46276328   -            298 119438at6656         -            222   3.7e-40  135.6  59.3   1   6   1.2e-06   3.6e-05   21.2   0.4    64    98    13    47     3    47 0.91 -
AgamP4_2L:46275435-46276328   -            298 119438at6656         -            222   3.7e-40  135.6  59.3   2   6   6.4e-08   1.9e-06   25.4   1.2    65    97    42    74    40    74 0.95 -
AgamP4_2L:46275435-46276328   -            298 119438at6656         -            222   3.7e-40  135.6  59.3   3   6     2e-11     6e-10   36.8   5.0    65   109    70   114    68   121 0.94 -
AgamP4_2L:46275435-46276328   -            298 119438at6656         -            222   3.7e-40  135.6  59.3   4   6   1.6e-15   4.9e-14   50.2  22.7    65   174   122   243   116   244 0.89 -
AgamP4_2L:46275435-46276328   -            298 119438at6656         -            222   3.7e-40  135.6  59.3   5   6     9e-08   2.6e-06   24.9   3.2    65    99   235   269   233   269 0.95 -
AgamP4_2L:46275435-46276328   -            298 119438at6656         -            222   3.7e-40  135.6  59.3   6   6   2.3e-07   6.7e-06   23.6   1.1    64    99   262   297   261   298 0.94 -
AgamP4_2R:59550898-59551896   -            333 119438at6656         -            222   2.4e-35  119.9  64.6   1   6   4.3e-07   1.3e-05   22.7   4.8    65   111    15    65     4    70 0.79 -
AgamP4_2R:59550898-59551896   -            333 119438at6656         -            222   2.4e-35  119.9  64.6   2   6   1.3e-14   3.7e-13   47.3  24.6    65   174    71   192    60   192 0.86 -
AgamP4_2R:59550898-59551896   -            333 119438at6656         -            222   2.4e-35  119.9  64.6   3   6   1.2e-08   3.4e-07   27.8   9.5    64   122   183   246   175   248 0.85 -
AgamP4_2R:59550898-59551896   -            333 119438at6656         -            222   2.4e-35  119.9  64.6   4   6   6.9e-05     0.002   15.5   2.1    68    98   243   274   241   275 0.87 -
AgamP4_2R:59550898-59551896   -            333 119438at6656         -            222   2.4e-35  119.9  64.6   5   6   2.9e-06   8.6e-05   20.0   0.5    64    98   268   302   266   303 0.94 -
AgamP4_2R:59550898-59551896   -            333 119438at6656         -            222   2.4e-35  119.9  64.6   6   6   3.7e-07   1.1e-05   22.9   0.5    64    98   296   330   294   333 0.93 -
AgamP4_3R:2774449-2775753     -            435 119438at6656         -            222   6.9e-32  108.5  54.1   1   3   1.6e-12   4.7e-11   40.4  12.3    64   149    16   108     2   113 0.84 -
AgamP4_3R:2774449-2775753     -            435 119438at6656         -            222   6.9e-32  108.5  54.1   2   3   1.3e-15   3.8e-14   50.5  17.9    61   177   188   314   165   321 0.88 -
AgamP4_3R:2774449-2775753     -            435 119438at6656         -            222   6.9e-32  108.5  54.1   3   3   1.9e-08   5.5e-07   27.1   7.9   102   171   358   434   349   435 0.59 -
AgamP4_2R:32506374-32507171   -            266 119438at6656         -            222   2.4e-27   93.7  41.3   1   3   5.8e-07   1.7e-05   22.3   6.7   125   179     4    60     1    66 0.87 -
AgamP4_2R:32506374-32507171   -            266 119438at6656         -            222   2.4e-27   93.7  41.3   2   3   1.6e-10   4.7e-09   33.9   8.4    68   158    53   159    52   162 0.79 -
AgamP4_2R:32506374-32507171   -            266 119438at6656         -            222   2.4e-27   93.7  41.3   3   3   1.3e-17   3.8e-16   57.1  19.0    65   175   141   263   138   266 0.88 -
AgamP4_X:2158833-2159909      -            359 119438at6656         -            222   6.2e-24   82.6  75.9   1   4   6.4e-05    0.0019   15.6   9.0    74   156     6    65     1    75 0.47 -
AgamP4_X:2158833-2159909      -            359 119438at6656         -            222   6.2e-24   82.6  75.9   2   4     8e-10   2.4e-08   31.6  18.3    63   153    75   178    74   186 0.86 -
AgamP4_X:2158833-2159909      -            359 119438at6656         -            222   6.2e-24   82.6  75.9   3   4   7.2e-06   0.00021   18.7   8.9    54   109   188   250   178   257 0.75 -
AgamP4_X:2158833-2159909      -            359 119438at6656         -            222   6.2e-24   82.6  75.9   4   4   3.3e-10   9.7e-09   32.9  16.3    64   153   257   355   253   357 0.87 -
AgamP4_3R:19386509-19387489   -            327 119438at6656         -            222   6.7e-23   79.2  48.4   1   4   7.5e-10   2.2e-08   31.7  12.3    63   144    92   182    91   182 0.82 -
AgamP4_3R:19386509-19387489   -            327 119438at6656         -            222   6.7e-23   79.2  48.4   2   4   9.7e-12   2.9e-10   37.9  18.4    65   177   122   245   120   249 0.88 -
AgamP4_3R:19386509-19387489   -            327 119438at6656         -            222   6.7e-23   79.2  48.4   3   4     6e-05    0.0018   15.7   2.6    64   110   233   281   231   286 0.88 -
AgamP4_3R:19386509-19387489   -            327 119438at6656         -            222   6.7e-23   79.2  48.4   4   4     3e-08   8.7e-07   26.5   1.7    65   100   291   326   286   327 0.93 -
AgamP4_3L:27098244-27098804   -            187 119438at6656         -            222   4.5e-22   76.5  31.1   1   3     2e-13   5.9e-12   43.4  19.4    62   171    11   131     1   132 0.86 -
AgamP4_3L:27098244-27098804   -            187 119438at6656         -            222   4.5e-22   76.5  31.1   2   3   0.00014     0.004   14.5   0.1    66    92   127   153   123   156 0.88 -
AgamP4_3L:27098244-27098804   -            187 119438at6656         -            222   4.5e-22   76.5  31.1   3   3   3.1e-09   9.2e-08   29.7   1.3    65    98   154   187   152   187 0.94 -
AgamP4_2L:16129407-16130156   -            250 119438at6656         -            222   3.5e-21   73.6  48.8   1   3   1.7e-05   0.00052   17.4   6.4   126   174     2    51     1    51 0.94 -
AgamP4_2L:16129407-16130156   -            250 119438at6656         -            222   3.5e-21   73.6  48.8   2   3   1.4e-11     4e-10   37.4  16.5    63   153    41   140    38   142 0.89 -
AgamP4_2L:16129407-16130156   -            250 119438at6656         -            222   3.5e-21   73.6  48.8   3   3   4.9e-12   1.5e-10   38.8  15.3    71   171   134   250   132   250 0.84 -
AgamP4_3R:22683412-22684185   -            258 119438at6656         -            222   5.3e-21   73.0  43.2   1   4         9   2.7e+02   -1.3   0.0    84   100     1    17     1    24 0.72 -
AgamP4_3R:22683412-22684185   -            258 119438at6656         -            222   5.3e-21   73.0  43.2   2   4   9.6e-06   0.00028   18.3   2.8   126   171    28    77    21    78 0.83 -
AgamP4_3R:22683412-22684185   -            258 119438at6656         -            222   5.3e-21   73.0  43.2   3   4   7.1e-06   0.00021   18.7  16.6    61   112    66   119    57   124 0.79 -
AgamP4_3R:22683412-22684185   -            258 119438at6656         -            222   5.3e-21   73.0  43.2   4   4   1.1e-08   3.2e-07   27.9   1.8    65   145   183   253   181   258 0.80 -
AgamP4_3R:32319269-32320186   -            306 119438at6656         -            222   1.6e-20   71.4  37.2   1   6   7.8e-07   2.3e-05   21.8   3.9   117   174     5    65     2    65 0.93 -
AgamP4_3R:32319269-32320186   -            306 119438at6656         -            222   1.6e-20   71.4  37.2   2   6   6.2e-07   1.8e-05   22.1   1.0    64    97    56    89    55    89 0.96 -
AgamP4_3R:32319269-32320186   -            306 119438at6656         -            222   1.6e-20   71.4  37.2   3   6   4.5e-06   0.00013   19.3   0.6    64    98    84   118    83   121 0.94 -
AgamP4_3R:32319269-32320186   -            306 119438at6656         -            222   1.6e-20   71.4  37.2   4   6   2.8e-05   0.00082   16.7   1.3    72    99   121   148   118   151 0.93 -
AgamP4_3R:32319269-32320186   -            306 119438at6656         -            222   1.6e-20   71.4  37.2   5   6      0.03      0.87    6.9   0.9    77   101   223   247   220   269 0.49 -
AgamP4_3R:32319269-32320186   -            306 119438at6656         -            222   1.6e-20   71.4  37.2   6   6   1.2e-05   0.00034   18.0   3.1    66    99   271   304   261   306 0.91 -
AgamP4_2R:40376043-40376915   -            291 119438at6656         -            222   1.7e-20   71.3  62.1   1   3   3.7e-06   0.00011   19.6   1.7   125   175     8    59     4    63 0.90 -
AgamP4_2R:40376043-40376915   -            291 119438at6656         -            222   1.7e-20   71.3  62.1   2   3   1.1e-06   3.2e-05   21.4  26.5    80   175    63   170    62   174 0.80 -
AgamP4_2R:40376043-40376915   -            291 119438at6656         -            222   1.7e-20   71.3  62.1   3   3   1.6e-11   4.7e-10   37.2  18.5    53   151   180   289   171   291 0.80 -
AgamP4_2R:47558974-47559540   -            189 119438at6656         -            222   4.6e-20   69.9  23.2   1   5     0.002     0.059   10.7   4.1    63    97    42    76    17    77 0.67 -
AgamP4_2R:47558974-47559540   -            189 119438at6656         -            222   4.6e-20   69.9  23.2   2   5     4e-05    0.0012   16.2   0.1    67    91    74    98    71   102 0.88 -
AgamP4_2R:47558974-47559540   -            189 119438at6656         -            222   4.6e-20   69.9  23.2   3   5     1e-05    0.0003   18.2   0.2    65    91   100   126    97   130 0.91 -
AgamP4_2R:47558974-47559540   -            189 119438at6656         -            222   4.6e-20   69.9  23.2   4   5   2.4e-07   7.2e-06   23.5   0.3    67    99   130   162   125   163 0.91 -
AgamP4_2R:47558974-47559540   -            189 119438at6656         -            222   4.6e-20   69.9  23.2   5   5     3e-06   8.8e-05   19.9   0.7    65    98   156   189   154   189 0.95 -
AgamP4_2R:47593554-47594156   -            201 119438at6656         -            222   9.9e-20   68.8  26.5   1   6       1.2        35    1.6   1.9   125   158     6    40     3    50 0.46 -
AgamP4_2R:47593554-47594156   -            201 119438at6656         -            222   9.9e-20   68.8  26.5   2   6    0.0041      0.12    9.7   4.3    52    92    33    79    25    84 0.66 -
AgamP4_2R:47593554-47594156   -            201 119438at6656         -            222   9.9e-20   68.8  26.5   3   6   5.3e-05    0.0016   15.8   0.1    67    90    82   105    78   109 0.90 -
AgamP4_2R:47593554-47594156   -            201 119438at6656         -            222   9.9e-20   68.8  26.5   4   6   1.4e-05   0.00043   17.7   0.1    65    90   108   133   106   138 0.91 -
AgamP4_2R:47593554-47594156   -            201 119438at6656         -            222   9.9e-20   68.8  26.5   5   6   5.2e-07   1.5e-05   22.4   0.1    68    98   139   169   134   170 0.92 -
AgamP4_2R:47593554-47594156   -            201 119438at6656         -            222   9.9e-20   68.8  26.5   6   6   1.3e-06     4e-05   21.0   1.4    65   101   164   200   162   201 0.93 -
AgamP4_2L:16086679-16087344   -            222 119438at6656         -            222   1.3e-19   68.4  39.9   1   2   2.2e-12   6.4e-11   40.0  16.9    63   158    10   114     2   114 0.88 -
AgamP4_2L:16086679-16087344   -            222 119438at6656         -            222   1.3e-19   68.4  39.9   2   2   6.7e-12     2e-10   38.4  18.3    71   172   103   220   101   222 0.84 -
AgamP4_2R:34032170-34032661   -            164 119438at6656         -            222   1.8e-19   67.9  25.0   1   4   2.9e-08   8.5e-07   26.5   3.8    63   113    12    66     1    69 0.81 -
AgamP4_2R:34032170-34032661   -            164 119438at6656         -            222   1.8e-19   67.9  25.0   2   4   0.00013    0.0038   14.6   1.4    64    89    69    94    66    99 0.92 -
AgamP4_2R:34032170-34032661   -            164 119438at6656         -            222   1.8e-19   67.9  25.0   3   4   2.6e-07   7.5e-06   23.4   1.2    66    98    99   131    96   132 0.93 -
AgamP4_2R:34032170-34032661   -            164 119438at6656         -            222   1.8e-19   67.9  25.0   4   4   1.2e-06   3.6e-05   21.2   0.7    64   101   125   162   122   164 0.91 -
AgamP4_2L:17002419-17002946   -            176 119438at6656         -            222   4.7e-19   66.6  37.2   1   4   5.3e-07   1.6e-05   22.4   5.5   123   175    10    64     3    69 0.76 -
AgamP4_2L:17002419-17002946   -            176 119438at6656         -            222   4.7e-19   66.6  37.2   2   4   1.1e-05   0.00031   18.1  10.4   119   160    62   106    60   112 0.82 -
AgamP4_2L:17002419-17002946   -            176 119438at6656         -            222   4.7e-19   66.6  37.2   3   4   1.9e-06   5.5e-05   20.6   1.6    57    89   103   134   101   141 0.77 -
AgamP4_2L:17002419-17002946   -            176 119438at6656         -            222   4.7e-19   66.6  37.2   4   4   1.2e-07   3.5e-06   24.5   0.9    64    98   139   173   134   176 0.93 -
AgamP4_3L:5056205-5056990     -            262 119438at6656         -            222   9.9e-19   65.5  32.0   1   3       1.2        35    1.6   4.5    80   149    14    81     5    88 0.66 -
AgamP4_3L:5056205-5056990     -            262 119438at6656         -            222   9.9e-19   65.5  32.0   2   3   3.4e-11     1e-09   36.1   8.5    66   172    74   180    71   181 0.88 -
AgamP4_3L:5056205-5056990     -            262 119438at6656         -            222   9.9e-19   65.5  32.0   3   3   3.4e-13     1e-11   42.6  15.5    64   144   173   262   171   262 0.86 -
AgamP4_2R:21350427-21351674   -            416 119438at6656         -            222     1e-18   65.5  74.7   1   6     0.054       1.6    6.0   0.4   125   156     2    34     1    34 0.86 -
AgamP4_2R:21350427-21351674   -            416 119438at6656         -            222     1e-18   65.5  74.7   2   6   1.2e-07   3.6e-06   24.5  19.4    64   178    16   139    13   160 0.84 -
AgamP4_2R:21350427-21351674   -            416 119438at6656         -            222     1e-18   65.5  74.7   3   6    0.0092      0.27    8.5  16.3    42   171   166   296   163   297 0.77 -
AgamP4_2R:21350427-21351674   -            416 119438at6656         -            222     1e-18   65.5  74.7   4   6    0.0002    0.0059   13.9   8.5    67   111   294   343   289   352 0.74 -
AgamP4_2R:21350427-21351674   -            416 119438at6656         -            222     1e-18   65.5  74.7   5   6   2.2e-06   6.6e-05   20.3   2.9    64    99   348   383   345   384 0.94 -
AgamP4_2R:21350427-21351674   -            416 119438at6656         -            222     1e-18   65.5  74.7   6   6   6.5e-07   1.9e-05   22.1   0.3    64   102   376   414   375   416 0.92 -
AgamP4_3L:8354096-8354689     -            198 119438at6656         -            222   2.5e-18   64.2  44.0   1   5   3.1e-07   9.1e-06   23.1   9.8   100   171     7    82     3    82 0.84 -
AgamP4_3L:8354096-8354689     -            198 119438at6656         -            222   2.5e-18   64.2  44.0   2   5   4.3e-05    0.0013   16.1   0.1    64    89    76   101    72   107 0.89 -
AgamP4_3L:8354096-8354689     -            198 119438at6656         -            222   2.5e-18   64.2  44.0   3   5   3.9e-06   0.00012   19.5   3.7    65    98   105   138   102   138 0.95 -
AgamP4_3L:8354096-8354689     -            198 119438at6656         -            222   2.5e-18   64.2  44.0   4   5   5.2e-07   1.5e-05   22.4   2.7    64    98   132   166   130   166 0.95 -
AgamP4_3L:8354096-8354689     -            198 119438at6656         -            222   2.5e-18   64.2  44.0   5   5   1.3e-05    0.0004   17.8   5.4    64   101   160   197   159   198 0.92 -
AgamP4_3R:17957545-17958528   -            328 119438at6656         -            222   2.9e-18   64.0  57.3   1   4   0.00024    0.0072   13.7   8.1    64   102    41    78    40    97 0.81 -
AgamP4_3R:17957545-17958528   -            328 119438at6656         -            222   2.9e-18   64.0  57.3   2   4   2.7e-07     8e-06   23.3   7.6    64   121    98   160    94   166 0.74 -
AgamP4_3R:17957545-17958528   -            328 119438at6656         -            222   2.9e-18   64.0  57.3   3   4     0.027      0.81    7.0  11.4    67   156   129   223   125   232 0.77 -
AgamP4_3R:17957545-17958528   -            328 119438at6656         -            222   2.9e-18   64.0  57.3   4   4   1.7e-10     5e-09   33.8  14.3    65   149   235   328   224   328 0.86 -
AgamP4_2R:25826519-25830845   -            797 119438at6656         -            222   3.2e-18   63.9  60.7   1   5   3.4e-05     0.001   16.4   5.7   120   175   464   521   423   522 0.85 -
AgamP4_2R:25826519-25830845   -            797 119438at6656         -            222   3.2e-18   63.9  60.7   2   5   2.6e-06   7.7e-05   20.1  13.4   100   182   467   556   451   564 0.79 -
AgamP4_2R:25826519-25830845   -            797 119438at6656         -            222   3.2e-18   63.9  60.7   3   5   1.3e-05   0.00039   17.8   5.3    65   124   512   580   508   581 0.75 -
AgamP4_2R:25826519-25830845   -            797 119438at6656         -            222   3.2e-18   63.9  60.7   4   5   1.2e-05   0.00035   17.9  15.0    80   156   559   648   553   664 0.56 -
AgamP4_2R:25826519-25830845   -            797 119438at6656         -            222   3.2e-18   63.9  60.7   5   5   6.7e-10     2e-08   31.8  19.9    63   156   685   785   658   793 0.84 -
AgamP4_UNKN:18734499-18735107 -            203 119438at6656         -            222   3.3e-18   63.8  43.6   1   5   6.3e-09   1.9e-07   28.7  10.0    99   177    11    93     4    97 0.84 -
AgamP4_UNKN:18734499-18735107 -            203 119438at6656         -            222   3.3e-18   63.8  43.6   2   5   6.2e-05    0.0018   15.6   0.1    64    89    81   106    79   110 0.90 -
AgamP4_UNKN:18734499-18735107 -            203 119438at6656         -            222   3.3e-18   63.8  43.6   3   5   4.2e-06   0.00012   19.4   3.8    65    98   110   143   107   143 0.95 -
AgamP4_UNKN:18734499-18735107 -            203 119438at6656         -            222   3.3e-18   63.8  43.6   4   5   1.3e-06     4e-05   21.1   2.6    64    97   137   170   135   170 0.94 -
AgamP4_UNKN:18734499-18735107 -            203 119438at6656         -            222   3.3e-18   63.8  43.6   5   5   1.5e-05   0.00044   17.6   5.7    64   101   165   202   163   203 0.92 -
AgamP4_2R:25829850-25830695   -            282 119438at6656         -            222   3.8e-18   63.6  50.5   1   5   2.3e-06   6.9e-05   20.3  10.6   103   171     5    80     4    81 0.73 -
AgamP4_2R:25829850-25830695   -            282 119438at6656         -            222   3.8e-18   63.6  50.5   2   5   4.7e-05    0.0014   16.0   3.6    65    99    47    81    45   102 0.81 -
AgamP4_2R:25829850-25830695   -            282 119438at6656         -            222   3.8e-18   63.6  50.5   3   5   1.9e-06   5.7e-05   20.5  14.9    80   156    94   183    86   192 0.55 -
AgamP4_2R:25829850-25830695   -            282 119438at6656         -            222   3.8e-18   63.6  50.5   4   5   3.2e-05   0.00094   16.5   2.4    63    98   220   255   193   255 0.89 -
AgamP4_2R:25829850-25830695   -            282 119438at6656         -            222   3.8e-18   63.6  50.5   5   5   5.7e-06   0.00017   19.0   2.2    64    97   249   282   246   282 0.92 -
AgamP4_3L:32964884-32966152   -            423 119438at6656         -            222   8.4e-18   62.5  37.3   1   4   0.00032    0.0094   13.3   2.0   126   171     2    52     1    52 0.66 -
AgamP4_3L:32964884-32966152   -            423 119438at6656         -            222   8.4e-18   62.5  37.3   2   4   9.7e-09   2.9e-07   28.0   5.3    66   121    48   109    44   114 0.84 -
AgamP4_3L:32964884-32966152   -            423 119438at6656         -            222   8.4e-18   62.5  37.3   3   4       2.3        67    0.7   0.0    77    99   214   236   210   251 0.75 -
AgamP4_3L:32964884-32966152   -            423 119438at6656         -            222   8.4e-18   62.5  37.3   4   4   2.4e-06   7.1e-05   20.2   3.3    63    99   385   421   374   423 0.87 -
AgamP4_3R:2465378-2466073     -            232 119438at6656         -            222   3.7e-17   60.4  44.9   1   3   1.7e-05    0.0005   17.4   6.1   126   175     1    52     1    55 0.96 -
AgamP4_3R:2465378-2466073     -            232 119438at6656         -            222   3.7e-17   60.4  44.9   2   3   1.3e-12   3.8e-11   40.7  12.8    64   176    42   165    39   173 0.85 -
AgamP4_3R:2465378-2466073     -            232 119438at6656         -            222   3.7e-17   60.4  44.9   3   3   8.6e-09   2.5e-07   28.2  10.1    65   173   127   226   125   232 0.68 -
AgamP4_2R:554146-554523       -            126 119438at6656         -            222   5.3e-17   59.9  15.5   1   1   3.4e-17   9.9e-16   55.7  15.7    64   174     2   123     1   124 0.92 -
AgamP4_2L:18352652-18353137   -            162 119438at6656         -            222   1.4e-16   58.5  30.4   1   4   9.4e-08   2.8e-06   24.8   6.2   126   175     4    55     1    59 0.86 -
AgamP4_2L:18352652-18353137   -            162 119438at6656         -            222   1.4e-16   58.5  30.4   2   4   0.00047     0.014   12.7   5.0    61    91    42    72    35    75 0.87 -
AgamP4_2L:18352652-18353137   -            162 119438at6656         -            222   1.4e-16   58.5  30.4   3   4   1.6e-07   4.9e-06   24.0   0.5    64    93    73   102    70   103 0.90 -
AgamP4_2L:18352652-18353137   -            162 119438at6656         -            222   1.4e-16   58.5  30.4   4   4   6.2e-07   1.8e-05   22.1   4.5    63   101   100   138    98   144 0.92 -
AgamP4_2L:3154604-3155644     -            347 119438at6656         -            222   1.9e-16   58.0  56.0   1   3   8.4e-06   0.00025   18.4   6.9   101   173    44   118    34   120 0.50 -
AgamP4_2L:3154604-3155644     -            347 119438at6656         -            222   1.9e-16   58.0  56.0   2   3   6.2e-08   1.8e-06   25.4  14.1    64   152   166   249   163   280 0.79 -
AgamP4_2L:3154604-3155644     -            347 119438at6656         -            222   1.9e-16   58.0  56.0   3   3    0.0074      0.22    8.8  13.8    78   175   257   342   250   347 0.75 -
AgamP4_2L:2573500-2574150     -            217 119438at6656         -            222   2.1e-16   57.9  58.1   1   5     0.032      0.95    6.7   6.5    80   139     3    44     1    47 0.33 -
AgamP4_2L:2573500-2574150     -            217 119438at6656         -            222   2.1e-16   57.9  58.1   2   5   8.3e-13   2.4e-11   41.4  10.7    64   144    44   133    39   133 0.87 -
AgamP4_2L:2573500-2574150     -            217 119438at6656         -            222   2.1e-16   57.9  58.1   3   5    0.0049      0.14    9.4   9.7    64   108   100   148    96   148 0.80 -
AgamP4_2L:2573500-2574150     -            217 119438at6656         -            222   2.1e-16   57.9  58.1   4   5   9.6e-05    0.0028   15.0   8.2    65    98   129   162   126   163 0.94 -
AgamP4_2L:2573500-2574150     -            217 119438at6656         -            222   2.1e-16   57.9  58.1   5   5   3.7e-06   0.00011   19.6  15.0    65   109   157   205   155   217 0.75 -
AgamP4_2R:53874171-53874677   -            169 119438at6656         -            222   2.4e-16   57.7  52.2   1   4   4.6e-05    0.0013   16.0   1.5   127   172    10    58     3    60 0.82 -
AgamP4_2R:53874171-53874677   -            169 119438at6656         -            222   2.4e-16   57.7  52.2   2   4   1.2e-08   3.5e-07   27.8   6.2   119   177    31    92    26    95 0.91 -
AgamP4_2R:53874171-53874677   -            169 119438at6656         -            222   2.4e-16   57.7  52.2   3   4   2.6e-06   7.5e-05   20.1   6.4    72   124    60   113    58   114 0.82 -
AgamP4_2R:53874171-53874677   -            169 119438at6656         -            222   2.4e-16   57.7  52.2   4   4   1.4e-09   4.3e-08   30.8  14.9    63   144    79   169    77   169 0.87 -
AgamP4_2L:16068859-16069677   -            273 119438at6656         -            222     3e-16   57.4  50.3   1   3   2.1e-05   0.00062   17.1   2.6   119   174     4    57     1    60 0.86 -
AgamP4_2L:16068859-16069677   -            273 119438at6656         -            222     3e-16   57.4  50.3   2   3   2.9e-05   0.00087   16.7  23.2    66   174    50   168    49   168 0.74 -
AgamP4_2L:16068859-16069677   -            273 119438at6656         -            222     3e-16   57.4  50.3   3   3   7.6e-10   2.2e-08   31.7  16.5    54   158   149   266   142   273 0.76 -
AgamP4_3R:10602730-10603518   -            263 119438at6656         -            222   6.2e-16   56.4  32.3   1   3   7.9e-07   2.3e-05   21.8  14.0    65   144    10   105     5   107 0.70 -
AgamP4_3R:10602730-10603518   -            263 119438at6656         -            222   6.2e-16   56.4  32.3   2   3     0.096       2.8    5.2   0.6    78   101    86   109    82   126 0.81 -
AgamP4_3R:10602730-10603518   -            263 119438at6656         -            222   6.2e-16   56.4  32.3   3   3     9e-10   2.6e-08   31.4   9.1    65   149   168   262   145   263 0.84 -
AgamP4_2L:16081528-16082166   -            213 119438at6656         -            222   7.2e-16   56.2  37.2   1   3   7.5e-09   2.2e-07   28.4  14.5   100   175    12    92     2    96 0.81 -
AgamP4_2L:16081528-16082166   -            213 119438at6656         -            222   7.2e-16   56.2  37.2   2   3   2.5e-10   7.4e-09   33.2  14.7    73   175    63   181    63   182 0.85 -
AgamP4_2L:16081528-16082166   -            213 119438at6656         -            222   7.2e-16   56.2  37.2   3   3   4.8e-06   0.00014   19.3   1.0    65   101   172   208   170   211 0.92 -
AgamP4_3R:25408616-25409677   -            354 119438at6656         -            222   1.2e-15   55.4  53.0   1   4   0.00018    0.0052   14.1   6.6    80   151    17   100    15   101 0.80 -
AgamP4_3R:25408616-25409677   -            354 119438at6656         -            222   1.2e-15   55.4  53.0   2   4   4.8e-08   1.4e-06   25.8  21.2    69   175    94   216    88   225 0.81 -
AgamP4_3R:25408616-25409677   -            354 119438at6656         -            222   1.2e-15   55.4  53.0   3   4   2.9e-07   8.5e-06   23.2   6.4   113   174   254   320   241   321 0.84 -
AgamP4_3R:25408616-25409677   -            354 119438at6656         -            222   1.2e-15   55.4  53.0   4   4   3.1e-05   0.00092   16.6   1.4    64   101   311   348   308   353 0.91 -
AgamP4_3L:35653656-35654180   -            175 119438at6656         -            222   1.2e-15   55.4  14.7   1   3   5.8e-08   1.7e-06   25.5   1.8   127   177     7    61     2    69 0.89 -
AgamP4_3L:35653656-35654180   -            175 119438at6656         -            222   1.2e-15   55.4  14.7   2   3    0.0011     0.032   11.6   3.2    65   100    50    88    41    92 0.78 -
AgamP4_3L:35653656-35654180   -            175 119438at6656         -            222   1.2e-15   55.4  14.7   3   3   7.4e-10   2.2e-08   31.7   7.7    63   145    79   175    65   175 0.81 -
AgamP4_3R:20581927-20583108   -            394 119438at6656         -            222   1.4e-15   55.2  69.6   1   4   3.5e-12     1e-10   39.3  28.7    63   173    11   134     1   137 0.88 -
AgamP4_3R:20581927-20583108   -            394 119438at6656         -            222   1.4e-15   55.2  69.6   2   4     0.075       2.2    5.5   8.9    75   177   136   234   132   240 0.82 -
AgamP4_3R:20581927-20583108   -            394 119438at6656         -            222   1.4e-15   55.2  69.6   3   4   8.1e-05    0.0024   15.2   3.4    79   156   242   318   237   336 0.89 -
AgamP4_3R:20581927-20583108   -            394 119438at6656         -            222   1.4e-15   55.2  69.6   4   4    0.0031      0.09   10.1   5.0    67    98   362   393   340   394 0.82 -
AgamP4_3L:27873801-27874319   -            173 119438at6656         -            222     2e-15   54.8  29.4   1   3     0.001      0.03   11.7   8.1    75   111    10    50     4    55 0.70 -
AgamP4_3L:27873801-27874319   -            173 119438at6656         -            222     2e-15   54.8  29.4   2   3   1.1e-06   3.2e-05   21.3   1.9    63    98    54    89    52    90 0.94 -
AgamP4_3L:27873801-27874319   -            173 119438at6656         -            222     2e-15   54.8  29.4   3   3   1.3e-10   3.8e-09   34.2   8.3    64   146    83   173    81   173 0.87 -
AgamP4_3R:2775568-2775936     -            123 119438at6656         -            222     2e-15   54.7  17.2   1   1   2.9e-16   8.4e-15   52.7  17.2    66   175     1   120     1   123 0.90 -
AgamP4_3L:30932279-30932695   -            139 119438at6656         -            222   2.2e-15   54.6  31.8   1   3   2.3e-05   0.00068   17.0   8.3    62    97    20    55     3    55 0.71 -
AgamP4_3L:30932279-30932695   -            139 119438at6656         -            222   2.2e-15   54.6  31.8   2   3   4.6e-06   0.00014   19.3   2.0    64    90    50    76    48    79 0.92 -
AgamP4_3L:30932279-30932695   -            139 119438at6656         -            222   2.2e-15   54.6  31.8   3   3   3.7e-08   1.1e-06   26.2   9.9    65   124    79   139    77   139 0.83 -
AgamP4_2L:16079270-16080007   -            246 119438at6656         -            222   2.6e-15   54.4  34.5   1   3   4.3e-07   1.3e-05   22.7   1.4   123   176    21    75     2    78 0.82 -
AgamP4_2L:16079270-16080007   -            246 119438at6656         -            222   2.6e-15   54.4  34.5   2   3     2e-08   5.9e-07   27.0  19.0    66   174    66   184    64   186 0.82 -
AgamP4_2L:16079270-16080007   -            246 119438at6656         -            222   2.6e-15   54.4  34.5   3   3   1.3e-07   3.8e-06   24.4   5.6    72   144   155   241   153   246 0.77 -
AgamP4_3R:10609852-10610406   -            185 119438at6656         -            222   4.1e-15   53.7  35.2   1   4   2.3e-08   6.9e-07   26.8  20.8    56   145     5   105     2   106 0.78 -
AgamP4_3R:10609852-10610406   -            185 119438at6656         -            222   4.1e-15   53.7  35.2   2   4   3.5e-05     0.001   16.4   3.9    64   112    99   151    97   155 0.78 -
AgamP4_3R:10609852-10610406   -            185 119438at6656         -            222   4.1e-15   53.7  35.2   3   4     0.004      0.12    9.7   0.3    67    99   130   162   126   163 0.91 -
AgamP4_3R:10609852-10610406   -            185 119438at6656         -            222   4.1e-15   53.7  35.2   4   4   2.9e-05   0.00085   16.7   0.4    64    91   155   182   151   185 0.90 -
AgamP4_3R:17954848-17955651   -            268 119438at6656         -            222     7e-15   52.9  52.3   1   2   4.6e-10   1.4e-08   32.4  18.9    80   180    12   125     7   133 0.81 -
AgamP4_3R:17954848-17955651   -            268 119438at6656         -            222     7e-15   52.9  52.3   2   2   1.3e-07   3.9e-06   24.4  26.8    46   170   127   268   122   268 0.76 -
AgamP4_2R:60777859-60779016   -            386 119438at6656         -            222   8.6e-15   52.6  59.1   1   5   0.00095     0.028   11.7  15.2    65   157    16   114     5   122 0.76 -
AgamP4_2R:60777859-60779016   -            386 119438at6656         -            222   8.6e-15   52.6  59.1   2   5     0.002     0.058   10.7   2.6    65   104    97   136    95   145 0.82 -
AgamP4_2R:60777859-60779016   -            386 119438at6656         -            222   8.6e-15   52.6  59.1   3   5   0.00089     0.026   11.8  10.7    77   152   138   225   132   235 0.76 -
AgamP4_2R:60777859-60779016   -            386 119438at6656         -            222   8.6e-15   52.6  59.1   4   5     7e-09   2.1e-07   28.5  15.4    80   176   230   338   224   353 0.86 -
AgamP4_2R:60777859-60779016   -            386 119438at6656         -            222   8.6e-15   52.6  59.1   5   5   1.3e-07   3.8e-06   24.4   4.0    65   145   300   386   298   386 0.71 -
AgamP4_3R:31543278-31543826   -            183 119438at6656         -            222   1.2e-14   52.2  29.0   1   2   0.00068      0.02   12.2   1.2   126   158     2    36     1    44 0.86 -
AgamP4_3R:31543278-31543826   -            183 119438at6656         -            222   1.2e-14   52.2  29.0   2   2     5e-14   1.5e-12   45.3  20.5    64   184    45   177    42   180 0.87 -
AgamP4_3L:9822629-9823273     -            215 119438at6656         -            222     2e-14   51.4  36.8   1   3   2.2e-05   0.00066   17.1  15.8    74   175     6   131     1   134 0.65 -
AgamP4_3L:9822629-9823273     -            215 119438at6656         -            222     2e-14   51.4  36.8   2   3   1.2e-06   3.5e-05   21.2   9.5    63   121   120   184   115   185 0.83 -
AgamP4_3L:9822629-9823273     -            215 119438at6656         -            222     2e-14   51.4  36.8   3   3   3.3e-08   9.8e-07   26.3   1.4    63    99   177   213   175   215 0.93 -
AgamP4_3R:3443569-3444243     -            225 119438at6656         -            222   2.3e-14   51.3  38.8   1   2   3.7e-05    0.0011   16.3  16.6   102   187    33   123     2   127 0.74 -
AgamP4_3R:3443569-3444243     -            225 119438at6656         -            222   2.3e-14   51.3  38.8   2   2   4.6e-11   1.4e-09   35.7  19.2    74   171   119   224   111   225 0.83 -
AgamP4_2R:53433676-53434176   -            167 119438at6656         -            222   3.4e-14   50.7  34.2   1   2   1.3e-07   3.7e-06   24.4  16.9    80   160     2    91     1    95 0.77 -
AgamP4_2R:53433676-53434176   -            167 119438at6656         -            222   3.4e-14   50.7  34.2   2   2   6.9e-11     2e-09   35.1  13.2    64   151    70   166    66   167 0.80 -
AgamP4_3L:36671811-36672224   -            138 119438at6656         -            222   3.9e-14   50.5  27.3   1   3   7.3e-07   2.2e-05   21.9   3.5    63   102     6    45     2    51 0.89 -
AgamP4_3L:36671811-36672224   -            138 119438at6656         -            222   3.9e-14   50.5  27.3   2   3   0.00015    0.0044   14.4   9.6    65   114    36    95    35    97 0.79 -
AgamP4_3L:36671811-36672224   -            138 119438at6656         -            222   3.9e-14   50.5  27.3   3   3     5e-09   1.5e-07   29.0   2.2    64   101    97   134    94   138 0.92 -
AgamP4_3R:3441855-3442757     -            301 119438at6656         -            222   3.9e-14   50.5  44.9   1   5     0.027      0.81    7.0   0.1   125   154     5    34     2    48 0.86 -
AgamP4_3R:3441855-3442757     -            301 119438at6656         -            222   3.9e-14   50.5  44.9   2   5      0.28       8.2    3.7   1.1   153   175    74    98    70   106 0.53 -
AgamP4_3R:3441855-3442757     -            301 119438at6656         -            222   3.9e-14   50.5  44.9   3   5   0.00014     0.004   14.5  10.5    75   150   106   188   100   189 0.73 -
AgamP4_3R:3441855-3442757     -            301 119438at6656         -            222   3.9e-14   50.5  44.9   4   5    0.0004     0.012   13.0   5.0    67   108   153   201   146   206 0.74 -
AgamP4_3R:3441855-3442757     -            301 119438at6656         -            222   3.9e-14   50.5  44.9   5   5   1.8e-11   5.4e-10   37.0  13.6    55   149   199   301   189   301 0.77 -
AgamP4_3R:25406640-25407443   -            268 119438at6656         -            222   4.2e-14   50.4  53.3   1   3    0.0041      0.12    9.6  10.2   102   170     5    82     2    86 0.62 -
AgamP4_3R:25406640-25407443   -            268 119438at6656         -            222   4.2e-14   50.4  53.3   2   3       1.4        42    1.3  14.4    68   170    53   150    48   150 0.71 -
AgamP4_3R:25406640-25407443   -            268 119438at6656         -            222   4.2e-14   50.4  53.3   3   3   4.9e-14   1.4e-12   45.4  24.0    64   175   145   268   142   268 0.88 -
AgamP4_2L:16083281-16083961   -            227 119438at6656         -            222   4.4e-14   50.3  38.6   1   3    0.0013      0.04   11.2   0.9   131   175     1    46     1    49 0.87 -
AgamP4_2L:16083281-16083961   -            227 119438at6656         -            222   4.4e-14   50.3  38.6   2   3   2.2e-10   6.6e-09   33.4  17.2    64   174    36   156    35   158 0.83 -
AgamP4_2L:16083281-16083961   -            227 119438at6656         -            222   4.4e-14   50.3  38.6   3   3   3.3e-08   9.9e-07   26.3  14.1    71   156   126   225   125   226 0.83 -
AgamP4_2R:29607746-29608210   -            155 119438at6656         -            222   5.3e-14   50.1  25.9   1   3   2.2e-05   0.00064   17.1   1.6    63    91    36    64    18    67 0.74 -
AgamP4_2R:29607746-29608210   -            155 119438at6656         -            222   5.3e-14   50.1  25.9   2   3   1.6e-07   4.7e-06   24.1   1.6    65    98    66    99    64    99 0.95 -
AgamP4_2R:29607746-29608210   -            155 119438at6656         -            222   5.3e-14   50.1  25.9   3   3   2.5e-07   7.3e-06   23.5   9.5    64   120    93   155    90   155 0.79 -
AgamP4_2R:49520739-49521668   -            310 119438at6656         -            222   6.7e-14   49.7  57.4   1   4    0.0027      0.08   10.2   8.8    80   156    17   104    12   107 0.70 -
AgamP4_2R:49520739-49521668   -            310 119438at6656         -            222   6.7e-14   49.7  57.4   2   4   2.1e-05   0.00062   17.2  18.6    65   160    62   166    61   177 0.81 -
AgamP4_2R:49520739-49521668   -            310 119438at6656         -            222   6.7e-14   49.7  57.4   3   4   6.2e-08   1.8e-06   25.4  13.4    68   172   177   283   173   284 0.78 -
AgamP4_2R:49520739-49521668   -            310 119438at6656         -            222   6.7e-14   49.7  57.4   4   4   1.8e-06   5.3e-05   20.6   4.4    64    98   276   310   270   310 0.93 -
AgamP4_2L:29020061-29020711   -            217 119438at6656         -            222   1.1e-13   49.0  34.5   1   3   8.8e-06   0.00026   18.4   2.1    79   125    21    68     3    75 0.80 -
AgamP4_2L:29020061-29020711   -            217 119438at6656         -            222   1.1e-13   49.0  34.5   2   3   1.3e-06   3.7e-05   21.1  10.2    75   124    76   126    67   138 0.85 -
AgamP4_2L:29020061-29020711   -            217 119438at6656         -            222   1.1e-13   49.0  34.5   3   3   2.9e-05   0.00086   16.7  10.2    76   144   136   217   126   217 0.78 -
AgamP4_3L:25306435-25307088   -            218 119438at6656         -            222   1.5e-13   48.6  45.5   1   4     0.026      0.77    7.0   0.5    66   103     1    40     1    50 0.71 -
AgamP4_3L:25306435-25307088   -            218 119438at6656         -            222   1.5e-13   48.6  45.5   2   4    0.0099      0.29    8.4   1.5    67    99    32    69    29    75 0.66 -
AgamP4_3L:25306435-25307088   -            218 119438at6656         -            222   1.5e-13   48.6  45.5   3   4   1.9e-11   5.5e-10   36.9  24.8    75   174    77   189    70   189 0.83 -
AgamP4_3L:25306435-25307088   -            218 119438at6656         -            222   1.5e-13   48.6  45.5   4   4   1.9e-05   0.00057   17.3   5.3    63   100   179   216   175   218 0.94 -
AgamP4_3R:31588107-31589093   -            329 119438at6656         -            222   1.5e-13   48.6  46.9   1   4   0.00029    0.0085   13.4   3.7    79   127    33    82    15    97 0.71 -
AgamP4_3R:31588107-31589093   -            329 119438at6656         -            222   1.5e-13   48.6  46.9   2   4     0.087       2.6    5.3   0.3   115   151   101   137    92   142 0.77 -
AgamP4_3R:31588107-31589093   -            329 119438at6656         -            222   1.5e-13   48.6  46.9   3   4    0.0052      0.15    9.3   5.9    76   114   156   200   148   209 0.75 -
AgamP4_3R:31588107-31589093   -            329 119438at6656         -            222   1.5e-13   48.6  46.9   4   4   2.9e-11   8.6e-10   36.3  16.1    64   170   202   321   198   329 0.74 -
AgamP4_2L:16127652-16128236   -            195 119438at6656         -            222   2.2e-13   48.1  30.9   1   3   3.3e-07   9.8e-06   23.0  11.7    64   151     9   106     6   108 0.78 -
AgamP4_2L:16127652-16128236   -            195 119438at6656         -            222   2.2e-13   48.1  30.9   2   3     2e-05   0.00059   17.2   3.1   124   172   109   159   104   161 0.92 -
AgamP4_2L:16127652-16128236   -            195 119438at6656         -            222   2.2e-13   48.1  30.9   3   3   3.8e-06   0.00011   19.6   1.9    66   101   154   190   152   193 0.87 -
AgamP4_2R:55882632-55884248   -            539 119438at6656         -            222   5.6e-13   46.7  84.3   1   5     0.081       2.4    5.4   1.0   128   150     3    25     1    30 0.44 -
AgamP4_2R:55882632-55884248   -            539 119438at6656         -            222   5.6e-13   46.7  84.3   2   5   8.4e-06   0.00025   18.4  33.7    73   178    30   143    24   189 0.86 -
AgamP4_2R:55882632-55884248   -            539 119438at6656         -            222   5.6e-13   46.7  84.3   3   5    0.0093      0.27    8.5   4.2    79   125   296   347   285   352 0.61 -
AgamP4_2R:55882632-55884248   -            539 119438at6656         -            222   5.6e-13   46.7  84.3   4   5      0.37        11    3.3  15.1   109   195   369   457   322   463 0.47 -
AgamP4_2R:55882632-55884248   -            539 119438at6656         -            222   5.6e-13   46.7  84.3   5   5   1.6e-07   4.7e-06   24.1   9.5    65   120   478   539   466   539 0.75 -
AgamP4_2R:53437303-53438076   -            258 119438at6656         -            222   1.2e-12   45.7  33.0   1   4      0.11       3.3    5.0   8.5   126   173    63   112    38   123 0.58 -
AgamP4_2R:53437303-53438076   -            258 119438at6656         -            222   1.2e-12   45.7  33.0   2   4     0.011      0.32    8.3  10.6    66   124    78   142    74   142 0.81 -
AgamP4_2R:53437303-53438076   -            258 119438at6656         -            222   1.2e-12   45.7  33.0   3   4   1.2e-06   3.6e-05   21.2   1.6    65    98   134   167   130   168 0.94 -
AgamP4_2R:53437303-53438076   -            258 119438at6656         -            222   1.2e-12   45.7  33.0   4   4   4.5e-10   1.3e-08   32.4   6.1    65   149   162   256   160   258 0.81 -
AgamP4_2L:34094521-34095459   -            313 119438at6656         -            222   1.7e-12   45.2  36.7   1   4    0.0057      0.17    9.2   1.7    64    98    13    50     5    51 0.79 -
AgamP4_2L:34094521-34095459   -            313 119438at6656         -            222   1.7e-12   45.2  36.7   2   4   0.00027    0.0078   13.5  11.8    64   156    44   149    38   159 0.69 -
AgamP4_2L:34094521-34095459   -            313 119438at6656         -            222   1.7e-12   45.2  36.7   3   4   2.8e-07   8.2e-06   23.3   2.7    64   104   160   200   158   211 0.89 -
AgamP4_2L:34094521-34095459   -            313 119438at6656         -            222   1.7e-12   45.2  36.7   4   4    0.0032     0.093   10.0   1.6    77   112   249   291   244   311 0.48 -
AgamP4_3L:36194089-36194985   -            299 119438at6656         -            222   2.7e-12   44.5  68.5   1   3   2.7e-05   0.00079   16.8  27.0    57   171     7   142     2   144 0.74 -
AgamP4_3L:36194089-36194985   -            299 119438at6656         -            222   2.7e-12   44.5  68.5   2   3     5e-05    0.0015   15.9  28.2    68   176   140   240   135   254 0.63 -
AgamP4_3L:36194089-36194985   -            299 119438at6656         -            222   2.7e-12   44.5  68.5   3   3   1.4e-05   0.00041   17.7   0.5    65    99   259   293   257   297 0.93 -
AgamP4_2R:2066475-2066975     -            167 119438at6656         -            222   4.9e-12   43.6  18.1   1   1   7.6e-13   2.3e-11   41.5  18.1    79   174    61   167    55   167 0.85 -
AgamP4_3R:2466785-2467279     -            165 119438at6656         -            222   6.5e-12   43.2  46.7   1   2   1.7e-10   5.1e-09   33.8  23.6    63   157    17   119     2   121 0.81 -
AgamP4_3R:2466785-2467279     -            165 119438at6656         -            222   6.5e-12   43.2  46.7   2   2   6.9e-07     2e-05   22.0  15.1    65   144    74   162    69   165 0.80 -
AgamP4_3R:31537297-31538199   -            301 119438at6656         -            222   6.5e-12   43.2  46.8   1   5   0.00096     0.028   11.7   7.6    80   153     2    80     1    91 0.73 -
AgamP4_3R:31537297-31538199   -            301 119438at6656         -            222   6.5e-12   43.2  46.8   2   5      0.13       3.8    4.8  15.7    81   174    54   149    47   154 0.75 -
AgamP4_3R:31537297-31538199   -            301 119438at6656         -            222   6.5e-12   43.2  46.8   3   5   7.9e-06   0.00023   18.5  11.9    79   159    99   190    93   207 0.76 -
AgamP4_3R:31537297-31538199   -            301 119438at6656         -            222   6.5e-12   43.2  46.8   4   5   2.1e-07   6.3e-06   23.7  13.6    78   170   156   264   147   267 0.72 -
AgamP4_3R:31537297-31538199   -            301 119438at6656         -            222   6.5e-12   43.2  46.8   5   5   0.00069      0.02   12.2   3.4    57   100   246   296   245   299 0.74 -
AgamP4_3R:45089500-45089898   -            133 119438at6656         -            222   1.1e-11   42.5  15.9   1   2   0.00063     0.019   12.3   0.1   125   152    17    44    13    48 0.77 -
AgamP4_3R:45089500-45089898   -            133 119438at6656         -            222   1.1e-11   42.5  15.9   2   2   1.2e-09   3.4e-08   31.1  11.2    56   124    58   132    48   133 0.68 -
AgamP4_UNKN:19001157-19001942 -            262 119438at6656         -            222   1.6e-11   41.9  41.4   1   3   0.00016    0.0046   14.3   7.2    81   153     1    89     1   118 0.82 -
AgamP4_UNKN:19001157-19001942 -            262 119438at6656         -            222   1.6e-11   41.9  41.4   2   3   4.7e-05    0.0014   16.0  19.3    75   157   118   210   103   215 0.79 -
AgamP4_UNKN:19001157-19001942 -            262 119438at6656         -            222   1.6e-11   41.9  41.4   3   3   3.5e-06    0.0001   19.7   3.3    61   100   217   256   204   261 0.85 -
AgamP4_2L:23865042-23870640   -           1616 119438at6656         -            222   3.6e-11   40.8  48.1   1   4   0.00017    0.0051   14.2   3.0   117   174  1312  1367  1295  1371 0.81 -
AgamP4_2L:23865042-23870640   -           1616 119438at6656         -            222   3.6e-11   40.8  48.1   2   4     3e-07   8.7e-06   23.2  18.9    66   178  1360  1485  1356  1492 0.81 -
AgamP4_2L:23865042-23870640   -           1616 119438at6656         -            222   3.6e-11   40.8  48.1   3   4   1.9e-06   5.7e-05   20.5  17.5    65   171  1444  1568  1441  1573 0.80 -
AgamP4_2L:23865042-23870640   -           1616 119438at6656         -            222   3.6e-11   40.8  48.1   4   4     4e-05    0.0012   16.2  15.0    55   150  1493  1602  1484  1607 0.76 -
AAAB01000889:165842-166846    -            335 119438at6656         -            222   5.3e-11   40.3  73.9   1   3   0.00012    0.0034   14.7  31.5    56   173    50   188    38   189 0.77 -
AAAB01000889:165842-166846    -            335 119438at6656         -            222   5.3e-11   40.3  73.9   2   3   2.2e-05   0.00065   17.1  24.6    68   174   184   282   179   283 0.66 -
AAAB01000889:165842-166846    -            335 119438at6656         -            222   5.3e-11   40.3  73.9   3   3   1.6e-05   0.00048   17.5  21.2    73   170   222   335   219   335 0.82 -
AgamP4_3L:25667509-25668204   -            232 119438at6656         -            222   7.4e-11   39.8  37.1   1   4    0.0049      0.14    9.4   2.7    56    92     4    48     1    50 0.75 -
AgamP4_3L:25667509-25668204   -            232 119438at6656         -            222   7.4e-11   39.8  37.1   2   4   6.7e-08     2e-06   25.3   8.1    53   104    31    88    26   109 0.84 -
AgamP4_3L:25667509-25668204   -            232 119438at6656         -            222   7.4e-11   39.8  37.1   3   4    0.0015     0.045   11.1   2.1    56    99   148   199   139   200 0.79 -
AgamP4_3L:25667509-25668204   -            232 119438at6656         -            222   7.4e-11   39.8  37.1   4   4   2.9e-07   8.6e-06   23.2   8.2    52   103   174   231   171   232 0.88 -
AgamP4_X:8960716-8961435      -            240 119438at6656         -            222     8e-11   39.7  35.6   1   3    0.0031     0.092   10.1   8.4    39   170    21    86     2    87 0.50 -
AgamP4_X:8960716-8961435      -            240 119438at6656         -            222     8e-11   39.7  35.6   2   3   1.3e-09   3.9e-08   30.9  13.7    64   148    81   170    76   181 0.79 -
AgamP4_X:8960716-8961435      -            240 119438at6656         -            222     8e-11   39.7  35.6   3   3   3.3e-05   0.00097   16.5   5.9    80   153   149   229   148   236 0.76 -
AgamP4_3L:20369010-20369603   -            198 119438at6656         -            222   8.7e-11   39.6  21.2   1   3   3.6e-05    0.0011   16.4   7.3   101   171    54   132    40   133 0.77 -
AgamP4_3L:20369010-20369603   -            198 119438at6656         -            222   8.7e-11   39.6  21.2   2   3   6.2e-07   1.8e-05   22.1   1.2    65    99   127   161   122   162 0.95 -
AgamP4_3L:20369010-20369603   -            198 119438at6656         -            222   8.7e-11   39.6  21.2   3   3   4.9e-06   0.00015   19.2   2.9    64    99   154   189   152   194 0.91 -
AgamP4_3R:9417952-9418596     -            215 119438at6656         -            222   9.4e-11   39.4  43.9   1   3   8.1e-05    0.0024   15.2  11.7    88   152     5    79     1    83 0.62 -
AgamP4_3R:9417952-9418596     -            215 119438at6656         -            222   9.4e-11   39.4  43.9   2   3   8.3e-09   2.5e-07   28.3  22.6    66   174    68   191    67   192 0.84 -
AgamP4_3R:9417952-9418596     -            215 119438at6656         -            222   9.4e-11   39.4  43.9   3   3     0.022      0.66    7.2   3.4    65    97   183   215   180   215 0.94 -
AgamP4_2R:37846690-37847448   -            253 119438at6656         -            222   3.2e-10   37.7  35.9   1   3   0.00026    0.0076   13.6   0.3    63   101     8    46     2    54 0.90 -
AgamP4_2R:37846690-37847448   -            253 119438at6656         -            222   3.2e-10   37.7  35.9   2   3    0.0015     0.046   11.0   5.2    76   150    55   130    46   138 0.72 -
AgamP4_2R:37846690-37847448   -            253 119438at6656         -            222   3.2e-10   37.7  35.9   3   3   5.7e-07   1.7e-05   22.3  17.4    77   174   142   241   139   250 0.82 -
AgamP4_3R:1254786-1331683     -            227 119438at6656         -            222   5.4e-10   37.0  26.5   1   2     0.021      0.61    7.4   5.1    72   121    47   101    43   104 0.76 -
AgamP4_3R:1254786-1331683     -            227 119438at6656         -            222   5.4e-10   37.0  26.5   2   2   1.8e-11   5.4e-10   37.0  26.5    65   178    96   220    93   223 0.85 -
AgamP4_3R:17951130-17951774   -            215 119438at6656         -            222   5.7e-10   36.9  41.9   1   3    0.0011     0.034   11.5  17.9    66   132    15    94     1    99 0.72 -
AgamP4_3R:17951130-17951774   -            215 119438at6656         -            222   5.7e-10   36.9  41.9   2   3   8.4e-06   0.00025   18.4   1.0    64    98    73   107    70   107 0.94 -
AgamP4_3R:17951130-17951774   -            215 119438at6656         -            222   5.7e-10   36.9  41.9   3   3   2.8e-08   8.3e-07   26.5  16.0    65   173   102   213    99   215 0.80 -
AgamP4_2L:46184711-46185214   -            168 119438at6656         -            222   8.2e-10   36.4  21.6   1   2   2.3e-08   6.7e-07   26.8   4.6    65   127    10    78     3   102 0.79 -
AgamP4_2L:46184711-46185214   -            168 119438at6656         -            222   8.2e-10   36.4  21.6   2   2   7.4e-05    0.0022   15.4   9.1    62   100   127   167   112   168 0.80 -
AAAB01008845:26976-27599      -            208 119438at6656         -            222   8.8e-10   36.3  30.5   1   3      0.12       3.7    4.8   8.3   126   172    46    94     8    98 0.67 -
AAAB01008845:26976-27599      -            208 119438at6656         -            222   8.8e-10   36.3  30.5   2   3     0.052       1.5    6.0   9.7    65   109    60   109    47   116 0.77 -
AAAB01008845:26976-27599      -            208 119438at6656         -            222   8.8e-10   36.3  30.5   3   3   5.5e-11   1.6e-09   35.4   9.4    65   140   117   201   115   207 0.82 -
AgamP4_2L:27029081-27033193   -            965 119438at6656         -            222   1.4e-09   35.6  63.4   1   2     3e-05   0.00088   16.6  15.2    79   158   669   756   665   765 0.79 -
AgamP4_2L:27029081-27033193   -            965 119438at6656         -            222   1.4e-09   35.6  63.4   2   2   8.4e-07   2.5e-05   21.7  40.2    62   221   763   941   753   942 0.79 -
AgamP4_2L:43112585-43113610   -            342 119438at6656         -            222     2e-09   35.1  52.3   1   4     0.033      0.96    6.7   2.7    69   109    25    72     2    82 0.66 -
AgamP4_2L:43112585-43113610   -            342 119438at6656         -            222     2e-09   35.1  52.3   2   4   2.5e-05   0.00074   16.9  10.4    67   103    83   119    67   138 0.78 -
AgamP4_2L:43112585-43113610   -            342 119438at6656         -            222     2e-09   35.1  52.3   3   4   0.00015    0.0046   14.3  15.0    75   175   179   275   173   277 0.83 -
AgamP4_2L:43112585-43113610   -            342 119438at6656         -            222     2e-09   35.1  52.3   4   4   0.00026    0.0077   13.6  23.0    79   174   224   336   220   341 0.66 -
AgamP4_3L:19479451-19479726   -             92 119438at6656         -            222     2e-09   35.1   2.6   1   1   1.1e-10   3.3e-09   34.4   2.6    69   157     2    87     1    91 0.90 -
AgamP4_2R:5843428-5847455     -            763 119438at6656         -            222   2.4e-09   34.8  28.9   1   2   0.00079     0.023   12.0   5.5   121   159   620   659   603   663 0.82 -
AgamP4_2R:5843428-5847455     -            763 119438at6656         -            222   2.4e-09   34.8  28.9   2   2   1.4e-08   4.1e-07   27.5  23.1    75   172   651   760   646   763 0.78 -
AgamP4_3L:14427455-14427769   -            105 119438at6656         -            222   5.4e-09   33.7  19.9   1   1   4.4e-10   1.3e-08   32.5  19.9    66   157     2   102     1   105 0.84 -
AgamP4_3L:10199442-10199795   -            118 119438at6656         -            222   6.5e-09   33.4  15.5   1   2   2.2e-10   6.5e-09   33.4  15.5    97   176     2    89     1    92 0.88 -
AgamP4_3L:10199442-10199795   -            118 119438at6656         -            222   6.5e-09   33.4  15.5   2   2       0.1       2.9    5.1   4.1   117   149    84   117    84   118 0.86 -
AgamP4_2L:17318581-17319135   -            185 119438at6656         -            222     7e-09   33.3  35.0   1   3   3.5e-05     0.001   16.4  18.1    65   155    15   118     1   126 0.70 -
AgamP4_2L:17318581-17319135   -            185 119438at6656         -            222     7e-09   33.3  35.0   2   3    0.0096      0.28    8.4   0.5    72    97   111   136   109   136 0.90 -
AgamP4_2L:17318581-17319135   -            185 119438at6656         -            222     7e-09   33.3  35.0   3   3   1.5e-06   4.5e-05   20.9   8.9    64   110   131   182   127   185 0.83 -
AgamP4_3L:19480773-19481372   -            200 119438at6656         -            222   1.4e-08   32.3   8.9   1   2   6.6e-07   1.9e-05   22.1   0.8   126   175    14    65     3    92 0.77 -
AgamP4_3L:19480773-19481372   -            200 119438at6656         -            222   1.4e-08   32.3   8.9   2   2   0.00014    0.0042   14.4   1.8    65    97   168   200   142   200 0.55 -
AgamP4_3R:7437103-7437303     -             67 119438at6656         -            222     2e-08   31.8   7.3   1   1   9.5e-10   2.8e-08   31.4   7.3   101   156     3    64     1    67 0.81 -
AgamP4_3L:14455768-14456529   -            254 119438at6656         -            222   5.8e-08   30.3  23.5   1   4   6.2e-05    0.0018   15.6   3.6    79   127     9    63     6    70 0.75 -
AgamP4_3L:14455768-14456529   -            254 119438at6656         -            222   5.8e-08   30.3  23.5   2   4    0.0018     0.052   10.8   5.2   125   176   107   162    96   165 0.73 -
AgamP4_3L:14455768-14456529   -            254 119438at6656         -            222   5.8e-08   30.3  23.5   3   4    0.0004     0.012   13.0   8.0    71   150   129   219   123   224 0.69 -
AgamP4_3L:14455768-14456529   -            254 119438at6656         -            222   5.8e-08   30.3  23.5   4   4    0.0041      0.12    9.7   0.8    76   144   192   249   187   254 0.52 -
AgamP4_3R:7549646-7550365     -            240 119438at6656         -            222     6e-07   27.0  44.7   1   3    0.0039      0.11    9.7  10.9   104   156     2    57     1    61 0.88 -
AgamP4_3R:7549646-7550365     -            240 119438at6656         -            222     6e-07   27.0  44.7   2   3   3.7e-06   0.00011   19.6  10.7    76   147   103   179    92   190 0.81 -
AgamP4_3R:7549646-7550365     -            240 119438at6656         -            222     6e-07   27.0  44.7   3   3     0.015      0.45    7.8   1.2    78   100   211   233   201   239 0.75 -
AgamP4_3R:35395991-35398499   -            815 119438at6656         -            222   1.1e-06   26.2  38.4   1   2    0.0018     0.052   10.9   2.3   120   177   591   652   560   654 0.74 -
AgamP4_3R:35395991-35398499   -            815 119438at6656         -            222   1.1e-06   26.2  38.4   2   2   5.3e-07   1.6e-05   22.4  15.4    81   167   709   807   708   814 0.59 -
AgamP4_3R:36986638-36989379   -            663 119438at6656         -            222   1.4e-06   25.8   6.6   1   3   0.00088     0.026   11.8   0.1    99   151     2    59     1    64 0.80 -
AgamP4_3R:36986638-36989379   -            663 119438at6656         -            222   1.4e-06   25.8   6.6   2   3     0.034         1    6.6   0.0   126   151   137   162   125   165 0.88 -
AgamP4_3R:36986638-36989379   -            663 119438at6656         -            222   1.4e-06   25.8   6.6   3   3    0.0084      0.25    8.6   0.0   124   150   193   219   186   223 0.88 -
AgamP4_3R:3439774-3440181     -            136 119438at6656         -            222   1.9e-06   25.4  24.4   1   1   3.1e-07   9.2e-06   23.1  20.2    71   175     2   123     1   123 0.77 -
AgamP4_2L:43123405-43123788   -            128 119438at6656         -            222   2.1e-06   25.2  14.4   1   2    0.0056      0.16    9.2   1.1   117   151     1    35     1    43 0.77 -
AgamP4_2L:43123405-43123788   -            128 119438at6656         -            222   2.1e-06   25.2  14.4   2   2   2.3e-05   0.00067   17.0   7.6    75   146    41   126    37   128 0.69 -
AgamP4_3R:14946005-14946871   -            289 119438at6656         -            222   2.9e-06   24.8  10.6   1   4      0.74        22    2.3   3.2    80   110     6    40     2    59 0.49 -
AgamP4_3R:14946005-14946871   -            289 119438at6656         -            222   2.9e-06   24.8  10.6   2   4       2.2        65    0.7   2.5    78   101    72    95    60   143 0.69 -
AgamP4_3R:14946005-14946871   -            289 119438at6656         -            222   2.9e-06   24.8  10.6   3   4   3.3e-06   9.8e-05   19.8   1.4   121   172   186   241   165   243 0.85 -
AgamP4_3R:14946005-14946871   -            289 119438at6656         -            222   2.9e-06   24.8  10.6   4   4   1.9e-05   0.00056   17.3   2.3    65   109   235   284   232   289 0.80 -
AgamP4_3R:7116513-7117031     -            173 119438at6656         -            222   3.8e-06   24.4  14.1   1   1   7.4e-07   2.2e-05   21.9  14.1   104   178     2    83     1    93 0.77 -
AgamP4_3R:45767295-45769184   -            581 119438at6656         -            222   1.8e-05   22.2   4.3   1   2    0.0086      0.25    8.6   0.3    80   124   319   356   316   375 0.75 -
AgamP4_3R:45767295-45769184   -            581 119438at6656         -            222   1.8e-05   22.2   4.3   2   2   0.00011    0.0033   14.8   0.4    79   113   528   562   520   568 0.84 -
AgamP4_X:18878169-18907690    -             70 119438at6656         -            222   2.8e-05   21.6   6.7   1   1   1.5e-05   0.00043   17.7   6.7    60   157    11    65     2    70 0.53 -
AgamP4_3L:14454625-14455140   -            172 119438at6656         -            222   5.1e-05   20.7  24.0   1   3    0.0003    0.0087   13.4  13.3    75   149     2    92     1    96 0.63 -
AgamP4_3L:14454625-14455140   -            172 119438at6656         -            222   5.1e-05   20.7  24.0   2   3   0.00038     0.011   13.0   3.6    74   148    64   140    62   146 0.85 -
AgamP4_3L:14454625-14455140   -            172 119438at6656         -            222   5.1e-05   20.7  24.0   3   3     0.036       1.1    6.6   3.5    78   107   117   146   110   172 0.55 -
AgamP4_UNKN:40026518-40026703 -             62 119438at6656         -            222   5.3e-05   20.6   9.3   1   1   3.3e-06   9.7e-05   19.8   9.3   104   156     2    59     1    62 0.76 -
AgamP4_X:1857782-1857967      -             62 119438at6656         -            222   5.3e-05   20.6   9.3   1   1   3.3e-06   9.7e-05   19.8   9.3   104   156     2    59     1    62 0.76 -
AgamP4_3R:31574721-31585936   -           1354 119438at6656         -            222   0.00014   19.3   5.8   1   1   4.6e-06   0.00014   19.3   5.8    84   210   627   731   613   735 0.59 -
AgamP4_X:3213114-3213830      -            239 119438at6656         -            222   0.00052   17.4  37.2   1   2     0.003      0.09   10.1   9.6   107   175    52   119    40   123 0.80 -
AgamP4_X:3213114-3213830      -            239 119438at6656         -            222   0.00052   17.4  37.2   2   2   4.7e-05    0.0014   16.0  22.0    65   175   110   237   108   239 0.78 -
AgamP4_3L:28384043-28397541   -            861 119438at6656         -            222     0.023   12.0   0.2   1   1    0.0018     0.054   10.8   0.2   123   153   652   682   637   702 0.85 -
AgamP4_3L:34603820-34604413   -            198 119438at6656         -            222     0.061   10.6  13.7   1   2     0.093       2.7    5.2   0.2    81   104     1    24     1    44 0.86 -
AgamP4_3L:34603820-34604413   -            198 119438at6656         -            222     0.061   10.6  13.7   2   2     0.013      0.38    8.0   8.4    75   146    78   155    74   163 0.65 -
#
# Program:         hmmsearch
# Version:         3.1b2 (February 2015)
# Pipeline mode:   SEARCH
# Query file:      /hpcdata/bcbb/homc/Barillaslab/Agam_hemo_transcriptomes/scripts/compare_txomes/busco/busco_downloads/lineages/arthropoda_odb10/hmms/119438at6656.hmm
# Target file:     /hpcdata/bcbb/homc/Barillaslab/Agam_hemo_transcriptomes/scripts/compare_txomes/busco/VB59_AgambiaePEST_BUSCO/run_arthropoda_odb10/metaeuk_output/initial_results/VectorBase-59_AgambiaePEST_Genome.fasta.modified.fas
# Option settings: hmmsearch --domtblout /hpcdata/bcbb/homc/Barillaslab/Agam_hemo_transcriptomes/scripts/compare_txomes/busco/VB59_AgambiaePEST_BUSCO/run_arthropoda_odb10/hmmer_output/initial_run_results/119438at6656.out --cpu 1 /hpcdata/bcbb/homc/Barillaslab/Agam_hemo_transcriptomes/scripts/compare_txomes/busco/busco_downloads/lineages/arthropoda_odb10/hmms/119438at6656.hmm /hpcdata/bcbb/homc/Barillaslab/Agam_hemo_transcriptomes/scripts/compare_txomes/busco/VB59_AgambiaePEST_BUSCO/run_arthropoda_odb10/metaeuk_output/initial_results/VectorBase-59_AgambiaePEST_Genome.fasta.modified.fas 
# Current dir:     /hpcdata/bcbb/homc/Barillaslab/Agam_hemo_transcriptomes/scripts/compare_txomes/busco
# Date:            Fri Jan 27 16:39:49 2023
# [ok]
