#                                                                                     --- full sequence --- -------------- this domain -------------   hmm coord   ali coord   env coord
# target name                 accession   tlen query name           accession   qlen   E-value  score  bias   #  of  c-Evalue  i-Evalue  score  bias  from    to  from    to  from    to  acc description of target
#         ------------------- ---------- ----- -------------------- ---------- ----- --------- ------ ----- --- --- --------- --------- ------ ----- ----- ----- ----- ----- ----- ----- ---- ---------------------
AgamP4_3R:8573929-8577509     -            799 126074at6656         -            265   3.4e-84  279.5   0.1   1   2   3.7e-84   1.2e-82  274.4   0.0     6   258   153   453   149   455 0.88 -
AgamP4_3R:8573929-8577509     -            799 126074at6656         -            265   3.4e-84  279.5   0.1   2   2      0.73        23    1.4   0.0   249   265   462   479   459   479 0.82 -
AgamP4_3L:36689004-36689834   -            277 126074at6656         -            265   5.3e-16   55.9   0.0   1   4    0.0045      0.15    8.6   0.0    21    65    27    72    11    74 0.75 -
AgamP4_3L:36689004-36689834   -            277 126074at6656         -            265   5.3e-16   55.9   0.0   2   4   5.5e-05    0.0018   14.9   0.0    26    72    74   121    71   125 0.80 -
AgamP4_3L:36689004-36689834   -            277 126074at6656         -            265   5.3e-16   55.9   0.0   3   4   6.3e-05     0.002   14.7   0.0    35   109   125   202   120   212 0.82 -
AgamP4_3L:36689004-36689834   -            277 126074at6656         -            265   5.3e-16   55.9   0.0   4   4   1.8e-05   0.00057   16.5   0.0     5   100   179   277   176   277 0.87 -
AgamP4_2R:14010526-14011476   -            317 126074at6656         -            265   6.7e-15   52.3   0.4   1   5      0.12       3.9    3.9   0.0    38    58     3    23     1    30 0.90 -
AgamP4_2R:14010526-14011476   -            317 126074at6656         -            265   6.7e-15   52.3   0.4   2   5   1.7e-07   5.6e-06   23.1   0.0    10   113    43   151    36   155 0.80 -
AgamP4_2R:14010526-14011476   -            317 126074at6656         -            265   6.7e-15   52.3   0.4   3   5    0.0013     0.041   10.4   0.0    38   107   157   230   149   230 0.68 -
AgamP4_2R:14010526-14011476   -            317 126074at6656         -            265   6.7e-15   52.3   0.4   4   5   0.00023    0.0073   12.9   0.1    43   125   205   296   198   305 0.78 -
AgamP4_2R:14010526-14011476   -            317 126074at6656         -            265   6.7e-15   52.3   0.4   5   5      0.92        30    1.0   0.0    11    30   291   310   280   313 0.79 -
AgamP4_2L:34692114-34693167   -            325 126074at6656         -            265   1.4e-13   48.0   1.2   1   4    0.0017     0.054   10.0   0.0    37   108     6    79     3    87 0.71 -
AgamP4_2L:34692114-34693167   -            325 126074at6656         -            265   1.4e-13   48.0   1.2   2   4   3.8e-06   0.00012   18.7   0.1    75   115   143   183    90   186 0.77 -
AgamP4_2L:34692114-34693167   -            325 126074at6656         -            265   1.4e-13   48.0   1.2   3   4   0.00027    0.0086   12.6   0.1    35    88   184   238   181   257 0.79 -
AgamP4_2L:34692114-34693167   -            325 126074at6656         -            265   1.4e-13   48.0   1.2   4   4      0.21       6.8    3.1   0.0    70   105   276   312   263   321 0.78 -
AgamP4_2L:18015543-18017062   -            484 126074at6656         -            265   1.7e-13   47.7   1.1   1   5      0.25       8.2    2.9   0.1    91   108   186   203   173   205 0.89 -
AgamP4_2L:18015543-18017062   -            484 126074at6656         -            265   1.7e-13   47.7   1.1   2   5   3.8e-05    0.0012   15.4   0.0    37   116   213   295   204   305 0.77 -
AgamP4_2L:18015543-18017062   -            484 126074at6656         -            265   1.7e-13   47.7   1.1   3   5     6e-05    0.0019   14.8   0.1    35   116   253   337   251   340 0.78 -
AgamP4_2L:18015543-18017062   -            484 126074at6656         -            265   1.7e-13   47.7   1.1   4   5   8.5e-06   0.00028   17.5   0.0    35   110   337   413   330   424 0.88 -
AgamP4_2L:18015543-18017062   -            484 126074at6656         -            265   1.7e-13   47.7   1.1   5   5      0.92        30    1.0   0.0    43    70   435   463   416   473 0.76 -
AgamP4_UNKN:25798770-25799561 -            264 126074at6656         -            265   8.8e-13   45.4   1.3   1   4   5.2e-07   1.7e-05   21.5   0.1    36   114    18    99     6   104 0.83 -
AgamP4_UNKN:25798770-25799561 -            264 126074at6656         -            265   8.8e-13   45.4   1.3   2   4   0.00037     0.012   12.2   0.0    38   108   104   178    96   178 0.70 -
AgamP4_UNKN:25798770-25799561 -            264 126074at6656         -            265   8.8e-13   45.4   1.3   3   4   0.00017    0.0055   13.3   0.1    43   125   152   243   145   247 0.77 -
AgamP4_UNKN:25798770-25799561 -            264 126074at6656         -            265   8.8e-13   45.4   1.3   4   4      0.73        24    1.4   0.0    11    30   238   257   227   260 0.79 -
AgamP4_3R:37009802-37012165   -            788 126074at6656         -            265   9.8e-13   45.2  11.2   1   5     0.045       1.5    5.3   0.1    79   108    57    87    28   101 0.76 -
AgamP4_3R:37009802-37012165   -            788 126074at6656         -            265   9.8e-13   45.2  11.2   2   5     0.024      0.77    6.2   0.0    49   107    67   129    61   134 0.70 -
AgamP4_3R:37009802-37012165   -            788 126074at6656         -            265   9.8e-13   45.2  11.2   3   5   7.3e-06   0.00024   17.7   1.4    32   244   179   401   144   404 0.78 -
AgamP4_3R:37009802-37012165   -            788 126074at6656         -            265   9.8e-13   45.2  11.2   4   5     0.039       1.2    5.5   0.0    78   109   472   504   465   513 0.69 -
AgamP4_3R:37009802-37012165   -            788 126074at6656         -            265   9.8e-13   45.2  11.2   5   5    0.0014     0.047   10.2   0.1    37   106   555   627   548   633 0.82 -
AgamP4_2R:27039208-27043163   -           1103 126074at6656         -            265   2.4e-12   44.0   0.1   1   3   0.00033      0.01   12.3   0.0    31    71    99   140    79   151 0.76 -
AgamP4_2R:27039208-27043163   -           1103 126074at6656         -            265   2.4e-12   44.0   0.1   2   3   8.7e-08   2.8e-06   24.1   0.0    40   108   212   286   169   300 0.65 -
AgamP4_2R:27039208-27043163   -           1103 126074at6656         -            265   2.4e-12   44.0   0.1   3   3       1.5        48    0.3   0.0   225   246   309   331   299   338 0.57 -
AgamP4_3R:34966164-34967360   -            349 126074at6656         -            265     3e-12   43.6   0.1   1   5       2.2        71   -0.2   0.0    28    59    46    77    24    93 0.79 -
AgamP4_3R:34966164-34967360   -            349 126074at6656         -            265     3e-12   43.6   0.1   2   5     2e-08   6.4e-07   26.2   0.1    37   116    97   180    89   217 0.77 -
AgamP4_3R:34966164-34967360   -            349 126074at6656         -            265     3e-12   43.6   0.1   3   5      0.32        10    2.5   0.1   230   247   198   215   186   226 0.66 -
AgamP4_3R:34966164-34967360   -            349 126074at6656         -            265     3e-12   43.6   0.1   4   5    0.0034      0.11    9.0   0.1   193   246   199   256   195   266 0.77 -
AgamP4_3R:34966164-34967360   -            349 126074at6656         -            265     3e-12   43.6   0.1   5   5       1.1        37    0.7   0.0    34    64   312   343   288   349 0.66 -
AgamP4_3L:36698245-36698961   -            239 126074at6656         -            265   5.7e-12   42.7   0.1   1   3    0.0032       0.1    9.1   0.0    20    65    41    87    25    90 0.71 -
AgamP4_3L:36698245-36698961   -            239 126074at6656         -            265   5.7e-12   42.7   0.1   2   3   3.2e-05     0.001   15.7   0.0    24    72    87   136    81   140 0.81 -
AgamP4_3L:36698245-36698961   -            239 126074at6656         -            265   5.7e-12   42.7   0.1   3   3   4.2e-05    0.0014   15.2   0.0    35   109   140   217   131   227 0.83 -
AgamP4_2R:15155283-15156926   -            520 126074at6656         -            265   7.1e-12   42.4   1.2   1   3    0.0023     0.076    9.5   0.0    47   110    87   153    72   159 0.79 -
AgamP4_2R:15155283-15156926   -            520 126074at6656         -            265   7.1e-12   42.4   1.2   2   3    0.0076      0.25    7.9   0.0   171   243   158   232   154   236 0.84 -
AgamP4_2R:15155283-15156926   -            520 126074at6656         -            265   7.1e-12   42.4   1.2   3   3   4.7e-07   1.5e-05   21.7   0.1    34   105   242   315   236   318 0.90 -
AgamP4_2L:23638188-23639159   -            324 126074at6656         -            265     1e-11   41.9   0.3   1   4      0.13       4.1    3.8   0.1    79   113    39    74    24    92 0.74 -
AgamP4_2L:23638188-23639159   -            324 126074at6656         -            265     1e-11   41.9   0.3   2   4     2e-06   6.6e-05   19.6   0.0    39   109   127   199   111   206 0.86 -
AgamP4_2L:23638188-23639159   -            324 126074at6656         -            265     1e-11   41.9   0.3   3   4     0.031         1    5.9   0.0    79   115   210   247   204   257 0.77 -
AgamP4_2L:23638188-23639159   -            324 126074at6656         -            265     1e-11   41.9   0.3   4   4    0.0043      0.14    8.7   0.0    33   106   248   324   242   324 0.78 -
AgamP4_2L:44379373-44383081   -            834 126074at6656         -            265   1.3e-11   41.6   0.4   1   3     0.001     0.033   10.7   0.1    45   108   245   310   241   332 0.86 -
AgamP4_2L:44379373-44383081   -            834 126074at6656         -            265   1.3e-11   41.6   0.4   2   3   3.7e-05    0.0012   15.4   0.0    50   110   333   397   318   404 0.75 -
AgamP4_2L:44379373-44383081   -            834 126074at6656         -            265   1.3e-11   41.6   0.4   3   3   0.00033     0.011   12.3   0.0    72   115   400   444   396   448 0.77 -
AgamP4_2R:4563302-4564801     -            500 126074at6656         -            265   1.6e-11   41.3   0.0   1   3   1.8e-05    0.0006   16.4   0.0    43   108   208   284   200   291 0.73 -
AgamP4_2R:4563302-4564801     -            500 126074at6656         -            265   1.6e-11   41.3   0.0   2   3   1.8e-05   0.00057   16.5   0.0    38   116   296   377   285   390 0.83 -
AgamP4_2R:4563302-4564801     -            500 126074at6656         -            265   1.6e-11   41.3   0.0   3   3     0.072       2.3    4.7   0.0    20   106   405   498   392   500 0.75 -
AgamP4_3R:49959164-49961053   -            630 126074at6656         -            265   3.1e-11   40.3   0.0   1   2   1.2e-11     4e-10   36.7   0.0    45   112    56   126    52   137 0.86 -
AgamP4_3R:49959164-49961053   -            630 126074at6656         -            265   3.1e-11   40.3   0.0   2   2       2.6        84   -0.5   0.0    42    69   540   567   530   579 0.79 -
AgamP4_3L:8624534-8630790     -            983 126074at6656         -            265   6.5e-11   39.3   0.3   1   5       2.8        91   -0.6   0.0    31    65    86   119    66   126 0.73 -
AgamP4_3L:8624534-8630790     -            983 126074at6656         -            265   6.5e-11   39.3   0.3   2   5   8.9e-06   0.00029   17.5   0.0    33   108   361   440   325   442 0.74 -
AgamP4_3L:8624534-8630790     -            983 126074at6656         -            265   6.5e-11   39.3   0.3   3   5     0.001     0.033   10.7   0.0    33   109   446   527   440   546 0.83 -
AgamP4_3L:8624534-8630790     -            983 126074at6656         -            265   6.5e-11   39.3   0.3   4   5      0.75        24    1.3   0.0    12    42   586   616   578   637 0.80 -
AgamP4_3L:8624534-8630790     -            983 126074at6656         -            265   6.5e-11   39.3   0.3   5   5         2        64   -0.1   0.0    41    73   646   679   627   698 0.75 -
AgamP4_3L:31279277-31281446   -            674 126074at6656         -            265   1.2e-10   38.4   0.0   1   3      0.57        18    1.7   0.0    21   114   357   453   345   457 0.60 -
AgamP4_3L:31279277-31281446   -            674 126074at6656         -            265   1.2e-10   38.4   0.0   2   3   1.3e-05   0.00042   16.9   0.0    33   108   453   531   448   536 0.83 -
AgamP4_3L:31279277-31281446   -            674 126074at6656         -            265   1.2e-10   38.4   0.0   3   3   1.7e-05   0.00054   16.6   0.0    37   113   541   621   532   631 0.82 -
AgamP4_X:5662881-5675167      -            930 126074at6656         -            265   1.3e-10   38.2   0.1   1   3   7.3e-05    0.0023   14.5   0.2   140   246    13   128     9   131 0.80 -
AgamP4_X:5662881-5675167      -            930 126074at6656         -            265   1.3e-10   38.2   0.1   2   3   6.4e-06   0.00021   18.0   0.0    33   108   133   211   130   220 0.84 -
AgamP4_X:5662881-5675167      -            930 126074at6656         -            265   1.3e-10   38.2   0.1   3   3         1        32    0.9   0.0    41    69   240   268   238   305 0.76 -
AgamP4_X:3266607-3275242      -            542 126074at6656         -            265   1.5e-10   38.1   0.0   1   2   2.2e-11     7e-10   35.9   0.0    34   113    45   127    34   171 0.76 -
AgamP4_X:3266607-3275242      -            542 126074at6656         -            265   1.5e-10   38.1   0.0   2   2       7.1   2.3e+02   -1.9   0.0    40    61   448   469   440   480 0.79 -
AgamP4_3R:21067729-21069716   -            614 126074at6656         -            265   1.9e-10   37.7   6.3   1   3   8.5e-08   2.7e-06   24.1   0.1    33   110   360   442   336   442 0.79 -
AgamP4_3R:21067729-21069716   -            614 126074at6656         -            265   1.9e-10   37.7   6.3   2   3   0.00013    0.0041   13.7   0.5    48   109   420   483   399   508 0.71 -
AgamP4_3R:21067729-21069716   -            614 126074at6656         -            265   1.9e-10   37.7   6.3   3   3    0.0068      0.22    8.0   0.2    45   107   548   614   537   614 0.67 -
AgamP4_3L:6010372-6011085     -            238 126074at6656         -            265   2.1e-10   37.6   1.4   1   2   1.4e-07   4.5e-06   23.4   0.6    35   116    26   108    11   121 0.81 -
AgamP4_3L:6010372-6011085     -            238 126074at6656         -            265   2.1e-10   37.6   1.4   2   2   0.00099     0.032   10.8   0.0    76   108   166   199   153   233 0.63 -
AgamP4_3R:6001708-6002684     -            303 126074at6656         -            265   2.1e-10   37.6   1.2   1   2     0.014      0.45    7.0   0.1    37    84    10    59     5    86 0.65 -
AgamP4_3R:6001708-6002684     -            303 126074at6656         -            265   2.1e-10   37.6   1.2   2   2   1.1e-07   3.5e-06   23.7   0.2    37   170    94   252    88   261 0.75 -
AgamP4_2L:23631520-23632380   -            287 126074at6656         -            265   2.9e-10   37.1   0.1   1   4      0.46        15    2.0   0.0    90   112    14    36     1    54 0.61 -
AgamP4_2L:23631520-23632380   -            287 126074at6656         -            265   2.9e-10   37.1   0.1   2   4   9.7e-05    0.0031   14.1   0.0    39   109    90   162    75   169 0.86 -
AgamP4_2L:23631520-23632380   -            287 126074at6656         -            265   2.9e-10   37.1   0.1   3   4    0.0057      0.19    8.3   0.0    78   115   172   210   163   220 0.79 -
AgamP4_2L:23631520-23632380   -            287 126074at6656         -            265   2.9e-10   37.1   0.1   4   4    0.0038      0.12    8.8   0.0    33   106   211   287   206   287 0.78 -
AgamP4_2L:23616958-23617665   -            236 126074at6656         -            265   1.4e-09   34.9   0.0   1   3   6.8e-05    0.0022   14.6   0.0    39   109    38   110    24   117 0.86 -
AgamP4_2L:23616958-23617665   -            236 126074at6656         -            265   1.4e-09   34.9   0.0   2   3    0.0042      0.14    8.7   0.0    78   115   120   158   111   168 0.79 -
AgamP4_2L:23616958-23617665   -            236 126074at6656         -            265   1.4e-09   34.9   0.0   3   3    0.0028     0.092    9.3   0.0    34   106   160   235   156   236 0.78 -
AgamP4_X:19936178-19937254    -            359 126074at6656         -            265   2.2e-09   34.2   0.0   1   6      0.26       8.4    2.8   0.0   188   211     6    29     4    42 0.72 -
AgamP4_X:19936178-19937254    -            359 126074at6656         -            265   2.2e-09   34.2   0.0   2   6      0.66        21    1.5   0.0   218   246    66    94    63   101 0.90 -
AgamP4_X:19936178-19937254    -            359 126074at6656         -            265   2.2e-09   34.2   0.0   3   6   2.3e-06   7.6e-05   19.4   0.0    37   109   103   179    97   183 0.84 -
AgamP4_X:19936178-19937254    -            359 126074at6656         -            265   2.2e-09   34.2   0.0   4   6      0.71        23    1.4   0.0   117   141   257   281   202   294 0.74 -
AgamP4_X:19936178-19937254    -            359 126074at6656         -            265   2.2e-09   34.2   0.0   5   6      0.88        29    1.1   0.0   117   144   257   284   248   311 0.71 -
AgamP4_X:19936178-19937254    -            359 126074at6656         -            265   2.2e-09   34.2   0.0   6   6      0.52        17    1.8   0.0    46    93   294   343   286   353 0.72 -
AgamP4_2R:17704642-17706144   -            501 126074at6656         -            265   3.9e-09   33.4   0.0   1   3     0.003     0.096    9.2   0.0    38   106   131   202   106   210 0.84 -
AgamP4_2R:17704642-17706144   -            501 126074at6656         -            265   3.9e-09   33.4   0.0   2   3     0.023      0.74    6.3   0.0    36    97   261   323   236   326 0.86 -
AgamP4_2R:17704642-17706144   -            501 126074at6656         -            265   3.9e-09   33.4   0.0   3   3   0.00013    0.0043   13.6   0.0    29   109   379   462   354   500 0.86 -
AgamP4_X:18819743-18820459    -            239 126074at6656         -            265   4.2e-09   33.3   0.0   1   4    0.0008     0.026   11.1   0.0    38   103     3    73     1    75 0.70 -
AgamP4_X:18819743-18820459    -            239 126074at6656         -            265   4.2e-09   33.3   0.0   2   4       1.2        40    0.6   0.0   117   139    60    82    55    98 0.79 -
AgamP4_X:18819743-18820459    -            239 126074at6656         -            265   4.2e-09   33.3   0.0   3   4    0.0058      0.19    8.2   0.0    92   133   111   153    69   157 0.69 -
AgamP4_X:18819743-18820459    -            239 126074at6656         -            265   4.2e-09   33.3   0.0   4   4   0.00097     0.031   10.8   0.0    85   169   154   237   150   239 0.79 -
AgamP4_2R:3568901-3577236     -           1467 126074at6656         -            265   4.3e-09   33.3  13.0   1   6     0.008      0.26    7.8   0.2    38   128     3    96     1   102 0.71 -
AgamP4_2R:3568901-3577236     -           1467 126074at6656         -            265   4.3e-09   33.3  13.0   2   6   6.3e-06    0.0002   18.0   0.2    39   123    97   187    92   199 0.81 -
AgamP4_2R:3568901-3577236     -           1467 126074at6656         -            265   4.3e-09   33.3  13.0   3   6       4.2   1.3e+02   -1.1   0.0   146   170   799   823   778   832 0.68 -
AgamP4_2R:3568901-3577236     -           1467 126074at6656         -            265   4.3e-09   33.3  13.0   4   6     0.013       0.4    7.1   0.4    75   109   863   898   860   926 0.80 -
AgamP4_2R:3568901-3577236     -           1467 126074at6656         -            265   4.3e-09   33.3  13.0   5   6       7.4   2.4e+02   -1.9   0.0    31    57   900   925   896   939 0.76 -
AgamP4_2R:3568901-3577236     -           1467 126074at6656         -            265   4.3e-09   33.3  13.0   6   6     0.077       2.5    4.6   0.0    90   108   970   988   953   997 0.84 -
AgamP4_2L:8569430-8580292     -            367 126074at6656         -            265   4.7e-09   33.2   0.1   1   3   1.5e-06   4.9e-05   20.0   0.1    30   108    87   169    80   179 0.82 -
AgamP4_2L:8569430-8580292     -            367 126074at6656         -            265   4.7e-09   33.2   0.1   2   3      0.19       6.2    3.3   0.0    47    97   188   239   171   254 0.53 -
AgamP4_2L:8569430-8580292     -            367 126074at6656         -            265   4.7e-09   33.2   0.1   3   3     0.021      0.66    6.4   0.0    70   108   253   292   233   296 0.73 -
AgamP4_2R:597713-599083       -            457 126074at6656         -            265   1.4e-08   31.6   0.7   1   5     0.013      0.42    7.1   0.0    29    89    17    79    10    83 0.81 -
AgamP4_2R:597713-599083       -            457 126074at6656         -            265   1.4e-08   31.6   0.7   2   5    0.0059      0.19    8.2   0.2   231   246    86   101    81   109 0.86 -
AgamP4_2R:597713-599083       -            457 126074at6656         -            265   1.4e-08   31.6   0.7   3   5       0.5        16    1.9   0.0   142   170   114   142   108   155 0.82 -
AgamP4_2R:597713-599083       -            457 126074at6656         -            265   1.4e-08   31.6   0.7   4   5      0.57        18    1.7   0.0    39   102   310   374   302   380 0.63 -
AgamP4_2R:597713-599083       -            457 126074at6656         -            265   1.4e-08   31.6   0.7   5   5      0.02      0.64    6.5   0.0    55   111   367   425   362   428 0.70 -
AgamP4_2R:45613957-45614913   -            319 126074at6656         -            265   2.5e-08   30.8   1.8   1   5      0.93        30    1.0   0.0    39    73     1    36     1    40 0.80 -
AgamP4_2R:45613957-45614913   -            319 126074at6656         -            265   2.5e-08   30.8   1.8   2   5      0.67        22    1.5   0.1    94   110    86   102    64   113 0.77 -
AgamP4_2R:45613957-45614913   -            319 126074at6656         -            265   2.5e-08   30.8   1.8   3   5     0.022      0.72    6.3   0.0    40   104   112   178   102   183 0.74 -
AgamP4_2R:45613957-45614913   -            319 126074at6656         -            265   2.5e-08   30.8   1.8   4   5     0.024      0.78    6.2   0.0    58   114   172   230   155   237 0.62 -
AgamP4_2R:45613957-45614913   -            319 126074at6656         -            265   2.5e-08   30.8   1.8   5   5   0.00041     0.013   12.0   0.0    42    76   239   274   230   317 0.74 -
AgamP4_3R:39153145-39153792   -            216 126074at6656         -            265   2.7e-08   30.7   0.2   1   3   5.7e-05    0.0018   14.8   0.2    37    88    10    63     4    72 0.75 -
AgamP4_3R:39153145-39153792   -            216 126074at6656         -            265   2.7e-08   30.7   0.2   2   3   0.00054     0.017   11.6   0.0    37   140    52   163    46   173 0.72 -
AgamP4_3R:39153145-39153792   -            216 126074at6656         -            265   2.7e-08   30.7   0.2   3   3       0.4        13    2.2   0.0    44    64   190   210   173   215 0.73 -
AgamP4_3R:170125-171711       -            350 126074at6656         -            265   3.2e-08   30.4   0.7   1   5       3.3   1.1e+02   -0.8   0.0    90   108    23    41     4    43 0.76 -
AgamP4_3R:170125-171711       -            350 126074at6656         -            265   3.2e-08   30.4   0.7   2   5       1.2        38    0.7   0.0   220   243    70    94    65   103 0.59 -
AgamP4_3R:170125-171711       -            350 126074at6656         -            265   3.2e-08   30.4   0.7   3   5     0.012       0.4    7.2   0.0    38    96   106   166   101   180 0.78 -
AgamP4_3R:170125-171711       -            350 126074at6656         -            265   3.2e-08   30.4   0.7   4   5       1.6        53    0.2   0.0   231   246   260   276   254   278 0.78 -
AgamP4_3R:170125-171711       -            350 126074at6656         -            265   3.2e-08   30.4   0.7   5   5   0.00029    0.0093   12.5   0.0    33    77   281   326   278   339 0.86 -
AgamP4_2L:48386720-48387145   -            142 126074at6656         -            265   3.5e-08   30.3   0.4   1   3   7.5e-05    0.0024   14.4   0.0    51   108     1    61     1    69 0.83 -
AgamP4_2L:48386720-48387145   -            142 126074at6656         -            265   3.5e-08   30.3   0.4   2   3    0.0005     0.016   11.7   0.2    37    73    71   108    61   119 0.61 -
AgamP4_2L:48386720-48387145   -            142 126074at6656         -            265   3.5e-08   30.3   0.4   3   3      0.35        11    2.4   0.0    34    64   110   141   107   142 0.83 -
AgamP4_2R:14088685-14089743   -            353 126074at6656         -            265   3.9e-08   30.1   2.3   1   3   0.00039     0.013   12.1   0.0    39   110     2    76     1   139 0.87 -
AgamP4_2R:14088685-14089743   -            353 126074at6656         -            265   3.9e-08   30.1   2.3   2   3      0.11       3.7    4.0   0.0    32    74   180   223   152   232 0.78 -
AgamP4_2R:14088685-14089743   -            353 126074at6656         -            265   3.9e-08   30.1   2.3   3   3   0.00096     0.031   10.8   0.6    46   109   252   319   242   331 0.75 -
AgamP4_2R:57589246-57592097   -            924 126074at6656         -            265   7.5e-08   29.2   0.3   1   3   8.5e-05    0.0028   14.3   0.0    15   106   201   296   187   300 0.79 -
AgamP4_2R:57589246-57592097   -            924 126074at6656         -            265   7.5e-08   29.2   0.3   2   3     0.029      0.93    6.0   0.0   141   238   432   540   416   551 0.68 -
AgamP4_2R:57589246-57592097   -            924 126074at6656         -            265   7.5e-08   29.2   0.3   3   3      0.24       7.6    3.0   0.0    60   108   549   599   533   628 0.72 -
AgamP4_2L:25560534-25575756   -           1659 126074at6656         -            265   8.1e-08   29.1   0.0   1   2   2.9e-05   0.00095   15.8   0.0   137   246  1415  1530  1320  1533 0.71 -
AgamP4_2L:25560534-25575756   -           1659 126074at6656         -            265   8.1e-08   29.1   0.0   2   2       0.2       6.5    3.2   0.0   184   243  1551  1615  1537  1619 0.53 -
AgamP4_2L:43754158-43755135   -            326 126074at6656         -            265   9.7e-08   28.8   0.1   1   4    0.0004     0.013   12.0   0.0    39   110    57   134    51   154 0.66 -
AgamP4_2L:43754158-43755135   -            326 126074at6656         -            265   9.7e-08   28.8   0.1   2   4    0.0028     0.091    9.3   0.0    82   109   180   208   168   217 0.78 -
AgamP4_2L:43754158-43755135   -            326 126074at6656         -            265   9.7e-08   28.8   0.1   3   4       8.1   2.6e+02   -2.1   0.0   148   173   239   264   229   272 0.56 -
AgamP4_2L:43754158-43755135   -            326 126074at6656         -            265   9.7e-08   28.8   0.1   4   4      0.35        11    2.4   0.0   225   247   286   309   278   323 0.81 -
AgamP4_2L:23645171-23646016   -            282 126074at6656         -            265   1.3e-07   28.4   0.9   1   4   0.00041     0.013   12.0   0.1    45   108    40   107    35   117 0.74 -
AgamP4_2L:23645171-23646016   -            282 126074at6656         -            265   1.3e-07   28.4   0.9   2   4   9.3e-05     0.003   14.1   0.1   189   246    89   152    79   159 0.79 -
AgamP4_2L:23645171-23646016   -            282 126074at6656         -            265   1.3e-07   28.4   0.9   3   4    0.0041      0.13    8.7   0.1   150   246   131   236   126   242 0.67 -
AgamP4_2L:23645171-23646016   -            282 126074at6656         -            265   1.3e-07   28.4   0.9   4   4       1.6        53    0.2   0.0    50   106   258   275   245   281 0.44 -
AgamP4_2R:658072-660560       -            803 126074at6656         -            265   1.5e-07   28.3   4.7   1   3     0.019       0.6    6.6   0.1    85   108    69    92    38   103 0.78 -
AgamP4_2R:658072-660560       -            803 126074at6656         -            265   1.5e-07   28.3   4.7   2   3   3.3e-06   0.00011   18.9   0.0    34   109   102   183    97   190 0.77 -
AgamP4_2R:658072-660560       -            803 126074at6656         -            265   1.5e-07   28.3   4.7   3   3   0.00013    0.0043   13.6   0.1    32   108   144   225   142   240 0.82 -
AgamP4_3L:41231722-41232210   -            163 126074at6656         -            265   1.6e-07   28.1   1.0   1   2         2        65   -0.1   0.0   230   247    17    34    11    46 0.74 -
AgamP4_3L:41231722-41232210   -            163 126074at6656         -            265   1.6e-07   28.1   1.0   2   2   1.7e-08   5.5e-07   26.4   0.4    43   115    50   126    42   138 0.85 -
AgamP4_3R:51549078-51661884   -            296 126074at6656         -            265     2e-07   27.8   0.7   1   4      0.33        11    2.5   0.0    91   111    14    34     1    51 0.72 -
AgamP4_3R:51549078-51661884   -            296 126074at6656         -            265     2e-07   27.8   0.7   2   4    0.0033      0.11    9.0   0.3   193   250    59   121    48   125 0.76 -
AgamP4_3R:51549078-51661884   -            296 126074at6656         -            265     2e-07   27.8   0.7   3   4       1.6        52    0.2   0.0    94   108   174   188   171   197 0.70 -
AgamP4_3R:51549078-51661884   -            296 126074at6656         -            265     2e-07   27.8   0.7   4   4    0.0012     0.039   10.5   0.0    39   103   202   269   194   273 0.76 -
AgamP4_X:7822877-7823976      -            341 126074at6656         -            265   2.6e-07   27.5   2.1   1   5       5.6   1.8e+02   -1.6   0.0   229   248    26    46    24    57 0.76 -
AgamP4_X:7822877-7823976      -            341 126074at6656         -            265   2.6e-07   27.5   2.1   2   5    0.0022     0.072    9.6   0.1    37   108    57   133    49   138 0.76 -
AgamP4_X:7822877-7823976      -            341 126074at6656         -            265   2.6e-07   27.5   2.1   3   5     0.019       0.6    6.6   0.0    38    69   102   134    96   152 0.75 -
AgamP4_X:7822877-7823976      -            341 126074at6656         -            265   2.6e-07   27.5   2.1   4   5    0.0069      0.22    8.0   0.0    12    60   156   219   149   228 0.65 -
AgamP4_X:7822877-7823976      -            341 126074at6656         -            265   2.6e-07   27.5   2.1   5   5      0.46        15    2.0   0.0    93   107   322   336   256   339 0.83 -
AgamP4_2L:4140122-4140970     -            283 126074at6656         -            265   2.6e-07   27.4   5.6   1   2    0.0004     0.013   12.1   1.0    38   168     6   157     3   165 0.76 -
AgamP4_2L:4140122-4140970     -            283 126074at6656         -            265   2.6e-07   27.4   5.6   2   2   1.8e-05   0.00059   16.4   0.2    40   109   174   245   159   259 0.84 -
AgamP4_3L:23253341-23254726   -            435 126074at6656         -            265   3.4e-07   27.1   4.2   1   3   0.00014    0.0045   13.5   0.6    31   172   136   294   111   299 0.79 -
AgamP4_3L:23253341-23254726   -            435 126074at6656         -            265   3.4e-07   27.1   4.2   2   3      0.68        22    1.5   0.1    79   107   313   345   265   351 0.48 -
AgamP4_3L:23253341-23254726   -            435 126074at6656         -            265   3.4e-07   27.1   4.2   3   3    0.0014     0.046   10.2   0.2    69   109   349   389   336   400 0.86 -
AgamP4_2R:44708361-44709663   -            267 126074at6656         -            265   4.4e-07   26.7   1.5   1   4     0.058       1.9    5.0   0.1    43   108    10    87     5    95 0.57 -
AgamP4_2R:44708361-44709663   -            267 126074at6656         -            265   4.4e-07   26.7   1.5   2   4    0.0029     0.095    9.2   0.4    62   109    81   131    70   143 0.67 -
AgamP4_2R:44708361-44709663   -            267 126074at6656         -            265   4.4e-07   26.7   1.5   3   4   0.00079     0.025   11.1   0.0    44   108   146   214   131   216 0.77 -
AgamP4_2R:44708361-44709663   -            267 126074at6656         -            265   4.4e-07   26.7   1.5   4   4         4   1.3e+02   -1.0   0.0   114   132   236   254   229   258 0.77 -
AAAB01001548:70979-72364      -            435 126074at6656         -            265   6.1e-07   26.2   4.7   1   3    0.0016     0.051   10.1   0.9    33   167   139   289   111   300 0.66 -
AAAB01001548:70979-72364      -            435 126074at6656         -            265   6.1e-07   26.2   4.7   2   3      0.48        15    2.0   0.0    39   107   272   345   265   348 0.49 -
AAAB01001548:70979-72364      -            435 126074at6656         -            265   6.1e-07   26.2   4.7   3   3    0.0016     0.053   10.0   0.2    69   109   349   389   338   397 0.86 -
AgamP4_2L:23646477-23647193   -            239 126074at6656         -            265   6.2e-07   26.2   0.6   1   4     0.017      0.56    6.7   0.0   218   242    42    66    22    70 0.89 -
AgamP4_2L:23646477-23647193   -            239 126074at6656         -            265   6.2e-07   26.2   0.6   2   4   0.00014    0.0046   13.5   0.3    39   114    40   125    39   151 0.75 -
AgamP4_2L:23646477-23647193   -            239 126074at6656         -            265   6.2e-07   26.2   0.6   3   4       1.6        50    0.3   0.0   224   246   143   165   134   169 0.80 -
AgamP4_2L:23646477-23647193   -            239 126074at6656         -            265   6.2e-07   26.2   0.6   4   4     0.045       1.5    5.3   0.0   130   170   171   211   166   221 0.73 -
AgamP4_2R:55466578-55468326   -            532 126074at6656         -            265   8.3e-07   25.8   0.4   1   3      0.37        12    2.3   0.0    29   107   191   272   182   276 0.73 -
AgamP4_2R:55466578-55468326   -            532 126074at6656         -            265   8.3e-07   25.8   0.4   2   3    0.0035      0.11    9.0   0.0    39   109   321   394   319   401 0.80 -
AgamP4_2R:55466578-55468326   -            532 126074at6656         -            265   8.3e-07   25.8   0.4   3   3    0.0015     0.049   10.1   0.1    77   116   404   443   398   463 0.86 -
AgamP4_3R:53005020-53006357   -            446 126074at6656         -            265     1e-06   25.5   2.7   1   3      0.55        18    1.8   0.1    92   110    80    98    63   106 0.73 -
AgamP4_3R:53005020-53006357   -            446 126074at6656         -            265     1e-06   25.5   2.7   2   3      0.01      0.33    7.4   0.1    33    69   102   139    97   183 0.86 -
AgamP4_3R:53005020-53006357   -            446 126074at6656         -            265     1e-06   25.5   2.7   3   3   9.1e-05    0.0029   14.2   0.1    39   109   282   356   269   369 0.74 -
AgamP4_2R:607350-612901       -           1311 126074at6656         -            265   1.1e-06   25.4   0.2   1   3   1.2e-05   0.00037   17.1   0.2    31   109    73   155    59   164 0.79 -
AgamP4_2R:607350-612901       -           1311 126074at6656         -            265   1.1e-06   25.4   0.2   2   3      0.16       5.2    3.5   0.0    35   103   167   235   158   241 0.89 -
AgamP4_2R:607350-612901       -           1311 126074at6656         -            265   1.1e-06   25.4   0.2   3   3       1.2        39    0.6   0.0    71   116   244   288   232   296 0.69 -
AgamP4_2R:34050954-34052108   -            385 126074at6656         -            265   1.2e-06   25.2   0.4   1   3      0.69        22    1.4   0.0   228   248   172   192   168   207 0.66 -
AgamP4_2R:34050954-34052108   -            385 126074at6656         -            265   1.2e-06   25.2   0.4   2   3   6.3e-06    0.0002   18.0   0.0    37   111   206   288   203   297 0.78 -
AgamP4_2R:34050954-34052108   -            385 126074at6656         -            265   1.2e-06   25.2   0.4   3   3      0.97        31    1.0   0.0   227   254   310   338   300   344 0.77 -
AgamP4_3L:40902014-40902928   -            305 126074at6656         -            265   2.3e-06   24.4   0.0   1   3   0.00028    0.0089   12.6   0.0    33   107    63   139    59   152 0.90 -
AgamP4_3L:40902014-40902928   -            305 126074at6656         -            265   2.3e-06   24.4   0.0   2   3       1.7        56    0.1   0.0    39   108   153   223   148   234 0.71 -
AgamP4_3L:40902014-40902928   -            305 126074at6656         -            265   2.3e-06   24.4   0.0   3   3     0.016      0.53    6.8   0.0    35    65   272   303   261   305 0.84 -
AgamP4_2L:17360629-17360904   -             92 126074at6656         -            265   2.7e-06   24.1   0.0   1   1   8.6e-08   2.8e-06   24.1   0.0    47   108     2    65     1    84 0.89 -
AgamP4_2L:3643810-3644250     -            147 126074at6656         -            265   2.8e-06   24.1   0.0   1   1   3.8e-07   1.2e-05   22.0   0.0    34   107    61   139    27   143 0.79 -
AgamP4_2L:28577017-28581157   -            547 126074at6656         -            265   2.8e-06   24.0   0.1   1   3       2.6        84   -0.5   0.0   137   172   297   332   292   342 0.74 -
AgamP4_2L:28577017-28581157   -            547 126074at6656         -            265   2.8e-06   24.0   0.1   2   3   9.9e-07   3.2e-05   20.6   0.1    48   112   356   425   303   436 0.80 -
AgamP4_2L:28577017-28581157   -            547 126074at6656         -            265   2.8e-06   24.0   0.1   3   3       4.4   1.4e+02   -1.2   0.0    31    63   426   460   423   472 0.70 -
AgamP4_3L:18134290-18134778   -            163 126074at6656         -            265   2.9e-06   24.0   0.8   1   3   0.00029    0.0093   12.5   0.5   219   248    29    58    20    67 0.83 -
AgamP4_3L:18134290-18134778   -            163 126074at6656         -            265   2.9e-06   24.0   0.8   2   3     0.012      0.38    7.2   0.0    41   244    70   139    55   141 0.49 -
AgamP4_3L:18134290-18134778   -            163 126074at6656         -            265   2.9e-06   24.0   0.8   3   3     0.028       0.9    6.0   0.0   217   244   112   139   108   153 0.85 -
AgamP4_2L:14641875-14642039   -             55 126074at6656         -            265   4.4e-06   23.4   0.1   1   1   1.4e-07   4.5e-06   23.4   0.1    58   108     5    55     1    55 0.95 -
AgamP4_2L:43065216-43066196   -            327 126074at6656         -            265     9e-06   22.4   2.3   1   4       4.8   1.6e+02   -1.3   0.0   154   172    21    39     9    51 0.52 -
AgamP4_2L:43065216-43066196   -            327 126074at6656         -            265     9e-06   22.4   2.3   2   4     0.011      0.35    7.3   0.0    39    96   118   183   114   186 0.71 -
AgamP4_2L:43065216-43066196   -            327 126074at6656         -            265     9e-06   22.4   2.3   3   4     0.015      0.48    6.9   0.2    95   111   210   226   207   231 0.85 -
AgamP4_2L:43065216-43066196   -            327 126074at6656         -            265     9e-06   22.4   2.3   4   4     0.076       2.5    4.6   0.1    78   108   237   269   228   274 0.65 -
AgamP4_2R:19482106-19482531   -            142 126074at6656         -            265   1.2e-05   22.0   0.0   1   3    0.0084      0.27    7.7   0.0    78   109     7    38     3    45 0.86 -
AgamP4_2R:19482106-19482531   -            142 126074at6656         -            265   1.2e-05   22.0   0.0   2   3     0.013      0.41    7.1   0.0    85   247    78   103    52   111 0.65 -
AgamP4_2R:19482106-19482531   -            142 126074at6656         -            265   1.2e-05   22.0   0.0   3   3      0.11       3.6    4.0   0.0   219   242   116   140   112   142 0.80 -
AgamP4_2L:44509306-44520474   -           1432 126074at6656         -            265   1.2e-05   21.9   2.4   1   3     0.067       2.2    4.8   0.1   187   250   224   293   219   302 0.80 -
AgamP4_2L:44509306-44520474   -           1432 126074at6656         -            265   1.2e-05   21.9   2.4   2   3      0.11       3.4    4.1   0.2    76   108   363   395   344   401 0.85 -
AgamP4_2L:44509306-44520474   -           1432 126074at6656         -            265   1.2e-05   21.9   2.4   3   3    0.0012     0.038   10.5   0.0    45   110   412   484   398   505 0.72 -
AgamP4_3R:21124714-21126517   -            407 126074at6656         -            265   1.4e-05   21.7   0.7   1   3     0.048       1.5    5.2   0.0    32   103   114   187    80   193 0.79 -
AgamP4_3R:21124714-21126517   -            407 126074at6656         -            265   1.4e-05   21.7   0.7   2   3   0.00018    0.0058   13.2   0.0    33   113   200   283   184   291 0.79 -
AgamP4_3R:21124714-21126517   -            407 126074at6656         -            265   1.4e-05   21.7   0.7   3   3       3.6   1.2e+02   -0.9   0.1   230   246   387   403   373   406 0.57 -
AgamP4_3R:13720775-13721455   -            227 126074at6656         -            265   1.7e-05   21.5   0.0   1   3       3.9   1.3e+02   -1.0   0.0    76   105    21    51    11    55 0.57 -
AgamP4_3R:13720775-13721455   -            227 126074at6656         -            265   1.7e-05   21.5   0.0   2   3   9.9e-05    0.0032   14.0   0.0    39   120   117   200   108   203 0.88 -
AgamP4_3R:13720775-13721455   -            227 126074at6656         -            265   1.7e-05   21.5   0.0   3   3     0.051       1.6    5.2   0.0   172   204   193   226   187   227 0.76 -
AgamP4_X:2171391-2177961      -           1149 126074at6656         -            265   1.8e-05   21.5   0.7   1   3     0.002     0.065    9.8   0.0   207   250   800   845   779   858 0.84 -
AgamP4_X:2171391-2177961      -           1149 126074at6656         -            265   1.8e-05   21.5   0.7   2   3    0.0015      0.05   10.1   0.0    34   107   806   881   801   892 0.68 -
AgamP4_X:2171391-2177961      -           1149 126074at6656         -            265   1.8e-05   21.5   0.7   3   3      0.11       3.6    4.0   0.5   192   192   962   962   863  1035 0.51 -
AgamP4_3R:49908365-49910129   -            240 126074at6656         -            265   1.9e-05   21.3   0.3   1   3    0.0015     0.049   10.1   0.1    39   108    47   113    42   123 0.81 -
AgamP4_3R:49908365-49910129   -            240 126074at6656         -            265   1.9e-05   21.3   0.3   2   3       4.3   1.4e+02   -1.2   0.0   227   246   139   159   131   168 0.74 -
AgamP4_3R:49908365-49910129   -            240 126074at6656         -            265   1.9e-05   21.3   0.3   3   3    0.0097      0.31    7.5   0.0    39   108   170   240   164   240 0.88 -
AgamP4_2L:30448255-30449016   -            254 126074at6656         -            265   3.6e-05   20.4   0.0   1   2   0.00056     0.018   11.6   0.0    30    85    62   120    49   145 0.81 -
AgamP4_2L:30448255-30449016   -            254 126074at6656         -            265   3.6e-05   20.4   0.0   2   2     0.016      0.52    6.8   0.0    35   110   161   237   145   242 0.79 -
AgamP4_2R:12715743-12716285   -            181 126074at6656         -            265   3.9e-05   20.3   0.3   1   3     0.012      0.39    7.2   0.1   216   249    38    72     9    84 0.63 -
AgamP4_2R:12715743-12716285   -            181 126074at6656         -            265   3.9e-05   20.3   0.3   2   3    0.0079      0.25    7.8   0.0   111   145    44    78    35   109 0.50 -
AgamP4_2R:12715743-12716285   -            181 126074at6656         -            265   3.9e-05   20.3   0.3   3   3    0.0023     0.074    9.6   0.0    65   108   138   181   124   181 0.78 -
AgamP4_3R:17121373-17122476   -            368 126074at6656         -            265   5.5e-05   19.8   1.8   1   3       0.3       9.7    2.6   0.0   231   248    73    90    61   106 0.78 -
AgamP4_3R:17121373-17122476   -            368 126074at6656         -            265   5.5e-05   19.8   1.8   2   3    0.0014     0.046   10.3   0.6    92   249   177   334   103   350 0.59 -
AgamP4_3R:17121373-17122476   -            368 126074at6656         -            265   5.5e-05   19.8   1.8   3   3       5.4   1.7e+02   -1.5   0.0    12    27   350   365   340   367 0.84 -
AgamP4_2R:16412080-16414107   -            456 126074at6656         -            265   6.4e-05   19.6   0.4   1   2     0.017      0.54    6.7   0.0    42    97   308   366   274   375 0.77 -
AgamP4_2R:16412080-16414107   -            456 126074at6656         -            265   6.4e-05   19.6   0.4   2   2    0.0018     0.058    9.9   0.2    33   106   376   453   372   456 0.79 -
AgamP4_2L:28784726-28785127   -            134 126074at6656         -            265   7.1e-05   19.5   0.1   1   2      0.15       4.8    3.6   0.0    92   109     7    24     3    29 0.72 -
AgamP4_2L:28784726-28785127   -            134 126074at6656         -            265   7.1e-05   19.5   0.1   2   2   0.00012    0.0039   13.8   0.0    36   108    36   114    32   119 0.82 -
AgamP4_2L:26588019-26588645   -            209 126074at6656         -            265   9.2e-05   19.1   0.3   1   3      0.22       7.2    3.1   0.0   146   172     7    33     3    43 0.83 -
AgamP4_2L:26588019-26588645   -            209 126074at6656         -            265   9.2e-05   19.1   0.3   2   3   0.00058     0.019   11.5   0.2    39   109    45   122    38   134 0.80 -
AgamP4_2L:26588019-26588645   -            209 126074at6656         -            265   9.2e-05   19.1   0.3   3   3      0.72        23    1.4   0.0   128   174   121   167   119   177 0.79 -
AgamP4_2L:14185747-14186679   -            311 126074at6656         -            265   9.7e-05   19.0   0.0   1   4       5.9   1.9e+02   -1.6   0.0   152   181    15    42     8    59 0.69 -
AgamP4_2L:14185747-14186679   -            311 126074at6656         -            265   9.7e-05   19.0   0.0   2   4      0.08       2.6    4.5   0.0     5    37    50    82    46    91 0.85 -
AgamP4_2L:14185747-14186679   -            311 126074at6656         -            265   9.7e-05   19.0   0.0   3   4    0.0018     0.057    9.9   0.0   152   237    65   160    57   172 0.76 -
AgamP4_2L:14185747-14186679   -            311 126074at6656         -            265   9.7e-05   19.0   0.0   4   4      0.14       4.4    3.7   0.0   129   183   215   268   202   291 0.78 -
AAAB01008268:26849-28890      -            660 126074at6656         -            265   0.00012   18.7   0.2   1   3       1.7        55    0.2   0.0   230   254   206   231   195   237 0.81 -
AAAB01008268:26849-28890      -            660 126074at6656         -            265   0.00012   18.7   0.2   2   3     0.014      0.45    7.0   0.1   192   249   357   423   348   427 0.66 -
AAAB01008268:26849-28890      -            660 126074at6656         -            265   0.00012   18.7   0.2   3   3      0.14       4.6    3.7   0.0   155   203   455   508   446   522 0.80 -
AgamP4_2R:15759829-15760374   -            182 126074at6656         -            265   0.00012   18.7   0.0   1   3      0.41        13    2.2   0.0   209   244     2    38     1    44 0.79 -
AgamP4_2R:15759829-15760374   -            182 126074at6656         -            265   0.00012   18.7   0.0   2   3     0.012      0.39    7.2   0.0    30   108    42   127    38   137 0.75 -
AgamP4_2R:15759829-15760374   -            182 126074at6656         -            265   0.00012   18.7   0.0   3   3     0.022      0.71    6.3   0.0   223   258   146   180   135   182 0.78 -
AgamP4_2L:3288436-3288888     -            151 126074at6656         -            265   0.00013   18.7   1.1   1   3     0.027      0.88    6.0   0.1    59   111     6    61     1    71 0.56 -
AgamP4_2L:3288436-3288888     -            151 126074at6656         -            265   0.00013   18.7   1.1   2   3      0.17       5.4    3.5   0.1    96   136    61   105    58   109 0.72 -
AgamP4_2L:3288436-3288888     -            151 126074at6656         -            265   0.00013   18.7   1.1   3   3   0.00092      0.03   10.9   0.1    55   108    91   148    79   150 0.80 -
AgamP4_3L:6454346-6454936     -            197 126074at6656         -            265   0.00016   18.3   0.1   1   3     0.017      0.56    6.7   0.1    93   122     7    38     4    41 0.79 -
AgamP4_3L:6454346-6454936     -            197 126074at6656         -            265   0.00016   18.3   0.1   2   3    0.0041      0.13    8.8   0.0    37    87    32    83    26    93 0.85 -
AgamP4_3L:6454346-6454936     -            197 126074at6656         -            265   0.00016   18.3   0.1   3   3      0.85        28    1.1   0.0   143   172   148   178   143   187 0.68 -
AgamP4_3L:826493-826894       -            134 126074at6656         -            265   0.00023   17.8   0.0   1   2      0.94        30    1.0   0.1   100   109     6    15     1    46 0.73 -
AgamP4_3L:826493-826894       -            134 126074at6656         -            265   0.00023   17.8   0.0   2   2     6e-05    0.0019   14.8   0.0    37   109    53   130    47   132 0.81 -
AgamP4_3L:34041168-34041458   -             97 126074at6656         -            265   0.00024   17.7   0.3   1   2       1.3        42    0.5   0.1   235   247     6    18     1    25 0.64 -
AgamP4_3L:34041168-34041458   -             97 126074at6656         -            265   0.00024   17.7   0.3   2   2   0.00022    0.0071   12.9   0.0    35    96    25    89    16    97 0.72 -
AgamP4_3R:50381123-50381635   -            171 126074at6656         -            265   0.00025   17.6   0.0   1   3      0.34        11    2.5   0.0    55   107     4    57     2    76 0.65 -
AgamP4_3R:50381123-50381635   -            171 126074at6656         -            265   0.00025   17.6   0.0   2   3   0.00029    0.0093   12.5   0.0    40   108    70   140    60   159 0.86 -
AgamP4_3R:50381123-50381635   -            171 126074at6656         -            265   0.00025   17.6   0.0   3   3       2.2        71   -0.2   0.0    31    55   143   167   140   170 0.79 -
AgamP4_3R:43264774-43265163   -            130 126074at6656         -            265   0.00042   16.9   0.2   1   2      0.09       2.9    4.3   0.1    95   108     2    15     1    17 0.87 -
AgamP4_3R:43264774-43265163   -            130 126074at6656         -            265   0.00042   16.9   0.2   2   2   0.00088     0.028   10.9   0.0    42   110    33   109    17   119 0.79 -
AgamP4_X:8426742-8427401      -            220 126074at6656         -            265   0.00047   16.8   0.0   1   3      0.13       4.2    3.8   0.0    34    78    15    59     9    79 0.76 -
AgamP4_X:8426742-8427401      -            220 126074at6656         -            265   0.00047   16.8   0.0   2   3       0.9        29    1.1   0.0   140   172   112   144   106   155 0.80 -
AgamP4_X:8426742-8427401      -            220 126074at6656         -            265   0.00047   16.8   0.0   3   3    0.0081      0.26    7.8   0.0    79   113   166   201   152   209 0.73 -
AgamP4_3L:427344-427631       -             96 126074at6656         -            265   0.00048   16.7   0.1   1   2   0.00058     0.019   11.5   0.0    51   109     4    66     2    68 0.83 -
AgamP4_3L:427344-427631       -             96 126074at6656         -            265   0.00048   16.7   0.1   2   2      0.15       4.8    3.6   0.0    33    57    71    95    67    96 0.84 -
AgamP4_UNKN:10943664-10943951 -             96 126074at6656         -            265   0.00048   16.7   0.1   1   2   0.00058     0.019   11.5   0.0    51   109     4    66     2    68 0.83 -
AgamP4_UNKN:10943664-10943951 -             96 126074at6656         -            265   0.00048   16.7   0.1   2   2      0.15       4.8    3.6   0.0    33    57    71    95    67    96 0.84 -
AgamP4_3R:30772628-30772999   -            124 126074at6656         -            265   0.00057   16.5   0.1   1   1   0.00027    0.0088   12.6   0.1    33    96     2    69     1    78 0.64 -
AgamP4_2L:14029962-14035090   -            940 126074at6656         -            265   0.00075   16.1   1.9   1   4       8.3   2.7e+02   -2.1   0.0    81   108   635   662   624   681 0.79 -
AgamP4_2L:14029962-14035090   -            940 126074at6656         -            265   0.00075   16.1   1.9   2   4     0.012      0.38    7.3   0.1    37   116   714   796   705   799 0.83 -
AgamP4_2L:14029962-14035090   -            940 126074at6656         -            265   0.00075   16.1   1.9   3   4     0.025       0.8    6.2   0.0    59   106   779   826   774   830 0.91 -
AgamP4_2L:14029962-14035090   -            940 126074at6656         -            265   0.00075   16.1   1.9   4   4      0.31        10    2.6   0.0    74   108   843   878   827   905 0.76 -
AgamP4_3R:1367005-1367511     -            169 126074at6656         -            265   0.00086   15.9   0.1   1   2       0.5        16    1.9   0.0   236   251     8    23     2    34 0.74 -
AgamP4_3R:1367005-1367511     -            169 126074at6656         -            265   0.00086   15.9   0.1   2   2   0.00084     0.027   11.0   0.0    55   115   100   162    78   168 0.82 -
AgamP4_X:10710538-10711383    -            282 126074at6656         -            265    0.0016   15.0   1.2   1   4     0.022      0.72    6.3   0.0   228   263     3    39     1    41 0.84 -
AgamP4_X:10710538-10711383    -            282 126074at6656         -            265    0.0016   15.0   1.2   2   4      0.11       3.4    4.1   0.1   119   161    53    95    47   101 0.87 -
AgamP4_X:10710538-10711383    -            282 126074at6656         -            265    0.0016   15.0   1.2   3   4       2.5        80   -0.4   0.0    92   110   163   181   143   190 0.68 -
AgamP4_X:10710538-10711383    -            282 126074at6656         -            265    0.0016   15.0   1.2   4   4       3.1        99   -0.7   0.0   154   245   206   224   188   233 0.54 -
AgamP4_UNKN:13134408-13134956 -            183 126074at6656         -            265    0.0036   13.9   0.3   1   2      0.19       6.3    3.2   0.1    92   109    80    97    61   104 0.74 -
AgamP4_UNKN:13134408-13134956 -            183 126074at6656         -            265    0.0036   13.9   0.3   2   2    0.0028     0.091    9.3   0.0    33    69   102   139    97   162 0.84 -
AgamP4_3L:5009144-5025074     -           3526 126074at6656         -            265    0.0061   13.1   0.0   1   1   0.00076     0.025   11.1   0.0    68   109  3423  3465  3372  3473 0.76 -
AgamP4_2R:53795763-53796089   -            109 126074at6656         -            265    0.0066   13.0   0.0   1   2   0.00098     0.032   10.8   0.0    43   109     1    72     1    77 0.79 -
AgamP4_2R:53795763-53796089   -            109 126074at6656         -            265    0.0066   13.0   0.0   2   2       1.5        48    0.4   0.0    33    58    77   102    72   108 0.84 -
AgamP4_2L:33965629-33969573   -           1169 126074at6656         -            265    0.0075   12.8   0.0   1   3    0.0048      0.15    8.5   0.0    41   108    21    90     6   165 0.83 -
AgamP4_2L:33965629-33969573   -           1169 126074at6656         -            265    0.0075   12.8   0.0   2   3       1.3        43    0.5   0.0   145   206   234   300   225   305 0.70 -
AgamP4_2L:33965629-33969573   -           1169 126074at6656         -            265    0.0075   12.8   0.0   3   3       7.8   2.5e+02   -2.0   0.0   144   208   468   536   463   550 0.66 -
AgamP4_3L:34041844-34042146   -            101 126074at6656         -            265    0.0098   12.4   0.0   1   2   0.00072     0.023   11.2   0.0    39    80     4    47     1    55 0.75 -
AgamP4_3L:34041844-34042146   -            101 126074at6656         -            265    0.0098   12.4   0.0   2   2       5.7   1.8e+02   -1.6   0.0   231   243    88   101    79   101 0.54 -
AgamP4_3L:33704444-33705085   -            214 126074at6656         -            265     0.011   12.3   0.0   1   3      0.46        15    2.0   0.0    93   108     9    24     2    39 0.68 -
AgamP4_3L:33704444-33705085   -            214 126074at6656         -            265     0.011   12.3   0.0   2   3     0.029      0.95    5.9   0.0    90   120   102   132    91   146 0.78 -
AgamP4_3L:33704444-33705085   -            214 126074at6656         -            265     0.011   12.3   0.0   3   3       1.2        38    0.7   0.0   205   235   171   201   134   214 0.62 -
AgamP4_3L:26949549-26950295   -            249 126074at6656         -            265     0.026   11.1   0.6   1   2      0.39        13    2.2   0.0    93   110     4    21     1    24 0.82 -
AgamP4_3L:26949549-26950295   -            249 126074at6656         -            265     0.026   11.1   0.6   2   2     0.021      0.69    6.4   0.1    73   112    29    71    24    74 0.74 -
AgamP4_2L:15423935-15425089   -            333 126074at6656         -            265     0.036   10.6   0.1   1   2       2.7        86   -0.5   0.0   139   171     7    39     2    47 0.77 -
AgamP4_2L:15423935-15425089   -            333 126074at6656         -            265     0.036   10.6   0.1   2   2    0.0064      0.21    8.1   0.0    59   110   141   191   121   198 0.77 -
#
# Program:         hmmsearch
# Version:         3.1b2 (February 2015)
# Pipeline mode:   SEARCH
# Query file:      /hpcdata/bcbb/homc/Barillaslab/Agam_hemo_transcriptomes/scripts/compare_txomes/busco/busco_downloads/lineages/arthropoda_odb10/hmms/126074at6656.hmm
# Target file:     /hpcdata/bcbb/homc/Barillaslab/Agam_hemo_transcriptomes/scripts/compare_txomes/busco/VB59_AgambiaePEST_BUSCO/run_arthropoda_odb10/metaeuk_output/initial_results/VectorBase-59_AgambiaePEST_Genome.fasta.modified.fas
# Option settings: hmmsearch --domtblout /hpcdata/bcbb/homc/Barillaslab/Agam_hemo_transcriptomes/scripts/compare_txomes/busco/VB59_AgambiaePEST_BUSCO/run_arthropoda_odb10/hmmer_output/initial_run_results/126074at6656.out --cpu 1 /hpcdata/bcbb/homc/Barillaslab/Agam_hemo_transcriptomes/scripts/compare_txomes/busco/busco_downloads/lineages/arthropoda_odb10/hmms/126074at6656.hmm /hpcdata/bcbb/homc/Barillaslab/Agam_hemo_transcriptomes/scripts/compare_txomes/busco/VB59_AgambiaePEST_BUSCO/run_arthropoda_odb10/metaeuk_output/initial_results/VectorBase-59_AgambiaePEST_Genome.fasta.modified.fas 
# Current dir:     /hpcdata/bcbb/homc/Barillaslab/Agam_hemo_transcriptomes/scripts/compare_txomes/busco
# Date:            Fri Jan 27 16:39:56 2023
# [ok]
