#                                                                                   --- full sequence --- -------------- this domain -------------   hmm coord   ali coord   env coord
# target name               accession   tlen query name           accession   qlen   E-value  score  bias   #  of  c-Evalue  i-Evalue  score  bias  from    to  from    to  from    to  acc description of target
#       ------------------- ---------- ----- -------------------- ---------- ----- --------- ------ ----- --- --- --------- --------- ------ ----- ----- ----- ----- ----- ----- ----- ---- ---------------------
AgamP4_X:9865702-9869765    -            927 12846at6656          -            584  4.9e-220  729.4   2.6   1   5   3.4e-22   2.1e-20   70.3   0.0     2    69    45   115    44   135 0.85 -
AgamP4_X:9865702-9869765    -            927 12846at6656          -            584  4.9e-220  729.4   2.6   2   5   1.3e-29   7.7e-28   94.8   0.0    62   198   144   309   122   315 0.83 -
AgamP4_X:9865702-9869765    -            927 12846at6656          -            584  4.9e-220  729.4   2.6   3   5   9.5e-13   5.9e-11   39.1   0.0   193   256   348   427   333   439 0.72 -
AgamP4_X:9865702-9869765    -            927 12846at6656          -            584  4.9e-220  729.4   2.6   4   5  8.4e-158  5.1e-156  518.1   2.3   256   543   449   742   432   758 0.94 -
AgamP4_X:9865702-9869765    -            927 12846at6656          -            584  4.9e-220  729.4   2.6   5   5       1.8   1.1e+02   -1.4   0.0   537   555   783   801   780   805 0.89 -
AgamP4_2R:57346699-57348656 -            510 12846at6656          -            584   5.6e-16   55.7   6.0   1   2   4.4e-09   2.7e-07   27.0   0.1   319   381   260   322   229   329 0.91 -
AgamP4_2R:57346699-57348656 -            510 12846at6656          -            584   5.6e-16   55.7   6.0   2   2   7.1e-10   4.3e-08   29.6   3.0   386   510   351   477   346   494 0.88 -
AgamP4_3R:2719080-2719757   -            226 12846at6656          -            584   6.6e-15   52.1   3.3   1   1   1.6e-16     1e-14   51.5   3.3   327   486    66   226    57   226 0.90 -
AgamP4_2R:24959813-24972861 -            789 12846at6656          -            584   7.4e-12   42.0   0.0   1   2   6.9e-06   0.00042   16.4   0.0    70   152   135   232    81   257 0.70 -
AgamP4_2R:24959813-24972861 -            789 12846at6656          -            584   7.4e-12   42.0   0.0   2   2   8.2e-08     5e-06   22.8   0.0    71   197   528   677   517   685 0.74 -
AgamP4_2R:35955289-35955792 -            168 12846at6656          -            584   8.3e-12   41.9   0.0   1   1   1.5e-13   9.2e-12   41.7   0.0   346   485    21   168     3   168 0.89 -
AgamP4_2R:10491671-10492411 -            247 12846at6656          -            584   4.3e-11   39.5   0.0   1   1   2.2e-12   1.3e-10   37.9   0.0    60   195    82   233    28   242 0.68 -
AgamP4_2R:33764364-33797995 -           1832 12846at6656          -            584   1.1e-10   38.2   5.2   1   1   2.8e-12   1.7e-10   37.5   5.2   327   510  1621  1807  1619  1820 0.85 -
AgamP4_3R:225474-227651     -            726 12846at6656          -            584   1.9e-10   37.4   0.9   1   1   5.4e-12   3.3e-10   36.6   0.9   418   516   150   253    98   277 0.82 -
AgamP4_2L:26892120-26892749 -            210 12846at6656          -            584   2.9e-10   36.8   0.1   1   1   5.9e-12   3.6e-10   36.5   0.1   341   481    70   206    40   209 0.84 -
AgamP4_3R:33816599-33817228 -            210 12846at6656          -            584   4.3e-09   32.9   0.0   1   1   9.2e-11   5.6e-09   32.5   0.0    72   150     7    98     2   122 0.79 -
AgamP4_2R:16040651-16045573 -            961 12846at6656          -            584   4.7e-09   32.8   0.1   1   1   1.1e-10   6.8e-09   32.3   0.1   294   488   159   365   143   421 0.75 -
AgamP4_2R:57948536-57949273 -            246 12846at6656          -            584   5.5e-09   32.6   0.0   1   1   1.2e-10   7.2e-09   32.2   0.0    68   167    62   178    14   188 0.76 -
AgamP4_2L:31592309-31592980 -            224 12846at6656          -            584   3.4e-08   29.9   0.0   1   1     1e-09   6.3e-08   29.1   0.0    63   150    67   168    16   222 0.70 -
AgamP4_2R:30567921-30568799 -            293 12846at6656          -            584   4.2e-08   29.7   0.1   1   2   3.3e-06    0.0002   17.5   0.0    61   114    87   144    38   172 0.70 -
AgamP4_2R:30567921-30568799 -            293 12846at6656          -            584   4.2e-08   29.7   0.1   2   2   0.00067     0.041    9.9   0.0   134   199   201   269   192   282 0.71 -
AgamP4_2R:47541653-47542489 -            208 12846at6656          -            584   4.5e-08   29.6   0.0   1   1   8.7e-10   5.3e-08   29.3   0.0    39   149     2   120     1   136 0.77 -
AgamP4_2L:39288007-39288876 -            267 12846at6656          -            584   8.5e-08   28.6   0.0   1   1   1.8e-09   1.1e-07   28.3   0.0    65   163   116   228   106   253 0.77 -
AgamP4_2R:52970646-52971272 -            209 12846at6656          -            584   4.2e-07   26.3   0.0   1   1   8.3e-09   5.1e-07   26.1   0.0    73   209    19   171     3   180 0.71 -
AgamP4_3R:33814883-33815596 -            238 12846at6656          -            584   7.8e-07   25.5   0.0   1   1   1.7e-08     1e-06   25.1   0.0    64   152    49   152     5   176 0.79 -
AgamP4_2L:37143544-37144398 -            285 12846at6656          -            584   8.1e-07   25.4   0.0   1   1   1.9e-08   1.2e-06   24.9   0.0    48   197    95   275    56   281 0.77 -
AgamP4_3R:46652697-46653230 -            178 12846at6656          -            584   1.1e-06   24.9   0.0   1   1   2.1e-08   1.3e-06   24.8   0.0    68   151    23   120    15   170 0.69 -
AgamP4_3R:9420223-9420850   -            187 12846at6656          -            584   1.2e-06   24.9   0.0   1   1   2.3e-08   1.4e-06   24.6   0.0    69   149    24   122    13   142 0.77 -
AgamP4_3L:13192665-13193087 -            141 12846at6656          -            584   1.3e-06   24.8   0.0   1   1   2.3e-08   1.4e-06   24.6   0.0    76   192     2   130     1   139 0.74 -
AgamP4_3L:34643253-34654950 -            391 12846at6656          -            584   1.4e-06   24.7   0.0   1   1   3.2e-08     2e-06   24.1   0.0    63   194   120   275   105   286 0.68 -
AgamP4_2L:33212747-33213520 -            258 12846at6656          -            584   1.5e-06   24.5   0.0   1   1   8.4e-08   5.2e-06   22.7   0.0    71   197   107   253    43   258 0.67 -
AgamP4_3R:43275748-43276991 -            209 12846at6656          -            584   2.4e-06   23.9   0.0   1   1   4.5e-08   2.8e-06   23.6   0.0    67   151    22   125    11   186 0.72 -
AgamP4_X:1100395-1101187    -            137 12846at6656          -            584   3.1e-06   23.5   0.0   1   1     6e-08   3.7e-06   23.2   0.0    76   146     2    88     1    98 0.78 -
AgamP4_2L:29944909-29945720 -            242 12846at6656          -            584     6e-06   22.5   0.0   1   1   1.2e-07   7.1e-06   22.3   0.0    65   152    82   188    32   240 0.77 -
AgamP4_2L:20428147-20428812 -            222 12846at6656          -            584   6.5e-06   22.4   0.0   1   1   2.8e-07   1.7e-05   21.0   0.0    36   149    52   194    45   201 0.66 -
AgamP4_X:362525-363310      -            262 12846at6656          -            584     1e-05   21.8   0.0   1   2       3.8   2.3e+02   -2.5   0.0   528   548    38    58    19    86 0.62 -
AgamP4_X:362525-363310      -            262 12846at6656          -            584     1e-05   21.8   0.0   2   2   3.7e-07   2.3e-05   20.6   0.0    60   150    93   200    79   255 0.77 -
AgamP4_2L:25574944-25575717 -            258 12846at6656          -            584   1.1e-05   21.7   0.0   1   1   3.5e-07   2.1e-05   20.7   0.0    67   149    97   193    86   199 0.79 -
AgamP4_3L:33930526-33931430 -            173 12846at6656          -            584     2e-05   20.8   0.0   1   1     4e-07   2.4e-05   20.5   0.0    74   150    36   123    26   138 0.81 -
AgamP4_X:7444864-7449227    -            353 12846at6656          -            584   2.4e-05   20.6   0.0   1   1   5.7e-07   3.5e-05   20.0   0.0    75   152   150   241   140   250 0.77 -
AgamP4_3L:39278960-39279430 -            122 12846at6656          -            584   4.6e-05   19.6   0.0   1   1   7.6e-07   4.6e-05   19.6   0.0    91   154     1    71     1   120 0.72 -
AgamP4_X:13692826-13693632  -            269 12846at6656          -            584   6.3e-05   19.2   0.0   1   1   1.4e-06   8.4e-05   18.7   0.0    70   152   110   209   105   262 0.70 -
AgamP4_3L:14629625-14630545 -            307 12846at6656          -            584   6.5e-05   19.1   0.0   1   2   0.00044     0.027   10.5   0.0    75   119   107   154    91   167 0.85 -
AgamP4_3L:14629625-14630545 -            307 12846at6656          -            584   6.5e-05   19.1   0.0   2   2    0.0066      0.41    6.6   0.0   123   151   178   212   174   258 0.86 -
AgamP4_2R:31368728-31369475 -            217 12846at6656          -            584   8.6e-05   18.7   0.0   1   1   1.7e-06   0.00011   18.4   0.0    63   196    49   203    20   214 0.73 -
AgamP4_3R:2154154-2154750   -            199 12846at6656          -            584    0.0001   18.5   0.0   1   2      0.54        33    0.3   0.1   261   299    17    55    14    63 0.88 -
AgamP4_3R:2154154-2154750   -            199 12846at6656          -            584    0.0001   18.5   0.0   2   2   1.1e-05   0.00065   15.8   0.0    72   149   104   193    96   197 0.78 -
AgamP4_2L:28506563-28507458 -            263 12846at6656          -            584   0.00011   18.3   0.0   1   1   2.3e-06   0.00014   18.0   0.0    71   149   125   207    83   228 0.79 -
AgamP4_2L:40264971-40267084 -            681 12846at6656          -            584   0.00013   18.1   0.0   1   1     3e-06   0.00019   17.6   0.0    64   150   530   626   505   667 0.84 -
AgamP4_2R:20900213-20904451 -            805 12846at6656          -            584   0.00021   17.5   0.2   1   1   7.9e-06   0.00049   16.2   0.2   426   496   180   250    27   324 0.85 -
AgamP4_3L:41138578-41139324 -            249 12846at6656          -            584   0.00024   17.2   0.0   1   2   0.00014    0.0085   12.1   0.0    69   114    27    75     5    97 0.83 -
AgamP4_3L:41138578-41139324 -            249 12846at6656          -            584   0.00024   17.2   0.0   2   2     0.062       3.8    3.4   0.0   134   170   167   204   146   240 0.73 -
AgamP4_3R:24371551-24372410 -            255 12846at6656          -            584   0.00028   17.0   0.1   1   2   0.00086     0.053    9.5   0.0    67   126    49   110    13   122 0.74 -
AgamP4_3R:24371551-24372410 -            255 12846at6656          -            584   0.00028   17.0   0.1   2   2    0.0074      0.46    6.4   0.0   120   149   136   172   106   220 0.74 -
AgamP4_3R:18395621-18396388 -            256 12846at6656          -            584   0.00054   16.1   0.0   1   1   1.8e-05    0.0011   15.0   0.0    64   149   102   203    53   215 0.71 -
AgamP4_3R:4797858-4798612   -            241 12846at6656          -            584   0.00071   15.7   0.0   1   1   4.3e-05    0.0026   13.8   0.0    75   197    57   205    45   211 0.74 -
AgamP4_X:8635939-8639723    -            246 12846at6656          -            584   0.00086   15.4   0.0   1   1   1.5e-05    0.0009   15.3   0.0    71   149   105   190    55   240 0.81 -
AgamP4_2L:16604655-16605218 -            188 12846at6656          -            584    0.0015   14.6   0.0   1   2     0.069       4.2    3.2   0.0    68   113    30    78    15    82 0.78 -
AgamP4_2L:16604655-16605218 -            188 12846at6656          -            584    0.0015   14.6   0.0   2   2   0.00091     0.056    9.4   0.0   122   150   130   164   123   173 0.83 -
AgamP4_3R:43565214-43565878 -            193 12846at6656          -            584    0.0024   14.0   0.0   1   1   4.4e-05    0.0027   13.8   0.0    69   154    36   133    20   180 0.70 -
AgamP4_X:1579006-1579692    -            229 12846at6656          -            584    0.0026   13.8   0.0   1   1   7.1e-05    0.0044   13.1   0.0    68   172    70   188    16   217 0.72 -
AgamP4_2L:16055283-16055786 -            168 12846at6656          -            584     0.003   13.6   0.0   1   1   6.2e-05    0.0038   13.3   0.0    65   109   115   159    64   167 0.84 -
AgamP4_2R:16543291-16580751 -            238 12846at6656          -            584    0.0072   12.4   0.0   1   2    0.0069      0.43    6.5   0.1    65   104    50    90    17    97 0.79 -
AgamP4_2R:16543291-16580751 -            238 12846at6656          -            584    0.0072   12.4   0.0   2   2     0.038       2.3    4.1   0.0   105   156   120   181   110   232 0.64 -
#
# Program:         hmmsearch
# Version:         3.1b2 (February 2015)
# Pipeline mode:   SEARCH
# Query file:      /hpcdata/bcbb/homc/Barillaslab/Agam_hemo_transcriptomes/scripts/compare_txomes/busco/busco_downloads/lineages/arthropoda_odb10/hmms/12846at6656.hmm
# Target file:     /hpcdata/bcbb/homc/Barillaslab/Agam_hemo_transcriptomes/scripts/compare_txomes/busco/VB59_AgambiaePEST_BUSCO/run_arthropoda_odb10/metaeuk_output/initial_results/VectorBase-59_AgambiaePEST_Genome.fasta.modified.fas
# Option settings: hmmsearch --domtblout /hpcdata/bcbb/homc/Barillaslab/Agam_hemo_transcriptomes/scripts/compare_txomes/busco/VB59_AgambiaePEST_BUSCO/run_arthropoda_odb10/hmmer_output/initial_run_results/12846at6656.out --cpu 1 /hpcdata/bcbb/homc/Barillaslab/Agam_hemo_transcriptomes/scripts/compare_txomes/busco/busco_downloads/lineages/arthropoda_odb10/hmms/12846at6656.hmm /hpcdata/bcbb/homc/Barillaslab/Agam_hemo_transcriptomes/scripts/compare_txomes/busco/VB59_AgambiaePEST_BUSCO/run_arthropoda_odb10/metaeuk_output/initial_results/VectorBase-59_AgambiaePEST_Genome.fasta.modified.fas 
# Current dir:     /hpcdata/bcbb/homc/Barillaslab/Agam_hemo_transcriptomes/scripts/compare_txomes/busco
# Date:            Fri Jan 27 16:39:58 2023
# [ok]
