#                                                                                     --- full sequence --- -------------- this domain -------------   hmm coord   ali coord   env coord
# target name                 accession   tlen query name           accession   qlen   E-value  score  bias   #  of  c-Evalue  i-Evalue  score  bias  from    to  from    to  from    to  acc description of target
#         ------------------- ---------- ----- -------------------- ---------- ----- --------- ------ ----- --- --- --------- --------- ------ ----- ----- ----- ----- ----- ----- ----- ---- ---------------------
AgamP4_2R:51967181-51968344   -            388 135391at6656         -             96   4.5e-46  152.2   4.0   1   9    0.0099      0.35    8.2   0.0    56    87     1    29     1    32 0.71 -
AgamP4_2R:51967181-51968344   -            388 135391at6656         -             96   4.5e-46  152.2   4.0   2   9     1e-11   3.6e-10   37.1   0.2    20    79    30    91    26    94 0.93 -
AgamP4_2R:51967181-51968344   -            388 135391at6656         -             96   4.5e-46  152.2   4.0   3   9   2.7e-07   9.7e-06   22.9   0.0    19    77    95   158    91   162 0.84 -
AgamP4_2R:51967181-51968344   -            388 135391at6656         -             96   4.5e-46  152.2   4.0   4   9     1e-09   3.6e-08   30.7   0.0    20    74   132   188   129   192 0.91 -
AgamP4_2R:51967181-51968344   -            388 135391at6656         -             96   4.5e-46  152.2   4.0   5   9    0.0062      0.22    8.9   0.0    18    48   196   226   193   231 0.90 -
AgamP4_2R:51967181-51968344   -            388 135391at6656         -             96   4.5e-46  152.2   4.0   6   9   6.5e-09   2.3e-07   28.1   0.1    21    75   232   288   225   293 0.91 -
AgamP4_2R:51967181-51968344   -            388 135391at6656         -             96   4.5e-46  152.2   4.0   7   9   8.1e-05    0.0029   14.9   0.1    22    79   266   326   263   332 0.81 -
AgamP4_2R:51967181-51968344   -            388 135391at6656         -             96   4.5e-46  152.2   4.0   8   9   0.00064     0.023   12.1   0.0    21    76   299   356   293   362 0.84 -
AgamP4_2R:51967181-51968344   -            388 135391at6656         -             96   4.5e-46  152.2   4.0   9   9   2.2e-05   0.00078   16.8   0.0    21    74   332   388   329   388 0.88 -
AgamP4_3R:45692473-45693270   -            266 135391at6656         -             96   8.2e-41  135.3   1.5   1   5     2e-14   7.3e-13   45.7   0.0    19    75     7    65     1    72 0.90 -
AgamP4_3R:45692473-45693270   -            266 135391at6656         -             96   8.2e-41  135.3   1.5   2   5   5.1e-10   1.8e-08   31.6   0.0    18    76    72   132    66   137 0.90 -
AgamP4_3R:45692473-45693270   -            266 135391at6656         -             96   8.2e-41  135.3   1.5   3   5   0.00086     0.031   11.6   0.0    19    50   139   170   134   173 0.91 -
AgamP4_3R:45692473-45693270   -            266 135391at6656         -             96   8.2e-41  135.3   1.5   4   5     1e-07   3.6e-06   24.2   0.0    21    76   174   231   170   236 0.88 -
AgamP4_3R:45692473-45693270   -            266 135391at6656         -             96   8.2e-41  135.3   1.5   5   5   3.4e-05    0.0012   16.1   0.0    17    47   236   266   230   266 0.90 -
AgamP4_2R:18065661-18082607   -           2127 135391at6656         -             96     2e-30  102.0   0.9   1  12       1.4        48    1.4   0.0    20    50  1279  1309  1268  1314 0.90 -
AgamP4_2R:18065661-18082607   -           2127 135391at6656         -             96     2e-30  102.0   0.9   2  12      0.35        13    3.3   0.0    42    82  1346  1385  1336  1396 0.75 -
AgamP4_2R:18065661-18082607   -           2127 135391at6656         -             96     2e-30  102.0   0.9   3  12   0.00029     0.011   13.1   0.0    19    72  1466  1523  1459  1535 0.78 -
AgamP4_2R:18065661-18082607   -           2127 135391at6656         -             96     2e-30  102.0   0.9   4  12   0.00097     0.035   11.5   0.0    23    85  1546  1610  1534  1618 0.83 -
AgamP4_2R:18065661-18082607   -           2127 135391at6656         -             96     2e-30  102.0   0.9   5  12       2.2        80    0.7   0.0    25    50  1684  1709  1679  1711 0.92 -
AgamP4_2R:18065661-18082607   -           2127 135391at6656         -             96     2e-30  102.0   0.9   6  12   2.3e-05   0.00081   16.7   0.0    23    74  1727  1780  1723  1784 0.89 -
AgamP4_2R:18065661-18082607   -           2127 135391at6656         -             96     2e-30  102.0   0.9   7  12    0.0029       0.1    9.9   0.0    19    87  1756  1827  1755  1833 0.86 -
AgamP4_2R:18065661-18082607   -           2127 135391at6656         -             96     2e-30  102.0   0.9   8  12       1.7        60    1.1   0.0    14    51  1819  1856  1805  1860 0.84 -
AgamP4_2R:18065661-18082607   -           2127 135391at6656         -             96     2e-30  102.0   0.9   9  12    0.0023      0.08   10.3   0.0    13    52  1853  1892  1842  1897 0.87 -
AgamP4_2R:18065661-18082607   -           2127 135391at6656         -             96     2e-30  102.0   0.9  10  12   1.7e-06     6e-05   20.3   0.0    24    81  1897  1956  1892  1971 0.85 -
AgamP4_2R:18065661-18082607   -           2127 135391at6656         -             96     2e-30  102.0   0.9  11  12       6.9   2.5e+02   -0.9   0.0    16    37  1956  1977  1950  1985 0.84 -
AgamP4_2R:18065661-18082607   -           2127 135391at6656         -             96     2e-30  102.0   0.9  12  12      0.15       5.4    4.5   0.0    21    56  2000  2037  1995  2061 0.80 -
AgamP4_2L:4572424-4573434     -            337 135391at6656         -             96   1.4e-29   99.3   0.0   1   5     4e-06   0.00014   19.1   0.0    13    88    29   107    18   111 0.80 -
AgamP4_2L:4572424-4573434     -            337 135391at6656         -             96   1.4e-29   99.3   0.0   2   5   5.5e-10     2e-08   31.5   0.0    19    75   106   164   102   183 0.87 -
AgamP4_2L:4572424-4573434     -            337 135391at6656         -             96   1.4e-29   99.3   0.0   3   5   3.7e-05    0.0013   16.0   0.0    22    75   216   271   206   274 0.85 -
AgamP4_2L:4572424-4573434     -            337 135391at6656         -             96   1.4e-29   99.3   0.0   4   5   1.4e-07   5.1e-06   23.8   0.0    22    75   249   307   244   310 0.85 -
AgamP4_2L:4572424-4573434     -            337 135391at6656         -             96   1.4e-29   99.3   0.0   5   5   4.8e-07   1.7e-05   22.1   0.0    22    73   285   337   278   337 0.87 -
AgamP4_3R:51890281-51891138   -            286 135391at6656         -             96   9.8e-26   87.0   0.1   1   5    0.0012     0.044   11.2   0.0    18    50     9    41     2    44 0.89 -
AgamP4_3R:51890281-51891138   -            286 135391at6656         -             96   9.8e-26   87.0   0.1   2   5   0.00098     0.035   11.5   0.0    24    75    47   103    42   108 0.80 -
AgamP4_3R:51890281-51891138   -            286 135391at6656         -             96   9.8e-26   87.0   0.1   3   5   3.8e-05    0.0014   16.0   0.0    26    82    85   142    79   153 0.83 -
AgamP4_3R:51890281-51891138   -            286 135391at6656         -             96   9.8e-26   87.0   0.1   4   5   5.7e-08     2e-06   25.0   0.0    24    75   153   206   143   210 0.88 -
AgamP4_3R:51890281-51891138   -            286 135391at6656         -             96   9.8e-26   87.0   0.1   5   5   7.4e-07   2.6e-05   21.5   0.0    19    81   215   281   212   285 0.86 -
AgamP4_2R:39089395-39089877   -            161 135391at6656         -             96   7.3e-24   81.0   0.3   1   3   1.5e-09   5.5e-08   30.1   0.0    16    78     5    66     2    74 0.84 -
AgamP4_2R:39089395-39089877   -            161 135391at6656         -             96   7.3e-24   81.0   0.3   2   3   0.00011    0.0039   14.5   0.1    22    50    74   102    68   107 0.88 -
AgamP4_2R:39089395-39089877   -            161 135391at6656         -             96   7.3e-24   81.0   0.3   3   3   1.6e-10   5.6e-09   33.3   0.0    22    73   107   161   102   161 0.87 -
AgamP4_3R:35211679-35212632   -            318 135391at6656         -             96   6.9e-22   74.6   0.2   1   7      0.34        12    3.3   0.0    27    44     2    19     1    23 0.92 -
AgamP4_3R:35211679-35212632   -            318 135391at6656         -             96   6.9e-22   74.6   0.2   2   7    0.0031      0.11    9.9   0.0    24    76    35    90    20   101 0.85 -
AgamP4_3R:35211679-35212632   -            318 135391at6656         -             96   6.9e-22   74.6   0.2   3   7    0.0024     0.086   10.2   0.0    25    76   103   152    96   162 0.81 -
AgamP4_3R:35211679-35212632   -            318 135391at6656         -             96   6.9e-22   74.6   0.2   4   7      0.02      0.71    7.3   0.0    34    73   141   183   131   184 0.80 -
AgamP4_3R:35211679-35212632   -            318 135391at6656         -             96   6.9e-22   74.6   0.2   5   7   8.1e-06   0.00029   18.1   0.0    24    75   165   218   156   225 0.88 -
AgamP4_3R:35211679-35212632   -            318 135391at6656         -             96   6.9e-22   74.6   0.2   6   7   0.00047     0.017   12.5   0.0    19    76   226   285   221   290 0.85 -
AgamP4_3R:35211679-35212632   -            318 135391at6656         -             96   6.9e-22   74.6   0.2   7   7   5.5e-06    0.0002   18.7   0.2    26    74   266   318   258   318 0.86 -
AgamP4_X:14841699-14871885    -           2866 135391at6656         -             96   2.8e-19   66.3   0.2   1   6    0.0014     0.051   11.0   0.0    18    53    87   122    74   126 0.87 -
AgamP4_X:14841699-14871885    -           2866 135391at6656         -             96   2.8e-19   66.3   0.2   2   6   6.6e-06   0.00023   18.4   0.0    21    78   126   185   120   195 0.89 -
AgamP4_X:14841699-14871885    -           2866 135391at6656         -             96   2.8e-19   66.3   0.2   3   6   1.3e-06   4.8e-05   20.6   0.0    24    80   259   317   245   323 0.84 -
AgamP4_X:14841699-14871885    -           2866 135391at6656         -             96   2.8e-19   66.3   0.2   4   6      0.22       7.9    3.9   0.0    17    44   319   346   315   349 0.90 -
AgamP4_X:14841699-14871885    -           2866 135391at6656         -             96   2.8e-19   66.3   0.2   5   6      0.64        23    2.4   0.0    26    50   499   523   492   534 0.68 -
AgamP4_X:14841699-14871885    -           2866 135391at6656         -             96   2.8e-19   66.3   0.2   6   6       1.5        53    1.3   0.0    25    74   547   593   525   608 0.78 -
AgamP4_2R:12729755-12730120   -            122 135391at6656         -             96   6.4e-19   65.1   0.1   1   2   4.9e-08   1.8e-06   25.3   0.0     3    50     4    63     2    70 0.76 -
AgamP4_2R:12729755-12730120   -            122 135391at6656         -             96   6.4e-19   65.1   0.1   2   2   1.1e-11   3.9e-10   36.9   0.1    22    74    68   122    63   122 0.94 -
AgamP4_3R:21100203-21100619   -            139 135391at6656         -             96   4.2e-18   62.5   0.4   1   4       1.7        60    1.1   0.0    30    50     1    21     1    22 0.82 -
AgamP4_3R:21100203-21100619   -            139 135391at6656         -             96   4.2e-18   62.5   0.4   2   4   2.7e-05   0.00096   16.5   0.0    21    50    27    56    23    59 0.91 -
AgamP4_3R:21100203-21100619   -            139 135391at6656         -             96   4.2e-18   62.5   0.4   3   4   2.8e-05   0.00099   16.4   0.0    20    48    59    87    55    90 0.91 -
AgamP4_3R:21100203-21100619   -            139 135391at6656         -             96   4.2e-18   62.5   0.4   4   4   6.2e-08   2.2e-06   24.9   0.0    18    63    90   137    87   139 0.88 -
AgamP4_2L:46207276-46207626   -            117 135391at6656         -             96   1.1e-17   61.2   0.8   1   3    0.0021     0.073   10.4   0.0    27    50     2    25     1    28 0.90 -
AgamP4_2L:46207276-46207626   -            117 135391at6656         -             96   1.1e-17   61.2   0.8   2   3   8.3e-07     3e-05   21.3   0.0    19    49    27    57    24    61 0.91 -
AgamP4_2L:46207276-46207626   -            117 135391at6656         -             96   1.1e-17   61.2   0.8   3   3   1.1e-08     4e-07   27.3   0.3    24    74    65   117    59   117 0.88 -
AgamP4_2R:39095609-39096085   -            159 135391at6656         -             96   2.1e-17   60.3   0.0   1   3    0.0031      0.11    9.9   0.0    38    78     2    45     1    49 0.50 -
AgamP4_2R:39095609-39096085   -            159 135391at6656         -             96   2.1e-17   60.3   0.0   2   3   1.5e-11   5.4e-10   36.5   0.0    17    86    48   121    43   125 0.86 -
AgamP4_2R:39095609-39096085   -            159 135391at6656         -             96   2.1e-17   60.3   0.0   3   3   0.00031     0.011   13.1   0.0    15    51   115   151   112   159 0.87 -
AgamP4_2R:18437149-18437700   -            184 135391at6656         -             96   3.6e-17   59.5   0.2   1   4   0.00047     0.017   12.5   0.0    34    76     2    46     1    52 0.87 -
AgamP4_2R:18437149-18437700   -            184 135391at6656         -             96   3.6e-17   59.5   0.2   2   4   0.00047     0.017   12.5   0.1    18    50    52    84    49    87 0.92 -
AgamP4_2R:18437149-18437700   -            184 135391at6656         -             96   3.6e-17   59.5   0.2   3   4     4e-08   1.4e-06   25.6   0.0    21    76    88   145    84   151 0.88 -
AgamP4_2R:18437149-18437700   -            184 135391at6656         -             96   3.6e-17   59.5   0.2   4   4   0.00065     0.023   12.0   0.0    21    61   121   163   115   176 0.74 -
AgamP4_2L:25669798-25670124   -            109 135391at6656         -             96   7.5e-17   58.5   0.1   1   3     0.019      0.69    7.3   0.0    22    51     3    32     1    35 0.91 -
AgamP4_2L:25669798-25670124   -            109 135391at6656         -             96   7.5e-17   58.5   0.1   2   3   1.5e-09   5.3e-08   30.1   0.0    21    56    35    70    33    71 0.93 -
AgamP4_2L:25669798-25670124   -            109 135391at6656         -             96   7.5e-17   58.5   0.1   3   3   4.7e-06   0.00017   18.9   0.0    21    49    71    99    68   109 0.85 -
AgamP4_3R:12757330-12757863   -            178 135391at6656         -             96   1.2e-16   57.8   0.1   1   2     7e-06   0.00025   18.4   0.1    18    50    19    51     5    57 0.86 -
AgamP4_3R:12757330-12757863   -            178 135391at6656         -             96   1.2e-16   57.8   0.1   2   2   3.7e-12   1.3e-10   38.5   0.0    20    87    54   121    51   130 0.83 -
AgamP4_2R:33382481-33382915   -            145 135391at6656         -             96     2e-16   57.1   1.5   1   3      0.26       9.2    3.7   0.0    22    50     3    31     1    35 0.85 -
AgamP4_2R:33382481-33382915   -            145 135391at6656         -             96     2e-16   57.1   1.5   2   3   2.8e-11     1e-09   35.6   0.2    19    91    33   107    27   110 0.84 -
AgamP4_2R:33382481-33382915   -            145 135391at6656         -             96     2e-16   57.1   1.5   3   3   1.4e-05   0.00049   17.4   0.0    23    50   109   136   102   145 0.81 -
AgamP4_X:19498124-19498690    -            189 135391at6656         -             96   2.1e-15   53.8   1.5   1   4       2.6        93    0.5   0.0    35    51    23    39    18    45 0.79 -
AgamP4_X:19498124-19498690    -            189 135391at6656         -             96   2.1e-15   53.8   1.5   2   4   2.5e-09     9e-08   29.4   0.0    17    76    39   100    35   110 0.88 -
AgamP4_X:19498124-19498690    -            189 135391at6656         -             96   2.1e-15   53.8   1.5   3   4      0.02      0.72    7.3   0.0    21    50   110   139   105   143 0.92 -
AgamP4_X:19498124-19498690    -            189 135391at6656         -             96   2.1e-15   53.8   1.5   4   4   0.00012    0.0043   14.4   0.1    21    65   143   189   139   189 0.83 -
AgamP4_2R:12731219-12731524   -            102 135391at6656         -             96     3e-15   53.4   0.1   1   2   4.3e-05    0.0015   15.8   0.0    29    50     2    23     1    27 0.91 -
AgamP4_2R:12731219-12731524   -            102 135391at6656         -             96     3e-15   53.4   0.1   2   2   3.7e-11   1.3e-09   35.3   0.0    22    77    28    85    23    95 0.86 -
AgamP4_2R:18439177-18439533   -            119 135391at6656         -             96   4.4e-15   52.8   0.1   1   3     0.068       2.4    5.6   0.0    31    50     1    20     1    23 0.91 -
AgamP4_2R:18439177-18439533   -            119 135391at6656         -             96   4.4e-15   52.8   0.1   2   3   7.4e-06   0.00027   18.3   0.0    22    48    25    51    19    55 0.91 -
AgamP4_2R:18439177-18439533   -            119 135391at6656         -             96   4.4e-15   52.8   0.1   3   3   2.1e-08   7.4e-07   26.5   0.0    20    76    56   114    52   119 0.85 -
AgamP4_X:6546159-6546581      -            141 135391at6656         -             96   7.5e-15   52.1   0.0   1   2   2.3e-07   8.1e-06   23.1   0.0    25    75     5    57     2    68 0.87 -
AgamP4_X:6546159-6546581      -            141 135391at6656         -             96   7.5e-15   52.1   0.0   2   2   1.7e-08     6e-07   26.7   0.0    21    82    68   133    61   139 0.85 -
AgamP4_3R:19424763-19425137   -            125 135391at6656         -             96   2.2e-14   50.6   0.6   1   3   0.00044     0.016   12.6   0.0    30    50     1    21     1    27 0.89 -
AgamP4_3R:19424763-19425137   -            125 135391at6656         -             96   2.2e-14   50.6   0.6   2   3   1.3e-06   4.6e-05   20.7   0.0    18    74    22    80    20    81 0.84 -
AgamP4_3R:19424763-19425137   -            125 135391at6656         -             96   2.2e-14   50.6   0.6   3   3   8.1e-07   2.9e-05   21.3   0.0    26    75    63   114    56   121 0.88 -
AgamP4_2R:18436346-18436654   -            103 135391at6656         -             96   2.3e-14   50.5   0.1   1   3      0.31        11    3.5   0.0    30    50     1    21     1    25 0.88 -
AgamP4_2R:18436346-18436654   -            103 135391at6656         -             96   2.3e-14   50.5   0.1   2   3   2.9e-11     1e-09   35.6   0.1    20    78    24    84    21    92 0.86 -
AgamP4_2R:18436346-18436654   -            103 135391at6656         -             96   2.3e-14   50.5   0.1   3   3   5.1e-06   0.00018   18.8   0.0    21    62    58   101    55   103 0.79 -
AgamP4_3L:32625516-32625914   -            133 135391at6656         -             96   2.8e-14   50.3   0.7   1   3      0.33        12    3.4   0.0    27    50     1    24     1    28 0.90 -
AgamP4_3L:32625516-32625914   -            133 135391at6656         -             96   2.8e-14   50.3   0.7   2   3   9.2e-08   3.3e-06   24.4   0.1    22    76    29    86    25    89 0.85 -
AgamP4_3L:32625516-32625914   -            133 135391at6656         -             96   2.8e-14   50.3   0.7   3   3   1.6e-05   0.00058   17.2   0.0    21    56    95   132    90   133 0.80 -
AgamP4_2R:51967481-51967840   -            120 135391at6656         -             96   4.6e-14   49.5   0.0   1   3   2.4e-06   8.5e-05   19.9   0.0    34    77    13    58     2    62 0.85 -
AgamP4_2R:51967481-51967840   -            120 135391at6656         -             96   4.6e-14   49.5   0.0   2   3   1.1e-10   3.9e-09   33.8   0.0    20    74    32    88    29    91 0.91 -
AgamP4_2R:51967481-51967840   -            120 135391at6656         -             96   4.6e-14   49.5   0.0   3   3      0.13       4.7    4.7   0.0    18    40    96   118    91   120 0.79 -
AgamP4_3R:10980456-10980779   -            108 135391at6656         -             96   3.7e-13   46.6   0.1   1   2   2.1e-09   7.7e-08   29.6   0.0    21    74    24    79    11    79 0.89 -
AgamP4_3R:10980456-10980779   -            108 135391at6656         -             96   3.7e-13   46.6   0.1   2   2   1.1e-06   3.8e-05   21.0   0.0    21    70    57   108    53   108 0.89 -
AgamP4_2R:39088136-39088351   -             72 135391at6656         -             96   7.2e-13   45.7   0.2   1   2   1.7e-05   0.00059   17.1   0.0    26    51     1    26     1    30 0.93 -
AgamP4_2R:39088136-39088351   -             72 135391at6656         -             96   7.2e-13   45.7   0.2   2   2     9e-09   3.2e-07   27.6   0.0    22    61    30    71    26    72 0.85 -
AgamP4_3R:45693487-45693768   -             94 135391at6656         -             96   8.6e-13   45.5   0.1   1   2   5.6e-08     2e-06   25.1   0.0    15    50    17    52     5    56 0.89 -
AgamP4_3R:45693487-45693768   -             94 135391at6656         -             96   8.6e-13   45.5   0.1   2   2     7e-06   0.00025   18.3   0.0    22    48    57    83    52    89 0.92 -
AgamP4_X:1758008-1758301      -             98 135391at6656         -             96   1.1e-12   45.1   0.5   1   2   0.00044     0.016   12.6   0.0    26    50     2    26     1    32 0.93 -
AgamP4_X:1758008-1758301      -             98 135391at6656         -             96   1.1e-12   45.1   0.5   2   2   7.2e-10   2.6e-08   31.1   0.2    22    76    31    88    26    97 0.90 -
AgamP4_2R:44246943-44247248   -            102 135391at6656         -             96   1.6e-12   44.6   0.0   1   2      0.24       8.6    3.8   0.0    34    46     3    15     1    26 0.73 -
AgamP4_2R:44246943-44247248   -            102 135391at6656         -             96   1.6e-12   44.6   0.0   2   2   2.3e-12   8.2e-11   39.1   0.0    20    76    31    89    16    97 0.88 -
AgamP4_2R:7825248-7825640     -            131 135391at6656         -             96   6.1e-12   42.8   0.1   1   3    0.0025     0.088   10.2   0.1    54    77     3    26     1    34 0.62 -
AgamP4_2R:7825248-7825640     -            131 135391at6656         -             96   6.1e-12   42.8   0.1   2   3   1.2e-07   4.2e-06   24.0   0.0    17    77    31    93    26   104 0.88 -
AgamP4_2R:7825248-7825640     -            131 135391at6656         -             96   6.1e-12   42.8   0.1   3   3      0.03       1.1    6.7   0.0    21    45   101   125    97   129 0.90 -
AgamP4_3L:35239836-35240300   -            155 135391at6656         -             96   1.1e-11   41.9   0.3   1   3       2.8     1e+02    0.4   0.0     3    43    10    27     4    43 0.63 -
AgamP4_3L:35239836-35240300   -            155 135391at6656         -             96   1.1e-11   41.9   0.3   2   3    0.0007     0.025   11.9   0.1    22    50    65    93    47    99 0.79 -
AgamP4_3L:35239836-35240300   -            155 135391at6656         -             96   1.1e-11   41.9   0.3   3   3   9.5e-09   3.4e-07   27.5   0.1    20    75    96   153    92   155 0.89 -
AgamP4_UNKN:30915257-30915604 -            116 135391at6656         -             96   1.2e-11   41.8   0.0   1   2   1.7e-11   5.9e-10   36.4   0.0    17    59    31    75    16    77 0.86 -
AgamP4_UNKN:30915257-30915604 -            116 135391at6656         -             96   1.2e-11   41.8   0.0   2   2     0.018      0.65    7.4   0.0    20    62    67   113    64   116 0.80 -
AgamP4_3L:38034355-38034600   -             82 135391at6656         -             96   1.3e-11   41.7   0.0   1   2   1.5e-12   5.3e-11   39.7   0.0    23    94     1    70     1    71 0.87 -
AgamP4_3L:38034355-38034600   -             82 135391at6656         -             96   1.3e-11   41.7   0.0   2   2      0.51        18    2.8   0.0    50    68    63    81    60    82 0.80 -
AgamP4_2R:20915062-20915289   -             76 135391at6656         -             96   1.8e-11   41.3   0.2   1   1   5.4e-13   1.9e-11   41.2   0.2    20    75    16    73     4    76 0.89 -
AgamP4_X:22184010-22184234    -             75 135391at6656         -             96   1.9e-11   41.1   0.0   1   1   6.3e-13   2.2e-11   40.9   0.0    21    75    13    68     3    74 0.90 -
AgamP4_UNKN:38506467-38506697 -             77 135391at6656         -             96   2.9e-11   40.6   0.0   1   1     1e-12   3.6e-11   40.3   0.0    23    95     1    71     1    74 0.88 -
AgamP4_2R:12729128-12729355   -             76 135391at6656         -             96     3e-11   40.5   0.3   1   2    0.0023     0.082   10.3   0.0    36    51     2    17     1    23 0.83 -
AgamP4_2R:12729128-12729355   -             76 135391at6656         -             96     3e-11   40.5   0.3   2   2   2.2e-09   7.7e-08   29.6   0.1    22    74    21    75    17    76 0.90 -
AgamP4_3R:45691434-45691697   -             88 135391at6656         -             96   3.5e-11   40.3   0.4   1   1   1.5e-11   5.5e-10   36.5   0.4    19    76    21    80     1    85 0.86 -
AgamP4_3R:12756401-12756739   -            113 135391at6656         -             96   3.6e-11   40.3   0.1   1   2   6.1e-11   2.2e-09   34.6   0.1    11    79    13    83     4    90 0.90 -
AgamP4_3R:12756401-12756739   -            113 135391at6656         -             96   3.6e-11   40.3   0.1   2   2      0.17       5.9    4.3   0.0    20    43    89   112    83   113 0.86 -
AgamP4_2R:18439648-18439839   -             64 135391at6656         -             96   4.2e-11   40.1   0.0   1   1   2.5e-12     9e-11   39.0   0.0    23    79     1    59     1    63 0.93 -
AgamP4_2R:51968423-51968725   -            101 135391at6656         -             96   5.3e-11   39.7   0.0   1   2   2.3e-10   8.3e-09   32.7   0.0    18    75    10    69     3    77 0.88 -
AgamP4_2R:51968423-51968725   -            101 135391at6656         -             96   5.3e-11   39.7   0.0   2   2       0.1       3.6    5.0   0.0    23    42    81   100    75   101 0.85 -
AgamP4_3L:38033896-38034138   -             81 135391at6656         -             96   7.4e-11   39.3   0.1   1   2       1.9        68    0.9   0.0    36    50     3    17     1    20 0.78 -
AgamP4_3L:38033896-38034138   -             81 135391at6656         -             96   7.4e-11   39.3   0.1   2   2   1.6e-11   5.8e-10   36.4   0.1    20    76    20    78    14    81 0.90 -
AgamP4_UNKN:38506913-38507155 -             81 135391at6656         -             96   7.4e-11   39.3   0.1   1   2       1.9        68    0.9   0.0    36    50     3    17     1    20 0.78 -
AgamP4_UNKN:38506913-38507155 -             81 135391at6656         -             96   7.4e-11   39.3   0.1   2   2   1.6e-11   5.8e-10   36.4   0.1    20    76    20    78    14    81 0.90 -
AgamP4_3R:35002490-35002795   -            102 135391at6656         -             96   7.5e-11   39.3   0.0   1   2   2.4e-07   8.7e-06   23.0   0.0     6    51    16    59    11    66 0.80 -
AgamP4_3R:35002490-35002795   -            102 135391at6656         -             96   7.5e-11   39.3   0.0   2   2   7.9e-05    0.0028   15.0   0.0    26    58    65    99    61   102 0.84 -
AgamP4_3R:45694054-45694281   -             76 135391at6656         -             96   9.5e-11   38.9   0.1   1   1   4.7e-12   1.7e-10   38.1   0.1    23    78     1    58     1    70 0.88 -
AgamP4_3L:4265049-4265414     -            122 135391at6656         -             96     2e-10   37.9   0.0   1   2   6.4e-05    0.0023   15.3   0.0    21    62    30    73     1    82 0.69 -
AgamP4_3L:4265049-4265414     -            122 135391at6656         -             96     2e-10   37.9   0.0   2   2   1.7e-06   6.1e-05   20.3   0.0    26    72    68   121    62   122 0.77 -
AgamP4_X:14838755-14839105    -            117 135391at6656         -             96   2.6e-10   37.5   0.0   1   3   0.00044     0.016   12.6   0.0    22    50     7    35     2    38 0.92 -
AgamP4_X:14838755-14839105    -            117 135391at6656         -             96   2.6e-10   37.5   0.0   2   3   1.2e-06   4.2e-05   20.8   0.0    19    71    37    91    35    95 0.86 -
AgamP4_X:14838755-14839105    -            117 135391at6656         -             96   2.6e-10   37.5   0.0   3   3    0.0022     0.079   10.3   0.0    20    58    71   111    67   115 0.82 -
AgamP4_3L:6442382-6443386     -            335 135391at6656         -             96     7e-10   36.2   1.8   1   6       1.3        46    1.5   0.0    49    75    10    36     8    47 0.71 -
AgamP4_3L:6442382-6443386     -            335 135391at6656         -             96     7e-10   36.2   1.8   2   6     0.082       2.9    5.3   0.0    23    48    49    74    19    78 0.85 -
AgamP4_3L:6442382-6443386     -            335 135391at6656         -             96     7e-10   36.2   1.8   3   6      0.85        30    2.1   0.0    25    45   144   164   137   176 0.85 -
AgamP4_3L:6442382-6443386     -            335 135391at6656         -             96     7e-10   36.2   1.8   4   6    0.0038      0.14    9.6   0.0    18    74   176   234   163   248 0.79 -
AgamP4_3L:6442382-6443386     -            335 135391at6656         -             96     7e-10   36.2   1.8   5   6     0.004      0.14    9.5   0.0    18    85   243   308   231   313 0.82 -
AgamP4_3L:6442382-6443386     -            335 135391at6656         -             96     7e-10   36.2   1.8   6   6    0.0045      0.16    9.3   0.0    26    75   280   332   270   335 0.87 -
AgamP4_2R:12730688-12730942   -             85 135391at6656         -             96   8.8e-10   35.8   0.0   1   1   6.8e-11   2.4e-09   34.4   0.0    23    92     2    72     1    74 0.86 -
AgamP4_2L:18232765-18232968   -             68 135391at6656         -             96   1.3e-09   35.3   0.1   1   2   6.8e-05    0.0024   15.2   0.1    25    50     1    26     1    31 0.94 -
AgamP4_2L:18232765-18232968   -             68 135391at6656         -             96   1.3e-09   35.3   0.1   2   2   4.7e-06   0.00017   18.9   0.0    22    49    31    58    27    67 0.89 -
AgamP4_3R:45692935-45693219   -             95 135391at6656         -             96   1.7e-09   34.9   0.0   1   3       9.3   3.3e+02   -1.3   0.0    37    50     3    16     1    20 0.66 -
AgamP4_3R:45692935-45693219   -             95 135391at6656         -             96   1.7e-09   34.9   0.0   2   3   2.3e-08   8.1e-07   26.3   0.0    20    74    19    75     9    76 0.89 -
AgamP4_3R:45692935-45693219   -             95 135391at6656         -             96   1.7e-09   34.9   0.0   3   3   0.00052     0.019   12.3   0.0    21    49    53    81    49    95 0.86 -
AgamP4_X:13735947-13736300    -            118 135391at6656         -             96   2.5e-09   34.4   0.1   1   2    0.0013     0.045   11.1   0.0    19    50    30    62     1    65 0.84 -
AgamP4_X:13735947-13736300    -            118 135391at6656         -             96   2.5e-09   34.4   0.1   2   2     2e-06   7.2e-05   20.1   0.0    21    53    66   100    61   117 0.80 -
AgamP4_3L:36158697-36158945   -             83 135391at6656         -             96   3.7e-09   33.8   0.1   1   1     1e-09   3.7e-08   30.6   0.1    17    75    10    70     4    74 0.91 -
AgamP4_2R:53125523-53125771   -             83 135391at6656         -             96   5.1e-09   33.4   0.0   1   1     2e-10   7.1e-09   32.9   0.0    14    76    16    80     3    83 0.85 -
AgamP4_3R:9571562-9571867     -            102 135391at6656         -             96   6.5e-09   33.1   0.0   1   1   2.2e-10     8e-09   32.8   0.0    24    76    29    83    20    98 0.89 -
AgamP4_3L:32422216-32422593   -            126 135391at6656         -             96   1.9e-08   31.6   0.1   1   2     0.052       1.8    6.0   0.0    37    84     8    53     1    58 0.83 -
AgamP4_3L:32422216-32422593   -            126 135391at6656         -             96   1.9e-08   31.6   0.1   2   2   1.3e-07   4.8e-06   23.9   0.1    25    76    59   112    56   122 0.89 -
AgamP4_3L:35239341-35239688   -            116 135391at6656         -             96   1.9e-08   31.6   0.2   1   2    0.0016     0.058   10.8   0.1    20    49    27    56    14    64 0.84 -
AgamP4_3L:35239341-35239688   -            116 135391at6656         -             96   1.9e-08   31.6   0.2   2   2   2.6e-06   9.2e-05   19.7   0.0    19    66    60   109    54   116 0.85 -
AgamP4_2L:47341811-47342125   -            105 135391at6656         -             96   2.3e-08   31.3   0.0   1   1   1.5e-09   5.3e-08   30.1   0.0    17    79    15    79     3   103 0.76 -
AgamP4_3R:43775049-43775459   -            137 135391at6656         -             96   2.4e-08   31.2   1.0   1   3      0.21       7.6    4.0   0.1    51    75    25    49    21    58 0.85 -
AgamP4_3R:43775049-43775459   -            137 135391at6656         -             96   2.4e-08   31.2   1.0   2   3      0.24       8.4    3.8   0.0    21    44    60    84    50    90 0.81 -
AgamP4_3R:43775049-43775459   -            137 135391at6656         -             96   2.4e-08   31.2   1.0   3   3   8.2e-07   2.9e-05   21.3   0.0    17    50    91   124    84   137 0.82 -
AgamP4_3L:32422933-32423343   -            137 135391at6656         -             96   3.2e-08   30.8   0.5   1   2   0.00023    0.0083   13.5   0.1    22    76     6    62     1    72 0.77 -
AgamP4_3L:32422933-32423343   -            137 135391at6656         -             96   3.2e-08   30.8   0.5   2   2   6.7e-05    0.0024   15.2   0.0    23    86    73   135    66   137 0.86 -
AgamP4_2R:18081081-18081494   -            138 135391at6656         -             96   3.5e-08   30.7   0.0   1   2     0.072       2.6    5.5   0.0    25    50    36    61    31    63 0.92 -
AgamP4_2R:18081081-18081494   -            138 135391at6656         -             96   3.5e-08   30.7   0.0   2   2   3.9e-07   1.4e-05   22.4   0.0    23    74    79   132    74   136 0.89 -
AgamP4_3R:12756908-12757210   -            101 135391at6656         -             96   4.6e-08   30.3   0.0   1   2   0.00011     0.004   14.5   0.0    21    49    23    52     7    63 0.79 -
AgamP4_3R:12756908-12757210   -            101 135391at6656         -             96   4.6e-08   30.3   0.0   2   2   0.00013    0.0047   14.3   0.0    18    48    66    97    59   100 0.80 -
AgamP4_2L:49139375-49139644   -             90 135391at6656         -             96   5.2e-08   30.2   0.0   1   1   5.3e-09   1.9e-07   28.3   0.0    23    74    34    87     2    90 0.81 -
AgamP4_2L:6194337-6195584     -            416 135391at6656         -             96   6.3e-08   29.9   0.0   1   1   5.1e-09   1.8e-07   28.4   0.0    16    77    57   122    44   136 0.79 -
AgamP4_X:6546285-6546560      -             92 135391at6656         -             96   9.3e-08   29.3   0.0   1   2       4.6   1.6e+02   -0.3   0.0    31    47     2    18     1    26 0.65 -
AgamP4_X:6546285-6546560      -             92 135391at6656         -             96   9.3e-08   29.3   0.0   2   2   7.3e-09   2.6e-07   27.9   0.0    21    80    26    89    14    92 0.85 -
AgamP4_3R:51890680-51891000   -            107 135391at6656         -             96   9.8e-08   29.3   0.0   1   2   0.00018    0.0065   13.8   0.0    25    75     2    57     1    62 0.80 -
AgamP4_3R:51890680-51891000   -            107 135391at6656         -             96   9.8e-08   29.3   0.0   2   2   4.9e-06   0.00017   18.9   0.0    26    81    39    95    32   105 0.84 -
AgamP4_2L:36484998-36485321   -            108 135391at6656         -             96   1.3e-07   28.9   0.1   1   2     0.023      0.82    7.1   0.1    22    50    40    68    28    71 0.80 -
AgamP4_2L:36484998-36485321   -            108 135391at6656         -             96   1.3e-07   28.9   0.1   2   2   1.7e-06   6.2e-05   20.3   0.0    20    50    71   101    66   105 0.92 -
AgamP4_2L:37734163-37734537   -            125 135391at6656         -             96   1.6e-07   28.5   0.1   1   2   5.6e-06    0.0002   18.7   0.0    24    91    13    79     2    83 0.83 -
AgamP4_2L:37734163-37734537   -            125 135391at6656         -             96   1.6e-07   28.5   0.1   2   2    0.0041      0.15    9.5   0.1    19    62    75   121    72   124 0.74 -
AgamP4_2L:18283128-18283577   -            150 135391at6656         -             96   2.4e-07   28.0   0.0   1   2   5.7e-05     0.002   15.4   0.0    20    64    15    62     4    97 0.80 -
AgamP4_2L:18283128-18283577   -            150 135391at6656         -             96   2.4e-07   28.0   0.0   2   2    0.0013     0.048   11.0   0.0    20    50    94   125    77   130 0.81 -
AgamP4_3R:19424454-19424726   -             91 135391at6656         -             96   3.5e-07   27.5   0.0   1   1   1.3e-08   4.5e-07   27.1   0.0    17    79    18    83     9    89 0.84 -
AgamP4_2R:49535804-49536121   -            106 135391at6656         -             96   6.4e-07   26.7   0.0   1   1   2.1e-08   7.4e-07   26.5   0.0    18    77    20    84     5   106 0.80 -
AgamP4_2L:14112326-14112481   -             52 135391at6656         -             96   7.6e-07   26.4   0.0   1   1   2.3e-08   8.2e-07   26.3   0.0    21    50    16    45     4    50 0.87 -
AgamP4_2L:14111351-14111704   -            118 135391at6656         -             96   5.1e-06   23.8   0.0   1   2   3.2e-05    0.0012   16.2   0.0    13    49     8    44     3    58 0.85 -
AgamP4_2L:14111351-14111704   -            118 135391at6656         -             96   5.1e-06   23.8   0.0   2   2     0.059       2.1    5.8   0.0    19    50    80   112    68   115 0.87 -
AgamP4_3R:1323719-1327672     -            853 135391at6656         -             96   5.1e-06   23.8   0.0   1   2     0.014      0.51    7.7   0.0    15    51   712   748   699   752 0.89 -
AgamP4_3R:1323719-1327672     -            853 135391at6656         -             96   5.1e-06   23.8   0.0   2   2   0.00023    0.0083   13.5   0.0    22    79   752   813   747   828 0.67 -
AgamP4_3L:8896107-8896415     -            103 135391at6656         -             96   6.2e-06   23.5   0.1   1   2      0.39        14    3.1   0.0    24    46    28    50    20    58 0.53 -
AgamP4_3L:8896107-8896415     -            103 135391at6656         -             96   6.2e-06   23.5   0.1   2   2     5e-06   0.00018   18.8   0.0    20    58    58    98    52   102 0.86 -
AgamP4_3R:10254376-10254642   -             89 135391at6656         -             96   8.6e-06   23.0   0.0   1   2      0.18       6.6    4.2   0.0    37    53     1    17     1    27 0.86 -
AgamP4_3R:10254376-10254642   -             89 135391at6656         -             96   8.6e-06   23.0   0.0   2   2   1.7e-05    0.0006   17.1   0.0    38    88    31    84    23    87 0.83 -
AgamP4_3L:13357994-13358377   -            128 135391at6656         -             96   2.7e-05   21.5   0.2   1   2   5.8e-05    0.0021   15.4   0.0    24    61    23    62     2    83 0.75 -
AgamP4_3L:13357994-13358377   -            128 135391at6656         -             96   2.7e-05   21.5   0.2   2   2      0.27       9.5    3.7   0.0    17    43    86   112    79   124 0.81 -
AgamP4_UNKN:37862898-37863224 -            109 135391at6656         -             96   2.7e-05   21.5   0.0   1   2   0.00022     0.008   13.5   0.0    52    75     4    27     3    35 0.88 -
AgamP4_UNKN:37862898-37863224 -            109 135391at6656         -             96   2.7e-05   21.5   0.0   2   2     0.043       1.5    6.2   0.0    22    50    76   104    50   109 0.88 -
AgamP4_3L:23366808-23367368   -            187 135391at6656         -             96   0.00013   19.3   0.0   1   2   5.3e-05    0.0019   15.5   0.0    23    96     3    83     1    83 0.82 -
AgamP4_3L:23366808-23367368   -            187 135391at6656         -             96   0.00013   19.3   0.0   2   2    0.0094      0.34    8.3   0.0    20    89    36    98    25   103 0.79 -
AgamP4_X:1757572-1757928      -            119 135391at6656         -             96    0.0002   18.6   0.1   1   2    0.0014     0.049   11.0   0.0    23    49    43    69     2    75 0.65 -
AgamP4_X:1757572-1757928      -            119 135391at6656         -             96    0.0002   18.6   0.1   2   2   0.00081     0.029   11.7   0.0    23    51    43    71    20    93 0.74 -
AgamP4_X:6545646-6545939      -             98 135391at6656         -             96    0.0007   16.9   0.1   1   2   0.00071     0.025   11.9   0.0    28    79     8    61     2    68 0.83 -
AgamP4_X:6545646-6545939      -             98 135391at6656         -             96    0.0007   16.9   0.1   2   2      0.36        13    3.3   0.0    22    50    67    95    62    96 0.86 -
AgamP4_3L:23368974-23369252   -             93 135391at6656         -             96    0.0014   16.0   0.0   1   1   7.3e-05    0.0026   15.1   0.0    20    47    29    56     1    93 0.75 -
AgamP4_3L:32421793-32422032   -             80 135391at6656         -             96    0.0025   15.2   0.0   1   1   0.00046     0.016   12.5   0.0    24    77    11    67     3    72 0.80 -
AgamP4_3R:18687477-18687743   -             89 135391at6656         -             96    0.0026   15.1   0.1   1   1   0.00016    0.0058   14.0   0.1    22    76    27    86     1    89 0.80 -
AgamP4_X:7554573-7560860      -            487 135391at6656         -             96      0.01   13.2   0.1   1   2      0.13       4.5    4.7   0.0    24    45   118   139   107   146 0.84 -
AgamP4_X:7554573-7560860      -            487 135391at6656         -             96      0.01   13.2   0.1   2   2     0.061       2.2    5.7   0.0    22    43   178   199   161   202 0.80 -
AgamP4_UNKN:14209011-14209367 -            119 135391at6656         -             96     0.012   13.0   0.0   1   2       6.1   2.2e+02   -0.7   0.0     9    20     5    16     1    46 0.53 -
AgamP4_UNKN:14209011-14209367 -            119 135391at6656         -             96     0.012   13.0   0.0   2   2    0.0011     0.039   11.3   0.0    21    67    56   107    26   118 0.74 -
#
# Program:         hmmsearch
# Version:         3.1b2 (February 2015)
# Pipeline mode:   SEARCH
# Query file:      /hpcdata/bcbb/homc/Barillaslab/Agam_hemo_transcriptomes/scripts/compare_txomes/busco/busco_downloads/lineages/arthropoda_odb10/hmms/135391at6656.hmm
# Target file:     /hpcdata/bcbb/homc/Barillaslab/Agam_hemo_transcriptomes/scripts/compare_txomes/busco/VB59_AgambiaePEST_BUSCO/run_arthropoda_odb10/metaeuk_output/initial_results/VectorBase-59_AgambiaePEST_Genome.fasta.modified.fas
# Option settings: hmmsearch --domtblout /hpcdata/bcbb/homc/Barillaslab/Agam_hemo_transcriptomes/scripts/compare_txomes/busco/VB59_AgambiaePEST_BUSCO/run_arthropoda_odb10/hmmer_output/initial_run_results/135391at6656.out --cpu 1 /hpcdata/bcbb/homc/Barillaslab/Agam_hemo_transcriptomes/scripts/compare_txomes/busco/busco_downloads/lineages/arthropoda_odb10/hmms/135391at6656.hmm /hpcdata/bcbb/homc/Barillaslab/Agam_hemo_transcriptomes/scripts/compare_txomes/busco/VB59_AgambiaePEST_BUSCO/run_arthropoda_odb10/metaeuk_output/initial_results/VectorBase-59_AgambiaePEST_Genome.fasta.modified.fas 
# Current dir:     /hpcdata/bcbb/homc/Barillaslab/Agam_hemo_transcriptomes/scripts/compare_txomes/busco
# Date:            Fri Jan 27 16:40:04 2023
# [ok]
