#                                                                                   --- full sequence --- -------------- this domain -------------   hmm coord   ali coord   env coord
# target name               accession   tlen query name           accession   qlen   E-value  score  bias   #  of  c-Evalue  i-Evalue  score  bias  from    to  from    to  from    to  acc description of target
#       ------------------- ---------- ----- -------------------- ---------- ----- --------- ------ ----- --- --- --------- --------- ------ ----- ----- ----- ----- ----- ----- ----- ---- ---------------------
AgamP4_3L:23001799-23002972 -            347 141804at6656         -            234   3.6e-76  253.1  32.1   1   3   6.5e-73     1e-69  232.0  12.0     1   206    33   267    33   275 0.87 -
AgamP4_3L:23001799-23002972 -            347 141804at6656         -            234   3.6e-76  253.1  32.1   2   3   4.2e-10   6.5e-07   26.4   7.0   188   221   274   307   269   313 0.87 -
AgamP4_3L:23001799-23002972 -            347 141804at6656         -            234   3.6e-76  253.1  32.1   3   3    0.0096        15    2.4   0.3   218   233   325   340   322   341 0.91 -
AAAB01007669:49662-50811    -            342 141804at6656         -            234   4.4e-44  148.1  34.1   1   4   2.5e-13   3.8e-10   37.0   0.1     1    54    33    96    33   106 0.92 -
AAAB01007669:49662-50811    -            342 141804at6656         -            234   4.4e-44  148.1  34.1   2   4   9.5e-31   1.5e-27   94.0   9.8   111   206   162   262   154   269 0.87 -
AAAB01007669:49662-50811    -            342 141804at6656         -            234   4.4e-44  148.1  34.1   3   4   5.5e-10   8.4e-07   26.1   7.4   188   221   269   302   264   308 0.87 -
AAAB01007669:49662-50811    -            342 141804at6656         -            234   4.4e-44  148.1  34.1   4   4    0.0095        15    2.4   0.3   218   233   320   335   317   336 0.91 -
#
# Program:         hmmsearch
# Version:         3.1b2 (February 2015)
# Pipeline mode:   SEARCH
# Query file:      /hpcdata/bcbb/homc/Barillaslab/Agam_hemo_transcriptomes/scripts/compare_txomes/busco/busco_downloads/lineages/arthropoda_odb10/hmms/141804at6656.hmm
# Target file:     /hpcdata/bcbb/homc/Barillaslab/Agam_hemo_transcriptomes/scripts/compare_txomes/busco/VB59_AgambiaePEST_BUSCO/run_arthropoda_odb10/metaeuk_output/initial_results/VectorBase-59_AgambiaePEST_Genome.fasta.modified.fas
# Option settings: hmmsearch --domtblout /hpcdata/bcbb/homc/Barillaslab/Agam_hemo_transcriptomes/scripts/compare_txomes/busco/VB59_AgambiaePEST_BUSCO/run_arthropoda_odb10/hmmer_output/initial_run_results/141804at6656.out --cpu 1 /hpcdata/bcbb/homc/Barillaslab/Agam_hemo_transcriptomes/scripts/compare_txomes/busco/busco_downloads/lineages/arthropoda_odb10/hmms/141804at6656.hmm /hpcdata/bcbb/homc/Barillaslab/Agam_hemo_transcriptomes/scripts/compare_txomes/busco/VB59_AgambiaePEST_BUSCO/run_arthropoda_odb10/metaeuk_output/initial_results/VectorBase-59_AgambiaePEST_Genome.fasta.modified.fas 
# Current dir:     /hpcdata/bcbb/homc/Barillaslab/Agam_hemo_transcriptomes/scripts/compare_txomes/busco
# Date:            Fri Jan 27 16:40:12 2023
# [ok]
