#                                                                                   --- full sequence --- -------------- this domain -------------   hmm coord   ali coord   env coord
# target name               accession   tlen query name           accession   qlen   E-value  score  bias   #  of  c-Evalue  i-Evalue  score  bias  from    to  from    to  from    to  acc description of target
#       ------------------- ---------- ----- -------------------- ---------- ----- --------- ------ ----- --- --- --------- --------- ------ ----- ----- ----- ----- ----- ----- ----- ---- ---------------------
AgamP4_3R:27410674-27428755 -           3046 1885at6656           -           1693         0 1966.4  53.5   1   7   8.8e-09   2.7e-05   18.7   0.0   989  1047    25    83    21    90 0.92 -
AgamP4_3R:27410674-27428755 -           3046 1885at6656           -           1693         0 1966.4  53.5   2   7   0.00043       1.3    3.1   0.2   446   538   131   244   130   250 0.72 -
AgamP4_3R:27410674-27428755 -           3046 1885at6656           -           1693         0 1966.4  53.5   3   7  6.1e-147  1.9e-143  476.7   3.8    25   446   396   930   336   979 0.85 -
AgamP4_3R:27410674-27428755 -           3046 1885at6656           -           1693         0 1966.4  53.5   4   7   1.7e-80   5.2e-77  256.4   0.3   447   638  1013  1233  1009  1237 0.90 -
AgamP4_3R:27410674-27428755 -           3046 1885at6656           -           1693         0 1966.4  53.5   5   7   4.5e-92   1.4e-88  294.8   3.2   646   905  1284  1595  1261  1611 0.86 -
AgamP4_3R:27410674-27428755 -           3046 1885at6656           -           1693         0 1966.4  53.5   6   7   2.9e-55   8.8e-52  172.8   0.0   904  1051  1624  1801  1612  1808 0.84 -
AgamP4_3R:27410674-27428755 -           3046 1885at6656           -           1693         0 1966.4  53.5   7   7  9.6e-230  2.9e-226  751.2  18.6  1057  1674  1844  2671  1839  2682 0.81 -
#
# Program:         hmmsearch
# Version:         3.1b2 (February 2015)
# Pipeline mode:   SEARCH
# Query file:      /hpcdata/bcbb/homc/Barillaslab/Agam_hemo_transcriptomes/scripts/compare_txomes/busco/busco_downloads/lineages/arthropoda_odb10/hmms/1885at6656.hmm
# Target file:     /hpcdata/bcbb/homc/Barillaslab/Agam_hemo_transcriptomes/scripts/compare_txomes/busco/VB59_AgambiaePEST_BUSCO/run_arthropoda_odb10/metaeuk_output/initial_results/VectorBase-59_AgambiaePEST_Genome.fasta.modified.fas
# Option settings: hmmsearch --domtblout /hpcdata/bcbb/homc/Barillaslab/Agam_hemo_transcriptomes/scripts/compare_txomes/busco/VB59_AgambiaePEST_BUSCO/run_arthropoda_odb10/hmmer_output/initial_run_results/1885at6656.out --cpu 1 /hpcdata/bcbb/homc/Barillaslab/Agam_hemo_transcriptomes/scripts/compare_txomes/busco/busco_downloads/lineages/arthropoda_odb10/hmms/1885at6656.hmm /hpcdata/bcbb/homc/Barillaslab/Agam_hemo_transcriptomes/scripts/compare_txomes/busco/VB59_AgambiaePEST_BUSCO/run_arthropoda_odb10/metaeuk_output/initial_results/VectorBase-59_AgambiaePEST_Genome.fasta.modified.fas 
# Current dir:     /hpcdata/bcbb/homc/Barillaslab/Agam_hemo_transcriptomes/scripts/compare_txomes/busco
# Date:            Fri Jan 27 16:40:22 2023
# [ok]
