#                                                                                     --- full sequence --- -------------- this domain -------------   hmm coord   ali coord   env coord
# target name                 accession   tlen query name           accession   qlen   E-value  score  bias   #  of  c-Evalue  i-Evalue  score  bias  from    to  from    to  from    to  acc description of target
#         ------------------- ---------- ----- -------------------- ---------- ----- --------- ------ ----- --- --- --------- --------- ------ ----- ----- ----- ----- ----- ----- ----- ---- ---------------------
AgamP4_2R:3568901-3577236     -           1467 22611at6656          -            473  1.8e-199  661.0  20.1   1   4  6.5e-128  1.7e-126  420.4  11.9    49   278     1   251     1   258 0.92 -
AgamP4_2R:3568901-3577236     -           1467 22611at6656          -            473  1.8e-199  661.0  20.1   2   4   6.3e-38   1.7e-36  123.7   0.0   283   377   325   437   311   447 0.85 -
AgamP4_2R:3568901-3577236     -           1467 22611at6656          -            473  1.8e-199  661.0  20.1   3   4   9.5e-30   2.5e-28   96.7   0.0   373   459   463   568   461   581 0.89 -
AgamP4_2R:3568901-3577236     -           1467 22611at6656          -            473  1.8e-199  661.0  20.1   4   4   1.5e-06     4e-05   20.2   1.3    52   242   867  1056   854  1068 0.75 -
AgamP4_3R:37009802-37012165   -            788 22611at6656          -            473   4.8e-40  135.3  18.3   1   5   2.5e-13   6.7e-12   42.5   0.1   145   230    58   145    52   153 0.89 -
AgamP4_3R:37009802-37012165   -            788 22611at6656          -            473   4.8e-40  135.3  18.3   2   5   3.3e-07   8.7e-06   22.4   0.1   158   224   158   225   153   239 0.87 -
AgamP4_3R:37009802-37012165   -            788 22611at6656          -            473   4.8e-40  135.3  18.3   3   5   5.5e-05    0.0014   15.1   0.1   167   217   356   404   307   417 0.79 -
AgamP4_3R:37009802-37012165   -            788 22611at6656          -            473   4.8e-40  135.3  18.3   4   5   2.1e-13   5.6e-12   42.8   3.7    52   229   374   560   370   564 0.80 -
AgamP4_3R:37009802-37012165   -            788 22611at6656          -            473   4.8e-40  135.3  18.3   5   5     5e-18   1.3e-16   58.1   6.2    51   249   417   625   416   636 0.87 -
AgamP4_UNKN:25798770-25799561 -            264 22611at6656          -            473   5.8e-36  121.9   5.9   1   4   5.7e-09   1.5e-07   28.2   0.2    45    98    14    67     9    72 0.92 -
AgamP4_UNKN:25798770-25799561 -            264 22611at6656          -            473   5.8e-36  121.9   5.9   2   4   2.9e-17   7.8e-16   55.5   0.1   150   228    69   148    67   152 0.93 -
AgamP4_UNKN:25798770-25799561 -            264 22611at6656          -            473   5.8e-36  121.9   5.9   3   4   1.4e-05   0.00036   17.1   0.0    59    96   155   192   146   200 0.89 -
AgamP4_UNKN:25798770-25799561 -            264 22611at6656          -            473   5.8e-36  121.9   5.9   4   4   2.2e-07   5.8e-06   23.0   0.0    62   117   203   258   195   264 0.91 -
AgamP4_2R:14010526-14011476   -            317 22611at6656          -            473   8.6e-36  121.3   6.2   1   3   4.6e-24   1.2e-22   77.9   1.6    70   228    50   201    46   203 0.94 -
AgamP4_2R:14010526-14011476   -            317 22611at6656          -            473   8.6e-36  121.3   6.2   2   3   1.9e-05    0.0005   16.6   0.0    59    96   208   245   200   252 0.90 -
AgamP4_2R:14010526-14011476   -            317 22611at6656          -            473   8.6e-36  121.3   6.2   3   3     3e-07   8.1e-06   22.5   0.0    62   117   256   311   250   317 0.91 -
AgamP4_3R:34966164-34967360   -            349 22611at6656          -            473   4.3e-32  109.1   0.2   1   3   3.1e-13   8.3e-12   42.2   0.0   106   233    69   190    53   194 0.81 -
AgamP4_3R:34966164-34967360   -            349 22611at6656          -            473   4.3e-32  109.1   0.2   2   3   1.3e-14   3.3e-13   46.8   0.1   143   222   182   266   172   275 0.82 -
AgamP4_3R:34966164-34967360   -            349 22611at6656          -            473   4.3e-32  109.1   0.2   3   3   3.4e-06   8.9e-05   19.0   0.0   151   213   282   345   268   349 0.89 -
AgamP4_2R:17704642-17706144   -            501 22611at6656          -            473   4.5e-31  105.7   9.4   1   4   1.1e-10   2.8e-09   33.9   0.0   137   214   125   203   118   212 0.91 -
AgamP4_2R:17704642-17706144   -            501 22611at6656          -            473   4.5e-31  105.7   9.4   2   4     0.062       1.6    5.0   0.2    64   101   234   271   213   276 0.84 -
AgamP4_2R:17704642-17706144   -            501 22611at6656          -            473   4.5e-31  105.7   9.4   3   4   0.00065     0.017   11.5   0.3    66   106   277   317   264   320 0.82 -
AgamP4_2R:17704642-17706144   -            501 22611at6656          -            473   4.5e-31  105.7   9.4   4   4   2.2e-18   5.8e-17   59.2   0.2    65   213   360   501   353   501 0.94 -
AgamP4_3R:51549078-51661884   -            296 22611at6656          -            473   9.1e-29   98.2   0.1   1   3   2.2e-06   5.7e-05   19.7   0.0    59   104     8    53     1    56 0.83 -
AgamP4_3R:51549078-51661884   -            296 22611at6656          -            473   9.1e-29   98.2   0.1   2   3   7.4e-13     2e-11   41.0   0.4    52   128    43   120    43   126 0.92 -
AgamP4_3R:51549078-51661884   -            296 22611at6656          -            473   9.1e-29   98.2   0.1   3   3   2.7e-12   7.1e-11   39.2   0.0   137   252   151   272   140   282 0.82 -
AgamP4_2L:18015543-18017062   -            484 22611at6656          -            473   1.4e-28   97.6   0.9   1   2   1.7e-22   4.4e-21   72.8   2.3    49   235   170   350   165   355 0.92 -
AgamP4_2L:18015543-18017062   -            484 22611at6656          -            473   1.4e-28   97.6   0.9   2   2     2e-08   5.3e-07   26.4   0.0    47   173   336   460   333   467 0.90 -
AgamP4_2L:23638188-23639159   -            324 22611at6656          -            473   3.6e-28   96.2   2.5   1   3   2.2e-16   5.9e-15   52.6   0.4    47   223    34   206     6   211 0.85 -
AgamP4_2L:23638188-23639159   -            324 22611at6656          -            473   3.6e-28   96.2   2.5   2   3   2.3e-11     6e-10   36.1   0.0    91   228   124   253   120   259 0.89 -
AgamP4_2L:23638188-23639159   -            324 22611at6656          -            473   3.6e-28   96.2   2.5   3   3   1.3e-06   3.5e-05   20.4   0.1   148   213   258   324   250   324 0.92 -
AgamP4_2L:23631520-23632380   -            287 22611at6656          -            473     1e-25   88.1   3.6   1   3   4.4e-15   1.2e-13   48.3   0.6    62   223    12   169     2   170 0.89 -
AgamP4_2L:23631520-23632380   -            287 22611at6656          -            473     1e-25   88.1   3.6   2   3   2.4e-10   6.3e-09   32.7   0.0    92   228    88   216    83   222 0.88 -
AgamP4_2L:23631520-23632380   -            287 22611at6656          -            473     1e-25   88.1   3.6   3   3   1.2e-06   3.2e-05   20.5   0.1   148   213   221   287   217   287 0.93 -
AgamP4_3L:31279277-31281446   -            674 22611at6656          -            473   2.5e-25   86.8   1.4   1   2     2e-07   5.4e-06   23.1   0.0   168   233   399   466   391   471 0.87 -
AgamP4_3L:31279277-31281446   -            674 22611at6656          -            473   2.5e-25   86.8   1.4   2   2   1.9e-18     5e-17   59.4   0.0    59   216   466   616   465   620 0.92 -
AgamP4_2R:14088685-14089743   -            353 22611at6656          -            473   6.1e-25   85.5   1.2   1   4     0.003      0.08    9.3   0.0    58    92     8    42     1    48 0.82 -
AgamP4_2R:14088685-14089743   -            353 22611at6656          -            473   6.1e-25   85.5   1.2   2   4   1.3e-07   3.3e-06   23.8   0.0   140   217    40   122    36   131 0.83 -
AgamP4_2R:14088685-14089743   -            353 22611at6656          -            473   6.1e-25   85.5   1.2   3   4   9.7e-06   0.00026   17.5   0.0   152   220   151   222   131   230 0.84 -
AgamP4_2R:14088685-14089743   -            353 22611at6656          -            473   6.1e-25   85.5   1.2   4   4   2.2e-10   5.8e-09   32.9   0.2    66   132   259   326   248   352 0.83 -
AgamP4_3R:17121373-17122476   -            368 22611at6656          -            473   3.3e-24   83.1   2.2   1   2   6.1e-14   1.6e-12   44.6   0.1    70   215    38   193    37   213 0.71 -
AgamP4_3R:17121373-17122476   -            368 22611at6656          -            473   3.3e-24   83.1   2.2   2   2   3.1e-10   8.2e-09   32.4   0.2   159   223   273   338   243   347 0.86 -
AgamP4_3R:170125-171711       -            350 22611at6656          -            473   1.4e-23   81.0   7.4   1   3    0.0064      0.17    8.2   0.0   140   174     7    41     2    51 0.75 -
AgamP4_3R:170125-171711       -            350 22611at6656          -            473   1.4e-23   81.0   7.4   2   3   6.2e-11   1.6e-09   34.7   3.3    60   234    74   244    67   256 0.80 -
AgamP4_3R:170125-171711       -            350 22611at6656          -            473   1.4e-23   81.0   7.4   3   3   2.1e-11   5.5e-10   36.2   0.0    68   124   261   317   255   326 0.93 -
AgamP4_3L:36689004-36689834   -            277 22611at6656          -            473   5.3e-22   75.8   0.9   1   3   6.5e-08   1.7e-06   24.7   0.2   145   214     4    74     1    82 0.89 -
AgamP4_3L:36689004-36689834   -            277 22611at6656          -            473   5.3e-22   75.8   0.9   2   3   4.6e-09   1.2e-07   28.5   0.7   154   219    55   121    51   124 0.90 -
AgamP4_3L:36689004-36689834   -            277 22611at6656          -            473   5.3e-22   75.8   0.9   3   3   1.2e-09   3.1e-08   30.5   0.0    43   207   120   277   117   277 0.89 -
AgamP4_3R:6001708-6002684     -            303 22611at6656          -            473   1.1e-21   74.8   5.9   1   3   1.4e-19   3.7e-18   63.2   2.3    53   216    13   169     5   179 0.89 -
AgamP4_3R:6001708-6002684     -            303 22611at6656          -            473   1.1e-21   74.8   5.9   2   3     0.037      0.97    5.7   0.0   190   213   183   206   179   211 0.89 -
AgamP4_3R:6001708-6002684     -            303 22611at6656          -            473   1.1e-21   74.8   5.9   3   3     0.044       1.2    5.5   0.0   156   194   234   273   218   291 0.64 -
AgamP4_2L:48386720-48387145   -            142 22611at6656          -            473   1.6e-21   74.2   0.5   1   2   1.1e-08   2.8e-07   27.3   0.0   157   222     2    68     1    71 0.91 -
AgamP4_2L:48386720-48387145   -            142 22611at6656          -            473   1.6e-21   74.2   0.5   2   2   1.6e-14   4.4e-13   46.5   0.4    47   119    68   140    62   142 0.94 -
AgamP4_2R:4563302-4564801     -            500 22611at6656          -            473   4.9e-21   72.7   0.2   1   3   2.4e-08   6.4e-07   26.1   0.0   151   234   211   305   199   310 0.77 -
AgamP4_2R:4563302-4564801     -            500 22611at6656          -            473   4.9e-21   72.7   0.2   2   3   2.8e-13   7.4e-12   42.4   0.0   157   250   310   411   304   424 0.75 -
AgamP4_2R:4563302-4564801     -            500 22611at6656          -            473   4.9e-21   72.7   0.2   3   3       5.2   1.4e+02   -1.4   0.0    73   122   449   498   431   499 0.64 -
AgamP4_3R:49908365-49910129   -            240 22611at6656          -            473   2.5e-20   70.3   4.3   1   3   5.1e-11   1.4e-09   34.9   0.5   179   253    41   113    17   122 0.84 -
AgamP4_3R:49908365-49910129   -            240 22611at6656          -            473   2.5e-20   70.3   4.3   2   3   0.00023     0.006   13.0   0.1   194   228    92   128    88   138 0.51 -
AgamP4_3R:49908365-49910129   -            240 22611at6656          -            473   2.5e-20   70.3   4.3   3   3   5.7e-11   1.5e-09   34.8   0.3   154   234   138   219   126   225 0.91 -
AgamP4_2L:23645171-23646016   -            282 22611at6656          -            473   4.4e-20   69.5   3.3   1   3    0.0042      0.11    8.8   0.1   162   213    10    62     3    73 0.78 -
AgamP4_2L:23645171-23646016   -            282 22611at6656          -            473   4.4e-20   69.5   3.3   2   3   2.9e-10   7.7e-09   32.4   0.2   147   217    80   153    65   191 0.81 -
AgamP4_2L:23645171-23646016   -            282 22611at6656          -            473   4.4e-20   69.5   3.3   3   3   6.5e-09   1.7e-07   28.0   0.0   137   215   197   277   162   281 0.83 -
AgamP4_3L:8624534-8630790     -            983 22611at6656          -            473   7.8e-19   65.4   1.5   1   4      0.67        18    1.6   0.0   151   216   149   217   113   221 0.85 -
AgamP4_3L:8624534-8630790     -            983 22611at6656          -            473   7.8e-19   65.4   1.5   2   4   3.5e-11   9.4e-10   35.5   0.4   137   234   360   460   318   464 0.88 -
AgamP4_3L:8624534-8630790     -            983 22611at6656          -            473   7.8e-19   65.4   1.5   3   4   1.3e-08   3.5e-07   27.0   0.0    50   216   450   613   448   632 0.80 -
AgamP4_3L:8624534-8630790     -            983 22611at6656          -            473   7.8e-19   65.4   1.5   4   4       0.2       5.4    3.3   0.0    99   181   587   681   578   689 0.69 -
AgamP4_2L:4140122-4140970     -            283 22611at6656          -            473   1.6e-18   64.3  12.7   1   2   7.5e-14     2e-12   44.3   9.6    49   253     4   202     1   203 0.85 -
AgamP4_2L:4140122-4140970     -            283 22611at6656          -            473   1.6e-18   64.3  12.7   2   2   7.1e-10   1.9e-08   31.2   1.5   139   216   166   245   159   259 0.85 -
AgamP4_2L:44509306-44520474   -           1432 22611at6656          -            473   1.9e-18   64.1   9.7   1   4   1.4e-10   3.8e-09   33.5   8.4    51   216   215   396   207   398 0.73 -
AgamP4_2L:44509306-44520474   -           1432 22611at6656          -            473   1.9e-18   64.1   9.7   2   4   6.8e-10   1.8e-08   31.2   0.0    88   250   360   521   344   528 0.83 -
AgamP4_2L:44509306-44520474   -           1432 22611at6656          -            473   1.9e-18   64.1   9.7   3   4       1.7        46    0.2   0.0   419   464  1324  1370  1309  1379 0.86 -
AgamP4_2L:44509306-44520474   -           1432 22611at6656          -            473   1.9e-18   64.1   9.7   4   4       6.6   1.8e+02   -1.7   0.0   408   436  1387  1415  1375  1420 0.85 -
AgamP4_3L:36698245-36698961   -            239 22611at6656          -            473   2.4e-18   63.8   2.8   1   3   1.1e-08   2.8e-07   27.3   0.3   140   214    14    89     7    94 0.91 -
AgamP4_3L:36698245-36698961   -            239 22611at6656          -            473   2.4e-18   63.8   2.8   2   3   3.4e-09   9.1e-08   28.9   0.6   154   219    70   136    66   139 0.90 -
AgamP4_3L:36698245-36698961   -            239 22611at6656          -            473   2.4e-18   63.8   2.8   3   3   7.8e-06   0.00021   17.8   0.0    43   126   135   218   132   223 0.90 -
AgamP4_2R:597713-599083       -            457 22611at6656          -            473   7.3e-18   62.2   1.9   1   3   7.5e-13     2e-11   41.0   0.2   138   264    21   153     5   175 0.86 -
AgamP4_2R:597713-599083       -            457 22611at6656          -            473   7.3e-18   62.2   1.9   2   3     0.013      0.35    7.2   0.0   175   223   300   347   292   381 0.84 -
AgamP4_2R:597713-599083       -            457 22611at6656          -            473   7.3e-18   62.2   1.9   3   3   0.00045     0.012   12.0   0.0   182   215   389   422   364   436 0.88 -
AgamP4_2L:43754158-43755135   -            326 22611at6656          -            473   1.2e-17   61.5   0.0   1   3   3.5e-11   9.3e-10   35.5   0.0    46   130    51   138    47   155 0.84 -
AgamP4_2L:43754158-43755135   -            326 22611at6656          -            473   1.2e-17   61.5   0.0   2   3   0.00052     0.014   11.8   0.0   142   177   175   210   164   218 0.88 -
AgamP4_2L:43754158-43755135   -            326 22611at6656          -            473   1.2e-17   61.5   0.0   3   3    0.0011     0.029   10.8   0.0    59    95   284   320   238   326 0.67 -
AgamP4_X:7822877-7823976      -            341 22611at6656          -            473   2.3e-17   60.6  14.3   1   4     0.058       1.5    5.1   0.0   140   174     9    43     5    52 0.64 -
AgamP4_X:7822877-7823976      -            341 22611at6656          -            473   2.3e-17   60.6  14.3   2   4   3.5e-17   9.1e-16   55.3   7.2    50   214    57   227    47   232 0.90 -
AgamP4_X:7822877-7823976      -            341 22611at6656          -            473   2.3e-17   60.6  14.3   3   4       5.5   1.4e+02   -1.4   0.0    51    81   255   285   247   316 0.81 -
AgamP4_X:7822877-7823976      -            341 22611at6656          -            473   2.3e-17   60.6  14.3   4   4       1.5        40    0.4   0.0   202   214   324   336   320   340 0.86 -
AgamP4_3R:13720775-13721455   -            227 22611at6656          -            473     1e-16   58.4   1.5   1   3      0.12       3.2    4.0   0.0   175   213    14    52     8    59 0.71 -
AgamP4_3R:13720775-13721455   -            227 22611at6656          -            473     1e-16   58.4   1.5   2   3   9.8e-07   2.6e-05   20.8   0.5   182   234    71   125    65   129 0.88 -
AgamP4_3R:13720775-13721455   -            227 22611at6656          -            473     1e-16   58.4   1.5   3   3   1.6e-11   4.4e-10   36.6   0.1   140   248   113   224   107   227 0.79 -
AgamP4_2L:23616958-23617665   -            236 22611at6656          -            473     1e-16   58.4   0.1   1   2   7.9e-11   2.1e-09   34.3   0.0    90   228    34   164     2   169 0.85 -
AgamP4_2L:23616958-23617665   -            236 22611at6656          -            473     1e-16   58.4   0.1   2   2   3.8e-07   9.9e-06   22.2   0.1   148   214   169   236   163   236 0.93 -
AgamP4_3R:21067729-21069716   -            614 22611at6656          -            473   2.7e-16   57.0   5.9   1   2   4.7e-14   1.2e-12   45.0   1.0    51   214   321   481   303   523 0.81 -
AgamP4_3R:21067729-21069716   -            614 22611at6656          -            473   2.7e-16   57.0   5.9   2   2   1.1e-07   2.8e-06   24.0   1.5    41   213   441   613   440   614 0.82 -
AgamP4_2L:3643810-3644250     -            147 22611at6656          -            473   3.5e-16   56.7   0.1   1   1   2.4e-17   6.4e-16   55.8   0.1    74   218     2   143     1   146 0.86 -
AgamP4_3R:53005020-53006357   -            446 22611at6656          -            473   4.4e-16   56.3   0.7   1   2   6.4e-11   1.7e-09   34.6   0.2    42   219    55   231    36   274 0.76 -
AgamP4_3R:53005020-53006357   -            446 22611at6656          -            473   4.4e-16   56.3   0.7   2   2   2.4e-06   6.2e-05   19.6   0.0   148   216   286   356   278   370 0.84 -
AgamP4_2R:55466578-55468326   -            532 22611at6656          -            473   2.5e-15   53.8   2.5   1   3   0.00078      0.02   11.3   0.2   141   216   198   274   180   287 0.73 -
AgamP4_2R:55466578-55468326   -            532 22611at6656          -            473   2.5e-15   53.8   2.5   2   3   8.8e-13   2.3e-11   40.8   0.2   108   235   335   456   319   481 0.82 -
AgamP4_2R:55466578-55468326   -            532 22611at6656          -            473   2.5e-15   53.8   2.5   3   3       4.2   1.1e+02   -1.0   0.0    93   124   491   525   486   527 0.79 -
AgamP4_2R:44708361-44709663   -            267 22611at6656          -            473   3.5e-15   53.4   0.1   1   2   4.6e-10   1.2e-08   31.8   0.4    98   230    10   145     5   153 0.78 -
AgamP4_2R:44708361-44709663   -            267 22611at6656          -            473   3.5e-15   53.4   0.1   2   2   1.9e-06     5e-05   19.9   0.0   153   248   150   252   140   259 0.70 -
AgamP4_2L:8569430-8580292     -            367 22611at6656          -            473   5.3e-15   52.8   0.0   1   3   2.5e-07   6.6e-06   22.8   0.0   140   216    51   127    44   129 0.94 -
AgamP4_2L:8569430-8580292     -            367 22611at6656          -            473   5.3e-15   52.8   0.0   2   3   3.9e-07     1e-05   22.1   0.0   151   221   103   175   102   191 0.84 -
AgamP4_2L:8569430-8580292     -            367 22611at6656          -            473   5.3e-15   52.8   0.0   3   3   2.8e-05   0.00075   16.0   0.0   150   215   226   292   207   299 0.84 -
AgamP4_2L:14029962-14035090   -            940 22611at6656          -            473   6.1e-15   52.6   4.3   1   2   2.2e-12   5.8e-11   39.4   0.7   138   252   668   787   660   800 0.80 -
AgamP4_2L:14029962-14035090   -            940 22611at6656          -            473   6.1e-15   52.6   4.3   2   2   0.00015     0.004   13.6   0.2   158   219   812   882   803   893 0.72 -
AgamP4_2L:44379373-44383081   -            834 22611at6656          -            473   1.3e-14   51.5   0.0   1   2   4.3e-09   1.1e-07   28.6   0.0   148   254   241   353   233   362 0.85 -
AgamP4_2L:44379373-44383081   -            834 22611at6656          -            473   1.3e-14   51.5   0.0   2   2   1.4e-06   3.8e-05   20.3   0.0   150   228   371   450   356   486 0.84 -
AgamP4_3R:31538606-31539256   -            217 22611at6656          -            473   1.4e-14   51.4   0.9   1   1   1.9e-15     5e-14   49.6   0.9    20   214     9   213     3   216 0.74 -
AgamP4_2R:15155283-15156926   -            520 22611at6656          -            473   1.7e-14   51.1   0.0   1   1   2.5e-15   6.6e-14   49.2   0.0    44   235   113   297    86   316 0.84 -
AgamP4_3R:36380953-36381426   -            158 22611at6656          -            473   2.4e-14   50.6   2.7   1   2   8.1e-07   2.1e-05   21.1   0.3   157   216    15    75     3    83 0.66 -
AgamP4_3R:36380953-36381426   -            158 22611at6656          -            473   2.4e-14   50.6   2.7   2   2   5.8e-09   1.5e-07   28.2   0.1    48   122    83   157    77   158 0.59 -
AgamP4_2L:34692114-34693167   -            325 22611at6656          -            473   7.3e-14   49.0   2.4   1   3    0.0091      0.24    7.7   0.0   181   243     4    70     1    76 0.79 -
AgamP4_2L:34692114-34693167   -            325 22611at6656          -            473   7.3e-14   49.0   2.4   2   3   3.5e-11   9.4e-10   35.5   0.7   119   233   120   236   116   275 0.81 -
AgamP4_2L:34692114-34693167   -            325 22611at6656          -            473   7.3e-14   49.0   2.4   3   3      0.99        26    1.0   0.0   180   213   280   313   274   319 0.89 -
AgamP4_2L:17360629-17360904   -             92 22611at6656          -            473   9.9e-14   48.6   0.2   1   1   4.4e-15   1.2e-13   48.3   0.2    64   154     6    88     2    91 0.79 -
AgamP4_2R:16412080-16414107   -            456 22611at6656          -            473   1.7e-13   47.8   2.8   1   3   2.6e-05   0.00068   16.1   0.2   144   221   213   298   206   305 0.77 -
AgamP4_2R:16412080-16414107   -            456 22611at6656          -            473   1.7e-13   47.8   2.8   2   3    0.0012      0.03   10.7   0.0   149   207   310   369   301   382 0.87 -
AgamP4_2R:16412080-16414107   -            456 22611at6656          -            473   1.7e-13   47.8   2.8   3   3   2.8e-06   7.5e-05   19.3   0.2   155   214   394   454   384   456 0.90 -
AgamP4_3R:30773788-30774537   -            250 22611at6656          -            473   2.5e-13   47.2   1.0   1   3    0.0047      0.12    8.7   0.0   189   237     1    50     1    55 0.89 -
AgamP4_3R:30773788-30774537   -            250 22611at6656          -            473   2.5e-13   47.2   1.0   2   3   0.00066     0.017   11.5   0.2    66   184    56   171    52   180 0.84 -
AgamP4_3R:30773788-30774537   -            250 22611at6656          -            473   2.5e-13   47.2   1.0   3   3   5.6e-08   1.5e-06   24.9   0.0   146   215   177   247   171   250 0.88 -
AgamP4_2R:12715743-12716285   -            181 22611at6656          -            473   4.1e-13   46.5   1.8   1   2   9.5e-09   2.5e-07   27.5   0.1    62   138    48   122    35   129 0.81 -
AgamP4_2R:12715743-12716285   -            181 22611at6656          -            473   4.1e-13   46.5   1.8   2   2   5.5e-06   0.00014   18.4   0.1   168   215   135   181   124   181 0.84 -
AAAB01001548:70979-72364      -            435 22611at6656          -            473   4.2e-13   46.5   0.1   1   4   0.00097     0.026   10.9   0.0   147   218   106   178    94   187 0.88 -
AAAB01001548:70979-72364      -            435 22611at6656          -            473   4.2e-13   46.5   0.1   2   4    0.0055      0.14    8.5   0.0   158   216   200   258   193   264 0.90 -
AAAB01001548:70979-72364      -            435 22611at6656          -            473   4.2e-13   46.5   0.1   3   4     0.029      0.78    6.1   0.0   183   212   270   299   263   308 0.90 -
AAAB01001548:70979-72364      -            435 22611at6656          -            473   4.2e-13   46.5   0.1   4   4   4.3e-05    0.0011   15.4   0.0   160   215   374   430   357   433 0.89 -
AgamP4_2L:39373096-39375665   -            794 22611at6656          -            473   4.7e-13   46.3  11.8   1   5   8.2e-05    0.0022   14.5   0.0   164   217    30    93     4    99 0.83 -
AgamP4_2L:39373096-39375665   -            794 22611at6656          -            473   4.7e-13   46.3  11.8   2   5     0.044       1.2    5.5   0.2   181   218   101   142    96   171 0.71 -
AgamP4_2L:39373096-39375665   -            794 22611at6656          -            473   4.7e-13   46.3  11.8   3   5     0.075         2    4.7   0.0   181   223   204   250   194   262 0.72 -
AgamP4_2L:39373096-39375665   -            794 22611at6656          -            473   4.7e-13   46.3  11.8   4   5      0.17       4.4    3.6   0.1    49    82   290   325   280   338 0.79 -
AgamP4_2L:39373096-39375665   -            794 22611at6656          -            473   4.7e-13   46.3  11.8   5   5   8.2e-07   2.2e-05   21.1   0.1   140   249   559   684   547   717 0.76 -
AgamP4_2R:57589246-57592097   -            924 22611at6656          -            473   4.8e-13   46.3   1.0   1   4      0.19         5    3.4   0.0   165   222   117   178   107   202 0.74 -
AgamP4_2R:57589246-57592097   -            924 22611at6656          -            473   4.8e-13   46.3   1.0   2   4     5e-07   1.3e-05   21.8   0.0    35   122   206   296   194   301 0.84 -
AgamP4_2R:57589246-57592097   -            924 22611at6656          -            473   4.8e-13   46.3   1.0   3   4     0.022      0.59    6.4   0.0   184   218   479   513   441   527 0.85 -
AgamP4_2R:57589246-57592097   -            924 22611at6656          -            473   4.8e-13   46.3   1.0   4   4    0.0024     0.063    9.7   0.2    47   127   564   644   554   651 0.83 -
AgamP4_X:5662881-5675167      -            930 22611at6656          -            473   5.5e-13   46.1   2.0   1   2   0.00085     0.023   11.1   0.1   182   224    10    52     7    80 0.83 -
AgamP4_X:5662881-5675167      -            930 22611at6656          -            473   5.5e-13   46.1   2.0   2   2   0.00046     0.012   12.0   0.0   148   222   143   218   138   221 0.76 -
AgamP4_3L:34041844-34042146   -            101 22611at6656          -            473     1e-12   45.2   1.7   1   2   4.3e-12   1.1e-10   38.5   0.3    51   101     3    53     1    57 0.94 -
AgamP4_3L:34041844-34042146   -            101 22611at6656          -            473     1e-12   45.2   1.7   2   2     0.022      0.57    6.5   0.1    67    80    88   101    81   101 0.86 -
AgamP4_3L:23253341-23254726   -            435 22611at6656          -            473     1e-12   45.2   0.1   1   4   0.00097     0.026   10.9   0.0   147   218   106   178    94   187 0.88 -
AgamP4_3L:23253341-23254726   -            435 22611at6656          -            473     1e-12   45.2   0.1   2   4    0.0056      0.15    8.4   0.0   158   216   200   258   193   263 0.90 -
AgamP4_3L:23253341-23254726   -            435 22611at6656          -            473     1e-12   45.2   0.1   3   4     0.083       2.2    4.6   0.0   183   212   270   299   263   304 0.90 -
AgamP4_3L:23253341-23254726   -            435 22611at6656          -            473     1e-12   45.2   0.1   4   4   4.3e-05    0.0011   15.4   0.0   160   215   374   430   357   433 0.89 -
AgamP4_2R:27039208-27043163   -           1103 22611at6656          -            473   1.3e-12   44.9   0.7   1   3    0.0058      0.15    8.4   0.0    92   180   105   203    96   208 0.78 -
AgamP4_2R:27039208-27043163   -           1103 22611at6656          -            473   1.3e-12   44.9   0.7   2   3   2.2e-08   5.8e-07   26.3   0.0    88   225   161   296   155   302 0.82 -
AgamP4_2R:27039208-27043163   -           1103 22611at6656          -            473   1.3e-12   44.9   0.7   3   3    0.0012     0.032   10.6   0.1   189   222   304   337   298   361 0.76 -
AgamP4_2R:15759829-15760374   -            182 22611at6656          -            473   1.9e-12   44.4   0.3   1   1   1.1e-13   2.9e-12   43.7   0.3    52   216     9   170     4   179 0.81 -
AgamP4_3L:34041168-34041458   -             97 22611at6656          -            473   9.8e-12   42.0   3.4   1   2    0.0049      0.13    8.6   0.5   203   225     4    27     1    33 0.68 -
AgamP4_3L:34041168-34041458   -             97 22611at6656          -            473   9.8e-12   42.0   3.4   2   2   2.7e-12   7.1e-11   39.2   0.6    44   118    21    95    18    97 0.94 -
AgamP4_2R:34050954-34052108   -            385 22611at6656          -            473   2.4e-11   40.7   1.8   1   2   4.7e-09   1.3e-07   28.5   0.3   111   261   176   337   153   341 0.76 -
AgamP4_2R:34050954-34052108   -            385 22611at6656          -            473   2.4e-11   40.7   1.8   2   2   2.6e-06     7e-05   19.4   0.1    49   129   251   334   248   385 0.67 -
AgamP4_3R:21124714-21126517   -            407 22611at6656          -            473   2.6e-11   40.6   0.7   1   3     0.035      0.92    5.8   0.0    45    82    24    61    12    68 0.66 -
AgamP4_3R:21124714-21126517   -            407 22611at6656          -            473   2.6e-11   40.6   0.7   2   3   9.9e-10   2.6e-08   30.7   0.3   128   221   190   284   168   298 0.62 -
AgamP4_3R:21124714-21126517   -            407 22611at6656          -            473   2.6e-11   40.6   0.7   3   3       1.8        46    0.2   0.0   140   173   368   401   356   405 0.76 -
AgamP4_X:19936178-19937254    -            359 22611at6656          -            473   5.2e-11   39.6   0.3   1   4    0.0017     0.045   10.1   0.0   159   191    10    42     6    46 0.77 -
AgamP4_X:19936178-19937254    -            359 22611at6656          -            473   5.2e-11   39.6   0.3   2   4   0.00019    0.0051   13.3   0.0   150   217    70   137    62   162 0.81 -
AgamP4_X:19936178-19937254    -            359 22611at6656          -            473   5.2e-11   39.6   0.3   3   4      0.12       3.3    4.0   0.0   119   214   173   274   158   280 0.74 -
AgamP4_X:19936178-19937254    -            359 22611at6656          -            473   5.2e-11   39.6   0.3   4   4     0.011       0.3    7.4   0.1    53   104   288   339   272   350 0.79 -
AgamP4_2R:22130947-22131963   -            339 22611at6656          -            473   8.8e-11   38.8   0.4   1   2   4.7e-08   1.3e-06   25.2   0.0    92   211     4   119     1   127 0.76 -
AgamP4_2R:22130947-22131963   -            339 22611at6656          -            473   8.8e-11   38.8   0.4   2   2   0.00041     0.011   12.2   0.1   180   248   131   202   104   249 0.80 -
AgamP4_2R:19061665-19062666   -            334 22611at6656          -            473   1.6e-10   38.0   0.1   1   2   1.2e-06   3.1e-05   20.6   0.0   150   225    26   103    21   144 0.82 -
AgamP4_2R:19061665-19062666   -            334 22611at6656          -            473   1.6e-10   38.0   0.1   2   2   6.1e-05    0.0016   14.9   0.2   158   228   166   247   155   274 0.68 -
AgamP4_X:3266607-3275242      -            542 22611at6656          -            473   6.1e-10   36.1   0.1   1   1   3.5e-11   9.1e-10   35.5   0.1    50   128    91   169    59   176 0.88 -
AgamP4_3R:39153145-39153792   -            216 22611at6656          -            473   8.8e-10   35.6   0.1   1   2   1.3e-10   3.4e-09   33.6   0.1    48   178     8   132     1   145 0.83 -
AgamP4_3R:39153145-39153792   -            216 22611at6656          -            473   8.8e-10   35.6   0.1   2   2       3.5        93   -0.8   0.0   152   211   146   211   143   214 0.68 -
AgamP4_2L:28784726-28785127   -            134 22611at6656          -            473   1.1e-09   35.2   0.5   1   1   5.8e-10   1.5e-08   31.5   0.5   111   231    10   132     6   134 0.76 -
AgamP4_UNKN:13134408-13134956 -            183 22611at6656          -            473   2.2e-09   34.2   0.1   1   1   9.7e-11   2.6e-09   34.0   0.1    42   126    55   140    32   179 0.86 -
AgamP4_2L:33965629-33969573   -           1169 22611at6656          -            473   5.1e-09   33.0   0.1   1   3   2.3e-09     6e-08   29.5   0.0   142   214    17    89     9    93 0.90 -
AgamP4_2L:33965629-33969573   -           1169 22611at6656          -            473   5.1e-09   33.0   0.1   2   3         3        80   -0.6   0.0   145   214   101   168    92   178 0.85 -
AgamP4_2L:33965629-33969573   -           1169 22611at6656          -            473   5.1e-09   33.0   0.1   3   3       7.9   2.1e+02   -2.0   0.0   146   169   273   296   236   307 0.64 -
AgamP4_2R:45613957-45614913   -            319 22611at6656          -            473     6e-09   32.8   2.7   1   3     0.027       0.7    6.2   0.0    52   218     1    34     1    43 0.54 -
AgamP4_2R:45613957-45614913   -            319 22611at6656          -            473     6e-09   32.8   2.7   2   3    0.0028     0.073    9.4   0.2    49    94    66   112    56   119 0.75 -
AgamP4_2R:45613957-45614913   -            319 22611at6656          -            473     6e-09   32.8   2.7   3   3   9.4e-05    0.0025   14.3   0.0    60   126   202   268   186   289 0.83 -
AgamP4_3R:49959164-49961053   -            630 22611at6656          -            473   7.2e-09   32.5   0.4   1   1   5.7e-10   1.5e-08   31.5   0.5    49   132    90   173    67   208 0.84 -
AgamP4_2R:53795763-53796089   -            109 22611at6656          -            473   8.9e-09   32.2   0.0   1   1   6.2e-10   1.6e-08   31.4   0.0   149   233     2    90     1   109 0.81 -
AgamP4_3L:6010372-6011085     -            238 22611at6656          -            473   1.1e-08   32.0   1.6   1   2   4.6e-09   1.2e-07   28.5   0.7   161   257     6   104     2   119 0.91 -
AgamP4_3L:6010372-6011085     -            238 22611at6656          -            473   1.1e-08   32.0   1.6   2   2      0.39        10    2.3   0.0   201   235   185   220   158   234 0.46 -
AgamP4_X:2171391-2177961      -           1149 22611at6656          -            473   1.3e-08   31.7   1.1   1   2   5.7e-07   1.5e-05   21.6   0.0   159   219   825   886   800   928 0.72 -
AgamP4_X:2171391-2177961      -           1149 22611at6656          -            473   1.3e-08   31.7   1.1   2   2    0.0065      0.17    8.2   0.1   160   217   962  1022   951  1043 0.78 -
AgamP4_3L:826493-826894       -            134 22611at6656          -            473   1.4e-08   31.6   0.0   1   1     6e-10   1.6e-08   31.4   0.0   131   218    39   132    25   134 0.81 -
AgamP4_3R:34705215-34705949   -            245 22611at6656          -            473   2.3e-08   30.9   4.2   1   2       1.1        30    0.8   0.2    49    81     1    33     1    39 0.85 -
AgamP4_3R:34705215-34705949   -            245 22611at6656          -            473   2.3e-08   30.9   4.2   2   2   1.1e-09   2.9e-08   30.6   0.6   138   223    60   147    53   153 0.90 -
AgamP4_2L:25560534-25575756   -           1659 22611at6656          -            473     4e-08   30.1   0.0   1   2    0.0017     0.045   10.1   0.0    47   166  1322  1440  1314  1478 0.67 -
AgamP4_2L:25560534-25575756   -           1659 22611at6656          -            473     4e-08   30.1   0.0   2   2   9.9e-06   0.00026   17.5   0.0   145   216  1545  1618  1524  1647 0.80 -
AAAB01008268:26849-28890      -            660 22611at6656          -            473   7.8e-08   29.1   0.3   1   2     0.063       1.7    5.0   0.0   146   209   194   265   186   284 0.67 -
AAAB01008268:26849-28890      -            660 22611at6656          -            473   7.8e-08   29.1   0.3   2   2   3.6e-07   9.6e-06   22.2   0.1   143   216   341   420   286   427 0.73 -
AgamP4_X:8426742-8427401      -            220 22611at6656          -            473   9.1e-08   28.9   0.6   1   3    0.0026     0.068    9.5   0.1    48   216    16    51     9    79 0.65 -
AgamP4_X:8426742-8427401      -            220 22611at6656          -            473   9.1e-08   28.9   0.6   2   3       5.6   1.5e+02   -1.5   0.0   187   256    71   145    59   159 0.61 -
AgamP4_X:8426742-8427401      -            220 22611at6656          -            473   9.1e-08   28.9   0.6   3   3   1.3e-05   0.00036   17.1   0.1   181   227   162   208   154   215 0.86 -
AAAB01008530:14978-15715      -            246 22611at6656          -            473   1.2e-07   28.5   0.2   1   1   2.6e-08   6.9e-07   26.0   0.2    67   138    14    88     2   190 0.89 -
AgamP4_2L:3288436-3288888     -            151 22611at6656          -            473   1.7e-07   28.0   0.2   1   1   1.4e-08   3.7e-07   26.9   0.2    68   218     1   151     1   151 0.85 -
AgamP4_2L:43065216-43066196   -            327 22611at6656          -            473     2e-07   27.8   0.7   1   2   6.9e-05    0.0018   14.7   0.1    51   112   117   183   110   187 0.78 -
AgamP4_2L:43065216-43066196   -            327 22611at6656          -            473     2e-07   27.8   0.7   2   2   0.00081     0.021   11.2   0.0   163   216   212   270   208   274 0.61 -
AgamP4_3L:427344-427631       -             96 22611at6656          -            473   3.7e-07   26.9   0.2   1   2     0.046       1.2    5.4   0.3   199   223     5    29     2    40 0.70 -
AgamP4_3L:427344-427631       -             96 22611at6656          -            473   3.7e-07   26.9   0.2   2   2   8.3e-07   2.2e-05   21.1   0.0   144   197    33    89    25    96 0.77 -
AgamP4_UNKN:10943664-10943951 -             96 22611at6656          -            473   3.7e-07   26.9   0.2   1   2     0.046       1.2    5.4   0.3   199   223     5    29     2    40 0.70 -
AgamP4_UNKN:10943664-10943951 -             96 22611at6656          -            473   3.7e-07   26.9   0.2   2   2   8.3e-07   2.2e-05   21.1   0.0   144   197    33    89    25    96 0.77 -
AgamP4_2L:43108638-43111586   -            865 22611at6656          -            473   3.7e-07   26.9   0.0   1   2   1.3e-07   3.6e-06   23.7   0.0   182   229   524   571   517   601 0.77 -
AgamP4_2L:43108638-43111586   -            865 22611at6656          -            473   3.7e-07   26.9   0.0   2   2       1.4        38    0.5   0.0    88   118   775   805   724   813 0.54 -
AgamP4_2L:47440804-47441022   -             73 22611at6656          -            473   4.4e-07   26.6   0.0   1   1   1.8e-08   4.9e-07   26.5   0.0    51   117     3    69     1    72 0.92 -
AgamP4_2R:33618033-33618905   -            291 22611at6656          -            473   4.6e-07   26.6   3.5   1   2    0.0041      0.11    8.9   0.3    53   123    13    87     4   136 0.76 -
AgamP4_2R:33618033-33618905   -            291 22611at6656          -            473   4.6e-07   26.6   3.5   2   2   4.8e-06   0.00013   18.5   0.2    65   129   181   251   177   290 0.71 -
AgamP4_3R:36381523-36381843   -            107 22611at6656          -            473   7.6e-07   25.9   0.0   1   1   1.9e-07     5e-06   23.2   0.0    67   175     5   106     1   107 0.81 -
AgamP4_2R:607350-612901       -           1311 22611at6656          -            473     8e-07   25.8   0.8   1   3   3.5e-05   0.00093   15.7   0.0   154   216    49   112    36   119 0.85 -
AgamP4_2R:607350-612901       -           1311 22611at6656          -            473     8e-07   25.8   0.8   2   3     0.012      0.32    7.3   0.1   184   229   123   169   116   260 0.70 -
AgamP4_2R:607350-612901       -           1311 22611at6656          -            473     8e-07   25.8   0.8   3   3       5.4   1.4e+02   -1.4   0.0   181   221   248   286   241   294 0.72 -
AgamP4_2R:19482106-19482531   -            142 22611at6656          -            473   1.2e-06   25.2   0.5   1   2     0.011      0.29    7.5   0.0   159   177    22    42     4    53 0.62 -
AgamP4_2R:19482106-19482531   -            142 22611at6656          -            473   1.2e-06   25.2   0.5   2   2   2.1e-05   0.00056   16.4   0.1   159   212    86   140    49   142 0.75 -
AgamP4_2R:5699239-5699694     -            152 22611at6656          -            473   1.3e-06   25.1   0.6   1   1   7.8e-08   2.1e-06   24.4   0.6    48   129    35   116    11   149 0.87 -
AgamP4_2L:30448255-30449016   -            254 22611at6656          -            473   1.7e-06   24.7   0.1   1   1   1.5e-07   3.9e-06   23.5   0.1    23   216    44   236    38   244 0.76 -
AgamP4_3R:9192526-9193299     -            258 22611at6656          -            473   1.8e-06   24.6   3.1   1   2   2.3e-07   6.2e-06   22.9   0.6    69   222    21   172     8   188 0.79 -
AgamP4_3R:9192526-9193299     -            258 22611at6656          -            473   1.8e-06   24.6   3.1   2   2      0.51        13    2.0   0.1   163   213   202   257   193   258 0.70 -
AgamP4_2L:23646477-23647193   -            239 22611at6656          -            473     2e-06   24.5   0.7   1   1   4.1e-07   1.1e-05   22.1   0.7    49   174    37   164    25   178 0.77 -
AgamP4_3L:5009144-5025074     -           3526 22611at6656          -            473     2e-06   24.5   1.7   1   4       1.3        35    0.6   0.1   139   179   107   144    55   203 0.66 -
AgamP4_3L:5009144-5025074     -           3526 22611at6656          -            473     2e-06   24.5   1.7   2   4     0.044       1.2    5.5   0.0   181   223  3204  3246  3184  3256 0.87 -
AgamP4_3L:5009144-5025074     -           3526 22611at6656          -            473     2e-06   24.5   1.7   3   4   0.00015    0.0039   13.6   0.0   178   217  3427  3466  3419  3478 0.87 -
AgamP4_3L:5009144-5025074     -           3526 22611at6656          -            473     2e-06   24.5   1.7   4   4       9.1   2.4e+02   -2.2   0.0    19    44  3487  3514  3472  3520 0.84 -
AgamP4_2L:14641875-14642039   -             55 22611at6656          -            473   4.2e-06   23.4   0.8   1   1   2.7e-07     7e-06   22.7   0.8   160   215     1    55     1    55 0.84 -
AgamP4_2L:26588019-26588645   -            209 22611at6656          -            473   5.1e-06   23.2   0.2   1   2   0.00019    0.0049   13.3   0.2   148   213    49   119    37   135 0.69 -
AgamP4_2L:26588019-26588645   -            209 22611at6656          -            473   5.1e-06   23.2   0.2   2   2    0.0065      0.17    8.2   0.0   147   209   136   207   123   209 0.70 -
AgamP4_3L:27210475-27217966   -           1304 22611at6656          -            473   7.8e-06   22.5   0.0   1   2   9.3e-07   2.5e-05   20.9   0.0    89   250   125   295    96   301 0.77 -
AgamP4_3L:27210475-27217966   -           1304 22611at6656          -            473   7.8e-06   22.5   0.0   2   2    0.0044      0.12    8.8   0.0    75   126   247   300   234   335 0.79 -
AgamP4_3R:9185154-9185825     -            224 22611at6656          -            473   8.3e-06   22.5   3.4   1   2   1.9e-06     5e-05   19.9   0.8    91   222     9   138     3   154 0.74 -
AgamP4_3R:9185154-9185825     -            224 22611at6656          -            473   8.3e-06   22.5   3.4   2   2      0.39        10    2.4   0.1   163   213   168   223   158   224 0.71 -
AgamP4_3L:6454346-6454936     -            197 22611at6656          -            473     1e-05   22.1   0.0   1   1   5.3e-07   1.4e-05   21.7   0.0   154   220     2    69     1    78 0.91 -
AgamP4_3L:41231722-41232210   -            163 22611at6656          -            473   1.3e-05   21.8   4.0   1   1   2.8e-05   0.00074   16.0   4.0   131   215    33   119    17   130 0.67 -
AgamP4_3L:40902014-40902928   -            305 22611at6656          -            473   1.7e-05   21.4   0.1   1   2      0.26       6.8    3.0   0.0   196   256    80   143    58   187 0.74 -
AgamP4_3L:40902014-40902928   -            305 22611at6656          -            473   1.7e-05   21.4   0.1   2   2   2.1e-05   0.00055   16.4   0.1   141   230   190   279   182   305 0.85 -
AgamP4_2R:658072-660560       -            803 22611at6656          -            473   1.9e-05   21.3   3.3   1   2   5.6e-05    0.0015   15.0   0.4    98   224    17   148     6   159 0.72 -
AgamP4_2R:658072-660560       -            803 22611at6656          -            473   1.9e-05   21.3   3.3   2   2     0.025      0.65    6.3   0.2    65   126   164   227   150   319 0.68 -
AgamP4_3R:45763106-45764611   -            451 22611at6656          -            473   4.8e-05   19.9   0.0   1   2   2.5e-05   0.00067   16.2   0.0   152   217   200   266   181   275 0.88 -
AgamP4_3R:45763106-45764611   -            451 22611at6656          -            473   4.8e-05   19.9   0.0   2   2         1        27    1.0   0.0   163   213   313   364   306   387 0.78 -
AgamP4_2R:51637894-51639855   -            654 22611at6656          -            473   7.7e-05   19.3   0.0   1   1   4.9e-06   0.00013   18.5   0.0    73   157   367   453   312   468 0.85 -
AgamP4_3R:1367005-1367511     -            169 22611at6656          -            473   9.1e-05   19.0   0.1   1   3      0.13       3.5    3.9   0.0   169   220    12    68     3    94 0.54 -
AgamP4_3R:1367005-1367511     -            169 22611at6656          -            473   9.1e-05   19.0   0.1   2   3    0.0093      0.25    7.7   0.0   184   217    79   116    44   127 0.71 -
AgamP4_3R:1367005-1367511     -            169 22611at6656          -            473   9.1e-05   19.0   0.1   3   3   0.00014    0.0036   13.7   0.1    23    94    92   167    75   169 0.76 -
AgamP4_3R:12498146-12498439   -             98 22611at6656          -            473   0.00015   18.3   0.0   1   1   5.6e-06   0.00015   18.3   0.0    54   117    30    97     2    98 0.75 -
AgamP4_X:18819743-18820459    -            239 22611at6656          -            473   0.00015   18.3   0.0   1   2   0.00017    0.0045   13.4   0.0   183   259     2    84     1    89 0.62 -
AgamP4_X:18819743-18820459    -            239 22611at6656          -            473   0.00015   18.3   0.0   2   2      0.36       9.5    2.5   0.0   192   226   104   139    93   146 0.78 -
AgamP4_3R:8573929-8577509     -            799 22611at6656          -            473   0.00021   17.8   0.0   1   2    0.0011     0.029   10.8   0.0   135   238   190   295   179   330 0.75 -
AgamP4_3R:8573929-8577509     -            799 22611at6656          -            473   0.00021   17.8   0.0   2   2       0.1       2.7    4.3   0.0    34    83   387   441   379   444 0.72 -
AgamP4_2L:14185747-14186679   -            311 22611at6656          -            473   0.00032   17.2   1.1   1   4       1.8        48    0.2   0.0    97   125     6    34     1    54 0.87 -
AgamP4_2L:14185747-14186679   -            311 22611at6656          -            473   0.00032   17.2   1.1   2   4         2        52    0.0   0.0   189   219    57    87    50    97 0.83 -
AgamP4_2L:14185747-14186679   -            311 22611at6656          -            473   0.00032   17.2   1.1   3   4    0.0017     0.045   10.1   0.0   156   217   110   171   106   218 0.76 -
AgamP4_2L:14185747-14186679   -            311 22611at6656          -            473   0.00032   17.2   1.1   4   4      0.33       8.6    2.6   0.0   112   210   199   297   176   309 0.66 -
AgamP4_X:10710538-10711383    -            282 22611at6656          -            473   0.00042   16.8   0.4   1   2     0.021      0.57    6.5   0.1    68   121     7    66     2    83 0.46 -
AgamP4_X:10710538-10711383    -            282 22611at6656          -            473   0.00042   16.8   0.4   2   2     0.004      0.11    8.9   0.0   116   175   216   280   149   282 0.80 -
AgamP4_2R:16413550-16413684   -             45 22611at6656          -            473   0.00044   16.8   0.0   1   1   1.7e-05   0.00045   16.7   0.0   170   212     1    44     1    45 0.92 -
AgamP4_X:17576612-17576797    -             62 22611at6656          -            473    0.0022   14.4   0.0   1   1   8.4e-05    0.0022   14.4   0.0   145   191     4    52     1    61 0.81 -
AgamP4_2L:28577017-28581157   -            547 22611at6656          -            473    0.0024   14.3   0.3   1   1   0.00013    0.0034   13.8   0.3   183   256   388   468   365   477 0.54 -
AgamP4_2R:11886267-11886941   -            225 22611at6656          -            473    0.0056   13.1   0.0   1   1   0.00038      0.01   12.3   0.0    94   174   113   190    96   196 0.79 -
AgamP4_3R:43264774-43265163   -            130 22611at6656          -            473    0.0057   13.1   0.2   1   1   0.00027    0.0072   12.8   0.2    68   124     1    61     1    77 0.74 -
AgamP4_3R:39152841-39152999   -             53 22611at6656          -            473    0.0082   12.6   0.0   1   1   0.00031    0.0082   12.6   0.0    64    92     7    35     2    50 0.70 -
AgamP4_3L:34631728-34632330   -            201 22611at6656          -            473    0.0089   12.5   0.1   1   1   0.00044     0.012   12.1   0.1    68   123   122   179    95   185 0.58 -
AgamP4_2L:23207381-23207965   -            195 22611at6656          -            473     0.012   12.0   0.0   1   1   0.00068     0.018   11.4   0.0   113   179     3    61     1    79 0.72 -
AgamP4_3R:24679529-24681037   -            503 22611at6656          -            473     0.015   11.7   0.0   1   1    0.0009     0.024   11.0   0.0   169   264   313   413   294   453 0.81 -
AgamP4_3R:50381123-50381635   -            171 22611at6656          -            473     0.039   10.4   0.3   1   2     0.013      0.33    7.3   0.0   189   216    32    59    16    95 0.77 -
AgamP4_3R:50381123-50381635   -            171 22611at6656          -            473     0.039   10.4   0.3   2   2      0.56        15    1.8   0.1   177   214   102   139    60   158 0.71 -
#
# Program:         hmmsearch
# Version:         3.1b2 (February 2015)
# Pipeline mode:   SEARCH
# Query file:      /hpcdata/bcbb/homc/Barillaslab/Agam_hemo_transcriptomes/scripts/compare_txomes/busco/busco_downloads/lineages/arthropoda_odb10/hmms/22611at6656.hmm
# Target file:     /hpcdata/bcbb/homc/Barillaslab/Agam_hemo_transcriptomes/scripts/compare_txomes/busco/VB59_AgambiaePEST_BUSCO/run_arthropoda_odb10/metaeuk_output/initial_results/VectorBase-59_AgambiaePEST_Genome.fasta.modified.fas
# Option settings: hmmsearch --domtblout /hpcdata/bcbb/homc/Barillaslab/Agam_hemo_transcriptomes/scripts/compare_txomes/busco/VB59_AgambiaePEST_BUSCO/run_arthropoda_odb10/hmmer_output/initial_run_results/22611at6656.out --cpu 1 /hpcdata/bcbb/homc/Barillaslab/Agam_hemo_transcriptomes/scripts/compare_txomes/busco/busco_downloads/lineages/arthropoda_odb10/hmms/22611at6656.hmm /hpcdata/bcbb/homc/Barillaslab/Agam_hemo_transcriptomes/scripts/compare_txomes/busco/VB59_AgambiaePEST_BUSCO/run_arthropoda_odb10/metaeuk_output/initial_results/VectorBase-59_AgambiaePEST_Genome.fasta.modified.fas 
# Current dir:     /hpcdata/bcbb/homc/Barillaslab/Agam_hemo_transcriptomes/scripts/compare_txomes/busco
# Date:            Fri Jan 27 16:40:31 2023
# [ok]
