#                                                                                     --- full sequence --- -------------- this domain -------------   hmm coord   ali coord   env coord
# target name                 accession   tlen query name           accession   qlen   E-value  score  bias   #  of  c-Evalue  i-Evalue  score  bias  from    to  from    to  from    to  acc description of target
#         ------------------- ---------- ----- -------------------- ---------- ----- --------- ------ ----- --- --- --------- --------- ------ ----- ----- ----- ----- ----- ----- ----- ---- ---------------------
AgamP4_3R:9738106-9741429     -            988 24556at6656          -            596  5.4e-224  742.5  29.8   1   5   2.4e-29   3.7e-26   89.2   0.0     1   114   117   232   117   239 0.82 -
AgamP4_3R:9738106-9741429     -            988 24556at6656          -            596  5.4e-224  742.5  29.8   2   5   5.1e-95   7.8e-92  306.1  11.3    87   289   254   478   250   485 0.94 -
AgamP4_3R:9738106-9741429     -            988 24556at6656          -            596  5.4e-224  742.5  29.8   3   5   9.6e-33   1.5e-29  100.4   3.0   289   416   506   666   498   670 0.78 -
AgamP4_3R:9738106-9741429     -            988 24556at6656          -            596  5.4e-224  742.5  29.8   4   5   4.9e-35   7.6e-32  108.0   0.0   416   499   705   801   694   812 0.90 -
AgamP4_3R:9738106-9741429     -            988 24556at6656          -            596  5.4e-224  742.5  29.8   5   5   3.9e-46     6e-43  144.6   0.1   494   596   850   952   844   952 0.98 -
AgamP4_UNKN:22841555-22842541 -            329 24556at6656          -            596   4.1e-85  283.9  10.9   1   2     4e-30   6.2e-27   91.7   0.0     1   116    58   175    58   180 0.83 -
AgamP4_UNKN:22841555-22842541 -            329 24556at6656          -            596   4.1e-85  283.9  10.9   2   2   4.2e-60   6.4e-57  190.8  10.3    87   212   195   329   191   329 0.94 -
#
# Program:         hmmsearch
# Version:         3.1b2 (February 2015)
# Pipeline mode:   SEARCH
# Query file:      /hpcdata/bcbb/homc/Barillaslab/Agam_hemo_transcriptomes/scripts/compare_txomes/busco/busco_downloads/lineages/arthropoda_odb10/hmms/24556at6656.hmm
# Target file:     /hpcdata/bcbb/homc/Barillaslab/Agam_hemo_transcriptomes/scripts/compare_txomes/busco/VB59_AgambiaePEST_BUSCO/run_arthropoda_odb10/metaeuk_output/initial_results/VectorBase-59_AgambiaePEST_Genome.fasta.modified.fas
# Option settings: hmmsearch --domtblout /hpcdata/bcbb/homc/Barillaslab/Agam_hemo_transcriptomes/scripts/compare_txomes/busco/VB59_AgambiaePEST_BUSCO/run_arthropoda_odb10/hmmer_output/initial_run_results/24556at6656.out --cpu 1 /hpcdata/bcbb/homc/Barillaslab/Agam_hemo_transcriptomes/scripts/compare_txomes/busco/busco_downloads/lineages/arthropoda_odb10/hmms/24556at6656.hmm /hpcdata/bcbb/homc/Barillaslab/Agam_hemo_transcriptomes/scripts/compare_txomes/busco/VB59_AgambiaePEST_BUSCO/run_arthropoda_odb10/metaeuk_output/initial_results/VectorBase-59_AgambiaePEST_Genome.fasta.modified.fas 
# Current dir:     /hpcdata/bcbb/homc/Barillaslab/Agam_hemo_transcriptomes/scripts/compare_txomes/busco
# Date:            Fri Jan 27 16:40:34 2023
# [ok]
