#                                                                                     --- full sequence --- -------------- this domain -------------   hmm coord   ali coord   env coord
# target name                 accession   tlen query name           accession   qlen   E-value  score  bias   #  of  c-Evalue  i-Evalue  score  bias  from    to  from    to  from    to  acc description of target
#         ------------------- ---------- ----- -------------------- ---------- ----- --------- ------ ----- --- --- --------- --------- ------ ----- ----- ----- ----- ----- ----- ----- ---- ---------------------
AgamP4_2R:33788819-33810682   -            980 28325at6656          -            727         0 1162.9 103.1   1   2  1.7e-190  4.6e-189  627.4   0.0     1   317     2   347     2   369 0.93 -
AgamP4_2R:33788819-33810682   -            980 28325at6656          -            727         0 1162.9 103.1   2   2  1.9e-160  5.2e-159  528.1 102.0   307   727   479   969   463   969 0.88 -
AgamP4_2L:25574944-25575717   -            258 28325at6656          -            727     4e-64  214.4   0.0   1   1   1.8e-65   4.7e-64  214.1   0.0    19   257     1   253     1   257 0.88 -
AgamP4_2L:25560534-25575756   -           1659 28325at6656          -            727   8.4e-64  213.3   0.0   1   1   3.1e-65   8.4e-64  213.3   0.0    17   310    12   331     4   342 0.79 -
AgamP4_3L:6249396-6300356     -           2056 28325at6656          -            727   1.2e-54  183.0   0.0   1   1   4.5e-56   1.2e-54  183.0   0.0    16   252   602   859   591   868 0.84 -
AgamP4_3L:11729705-11731985   -            240 28325at6656          -            727     5e-54  181.0   0.0   1   1   2.2e-55   5.9e-54  180.8   0.0    60   257    21   238     4   240 0.86 -
AgamP4_2L:29944909-29945720   -            242 28325at6656          -            727   1.3e-49  166.4   0.0   1   1   5.8e-51   1.6e-49  166.1   0.0    41   246     4   230     2   241 0.83 -
AgamP4_2R:30567921-30568799   -            293 28325at6656          -            727   1.7e-47  159.4   0.0   1   2   5.4e-39   1.4e-37  126.6   0.0    23   196     2   176     1   194 0.84 -
AgamP4_2R:30567921-30568799   -            293 28325at6656          -            727   1.7e-47  159.4   0.0   2   2   4.1e-10   1.1e-08   31.1   0.0   196   262   202   281   199   290 0.80 -
AgamP4_2R:10491671-10492411   -            247 28325at6656          -            727   5.8e-46  154.3   0.0   1   1   2.3e-47   6.3e-46  154.2   0.0    29   256     1   243     1   247 0.82 -
AgamP4_3R:46652697-46653230   -            178 28325at6656          -            727   2.4e-40  135.8   0.0   1   1     1e-41   2.8e-40  135.5   0.0    94   248     1   164     1   171 0.84 -
AgamP4_2R:24959813-24972861   -            789 28325at6656          -            727   2.6e-40  135.6   0.0   1   2   5.9e-22   1.6e-20   70.2   0.0    33   214    44   233    36   250 0.86 -
AgamP4_2R:24959813-24972861   -            789 28325at6656          -            727   2.6e-40  135.6   0.0   2   2   7.7e-20   2.1e-18   63.2   0.0    67   234   474   649   465   674 0.86 -
AgamP4_2L:37143544-37144398   -            285 28325at6656          -            727     4e-39  131.7   0.0   1   1   2.5e-40   6.7e-39  131.0   0.0    42   232    34   238    12   283 0.77 -
AgamP4_X:13692826-13693632    -            269 28325at6656          -            727   3.3e-31  105.5   0.0   1   1   1.6e-32   4.3e-31  105.2   0.0    29   220    17   216    12   231 0.85 -
AgamP4_2L:39288007-39288876   -            267 28325at6656          -            727     1e-27   94.0   0.0   1   1   4.9e-29   1.3e-27   93.7   0.0    23   215    20   218    16   238 0.85 -
AgamP4_3L:31736387-31737265   -            293 28325at6656          -            727   1.7e-25   86.7   0.1   1   2   4.6e-19   1.2e-17   60.7   0.0    29   169    19   162     1   174 0.85 -
AgamP4_3L:31736387-31737265   -            293 28325at6656          -            727   1.7e-25   86.7   0.1   2   2   4.8e-08   1.3e-06   24.2   0.0   171   210   207   243   203   252 0.87 -
AgamP4_2R:12775626-12776459   -            278 28325at6656          -            727     2e-25   86.4   0.0   1   1   9.4e-27   2.5e-25   86.1   0.0     9   219     9   227     3   231 0.84 -
AgamP4_3R:2154154-2154750     -            199 28325at6656          -            727   3.7e-24   82.2   0.0   1   1   1.5e-25   4.1e-24   82.1   0.0    24   216     2   199     1   199 0.84 -
AgamP4_2L:33212747-33213520   -            258 28325at6656          -            727   3.1e-22   75.9   0.1   1   1   1.5e-23   4.2e-22   75.5   0.1    26   224    13   215     8   221 0.84 -
AgamP4_2L:20428147-20428812   -            222 28325at6656          -            727   7.4e-22   74.6   0.0   1   1   3.2e-23   8.7e-22   74.4   0.0    23   217     2   201     1   211 0.86 -
AgamP4_2L:22609161-22609766   -            202 28325at6656          -            727   1.3e-21   73.8   0.0   1   1   5.6e-23   1.5e-21   73.6   0.0    66   214     1   154     1   168 0.85 -
AgamP4_2R:41005562-41006419   -            286 28325at6656          -            727   3.3e-21   72.5   0.4   1   2   1.5e-19   4.1e-18   62.2   0.1    26   163    11   152     6   159 0.85 -
AgamP4_2R:41005562-41006419   -            286 28325at6656          -            727   3.3e-21   72.5   0.4   2   2    0.0029     0.079    8.4   0.0   179   224   202   245   195   251 0.82 -
AgamP4_2R:4098457-4099236     -            260 28325at6656          -            727   2.1e-20   69.9   0.0   1   1   9.3e-22   2.5e-20   69.6   0.0    23   219     1   199     1   212 0.87 -
AgamP4_3L:15795187-15796083   -            299 28325at6656          -            727   2.2e-20   69.7   0.0   1   1   1.1e-21   2.9e-20   69.4   0.0    26   208    10   202     5   220 0.84 -
AgamP4_2L:49071614-49072360   -            249 28325at6656          -            727   2.8e-20   69.4   0.0   1   1   1.2e-21   3.3e-20   69.2   0.0    29   252     1   235     1   245 0.80 -
AgamP4_3R:9749534-9756598     -           1140 28325at6656          -            727   6.4e-20   68.2   0.0   1   1   3.7e-21   9.9e-20   67.6   0.0    63   232   913  1090   856  1134 0.78 -
AgamP4_UNKN:10625944-10720236 -            219 28325at6656          -            727   5.2e-19   65.2   0.0   1   1   2.2e-20   5.8e-19   65.1   0.0    77   264     1   198     1   212 0.78 -
AgamP4_2R:57948536-57949273   -            246 28325at6656          -            727   3.2e-18   62.6   0.0   1   1   1.5e-19   4.1e-18   62.3   0.0    66   216    11   164     8   180 0.90 -
AgamP4_X:1579006-1579692      -            229 28325at6656          -            727   4.1e-18   62.3   0.0   1   1   1.7e-19   4.6e-18   62.1   0.0    55   218     8   175     1   190 0.82 -
AgamP4_2L:31592309-31592980   -            224 28325at6656          -            727     5e-18   62.0   0.0   1   1   2.2e-19     6e-18   61.7   0.0    63   209    18   166     2   176 0.84 -
AgamP4_3L:37563610-37564715   -            299 28325at6656          -            727   5.3e-18   61.9   0.0   1   1     1e-18   2.7e-17   59.5   0.0    93   220    83   219    27   238 0.76 -
AgamP4_3L:41870701-41871162   -            154 28325at6656          -            727   7.2e-18   61.4   0.0   1   1   2.7e-19   7.3e-18   61.4   0.0   127   228     3   106     1   147 0.87 -
AgamP4_X:362525-363310        -            262 28325at6656          -            727   3.1e-17   59.3   0.0   1   1   1.4e-18   3.9e-17   59.0   0.0    28   218    10   207     3   221 0.80 -
AgamP4_2R:16630601-16634880   -            322 28325at6656          -            727   3.6e-17   59.1   0.0   1   1   1.8e-18   4.7e-17   58.7   0.0    23   219     5   205     3   214 0.85 -
AgamP4_2R:26655301-26657035   -            305 28325at6656          -            727     1e-16   57.6   0.0   1   2   4.2e-13   1.1e-11   41.0   0.0    26   166     5   150     2   170 0.82 -
AgamP4_2R:26655301-26657035   -            305 28325at6656          -            727     1e-16   57.6   0.0   2   2   3.7e-05     0.001   14.7   0.0   171   218   189   233   185   247 0.84 -
AgamP4_3R:43565214-43565878   -            193 28325at6656          -            727   1.5e-16   57.0   0.0   1   1   7.2e-18   1.9e-16   56.7   0.0    87   225     5   143     2   149 0.80 -
AgamP4_UNKN:8387609-8388250   -            214 28325at6656          -            727     2e-16   56.7   0.0   1   1   8.3e-18   2.2e-16   56.5   0.0    67   228     9   173     5   210 0.84 -
AgamP4_3R:33814883-33815596   -            238 28325at6656          -            727     4e-16   55.7   0.0   1   1   1.9e-17     5e-16   55.4   0.0    67   216     1   155     1   170 0.85 -
AgamP4_3R:7589509-7590111     -            201 28325at6656          -            727   4.3e-16   55.6   1.0   1   1     2e-17   5.5e-16   55.2   1.0    23   209     5   198     3   200 0.85 -
AgamP4_X:7311334-7312344      -            337 28325at6656          -            727   6.8e-16   54.9   0.0   1   1   3.3e-17   8.8e-16   54.5   0.0    23   218    28   232    16   251 0.80 -
AgamP4_2L:1975721-1976299     -            193 28325at6656          -            727   8.5e-16   54.6   0.0   1   1   3.9e-17   1.1e-15   54.3   0.0   128   223     4   106     1   114 0.86 -
AgamP4_3R:9420223-9420850     -            187 28325at6656          -            727     1e-15   54.4   0.0   1   1   3.7e-17     1e-15   54.4   0.0   126   224    32   136     1   164 0.84 -
AgamP4_2R:7154985-7155758     -            258 28325at6656          -            727   1.1e-15   54.2   0.1   1   1   5.2e-17   1.4e-15   53.9   0.1    23   234     4   219     2   241 0.87 -
AgamP4_3R:4797858-4798612     -            241 28325at6656          -            727   1.2e-15   54.1   0.0   1   1   6.7e-17   1.8e-15   53.5   0.0    69   220     2   164     1   191 0.81 -
AgamP4_3L:14629625-14630545   -            307 28325at6656          -            727   1.4e-15   53.9   0.1   1   1   4.4e-16   1.2e-14   50.8   0.1    23   218     3   218     1   238 0.80 -
AgamP4_3R:33816599-33817228   -            210 28325at6656          -            727   1.5e-15   53.8   0.0   1   1     7e-17   1.9e-15   53.5   0.0   116   209     2    96     1   101 0.88 -
AgamP4_2L:13918947-13919873   -            309 28325at6656          -            727   1.7e-15   53.6   0.0   1   1   9.7e-17   2.6e-15   53.0   0.0    75   225    97   250    95   262 0.87 -
AgamP4_2L:28506563-28507458   -            263 28325at6656          -            727   1.8e-15   53.5   0.0   1   1   8.7e-17   2.3e-15   53.1   0.0    27   210    23   207    10   225 0.78 -
AgamP4_3R:41859508-41859846   -            113 28325at6656          -            727   1.9e-15   53.5   0.0   1   1   7.5e-17     2e-15   53.4   0.0    99   192     3   105     1   112 0.82 -
AgamP4_3R:36265180-36265884   -            235 28325at6656          -            727   3.8e-15   52.5   0.0   1   1   1.7e-16   4.5e-15   52.2   0.0    29   230     2   225     1   230 0.77 -
AgamP4_2R:31369959-31371110   -            305 28325at6656          -            727   4.8e-15   52.1   0.0   1   1   2.3e-16   6.1e-15   51.8   0.0    15   227     3   220     2   226 0.81 -
AgamP4_2R:31368728-31369475   -            217 28325at6656          -            727   1.4e-14   50.6   0.0   1   1   8.2e-16   2.2e-14   49.9   0.0    71   217     8   160     3   174 0.83 -
AgamP4_2L:40119372-40120109   -            246 28325at6656          -            727     2e-14   50.0   0.0   1   1   9.8e-16   2.6e-14   49.7   0.0    86   226    17   170    11   176 0.73 -
AgamP4_3R:28047262-28047929   -            193 28325at6656          -            727   3.4e-14   49.3   0.0   1   1   1.3e-15   3.4e-14   49.3   0.0    95   210    68   187    18   193 0.85 -
AgamP4_X:8635939-8639723      -            246 28325at6656          -            727   5.5e-14   48.6   0.0   1   1   2.2e-15   5.9e-14   48.5   0.0    46   221    32   202     7   239 0.81 -
AgamP4_2R:18104794-18105727   -            216 28325at6656          -            727   6.1e-14   48.5   0.0   1   1   2.4e-15   6.5e-14   48.4   0.0    74   218     2   154     1   191 0.80 -
AgamP4_X:7444864-7449227      -            353 28325at6656          -            727   1.1e-13   47.7   0.0   1   1   6.1e-15   1.6e-13   47.1   0.0   125   217   151   245   142   269 0.84 -
AgamP4_2R:10522421-10523017   -            199 28325at6656          -            727   1.3e-13   47.4   0.0   1   1   4.9e-15   1.3e-13   47.4   0.0    79   219     1   143     1   186 0.82 -
AgamP4_3R:27713318-27714091   -            258 28325at6656          -            727   1.3e-13   47.4   0.0   1   1   6.2e-15   1.7e-13   47.0   0.0    27   209     5   206     3   227 0.76 -
AgamP4_3R:43275748-43276991   -            209 28325at6656          -            727   1.7e-13   47.0   0.0   1   1   6.8e-15   1.8e-13   46.9   0.0   125   215    31   128     1   150 0.77 -
AgamP4_2R:52970646-52971272   -            209 28325at6656          -            727   4.8e-13   45.5   0.0   1   1   2.1e-14   5.8e-13   45.2   0.0   108   217     3   116     1   132 0.79 -
AgamP4_3L:33930526-33931430   -            173 28325at6656          -            727   6.5e-13   45.1   0.0   1   1   2.8e-14   7.4e-13   44.9   0.0   124   237    38   151    25   167 0.83 -
AgamP4_3R:1100370-1101338     -            323 28325at6656          -            727   1.3e-12   44.0   0.0   1   2   1.5e-13   4.1e-12   42.4   0.0    20   153    40   176    29   201 0.84 -
AgamP4_3R:1100370-1101338     -            323 28325at6656          -            727   1.3e-12   44.0   0.0   2   2       2.5        66   -1.2   0.0   183   211   242   269   217   274 0.79 -
AgamP4_2L:16604655-16605218   -            188 28325at6656          -            727   1.8e-12   43.6   0.1   1   2   3.3e-09   8.9e-08   28.1   0.0    94   163     7    77     2    87 0.90 -
AgamP4_2L:16604655-16605218   -            188 28325at6656          -            727   1.8e-12   43.6   0.1   2   2   7.9e-05    0.0021   13.6   0.0   170   220   126   173   119   186 0.85 -
AgamP4_2L:17320723-17321664   -            314 28325at6656          -            727   4.4e-12   42.3   0.0   1   1   2.1e-13   5.6e-12   42.0   0.0    61   231    88   262    50   281 0.77 -
AgamP4_3L:1793176-1793835     -            220 28325at6656          -            727   5.4e-12   42.0   0.0   1   1   2.3e-13   6.3e-12   41.8   0.0    67   216     1   156     1   170 0.83 -
AgamP4_3R:24371551-24372410   -            255 28325at6656          -            727     6e-12   41.9   0.1   1   2   2.9e-05   0.00078   15.1   0.1    68   154     1    88     1    97 0.83 -
AgamP4_3R:24371551-24372410   -            255 28325at6656          -            727     6e-12   41.9   0.1   2   2   2.9e-08   7.8e-07   25.0   0.0   156   217   120   179   110   198 0.83 -
AgamP4_2R:32499270-32500034   -            231 28325at6656          -            727   1.5e-11   40.5   0.3   1   2     0.033      0.89    5.0   0.3    64   100     1    38     1    91 0.87 -
AgamP4_2R:32499270-32500034   -            231 28325at6656          -            727   1.5e-11   40.5   0.3   2   2   6.3e-11   1.7e-09   33.8   0.0   136   209   114   190   103   207 0.79 -
AgamP4_3R:1256707-1257198     -            164 28325at6656          -            727   2.2e-11   40.0   0.0   1   1   9.8e-13   2.6e-11   39.7   0.0    31   155    29   157     6   161 0.89 -
AgamP4_3R:18395621-18396388   -            256 28325at6656          -            727   2.6e-11   39.8   0.0   1   1   1.2e-12   3.2e-11   39.5   0.0    30   221    14   215     9   224 0.77 -
AgamP4_3L:34643253-34654950   -            391 28325at6656          -            727   2.7e-11   39.7   0.2   1   2   2.6e-12     7e-11   38.3   0.0    79   218    89   230    84   243 0.82 -
AgamP4_3L:34643253-34654950   -            391 28325at6656          -            727   2.7e-11   39.7   0.2   2   2       3.5        94   -1.7   0.2   357   392   350   385   336   390 0.67 -
AgamP4_2L:49208738-49209526   -            263 28325at6656          -            727   7.9e-11   38.2   0.0   1   1   3.8e-12     1e-10   37.8   0.0    28   207     6   199     4   205 0.71 -
AgamP4_X:1100395-1101187      -            137 28325at6656          -            727   8.2e-11   38.1   0.0   1   1   3.3e-12   8.8e-11   38.0   0.0   126   206     3    87     1   108 0.83 -
AgamP4_2L:26606057-26606989   -            311 28325at6656          -            727   1.2e-10   37.6   0.0   1   1   7.4e-12     2e-10   36.9   0.0   135   216   123   207   107   223 0.82 -
AgamP4_3R:19884487-19884923   -            115 28325at6656          -            727   1.3e-10   37.5   0.0   1   1   5.4e-12   1.4e-10   37.3   0.0    87   185    13   115     4   115 0.83 -
AgamP4_2R:5412325-5413377     -            351 28325at6656          -            727   1.9e-10   36.9   0.0   1   1   1.1e-11   3.1e-10   36.2   0.0    28   165    92   230    78   257 0.85 -
AgamP4_2R:33424062-33426535   -            291 28325at6656          -            727   3.2e-10   36.1   0.0   1   1   1.6e-11   4.3e-10   35.7   0.0    66   216    57   217    54   223 0.78 -
AgamP4_3L:41138578-41139324   -            249 28325at6656          -            727   5.7e-10   35.3   0.0   1   2   3.7e-06   9.9e-05   18.0   0.0   124   167    33    77     3    90 0.84 -
AgamP4_3L:41138578-41139324   -            249 28325at6656          -            727   5.7e-10   35.3   0.0   2   2   2.1e-05   0.00057   15.5   0.0   164   219   136   190   122   205 0.81 -
AgamP4_3R:13298061-13298487   -            122 28325at6656          -            727   5.9e-10   35.3   0.0   1   1   2.7e-11   7.3e-10   35.0   0.0    86   187     9   114     4   121 0.85 -
AgamP4_2R:27044629-27045039   -            137 28325at6656          -            727   6.4e-10   35.2   0.0   1   1     5e-11   1.3e-09   34.1   0.0   103   205    20   136     5   137 0.74 -
AgamP4_3R:17163819-17215734   -            253 28325at6656          -            727   1.2e-09   34.3   0.0   1   1   5.4e-11   1.4e-09   34.0   0.0    70   215    51   203    36   216 0.78 -
AgamP4_3L:37228580-37228861   -             94 28325at6656          -            727   1.8e-09   33.7   0.0   1   1   7.5e-11     2e-09   33.5   0.0   141   215     1    76     1    82 0.85 -
AgamP4_2R:7219517-7219945     -            143 28325at6656          -            727   1.9e-09   33.6   0.1   1   1   7.6e-11   2.1e-09   33.5   0.1    30   164     2   141     1   143 0.85 -
AgamP4_3L:37372980-37373910   -            236 28325at6656          -            727     2e-09   33.5   0.0   1   1   1.1e-09   2.9e-08   29.7   0.0   118   209    80   178     1   189 0.82 -
AgamP4_X:614265-615356        -            223 28325at6656          -            727   2.9e-09   33.0   0.0   1   2     0.011       0.3    6.5   0.0    65   126    24    86    11    94 0.88 -
AgamP4_X:614265-615356        -            223 28325at6656          -            727   2.9e-09   33.0   0.0   2   2   3.8e-08     1e-06   24.6   0.0   126   215   117   222   113   223 0.74 -
AgamP4_3L:33162453-33163238   -            262 28325at6656          -            727   3.3e-09   32.8   0.0   1   1   1.5e-10   3.9e-09   32.6   0.0    29   209    13   204     9   230 0.73 -
AgamP4_2R:47541653-47542489   -            208 28325at6656          -            727   5.5e-09   32.1   0.1   1   1   1.6e-09   4.2e-08   29.2   0.1    74   209     2   119     1   133 0.79 -
AgamP4_2R:58174567-58175244   -            226 28325at6656          -            727   7.9e-09   31.6   0.0   1   1   3.1e-10   8.5e-09   31.5   0.0    95   211    19   142     1   161 0.78 -
AgamP4_2L:40480217-40481047   -            277 28325at6656          -            727   8.5e-09   31.5   0.0   1   1   9.9e-10   2.7e-08   29.8   0.0    26   220     7   225     3   234 0.71 -
AgamP4_3L:39389145-39391059   -            312 28325at6656          -            727   1.4e-08   30.8   0.0   1   2      0.45        12    1.2   0.0    24    49    13    41     8    45 0.79 -
AgamP4_3L:39389145-39391059   -            312 28325at6656          -            727   1.4e-08   30.8   0.0   2   2   6.2e-09   1.7e-07   27.2   0.0   129   216    85   169    79   187 0.82 -
AgamP4_3L:35910052-35910336   -             95 28325at6656          -            727   1.8e-08   30.4   0.0   1   1   7.6e-10     2e-08   30.2   0.0   131   192     5    71     2    83 0.81 -
AgamP4_X:14841699-14871885    -           2866 28325at6656          -            727   3.3e-08   29.5   0.0   1   1   1.8e-09   4.9e-08   29.0   0.0   124   216  2243  2350  2184  2358 0.80 -
AgamP4_3L:39278960-39279430   -            122 28325at6656          -            727   4.6e-08   29.0   0.0   1   1   1.9e-09   5.1e-08   28.9   0.0   140   209     1    65     1    85 0.81 -
AgamP4_2L:16055283-16055786   -            168 28325at6656          -            727     5e-08   28.9   0.0   1   1   1.9e-09   5.1e-08   28.9   0.0    65   164    64   168    22   168 0.83 -
AgamP4_3L:13192665-13193087   -            141 28325at6656          -            727   5.3e-08   28.8   0.0   1   1   2.3e-09   6.1e-08   28.6   0.0   126   209     3    90     1   100 0.76 -
AgamP4_2R:21839575-21840291   -            239 28325at6656          -            727     7e-08   28.4   0.0   1   1   3.7e-09   9.9e-08   27.9   0.0    67   208    40   203    37   214 0.69 -
AgamP4_3L:41937987-41938859   -            250 28325at6656          -            727   1.2e-07   27.7   0.1   1   1   1.2e-08   3.2e-07   26.2   0.1   119   211   110   206     1   218 0.66 -
AgamP4_X:199567-200327        -            227 28325at6656          -            727   3.8e-07   26.0   0.0   1   1   1.8e-08   4.7e-07   25.7   0.0    66   229     3   182     1   192 0.74 -
AgamP4_2L:37728172-37728414   -             81 28325at6656          -            727   9.3e-07   24.7   0.0   1   1   3.7e-08   9.9e-07   24.6   0.0    18    98     1    81     1    81 0.88 -
AgamP4_3L:7669339-7669647     -            103 28325at6656          -            727   1.6e-06   24.0   0.0   1   1   6.3e-08   1.7e-06   23.9   0.0   112   185    23   102    12   103 0.83 -
AgamP4_3R:7803840-7804550     -            237 28325at6656          -            727   4.7e-06   22.4   0.1   1   2      0.21       5.5    2.3   0.0    29   100    18    83    11    96 0.73 -
AgamP4_3R:7803840-7804550     -            237 28325at6656          -            727   4.7e-06   22.4   0.1   2   2   2.7e-06   7.4e-05   18.4   0.0   139   208   156   236   100   237 0.79 -
AgamP4_3R:11049321-11049980   -            220 28325at6656          -            727   6.2e-06   22.0   0.0   1   1   2.8e-07   7.5e-06   21.7   0.0    27   179     5   160     1   168 0.83 -
AgamP4_3R:45614953-45615573   -            207 28325at6656          -            727   1.2e-05   21.1   0.0   1   1     5e-07   1.4e-05   20.9   0.0    63   206    44   195     5   204 0.70 -
AgamP4_UNKN:5473567-5474241   -            225 28325at6656          -            727   1.2e-05   21.1   0.2   1   2      0.71        19    0.5   0.1    29    69     3    44     2    61 0.77 -
AgamP4_UNKN:5473567-5474241   -            225 28325at6656          -            727   1.2e-05   21.1   0.2   2   2   2.4e-06   6.5e-05   18.6   0.0   139   208   144   224    88   225 0.78 -
AgamP4_2R:42407084-42407479   -            132 28325at6656          -            727     3e-05   19.7   0.1   1   1   2.9e-06   7.7e-05   18.4   0.1   154   247     4   118     1   131 0.68 -
AgamP4_X:11286100-11286798    -            233 28325at6656          -            727   3.4e-05   19.5   0.1   1   1   1.9e-06   5.2e-05   18.9   0.1    25   151     5   131     2   162 0.77 -
AgamP4_2R:15993813-15996023   -            408 28325at6656          -            727   4.5e-05   19.2   0.1   1   2   0.00026    0.0069   11.9   0.0    29   164    51   197    39   209 0.71 -
AgamP4_2R:15993813-15996023   -            408 28325at6656          -            727   4.5e-05   19.2   0.1   2   2     0.031      0.85    5.0   0.0   172   217   242   284   235   297 0.80 -
AgamP4_2R:16543291-16580751   -            238 28325at6656          -            727   7.1e-05   18.5   0.1   1   2      0.62        17    0.7   0.1    95   151    30    88    13    95 0.74 -
AgamP4_2R:16543291-16580751   -            238 28325at6656          -            727   7.1e-05   18.5   0.1   2   2     2e-05   0.00053   15.6   0.0   156   232   120   196   109   212 0.80 -
AgamP4_3R:21532444-21533150   -            205 28325at6656          -            727   7.4e-05   18.4   0.0   1   1   3.3e-06   8.9e-05   18.2   0.0   114   234    52   176    30   189 0.73 -
AgamP4_2L:16053125-16053898   -            258 28325at6656          -            727   7.6e-05   18.4   0.0   1   1   3.5e-06   9.4e-05   18.1   0.0    64   237    41   218     2   242 0.76 -
AgamP4_2R:5355921-5358448     -            668 28325at6656          -            727   7.8e-05   18.4   0.2   1   3       6.2   1.7e+02   -2.6   0.1    29    47    52    68    47    74 0.79 -
AgamP4_2R:5355921-5358448     -            668 28325at6656          -            727   7.8e-05   18.4   0.2   2   3   2.1e-05   0.00057   15.5   0.0   125   167   183   226   117   231 0.77 -
AgamP4_2R:5355921-5358448     -            668 28325at6656          -            727   7.8e-05   18.4   0.2   3   3       1.5        41   -0.5   0.0   171   210   292   328   288   358 0.83 -
AgamP4_2R:51230133-51230987   -            285 28325at6656          -            727    0.0002   17.0   0.0   1   1     1e-05   0.00027   16.6   0.0   114   206   109   213    49   231 0.63 -
AgamP4_X:9865702-9869765      -            927 28325at6656          -            727    0.0077   11.8   0.0   1   1   0.00041     0.011   11.2   0.0   119   210   152   244   128   248 0.85 -
AgamP4_X:10713622-10714140    -            173 28325at6656          -            727     0.009   11.5   0.0   1   1   0.00044     0.012   11.1   0.0   126   163     4    42     1    49 0.91 -
AgamP4_3R:12311508-12311972   -            155 28325at6656          -            727     0.011   11.2   0.0   1   1   0.00044     0.012   11.1   0.0   149   216     1    74     1   111 0.71 -
AgamP4_UNKN:32199797-32200375 -            193 28325at6656          -            727     0.018   10.5   0.0   1   1   0.00091     0.025   10.1   0.0   128   209    41   125    37   129 0.72 -
#
# Program:         hmmsearch
# Version:         3.1b2 (February 2015)
# Pipeline mode:   SEARCH
# Query file:      /hpcdata/bcbb/homc/Barillaslab/Agam_hemo_transcriptomes/scripts/compare_txomes/busco/busco_downloads/lineages/arthropoda_odb10/hmms/28325at6656.hmm
# Target file:     /hpcdata/bcbb/homc/Barillaslab/Agam_hemo_transcriptomes/scripts/compare_txomes/busco/VB59_AgambiaePEST_BUSCO/run_arthropoda_odb10/metaeuk_output/initial_results/VectorBase-59_AgambiaePEST_Genome.fasta.modified.fas
# Option settings: hmmsearch --domtblout /hpcdata/bcbb/homc/Barillaslab/Agam_hemo_transcriptomes/scripts/compare_txomes/busco/VB59_AgambiaePEST_BUSCO/run_arthropoda_odb10/hmmer_output/initial_run_results/28325at6656.out --cpu 1 /hpcdata/bcbb/homc/Barillaslab/Agam_hemo_transcriptomes/scripts/compare_txomes/busco/busco_downloads/lineages/arthropoda_odb10/hmms/28325at6656.hmm /hpcdata/bcbb/homc/Barillaslab/Agam_hemo_transcriptomes/scripts/compare_txomes/busco/VB59_AgambiaePEST_BUSCO/run_arthropoda_odb10/metaeuk_output/initial_results/VectorBase-59_AgambiaePEST_Genome.fasta.modified.fas 
# Current dir:     /hpcdata/bcbb/homc/Barillaslab/Agam_hemo_transcriptomes/scripts/compare_txomes/busco
# Date:            Fri Jan 27 16:40:38 2023
# [ok]
