#                                                                                     --- full sequence --- -------------- this domain -------------   hmm coord   ali coord   env coord
# target name                 accession   tlen query name           accession   qlen   E-value  score  bias   #  of  c-Evalue  i-Evalue  score  bias  from    to  from    to  from    to  acc description of target
#         ------------------- ---------- ----- -------------------- ---------- ----- --------- ------ ----- --- --- --------- --------- ------ ----- ----- ----- ----- ----- ----- ----- ---- ---------------------
AgamP4_3L:31279277-31281446   -            674 40929at6656          -            563  1.2e-252  836.8   5.9   1   2   3.9e-61     1e-59  199.9   2.1     2   182     5   217     4   227 0.87 -
AgamP4_3L:31279277-31281446   -            674 40929at6656          -            563  1.2e-252  836.8   5.9   2   2  3.5e-192  9.3e-191  632.5   0.1   178   563   237   670   232   670 0.93 -
AgamP4_3L:36689004-36689834   -            277 40929at6656          -            563   1.7e-57  192.6  10.9   1   4   1.4e-10   3.8e-09   33.0   0.2   336   407     2    73     1    78 0.58 -
AgamP4_3L:36689004-36689834   -            277 40929at6656          -            563   1.7e-57  192.6  10.9   2   4   6.6e-26   1.8e-24   83.6   1.6   332   464    40   172    39   180 0.96 -
AgamP4_3L:36689004-36689834   -            277 40929at6656          -            563   1.7e-57  192.6  10.9   3   4   1.1e-21   2.9e-20   69.7   0.3   331   452    81   202    76   212 0.88 -
AgamP4_3L:36689004-36689834   -            277 40929at6656          -            563   1.7e-57  192.6  10.9   4   4   6.1e-10   1.6e-08   30.9   0.0   338   401   214   277   207   277 0.96 -
AgamP4_3L:36698245-36698961   -            239 40929at6656          -            563   1.5e-52  176.3   9.8   1   3   3.4e-12   9.2e-11   38.3   0.1   322   408     5    89     3    93 0.90 -
AgamP4_3L:36698245-36698961   -            239 40929at6656          -            563   1.5e-52  176.3   9.8   2   3     1e-26   2.7e-25   86.3   0.7   330   464    53   187    49   193 0.96 -
AgamP4_3L:36698245-36698961   -            239 40929at6656          -            563   1.5e-52  176.3   9.8   3   3   5.8e-22   1.5e-20   70.6   0.3   331   454    96   219    91   235 0.89 -
AgamP4_3R:37009802-37012165   -            788 40929at6656          -            563   2.2e-50  169.1  10.3   1   6       3.3        87   -1.3   0.0   491   519    63    91    55    97 0.81 -
AgamP4_3R:37009802-37012165   -            788 40929at6656          -            563   2.2e-50  169.1  10.3   2   6   1.1e-17     3e-16   56.4   0.1   335   465    98   230    78   239 0.89 -
AgamP4_3R:37009802-37012165   -            788 40929at6656          -            563   2.2e-50  169.1  10.3   3   6       3.8     1e+02   -1.5   0.0   269   300   243   274   217   284 0.72 -
AgamP4_3R:37009802-37012165   -            788 40929at6656          -            563   2.2e-50  169.1  10.3   4   6      0.25       6.6    2.5   0.0   425   469   337   380   302   382 0.74 -
AgamP4_3R:37009802-37012165   -            788 40929at6656          -            563   2.2e-50  169.1  10.3   5   6   1.2e-18   3.1e-17   59.6   0.4   328   464   364   516   347   517 0.80 -
AgamP4_3R:37009802-37012165   -            788 40929at6656          -            563   2.2e-50  169.1  10.3   6   6     8e-19   2.1e-17   60.2   0.8   334   453   512   631   505   644 0.86 -
AgamP4_UNKN:25798770-25799561 -            264 40929at6656          -            563     9e-49  163.8   4.1   1   3   2.6e-20   7.1e-19   65.1   0.2   376   463    18   105     1   107 0.93 -
AgamP4_UNKN:25798770-25799561 -            264 40929at6656          -            563     9e-49  163.8   4.1   2   3   4.5e-29   1.2e-27   94.0   0.2   334   466    60   193    58   198 0.95 -
AgamP4_UNKN:25798770-25799561 -            264 40929at6656          -            563     9e-49  163.8   4.1   3   3   2.8e-06   7.5e-05   18.8   0.0   387   448   200   264   196   264 0.86 -
AgamP4_2R:14010526-14011476   -            317 40929at6656          -            563   3.3e-48  161.9   5.6   1   4     0.029      0.76    5.5   0.0   378   399     3    24     1    30 0.82 -
AgamP4_2R:14010526-14011476   -            317 40929at6656          -            563   3.3e-48  161.9   5.6   2   4   1.4e-20   3.7e-19   66.0   0.3   357   463    52   158    35   160 0.90 -
AgamP4_2R:14010526-14011476   -            317 40929at6656          -            563   3.3e-48  161.9   5.6   3   4   6.8e-29   1.8e-27   93.4   0.2   334   467   113   247   111   252 0.95 -
AgamP4_2R:14010526-14011476   -            317 40929at6656          -            563   3.3e-48  161.9   5.6   4   4   3.9e-06    0.0001   18.3   0.0   387   448   253   317   249   317 0.86 -
AgamP4_2R:17704642-17706144   -            501 40929at6656          -            563   3.5e-48  161.8  17.9   1   4   7.7e-24   2.1e-22   76.7   1.0   328   472   123   273   101   279 0.90 -
AgamP4_2R:17704642-17706144   -            501 40929at6656          -            563   3.5e-48  161.8  17.9   2   4   1.3e-11   3.5e-10   36.4   0.7   394   465   237   307   234   323 0.68 -
AgamP4_2R:17704642-17706144   -            501 40929at6656          -            563   3.5e-48  161.8  17.9   3   4   4.9e-12   1.3e-10   37.8   0.5   395   463   363   431   354   431 0.91 -
AgamP4_2R:17704642-17706144   -            501 40929at6656          -            563   3.5e-48  161.8  17.9   4   4   3.5e-14   9.4e-13   44.9   0.1   332   406   426   500   421   501 0.96 -
AgamP4_X:7822877-7823976      -            341 40929at6656          -            563   1.6e-46  156.3  30.5   1   4   3.9e-21   1.1e-19   67.8   7.3   333   453     9   135     4   139 0.90 -
AgamP4_X:7822877-7823976      -            341 40929at6656          -            563   1.6e-46  156.3  30.5   2   4   6.1e-14   1.6e-12   44.1   0.4   372   450    96   181    93   187 0.87 -
AgamP4_X:7822877-7823976      -            341 40929at6656          -            563   1.6e-46  156.3  30.5   3   4   1.3e-13   3.6e-12   42.9   0.5   331   409   146   228   138   237 0.89 -
AgamP4_X:7822877-7823976      -            341 40929at6656          -            563   1.6e-46  156.3  30.5   4   4   4.5e-12   1.2e-10   37.9   2.6   333   453   194   339   182   341 0.79 -
AgamP4_3R:170125-171711       -            350 40929at6656          -            563     2e-38  129.6  14.6   1   4   6.4e-08   1.7e-06   24.2   0.5   330   410     4    97     2   104 0.74 -
AgamP4_3R:170125-171711       -            350 40929at6656          -            563     2e-38  129.6  14.6   2   4   3.8e-11     1e-09   34.8   0.4   334   428   104   197    99   204 0.93 -
AgamP4_3R:170125-171711       -            350 40929at6656          -            563     2e-38  129.6  14.6   3   4   1.9e-08     5e-07   26.0   0.1   348   392   207   249   200   251 0.92 -
AgamP4_3R:170125-171711       -            350 40929at6656          -            563     2e-38  129.6  14.6   4   4   2.9e-16   7.8e-15   51.7   0.3   348   421   255   329   250   349 0.89 -
AgamP4_2L:23638188-23639159   -            324 40929at6656          -            563   1.7e-37  126.5   4.6   1   3   9.9e-08   2.6e-06   23.6   0.3   376   453    36   113    34   123 0.87 -
AgamP4_2L:23638188-23639159   -            324 40929at6656          -            563   1.7e-37  126.5   4.6   2   3   7.4e-25     2e-23   80.1   0.0   332   461   122   249   114   257 0.91 -
AgamP4_2L:23638188-23639159   -            324 40929at6656          -            563   1.7e-37  126.5   4.6   3   3     8e-08   2.1e-06   23.9   0.1   381   449   256   324   246   324 0.95 -
AgamP4_2L:23631520-23632380   -            287 40929at6656          -            563   4.2e-36  121.9   9.1   1   3   6.4e-12   1.7e-10   37.4   1.7   336   464     1   132     1   133 0.88 -
AgamP4_2L:23631520-23632380   -            287 40929at6656          -            563   4.2e-36  121.9   9.1   2   3   2.3e-24   6.2e-23   78.5   0.1   331   463    84   214    77   221 0.91 -
AgamP4_2L:23631520-23632380   -            287 40929at6656          -            563   4.2e-36  121.9   9.1   3   3   8.1e-08   2.2e-06   23.9   0.1   382   449   220   287   214   287 0.96 -
AgamP4_3R:34966164-34967360   -            349 40929at6656          -            563   4.8e-36  121.8   3.2   1   3   5.5e-16   1.5e-14   50.8   0.5   333   458    53   179    49   189 0.89 -
AgamP4_3R:34966164-34967360   -            349 40929at6656          -            563   4.8e-36  121.8   3.2   2   3     0.022      0.59    5.9   0.0   490   517   188   215   177   217 0.84 -
AgamP4_3R:34966164-34967360   -            349 40929at6656          -            563   4.8e-36  121.8   3.2   3   3   4.5e-20   1.2e-18   64.3   0.0   331   448   219   344   214   348 0.90 -
AgamP4_2L:18015543-18017062   -            484 40929at6656          -            563     3e-34  115.8   6.1   1   3   6.5e-08   1.7e-06   24.2   0.0   415   463   167   215   161   215 0.95 -
AgamP4_2L:18015543-18017062   -            484 40929at6656          -            563     3e-34  115.8   6.1   2   3     2e-26   5.4e-25   85.3   2.5   333   466   211   344   207   350 0.96 -
AgamP4_2L:18015543-18017062   -            484 40929at6656          -            563     3e-34  115.8   6.1   3   3   0.00097     0.026   10.4   0.0   385   457   347   417   343   458 0.83 -
AgamP4_3R:51549078-51661884   -            296 40929at6656          -            563     5e-34  115.1   7.7   1   2   2.1e-22   5.6e-21   72.0   1.8   337   452     1   117     1   126 0.95 -
AgamP4_3R:51549078-51661884   -            296 40929at6656          -            563     5e-34  115.1   7.7   2   2   1.1e-14     3e-13   46.5   0.4   333   440   154   263   143   272 0.62 -
AgamP4_2R:16412080-16414107   -            456 40929at6656          -            563   2.2e-32  109.7   4.5   1   2   5.8e-21   1.6e-19   67.3   0.3   330   484   206   371   164   379 0.86 -
AgamP4_2R:16412080-16414107   -            456 40929at6656          -            563   2.2e-32  109.7   4.5   2   2   2.6e-14   6.9e-13   45.3   1.0   364   449   367   453   363   455 0.93 -
AgamP4_2R:3568901-3577236     -           1467 40929at6656          -            563   4.7e-32  108.6  12.5   1   4   1.5e-05   0.00041   16.4   0.4   383   453     8    78     2    84 0.85 -
AgamP4_2R:3568901-3577236     -           1467 40929at6656          -            563   4.7e-32  108.6  12.5   2   4   1.9e-14   5.2e-13   45.7   0.1   328   453    88   213    82   244 0.91 -
AgamP4_2R:3568901-3577236     -           1467 40929at6656          -            563   4.7e-32  108.6  12.5   3   4     0.044       1.2    4.9   0.1   421   482   867   927   863   940 0.83 -
AgamP4_2R:3568901-3577236     -           1467 40929at6656          -            563   4.7e-32  108.6  12.5   4   4   7.1e-15   1.9e-13   47.2   0.1   387   464   966  1045   962  1062 0.89 -
AgamP4_2L:23616958-23617665   -            236 40929at6656          -            563   3.4e-31  105.8   1.0   1   2   1.2e-24   3.3e-23   79.4   0.1   331   463    32   162    20   169 0.90 -
AgamP4_2L:23616958-23617665   -            236 40929at6656          -            563   3.4e-31  105.8   1.0   2   2   2.2e-08   5.7e-07   25.8   0.1   381   450   167   236   157   236 0.95 -
AgamP4_3L:8624534-8630790     -            983 40929at6656          -            563   1.5e-30  103.6   3.6   1   3   2.8e-06   7.3e-05   18.8   0.0   344   465    59   188    35   211 0.76 -
AgamP4_3L:8624534-8630790     -            983 40929at6656          -            563   1.5e-30  103.6   3.6   2   3   5.8e-14   1.5e-12   44.2   0.6   354   471   385   502   367   513 0.79 -
AgamP4_3L:8624534-8630790     -            983 40929at6656          -            563   1.5e-30  103.6   3.6   3   3   6.6e-13   1.8e-11   40.7   0.0   344   532   502   691   496   705 0.85 -
AgamP4_2L:4140122-4140970     -            283 40929at6656          -            563   6.5e-30  101.5   8.5   1   3     8e-17   2.1e-15   53.6   1.2   333   452     3   119     1   123 0.95 -
AgamP4_2L:4140122-4140970     -            283 40929at6656          -            563   6.5e-30  101.5   8.5   2   3   2.7e-07   7.1e-06   22.2   0.3   395   464   103   172   101   173 0.88 -
AgamP4_2L:4140122-4140970     -            283 40929at6656          -            563   6.5e-30  101.5   8.5   3   3   1.1e-12     3e-11   39.9   0.1   332   421   166   256   163   264 0.91 -
AgamP4_2L:44379373-44383081   -            834 40929at6656          -            563   3.2e-29   99.2   8.5   1   3   3.3e-11   8.9e-10   35.0   0.0   397   462   256   321   249   322 0.93 -
AgamP4_2L:44379373-44383081   -            834 40929at6656          -            563   3.2e-29   99.2   8.5   2   3     3e-16     8e-15   51.7   0.1   330   453   315   439   311   448 0.87 -
AgamP4_2L:44379373-44383081   -            834 40929at6656          -            563   3.2e-29   99.2   8.5   3   3     7e-06   0.00019   17.5   0.0   382   447   453   516   449   526 0.83 -
AgamP4_X:19936178-19937254    -            359 40929at6656          -            563   3.4e-29   99.1   1.0   1   4     0.001     0.028   10.3   0.0   435   463     9    37     5    53 0.84 -
AgamP4_X:19936178-19937254    -            359 40929at6656          -            563   3.4e-29   99.1   1.0   2   4   1.8e-09   4.9e-08   29.3   0.0   341   456    68   183    64   192 0.90 -
AgamP4_X:19936178-19937254    -            359 40929at6656          -            563   3.4e-29   99.1   1.0   3   4    0.0068      0.18    7.6   0.0   330   408   141   219   135   226 0.88 -
AgamP4_X:19936178-19937254    -            359 40929at6656          -            563   3.4e-29   99.1   1.0   4   4   4.5e-17   1.2e-15   54.4   0.2   328   432   236   340   232   351 0.92 -
AgamP4_2L:8569430-8580292     -            367 40929at6656          -            563   4.8e-29   98.7   1.2   1   3   3.1e-06   8.4e-05   18.6   0.1   377   458     9    92     6    94 0.88 -
AgamP4_2L:8569430-8580292     -            367 40929at6656          -            563   4.8e-29   98.7   1.2   2   3   2.6e-17     7e-16   55.2   0.1   334   458    52   176    41   190 0.92 -
AgamP4_2L:8569430-8580292     -            367 40929at6656          -            563   4.8e-29   98.7   1.2   3   3   7.8e-12   2.1e-10   37.1   0.0   341   410   224   293   221   303 0.93 -
AgamP4_2L:39373096-39375665   -            794 40929at6656          -            563   1.7e-28   96.8   7.6   1   5   1.2e-06   3.1e-05   20.0   0.1   376   472    55   163    45   194 0.66 -
AgamP4_2L:39373096-39375665   -            794 40929at6656          -            563   1.7e-28   96.8   7.6   2   5   6.4e-11   1.7e-09   34.1   0.1   278   449   225   419   212   426 0.79 -
AgamP4_2L:39373096-39375665   -            794 40929at6656          -            563   1.7e-28   96.8   7.6   3   5   4.2e-12   1.1e-10   38.0   0.3   329   453   555   690   521   696 0.79 -
AgamP4_2L:39373096-39375665   -            794 40929at6656          -            563   1.7e-28   96.8   7.6   4   5         2        54   -0.5   0.0   273   296   723   746   714   757 0.87 -
AgamP4_2L:39373096-39375665   -            794 40929at6656          -            563   1.7e-28   96.8   7.6   5   5      0.07       1.9    4.3   0.0   336   368   759   793   753   794 0.85 -
AgamP4_X:5662881-5675167      -            930 40929at6656          -            563   1.8e-28   96.7   3.0   1   2     1e-06   2.7e-05   20.2   0.2   378   450    12    84     9    89 0.88 -
AgamP4_X:5662881-5675167      -            930 40929at6656          -            563   1.8e-28   96.7   3.0   2   2   6.2e-24   1.6e-22   77.1   0.3   329   454    88   214    84   222 0.94 -
AgamP4_2R:4563302-4564801     -            500 40929at6656          -            563   7.6e-28   94.7   2.3   1   5         4   1.1e+02   -1.5   0.0     8    33     5    30     2    68 0.75 -
AgamP4_2R:4563302-4564801     -            500 40929at6656          -            563   7.6e-28   94.7   2.3   2   5   3.2e-10   8.6e-09   31.8   0.1   416   515   199   284   191   286 0.83 -
AgamP4_2R:4563302-4564801     -            500 40929at6656          -            563   7.6e-28   94.7   2.3   3   5   8.7e-06   0.00023   17.2   0.0   268   303   257   293   246   299 0.54 -
AgamP4_2R:4563302-4564801     -            500 40929at6656          -            563   7.6e-28   94.7   2.3   4   5   7.7e-16   2.1e-14   50.3   0.2   337   462   297   424   292   429 0.84 -
AgamP4_2R:4563302-4564801     -            500 40929at6656          -            563   7.6e-28   94.7   2.3   5   5     0.017      0.46    6.3   0.0   387   450   436   499   430   500 0.94 -
AgamP4_2R:55466578-55468326   -            532 40929at6656          -            563   4.8e-26   88.7   7.6   1   3   1.6e-12   4.2e-11   39.4   0.1   376   463   198   285   188   290 0.61 -
AgamP4_2R:55466578-55468326   -            532 40929at6656          -            563   4.8e-26   88.7   7.6   2   3   6.3e-12   1.7e-10   37.4   0.2   378   451   320   393   315   397 0.97 -
AgamP4_2R:55466578-55468326   -            532 40929at6656          -            563   4.8e-26   88.7   7.6   3   3   2.9e-05   0.00077   15.4   0.2   414   499   399   492   393   505 0.71 -
AgamP4_2R:14088685-14089743   -            353 40929at6656          -            563   5.9e-26   88.5   6.5   1   3   2.7e-15   7.3e-14   48.5   0.0   378   474     1    97     1   103 0.97 -
AgamP4_2R:14088685-14089743   -            353 40929at6656          -            563   5.9e-26   88.5   6.5   2   3   6.6e-11   1.8e-09   34.1   0.4   333   462    82   230    80   237 0.76 -
AgamP4_2R:14088685-14089743   -            353 40929at6656          -            563   5.9e-26   88.5   6.5   3   3   4.6e-06   0.00012   18.1   0.5   383   456   249   323   245   332 0.79 -
AgamP4_3R:17121373-17122476   -            368 40929at6656          -            563   8.9e-25   84.6   2.4   1   3   8.7e-07   2.3e-05   20.5   0.0   332   407    52   138    45   144 0.75 -
AgamP4_3R:17121373-17122476   -            368 40929at6656          -            563   8.9e-25   84.6   2.4   2   3   1.9e-07     5e-06   22.7   0.0   331   366   157   192   149   195 0.91 -
AgamP4_3R:17121373-17122476   -            368 40929at6656          -            563   8.9e-25   84.6   2.4   3   3   3.7e-12   9.8e-11   38.2   0.1   334   443   254   368   244   368 0.85 -
AgamP4_3R:21067729-21069716   -            614 40929at6656          -            563   1.2e-24   84.1   9.3   1   2   7.8e-20   2.1e-18   63.5   1.3   334   458   319   447   312   452 0.86 -
AgamP4_3R:21067729-21069716   -            614 40929at6656          -            563   1.2e-24   84.1   9.3   2   2   2.7e-08   7.3e-07   25.4   1.5   337   471   452   592   447   604 0.82 -
AgamP4_3R:6001708-6002684     -            303 40929at6656          -            563   1.5e-24   83.8   0.1   1   2   4.2e-20   1.1e-18   64.4   0.3   337   462    12   139     4   149 0.92 -
AgamP4_3R:6001708-6002684     -            303 40929at6656          -            563   1.5e-24   83.8   0.1   2   2     7e-06   0.00019   17.5   0.0   350   469   151   270   142   288 0.82 -
AgamP4_2R:27039208-27043163   -           1103 40929at6656          -            563   1.9e-24   83.4  11.8   1   5     0.046       1.2    4.9   0.0   493   520   115   142   103   158 0.86 -
AgamP4_2R:27039208-27043163   -           1103 40929at6656          -            563   1.9e-24   83.4  11.8   2   5   4.9e-07   1.3e-05   21.3   0.0   411   456   157   202   152   210 0.88 -
AgamP4_2R:27039208-27043163   -           1103 40929at6656          -            563   1.9e-24   83.4  11.8   3   5   4.3e-11   1.1e-09   34.7   0.5   380   461   212   296   210   302 0.89 -
AgamP4_2R:27039208-27043163   -           1103 40929at6656          -            563   1.9e-24   83.4  11.8   4   5   1.4e-05   0.00037   16.5   0.1   337   378   299   341   296   345 0.91 -
AgamP4_2R:27039208-27043163   -           1103 40929at6656          -            563   1.9e-24   83.4  11.8   5   5    0.0049      0.13    8.1   0.1   326   360   378   414   372   417 0.85 -
AgamP4_2L:3643810-3644250     -            147 40929at6656          -            563   3.4e-23   79.3   1.2   1   2   8.6e-20   2.3e-18   63.4   0.8   358   465     1   112     1   115 0.92 -
AgamP4_2L:3643810-3644250     -            147 40929at6656          -            563   3.4e-23   79.3   1.2   2   2   7.7e-07   2.1e-05   20.6   0.0   333   366   106   139   104   144 0.81 -
AgamP4_2L:48386720-48387145   -            142 40929at6656          -            563   8.3e-23   78.0   3.2   1   1   1.6e-23   4.2e-22   75.7   3.3   320   447    13   141     4   142 0.92 -
AgamP4_3R:36380953-36381426   -            158 40929at6656          -            563   1.4e-22   77.3   0.9   1   2   4.5e-18   1.2e-16   57.7   0.2   336   459     1   125     1   127 0.95 -
AgamP4_3R:36380953-36381426   -            158 40929at6656          -            563   1.4e-22   77.3   0.9   2   2   2.7e-06   7.3e-05   18.8   0.1   331   365   123   157   121   158 0.95 -
AgamP4_3R:49908365-49910129   -            240 40929at6656          -            563   1.7e-22   77.1  12.0   1   2   1.8e-14   4.9e-13   45.8   3.2   331   453    41   160    22   162 0.90 -
AgamP4_3R:49908365-49910129   -            240 40929at6656          -            563   1.7e-22   77.1  12.0   2   2   8.9e-14   2.4e-12   43.5   1.5   344   482    90   239    88   240 0.82 -
AgamP4_2L:44509306-44520474   -           1432 40929at6656          -            563   4.8e-22   75.6  13.7   1   3   5.2e-11   1.4e-09   34.4   0.9   348   450   225   333   219   339 0.86 -
AgamP4_2L:44509306-44520474   -           1432 40929at6656          -            563   4.8e-22   75.6  13.7   2   3   5.2e-06   0.00014   17.9   0.1   400   465   345   409   342   412 0.92 -
AgamP4_2L:44509306-44520474   -           1432 40929at6656          -            563   4.8e-22   75.6  13.7   3   3   2.3e-10   6.2e-09   32.3   0.1   342   454   411   527   407   535 0.86 -
AgamP4_3R:34705215-34705949   -            245 40929at6656          -            563   7.1e-22   75.0   5.9   1   3   0.00081     0.022   10.7   0.0   378   409     3    34     1    39 0.83 -
AgamP4_3R:34705215-34705949   -            245 40929at6656          -            563   7.1e-22   75.0   5.9   2   3   1.4e-16   3.7e-15   52.8   2.6   366   461    53   149    52   154 0.84 -
AgamP4_3R:34705215-34705949   -            245 40929at6656          -            563   7.1e-22   75.0   5.9   3   3   0.00044     0.012   11.5   0.1   382   432   160   214   154   245 0.84 -
AgamP4_X:2171391-2177961      -           1149 40929at6656          -            563   1.3e-21   74.1   2.9   1   3   0.00012    0.0033   13.3   0.0   379   411   713   745   709   756 0.89 -
AgamP4_X:2171391-2177961      -           1149 40929at6656          -            563   1.3e-21   74.1   2.9   2   3   1.6e-13   4.3e-12   42.7   0.3   372   474   804   907   775   921 0.79 -
AgamP4_X:2171391-2177961      -           1149 40929at6656          -            563   1.3e-21   74.1   2.9   3   3   1.1e-05    0.0003   16.8   0.0   349   412   958  1023   949  1033 0.88 -
AgamP4_3R:31538606-31539256   -            217 40929at6656          -            563   1.3e-21   74.1   2.7   1   2   6.5e-16   1.7e-14   50.6   1.1   334   465     4   143     1   168 0.78 -
AgamP4_3R:31538606-31539256   -            217 40929at6656          -            563   1.3e-21   74.1   2.7   2   2   1.5e-07   3.9e-06   23.0   0.0   330   366   177   213   172   216 0.92 -
AgamP4_2R:34050954-34052108   -            385 40929at6656          -            563   3.8e-21   72.6   3.6   1   2   4.1e-19   1.1e-17   61.2   0.5   332   469   153   304   148   309 0.81 -
AgamP4_2R:34050954-34052108   -            385 40929at6656          -            563   3.8e-21   72.6   3.6   2   2    0.0012     0.032   10.1   0.0   497   525   311   339   303   347 0.88 -
AgamP4_2R:15155283-15156926   -            520 40929at6656          -            563   5.6e-21   72.0   0.2   1   2   3.4e-17   9.2e-16   54.8   0.0   344   481    86   223    60   236 0.91 -
AgamP4_2R:15155283-15156926   -            520 40929at6656          -            563   5.6e-21   72.0   0.2   2   2   1.1e-07   2.8e-06   23.5   0.0   351   460   178   286   175   297 0.92 -
AgamP4_3R:53005020-53006357   -            446 40929at6656          -            563   6.6e-21   71.8   0.8   1   3   0.00061     0.016   11.1   0.1   334   408    62   137    57   143 0.89 -
AgamP4_3R:53005020-53006357   -            446 40929at6656          -            563   6.6e-21   71.8   0.8   2   3   5.7e-06   0.00015   17.8   0.0   332   460   103   236    98   247 0.82 -
AgamP4_3R:53005020-53006357   -            446 40929at6656          -            563   6.6e-21   71.8   0.8   3   3   1.9e-15   5.1e-14   49.0   0.2   358   468   260   372   242   384 0.81 -
AgamP4_2L:23645171-23646016   -            282 40929at6656          -            563   1.2e-20   70.9   1.8   1   3    0.0032     0.084    8.7   0.1   394   462     8    75     2    94 0.77 -
AgamP4_2L:23645171-23646016   -            282 40929at6656          -            563   1.2e-20   70.9   1.8   2   3   2.4e-07   6.5e-06   22.3   0.1   337   465    77   206    75   207 0.89 -
AgamP4_2L:23645171-23646016   -            282 40929at6656          -            563   1.2e-20   70.9   1.8   3   3   1.2e-12   3.3e-11   39.8   0.0   382   451   208   277   204   281 0.94 -
AgamP4_2L:34692114-34693167   -            325 40929at6656          -            563   2.1e-19   66.8   0.3   1   3   5.3e-07   1.4e-05   21.2   0.1   376   457     5    85     3   114 0.91 -
AgamP4_2L:34692114-34693167   -            325 40929at6656          -            563   2.1e-19   66.8   0.3   2   3   3.1e-09   8.3e-08   28.5   0.0   350   421   159   230   143   259 0.87 -
AgamP4_2L:34692114-34693167   -            325 40929at6656          -            563   2.1e-19   66.8   0.3   3   3   8.6e-05    0.0023   13.9   0.0   329   364   277   312   251   318 0.86 -
AgamP4_2R:45613957-45614913   -            319 40929at6656          -            563   8.8e-19   64.8   0.6   1   3      0.16       4.3    3.1   0.0   379   413     1    35     1    48 0.56 -
AgamP4_2R:45613957-45614913   -            319 40929at6656          -            563   8.8e-19   64.8   0.6   2   3   9.6e-07   2.6e-05   20.3   0.1   330   400    62   132    57   167 0.71 -
AgamP4_2R:45613957-45614913   -            319 40929at6656          -            563   8.8e-19   64.8   0.6   3   3   3.7e-12   9.8e-11   38.2   0.0   375   458   190   273   187   295 0.95 -
AgamP4_2L:14029962-14035090   -            940 40929at6656          -            563   1.2e-18   64.3   1.9   1   2   4.4e-14   1.2e-12   44.5   0.2   330   451   709   828   637   841 0.86 -
AgamP4_2L:14029962-14035090   -            940 40929at6656          -            563   1.2e-18   64.3   1.9   2   2   3.5e-09   9.4e-08   28.4   0.1   334   453   755   880   754   887 0.85 -
AgamP4_3L:34041168-34041458   -             97 40929at6656          -            563   2.6e-18   63.2   3.2   1   1   1.1e-19   2.8e-18   63.1   3.2   354   447     3    97     1    97 0.97 -
AgamP4_2R:57589246-57592097   -            924 40929at6656          -            563   3.6e-18   62.8   2.8   1   4      0.98        26    0.5   0.0   375   463    94   183    85   192 0.75 -
AgamP4_2R:57589246-57592097   -            924 40929at6656          -            563   3.6e-18   62.8   2.8   2   4   2.5e-09   6.5e-08   28.9   0.0   335   453   223   347   185   354 0.87 -
AgamP4_2R:57589246-57592097   -            924 40929at6656          -            563   3.6e-18   62.8   2.8   3   4       1.8        49   -0.4   0.0   338   369   481   512   478   520 0.64 -
AgamP4_2R:57589246-57592097   -            924 40929at6656          -            563   3.6e-18   62.8   2.8   4   4   1.6e-09   4.3e-08   29.5   0.7   317   411   548   643   541   653 0.86 -
AgamP4_2R:44708361-44709663   -            267 40929at6656          -            563   5.2e-18   62.2   3.1   1   3      0.39        10    1.8   0.0   491   526    12    47     4    71 0.75 -
AgamP4_2R:44708361-44709663   -            267 40929at6656          -            563   5.2e-18   62.2   3.1   2   3   3.8e-11     1e-09   34.9   3.1   348   477    68   199    59   201 0.89 -
AgamP4_2R:44708361-44709663   -            267 40929at6656          -            563   5.2e-18   62.2   3.1   3   3   1.4e-09   3.7e-08   29.7   0.0   373   449   179   255   174   264 0.91 -
AgamP4_2R:658072-660560       -            803 40929at6656          -            563   1.2e-17   61.1   3.5   1   3       0.4        11    1.8   0.1   496   528    73   105    65   117 0.79 -
AgamP4_2R:658072-660560       -            803 40929at6656          -            563   1.2e-17   61.1   3.5   2   3     2e-18   5.3e-17   58.9   0.5   337   477   107   251    96   276 0.83 -
AgamP4_2R:658072-660560       -            803 40929at6656          -            563   1.2e-17   61.1   3.5   3   3       1.4        37   -0.0   0.0   337   362   292   318   286   320 0.81 -
AgamP4_2R:22130947-22131963   -            339 40929at6656          -            563   1.2e-17   61.0   3.3   1   4    0.0027     0.071    9.0   0.1   378   403     5    30     2    42 0.86 -
AgamP4_2R:22130947-22131963   -            339 40929at6656          -            563   1.2e-17   61.0   3.3   2   4   3.4e-13     9e-12   41.6   0.3   337   460    50   175    35   198 0.89 -
AgamP4_2R:22130947-22131963   -            339 40929at6656          -            563   1.2e-17   61.0   3.3   3   4       1.5        40   -0.1   0.0   272   300   264   292   257   299 0.80 -
AgamP4_2R:22130947-22131963   -            339 40929at6656          -            563   1.2e-17   61.0   3.3   4   4    0.0031     0.083    8.7   0.0   335   368   298   331   272   335 0.79 -
AgamP4_3R:13720775-13721455   -            227 40929at6656          -            563   1.8e-17   60.4   6.6   1   3     0.023      0.61    5.9   0.0   409   451    12    54     7    59 0.87 -
AgamP4_3R:13720775-13721455   -            227 40929at6656          -            563   1.8e-17   60.4   6.6   2   3   2.1e-09   5.5e-08   29.1   0.1   375   465    70   159    64   171 0.59 -
AgamP4_3R:13720775-13721455   -            227 40929at6656          -            563   1.8e-17   60.4   6.6   3   3   3.4e-10     9e-09   31.7   0.4   327   407   147   227   145   227 0.87 -
AgamP4_2L:25560534-25575756   -           1659 40929at6656          -            563     2e-17   60.3   1.7   1   2   1.1e-09   2.8e-08   30.1   0.1   376   457  1324  1411  1319  1431 0.86 -
AgamP4_2L:25560534-25575756   -           1659 40929at6656          -            563     2e-17   60.3   1.7   2   2     3e-09   8.1e-08   28.6   0.0   338   450  1500  1616  1488  1620 0.82 -
AgamP4_2R:15759829-15760374   -            182 40929at6656          -            563   4.6e-17   59.1   2.3   1   2     1e-13   2.7e-12   43.3   1.1   378   460     8    93     5   115 0.83 -
AgamP4_2R:15759829-15760374   -            182 40929at6656          -            563   4.6e-17   59.1   2.3   2   2   8.7e-05    0.0023   13.9   0.0   330   367   132   169   128   174 0.91 -
AgamP4_3R:30773788-30774537   -            250 40929at6656          -            563   2.8e-16   56.5   6.5   1   2   1.7e-10   4.7e-09   32.7   0.5   269   456     1   210     1   211 0.74 -
AgamP4_3R:30773788-30774537   -            250 40929at6656          -            563   2.8e-16   56.5   6.5   2   2   6.6e-11   1.8e-09   34.1   0.8   341   451   134   247   129   249 0.81 -
AgamP4_2R:12715743-12716285   -            181 40929at6656          -            563   6.9e-16   55.2   0.3   1   2   4.8e-12   1.3e-10   37.8   0.1   350   454     8   111     5   130 0.88 -
AgamP4_2R:12715743-12716285   -            181 40929at6656          -            563   6.9e-16   55.2   0.3   2   2   2.3e-05    0.0006   15.8   0.0   404   450   136   180   123   181 0.75 -
AgamP4_2L:43754158-43755135   -            326 40929at6656          -            563   8.6e-16   54.9   0.0   1   3   1.5e-10     4e-09   32.9   0.0   377   452    55   133    51   150 0.88 -
AgamP4_2L:43754158-43755135   -            326 40929at6656          -            563   8.6e-16   54.9   0.0   2   3     0.057       1.5    4.6   0.0   258   294   170   206   164   217 0.73 -
AgamP4_2L:43754158-43755135   -            326 40929at6656          -            563   8.6e-16   54.9   0.0   3   3   9.2e-05    0.0025   13.8   0.0   387   427   285   325   268   326 0.88 -
AgamP4_3L:427344-427631       -             96 40929at6656          -            563   2.5e-15   53.4   0.0   1   1   1.1e-16     3e-15   53.1   0.0   351   440     5    96     2    96 0.94 -
AgamP4_UNKN:10943664-10943951 -             96 40929at6656          -            563   2.5e-15   53.4   0.0   1   1   1.1e-16     3e-15   53.1   0.0   351   440     5    96     2    96 0.94 -
AgamP4_3L:5009144-5025074     -           3526 40929at6656          -            563   5.6e-15   52.2   7.8   1   4   2.8e-06   7.4e-05   18.8   3.7   369   443   155   230   153   245 0.86 -
AgamP4_3L:5009144-5025074     -           3526 40929at6656          -            563   5.6e-15   52.2   7.8   2   4       1.2        32    0.2   0.0   433   453  1137  1157  1121  1161 0.57 -
AgamP4_3L:5009144-5025074     -           3526 40929at6656          -            563   5.6e-15   52.2   7.8   3   4   5.3e-07   1.4e-05   21.2   0.0   342   519  3213  3406  3193  3427 0.77 -
AgamP4_3L:5009144-5025074     -           3526 40929at6656          -            563   5.6e-15   52.2   7.8   4   4    0.0014     0.037    9.9   0.0   330   379  3427  3476  3421  3490 0.89 -
AgamP4_2L:17360629-17360904   -             92 40929at6656          -            563   1.2e-14   51.2   0.1   1   1   4.8e-16   1.3e-14   51.0   0.1   387   471     2    86     1    91 0.92 -
AgamP4_3R:36381523-36381843   -            107 40929at6656          -            563   3.2e-14   49.7   0.1   1   1   1.3e-15   3.6e-14   49.5   0.1   353   451     6   105     1   107 0.95 -
AgamP4_2L:43108638-43111586   -            865 40929at6656          -            563     1e-13   48.1   1.5   1   3   1.1e-09     3e-08   30.0   0.0   417   461   523   567   518   610 0.88 -
AgamP4_2L:43108638-43111586   -            865 40929at6656          -            563     1e-13   48.1   1.5   2   3    0.0082      0.22    7.3   0.0   378   454   651   729   635   747 0.60 -
AgamP4_2L:43108638-43111586   -            865 40929at6656          -            563     1e-13   48.1   1.5   3   3    0.0067      0.18    7.6   0.2   378   449   780   864   773   865 0.67 -
AgamP4_3R:39153145-39153792   -            216 40929at6656          -            563   5.9e-13   45.5   0.0   1   2     7e-06   0.00019   17.5   0.0   415   465     6    56     2    75 0.87 -
AgamP4_3R:39153145-39153792   -            216 40929at6656          -            563   5.9e-13   45.5   0.0   2   2   1.7e-08   4.6e-07   26.1   0.0   355   451    74   168    56   180 0.73 -
AAAB01001548:70979-72364      -            435 40929at6656          -            563   2.3e-12   43.6   2.8   1   4   1.9e-08   4.9e-07   26.0   0.4   331   479    97   243    91   258 0.88 -
AAAB01001548:70979-72364      -            435 40929at6656          -            563   2.3e-12   43.6   2.8   2   4       2.4        64   -0.8   0.0   335   363   270   298   264   300 0.89 -
AAAB01001548:70979-72364      -            435 40929at6656          -            563   2.3e-12   43.6   2.8   3   4       8.7   2.3e+02   -2.7   0.0   499   527   330   358   328   375 0.69 -
AAAB01001548:70979-72364      -            435 40929at6656          -            563   2.3e-12   43.6   2.8   4   4   4.1e-05    0.0011   14.9   0.0   330   364   393   427   387   431 0.89 -
AgamP4_3L:23253341-23254726   -            435 40929at6656          -            563   2.9e-12   43.2   2.3   1   4   1.8e-08   4.8e-07   26.0   0.4   331   479    97   243    88   258 0.89 -
AgamP4_3L:23253341-23254726   -            435 40929at6656          -            563   2.9e-12   43.2   2.3   2   4       9.2   2.5e+02   -2.7   0.0   335   362   270   297   262   299 0.88 -
AgamP4_3L:23253341-23254726   -            435 40929at6656          -            563   2.9e-12   43.2   2.3   3   4       8.7   2.3e+02   -2.7   0.0   499   527   330   358   328   375 0.69 -
AgamP4_3L:23253341-23254726   -            435 40929at6656          -            563   2.9e-12   43.2   2.3   4   4   4.1e-05    0.0011   14.9   0.0   330   364   393   427   387   431 0.89 -
AgamP4_2R:5699239-5699694     -            152 40929at6656          -            563   4.3e-12   42.7   3.8   1   2   1.5e-07     4e-06   23.0   0.1   416   472    34    90    17    94 0.89 -
AgamP4_2R:5699239-5699694     -            152 40929at6656          -            563   4.3e-12   42.7   3.8   2   2   8.2e-09   2.2e-07   27.1   0.6   376   478    36   144    35   148 0.85 -
AgamP4_2R:597713-599083       -            457 40929at6656          -            563   5.8e-12   42.2   3.1   1   4      0.16       4.3    3.1   0.0   401   452     7    58     1    63 0.72 -
AgamP4_2R:597713-599083       -            457 40929at6656          -            563   5.8e-12   42.2   3.1   2   4   3.8e-09     1e-07   28.3   0.3   329   402    61   135    47   154 0.84 -
AgamP4_2R:597713-599083       -            457 40929at6656          -            563   5.8e-12   42.2   3.1   3   4     0.062       1.6    4.4   0.0   419   460   308   348   299   361 0.85 -
AgamP4_2R:597713-599083       -            457 40929at6656          -            563   5.8e-12   42.2   3.1   4   4     0.066       1.8    4.4   0.0   337   368   392   423   385   428 0.83 -
AgamP4_2L:28784726-28785127   -            134 40929at6656          -            563   2.4e-11   40.2   0.3   1   1   1.1e-12   2.9e-11   39.9   0.3   350   452     6   115     2   124 0.89 -
AgamP4_2L:43065216-43066196   -            327 40929at6656          -            563   5.4e-11   39.1   1.7   1   2   6.2e-07   1.7e-05   20.9   0.1   377   454    69   152    66   165 0.68 -
AgamP4_2L:43065216-43066196   -            327 40929at6656          -            563   5.4e-11   39.1   1.7   2   2     3e-05    0.0008   15.4   0.2   398   452   212   270   186   275 0.81 -
AgamP4_3L:34041844-34042146   -            101 40929at6656          -            563   7.5e-11   38.6   0.2   1   1   3.3e-12   8.8e-11   38.4   0.2   419   513     2   101     1   101 0.84 -
AgamP4_2R:33618033-33618905   -            291 40929at6656          -            563   8.8e-11   38.4  13.7   1   3   2.8e-09   7.5e-08   28.7   2.3   336   448    11   132     6   144 0.80 -
AgamP4_2R:33618033-33618905   -            291 40929at6656          -            563   8.8e-11   38.4  13.7   2   3       2.5        68   -0.9   0.0   501   514   184   197   177   206 0.83 -
AgamP4_2R:33618033-33618905   -            291 40929at6656          -            563   8.8e-11   38.4  13.7   3   3   3.7e-05   0.00098   15.1   2.4   326   408   201   289   199   291 0.85 -
AAAB01008530:14978-15715      -            246 40929at6656          -            563   1.2e-10   37.9   0.5   1   2   1.1e-10   2.8e-09   33.4   0.0   341   413     2    78     1    91 0.88 -
AAAB01008530:14978-15715      -            246 40929at6656          -            563   1.2e-10   37.9   0.5   2   2      0.25       6.7    2.4   0.0   340   365   219   244   212   246 0.69 -
AgamP4_2L:47440804-47441022   -             73 40929at6656          -            563     2e-10   37.2   0.2   1   1   8.2e-12   2.2e-10   37.1   0.2   377   447     2    72     1    73 0.94 -
AgamP4_3L:41231722-41232210   -            163 40929at6656          -            563   2.6e-10   36.8   1.7   1   1   1.3e-11   3.5e-10   36.4   1.7   344   454     6   122     2   130 0.85 -
AgamP4_X:8426742-8427401      -            220 40929at6656          -            563     3e-10   36.6   0.1   1   2   0.00013    0.0034   13.3   0.0   369   523    10    58     2   107 0.65 -
AgamP4_X:8426742-8427401      -            220 40929at6656          -            563     3e-10   36.6   0.1   2   2   4.3e-07   1.1e-05   21.5   0.0   329   375   158   204   148   217 0.82 -
AgamP4_3R:12498146-12498439   -             98 40929at6656          -            563   7.4e-10   35.3   0.1   1   1   3.1e-11   8.4e-10   35.1   0.1   322   402    12    97     9    98 0.85 -
AAAB01008268:26849-28890      -            660 40929at6656          -            563   7.8e-10   35.2   0.5   1   2     0.049       1.3    4.8   0.0   497   523   204   230   190   259 0.77 -
AAAB01008268:26849-28890      -            660 40929at6656          -            563   7.8e-10   35.2   0.5   2   2     2e-07   5.2e-06   22.6   0.1   343   441   348   454   346   458 0.79 -
AgamP4_2R:16413550-16413684   -             45 40929at6656          -            563     8e-10   35.2   0.0   1   1     3e-11   8.1e-10   35.2   0.0   363   405     1    43     1    45 0.96 -
AgamP4_3L:6010372-6011085     -            238 40929at6656          -            563   1.1e-09   34.7   3.6   1   3   1.4e-07   3.7e-06   23.1   0.3   397   483     7   100     5   107 0.74 -
AgamP4_3L:6010372-6011085     -            238 40929at6656          -            563   1.1e-09   34.7   3.6   2   3      0.52        14    1.4   0.0   493   524    78   109    67   134 0.68 -
AgamP4_3L:6010372-6011085     -            238 40929at6656          -            563   1.1e-09   34.7   3.6   3   3   0.00048     0.013   11.4   0.3   379   432   169   222   159   234 0.67 -
AgamP4_2L:26588019-26588645   -            209 40929at6656          -            563   1.1e-09   34.7   0.3   1   2   0.00017    0.0045   12.9   0.0   267   300     3    36     1    40 0.93 -
AgamP4_2L:26588019-26588645   -            209 40929at6656          -            563   1.1e-09   34.7   0.3   2   2   1.9e-06   5.1e-05   19.3   0.2   418   464    42    87    33   119 0.82 -
AgamP4_3R:49959164-49961053   -            630 40929at6656          -            563   1.6e-09   34.2   0.2   1   2   2.6e-06   6.8e-05   18.9   0.0   339   408    52   121    45   130 0.73 -
AgamP4_3R:49959164-49961053   -            630 40929at6656          -            563   1.6e-09   34.2   0.2   2   2   0.00011    0.0029   13.5   0.1   329   371   127   169   121   191 0.88 -
AgamP4_X:18819743-18820459    -            239 40929at6656          -            563   2.2e-09   33.7   0.6   1   3   6.1e-06   0.00016   17.7   0.0   420   485     3    69     1    78 0.84 -
AgamP4_X:18819743-18820459    -            239 40929at6656          -            563   2.2e-09   33.7   0.6   2   3   0.00014    0.0037   13.2   0.1   319   380    73   138    68   142 0.75 -
AgamP4_X:18819743-18820459    -            239 40929at6656          -            563   2.2e-09   33.7   0.6   3   3       3.1        83   -1.2   0.0   435   451   161   177   149   182 0.85 -
AgamP4_X:3266607-3275242      -            542 40929at6656          -            563   2.5e-09   33.5   0.0   1   2   3.6e-10   9.5e-09   31.6   0.0   382   486    53   158    48   171 0.85 -
AgamP4_X:3266607-3275242      -            542 40929at6656          -            563   2.5e-09   33.5   0.0   2   2       4.6   1.2e+02   -1.7   0.0   343   367   453   477   447   488 0.63 -
AgamP4_2R:53795763-53796089   -            109 40929at6656          -            563   2.1e-08   30.5   0.1   1   2       1.5        39   -0.1   0.0   497   516     9    28     2    41 0.63 -
AgamP4_2R:53795763-53796089   -            109 40929at6656          -            563   2.1e-08   30.5   0.1   2   2   2.7e-09   7.3e-08   28.7   0.1   339   405    43   109    31   109 0.94 -
AgamP4_3R:24679529-24681037   -            503 40929at6656          -            563   2.5e-08   30.3   9.0   1   3       2.2        59   -0.7   8.5   162   246    37   121    13   130 0.82 -
AgamP4_3R:24679529-24681037   -            503 40929at6656          -            563   2.5e-08   30.3   9.0   2   3   3.8e-08     1e-06   24.9   0.0   321   460   313   461   308   466 0.83 -
AgamP4_3R:24679529-24681037   -            503 40929at6656          -            563   2.5e-08   30.3   9.0   3   3      0.08       2.1    4.1   0.0   405   450   448   496   439   499 0.68 -
AgamP4_3R:21124714-21126517   -            407 40929at6656          -            563   5.6e-08   29.1   5.6   1   4       0.1       2.8    3.7   0.1   345   440    83   181    77   192 0.72 -
AgamP4_3R:21124714-21126517   -            407 40929at6656          -            563   5.6e-08   29.1   5.6   2   4   0.00034    0.0092   11.9   0.1   332   365   201   234   195   238 0.92 -
AgamP4_3R:21124714-21126517   -            407 40929at6656          -            563   5.6e-08   29.1   5.6   3   4   0.00084     0.022   10.6   0.0   327   368   239   279   235   285 0.89 -
AgamP4_3R:21124714-21126517   -            407 40929at6656          -            563   5.6e-08   29.1   5.6   4   4      0.72        19    0.9   0.0   265   367   372   402   349   406 0.48 -
AgamP4_2R:19482106-19482531   -            142 40929at6656          -            563   8.7e-08   28.5   1.3   1   2   2.3e-06   6.2e-05   19.1   0.3   417   516     4   102     1   111 0.78 -
AgamP4_2R:19482106-19482531   -            142 40929at6656          -            563   8.7e-08   28.5   1.3   2   2    0.0046      0.12    8.2   0.0   338   364   114   140   111   141 0.94 -
AgamP4_3R:50381123-50381635   -            171 40929at6656          -            563   9.2e-08   28.4   0.1   1   2   1.2e-08   3.2e-07   26.6   0.1   324   455    15   144     7   156 0.83 -
AgamP4_3R:50381123-50381635   -            171 40929at6656          -            563   9.2e-08   28.4   0.1   2   2       4.4   1.2e+02   -1.7   0.0   268   284   154   170   142   171 0.79 -
AgamP4_3L:34631728-34632330   -            201 40929at6656          -            563   1.1e-07   28.1   0.1   1   1   5.6e-09   1.5e-07   27.7   0.1   394   452   121   181   104   193 0.77 -
AgamP4_2L:14641875-14642039   -             55 40929at6656          -            563   1.7e-07   27.5   0.9   1   2   2.8e-06   7.4e-05   18.8   0.1   437   468     1    32     1    36 0.91 -
AgamP4_2L:14641875-14642039   -             55 40929at6656          -            563   1.7e-07   27.5   0.9   2   2    0.0041      0.11    8.3   0.1   497   515    37    55    32    55 0.83 -
AgamP4_3R:9192526-9193299     -            258 40929at6656          -            563   2.8e-07   26.8   2.9   1   2   2.7e-07   7.1e-06   22.1   0.8   334   453    43   167    34   195 0.78 -
AgamP4_3R:9192526-9193299     -            258 40929at6656          -            563   2.8e-07   26.8   2.9   2   2     0.053       1.4    4.7   0.0   327   365   216   257   205   258 0.78 -
AgamP4_3R:9185154-9185825     -            224 40929at6656          -            563   3.8e-07   26.3   4.0   1   2   3.3e-07   8.7e-06   21.9   1.5   334   453     9   133     4   163 0.78 -
AgamP4_3R:9185154-9185825     -            224 40929at6656          -            563   3.8e-07   26.3   4.0   2   2     0.042       1.1    5.0   0.0   327   365   182   223   171   224 0.78 -
AgamP4_2L:30448255-30449016   -            254 40929at6656          -            563   6.7e-07   25.5   0.1   1   1   7.9e-08   2.1e-06   23.9   0.1   418   477    68   128    61   138 0.80 -
AgamP4_2R:607350-612901       -           1311 40929at6656          -            563   8.3e-07   25.2   1.6   1   4    0.0037     0.099    8.5   0.1   418   464    36    82    31    90 0.77 -
AgamP4_2R:607350-612901       -           1311 40929at6656          -            563   8.3e-07   25.2   1.6   2   4      0.12       3.3    3.5   0.1   490   529    86   125    79   128 0.84 -
AgamP4_2R:607350-612901       -           1311 40929at6656          -            563   8.3e-07   25.2   1.6   3   4    0.0013     0.036    9.9   0.0   336   399   123   191   111   210 0.77 -
AgamP4_2R:607350-612901       -           1311 40929at6656          -            563   8.3e-07   25.2   1.6   4   4      0.77        20    0.8   0.0   410   451   244   280   236   294 0.71 -
AgamP4_2L:33965629-33969573   -           1169 40929at6656          -            563   3.6e-06   23.1   0.1   1   2   6.3e-07   1.7e-05   20.9   0.1   376   441    57   120    50   171 0.80 -
AgamP4_2L:33965629-33969573   -           1169 40929at6656          -            563   3.6e-06   23.1   0.1   2   2       3.6        96   -1.4   0.0   386   449   236   299   228   311 0.87 -
AgamP4_3R:30772628-30772999   -            124 40929at6656          -            563   4.5e-06   22.8   1.4   1   1   2.2e-07   5.9e-06   22.4   1.4   375   449     4    78     1    86 0.86 -
AgamP4_3L:6454346-6454936     -            197 40929at6656          -            563     6e-06   22.4   0.1   1   1   3.7e-07   9.8e-06   21.7   0.1   348   432     3    86     1    93 0.70 -
AgamP4_2L:3288436-3288888     -            151 40929at6656          -            563   7.5e-06   22.1   0.2   1   2   7.3e-06   0.00019   17.4   0.0   396   454     2    61     1    66 0.92 -
AgamP4_2L:3288436-3288888     -            151 40929at6656          -            563   7.5e-06   22.1   0.2   2   2      0.15       3.9    3.2   0.0   488   515   121   148    79   151 0.64 -
AgamP4_3R:20626047-20627262   -            374 40929at6656          -            563   1.1e-05   21.5   2.3   1   3   0.00033    0.0088   11.9   0.2   369   447    44   125     2   134 0.77 -
AgamP4_3R:20626047-20627262   -            374 40929at6656          -            563   1.1e-05   21.5   2.3   2   3    0.0055      0.15    7.9   0.0   422   450   146   174   133   180 0.87 -
AgamP4_3R:20626047-20627262   -            374 40929at6656          -            563   1.1e-05   21.5   2.3   3   3       2.7        71   -1.0   0.0   498   519   343   366   302   370 0.68 -
AgamP4_3R:39152841-39152999   -             53 40929at6656          -            563   3.5e-05   19.9   0.0   1   1   1.4e-06   3.8e-05   19.7   0.0   344   391     2    50     1    52 0.82 -
AgamP4_X:17576612-17576797    -             62 40929at6656          -            563   3.6e-05   19.8   0.2   1   1   1.4e-06   3.8e-05   19.8   0.2   337   394     3    61     1    62 0.91 -
AgamP4_3R:1367005-1367511     -            169 40929at6656          -            563   3.8e-05   19.8   1.2   1   3   0.00023     0.006   12.5   0.0   397   453     6    65     3    74 0.82 -
AgamP4_3R:1367005-1367511     -            169 40929at6656          -            563   3.8e-05   19.8   1.2   2   3      0.94        25    0.5   0.0   502   522   101   121    95   135 0.55 -
AgamP4_3R:1367005-1367511     -            169 40929at6656          -            563   3.8e-05   19.8   1.2   3   3     0.065       1.7    4.4   0.2   337   373   127   161   120   168 0.78 -
AgamP4_2R:16892840-16896659   -            865 40929at6656          -            563   6.4e-05   19.0   2.4   1   2   2.4e-06   6.5e-05   19.0   0.6   382   466   281   365   271   383 0.59 -
AgamP4_2R:16892840-16896659   -            865 40929at6656          -            563   6.4e-05   19.0   2.4   2   2       3.7        98   -1.4   0.0   439   453   454   468   447   478 0.76 -
AgamP4_3L:40902014-40902928   -            305 40929at6656          -            563   0.00012   18.1   0.2   1   2     0.022      0.59    5.9   0.1   373   413   187   227   130   270 0.70 -
AgamP4_3L:40902014-40902928   -            305 40929at6656          -            563   0.00012   18.1   0.2   2   2   2.1e-05   0.00057   15.9   0.2   334   449   190   304   181   305 0.90 -
AgamP4_2R:19061665-19062666   -            334 40929at6656          -            563   0.00013   18.0   0.0   1   2   0.00015    0.0039   13.1   0.0   342   408    25    92    14   121 0.54 -
AgamP4_2R:19061665-19062666   -            334 40929at6656          -            563   0.00013   18.0   0.0   2   2      0.44        12    1.6   0.0   341   373   208   240   184   246 0.82 -
AgamP4_3R:43264774-43265163   -            130 40929at6656          -            563   0.00016   17.7   1.4   1   2     0.094       2.5    3.8   0.0   502   516     2    16     1    21 0.60 -
AgamP4_3R:43264774-43265163   -            130 40929at6656          -            563   0.00016   17.7   1.4   2   2   0.00011     0.003   13.5   0.3   336   392    29    87    19   130 0.76 -
AgamP4_3R:8573929-8577509     -            799 40929at6656          -            563   0.00019   17.4   0.0   1   2    0.0076       0.2    7.5   0.0   341   458   159   278   125   304 0.71 -
AgamP4_3R:8573929-8577509     -            799 40929at6656          -            563   0.00019   17.4   0.0   2   2    0.0066      0.18    7.6   0.0   483   524   408   449   366   467 0.59 -
AgamP4_3R:45763106-45764611   -            451 40929at6656          -            563   0.00024   17.1   0.0   1   1   1.5e-05   0.00039   16.4   0.0   386   453   199   266   190   275 0.87 -
AgamP4_3R:14561558-14566795   -           1003 40929at6656          -            563   0.00093   15.2   0.1   1   2   3.5e-05   0.00093   15.2   0.1   394   460   461   529   455   552 0.86 -
AgamP4_3R:14561558-14566795   -           1003 40929at6656          -            563   0.00093   15.2   0.1   2   2    0.0051      0.14    8.0   0.0   420   459   637   676   626   688 0.74 -
AgamP4_UNKN:13134408-13134956 -            183 40929at6656          -            563    0.0019   14.2   0.0   1   1    0.0001    0.0027   13.6   0.0   334   408    62   137    55   152 0.89 -
AgamP4_X:10710538-10711383    -            282 40929at6656          -            563    0.0025   13.8   0.0   1   2     0.001     0.027   10.3   0.0   498   531     4    37     2    60 0.83 -
AgamP4_X:10710538-10711383    -            282 40929at6656          -            563    0.0025   13.8   0.0   2   2      0.66        18    1.0   0.0   478   514   241   278   186   282 0.61 -
AgamP4_3L:826493-826894       -            134 40929at6656          -            563    0.0039   13.1   0.1   1   2       1.5        40   -0.1   0.0   272   296    62    86    56    91 0.61 -
AgamP4_3L:826493-826894       -            134 40929at6656          -            563    0.0039   13.1   0.1   2   2   0.00072     0.019   10.8   0.0   338   369   100   131    90   134 0.86 -
AgamP4_2L:11377095-11377664   -            190 40929at6656          -            563    0.0096   11.8   0.3   1   1    0.0033     0.089    8.6   0.3   337   407     1    88     1   134 0.55 -
AgamP4_2R:51637894-51639855   -            654 40929at6656          -            563     0.048    9.5   0.0   1   1    0.0018     0.048    9.5   0.0   340   411   349   420   330   440 0.76 -
#
# Program:         hmmsearch
# Version:         3.1b2 (February 2015)
# Pipeline mode:   SEARCH
# Query file:      /hpcdata/bcbb/homc/Barillaslab/Agam_hemo_transcriptomes/scripts/compare_txomes/busco/busco_downloads/lineages/arthropoda_odb10/hmms/40929at6656.hmm
# Target file:     /hpcdata/bcbb/homc/Barillaslab/Agam_hemo_transcriptomes/scripts/compare_txomes/busco/VB59_AgambiaePEST_BUSCO/run_arthropoda_odb10/metaeuk_output/initial_results/VectorBase-59_AgambiaePEST_Genome.fasta.modified.fas
# Option settings: hmmsearch --domtblout /hpcdata/bcbb/homc/Barillaslab/Agam_hemo_transcriptomes/scripts/compare_txomes/busco/VB59_AgambiaePEST_BUSCO/run_arthropoda_odb10/hmmer_output/initial_run_results/40929at6656.out --cpu 1 /hpcdata/bcbb/homc/Barillaslab/Agam_hemo_transcriptomes/scripts/compare_txomes/busco/busco_downloads/lineages/arthropoda_odb10/hmms/40929at6656.hmm /hpcdata/bcbb/homc/Barillaslab/Agam_hemo_transcriptomes/scripts/compare_txomes/busco/VB59_AgambiaePEST_BUSCO/run_arthropoda_odb10/metaeuk_output/initial_results/VectorBase-59_AgambiaePEST_Genome.fasta.modified.fas 
# Current dir:     /hpcdata/bcbb/homc/Barillaslab/Agam_hemo_transcriptomes/scripts/compare_txomes/busco
# Date:            Fri Jan 27 16:40:55 2023
# [ok]
