#                                                                                     --- full sequence --- -------------- this domain -------------   hmm coord   ali coord   env coord
# target name                 accession   tlen query name           accession   qlen   E-value  score  bias   #  of  c-Evalue  i-Evalue  score  bias  from    to  from    to  from    to  acc description of target
#         ------------------- ---------- ----- -------------------- ---------- ----- --------- ------ ----- --- --- --------- --------- ------ ----- ----- ----- ----- ----- ----- ----- ---- ---------------------
AgamP4_2R:55466578-55468326   -            532 44953at6656          -            367  1.1e-171  567.9  13.6   1   2   1.9e-05   0.00051   16.2   0.0     6    38    97   130    88   140 0.85 -
AgamP4_2R:55466578-55468326   -            532 44953at6656          -            367  1.1e-171  567.9  13.6   2   2  2.5e-167  6.7e-166  548.9  10.5    39   366   159   524   137   525 0.89 -
AgamP4_3R:34966164-34967360   -            349 44953at6656          -            367   2.8e-34  115.8   0.4   1   3   6.3e-18   1.7e-16   57.3   0.3    92   286    21   215    14   220 0.79 -
AgamP4_3R:34966164-34967360   -            349 44953at6656          -            367   2.8e-34  115.8   0.4   2   3   1.5e-06   4.1e-05   19.8   0.0   208   258   221   274   215   283 0.86 -
AgamP4_3R:34966164-34967360   -            349 44953at6656          -            367   2.8e-34  115.8   0.4   3   3   4.8e-11   1.3e-09   34.7   0.0    98   150   291   343   282   347 0.93 -
AgamP4_3R:37009802-37012165   -            788 44953at6656          -            367     8e-34  114.3  13.9   1   7     0.004      0.11    8.6   0.0   262   324    65   130    56   141 0.77 -
AgamP4_3R:37009802-37012165   -            788 44953at6656          -            367     8e-34  114.3  13.9   2   7   0.00056     0.015   11.4   0.0    92   138   110   156    90   157 0.89 -
AgamP4_3R:37009802-37012165   -            788 44953at6656          -            367     8e-34  114.3  13.9   3   7   1.8e-07   4.9e-06   22.9   0.6   224   286   156   218   138   227 0.81 -
AgamP4_3R:37009802-37012165   -            788 44953at6656          -            367     8e-34  114.3  13.9   4   7   1.5e-09   4.1e-08   29.7   0.1   196   284   356   449   344   467 0.80 -
AgamP4_3R:37009802-37012165   -            788 44953at6656          -            367     8e-34  114.3  13.9   5   7   2.5e-13   6.8e-12   42.1   0.1   210   287   471   548   460   550 0.89 -
AgamP4_3R:37009802-37012165   -            788 44953at6656          -            367     8e-34  114.3  13.9   6   7   9.3e-12   2.5e-10   37.0   0.1    73   155   507   588   504   595 0.91 -
AgamP4_3R:37009802-37012165   -            788 44953at6656          -            367     8e-34  114.3  13.9   7   7   0.00014    0.0037   13.4   0.1    75   163   551   638   549   654 0.87 -
AgamP4_3R:36380953-36381426   -            158 44953at6656          -            367   2.4e-32  109.4   7.9   1   3   2.3e-09   6.1e-08   29.1   0.4   211   284     1    74     1    77 0.84 -
AgamP4_3R:36380953-36381426   -            158 44953at6656          -            367   2.4e-32  109.4   7.9   2   3   7.3e-14   1.9e-12   43.9   0.1    79   153    42   116    37   117 0.88 -
AgamP4_3R:36380953-36381426   -            158 44953at6656          -            367   2.4e-32  109.4   7.9   3   3   1.8e-16   4.8e-15   52.5   0.1    74   153    80   158    75   158 0.93 -
AgamP4_3R:51549078-51661884   -            296 44953at6656          -            367   1.7e-29  100.1   1.8   1   3      0.02      0.54    6.3   0.0   124   154     1    31     1    37 0.67 -
AgamP4_3R:51549078-51661884   -            296 44953at6656          -            367   1.7e-29  100.1   1.8   2   3   2.3e-14   6.2e-13   45.6   0.4   208   289    39   121    34   125 0.90 -
AgamP4_3R:51549078-51661884   -            296 44953at6656          -            367   1.7e-29  100.1   1.8   3   3   1.9e-14     5e-13   45.9   0.0   202   296   148   243   145   282 0.82 -
AgamP4_UNKN:25798770-25799561 -            264 44953at6656          -            367   2.6e-29   99.5   5.1   1   2     4e-27   1.1e-25   87.5   0.9    73   285    13   224     5   226 0.85 -
AgamP4_UNKN:25798770-25799561 -            264 44953at6656          -            367   2.6e-29   99.5   5.1   2   2   6.4e-07   1.7e-05   21.1   0.2    73   145   182   256   178   264 0.86 -
AgamP4_2R:14010526-14011476   -            317 44953at6656          -            367   4.7e-29   98.6   4.6   1   3       8.1   2.2e+02   -2.3   0.0   123   138     3    18     2    25 0.77 -
AgamP4_2R:14010526-14011476   -            317 44953at6656          -            367   4.7e-29   98.6   4.6   2   3   5.6e-27   1.5e-25   87.1   0.8    72   285    65   277    50   279 0.85 -
AgamP4_2R:14010526-14011476   -            317 44953at6656          -            367   4.7e-29   98.6   4.6   3   3   8.8e-07   2.4e-05   20.6   0.2    73   145   235   309   231   317 0.86 -
AgamP4_3L:36689004-36689834   -            277 44953at6656          -            367   1.1e-28   97.4   0.5   1   5    0.0048      0.13    8.3   0.1   122   155     1    34     1    40 0.90 -
AgamP4_3L:36689004-36689834   -            277 44953at6656          -            367   1.1e-28   97.4   0.5   2   5   9.8e-13   2.6e-11   40.2   0.1    76   156    40   119    32   125 0.91 -
AgamP4_3L:36689004-36689834   -            277 44953at6656          -            367   1.1e-28   97.4   0.5   3   5   4.1e-09   1.1e-07   28.3   0.0   249   334   123   211   119   213 0.80 -
AgamP4_3L:36689004-36689834   -            277 44953at6656          -            367   1.1e-28   97.4   0.5   4   5   0.00076      0.02   11.0   0.0   118   151   206   240   203   244 0.83 -
AgamP4_3L:36689004-36689834   -            277 44953at6656          -            367   1.1e-28   97.4   0.5   5   5   0.00013    0.0035   13.5   0.0    97   146   228   277   223   277 0.92 -
AgamP4_2L:23631520-23632380   -            287 44953at6656          -            367   6.3e-28   94.9   0.5   1   2   1.1e-16   2.9e-15   53.2   0.1    95   285    16   204     1   204 0.87 -
AgamP4_2L:23631520-23632380   -            287 44953at6656          -            367   6.3e-28   94.9   0.5   2   2   6.7e-15   1.8e-13   47.3   0.1    73   240   123   287   120   287 0.84 -
AgamP4_2L:23616958-23617665   -            236 44953at6656          -            367   6.4e-27   91.6   0.1   1   2   3.9e-15     1e-13   48.1   0.0   174   285    38   152    16   152 0.85 -
AgamP4_2L:23616958-23617665   -            236 44953at6656          -            367   6.4e-27   91.6   0.1   2   2   2.9e-15   7.6e-14   48.6   0.0    74   240    72   235    69   236 0.83 -
AgamP4_3L:36698245-36698961   -            239 44953at6656          -            367   1.4e-25   87.2   1.2   1   4    0.0012     0.032   10.3   0.0   121   155    15    49     3    55 0.84 -
AgamP4_3L:36698245-36698961   -            239 44953at6656          -            367   1.4e-25   87.2   1.2   2   4   8.2e-13   2.2e-11   40.5   0.2    76   156    55   134    48   140 0.91 -
AgamP4_3L:36698245-36698961   -            239 44953at6656          -            367   1.4e-25   87.2   1.2   3   4     6e-15   1.6e-13   47.5   0.0   208   334    98   226    94   234 0.84 -
AgamP4_3L:36698245-36698961   -            239 44953at6656          -            367   1.4e-25   87.2   1.2   4   4         2        54   -0.3   0.0   118   135   221   239   218   239 0.76 -
AgamP4_2R:17704642-17706144   -            501 44953at6656          -            367   4.3e-25   85.6   6.5   1   5   0.00011     0.003   13.7   0.0   242   285   119   163    76   171 0.83 -
AgamP4_2R:17704642-17706144   -            501 44953at6656          -            367   4.3e-25   85.6   6.5   2   5      0.39        10    2.0   0.0   333   355   167   189   164   203 0.82 -
AgamP4_2R:17704642-17706144   -            501 44953at6656          -            367   4.3e-25   85.6   6.5   3   5   4.6e-08   1.2e-06   24.8   0.2    78   154   214   293   201   298 0.84 -
AgamP4_2R:17704642-17706144   -            501 44953at6656          -            367   4.3e-25   85.6   6.5   4   5   6.4e-07   1.7e-05   21.1   0.0    98   154   363   419   353   423 0.92 -
AgamP4_2R:17704642-17706144   -            501 44953at6656          -            367   4.3e-25   85.6   6.5   5   5   1.8e-07   4.7e-06   22.9   0.0   208   281   427   500   421   501 0.90 -
AgamP4_3R:170125-171711       -            350 44953at6656          -            367   5.5e-25   85.2   6.3   1   4   3.4e-06   8.9e-05   18.7   0.0   122   202     9    95     2   101 0.70 -
AgamP4_3R:170125-171711       -            350 44953at6656          -            367   5.5e-25   85.2   6.3   2   4     6e-06   0.00016   17.9   0.2    79   157   105   181    97   185 0.87 -
AgamP4_3R:170125-171711       -            350 44953at6656          -            367   5.5e-25   85.2   6.3   3   4   5.7e-06   0.00015   17.9   0.0    75   136   184   248   180   252 0.84 -
AgamP4_3R:170125-171711       -            350 44953at6656          -            367   5.5e-25   85.2   6.3   4   4   4.2e-10   1.1e-08   31.6   0.1    95   155   258   318   250   329 0.88 -
AgamP4_2L:44509306-44520474   -           1432 44953at6656          -            367   1.5e-24   83.7   3.6   1   2       2.2        58   -0.4   0.1   261   285   221   245   215   252 0.65 -
AgamP4_2L:44509306-44520474   -           1432 44953at6656          -            367   1.5e-24   83.7   3.6   2   2     2e-25   5.4e-24   81.9   0.9    89   293   266   491   253   528 0.80 -
AgamP4_X:7822877-7823976      -            341 44953at6656          -            367   5.8e-24   81.8  13.0   1   4   1.8e-07   4.8e-06   22.9   0.7   206   285     7    90     3    92 0.83 -
AgamP4_X:7822877-7823976      -            341 44953at6656          -            367   5.8e-24   81.8  13.0   2   4     3e-08   7.9e-07   25.5   2.0    80   164    58   142    50   147 0.82 -
AgamP4_X:7822877-7823976      -            341 44953at6656          -            367   5.8e-24   81.8  13.0   3   4   1.3e-10   3.5e-09   33.2   0.5   204   283   144   227   141   232 0.87 -
AgamP4_X:7822877-7823976      -            341 44953at6656          -            367   5.8e-24   81.8  13.0   4   4     7e-05    0.0019   14.4   0.0    81   154   256   337   255   340 0.75 -
AgamP4_3L:31279277-31281446   -            674 44953at6656          -            367   1.6e-23   80.4   6.8   1   4       1.4        37    0.2   0.1   260   288   349   378   334   399 0.75 -
AgamP4_3L:31279277-31281446   -            674 44953at6656          -            367   1.6e-23   80.4   6.8   2   4    0.0013     0.035   10.2   0.0   117   153   410   446   388   452 0.66 -
AgamP4_3L:31279277-31281446   -            674 44953at6656          -            367   1.6e-23   80.4   6.8   3   4   7.1e-14   1.9e-12   44.0   0.9    74   157   452   534   446   539 0.90 -
AgamP4_3L:31279277-31281446   -            674 44953at6656          -            367   1.6e-23   80.4   6.8   4   4     1e-08   2.8e-07   27.0   0.1    75   168   537   630   532   636 0.86 -
AgamP4_2L:18015543-18017062   -            484 44953at6656          -            367     2e-23   80.1   7.6   1   2   1.5e-06   4.1e-05   19.8   0.0    75   155   167   246   159   250 0.86 -
AgamP4_2L:18015543-18017062   -            484 44953at6656          -            367     2e-23   80.1   7.6   2   2   3.5e-20   9.4e-19   64.7   1.4    98   286   231   413   226   460 0.86 -
AgamP4_2L:44379373-44383081   -            834 44953at6656          -            367   9.9e-23   77.8   0.3   1   2   7.9e-23   2.1e-21   73.4   0.1    79   289   235   442   186   462 0.83 -
AgamP4_2L:44379373-44383081   -            834 44953at6656          -            367   9.9e-23   77.8   0.3   2   2      0.42        11    1.9   0.0   245   280   480   516   467   526 0.81 -
AgamP4_2R:3568901-3577236     -           1467 44953at6656          -            367   1.1e-22   77.7   8.2   1   2   1.1e-16     3e-15   53.2   3.3    80   301     3   229     1   271 0.77 -
AgamP4_2R:3568901-3577236     -           1467 44953at6656          -            367   1.1e-22   77.7   8.2   2   2   5.4e-06   0.00014   18.0   0.2   118   241   902  1031   883  1033 0.57 -
AgamP4_2L:8569430-8580292     -            367 44953at6656          -            367   2.2e-21   73.4   0.5   1   3   1.7e-05   0.00046   16.4   0.4    73   131    47   103    31   106 0.74 -
AgamP4_2L:8569430-8580292     -            367 44953at6656          -            367   2.2e-21   73.4   0.5   2   3     6e-12   1.6e-10   37.6   0.0   212   358    96   239    90   244 0.76 -
AgamP4_2L:8569430-8580292     -            367 44953at6656          -            367   2.2e-21   73.4   0.5   3   3   7.4e-06    0.0002   17.6   0.0   108   157   246   295   224   300 0.84 -
AgamP4_2L:23638188-23639159   -            324 44953at6656          -            367   2.5e-21   73.2   0.2   1   2    0.0011     0.029   10.5   0.0   203   286    30   113    15   124 0.85 -
AgamP4_2L:23638188-23639159   -            324 44953at6656          -            367   2.5e-21   73.2   0.2   2   2   8.7e-15   2.3e-13   47.0   0.0    73   240   160   324   158   324 0.86 -
AgamP4_3R:6001708-6002684     -            303 44953at6656          -            367   2.7e-21   73.1   0.3   1   2         5   1.3e+02   -1.6   0.0   125   153    13    41     9    45 0.75 -
AgamP4_3R:6001708-6002684     -            303 44953at6656          -            367   2.7e-21   73.1   0.3   2   2   2.6e-22     7e-21   71.7   0.3    73   285    46   253    36   261 0.86 -
AgamP4_2L:4140122-4140970     -            283 44953at6656          -            367   1.2e-20   70.9  22.9   1   2     5e-12   1.3e-10   37.9   4.6   123   283     6   158     5   163 0.88 -
AgamP4_2L:4140122-4140970     -            283 44953at6656          -            367   1.2e-20   70.9  22.9   2   2   1.4e-14   3.8e-13   46.3  10.4    77   285    45   245    44   267 0.83 -
AgamP4_2L:3643810-3644250     -            147 44953at6656          -            367   1.2e-18   64.4   1.0   1   2   1.4e-08   3.8e-07   26.5   0.4   235   284     3    54     1    61 0.85 -
AgamP4_2L:3643810-3644250     -            147 44953at6656          -            367   1.2e-18   64.4   1.0   2   2   1.7e-11   4.6e-10   36.1   0.0    78   154    63   140    56   145 0.90 -
AgamP4_2R:14088685-14089743   -            353 44953at6656          -            367   4.5e-18   62.5   2.8   1   2   6.6e-09   1.7e-07   27.6   0.0   185   297    14   135     1   153 0.79 -
AgamP4_2R:14088685-14089743   -            353 44953at6656          -            367   4.5e-18   62.5   2.8   2   2   1.4e-10   3.8e-09   33.1   1.8    94   244   155   320   143   336 0.77 -
AgamP4_3R:49908365-49910129   -            240 44953at6656          -            367   6.7e-18   61.9   2.0   1   2     2e-17   5.5e-16   55.6   1.9   186   333    60   210    13   214 0.82 -
AgamP4_3R:49908365-49910129   -            240 44953at6656          -            367   6.7e-18   61.9   2.0   2   2   0.00056     0.015   11.4   0.0    76   243   165   201   160   240 0.41 -
AgamP4_2R:16412080-16414107   -            456 44953at6656          -            367   3.7e-17   59.4   6.6   1   2   1.3e-09   3.4e-08   30.0   0.4   134   285   223   371   200   381 0.74 -
AgamP4_2R:16412080-16414107   -            456 44953at6656          -            367   3.7e-17   59.4   6.6   2   2     6e-10   1.6e-08   31.0   0.7   186   241   396   454   373   456 0.84 -
AgamP4_X:19936178-19937254    -            359 44953at6656          -            367     6e-17   58.8   0.0   1   4    0.0023     0.061    9.4   0.0    94   131     7    43     2    49 0.86 -
AgamP4_X:19936178-19937254    -            359 44953at6656          -            367     6e-17   58.8   0.0   2   4   3.2e-06   8.6e-05   18.8   0.0   236   326    87   180    64   190 0.77 -
AgamP4_X:19936178-19937254    -            359 44953at6656          -            367     6e-17   58.8   0.0   3   4     0.016      0.42    6.6   0.0   115   155   236   276   229   289 0.82 -
AgamP4_X:19936178-19937254    -            359 44953at6656          -            367     6e-17   58.8   0.0   4   4   3.7e-06   9.8e-05   18.6   0.0    84   135   290   340   277   354 0.86 -
AgamP4_3L:427344-427631       -             96 44953at6656          -            367   1.8e-16   57.2   0.1   1   2   1.2e-07   3.2e-06   23.5   0.0    96   137     5    46     1    52 0.91 -
AgamP4_3L:427344-427631       -             96 44953at6656          -            367   1.8e-16   57.2   0.1   2   2   2.3e-10     6e-09   32.4   0.0   100   140    53    93    46    96 0.89 -
AgamP4_UNKN:10943664-10943951 -             96 44953at6656          -            367   1.8e-16   57.2   0.1   1   2   1.2e-07   3.2e-06   23.5   0.0    96   137     5    46     1    52 0.91 -
AgamP4_UNKN:10943664-10943951 -             96 44953at6656          -            367   1.8e-16   57.2   0.1   2   2   2.3e-10     6e-09   32.4   0.0   100   140    53    93    46    96 0.89 -
AgamP4_2R:4563302-4564801     -            500 44953at6656          -            367   4.8e-16   55.8   0.5   1   4      0.81        22    1.0   0.0   255   284   204   234   197   241 0.64 -
AgamP4_2R:4563302-4564801     -            500 44953at6656          -            367   4.8e-16   55.8   0.5   2   4   6.6e-07   1.8e-05   21.0   0.0    76   150   249   323   237   326 0.83 -
AgamP4_2R:4563302-4564801     -            500 44953at6656          -            367   4.8e-16   55.8   0.5   3   4   3.3e-12   8.7e-11   38.5   0.1    73   157   288   372   285   392 0.86 -
AgamP4_2R:4563302-4564801     -            500 44953at6656          -            367   4.8e-16   55.8   0.5   4   4      0.13       3.4    3.7   0.0    70   153   414   499   407   500 0.80 -
AgamP4_3R:36381523-36381843   -            107 44953at6656          -            367   5.7e-16   55.6   0.3   1   2   6.5e-05    0.0017   14.5   0.0    98   137     6    45     1    47 0.89 -
AgamP4_3R:36381523-36381843   -            107 44953at6656          -            367   5.7e-16   55.6   0.3   2   2   9.9e-13   2.6e-11   40.2   0.1    95   154    46   105    43   107 0.95 -
AgamP4_2L:43754158-43755135   -            326 44953at6656          -            367   7.7e-16   55.1   0.8   1   3     2e-08   5.3e-07   26.0   0.2   228   286    73   134    69   141 0.80 -
AgamP4_2L:43754158-43755135   -            326 44953at6656          -            367   7.7e-16   55.1   0.8   2   3    0.0094      0.25    7.4   0.0   253   286   175   209   166   231 0.80 -
AgamP4_2L:43754158-43755135   -            326 44953at6656          -            367   7.7e-16   55.1   0.8   3   3     2e-05   0.00054   16.1   0.0    69   131   263   326   242   326 0.84 -
AgamP4_2R:57589246-57592097   -            924 44953at6656          -            367   8.2e-16   55.0   1.5   1   4      0.38        10    2.1   0.0   252   325   137   214    89   220 0.83 -
AgamP4_2R:57589246-57592097   -            924 44953at6656          -            367   8.2e-16   55.0   1.5   2   4   4.7e-08   1.3e-06   24.8   0.0    85   154   229   298   217   306 0.90 -
AgamP4_2R:57589246-57592097   -            924 44953at6656          -            367   8.2e-16   55.0   1.5   3   4      0.29       7.8    2.5   0.0   210   249   478   517   470   524 0.90 -
AgamP4_2R:57589246-57592097   -            924 44953at6656          -            367   8.2e-16   55.0   1.5   4   4   1.1e-06     3e-05   20.3   0.7   216   284   531   599   524   604 0.89 -
AgamP4_X:5662881-5675167      -            930 44953at6656          -            367     2e-15   53.8   2.2   1   3   8.8e-06   0.00024   17.3   0.4   208   285     9    86     6    91 0.88 -
AgamP4_X:5662881-5675167      -            930 44953at6656          -            367     2e-15   53.8   2.2   2   3   6.8e-07   1.8e-05   21.0   0.1    80   136    95   151    86   154 0.81 -
AgamP4_X:5662881-5675167      -            930 44953at6656          -            367     2e-15   53.8   2.2   3   3   7.6e-07     2e-05   20.8   0.0    75   153   133   210   131   218 0.92 -
AgamP4_2R:658072-660560       -            803 44953at6656          -            367   2.6e-15   53.4   4.8   1   3   1.4e-05   0.00036   16.7   0.2    87   153    67   137    64   144 0.82 -
AgamP4_2R:658072-660560       -            803 44953at6656          -            367   2.6e-15   53.4   4.8   2   3   9.2e-10   2.5e-08   30.4   0.6    74   187   144   259   139   271 0.85 -
AgamP4_2R:658072-660560       -            803 44953at6656          -            367   2.6e-15   53.4   4.8   3   3     0.022      0.58    6.2   0.0   234   279   271   318   262   333 0.85 -
AgamP4_3R:21067729-21069716   -            614 44953at6656          -            367   4.3e-15   52.7   6.6   1   2   9.4e-08   2.5e-06   23.8   0.2   209   284   319   396   313   405 0.65 -
AgamP4_3R:21067729-21069716   -            614 44953at6656          -            367   4.3e-15   52.7   6.6   2   2   3.9e-09     1e-07   28.4   2.1    95   283   423   614   416   614 0.75 -
AgamP4_3R:53005020-53006357   -            446 44953at6656          -            367   4.7e-15   52.5   1.5   1   3   6.1e-09   1.6e-07   27.7   0.1    74   158    58   142    36   165 0.89 -
AgamP4_3R:53005020-53006357   -            446 44953at6656          -            367   4.7e-15   52.5   1.5   2   3   2.4e-05   0.00064   15.9   0.0   192   285   216   313   171   320 0.74 -
AgamP4_3R:53005020-53006357   -            446 44953at6656          -            367   4.7e-15   52.5   1.5   3   3   1.9e-05    0.0005   16.3   0.2   225   314   295   387   292   427 0.71 -
AgamP4_3R:17121373-17122476   -            368 44953at6656          -            367   6.9e-15   52.0   5.2   1   3   9.9e-06   0.00026   17.2   0.0   206   284    51   140    37   146 0.72 -
AgamP4_3R:17121373-17122476   -            368 44953at6656          -            367   6.9e-15   52.0   5.2   2   3   0.00099     0.026   10.6   0.2    78   111   160   192   149   196 0.78 -
AgamP4_3R:17121373-17122476   -            368 44953at6656          -            367   6.9e-15   52.0   5.2   3   3   1.3e-08   3.4e-07   26.7   6.5   123   287   162   333   161   345 0.76 -
AgamP4_2L:48386720-48387145   -            142 44953at6656          -            367   1.3e-14   51.1   3.3   1   2   4.9e-08   1.3e-06   24.7   0.1    97   155     4    62     1    67 0.93 -
AgamP4_2L:48386720-48387145   -            142 44953at6656          -            367   1.3e-14   51.1   3.3   2   2   4.9e-09   1.3e-07   28.0   1.1    71   148    63   139    56   142 0.90 -
AgamP4_3R:30773788-30774537   -            250 44953at6656          -            367   1.8e-14   50.6   2.4   1   2   1.3e-06   3.4e-05   20.1   0.8   200   327    27   163    11   174 0.65 -
AgamP4_3R:30773788-30774537   -            250 44953at6656          -            367   1.8e-14   50.6   2.4   2   2   1.5e-09     4e-08   29.7   0.1    72   154   163   247   159   250 0.83 -
AgamP4_2L:14029962-14035090   -            940 44953at6656          -            367     3e-14   49.9   3.2   1   3   4.8e-06   0.00013   18.2   0.1   251   287   712   749   660   753 0.84 -
AgamP4_2L:14029962-14035090   -            940 44953at6656          -            367     3e-14   49.9   3.2   2   3   2.9e-06   7.6e-05   18.9   0.1   207   283   753   827   749   844 0.90 -
AgamP4_2L:14029962-14035090   -            940 44953at6656          -            367     3e-14   49.9   3.2   3   3   0.00044     0.012   11.8   0.0   254   318   847   919   843   931 0.66 -
AgamP4_2R:34050954-34052108   -            385 44953at6656          -            367   3.1e-14   49.8   2.3   1   3   5.3e-10   1.4e-08   31.2   0.3   184   291   170   292    94   294 0.64 -
AgamP4_2R:34050954-34052108   -            385 44953at6656          -            367   3.1e-14   49.8   2.3   2   3   1.8e-08   4.7e-07   26.2   0.1    94   286   267   331   252   347 0.57 -
AgamP4_2R:34050954-34052108   -            385 44953at6656          -            367   3.1e-14   49.8   2.3   3   3    0.0014     0.038   10.0   0.2    76   114   293   331   290   385 0.73 -
AgamP4_3R:34705215-34705949   -            245 44953at6656          -            367   3.7e-14   49.6   2.6   1   3      0.12       3.3    3.7   0.0   123   155     3    35     1    40 0.73 -
AgamP4_3R:34705215-34705949   -            245 44953at6656          -            367   3.7e-14   49.6   2.6   2   3   2.2e-11   5.7e-10   35.8   0.5   207   286    61   141    55   152 0.89 -
AgamP4_3R:34705215-34705949   -            245 44953at6656          -            367   3.7e-14   49.6   2.6   3   3    0.0036     0.096    8.7   0.0   105   136   184   215   160   233 0.85 -
AgamP4_3L:8624534-8630790     -            983 44953at6656          -            367   3.7e-14   49.6   1.7   1   3      0.33       8.9    2.3   0.0   223   268   153   199   135   224 0.77 -
AgamP4_3L:8624534-8630790     -            983 44953at6656          -            367   3.7e-14   49.6   1.7   2   3       3.2        85   -1.0   0.0   213   258   326   373   310   383 0.80 -
AgamP4_3L:8624534-8630790     -            983 44953at6656          -            367   3.7e-14   49.6   1.7   3   3   2.9e-13   7.7e-12   42.0   0.7   107   359   393   648   373   654 0.79 -
AgamP4_2R:19061665-19062666   -            334 44953at6656          -            367   7.4e-14   48.6   0.0   1   2     7e-10   1.9e-08   30.8   0.0   217   286    25    95    20   108 0.85 -
AgamP4_2R:19061665-19062666   -            334 44953at6656          -            367   7.4e-14   48.6   0.0   2   2   3.4e-05   0.00092   15.4   0.0   225   324   165   276   150   314 0.78 -
AgamP4_3R:13720775-13721455   -            227 44953at6656          -            367     3e-13   46.6   0.2   1   2   6.1e-13   1.6e-11   40.9   0.0   120   282    20   184     7   186 0.83 -
AgamP4_3R:13720775-13721455   -            227 44953at6656          -            367     3e-13   46.6   0.2   2   2    0.0011     0.029   10.4   0.1   230   282   174   227   171   227 0.80 -
AgamP4_2R:12715743-12716285   -            181 44953at6656          -            367   3.1e-13   46.5   0.6   1   3   8.9e-07   2.4e-05   20.6   0.2   227   287    10    71     2    73 0.82 -
AgamP4_2R:12715743-12716285   -            181 44953at6656          -            367   3.1e-13   46.5   0.6   2   3      0.29       7.6    2.5   0.0   253   280    78   104    72   117 0.74 -
AgamP4_2R:12715743-12716285   -            181 44953at6656          -            367   3.1e-13   46.5   0.6   3   3   1.1e-06   2.9e-05   20.3   0.0   234   284   133   181   106   181 0.86 -
AgamP4_2L:23645171-23646016   -            282 44953at6656          -            367   6.3e-13   45.5   0.7   1   3       1.5        40    0.1   0.0    97   145     8    55     2    65 0.70 -
AgamP4_2L:23645171-23646016   -            282 44953at6656          -            367   6.3e-13   45.5   0.7   2   3   3.8e-05     0.001   15.3   0.1   211   285    76   152    70   163 0.80 -
AgamP4_2L:23645171-23646016   -            282 44953at6656          -            367   6.3e-13   45.5   0.7   3   3   8.9e-08   2.4e-06   23.9   0.0    70   154   193   277   180   281 0.87 -
AgamP4_2R:27039208-27043163   -           1103 44953at6656          -            367   7.6e-13   45.3   4.5   1   3       1.1        30    0.5   0.0   254   288   106   141    99   146 0.77 -
AgamP4_2R:27039208-27043163   -           1103 44953at6656          -            367   7.6e-13   45.3   4.5   2   3   8.3e-10   2.2e-08   30.6   0.7   123   290   166   336   165   355 0.78 -
AgamP4_2R:27039208-27043163   -           1103 44953at6656          -            367   7.6e-13   45.3   4.5   3   3    0.0012     0.032   10.3   0.1   105   150   371   417   358   430 0.87 -
AgamP4_X:2171391-2177961      -           1149 44953at6656          -            367     8e-13   45.2   3.1   1   2      0.09       2.4    4.1   0.1    65   114   694   745   634   759 0.62 -
AgamP4_X:2171391-2177961      -           1149 44953at6656          -            367     8e-13   45.2   3.1   2   2   3.9e-12     1e-10   38.2   0.4    75   316   805  1052   788  1059 0.74 -
AgamP4_3L:34041168-34041458   -             97 44953at6656          -            367   1.1e-12   44.8   2.1   1   2   8.5e-12   2.3e-10   37.1   0.4   228   284     2    59     1    64 0.91 -
AgamP4_3L:34041168-34041458   -             97 44953at6656          -            367   1.1e-12   44.8   2.1   2   2    0.0051      0.13    8.3   0.1    73   107    63    96    59    97 0.75 -
AgamP4_3L:6010372-6011085     -            238 44953at6656          -            367   1.1e-12   44.7   1.8   1   2     2e-12   5.2e-11   39.2   0.4   188   291     4   107     1   126 0.86 -
AgamP4_3L:6010372-6011085     -            238 44953at6656          -            367   1.1e-12   44.7   1.8   2   2     0.048       1.3    5.0   0.0   124   154   169   199   151   233 0.62 -
AgamP4_2R:44708361-44709663   -            267 44953at6656          -            367     3e-12   43.3   0.1   1   2   0.00024    0.0064   12.6   0.3    74   141    92   158    86   167 0.79 -
AgamP4_2R:44708361-44709663   -            267 44953at6656          -            367     3e-12   43.3   0.1   2   2   8.8e-09   2.3e-07   27.2   0.0   234   315   164   249   159   262 0.79 -
AgamP4_2R:15155283-15156926   -            520 44953at6656          -            367   5.3e-12   42.5   4.4   1   3     8e-05    0.0021   14.2   0.2   229   284    96   151    64   156 0.81 -
AgamP4_2R:15155283-15156926   -            520 44953at6656          -            367   5.3e-12   42.5   4.4   2   3   3.2e-08   8.5e-07   25.4   0.1   199   348   105   255    86   260 0.81 -
AgamP4_2R:15155283-15156926   -            520 44953at6656          -            367   5.3e-12   42.5   4.4   3   3   2.2e-06   5.9e-05   19.3   0.0   189   327   180   321   179   363 0.75 -
AgamP4_3R:31538606-31539256   -            217 44953at6656          -            367   8.9e-12   41.7   0.1   1   3   4.1e-08   1.1e-06   25.0   0.0   228   283    21    77     2    80 0.86 -
AgamP4_3R:31538606-31539256   -            217 44953at6656          -            367   8.9e-12   41.7   0.1   2   3      0.23       6.2    2.8   0.0   251   286    92   131    84   152 0.59 -
AgamP4_3R:31538606-31539256   -            217 44953at6656          -            367   8.9e-12   41.7   0.1   3   3    0.0011     0.029   10.4   0.0   103   154   163   214   144   216 0.87 -
AAAB01001548:70979-72364      -            435 44953at6656          -            367   1.8e-11   40.8   0.2   1   2   4.1e-07   1.1e-05   21.7   0.1    92   277   113   295    86   300 0.74 -
AAAB01001548:70979-72364      -            435 44953at6656          -            367   1.8e-11   40.8   0.2   2   2     4e-05    0.0011   15.2   0.0   110   154   386   430   374   434 0.91 -
AgamP4_2L:43065216-43066196   -            327 44953at6656          -            367   2.1e-11   40.5   2.5   1   3       2.3        61   -0.5   0.0   299   334     9    46     3    73 0.59 -
AgamP4_2L:43065216-43066196   -            327 44953at6656          -            367   2.1e-11   40.5   2.5   2   3     1e-06   2.8e-05   20.4   0.1    76   140   113   181   107   186 0.84 -
AgamP4_2L:43065216-43066196   -            327 44953at6656          -            367   2.1e-11   40.5   2.5   3   3   4.8e-06   0.00013   18.2   0.1   233   284   214   269   206   274 0.79 -
AgamP4_3R:21124714-21126517   -            407 44953at6656          -            367   3.3e-11   39.9   0.2   1   4    0.0004     0.011   11.9   0.0   251   364    27   147    19   150 0.75 -
AgamP4_3R:21124714-21126517   -            407 44953at6656          -            367   3.3e-11   39.9   0.2   2   4   0.00023     0.006   12.7   0.0   249   286   200   238   195   246 0.64 -
AgamP4_3R:21124714-21126517   -            407 44953at6656          -            367   3.3e-11   39.9   0.2   3   4    0.0092      0.24    7.4   0.1   253   290   247   284   243   300 0.86 -
AgamP4_3R:21124714-21126517   -            407 44953at6656          -            367   3.3e-11   39.9   0.2   4   4      0.39        10    2.0   0.0   251   286   368   404   357   406 0.67 -
AgamP4_3L:23253341-23254726   -            435 44953at6656          -            367   3.6e-11   39.7   0.2   1   2   8.2e-07   2.2e-05   20.7   0.1    92   269   113   286    85   299 0.74 -
AgamP4_3L:23253341-23254726   -            435 44953at6656          -            367   3.6e-11   39.7   0.2   2   2     4e-05    0.0011   15.2   0.0   110   154   386   430   374   434 0.91 -
AgamP4_2L:25560534-25575756   -           1659 44953at6656          -            367     4e-11   39.6   0.0   1   2   0.00012    0.0031   13.7   0.0    78   159  1324  1408  1311  1422 0.86 -
AgamP4_2L:25560534-25575756   -           1659 44953at6656          -            367     4e-11   39.6   0.0   2   2   1.4e-07   3.7e-06   23.3   0.0    74   153  1534  1616  1528  1630 0.87 -
AgamP4_2L:28784726-28785127   -            134 44953at6656          -            367   5.7e-11   39.1   0.0   1   2     0.098       2.6    4.0   0.0   138   155     7    24     3    43 0.66 -
AgamP4_2L:28784726-28785127   -            134 44953at6656          -            367   5.7e-11   39.1   0.0   2   2   1.1e-10     3e-09   33.4   0.0   212   295    39   125    32   130 0.84 -
AgamP4_X:8426742-8427401      -            220 44953at6656          -            367   1.4e-10   37.8   0.1   1   2   7.6e-05     0.002   14.3   0.0   107   210     3   108     1   117 0.79 -
AgamP4_X:8426742-8427401      -            220 44953at6656          -            367   1.4e-10   37.8   0.1   2   2     4e-07   1.1e-05   21.7   0.1   249   286   160   198   148   212 0.81 -
AgamP4_2L:34692114-34693167   -            325 44953at6656          -            367   6.6e-10   35.6   4.2   1   3   4.1e-05    0.0011   15.1   0.2    79   152     6    77     3    85 0.83 -
AgamP4_2L:34692114-34693167   -            325 44953at6656          -            367   6.6e-10   35.6   4.2   2   3   3.9e-05    0.0011   15.2   0.6   224   303   158   237   138   262 0.76 -
AgamP4_2L:34692114-34693167   -            325 44953at6656          -            367   6.6e-10   35.6   4.2   3   3     0.082       2.2    4.3   0.0   119   146   280   307   255   318 0.79 -
AgamP4_2R:45613957-45614913   -            319 44953at6656          -            367   1.1e-09   34.9   1.1   1   3      0.84        23    0.9   0.1   255   286     1    33     1    43 0.71 -
AgamP4_2R:45613957-45614913   -            319 44953at6656          -            367   1.1e-09   34.9   1.1   2   3   4.4e-07   1.2e-05   21.6   0.0   120   156    65   102    56   118 0.85 -
AgamP4_2R:45613957-45614913   -            319 44953at6656          -            367   1.1e-09   34.9   1.1   3   3    0.0047      0.12    8.4   0.0    96   151   208   263   196   279 0.87 -
AgamP4_3R:49959164-49961053   -            630 44953at6656          -            367   2.7e-09   33.6   0.4   1   2   2.8e-09   7.4e-08   28.8   0.1   226   295    64   133    58   137 0.93 -
AgamP4_3R:49959164-49961053   -            630 44953at6656          -            367   2.7e-09   33.6   0.4   2   2       9.3   2.5e+02   -2.5   0.0   106   136   576   609   558   617 0.54 -
AgamP4_2R:15759829-15760374   -            182 44953at6656          -            367   1.2e-08   31.5   1.8   1   2   2.1e-05   0.00056   16.1   0.4    76   147     4    74     2    95 0.84 -
AgamP4_2R:15759829-15760374   -            182 44953at6656          -            367   1.2e-08   31.5   1.8   2   2   4.4e-05    0.0012   15.0   0.0    88   165   102   180    95   182 0.86 -
AgamP4_2R:597713-599083       -            457 44953at6656          -            367   1.3e-08   31.4   4.7   1   3       1.6        42    0.1   0.0   106   134     9    37     3    51 0.74 -
AgamP4_2R:597713-599083       -            457 44953at6656          -            367   1.3e-08   31.4   4.7   2   3   8.2e-07   2.2e-05   20.7   2.2   184   290    38   148    14   158 0.74 -
AgamP4_2R:597713-599083       -            457 44953at6656          -            367   1.3e-08   31.4   4.7   3   3    0.0043      0.12    8.5   0.0   118   242   304   422   297   430 0.70 -
AgamP4_2L:3288436-3288888     -            151 44953at6656          -            367   1.4e-08   31.2   0.2   1   2   1.7e-05   0.00045   16.4   0.0    99   162     2    66     1    73 0.89 -
AgamP4_2L:3288436-3288888     -            151 44953at6656          -            367   1.4e-08   31.2   0.2   2   2   0.00015     0.004   13.3   0.1   221   284    83   148    72   151 0.86 -
AgamP4_3R:39153145-39153792   -            216 44953at6656          -            367   1.7e-08   31.0   0.0   1   1   8.6e-10   2.3e-08   30.5   0.0   179   325    17   169     4   174 0.71 -
AgamP4_2R:19482106-19482531   -            142 44953at6656          -            367     2e-08   30.7   0.1   1   2   6.7e-08   1.8e-06   24.3   0.0   253   298     6    53     3    59 0.82 -
AgamP4_2R:19482106-19482531   -            142 44953at6656          -            367     2e-08   30.7   0.1   2   2     0.061       1.6    4.7   0.0   269   292    86   109    71   141 0.64 -
AgamP4_X:12108262-12111015    -            439 44953at6656          -            367   2.5e-08   30.4   0.4   1   3     0.033      0.87    5.6   0.0    94   119   228   253   221   264 0.79 -
AgamP4_X:12108262-12111015    -            439 44953at6656          -            367   2.5e-08   30.4   0.4   2   3      0.14       3.6    3.5   0.0   204   253   261   313   254   329 0.77 -
AgamP4_X:12108262-12111015    -            439 44953at6656          -            367   2.5e-08   30.4   0.4   3   3   5.5e-06   0.00015   18.0   0.0    70   135   350   420   346   427 0.88 -
AgamP4_X:3266607-3275242      -            542 44953at6656          -            367   2.8e-08   30.2   1.1   1   3      0.03      0.79    5.7   0.0   114   138    83   107    27   109 0.70 -
AgamP4_X:3266607-3275242      -            542 44953at6656          -            367   2.8e-08   30.2   1.1   2   3   9.1e-07   2.4e-05   20.6   0.3   239   295    77   133    48   136 0.86 -
AgamP4_X:3266607-3275242      -            542 44953at6656          -            367   2.8e-08   30.2   1.1   3   3   1.4e-05   0.00038   16.6   0.0   226   287   106   168   104   176 0.88 -
AgamP4_3L:34041844-34042146   -            101 44953at6656          -            367   3.3e-08   30.0   0.2   1   2   1.2e-07   3.3e-06   23.4   0.0   209   250     1    41     1    54 0.65 -
AgamP4_3L:34041844-34042146   -            101 44953at6656          -            367   3.3e-08   30.0   0.2   2   2     0.046       1.2    5.1   0.1   268   282    87   101    78   101 0.78 -
AgamP4_3R:43264774-43265163   -            130 44953at6656          -            367   5.6e-08   29.3   1.5   1   1   4.7e-09   1.3e-07   28.1   1.5   189   265     1    84     1   108 0.65 -
AgamP4_2L:47440804-47441022   -             73 44953at6656          -            367   1.7e-07   27.7   0.1   1   1   6.4e-09   1.7e-07   27.7   0.1    79   147     2    69     1    73 0.92 -
AgamP4_UNKN:13134408-13134956 -            183 44953at6656          -            367   1.7e-07   27.7   0.1   1   1   7.3e-09   1.9e-07   27.5   0.1    74   158    58   142    16   165 0.88 -
AgamP4_2R:33618033-33618905   -            291 44953at6656          -            367   1.7e-07   27.7  11.8   1   4     0.065       1.7    4.6   0.0   254   291    11    49     2    51 0.67 -
AgamP4_2R:33618033-33618905   -            291 44953at6656          -            367   1.7e-07   27.7  11.8   2   4   3.5e-08   9.3e-07   25.2   0.3    74   158    49   139    45   147 0.80 -
AgamP4_2R:33618033-33618905   -            291 44953at6656          -            367   1.7e-07   27.7  11.8   3   4       1.8        49   -0.2   0.0   268   283   182   197   174   201 0.86 -
AgamP4_2R:33618033-33618905   -            291 44953at6656          -            367   1.7e-07   27.7  11.8   4   4      0.47        13    1.8   2.2    95   152   229   288   204   291 0.47 -
AgamP4_2L:14641875-14642039   -             55 44953at6656          -            367   2.5e-07   27.1   0.2   1   1   1.1e-08   2.8e-07   26.9   0.2   228   284     1    55     1    55 0.89 -
AgamP4_2L:30448255-30449016   -            254 44953at6656          -            367   4.2e-07   26.4   0.3   1   1     1e-07   2.7e-06   23.7   0.3   117   292    64   243    52   247 0.68 -
AgamP4_2L:39373096-39375665   -            794 44953at6656          -            367   6.9e-07   25.7  15.4   1   4    0.0006     0.016   11.3   2.1    72   161    46   146    33   250 0.72 -
AgamP4_2L:39373096-39375665   -            794 44953at6656          -            367   6.9e-07   25.7  15.4   2   4     0.031      0.84    5.6   0.1   249   283   287   324   268   340 0.84 -
AgamP4_2L:39373096-39375665   -            794 44953at6656          -            367   6.9e-07   25.7  15.4   3   4       1.8        48   -0.1   0.0    80   110   389   419   385   428 0.85 -
AgamP4_2L:39373096-39375665   -            794 44953at6656          -            367   6.9e-07   25.7  15.4   4   4   0.00014    0.0036   13.4   1.0    76   201   558   686   549   695 0.72 -
AgamP4_2R:22130947-22131963   -            339 44953at6656          -            367   7.6e-07   25.5   0.2   1   3     1e-06   2.7e-05   20.4   0.0   122   283     4   165     1   171 0.83 -
AgamP4_2R:22130947-22131963   -            339 44953at6656          -            367   7.6e-07   25.5   0.2   2   3      0.77        20    1.1   0.0   303   331   265   294   228   320 0.69 -
AgamP4_2R:22130947-22131963   -            339 44953at6656          -            367   7.6e-07   25.5   0.2   3   3       0.5        13    1.7   0.0    99   147   274   323   260   337 0.55 -
AgamP4_3R:1367005-1367511     -            169 44953at6656          -            367   1.3e-06   24.7   0.0   1   2   0.00035    0.0094   12.1   0.0   234   286    10    65     2    96 0.80 -
AgamP4_3R:1367005-1367511     -            169 44953at6656          -            367   1.3e-06   24.7   0.0   2   2   0.00076      0.02   11.0   0.0   230   289   102   160    96   168 0.86 -
AgamP4_3L:41231722-41232210   -            163 44953at6656          -            367   1.4e-06   24.6   0.8   1   1   1.1e-07     3e-06   23.6   0.8   136   251    14   128     2   160 0.76 -
AgamP4_2L:17360629-17360904   -             92 44953at6656          -            367   1.8e-06   24.3   0.1   1   1   7.5e-08     2e-06   24.1   0.1   226   288     8    69     1    92 0.56 -
AAAB01008268:26849-28890      -            660 44953at6656          -            367   1.9e-06   24.2   0.5   1   4       2.5        66   -0.6   0.0   267   295   205   233   183   262 0.76 -
AAAB01008268:26849-28890      -            660 44953at6656          -            367   1.9e-06   24.2   0.5   2   4   2.9e-05   0.00078   15.6   0.0   210   304   291   393   283   402 0.75 -
AAAB01008268:26849-28890      -            660 44953at6656          -            367   1.9e-06   24.2   0.5   3   4     0.048       1.3    5.0   0.0   269   292   404   427   378   431 0.67 -
AAAB01008268:26849-28890      -            660 44953at6656          -            367   1.9e-06   24.2   0.5   4   4     0.043       1.1    5.2   0.0   230   254   407   431   392   454 0.69 -
AgamP4_2L:43108638-43111586   -            865 44953at6656          -            367   2.1e-06   24.1   0.2   1   4   1.6e-05   0.00043   16.5   0.0   251   289   523   562   518   598 0.74 -
AgamP4_2L:43108638-43111586   -            865 44953at6656          -            367   2.1e-06   24.1   0.2   2   4       8.6   2.3e+02   -2.4   0.0   104   142   677   715   666   730 0.77 -
AgamP4_2L:43108638-43111586   -            865 44953at6656          -            367   2.1e-06   24.1   0.2   3   4      0.39        10    2.0   0.0   119   156   776   813   754   827 0.82 -
AgamP4_2L:43108638-43111586   -            865 44953at6656          -            367   2.1e-06   24.1   0.2   4   4       1.2        32    0.4   0.0   214   240   838   864   827   865 0.68 -
AAAB01008530:14978-15715      -            246 44953at6656          -            367   2.6e-06   23.7   0.3   1   2     5e-07   1.3e-05   21.4   0.1   220   286     6    76     1   142 0.81 -
AAAB01008530:14978-15715      -            246 44953at6656          -            367   2.6e-06   23.7   0.3   2   2       1.2        32    0.4   0.0   124   174   114   162   108   175 0.63 -
AgamP4_3L:18134290-18134778   -            163 44953at6656          -            367   3.7e-06   23.3   0.1   1   1   1.6e-07   4.2e-06   23.1   0.1   267   332    38   106    13   140 0.80 -
AgamP4_3R:9185154-9185825     -            224 44953at6656          -            367   4.1e-06   23.1   6.7   1   2   0.00011    0.0031   13.7   0.7   207   285     7    88     3    89 0.83 -
AgamP4_3R:9185154-9185825     -            224 44953at6656          -            367   4.1e-06   23.1   6.7   2   2   4.1e-05    0.0011   15.1   1.8    87   193    63   168    56   224 0.58 -
AgamP4_3R:12498146-12498439   -             98 44953at6656          -            367   4.6e-06   23.0   0.1   1   1   2.5e-07   6.7e-06   22.4   0.1   205   265    21    84    11    98 0.66 -
AgamP4_2L:33965629-33969573   -           1169 44953at6656          -            367   6.8e-06   22.4   0.1   1   1   6.3e-07   1.7e-05   21.1   0.1    71   147    50   124    44   146 0.81 -
AgamP4_3R:9192526-9193299     -            258 44953at6656          -            367   7.5e-06   22.2   6.9   1   2   4.6e-06   0.00012   18.2   2.3   207   328    41   169    36   171 0.79 -
AgamP4_3R:9192526-9193299     -            258 44953at6656          -            367   7.5e-06   22.2   6.9   2   2   5.7e-05    0.0015   14.6   1.7    87   192    97   201    90   258 0.57 -
AgamP4_2R:5699239-5699694     -            152 44953at6656          -            367   2.4e-05   20.6   0.1   1   2   3.4e-06   9.2e-05   18.7   0.0   203   287    30   114    14   124 0.80 -
AgamP4_2R:5699239-5699694     -            152 44953at6656          -            367   2.4e-05   20.6   0.1   2   2       1.6        44   -0.0   0.0   116   147   121   151   115   152 0.71 -
AgamP4_2L:28577017-28581157   -            547 44953at6656          -            367     3e-05   20.3   1.5   1   3   4.3e-06   0.00011   18.4   0.3   231   290   365   427   351   435 0.82 -
AgamP4_2L:28577017-28581157   -            547 44953at6656          -            367     3e-05   20.3   1.5   2   3       4.7   1.3e+02   -1.5   0.0   122   147   432   457   424   471 0.66 -
AgamP4_2L:28577017-28581157   -            547 44953at6656          -            367     3e-05   20.3   1.5   3   3         3        80   -0.9   0.0    74   112   499   537   493   542 0.84 -
AgamP4_3L:40902014-40902928   -            305 44953at6656          -            367   6.8e-05   19.1   0.6   1   3       1.2        31    0.5   0.0   257   284    71    98    58   139 0.72 -
AgamP4_3L:40902014-40902928   -            305 44953at6656          -            367   6.8e-05   19.1   0.6   2   3    0.0035     0.094    8.8   0.1   208   251   189   230   181   254 0.76 -
AgamP4_3L:40902014-40902928   -            305 44953at6656          -            367   6.8e-05   19.1   0.6   3   3     0.028      0.74    5.8   0.0    88   153   241   305   236   305 0.81 -
AgamP4_3L:27210475-27217966   -           1304 44953at6656          -            367    0.0001   18.6   0.2   1   1   8.1e-06   0.00022   17.5   0.2   117   283   123   297   110   347 0.75 -
AgamP4_3L:34631728-34632330   -            201 44953at6656          -            367   0.00024   17.3   0.0   1   1   1.3e-05   0.00035   16.8   0.0    93   156   117   182   110   189 0.86 -
AgamP4_3R:14561558-14566795   -           1003 44953at6656          -            367   0.00025   17.2   0.1   1   2   8.1e-05    0.0022   14.2   0.1   202   286   437   522   431   574 0.72 -
AgamP4_3R:14561558-14566795   -           1003 44953at6656          -            367   0.00025   17.2   0.1   2   2       2.1        57   -0.4   0.0   186   220   651   685   619   698 0.59 -
AgamP4_3R:30772628-30772999   -            124 44953at6656          -            367   0.00044   16.4   0.0   1   1   1.7e-05   0.00046   16.4   0.0   249   329     2    85     1   111 0.84 -
AgamP4_2R:607350-612901       -           1311 44953at6656          -            367   0.00055   16.1   8.1   1   3   9.3e-05    0.0025   14.0   0.1    91   149    48   106    31   121 0.84 -
AgamP4_2R:607350-612901       -           1311 44953at6656          -            367   0.00055   16.1   8.1   2   3     0.034       0.9    5.5   0.2   122   154   122   154    99   160 0.79 -
AgamP4_2R:607350-612901       -           1311 44953at6656          -            367   0.00055   16.1   8.1   3   3       4.6   1.2e+02   -1.5   0.1    29    64   522   558   495   567 0.75 -
AgamP4_3L:6454346-6454936     -            197 44953at6656          -            367   0.00059   16.0   0.0   1   2   6.2e-05    0.0016   14.5   0.0    79   138    32    89     6    96 0.77 -
AgamP4_3L:6454346-6454936     -            197 44953at6656          -            367   0.00059   16.0   0.0   2   2       6.2   1.7e+02   -1.9   0.0    54    68   174   188   151   195 0.76 -
AgamP4_2R:16413550-16413684   -             45 44953at6656          -            367   0.00076   15.7   0.0   1   1     3e-05    0.0008   15.6   0.0   108   151     1    44     1    45 0.89 -
AgamP4_2R:51637894-51639855   -            654 44953at6656          -            367    0.0011   15.1   0.1   1   1   0.00018    0.0049   13.0   0.0   270   316   404   451   388   458 0.85 -
AgamP4_X:17576612-17576797    -             62 44953at6656          -            367    0.0023   14.1   0.0   1   1   8.8e-05    0.0024   14.0   0.0   212   259     3    50     1    59 0.44 -
AgamP4_X:18819743-18820459    -            239 44953at6656          -            367     0.003   13.7   0.1   1   2    0.0033     0.087    8.9   0.2   123   247     3   132     1   142 0.54 -
AgamP4_X:18819743-18820459    -            239 44953at6656          -            367     0.003   13.7   0.1   2   2       4.2   1.1e+02   -1.3   0.0   110   157   151   198   147   217 0.79 -
AgamP4_2L:26588019-26588645   -            209 44953at6656          -            367    0.0036   13.4   0.2   1   2     0.013      0.35    6.9   0.0   304   367    10    74     7    74 0.81 -
AgamP4_2L:26588019-26588645   -            209 44953at6656          -            367    0.0036   13.4   0.2   2   2   0.00041     0.011   11.8   0.3   224   360    57   205    39   208 0.72 -
AgamP4_3L:3870972-3872222     -            388 44953at6656          -            367    0.0037   13.4   2.6   1   3       3.2        87   -1.0   0.0   256   285    38    69    33   105 0.75 -
AgamP4_3L:3870972-3872222     -            388 44953at6656          -            367    0.0037   13.4   2.6   2   3      0.72        19    1.2   0.0   220   245   176   201   129   211 0.56 -
AgamP4_3L:3870972-3872222     -            388 44953at6656          -            367    0.0037   13.4   2.6   3   3    0.0016     0.042    9.9   0.2   235   282   235   285   231   293 0.85 -
AgamP4_3R:8573929-8577509     -            799 44953at6656          -            367    0.0039   13.3   0.1   1   2    0.0037       0.1    8.7   0.0   255   325   199   272   182   282 0.57 -
AgamP4_3R:8573929-8577509     -            799 44953at6656          -            367    0.0039   13.3   0.1   2   2      0.56        15    1.5   0.0   100   155   386   441   289   480 0.67 -
AgamP4_3L:26949549-26950295   -            249 44953at6656          -            367    0.0045   13.1   0.1   1   1   0.00034     0.009   12.1   0.1   239   292    16    75    12    85 0.83 -
AgamP4_3R:39152841-39152999   -             53 44953at6656          -            367    0.0064   12.6   0.0   1   1   0.00026    0.0068   12.5   0.0    93   136     6    50     2    53 0.81 -
AgamP4_3R:20626047-20627262   -            374 44953at6656          -            367     0.015   11.4   1.2   1   3      0.19       5.1    3.1   0.1   178   201    58    82    15    88 0.63 -
AgamP4_3R:20626047-20627262   -            374 44953at6656          -            367     0.015   11.4   1.2   2   3     0.045       1.2    5.1   0.0   126   158   147   179   134   201 0.87 -
AgamP4_3R:20626047-20627262   -            374 44953at6656          -            367     0.015   11.4   1.2   3   3       1.5        40    0.1   0.0   255   269   328   342   214   372 0.59 -
AgamP4_2R:53795763-53796089   -            109 44953at6656          -            367     0.019   11.1   0.0   1   1     0.001     0.027   10.6   0.0   223   266    52    94    23   109 0.62 -
AgamP4_2L:11377095-11377664   -            190 44953at6656          -            367     0.026   10.6   0.2   1   2    0.0056      0.15    8.1   0.1    81   117     1    38     1   110 0.60 -
AgamP4_2L:11377095-11377664   -            190 44953at6656          -            367     0.026   10.6   0.2   2   2         6   1.6e+02   -1.9   0.0    86   152   116   184   113   189 0.59 -
AgamP4_X:8428130-8428858      -            243 44953at6656          -            367     0.026   10.6   0.0   1   1     0.002     0.053    9.6   0.0   236   269   204   237   196   242 0.90 -
#
# Program:         hmmsearch
# Version:         3.1b2 (February 2015)
# Pipeline mode:   SEARCH
# Query file:      /hpcdata/bcbb/homc/Barillaslab/Agam_hemo_transcriptomes/scripts/compare_txomes/busco/busco_downloads/lineages/arthropoda_odb10/hmms/44953at6656.hmm
# Target file:     /hpcdata/bcbb/homc/Barillaslab/Agam_hemo_transcriptomes/scripts/compare_txomes/busco/VB59_AgambiaePEST_BUSCO/run_arthropoda_odb10/metaeuk_output/initial_results/VectorBase-59_AgambiaePEST_Genome.fasta.modified.fas
# Option settings: hmmsearch --domtblout /hpcdata/bcbb/homc/Barillaslab/Agam_hemo_transcriptomes/scripts/compare_txomes/busco/VB59_AgambiaePEST_BUSCO/run_arthropoda_odb10/hmmer_output/initial_run_results/44953at6656.out --cpu 1 /hpcdata/bcbb/homc/Barillaslab/Agam_hemo_transcriptomes/scripts/compare_txomes/busco/busco_downloads/lineages/arthropoda_odb10/hmms/44953at6656.hmm /hpcdata/bcbb/homc/Barillaslab/Agam_hemo_transcriptomes/scripts/compare_txomes/busco/VB59_AgambiaePEST_BUSCO/run_arthropoda_odb10/metaeuk_output/initial_results/VectorBase-59_AgambiaePEST_Genome.fasta.modified.fas 
# Current dir:     /hpcdata/bcbb/homc/Barillaslab/Agam_hemo_transcriptomes/scripts/compare_txomes/busco
# Date:            Fri Jan 27 16:41:02 2023
# [ok]
