#                                                                                     --- full sequence --- -------------- this domain -------------   hmm coord   ali coord   env coord
# target name                 accession   tlen query name           accession   qlen   E-value  score  bias   #  of  c-Evalue  i-Evalue  score  bias  from    to  from    to  from    to  acc description of target
#         ------------------- ---------- ----- -------------------- ---------- ----- --------- ------ ----- --- --- --------- --------- ------ ----- ----- ----- ----- ----- ----- ----- ---- ---------------------
AgamP4_3R:49959164-49961053   -            630 45131at6656          -            346  5.5e-147  486.6   0.4   1   3  1.5e-110    4e-109  362.1   0.0     5   259    49   319    46   338 0.91 -
AgamP4_3R:49959164-49961053   -            630 45131at6656          -            346  5.5e-147  486.6   0.4   2   3   3.4e-25   9.3e-24   81.4   0.0   254   315   515   576   502   580 0.93 -
AgamP4_3R:49959164-49961053   -            630 45131at6656          -            346  5.5e-147  486.6   0.4   3   3   1.6e-12   4.3e-11   39.7   0.1   311   345   594   628   587   629 0.91 -
AgamP4_X:3266607-3275242      -            542 45131at6656          -            346  9.8e-129  426.6   0.0   1   3   6.7e-98   1.8e-96  320.5   0.0     6   257    50   317    46   336 0.91 -
AgamP4_X:3266607-3275242      -            542 45131at6656          -            346  9.8e-129  426.6   0.0   2   3   5.4e-23   1.5e-21   74.1   0.0   259   323   430   495   414   501 0.86 -
AgamP4_X:3266607-3275242      -            542 45131at6656          -            346  9.8e-129  426.6   0.0   3   3   4.5e-09   1.2e-07   28.4   0.1   315   345   510   540   502   541 0.92 -
AgamP4_3R:37009802-37012165   -            788 45131at6656          -            346   1.3e-28   97.4   7.7   1   5   2.9e-12   7.8e-11   38.9   0.0     7   129   101   226    61   240 0.90 -
AgamP4_3R:37009802-37012165   -            788 45131at6656          -            346   1.3e-28   97.4   7.7   2   5    0.0048      0.13    8.5   0.2    21   119   348   449   294   458 0.65 -
AgamP4_3R:37009802-37012165   -            788 45131at6656          -            346   1.3e-28   97.4   7.7   3   5   1.3e-11   3.4e-10   36.7   0.1    42   123   468   549   461   554 0.90 -
AgamP4_3R:37009802-37012165   -            788 45131at6656          -            346   1.3e-28   97.4   7.7   4   5   1.8e-07   4.9e-06   23.1   0.1    66   123   535   591   533   601 0.90 -
AgamP4_3R:37009802-37012165   -            788 45131at6656          -            346   1.3e-28   97.4   7.7   5   5    0.0003    0.0082   12.5   0.1    46   117   556   627   553   646 0.63 -
AgamP4_2R:17704642-17706144   -            501 45131at6656          -            346   1.1e-24   84.4   4.9   1   5     2e-06   5.4e-05   19.7   0.0    43   118   128   203   105   212 0.76 -
AgamP4_2R:17704642-17706144   -            501 45131at6656          -            346   1.1e-24   84.4   4.9   2   5     0.031      0.84    5.9   0.1    49    96   176   224   174   259 0.52 -
AgamP4_2R:17704642-17706144   -            501 45131at6656          -            346   1.1e-24   84.4   4.9   3   5   2.3e-05   0.00061   16.2   0.1    22    99   238   315   230   335 0.78 -
AgamP4_2R:17704642-17706144   -            501 45131at6656          -            346   1.1e-24   84.4   4.9   4   5   2.8e-10   7.6e-09   32.3   0.1    60   117   361   417   340   421 0.93 -
AgamP4_2R:17704642-17706144   -            501 45131at6656          -            346   1.1e-24   84.4   4.9   5   5   0.00014    0.0039   13.5   0.0    47   112   431   496   425   501 0.82 -
AgamP4_2L:23638188-23639159   -            324 45131at6656          -            346   1.9e-23   80.3   0.5   1   4   2.6e-05   0.00071   16.0   0.0    57   124    50   116    11   125 0.72 -
AgamP4_2L:23638188-23639159   -            324 45131at6656          -            346   1.9e-23   80.3   0.5   2   4     1e-11   2.8e-10   37.0   0.0    45   121   125   200    85   207 0.81 -
AgamP4_2L:23638188-23639159   -            324 45131at6656          -            346   1.9e-23   80.3   0.5   3   4   0.00038      0.01   12.1   0.0    46    79   209   243   200   254 0.83 -
AgamP4_2L:23638188-23639159   -            324 45131at6656          -            346   1.9e-23   80.3   0.5   4   4   0.00044     0.012   11.9   0.0     7    74   255   324   247   324 0.86 -
AgamP4_2R:3568901-3577236     -           1467 45131at6656          -            346   2.8e-23   79.8  12.9   1   4   3.1e-09   8.2e-08   28.9   0.8    46   124     3    81     1    90 0.87 -
AgamP4_2R:3568901-3577236     -           1467 45131at6656          -            346   2.8e-23   79.8  12.9   2   4   3.3e-08     9e-07   25.5   0.1    62   149   113   199    87   213 0.81 -
AgamP4_2R:3568901-3577236     -           1467 45131at6656          -            346   2.8e-23   79.8  12.9   3   4      0.47        13    2.0   0.2    88   121   866   899   862   913 0.83 -
AgamP4_2R:3568901-3577236     -           1467 45131at6656          -            346   2.8e-23   79.8  12.9   4   4   3.4e-09   9.1e-08   28.8   0.0    60   118   972  1031   966  1042 0.86 -
AgamP4_2L:23631520-23632380   -            287 45131at6656          -            346   4.4e-23   79.1   0.4   1   4   7.4e-05     0.002   14.5   0.0    58   128    14    83     6    87 0.91 -
AgamP4_2L:23631520-23632380   -            287 45131at6656          -            346   4.4e-23   79.1   0.4   2   4   1.1e-10     3e-09   33.6   0.0    47   121    90   163    84   170 0.91 -
AgamP4_2L:23631520-23632380   -            287 45131at6656          -            346   4.4e-23   79.1   0.4   3   4   6.8e-05    0.0018   14.6   0.0    46    79   172   206   165   216 0.85 -
AgamP4_2L:23631520-23632380   -            287 45131at6656          -            346   4.4e-23   79.1   0.4   4   4   0.00038      0.01   12.2   0.0     7    74   218   287   211   287 0.86 -
AgamP4_2R:14010526-14011476   -            317 45131at6656          -            346   4.8e-23   79.0   3.4   1   4      0.48        13    1.9   0.0   314   335     4    25     2    36 0.85 -
AgamP4_2R:14010526-14011476   -            317 45131at6656          -            346   4.8e-23   79.0   3.4   2   4   3.1e-13   8.4e-12   42.0   0.4    57   120    85   147    46   150 0.84 -
AgamP4_2R:14010526-14011476   -            317 45131at6656          -            346   4.8e-23   79.0   3.4   3   4   2.3e-07   6.2e-06   22.7   0.0    70   121   140   190   139   202 0.90 -
AgamP4_2R:14010526-14011476   -            317 45131at6656          -            346   4.8e-23   79.0   3.4   4   4   5.9e-06   0.00016   18.1   0.0    12   107   207   306   200   315 0.77 -
AgamP4_3L:36689004-36689834   -            277 45131at6656          -            346   5.4e-23   78.8   0.1   1   3   2.6e-09   7.1e-08   29.1   0.0     8   108     5   106     2   107 0.81 -
AgamP4_3L:36689004-36689834   -            277 45131at6656          -            346   5.4e-23   78.8   0.1   2   3   1.4e-08   3.9e-07   26.7   0.0    63   118   104   158   100   163 0.89 -
AgamP4_3L:36689004-36689834   -            277 45131at6656          -            346   5.4e-23   78.8   0.1   3   3   2.5e-07   6.6e-06   22.6   0.0     3   108   168   274   166   277 0.88 -
AgamP4_UNKN:25798770-25799561 -            264 45131at6656          -            346   8.2e-23   78.2   0.9   1   3   2.8e-13   7.5e-12   42.2   0.2    58   121    33    95    15   100 0.91 -
AgamP4_UNKN:25798770-25799561 -            264 45131at6656          -            346   8.2e-23   78.2   0.9   2   3   4.5e-08   1.2e-06   25.1   0.0    68   121    85   137    85   149 0.91 -
AgamP4_UNKN:25798770-25799561 -            264 45131at6656          -            346   8.2e-23   78.2   0.9   3   3     4e-06   0.00011   18.6   0.0    12   107   154   253   147   262 0.77 -
AgamP4_X:7822877-7823976      -            341 45131at6656          -            346   2.1e-22   76.9   7.3   1   4   6.1e-15   1.7e-13   47.6   1.8     6   123    13   137     8   141 0.81 -
AgamP4_X:7822877-7823976      -            341 45131at6656          -            346   2.1e-22   76.9   7.3   2   4     3e-07   8.1e-06   22.4   0.1    63   117   120   180   120   193 0.84 -
AgamP4_X:7822877-7823976      -            341 45131at6656          -            346   2.1e-22   76.9   7.3   3   4    0.0069      0.19    8.0   0.1    46    76   197   228   183   235 0.79 -
AgamP4_X:7822877-7823976      -            341 45131at6656          -            346   2.1e-22   76.9   7.3   4   4    0.0028     0.074    9.3   0.0     8    75   258   336   252   340 0.76 -
AgamP4_2L:44509306-44520474   -           1432 45131at6656          -            346     4e-22   76.0   1.4   1   3   3.3e-06     9e-05   18.9   0.2    26   119   234   334   224   342 0.78 -
AgamP4_2L:44509306-44520474   -           1432 45131at6656          -            346     4e-22   76.0   1.4   2   3   5.6e-07   1.5e-05   21.5   0.1    34    77   353   396   343   403 0.84 -
AgamP4_2L:44509306-44520474   -           1432 45131at6656          -            346     4e-22   76.0   1.4   3   3   3.2e-10   8.7e-09   32.1   0.0     9   121   409   526   401   532 0.84 -
AgamP4_3R:34966164-34967360   -            349 45131at6656          -            346   6.3e-22   75.3   0.0   1   3   1.5e-11   4.1e-10   36.5   0.0     8   121    59   174    53   181 0.84 -
AgamP4_3R:34966164-34967360   -            349 45131at6656          -            346   6.3e-22   75.3   0.0   2   3   2.7e-08   7.3e-07   25.8   0.2    30   130   166   266   165   292 0.78 -
AgamP4_3R:34966164-34967360   -            349 45131at6656          -            346   6.3e-22   75.3   0.0   3   3    0.0002    0.0055   13.0   0.0    58   119   287   347   269   349 0.83 -
AgamP4_3L:8624534-8630790     -            983 45131at6656          -            346   1.2e-21   74.4   0.0   1   5     0.026      0.69    6.1   0.0    13    69    59   116    50   123 0.89 -
AgamP4_3L:8624534-8630790     -            983 45131at6656          -            346   1.2e-21   74.4   0.0   2   5   0.00022     0.006   12.9   0.0     4   119    91   216    88   225 0.79 -
AgamP4_3L:8624534-8630790     -            983 45131at6656          -            346   1.2e-21   74.4   0.0   3   5   1.6e-11   4.3e-10   36.4   0.0    12   126   373   489   363   494 0.83 -
AgamP4_3L:8624534-8630790     -            983 45131at6656          -            346   1.2e-21   74.4   0.0   4   5   1.4e-05   0.00039   16.8   0.0    63   160   513   612   503   633 0.86 -
AgamP4_3L:8624534-8630790     -            983 45131at6656          -            346   1.2e-21   74.4   0.0   5   5         1        28    0.8   0.0   220   259   651   690   642   709 0.77 -
AgamP4_3R:21067729-21069716   -            614 45131at6656          -            346   8.2e-21   71.7   9.0   1   3   6.4e-11   1.7e-09   34.4   0.1    46   120   321   397   311   409 0.88 -
AgamP4_3R:21067729-21069716   -            614 45131at6656          -            346   8.2e-21   71.7   9.0   2   3   1.2e-07   3.1e-06   23.7   0.1    18    75   422   481   405   498 0.83 -
AgamP4_3R:21067729-21069716   -            614 45131at6656          -            346   8.2e-21   71.7   9.0   3   3   3.1e-05   0.00084   15.7   0.6    60   151   509   606   497   610 0.77 -
AgamP4_2R:14088685-14089743   -            353 45131at6656          -            346   4.5e-20   69.2   0.3   1   4   1.4e-10   3.7e-09   33.3   0.0     7   150     3   151     1   159 0.87 -
AgamP4_2R:14088685-14089743   -            353 45131at6656          -            346   4.5e-20   69.2   0.3   2   4     0.028      0.75    6.0   0.0    63   122   160   220   155   229 0.83 -
AgamP4_2R:14088685-14089743   -            353 45131at6656          -            346   4.5e-20   69.2   0.3   3   4   4.4e-08   1.2e-06   25.1   0.3    62   122   261   321   242   331 0.85 -
AgamP4_2R:14088685-14089743   -            353 45131at6656          -            346   4.5e-20   69.2   0.3   4   4       4.2   1.1e+02   -1.1   0.0     8    24   337   353   334   353 0.88 -
AgamP4_3R:170125-171711       -            350 45131at6656          -            346   1.8e-19   67.2   3.6   1   4      0.17       4.7    3.4   0.0    57    82    22    47     2   105 0.50 -
AgamP4_3R:170125-171711       -            350 45131at6656          -            346   1.8e-19   67.2   3.6   2   4   2.4e-07   6.5e-06   22.7   0.0     5    91   106   192   102   201 0.87 -
AgamP4_3R:170125-171711       -            350 45131at6656          -            346   1.8e-19   67.2   3.6   3   4   8.1e-05    0.0022   14.4   0.1    60   100   210   247   204   251 0.88 -
AgamP4_3R:170125-171711       -            350 45131at6656          -            346   1.8e-19   67.2   3.6   4   4   7.3e-08     2e-06   24.4   0.0    61   121   260   319   257   333 0.91 -
AgamP4_2L:23616958-23617665   -            236 45131at6656          -            346   2.8e-19   66.6   0.1   1   3   4.2e-11   1.1e-09   35.0   0.0    46   121    37   111     1   119 0.86 -
AgamP4_2L:23616958-23617665   -            236 45131at6656          -            346   2.8e-19   66.6   0.1   2   3   4.7e-05    0.0013   15.1   0.0    46    80   120   155   113   166 0.85 -
AgamP4_2L:23616958-23617665   -            236 45131at6656          -            346   2.8e-19   66.6   0.1   3   3   0.00011    0.0031   13.9   0.0     7    74   166   235   158   236 0.87 -
AgamP4_2R:34050954-34052108   -            385 45131at6656          -            346   6.8e-19   65.4   2.8   1   2   0.00015    0.0041   13.4   0.6    64   121   177   241   166   246 0.76 -
AgamP4_2R:34050954-34052108   -            385 45131at6656          -            346   6.8e-19   65.4   2.8   2   2   8.4e-16   2.3e-14   50.5   0.1    41   126   248   336   241   340 0.86 -
AgamP4_2L:18015543-18017062   -            484 45131at6656          -            346   1.2e-18   64.5   0.2   1   4     2e-07   5.3e-06   22.9   0.0    50   126   176   248   165   256 0.83 -
AgamP4_2L:18015543-18017062   -            484 45131at6656          -            346   1.2e-18   64.5   0.2   2   4   3.6e-08   9.7e-07   25.4   0.3    62   123   273   333   256   347 0.88 -
AgamP4_2L:18015543-18017062   -            484 45131at6656          -            346   1.2e-18   64.5   0.2   3   4    0.0037     0.099    8.9   0.0    45   127   339   419   331   424 0.77 -
AgamP4_2L:18015543-18017062   -            484 45131at6656          -            346   1.2e-18   64.5   0.2   4   4      0.56        15    1.7   0.0     7    36   432   461   428   471 0.85 -
AgamP4_3L:31279277-31281446   -            674 45131at6656          -            346   1.4e-18   64.3   0.2   1   4       9.8   2.6e+02   -2.3   0.0    97   119   352   374   342   384 0.57 -
AgamP4_3L:31279277-31281446   -            674 45131at6656          -            346   1.4e-18   64.3   0.2   2   4     3e-11   8.1e-10   35.5   0.0     3   120   414   532   412   545 0.89 -
AgamP4_3L:31279277-31281446   -            674 45131at6656          -            346   1.4e-18   64.3   0.2   3   4   4.4e-07   1.2e-05   21.8   0.0    52   120   507   574   496   576 0.87 -
AgamP4_3L:31279277-31281446   -            674 45131at6656          -            346   1.4e-18   64.3   0.2   4   4   1.4e-06   3.8e-05   20.1   0.0    59   122   556   618   541   622 0.91 -
AgamP4_3L:36698245-36698961   -            239 45131at6656          -            346   1.2e-17   61.3   0.4   1   3   1.5e-09   3.9e-08   30.0   0.0     8   108    20   121    13   122 0.81 -
AgamP4_3L:36698245-36698961   -            239 45131at6656          -            346   1.2e-17   61.3   0.4   2   3   1.1e-08     3e-07   27.0   0.0    63   118   119   173   115   178 0.89 -
AgamP4_3L:36698245-36698961   -            239 45131at6656          -            346   1.2e-17   61.3   0.4   3   3      0.13       3.4    3.8   0.0     3    43   183   223   181   237 0.83 -
AgamP4_3R:51549078-51661884   -            296 45131at6656          -            346   1.7e-17   60.7   3.3   1   3   2.6e-05   0.00069   16.0   0.1    51   118     5    72     1    72 0.87 -
AgamP4_3R:51549078-51661884   -            296 45131at6656          -            346   1.7e-17   60.7   3.3   2   3   1.6e-08   4.2e-07   26.6   0.4    64   122    61   119    57   125 0.87 -
AgamP4_3R:51549078-51661884   -            296 45131at6656          -            346   1.7e-17   60.7   3.3   3   3   3.7e-08   9.9e-07   25.4   0.1    43   122   154   235   143   243 0.87 -
AgamP4_3R:30773788-30774537   -            250 45131at6656          -            346   2.7e-17   60.1   1.8   1   2   1.4e-07   3.8e-06   23.4   0.1    14   115     5   113     1   122 0.85 -
AgamP4_3R:30773788-30774537   -            250 45131at6656          -            346   2.7e-17   60.1   1.8   2   2   3.3e-11   8.9e-10   35.4   0.3     9   119   133   247   127   249 0.86 -
AgamP4_3R:8573929-8577509     -            799 45131at6656          -            346   6.3e-17   58.9   0.0   1   3      0.33         9    2.5   0.0   311   343   152   184   147   187 0.91 -
AgamP4_3R:8573929-8577509     -            799 45131at6656          -            346   6.3e-17   58.9   0.0   2   3   1.2e-15   3.3e-14   49.9   0.0     9   154   202   350   196   354 0.87 -
AgamP4_3R:8573929-8577509     -            799 45131at6656          -            346   6.3e-17   58.9   0.0   3   3      0.34       9.2    2.4   0.0    88   127   409   448   396   455 0.86 -
AgamP4_2R:15155283-15156926   -            520 45131at6656          -            346   6.5e-17   58.8   0.0   1   3       3.1        83   -0.7   0.0     3    42    34    73    33    82 0.85 -
AgamP4_2R:15155283-15156926   -            520 45131at6656          -            346   6.5e-17   58.8   0.0   2   3   1.3e-10   3.5e-09   33.4   0.0    14   118    87   193    74   195 0.86 -
AgamP4_2R:15155283-15156926   -            520 45131at6656          -            346   6.5e-17   58.8   0.0   3   3   1.4e-08   3.8e-07   26.7   0.0    21   157   179   315   173   318 0.94 -
AgamP4_3R:53005020-53006357   -            446 45131at6656          -            346   1.2e-16   58.0   0.3   1   3   1.9e-07   5.1e-06   23.0   0.1    47   122    65   141    52   157 0.85 -
AgamP4_3R:53005020-53006357   -            446 45131at6656          -            346   1.2e-16   58.0   0.3   2   3   8.5e-09   2.3e-07   27.5   0.0    13   131   203   323   196   327 0.84 -
AgamP4_3R:53005020-53006357   -            446 45131at6656          -            346   1.2e-16   58.0   0.3   3   3     0.044       1.2    5.4   0.2    38    81   316   359   312   382 0.76 -
AgamP4_2R:658072-660560       -            803 45131at6656          -            346   2.4e-16   57.0   3.5   1   3   1.7e-06   4.5e-05   19.9   0.1    17   101    73   163    64   166 0.82 -
AgamP4_2R:658072-660560       -            803 45131at6656          -            346   2.4e-16   57.0   3.5   2   3   3.9e-09     1e-07   28.6   0.1    51   125   155   231   151   241 0.86 -
AgamP4_2R:658072-660560       -            803 45131at6656          -            346   2.4e-16   57.0   3.5   3   3    0.0038       0.1    8.9   0.1    59   117   258   321   236   328 0.80 -
AgamP4_X:5662881-5675167      -            930 45131at6656          -            346   2.8e-16   56.7   2.9   1   3   1.9e-09     5e-08   29.6   0.7     6   122    13   130     8   137 0.84 -
AgamP4_X:5662881-5675167      -            930 45131at6656          -            346   2.8e-16   56.7   2.9   2   3     3e-09   8.2e-08   28.9   0.0    61   122   112   172   108   182 0.91 -
AgamP4_X:5662881-5675167      -            930 45131at6656          -            346   2.8e-16   56.7   2.9   3   3   8.1e-05    0.0022   14.4   0.0     6    78   139   213   134   220 0.76 -
AgamP4_2L:14029962-14035090   -            940 45131at6656          -            346   4.5e-16   56.1   1.3   1   2   3.2e-11   8.6e-10   35.4   0.2     8   125   676   792   670   798 0.84 -
AgamP4_2L:14029962-14035090   -            940 45131at6656          -            346   4.5e-16   56.1   1.3   2   2   1.3e-06   3.6e-05   20.2   0.0    39   129   791   889   787   913 0.80 -
AgamP4_2L:3643810-3644250     -            147 45131at6656          -            346   5.2e-16   55.9   0.3   1   2   4.3e-06   0.00012   18.5   0.7    67   121     1    56     1    63 0.89 -
AgamP4_2L:3643810-3644250     -            147 45131at6656          -            346   5.2e-16   55.9   0.3   2   2   3.9e-11   1.1e-09   35.1   0.0    45   118    64   139    59   144 0.91 -
AgamP4_3R:6001708-6002684     -            303 45131at6656          -            346   1.2e-15   54.7   0.7   1   2   1.3e-05   0.00035   17.0   0.0    48   121    13    86     3    95 0.88 -
AgamP4_3R:6001708-6002684     -            303 45131at6656          -            346   1.2e-15   54.7   0.7   2   2     1e-09   2.7e-08   30.5   0.2    46   121    95   170    88   291 0.89 -
AgamP4_2L:39373096-39375665   -            794 45131at6656          -            346   2.2e-15   53.8   1.0   1   5   1.8e-05   0.00048   16.5   0.0    13   123    19   143    14   157 0.74 -
AgamP4_2L:39373096-39375665   -            794 45131at6656          -            346   2.2e-15   53.8   1.0   2   5    0.0061      0.16    8.2   0.0    82   127   201   250   165   260 0.82 -
AgamP4_2L:39373096-39375665   -            794 45131at6656          -            346   2.2e-15   53.8   1.0   3   5    0.0081      0.22    7.8   0.0    84   118   288   324   264   331 0.86 -
AgamP4_2L:39373096-39375665   -            794 45131at6656          -            346   2.2e-15   53.8   1.0   4   5    0.0001    0.0028   14.0   0.2     3   120   560   689   558   698 0.60 -
AgamP4_2L:39373096-39375665   -            794 45131at6656          -            346   2.2e-15   53.8   1.0   5   5       5.8   1.6e+02   -1.6   0.0    45    76   758   792   725   793 0.60 -
AgamP4_3L:34041168-34041458   -             97 45131at6656          -            346     7e-15   52.2   2.7   1   2   2.6e-12     7e-11   39.0   0.2    63   121     3    61     1    68 0.96 -
AgamP4_3L:34041168-34041458   -             97 45131at6656          -            346     7e-15   52.2   2.7   2   2   2.6e-06     7e-05   19.3   0.2    64   114    47    96    45    97 0.91 -
AgamP4_2L:4140122-4140970     -            283 45131at6656          -            346   1.3e-14   51.3   5.8   1   3     1e-08   2.7e-07   27.2   0.1    44   117     4    77     1    89 0.90 -
AgamP4_2L:4140122-4140970     -            283 45131at6656          -            346   1.3e-14   51.3   5.8   2   3   2.4e-06   6.5e-05   19.4   1.4    19   125   101   208    84   212 0.81 -
AgamP4_2L:4140122-4140970     -            283 45131at6656          -            346   1.3e-14   51.3   5.8   3   3   1.2e-06   3.2e-05   20.4   0.4    46   148   170   273   166   278 0.87 -
AgamP4_2R:4563302-4564801     -            500 45131at6656          -            346   1.6e-14   50.9   0.5   1   3     0.017      0.46    6.7   0.0   315   342   205   232   196   237 0.70 -
AgamP4_2R:4563302-4564801     -            500 45131at6656          -            346   1.6e-14   50.9   0.5   2   3   6.1e-12   1.7e-10   37.8   0.1     8   123   256   373   249   415 0.85 -
AgamP4_2R:4563302-4564801     -            500 45131at6656          -            346   1.6e-14   50.9   0.5   3   3      0.34       9.2    2.4   0.0    83   117   464   498   443   499 0.86 -
AgamP4_2R:12715743-12716285   -            181 45131at6656          -            346   5.9e-14   49.1   0.2   1   2   8.1e-10   2.2e-08   30.8   0.0    18   115     7   104     5   110 0.87 -
AgamP4_2R:12715743-12716285   -            181 45131at6656          -            346   5.9e-14   49.1   0.2   2   2   1.7e-05   0.00045   16.6   0.0    71   119   136   181   124   181 0.87 -
AgamP4_2R:27039208-27043163   -           1103 45131at6656          -            346   6.5e-14   49.0   0.5   1   3    0.0013     0.035   10.4   0.0    82   123   160   201    96   217 0.75 -
AgamP4_2R:27039208-27043163   -           1103 45131at6656          -            346   6.5e-14   49.0   0.5   2   3   3.5e-11   9.4e-10   35.3   0.0     3   121   208   332   206   337 0.86 -
AgamP4_2R:27039208-27043163   -           1103 45131at6656          -            346   6.5e-14   49.0   0.5   3   3       6.2   1.7e+02   -1.7   0.0    70   109   372   411   350   416 0.77 -
AgamP4_2R:44708361-44709663   -            267 45131at6656          -            346     1e-13   48.3   2.1   1   2   2.6e-06     7e-05   19.3   0.9    20    89    71   142    54   150 0.77 -
AgamP4_2R:44708361-44709663   -            267 45131at6656          -            346     1e-13   48.3   2.1   2   2   4.3e-09   1.2e-07   28.4   0.0    48   122   142   217   133   225 0.86 -
AgamP4_2L:23645171-23646016   -            282 45131at6656          -            346     1e-13   48.3   0.0   1   2     2e-08   5.5e-07   26.2   0.0    13   142    41   174    36   188 0.86 -
AgamP4_2L:23645171-23646016   -            282 45131at6656          -            346     1e-13   48.3   0.0   2   2   1.3e-06   3.5e-05   20.3   0.0    51   119   209   277   167   281 0.77 -
AgamP4_2L:44379373-44383081   -            834 45131at6656          -            346     2e-13   47.4   0.3   1   3   0.00066     0.018   11.4   0.0    68   121   260   312   245   322 0.80 -
AgamP4_2L:44379373-44383081   -            834 45131at6656          -            346     2e-13   47.4   0.3   2   3     1e-09   2.8e-08   30.4   0.0     8   129   324   447   318   453 0.83 -
AgamP4_2L:44379373-44383081   -            834 45131at6656          -            346     2e-13   47.4   0.3   3   3       0.7        19    1.4   0.0    12    84   456   529   453   532 0.79 -
AgamP4_2R:55466578-55468326   -            532 45131at6656          -            346   2.1e-13   47.3   0.3   1   4       4.8   1.3e+02   -1.3   0.0   256   289   171   204    93   212 0.72 -
AgamP4_2R:55466578-55468326   -            532 45131at6656          -            346   2.1e-13   47.3   0.3   2   4    0.0067      0.18    8.0   0.0    60   118   215   272   200   280 0.81 -
AgamP4_2R:55466578-55468326   -            532 45131at6656          -            346   2.1e-13   47.3   0.3   3   4   5.2e-09   1.4e-07   28.1   0.1     9   123   324   439   320   448 0.82 -
AgamP4_2R:55466578-55468326   -            532 45131at6656          -            346   2.1e-13   47.3   0.3   4   4     0.044       1.2    5.4   0.0    50   118   450   524   442   528 0.74 -
AgamP4_3R:49908365-49910129   -            240 45131at6656          -            346   2.8e-13   46.9   2.6   1   3     0.011      0.29    7.4   0.1    68   124    22    82    13    88 0.77 -
AgamP4_3R:49908365-49910129   -            240 45131at6656          -            346   2.8e-13   46.9   2.6   2   3   6.7e-10   1.8e-08   31.1   0.4    57   122    94   161    83   172 0.86 -
AgamP4_3R:49908365-49910129   -            240 45131at6656          -            346   2.8e-13   46.9   2.6   3   3     0.015      0.39    6.9   0.0    13    75   177   239   167   240 0.60 -
AgamP4_2L:48386720-48387145   -            142 45131at6656          -            346   3.8e-13   46.5   0.3   1   2   1.5e-08     4e-07   26.7   0.0    18   101     1    85     1    88 0.83 -
AgamP4_2L:48386720-48387145   -            142 45131at6656          -            346   3.8e-13   46.5   0.3   2   2   4.2e-06   0.00011   18.6   0.2    58   114    85   140    85   142 0.91 -
AgamP4_2R:22130947-22131963   -            339 45131at6656          -            346   4.7e-13   46.2   0.0   1   3   0.00048     0.013   11.8   0.0    87   118     4    35     1    44 0.91 -
AgamP4_2R:22130947-22131963   -            339 45131at6656          -            346   4.7e-13   46.2   0.0   2   3   2.2e-07   5.9e-06   22.8   0.0     6   122    50   169    48   176 0.85 -
AgamP4_2R:22130947-22131963   -            339 45131at6656          -            346   4.7e-13   46.2   0.0   3   3    0.0077      0.21    7.9   0.0     5    35   299   329   224   335 0.74 -
AgamP4_3R:9185154-9185825     -            224 45131at6656          -            346   7.9e-13   45.4   0.6   1   3   6.2e-05    0.0017   14.7   0.1    60   118    27    86     5    86 0.87 -
AgamP4_3R:9185154-9185825     -            224 45131at6656          -            346   7.9e-13   45.4   0.6   2   3   2.8e-10   7.6e-09   32.3   0.0    62   149    74   162    60   168 0.87 -
AgamP4_3R:9185154-9185825     -            224 45131at6656          -            346   7.9e-13   45.4   0.6   3   3      0.28       7.6    2.7   0.1    69   117   172   223   167   224 0.85 -
AgamP4_3R:9192526-9193299     -            258 45131at6656          -            346   8.2e-13   45.4   0.6   1   3   4.3e-05    0.0012   15.3   0.1    46   118    45   120    13   120 0.78 -
AgamP4_3R:9192526-9193299     -            258 45131at6656          -            346   8.2e-13   45.4   0.6   2   3   4.6e-10   1.2e-08   31.6   0.0    63   149   109   196    99   200 0.87 -
AgamP4_3R:9192526-9193299     -            258 45131at6656          -            346   8.2e-13   45.4   0.6   3   3      0.37       9.9    2.3   0.1    69   117   206   257   202   258 0.85 -
AgamP4_3R:34705215-34705949   -            245 45131at6656          -            346   1.4e-12   44.6   0.6   1   3    0.0066      0.18    8.1   0.0    45    75     2    33     1    37 0.86 -
AgamP4_3R:34705215-34705949   -            245 45131at6656          -            346   1.4e-12   44.6   0.6   2   3   1.2e-09   3.3e-08   30.2   0.5    59   121    79   141    62   151 0.90 -
AgamP4_3R:34705215-34705949   -            245 45131at6656          -            346   1.4e-12   44.6   0.6   3   3       0.3       8.1    2.6   0.0     9    57   160   213   150   221 0.61 -
AgamP4_2L:8569430-8580292     -            367 45131at6656          -            346   3.6e-12   43.3   0.0   1   2   3.8e-10     1e-08   31.9   0.1     8   131    57   181    51   203 0.87 -
AgamP4_2L:8569430-8580292     -            367 45131at6656          -            346   3.6e-12   43.3   0.0   2   2    0.0029     0.078    9.2   0.0    13   119   187   292   185   299 0.67 -
AgamP4_3R:13720775-13721455   -            227 45131at6656          -            346   3.9e-12   43.1   0.0   1   2      0.32       8.7    2.5   0.0    81   117    16    52    10    56 0.82 -
AgamP4_3R:13720775-13721455   -            227 45131at6656          -            346   3.9e-12   43.1   0.0   2   2   1.6e-11   4.2e-10   36.4   0.0     9   117   120   227   113   227 0.87 -
AgamP4_2L:25560534-25575756   -           1659 45131at6656          -            346   4.8e-12   42.8   0.0   1   2   6.2e-08   1.7e-06   24.6   0.0    42   155  1322  1443  1316  1473 0.84 -
AgamP4_2L:25560534-25575756   -           1659 45131at6656          -            346   4.8e-12   42.8   0.0   2   2   3.7e-05     0.001   15.5   0.0    44   117  1542  1615  1517  1622 0.86 -
AgamP4_2L:43065216-43066196   -            327 45131at6656          -            346   5.5e-12   42.6   0.8   1   2   9.4e-06   0.00025   17.4   0.0    46   109   117   184    74   190 0.64 -
AgamP4_2L:43065216-43066196   -            327 45131at6656          -            346   5.5e-12   42.6   0.8   2   2   1.7e-07   4.6e-06   23.2   0.1    67   121   214   271   209   276 0.85 -
AgamP4_2R:16412080-16414107   -            456 45131at6656          -            346     6e-12   42.5   1.9   1   3    0.0075       0.2    7.9   0.0    58   122   225   295   213   305 0.80 -
AgamP4_2R:16412080-16414107   -            456 45131at6656          -            346     6e-12   42.5   1.9   2   3   5.9e-09   1.6e-07   28.0   0.1    10   118   309   412   304   417 0.84 -
AgamP4_2R:16412080-16414107   -            456 45131at6656          -            346     6e-12   42.5   1.9   3   3    0.0022      0.06    9.6   0.3    64   117   401   453   401   456 0.88 -
AgamP4_2R:45613957-45614913   -            319 45131at6656          -            346   2.3e-11   40.6   0.2   1   5      0.98        26    0.9   0.0    91   119     3    31     1    48 0.52 -
AgamP4_2R:45613957-45614913   -            319 45131at6656          -            346   2.3e-11   40.6   0.2   2   5     0.021      0.58    6.4   0.1    60    80    84   104    58   111 0.75 -
AgamP4_2R:45613957-45614913   -            319 45131at6656          -            346   2.3e-11   40.6   0.2   3   5     0.033      0.89    5.8   0.0     8    55   113   160   106   168 0.89 -
AgamP4_2R:45613957-45614913   -            319 45131at6656          -            346   2.3e-11   40.6   0.2   4   5   2.4e-07   6.4e-06   22.7   0.0    13   113   159   260   155   275 0.78 -
AgamP4_2R:45613957-45614913   -            319 45131at6656          -            346   2.3e-11   40.6   0.2   5   5     0.025      0.67    6.2   0.0    10    47   240   277   235   301 0.80 -
AgamP4_3R:36380953-36381426   -            158 45131at6656          -            346   3.5e-11   40.0   1.1   1   3    0.0008     0.021   11.1   0.2    51    98     7    53     2    60 0.78 -
AgamP4_3R:36380953-36381426   -            158 45131at6656          -            346   3.5e-11   40.0   1.1   2   3   1.8e-08   4.9e-07   26.4   0.0    46   118    43   116    38   124 0.87 -
AgamP4_3R:36380953-36381426   -            158 45131at6656          -            346   3.5e-11   40.0   1.1   3   3      0.61        16    1.6   0.0    83   117   123   157   118   158 0.76 -
AgamP4_2L:43754158-43755135   -            326 45131at6656          -            346   8.5e-11   38.7   0.0   1   3   2.6e-09     7e-08   29.1   0.0    60   124    71   137     9   146 0.78 -
AgamP4_2L:43754158-43755135   -            326 45131at6656          -            346   8.5e-11   38.7   0.0   2   3       0.1       2.8    4.2   0.0    45    82   175   213   165   268 0.65 -
AgamP4_2L:43754158-43755135   -            326 45131at6656          -            346   8.5e-11   38.7   0.0   3   3       2.9        78   -0.6   0.0    99   123   287   311   275   325 0.66 -
AgamP4_3R:39153145-39153792   -            216 45131at6656          -            346   2.3e-10   37.3   0.0   1   3   5.9e-11   1.6e-09   34.5   0.1     8   133    14   141     7   143 0.82 -
AgamP4_3R:39153145-39153792   -            216 45131at6656          -            346   2.3e-10   37.3   0.0   2   3       4.7   1.3e+02   -1.3   0.0    61    78   153   170   145   175 0.64 -
AgamP4_3R:39153145-39153792   -            216 45131at6656          -            346   2.3e-10   37.3   0.0   3   3       4.2   1.1e+02   -1.1   0.0    13    35   192   214   187   216 0.70 -
AgamP4_2R:57589246-57592097   -            924 45131at6656          -            346   7.6e-10   35.6   0.0   1   2   1.3e-06   3.4e-05   20.3   0.0    11   119   188   298   181   340 0.74 -
AgamP4_2R:57589246-57592097   -            924 45131at6656          -            346   7.6e-10   35.6   0.0   2   2    0.0003    0.0081   12.5   0.0    64   123   545   603   532   623 0.85 -
AgamP4_X:19936178-19937254    -            359 45131at6656          -            346   8.2e-10   35.5   0.4   1   3      0.99        27    0.9   0.0    21    57    10    46     5    55 0.63 -
AgamP4_X:19936178-19937254    -            359 45131at6656          -            346   8.2e-10   35.5   0.4   2   3   2.5e-06   6.8e-05   19.3   0.0    69   153    86   171    65   179 0.76 -
AgamP4_X:19936178-19937254    -            359 45131at6656          -            346   8.2e-10   35.5   0.4   3   3    0.0027     0.072    9.4   0.3    44   123   242   321   231   330 0.75 -
AgamP4_X:18819743-18820459    -            239 45131at6656          -            346   9.1e-10   35.3   0.0   1   3   7.6e-08     2e-06   24.3   0.0     6    89     4    91     1    96 0.87 -
AgamP4_X:18819743-18820459    -            239 45131at6656          -            346   9.1e-10   35.3   0.0   2   3    0.0076       0.2    7.9   0.0    59    83   110   134   103   141 0.88 -
AgamP4_X:18819743-18820459    -            239 45131at6656          -            346   9.1e-10   35.3   0.0   3   3       4.6   1.2e+02   -1.3   0.0    49   106   167   225   157   238 0.60 -
AgamP4_3R:31538606-31539256   -            217 45131at6656          -            346   1.9e-09   34.3   0.0   1   2     3e-08     8e-07   25.7   0.0    46   118     6    77     2    85 0.88 -
AgamP4_3R:31538606-31539256   -            217 45131at6656          -            346   1.9e-09   34.3   0.0   2   2     0.027      0.73    6.1   0.0    72   118   168   213   162   216 0.86 -
AgamP4_2R:33618033-33618905   -            291 45131at6656          -            346   4.4e-09   33.1   8.6   1   4   1.2e-06   3.3e-05   20.3   0.0    41   118     6    87     2    97 0.82 -
AgamP4_2R:33618033-33618905   -            291 45131at6656          -            346   4.4e-09   33.1   8.6   2   4       3.3        89   -0.8   0.0   313   340   102   131    94   137 0.69 -
AgamP4_2R:33618033-33618905   -            291 45131at6656          -            346   4.4e-09   33.1   8.6   3   4      0.64        17    1.5   0.2    67   100   189   223   177   227 0.70 -
AgamP4_2R:33618033-33618905   -            291 45131at6656          -            346   4.4e-09   33.1   8.6   4   4   0.00017    0.0046   13.3   0.8    60   117   230   288   226   290 0.91 -
AgamP4_3R:17121373-17122476   -            368 45131at6656          -            346   1.4e-08   31.5   0.8   1   4    0.0031     0.082    9.2   0.0    81   123    49    91    42   100 0.86 -
AgamP4_3R:17121373-17122476   -            368 45131at6656          -            346   1.4e-08   31.5   0.8   2   4    0.0038       0.1    8.9   0.0    61   122    72   143    57   158 0.75 -
AgamP4_3R:17121373-17122476   -            368 45131at6656          -            346   1.4e-08   31.5   0.8   3   4      0.04       1.1    5.5   0.1    84   117   158   191   142   207 0.73 -
AgamP4_3R:17121373-17122476   -            368 45131at6656          -            346   1.4e-08   31.5   0.8   4   4    0.0019     0.052    9.8   0.2    22   129   225   340   203   345 0.73 -
AgamP4_2L:28577017-28581157   -            547 45131at6656          -            346   1.6e-08   31.3   0.8   1   2   4.2e-09   1.1e-07   28.5   0.4    25   115   368   461   352   477 0.79 -
AgamP4_2L:28577017-28581157   -            547 45131at6656          -            346   1.6e-08   31.3   0.8   2   2       2.6        70   -0.5   0.0    85   120   502   538   497   547 0.62 -
AAAB01008268:26849-28890      -            660 45131at6656          -            346   1.6e-08   31.3   0.1   1   3      0.41        11    2.2   0.0    62   109   208   260   191   267 0.72 -
AAAB01008268:26849-28890      -            660 45131at6656          -            346   1.6e-08   31.3   0.1   2   3     0.088       2.4    4.4   0.0   103   132   308   337   287   342 0.89 -
AAAB01008268:26849-28890      -            660 45131at6656          -            346   1.6e-08   31.3   0.1   3   3   1.2e-06   3.2e-05   20.4   0.0    14   108   350   453   345   507 0.72 -
AgamP4_3L:27210475-27217966   -           1304 45131at6656          -            346   1.9e-08   31.0   0.1   1   4     0.016      0.42    6.8   0.0    85   122   126   164   104   167 0.84 -
AgamP4_3L:27210475-27217966   -           1304 45131at6656          -            346   1.9e-08   31.0   0.1   2   4    0.0099      0.27    7.5   0.0    88   122   129   164   120   233 0.58 -
AgamP4_3L:27210475-27217966   -           1304 45131at6656          -            346   1.9e-08   31.0   0.1   3   4   3.9e-06   0.00011   18.7   0.0    62   122   239   301   177   310 0.83 -
AgamP4_3L:27210475-27217966   -           1304 45131at6656          -            346   1.9e-08   31.0   0.1   4   4         2        54   -0.1   0.0    85   120   310   346   305   357 0.76 -
AgamP4_2R:5699239-5699694     -            152 45131at6656          -            346   2.3e-08   30.7   0.4   1   2   2.5e-06   6.6e-05   19.4   0.2    68   120    17    70     3    78 0.76 -
AgamP4_2R:5699239-5699694     -            152 45131at6656          -            346   2.3e-08   30.7   0.4   2   2     0.002     0.053    9.8   0.0    82   125    74   117    70   130 0.84 -
AgamP4_2R:15759829-15760374   -            182 45131at6656          -            346   2.3e-08   30.7   0.0   1   2   2.8e-05   0.00075   15.9   0.0    58   121    21    86     7   117 0.80 -
AgamP4_2R:15759829-15760374   -            182 45131at6656          -            346   2.3e-08   30.7   0.0   2   2   0.00076      0.02   11.2   0.0    70   127   121   177   108   180 0.87 -
AgamP4_3R:21124714-21126517   -            407 45131at6656          -            346   2.6e-08   30.5   0.1   1   2   1.4e-08   3.8e-07   26.7   0.0    60   124   220   283   187   287 0.86 -
AgamP4_3R:21124714-21126517   -            407 45131at6656          -            346   2.6e-08   30.5   0.1   2   2       1.8        48    0.1   0.0    99   121   382   404   363   406 0.80 -
AgamP4_3L:6010372-6011085     -            238 45131at6656          -            346   4.2e-08   29.9   2.9   1   3   3.1e-05   0.00084   15.7   0.2    68   118    11    59     2    68 0.84 -
AgamP4_3L:6010372-6011085     -            238 45131at6656          -            346   4.2e-08   29.9   2.9   2   3     0.035      0.94    5.7   0.1    51    86    76   110    62   152 0.70 -
AgamP4_3L:6010372-6011085     -            238 45131at6656          -            346   4.2e-08   29.9   2.9   3   3     0.019       0.5    6.6   0.0    43    99   165   221   149   235 0.70 -
AgamP4_2L:3288436-3288888     -            151 45131at6656          -            346   1.1e-07   28.5   0.6   1   2   3.3e-05   0.00088   15.7   0.0    63   126     2    65     1    74 0.83 -
AgamP4_2L:3288436-3288888     -            151 45131at6656          -            346   1.1e-07   28.5   0.6   2   2   0.00055     0.015   11.6   0.1    53   121    81   150    76   151 0.88 -
AAAB01001548:70979-72364      -            435 45131at6656          -            346   4.1e-07   26.6   0.0   1   3      0.33         9    2.5   0.0   312   344   143   175   135   177 0.87 -
AAAB01001548:70979-72364      -            435 45131at6656          -            346   4.1e-07   26.6   0.0   2   3    0.0036     0.096    9.0   0.0    13   115   193   298   181   301 0.85 -
AAAB01001548:70979-72364      -            435 45131at6656          -            346   4.1e-07   26.6   0.0   3   3    0.0032     0.086    9.1   0.0    27   114   337   425   325   433 0.71 -
AgamP4_2R:53795763-53796089   -            109 45131at6656          -            346   5.1e-07   26.3   0.0   1   1     2e-08   5.4e-07   26.2   0.0    15   114     6   108     1   109 0.80 -
AgamP4_3L:427344-427631       -             96 45131at6656          -            346   5.4e-07   26.2   0.1   1   1   4.8e-08   1.3e-06   25.0   0.1    62   123     7    69     3    93 0.86 -
AgamP4_UNKN:10943664-10943951 -             96 45131at6656          -            346   5.4e-07   26.2   0.1   1   1   4.8e-08   1.3e-06   25.0   0.1    62   123     7    69     3    93 0.86 -
AgamP4_2L:17360629-17360904   -             92 45131at6656          -            346   6.1e-07   26.1   0.0   1   1   2.4e-08   6.5e-07   26.0   0.0    14    78     2    67     1    85 0.83 -
AgamP4_2L:33965629-33969573   -           1169 45131at6656          -            346   6.9e-07   25.9   0.0   1   2   3.5e-07   9.4e-06   22.1   0.0     6    76    19    90    16    98 0.87 -
AgamP4_2L:33965629-33969573   -           1169 45131at6656          -            346   6.9e-07   25.9   0.0   2   2       1.4        37    0.4   0.0   313   339   270   296   236   313 0.69 -
AgamP4_UNKN:13134408-13134956 -            183 45131at6656          -            346   9.2e-07   25.5   0.3   1   1   6.1e-08   1.6e-06   24.6   0.3    55   122    75   141    60   158 0.84 -
AgamP4_3R:36381523-36381843   -            107 45131at6656          -            346   9.6e-07   25.4   0.1   1   2      0.12       3.2    4.0   0.0    64   106     8    49     1    51 0.66 -
AgamP4_3R:36381523-36381843   -            107 45131at6656          -            346   9.6e-07   25.4   0.1   2   2   3.4e-07   9.1e-06   22.2   0.1    61   120    48   106    44   107 0.93 -
AgamP4_3L:23253341-23254726   -            435 45131at6656          -            346     1e-06   25.3   0.0   1   3      0.35       9.4    2.4   0.0   313   344   144   175   137   177 0.87 -
AgamP4_3L:23253341-23254726   -            435 45131at6656          -            346     1e-06   25.3   0.0   2   3    0.0087      0.23    7.7   0.0    13   115   193   298   180   301 0.84 -
AgamP4_3L:23253341-23254726   -            435 45131at6656          -            346     1e-06   25.3   0.0   3   3    0.0032     0.086    9.1   0.0    27   114   337   425   325   433 0.71 -
AgamP4_2L:23646477-23647193   -            239 45131at6656          -            346   2.3e-06   24.2   1.1   1   2   1.2e-05   0.00031   17.1   0.1    18   124    12   124     2   134 0.74 -
AgamP4_2L:23646477-23647193   -            239 45131at6656          -            346   2.3e-06   24.2   1.1   2   2     0.026      0.71    6.1   0.1   107   158   152   209   130   215 0.78 -
AgamP4_3R:20626047-20627262   -            374 45131at6656          -            346   2.8e-06   23.9   0.3   1   3      0.02      0.54    6.5   0.1    84   118    49    83    21   101 0.85 -
AgamP4_3R:20626047-20627262   -            374 45131at6656          -            346   2.8e-06   23.9   0.3   2   3     0.012      0.32    7.2   0.0   216   293   148   225   146   271 0.84 -
AgamP4_3R:20626047-20627262   -            374 45131at6656          -            346   2.8e-06   23.9   0.3   3   3     0.027      0.71    6.1   0.0   105   125   348   368   311   373 0.86 -
AgamP4_2R:19482106-19482531   -            142 45131at6656          -            346   4.1e-06   23.3   0.4   1   2   0.00012    0.0032   13.8   0.0    46    82     7    43     2    58 0.87 -
AgamP4_2R:19482106-19482531   -            142 45131at6656          -            346   4.1e-06   23.3   0.4   2   2    0.0094      0.25    7.6   0.2    20   115    48   139    44   142 0.68 -
AgamP4_3L:3870972-3872222     -            388 45131at6656          -            346     6e-06   22.8   0.2   1   3       7.1   1.9e+02   -1.9   0.0   128   149   114   135   102   152 0.60 -
AgamP4_3L:3870972-3872222     -            388 45131at6656          -            346     6e-06   22.8   0.2   2   3   0.00054     0.014   11.7   0.1    29    78   152   200   141   208 0.79 -
AgamP4_3L:3870972-3872222     -            388 45131at6656          -            346     6e-06   22.8   0.2   3   3    0.0076       0.2    7.9   0.0    73   117   241   285   232   298 0.90 -
AgamP4_3R:1367005-1367511     -            169 45131at6656          -            346   6.9e-06   22.6   0.0   1   2      0.15         4    3.6   0.0    67   122    10    66     2    75 0.70 -
AgamP4_3R:1367005-1367511     -            169 45131at6656          -            346   6.9e-06   22.6   0.0   2   2   1.3e-05   0.00034   17.0   0.0    58   124    97   160    84   167 0.86 -
AgamP4_X:12108262-12111015    -            439 45131at6656          -            346     8e-06   22.4   0.0   1   2       0.3         8    2.6   0.0    98   143   224   270   219   280 0.80 -
AgamP4_X:12108262-12111015    -            439 45131at6656          -            346     8e-06   22.4   0.0   2   2   9.5e-05    0.0026   14.1   0.0    21   122   287   395   273   398 0.72 -
AgamP4_2R:597713-599083       -            457 45131at6656          -            346     9e-06   22.2   1.4   1   2   4.6e-05    0.0013   15.2   0.5     6   124    27   147    22   155 0.85 -
AgamP4_2R:597713-599083       -            457 45131at6656          -            346     9e-06   22.2   1.4   2   2     0.059       1.6    5.0   0.0   275   340   309   376   269   381 0.80 -
AgamP4_3L:41231722-41232210   -            163 45131at6656          -            346   1.5e-05   21.5   0.1   1   2       1.2        31    0.7   0.0   101   121    14    34     1    39 0.70 -
AgamP4_3L:41231722-41232210   -            163 45131at6656          -            346   1.5e-05   21.5   0.1   2   2   3.5e-06   9.5e-05   18.8   0.0     6    80    46   123    41   142 0.84 -
AgamP4_2L:30448255-30449016   -            254 45131at6656          -            346   1.6e-05   21.4   0.0   1   2     9e-06   0.00024   17.5   0.0    46   122    70   152    54   164 0.78 -
AgamP4_2L:30448255-30449016   -            254 45131at6656          -            346   1.6e-05   21.4   0.0   2   2      0.46        12    2.0   0.0    60   124   178   240   154   248 0.69 -
AgamP4_X:8426742-8427401      -            220 45131at6656          -            346   1.8e-05   21.2   0.0   1   2      0.12       3.3    3.9   0.0    86   123    17    54    10    63 0.62 -
AgamP4_X:8426742-8427401      -            220 45131at6656          -            346   1.8e-05   21.2   0.0   2   2     4e-05    0.0011   15.4   0.0    30    81   150   201   120   213 0.69 -
AgamP4_2L:28784726-28785127   -            134 45131at6656          -            346     2e-05   21.1   0.1   1   2      0.91        25    1.0   0.0   103   122     7    26     1    31 0.67 -
AgamP4_2L:28784726-28785127   -            134 45131at6656          -            346     2e-05   21.1   0.1   2   2   7.9e-06   0.00021   17.7   0.0     9    90    42   128    33   133 0.77 -
AgamP4_3L:34041844-34042146   -            101 45131at6656          -            346   2.3e-05   20.8   0.1   1   1   3.4e-06   9.2e-05   18.9   0.1    86   128     1    43     1    52 0.74 -
AgamP4_3L:18134290-18134778   -            163 45131at6656          -            346   2.4e-05   20.8   0.1   1   1   1.1e-06     3e-05   20.5   0.1    63   170    42   150    10   161 0.82 -
AAAB01008530:14978-15715      -            246 45131at6656          -            346   0.00031   17.1   1.4   1   3    0.0006     0.016   11.5   0.0    52   127     3    82     1    97 0.80 -
AAAB01008530:14978-15715      -            246 45131at6656          -            346   0.00031   17.1   1.4   2   3      0.28       7.4    2.7   0.2    43   100   110   167    90   178 0.79 -
AAAB01008530:14978-15715      -            246 45131at6656          -            346   0.00031   17.1   1.4   3   3       1.3        36    0.5   0.0    13   117   223   244   209   246 0.55 -
AgamP4_2L:47440804-47441022   -             73 45131at6656          -            346   0.00031   17.1   0.2   1   1   1.9e-05    0.0005   16.5   0.2    86   134     1    49     1    71 0.79 -
AgamP4_2R:11886267-11886941   -            225 45131at6656          -            346   0.00035   17.0   0.0   1   1   2.5e-05   0.00067   16.0   0.0    44   124   110   195   104   199 0.79 -
AgamP4_2L:34692114-34693167   -            325 45131at6656          -            346   0.00064   16.1   2.2   1   3      0.21       5.7    3.1   0.0    86   117     5    36     2    43 0.88 -
AgamP4_2L:34692114-34693167   -            325 45131at6656          -            346   0.00064   16.1   2.2   2   3     0.002     0.053    9.8   0.4    57   121   158   220   128   230 0.74 -
AgamP4_2L:34692114-34693167   -            325 45131at6656          -            346   0.00064   16.1   2.2   3   3       3.1        83   -0.7   0.0    87   301   283   311   252   323 0.53 -
AgamP4_3L:6454346-6454936     -            197 45131at6656          -            346   0.00087   15.7   0.0   1   1   5.3e-05    0.0014   15.0   0.0    62   156     8   102     4   106 0.82 -
AgamP4_3L:826493-826894       -            134 45131at6656          -            346     0.001   15.4   0.0   1   2     0.092       2.5    4.3   0.0   109   139     4    34     1    42 0.86 -
AgamP4_3L:826493-826894       -            134 45131at6656          -            346     0.001   15.4   0.0   2   2    0.0032     0.086    9.1   0.0    16    78    65   131    52   134 0.46 -
AgamP4_2R:51637894-51639855   -            654 45131at6656          -            346    0.0013   15.1   0.2   1   2    0.0097      0.26    7.5   0.0    11    80   229   298   225   336 0.84 -
AgamP4_2R:51637894-51639855   -            654 45131at6656          -            346    0.0013   15.1   0.2   2   2     0.054       1.5    5.1   0.0    61   118   403   459   345   504 0.74 -
AgamP4_3L:34631728-34632330   -            201 45131at6656          -            346    0.0013   15.1   0.1   1   1   8.8e-05    0.0024   14.2   0.1    17    77   117   181   105   187 0.74 -
AgamP4_2L:14641875-14642039   -             55 45131at6656          -            346    0.0015   14.9   0.2   1   1     6e-05    0.0016   14.8   0.2    64   119     3    55     1    55 0.88 -
AgamP4_3R:43264774-43265163   -            130 45131at6656          -            346    0.0027   14.1   0.5   1   1   0.00019    0.0052   13.1   0.4    38   101    21    86     2   111 0.77 -
AgamP4_X:8428130-8428858      -            243 45131at6656          -            346    0.0047   13.3   0.0   1   3       8.9   2.4e+02   -2.2   0.0    99   114    67    82    62    86 0.75 -
AgamP4_X:8428130-8428858      -            243 45131at6656          -            346    0.0047   13.3   0.0   2   3       3.9   1.1e+02   -1.0   0.0   198   219   147   168   120   171 0.74 -
AgamP4_X:8428130-8428858      -            243 45131at6656          -            346    0.0047   13.3   0.0   3   3    0.0011      0.03   10.6   0.0    68   107   202   242   195   243 0.87 -
AgamP4_3R:45763106-45764611   -            451 45131at6656          -            346    0.0056   13.0   0.0   1   1   0.00052     0.014   11.7   0.0    59   129   205   274   181   288 0.90 -
AgamP4_3L:26949549-26950295   -            249 45131at6656          -            346    0.0072   12.7   0.2   1   2    0.0011     0.031   10.6   0.1    70   124    13    72     1    80 0.79 -
AgamP4_3L:26949549-26950295   -            249 45131at6656          -            346    0.0072   12.7   0.2   2   2       2.9        77   -0.6   0.0   217   253   134   173   125   184 0.79 -
AgamP4_2R:607350-612901       -           1311 45131at6656          -            346    0.0075   12.6   0.2   1   1    0.0012     0.032   10.5   0.1    23   120    56   155    45   165 0.82 -
AgamP4_X:17576612-17576797    -             62 45131at6656          -            346    0.0084   12.4   0.0   1   1   0.00032    0.0087   12.4   0.0    46    93     2    50     1    61 0.84 -
AgamP4_2L:43108638-43111586   -            865 45131at6656          -            346    0.0094   12.3   0.0   1   3    0.0088      0.24    7.7   0.0    40    86   520   566   516   594 0.71 -
AgamP4_2L:43108638-43111586   -            865 45131at6656          -            346    0.0094   12.3   0.0   2   3       3.4        91   -0.8   0.0    15   113   577   676   568   735 0.50 -
AgamP4_2L:43108638-43111586   -            865 45131at6656          -            346    0.0094   12.3   0.0   3   3       1.9        51   -0.0   0.0   214   235   739   760   726   791 0.74 -
AgamP4_3L:8357339-8357677     -            113 45131at6656          -            346    0.0096   12.2   0.1   1   2         4   1.1e+02   -1.1   0.0   315   341    29    56     7    62 0.72 -
AgamP4_3L:8357339-8357677     -            113 45131at6656          -            346    0.0096   12.2   0.1   2   2   0.00092     0.025   10.9   0.0    77   121    66   111    59   113 0.89 -
AgamP4_X:10710538-10711383    -            282 45131at6656          -            346     0.011   12.0   0.1   1   2    0.0068      0.18    8.0   0.0    61    84     6    29     3    82 0.69 -
AgamP4_X:10710538-10711383    -            282 45131at6656          -            346     0.011   12.0   0.1   2   2      0.69        18    1.4   0.0    73   123   176   228   166   235 0.78 -
AgamP4_2L:15423935-15425089   -            333 45131at6656          -            346     0.014   11.7   0.0   1   1     0.001     0.027   10.8   0.0    45    81   160   194   119   205 0.63 -
AgamP4_3L:40902014-40902928   -            305 45131at6656          -            346     0.024   10.9   0.0   1   2      0.52        14    1.8   0.0   103   155   124   177    92   187 0.85 -
AgamP4_3L:40902014-40902928   -            305 45131at6656          -            346     0.024   10.9   0.0   2   2      0.04       1.1    5.5   0.0   315   343   277   305   238   305 0.77 -
AgamP4_3R:50381123-50381635   -            171 45131at6656          -            346     0.035   10.4   0.0   1   1     0.015      0.39    7.0   0.0    88   149    27    88    15    99 0.71 -
#
# Program:         hmmsearch
# Version:         3.1b2 (February 2015)
# Pipeline mode:   SEARCH
# Query file:      /hpcdata/bcbb/homc/Barillaslab/Agam_hemo_transcriptomes/scripts/compare_txomes/busco/busco_downloads/lineages/arthropoda_odb10/hmms/45131at6656.hmm
# Target file:     /hpcdata/bcbb/homc/Barillaslab/Agam_hemo_transcriptomes/scripts/compare_txomes/busco/VB59_AgambiaePEST_BUSCO/run_arthropoda_odb10/metaeuk_output/initial_results/VectorBase-59_AgambiaePEST_Genome.fasta.modified.fas
# Option settings: hmmsearch --domtblout /hpcdata/bcbb/homc/Barillaslab/Agam_hemo_transcriptomes/scripts/compare_txomes/busco/VB59_AgambiaePEST_BUSCO/run_arthropoda_odb10/hmmer_output/initial_run_results/45131at6656.out --cpu 1 /hpcdata/bcbb/homc/Barillaslab/Agam_hemo_transcriptomes/scripts/compare_txomes/busco/busco_downloads/lineages/arthropoda_odb10/hmms/45131at6656.hmm /hpcdata/bcbb/homc/Barillaslab/Agam_hemo_transcriptomes/scripts/compare_txomes/busco/VB59_AgambiaePEST_BUSCO/run_arthropoda_odb10/metaeuk_output/initial_results/VectorBase-59_AgambiaePEST_Genome.fasta.modified.fas 
# Current dir:     /hpcdata/bcbb/homc/Barillaslab/Agam_hemo_transcriptomes/scripts/compare_txomes/busco
# Date:            Fri Jan 27 16:41:03 2023
# [ok]
