#                                                                                   --- full sequence --- -------------- this domain -------------   hmm coord   ali coord   env coord
# target name               accession   tlen query name           accession   qlen   E-value  score  bias   #  of  c-Evalue  i-Evalue  score  bias  from    to  from    to  from    to  acc description of target
#       ------------------- ---------- ----- -------------------- ---------- ----- --------- ------ ----- --- --- --------- --------- ------ ----- ----- ----- ----- ----- ----- ----- ---- ---------------------
AgamP4_3R:20275847-20278114 -            731 51757at6656          -            291     7e-91  301.9  67.5   1   7   1.9e-09   5.8e-06   23.2   4.7     9    48    60    96    58   119 0.76 -
AgamP4_3R:20275847-20278114 -            731 51757at6656          -            291     7e-91  301.9  67.5   2   7      0.84   2.6e+03   -5.2   5.1   256   278   157   179   124   189 0.56 -
AgamP4_3R:20275847-20278114 -            731 51757at6656          -            291     7e-91  301.9  67.5   3   7   1.1e-06    0.0034   14.1   0.7    31    54   190   213   186   219 0.92 -
AgamP4_3R:20275847-20278114 -            731 51757at6656          -            291     7e-91  301.9  67.5   4   7      0.18   5.7e+02   -3.0   4.7    38    74   232   268   221   287 0.70 -
AgamP4_3R:20275847-20278114 -            731 51757at6656          -            291     7e-91  301.9  67.5   5   7   1.6e-55   4.9e-52  174.4   3.5    61   184   370   496   356   507 0.93 -
AgamP4_3R:20275847-20278114 -            731 51757at6656          -            291     7e-91  301.9  67.5   6   7   2.5e-40   7.7e-37  124.6   4.7   180   278   532   639   529   653 0.87 -
AgamP4_3R:20275847-20278114 -            731 51757at6656          -            291     7e-91  301.9  67.5   7   7   0.00021      0.64    6.7   0.4   271   290   685   704   652   705 0.77 -
#
# Program:         hmmsearch
# Version:         3.1b2 (February 2015)
# Pipeline mode:   SEARCH
# Query file:      /hpcdata/bcbb/homc/Barillaslab/Agam_hemo_transcriptomes/scripts/compare_txomes/busco/busco_downloads/lineages/arthropoda_odb10/hmms/51757at6656.hmm
# Target file:     /hpcdata/bcbb/homc/Barillaslab/Agam_hemo_transcriptomes/scripts/compare_txomes/busco/VB59_AgambiaePEST_BUSCO/run_arthropoda_odb10/metaeuk_output/initial_results/VectorBase-59_AgambiaePEST_Genome.fasta.modified.fas
# Option settings: hmmsearch --domtblout /hpcdata/bcbb/homc/Barillaslab/Agam_hemo_transcriptomes/scripts/compare_txomes/busco/VB59_AgambiaePEST_BUSCO/run_arthropoda_odb10/hmmer_output/initial_run_results/51757at6656.out --cpu 1 /hpcdata/bcbb/homc/Barillaslab/Agam_hemo_transcriptomes/scripts/compare_txomes/busco/busco_downloads/lineages/arthropoda_odb10/hmms/51757at6656.hmm /hpcdata/bcbb/homc/Barillaslab/Agam_hemo_transcriptomes/scripts/compare_txomes/busco/VB59_AgambiaePEST_BUSCO/run_arthropoda_odb10/metaeuk_output/initial_results/VectorBase-59_AgambiaePEST_Genome.fasta.modified.fas 
# Current dir:     /hpcdata/bcbb/homc/Barillaslab/Agam_hemo_transcriptomes/scripts/compare_txomes/busco
# Date:            Fri Jan 27 16:41:11 2023
# [ok]
