#                                                                                   --- full sequence --- -------------- this domain -------------   hmm coord   ali coord   env coord
# target name               accession   tlen query name           accession   qlen   E-value  score  bias   #  of  c-Evalue  i-Evalue  score  bias  from    to  from    to  from    to  acc description of target
#       ------------------- ---------- ----- -------------------- ---------- ----- --------- ------ ----- --- --- --------- --------- ------ ----- ----- ----- ----- ----- ----- ----- ---- ---------------------
AgamP4_2L:41631685-41644581 -            546 53993at6656          -            320  2.3e-188  622.5  17.9   1   1  2.5e-190  1.3e-187  620.0  17.9     1   320     1   372     1   372 0.94 -
AgamP4_3R:6775207-6861252   -            267 53993at6656          -            320   3.1e-34  116.1   7.6   1   2   5.7e-13   2.9e-10   37.3   0.1    69   120     6    62     2    65 0.87 -
AgamP4_3R:6775207-6861252   -            267 53993at6656          -            320   3.1e-34  116.1   7.6   2   2   1.7e-26   8.8e-24   81.7   5.4   188   320    58   203    52   203 0.83 -
AgamP4_X:4779357-4791808    -            175 53993at6656          -            320   8.5e-31  104.8   6.6   1   1   3.9e-33     2e-30  103.6   6.6   203   320    11   123     1   123 0.90 -
AgamP4_3R:6721962-6722492   -            177 53993at6656          -            320   5.3e-25   85.7   3.0   1   1   1.6e-27   8.3e-25   85.1   3.0   204   320     2   132     1   132 0.84 -
AgamP4_3R:6730905-6734674   -             99 53993at6656          -            320   5.7e-17   59.4   0.0   1   1   1.2e-19   6.1e-17   59.3   0.0    32   120     2    99     1    99 0.85 -
AgamP4_X:8423872-8424165    -             98 53993at6656          -            320      0.02   11.5   0.0   1   1   4.6e-05     0.024   11.3   0.0    36    96     5    73     2    89 0.65 -
#
# Program:         hmmsearch
# Version:         3.1b2 (February 2015)
# Pipeline mode:   SEARCH
# Query file:      /hpcdata/bcbb/homc/Barillaslab/Agam_hemo_transcriptomes/scripts/compare_txomes/busco/busco_downloads/lineages/arthropoda_odb10/hmms/53993at6656.hmm
# Target file:     /hpcdata/bcbb/homc/Barillaslab/Agam_hemo_transcriptomes/scripts/compare_txomes/busco/VB59_AgambiaePEST_BUSCO/run_arthropoda_odb10/metaeuk_output/initial_results/VectorBase-59_AgambiaePEST_Genome.fasta.modified.fas
# Option settings: hmmsearch --domtblout /hpcdata/bcbb/homc/Barillaslab/Agam_hemo_transcriptomes/scripts/compare_txomes/busco/VB59_AgambiaePEST_BUSCO/run_arthropoda_odb10/hmmer_output/initial_run_results/53993at6656.out --cpu 1 /hpcdata/bcbb/homc/Barillaslab/Agam_hemo_transcriptomes/scripts/compare_txomes/busco/busco_downloads/lineages/arthropoda_odb10/hmms/53993at6656.hmm /hpcdata/bcbb/homc/Barillaslab/Agam_hemo_transcriptomes/scripts/compare_txomes/busco/VB59_AgambiaePEST_BUSCO/run_arthropoda_odb10/metaeuk_output/initial_results/VectorBase-59_AgambiaePEST_Genome.fasta.modified.fas 
# Current dir:     /hpcdata/bcbb/homc/Barillaslab/Agam_hemo_transcriptomes/scripts/compare_txomes/busco
# Date:            Fri Jan 27 16:41:13 2023
# [ok]
