#                                                                                     --- full sequence --- -------------- this domain -------------   hmm coord   ali coord   env coord
# target name                 accession   tlen query name           accession   qlen   E-value  score  bias   #  of  c-Evalue  i-Evalue  score  bias  from    to  from    to  from    to  acc description of target
#         ------------------- ---------- ----- -------------------- ---------- ----- --------- ------ ----- --- --- --------- --------- ------ ----- ----- ----- ----- ----- ----- ----- ---- ---------------------
AgamP4_X:12108262-12111015    -            439 66028at6656          -            273  5.4e-158  521.4   2.3   1   1  3.5e-159  2.6e-157  519.2   2.3     1   273   101   416   101   416 0.94 -
AgamP4_2R:34050954-34052108   -            385 66028at6656          -            273     2e-15   53.9   4.5   1   6     0.055       4.1    3.6   0.0   218   255   104   141    97   146 0.91 -
AgamP4_2R:34050954-34052108   -            385 66028at6656          -            273     2e-15   53.9   4.5   2   6   4.7e-06   0.00035   17.0   0.0   210   255   149   194   144   202 0.94 -
AgamP4_2R:34050954-34052108   -            385 66028at6656          -            273     2e-15   53.9   4.5   3   6     0.007      0.52    6.6   0.1   217   251   206   240   201   245 0.90 -
AgamP4_2R:34050954-34052108   -            385 66028at6656          -            273     2e-15   53.9   4.5   4   6   0.00045     0.033   10.5   0.0   211   253   246   288   240   294 0.90 -
AgamP4_2R:34050954-34052108   -            385 66028at6656          -            273     2e-15   53.9   4.5   5   6   0.00069     0.052    9.9   0.0   216   253   295   332   289   341 0.90 -
AgamP4_2R:34050954-34052108   -            385 66028at6656          -            273     2e-15   53.9   4.5   6   6      0.14        10    2.3   0.2   219   248   355   384   351   385 0.60 -
AgamP4_2R:658072-660560       -            803 66028at6656          -            273   3.8e-10   36.6   1.3   1   2   2.7e-09     2e-07   27.6   0.6    84   251    57   226    38   246 0.80 -
AgamP4_2R:658072-660560       -            803 66028at6656          -            273   3.8e-10   36.6   1.3   2   2    0.0042      0.32    7.3   0.0   191   237   263   310   242   329 0.72 -
AgamP4_2R:55466578-55468326   -            532 66028at6656          -            273   3.9e-10   36.5   5.0   1   3    0.0016      0.12    8.7   0.2   103   142   215   252   198   271 0.81 -
AgamP4_2R:55466578-55468326   -            532 66028at6656          -            273   3.9e-10   36.5   5.0   2   3      0.04         3    4.1   0.1   209   252   311   353   303   373 0.78 -
AgamP4_2R:55466578-55468326   -            532 66028at6656          -            273   3.9e-10   36.5   5.0   3   3   2.9e-08   2.2e-06   24.2   0.1   103   251   377   526   357   531 0.86 -
AgamP4_3L:36698245-36698961   -            239 66028at6656          -            273   8.3e-09   32.2   0.1   1   3    0.0026      0.19    8.0   0.0   215   255    14    53     6    56 0.81 -
AgamP4_3L:36698245-36698961   -            239 66028at6656          -            273   8.3e-09   32.2   0.1   2   3     0.039         3    4.1   0.1   214   248    55    88    50    99 0.86 -
AgamP4_3L:36698245-36698961   -            239 66028at6656          -            273   8.3e-09   32.2   0.1   3   3   4.1e-06   0.00031   17.2   0.0    92   208   106   218    92   225 0.81 -
AgamP4_3R:36380953-36381426   -            158 66028at6656          -            273   1.4e-08   31.4   7.3   1   4   1.4e-06   0.00011   18.7   0.0    93   146     7    57     2    61 0.82 -
AgamP4_3R:36380953-36381426   -            158 66028at6656          -            273   1.4e-08   31.4   7.3   2   4    0.0041      0.31    7.3   0.1   105   147    60   101    58   102 0.91 -
AgamP4_3R:36380953-36381426   -            158 66028at6656          -            273   1.4e-08   31.4   7.3   3   4    0.0034      0.25    7.6   0.6   104   146   102   142   100   149 0.85 -
AgamP4_3R:36380953-36381426   -            158 66028at6656          -            273   1.4e-08   31.4   7.3   4   4      0.55        41    0.4   0.1   105   117   145   157   142   158 0.86 -
AgamP4_3L:36689004-36689834   -            277 66028at6656          -            273   1.5e-08   31.3   0.2   1   3     0.026       1.9    4.7   0.0   218   255     2    38     1    41 0.81 -
AgamP4_3L:36689004-36689834   -            277 66028at6656          -            273   1.5e-08   31.3   0.2   2   3      0.05       3.8    3.8   0.1   214   248    40    73    35    83 0.86 -
AgamP4_3L:36689004-36689834   -            277 66028at6656          -            273   1.5e-08   31.3   0.2   3   3   5.7e-07   4.3e-05   20.0   0.0    92   250    91   243    78   252 0.78 -
AgamP4_3R:170125-171711       -            350 66028at6656          -            273   1.5e-08   31.3   9.3   1   4     0.014       1.1    5.6   0.0   213   259     5    50     1    60 0.77 -
AgamP4_3R:170125-171711       -            350 66028at6656          -            273   1.5e-08   31.3   9.3   2   4    0.0015      0.11    8.8   1.7    92   199    70   172    66   204 0.62 -
AgamP4_3R:170125-171711       -            350 66028at6656          -            273   1.5e-08   31.3   9.3   3   4   1.5e-05    0.0011   15.3   0.2   103   199   210   311   200   314 0.76 -
AgamP4_3R:170125-171711       -            350 66028at6656          -            273   1.5e-08   31.3   9.3   4   4   0.00095     0.071    9.4   0.0   103   164   258   315   252   340 0.75 -
AgamP4_X:7822877-7823976      -            341 66028at6656          -            273     4e-08   29.9   4.1   1   4   5.7e-07   4.3e-05   20.0   0.5   103   171    73   138    28   150 0.62 -
AgamP4_X:7822877-7823976      -            341 66028at6656          -            273     4e-08   29.9   4.1   2   4      0.77        58   -0.1   0.0   212   234   145   167   138   188 0.74 -
AgamP4_X:7822877-7823976      -            341 66028at6656          -            273     4e-08   29.9   4.1   3   4      0.78        59   -0.1   0.0   103   164   166   226   161   230 0.63 -
AgamP4_X:7822877-7823976      -            341 66028at6656          -            273     4e-08   29.9   4.1   4   4     0.025       1.9    4.8   0.0   213   249   300   336   255   340 0.84 -
AgamP4_2L:23638188-23639159   -            324 66028at6656          -            273   7.2e-08   29.1   2.5   1   3      0.23        17    1.6   0.0   215   253    35    72    20    83 0.80 -
AgamP4_2L:23638188-23639159   -            324 66028at6656          -            273   7.2e-08   29.1   2.5   2   3     0.024       1.8    4.8   0.1    77   127    64   119    54   127 0.65 -
AgamP4_2L:23638188-23639159   -            324 66028at6656          -            273   7.2e-08   29.1   2.5   3   3   1.9e-07   1.4e-05   21.6   0.3   100   256   137   290   134   297 0.75 -
AgamP4_2L:43065216-43066196   -            327 66028at6656          -            273   7.3e-08   29.1   1.4   1   3       2.8   2.1e+02   -2.0   0.0   219   260     5    47     2    55 0.70 -
AgamP4_2L:43065216-43066196   -            327 66028at6656          -            273   7.3e-08   29.1   1.4   2   3    0.0045      0.33    7.2   0.2   217   255   116   154    76   178 0.73 -
AgamP4_2L:43065216-43066196   -            327 66028at6656          -            273   7.3e-08   29.1   1.4   3   3   5.8e-07   4.4e-05   20.0   0.0   209   251   228   270   208   285 0.85 -
AgamP4_2L:23616958-23617665   -            236 66028at6656          -            273   9.6e-08   28.7   0.4   1   2     0.036       2.7    4.2   0.0   103   128     6    31     3    39 0.89 -
AgamP4_2L:23616958-23617665   -            236 66028at6656          -            273   9.6e-08   28.7   0.4   2   2   1.8e-07   1.4e-05   21.6   0.3   100   256    48   201    45   209 0.74 -
AgamP4_2R:15759829-15760374   -            182 66028at6656          -            273   1.4e-07   28.1   0.3   1   3     0.019       1.4    5.2   0.0   212   249     2    38     1    42 0.86 -
AgamP4_2R:15759829-15760374   -            182 66028at6656          -            273   1.4e-07   28.1   0.3   2   3   0.00091     0.068    9.5   0.2   210   239    42    71    38    85 0.81 -
AgamP4_2R:15759829-15760374   -            182 66028at6656          -            273   1.4e-07   28.1   0.3   3   3   0.00041     0.031   10.6   0.0   162   254    80   173    67   179 0.69 -
AgamP4_2L:23631520-23632380   -            287 66028at6656          -            273   1.6e-07   28.0   3.0   1   2     0.009      0.68    6.2   0.1    76   128    26    83     3    91 0.70 -
AgamP4_2L:23631520-23632380   -            287 66028at6656          -            273   1.6e-07   28.0   3.0   2   2   2.3e-07   1.7e-05   21.3   0.3   100   256   100   253    97   261 0.75 -
AgamP4_UNKN:25798770-25799561 -            264 66028at6656          -            273   2.4e-07   27.4   0.4   1   2     0.018       1.4    5.2   0.0   217   251    19    52    15    56 0.80 -
AgamP4_UNKN:25798770-25799561 -            264 66028at6656          -            273   2.4e-07   27.4   0.4   2   2   3.9e-07   2.9e-05   20.5   0.1   100   252    74   225    51   251 0.77 -
AgamP4_2R:14010526-14011476   -            317 66028at6656          -            273   4.2e-07   26.6   0.5   1   2      0.02       1.5    5.1   0.0   217   251    72   105    66   112 0.80 -
AgamP4_2R:14010526-14011476   -            317 66028at6656          -            273   4.2e-07   26.6   0.5   2   2   6.6e-07     5e-05   19.8   0.1   100   252   127   278   104   303 0.78 -
AgamP4_2L:3288436-3288888     -            151 66028at6656          -            273   9.2e-07   25.5   0.1   1   1   1.4e-08     1e-06   25.3   0.1   107   251     3   149     1   151 0.81 -
AgamP4_3R:34966164-34967360   -            349 66028at6656          -            273   1.4e-06   24.9   0.1   1   4     0.021       1.6    5.0   0.0   202   253    82   132    74   135 0.85 -
AgamP4_3R:34966164-34967360   -            349 66028at6656          -            273   1.4e-06   24.9   0.1   2   4   0.00046     0.034   10.5   0.1   209   252   131   174   119   190 0.87 -
AgamP4_3R:34966164-34967360   -            349 66028at6656          -            273   1.4e-06   24.9   0.1   3   4     0.031       2.3    4.5   0.0   204   251   211   256   203   268 0.77 -
AgamP4_3R:34966164-34967360   -            349 66028at6656          -            273   1.4e-06   24.9   0.1   4   4      0.27        20    1.4   0.0   179   241   277   339   270   344 0.74 -
AgamP4_3R:9192526-9193299     -            258 66028at6656          -            273   1.8e-06   24.5   1.7   1   3    0.0011      0.08    9.3   0.1    92   147    50   105    43   123 0.72 -
AgamP4_3R:9192526-9193299     -            258 66028at6656          -            273   1.8e-06   24.5   1.7   2   3   8.8e-05    0.0066   12.8   0.0   199   258   114   172    97   181 0.85 -
AgamP4_3R:9192526-9193299     -            258 66028at6656          -            273   1.8e-06   24.5   1.7   3   3      0.27        20    1.4   0.0    75   117   206   257   184   258 0.64 -
AgamP4_3R:9185154-9185825     -            224 66028at6656          -            273   4.1e-06   23.3   3.7   1   3    0.0018      0.13    8.5   0.1    92   121    16    45    10    72 0.86 -
AgamP4_3R:9185154-9185825     -            224 66028at6656          -            273   4.1e-06   23.3   3.7   2   3   6.7e-05     0.005   13.2   0.1   199   258    80   138    64   150 0.86 -
AgamP4_3R:9185154-9185825     -            224 66028at6656          -            273   4.1e-06   23.3   3.7   3   3      0.23        17    1.6   0.2    75   117   172   223   150   224 0.64 -
AgamP4_3R:34705215-34705949   -            245 66028at6656          -            273   5.4e-06   22.9   1.4   1   2    0.0066      0.49    6.7   0.1   217   249     2    33     1    37 0.88 -
AgamP4_3R:34705215-34705949   -            245 66028at6656          -            273   5.4e-06   22.9   1.4   2   2   2.7e-05     0.002   14.5   0.1   172   251    61   140    36   163 0.77 -
AgamP4_2L:28577017-28581157   -            547 66028at6656          -            273   8.3e-06   22.3   0.3   1   2     0.096       7.2    2.8   0.0    23    64   197   237   179   251 0.76 -
AgamP4_2L:28577017-28581157   -            547 66028at6656          -            273   8.3e-06   22.3   0.3   2   2   5.1e-06   0.00038   16.9   0.1   192   252   362   423   346   431 0.87 -
AgamP4_2R:44708361-44709663   -            267 66028at6656          -            273   1.8e-05   21.2   2.6   1   1   1.1e-06   8.3e-05   19.0   2.3    92   254    60   218    47   225 0.82 -
AgamP4_3R:20626047-20627262   -            374 66028at6656          -            273   6.6e-05   19.4   0.2   1   3   0.00039     0.029   10.7   0.1   180   249    13    83     3    89 0.74 -
AgamP4_3R:20626047-20627262   -            374 66028at6656          -            273   6.6e-05   19.4   0.2   2   3       3.6   2.7e+02   -2.3   0.0   221   252   147   182   142   187 0.52 -
AgamP4_3R:20626047-20627262   -            374 66028at6656          -            273   6.6e-05   19.4   0.2   3   3     0.013         1    5.6   0.0   222   257   334   369   312   373 0.78 -
AgamP4_2L:25560534-25575756   -           1659 66028at6656          -            273     9e-05   18.9   0.1   1   2     0.019       1.4    5.2   0.0   216   252  1370  1407  1339  1414 0.80 -
AgamP4_2L:25560534-25575756   -           1659 66028at6656          -            273     9e-05   18.9   0.1   2   2   0.00041      0.03   10.6   0.0   199   255  1567  1622  1554  1627 0.84 -
AgamP4_2L:28784726-28785127   -            134 66028at6656          -            273   0.00015   18.2   0.0   1   1   3.8e-06   0.00029   17.3   0.0    97   219     1   127     1   133 0.64 -
AgamP4_3L:27210475-27217966   -           1304 66028at6656          -            273   0.00019   17.9   1.6   1   2   2.4e-05    0.0018   14.7   0.8    92   250   134   298   124   315 0.79 -
AgamP4_3L:27210475-27217966   -           1304 66028at6656          -            273   0.00019   17.9   1.6   2   2      0.59        44    0.3   0.0    96   123   322   349   309   362 0.79 -
AgamP4_3R:31538606-31539256   -            217 66028at6656          -            273   0.00027   17.4   0.3   1   3   0.00024     0.018   11.4   0.0   183   263    13    92     7    98 0.84 -
AgamP4_3R:31538606-31539256   -            217 66028at6656          -            273   0.00027   17.4   0.3   2   3     0.086       6.5    3.0   0.1   212   250    89   129    84   139 0.71 -
AgamP4_3R:31538606-31539256   -            217 66028at6656          -            273   0.00027   17.4   0.3   3   3      0.34        26    1.0   0.0   128   163   179   211   119   215 0.63 -
AgamP4_2L:47440804-47441022   -             73 66028at6656          -            273   0.00069   16.0   0.0   1   1   2.3e-05    0.0017   14.7   0.0   179   235     8    62     4    72 0.73 -
AgamP4_2R:45613957-45614913   -            319 66028at6656          -            273   0.00085   15.7   0.8   1   4    0.0013     0.098    9.0   0.1    79   136    57   114    23   145 0.73 -
AgamP4_2R:45613957-45614913   -            319 66028at6656          -            273   0.00085   15.7   0.8   2   4    0.0035      0.26    7.6   0.1   150   240    84   173    78   193 0.76 -
AgamP4_2R:45613957-45614913   -            319 66028at6656          -            273   0.00085   15.7   0.8   3   4       2.5   1.9e+02   -1.8   0.0   136   177   155   193   139   219 0.66 -
AgamP4_2R:45613957-45614913   -            319 66028at6656          -            273   0.00085   15.7   0.8   4   4     0.046       3.4    3.9   0.1   107   198   212   299   201   303 0.75 -
AgamP4_2R:11886267-11886941   -            225 66028at6656          -            273   0.00087   15.7   0.0   1   1   1.8e-05    0.0014   15.0   0.0   202   262    92   157    41   166 0.81 -
AgamP4_2L:43754158-43755135   -            326 66028at6656          -            273     0.001   15.5   0.2   1   3   0.00011    0.0086   12.4   0.1    95   168    64   134    54   145 0.81 -
AgamP4_2L:43754158-43755135   -            326 66028at6656          -            273     0.001   15.5   0.2   2   3         2   1.5e+02   -1.5   0.0   157   168   198   209   167   266 0.56 -
AgamP4_2L:43754158-43755135   -            326 66028at6656          -            273     0.001   15.5   0.2   3   3       3.7   2.8e+02   -2.3   0.0   107   124   295   312   287   324 0.66 -
AgamP4_3R:36381523-36381843   -            107 66028at6656          -            273     0.002   14.5   0.5   1   1   0.00028     0.021   11.2   0.5    89   146    33    88     6   107 0.76 -
AgamP4_3L:427344-427631       -             96 66028at6656          -            273    0.0051   13.2   0.4   1   1   0.00033     0.025   10.9   0.4   105   168     7    67     2    76 0.76 -
AgamP4_UNKN:10943664-10943951 -             96 66028at6656          -            273    0.0051   13.2   0.4   1   1   0.00033     0.025   10.9   0.4   105   168     7    67     2    76 0.76 -
AgamP4_3R:50381123-50381635   -            171 66028at6656          -            273    0.0072   12.7   0.0   1   1   0.00011    0.0083   12.5   0.0   152   250    44   140    16   156 0.84 -
AgamP4_2L:44509306-44520474   -           1432 66028at6656          -            273    0.0074   12.7   1.6   1   3      0.41        31    0.8   0.1   218   251   254   289   234   300 0.78 -
AgamP4_2L:44509306-44520474   -           1432 66028at6656          -            273    0.0074   12.7   1.6   2   3    0.0016      0.12    8.7   0.1   210   251   357   396   344   403 0.87 -
AgamP4_2L:44509306-44520474   -           1432 66028at6656          -            273    0.0074   12.7   1.6   3   3     0.007      0.53    6.6   0.2   100   230   376   506   374   523 0.79 -
AgamP4_2R:51637894-51639855   -            654 66028at6656          -            273     0.011   12.1   0.0   1   1   0.00023     0.018   11.4   0.0   211   270   380   437   355   440 0.82 -
AgamP4_3R:49959164-49961053   -            630 66028at6656          -            273     0.016   11.6   0.1   1   2    0.0006     0.045   10.1   0.0   198   255    72   127    57   174 0.82 -
AgamP4_3R:49959164-49961053   -            630 66028at6656          -            273     0.016   11.6   0.1   2   2       4.4   3.3e+02   -2.6   0.0   217   256   266   309   265   313 0.68 -
AgamP4_3R:6001708-6002684     -            303 66028at6656          -            273     0.016   11.6   0.1   1   1   0.00052     0.039   10.3   0.0   190   252    69   128    63   154 0.76 -
AgamP4_2R:14088685-14089743   -            353 66028at6656          -            273     0.027   10.8   4.7   1   3      0.75        56   -0.1   0.0   100   125   101   126    56   177 0.67 -
AgamP4_2R:14088685-14089743   -            353 66028at6656          -            273     0.027   10.8   4.7   2   3      0.19        14    1.9   0.0   216   251   184   218   158   229 0.80 -
AgamP4_2R:14088685-14089743   -            353 66028at6656          -            273     0.027   10.8   4.7   3   3    0.0045      0.33    7.2   0.7    90   166   247   318   223   322 0.74 -
#
# Program:         hmmsearch
# Version:         3.1b2 (February 2015)
# Pipeline mode:   SEARCH
# Query file:      /hpcdata/bcbb/homc/Barillaslab/Agam_hemo_transcriptomes/scripts/compare_txomes/busco/busco_downloads/lineages/arthropoda_odb10/hmms/66028at6656.hmm
# Target file:     /hpcdata/bcbb/homc/Barillaslab/Agam_hemo_transcriptomes/scripts/compare_txomes/busco/VB59_AgambiaePEST_BUSCO/run_arthropoda_odb10/metaeuk_output/initial_results/VectorBase-59_AgambiaePEST_Genome.fasta.modified.fas
# Option settings: hmmsearch --domtblout /hpcdata/bcbb/homc/Barillaslab/Agam_hemo_transcriptomes/scripts/compare_txomes/busco/VB59_AgambiaePEST_BUSCO/run_arthropoda_odb10/hmmer_output/initial_run_results/66028at6656.out --cpu 1 /hpcdata/bcbb/homc/Barillaslab/Agam_hemo_transcriptomes/scripts/compare_txomes/busco/busco_downloads/lineages/arthropoda_odb10/hmms/66028at6656.hmm /hpcdata/bcbb/homc/Barillaslab/Agam_hemo_transcriptomes/scripts/compare_txomes/busco/VB59_AgambiaePEST_BUSCO/run_arthropoda_odb10/metaeuk_output/initial_results/VectorBase-59_AgambiaePEST_Genome.fasta.modified.fas 
# Current dir:     /hpcdata/bcbb/homc/Barillaslab/Agam_hemo_transcriptomes/scripts/compare_txomes/busco
# Date:            Fri Jan 27 16:41:31 2023
# [ok]
