#                                                                                   --- full sequence --- -------------- this domain -------------   hmm coord   ali coord   env coord
# target name               accession   tlen query name           accession   qlen   E-value  score  bias   #  of  c-Evalue  i-Evalue  score  bias  from    to  from    to  from    to  acc description of target
#       ------------------- ---------- ----- -------------------- ---------- ----- --------- ------ ----- --- --- --------- --------- ------ ----- ----- ----- ----- ----- ----- ----- ---- ---------------------
AgamP4_2L:32470893-32473111 -            516 85509at6656          -            253    2e-108  359.2   9.4   1   3   7.6e-74   5.8e-71  236.5   0.1     1   120     1   130     1   139 0.94 -
AgamP4_2L:32470893-32473111 -            516 85509at6656          -            253    2e-108  359.2   9.4   2   3   1.9e-39   1.5e-36  123.8   0.9   117   243   191   328   184   332 0.84 -
AgamP4_2L:32470893-32473111 -            516 85509at6656          -            253    2e-108  359.2   9.4   3   3      0.29   2.2e+02   -1.3   0.3   226   252   491   515   381   516 0.63 -
AgamP4_2L:17834217-17837040 -            699 85509at6656          -            253   9.9e-35  117.8   0.4   1   2   1.3e-37   9.9e-35  117.8   0.4    17   116    29   127    17   180 0.84 -
AgamP4_2L:17834217-17837040 -            699 85509at6656          -            253   9.9e-35  117.8   0.4   2   2       3.9     3e+03   -5.0   3.2   138   178   541   583   516   606 0.44 -
AgamP4_X:10013574-10013786  -             71 85509at6656          -            253   7.1e-20   69.1   0.1   1   1   9.4e-23   7.2e-20   69.1   0.1    14    63    15    64     6    71 0.92 -
AgamP4_3L:37512220-37512444 -             75 85509at6656          -            253   1.4e-17   61.6   0.8   1   1   1.9e-20   1.5e-17   61.5   0.8    14    62     2    50     1    67 0.96 -
#
# Program:         hmmsearch
# Version:         3.1b2 (February 2015)
# Pipeline mode:   SEARCH
# Query file:      /hpcdata/bcbb/homc/Barillaslab/Agam_hemo_transcriptomes/scripts/compare_txomes/busco/busco_downloads/lineages/arthropoda_odb10/hmms/85509at6656.hmm
# Target file:     /hpcdata/bcbb/homc/Barillaslab/Agam_hemo_transcriptomes/scripts/compare_txomes/busco/VB59_AgambiaePEST_BUSCO/run_arthropoda_odb10/metaeuk_output/initial_results/VectorBase-59_AgambiaePEST_Genome.fasta.modified.fas
# Option settings: hmmsearch --domtblout /hpcdata/bcbb/homc/Barillaslab/Agam_hemo_transcriptomes/scripts/compare_txomes/busco/VB59_AgambiaePEST_BUSCO/run_arthropoda_odb10/hmmer_output/initial_run_results/85509at6656.out --cpu 1 /hpcdata/bcbb/homc/Barillaslab/Agam_hemo_transcriptomes/scripts/compare_txomes/busco/busco_downloads/lineages/arthropoda_odb10/hmms/85509at6656.hmm /hpcdata/bcbb/homc/Barillaslab/Agam_hemo_transcriptomes/scripts/compare_txomes/busco/VB59_AgambiaePEST_BUSCO/run_arthropoda_odb10/metaeuk_output/initial_results/VectorBase-59_AgambiaePEST_Genome.fasta.modified.fas 
# Current dir:     /hpcdata/bcbb/homc/Barillaslab/Agam_hemo_transcriptomes/scripts/compare_txomes/busco
# Date:            Fri Jan 27 16:41:56 2023
# [ok]
