#                                                                                --- full sequence --- -------------- this domain -------------   hmm coord   ali coord   env coord
# target name            accession   tlen query name           accession   qlen   E-value  score  bias   #  of  c-Evalue  i-Evalue  score  bias  from    to  from    to  from    to  acc description of target
#    ------------------- ---------- ----- -------------------- ---------- ----- --------- ------ ----- --- --- --------- --------- ------ ----- ----- ----- ----- ----- ----- ----- ---- ---------------------
TCONS_00031328:54-1988   -            645 106466at6656         -            254     2e-77  258.9  19.5   1   5   1.5e-22   5.9e-21   73.9   1.0     2    79    29   117    28   137 0.85 -
TCONS_00031328:54-1988   -            645 106466at6656         -            254     2e-77  258.9  19.5   2   5   2.9e-15   1.1e-13   50.1   0.2    67   143   207   287   201   290 0.83 -
TCONS_00031328:54-1988   -            645 106466at6656         -            254     2e-77  258.9  19.5   3   5     8e-18     3e-16   58.5   0.7   130   185   302   357   295   367 0.89 -
TCONS_00031328:54-1988   -            645 106466at6656         -            254     2e-77  258.9  19.5   4   5       5.8   2.2e+02   -0.1   0.0     2    25   366   389   365   394 0.81 -
TCONS_00031328:54-1988   -            645 106466at6656         -            254     2e-77  258.9  19.5   5   5   1.8e-26   6.7e-25   86.8   0.5   182   254   393   475   376   475 0.85 -
TCONS_00003278:50-2635   -            862 106466at6656         -            254   2.5e-32  111.2   2.4   1   5   4.4e-05    0.0017   16.7   0.0     2    40     2    40     1    41 0.95 -
TCONS_00003278:50-2635   -            862 106466at6656         -            254   2.5e-32  111.2   2.4   2   5     0.014      0.52    8.6   0.2   193   220    38    65    35    98 0.83 -
TCONS_00003278:50-2635   -            862 106466at6656         -            254   2.5e-32  111.2   2.4   3   5   1.1e-06   4.3e-05   21.9   0.0     2    49   306   355   305   370 0.84 -
TCONS_00003278:50-2635   -            862 106466at6656         -            254   2.5e-32  111.2   2.4   4   5     8e-08     3e-06   25.7   0.1    75   152   601   686   590   699 0.82 -
TCONS_00003278:50-2635   -            862 106466at6656         -            254   2.5e-32  111.2   2.4   5   5   9.9e-10   3.8e-08   31.9   0.0     3    75   713   801   711   809 0.77 -
TCONS_00030919:768-1796  -            343 106466at6656         -            254     2e-29  101.6   0.2   1   5   0.00013    0.0048   15.2   0.0   182   228    24    70     6    78 0.79 -
TCONS_00030919:768-1796  -            343 106466at6656         -            254     2e-29  101.6   0.2   2   5     0.055       2.1    6.6   0.0     3    33    88   118    86   119 0.90 -
TCONS_00030919:768-1796  -            343 106466at6656         -            254     2e-29  101.6   0.2   3   5   1.4e-07   5.1e-06   24.9   0.0   182   218   112   148   110   164 0.93 -
TCONS_00030919:768-1796  -            343 106466at6656         -            254     2e-29  101.6   0.2   4   5   8.9e-08   3.4e-06   25.5   0.0     4    60   182   243   179   245 0.85 -
TCONS_00030919:768-1796  -            343 106466at6656         -            254     2e-29  101.6   0.2   5   5   8.4e-07   3.2e-05   22.3   0.0     4    50   285   331   283   343 0.88 -
TCONS_00033202:821-1849  -            343 106466at6656         -            254     2e-29  101.6   0.2   1   5   0.00013    0.0048   15.2   0.0   182   228    24    70     6    78 0.79 -
TCONS_00033202:821-1849  -            343 106466at6656         -            254     2e-29  101.6   0.2   2   5     0.055       2.1    6.6   0.0     3    33    88   118    86   119 0.90 -
TCONS_00033202:821-1849  -            343 106466at6656         -            254     2e-29  101.6   0.2   3   5   1.4e-07   5.1e-06   24.9   0.0   182   218   112   148   110   164 0.93 -
TCONS_00033202:821-1849  -            343 106466at6656         -            254     2e-29  101.6   0.2   4   5   8.9e-08   3.4e-06   25.5   0.0     4    60   182   243   179   245 0.85 -
TCONS_00033202:821-1849  -            343 106466at6656         -            254     2e-29  101.6   0.2   5   5   8.4e-07   3.2e-05   22.3   0.0     4    50   285   331   283   343 0.88 -
TCONS_00038611:1053-2081 -            343 106466at6656         -            254     2e-29  101.6   0.2   1   5   0.00013    0.0048   15.2   0.0   182   228    24    70     6    78 0.79 -
TCONS_00038611:1053-2081 -            343 106466at6656         -            254     2e-29  101.6   0.2   2   5     0.055       2.1    6.6   0.0     3    33    88   118    86   119 0.90 -
TCONS_00038611:1053-2081 -            343 106466at6656         -            254     2e-29  101.6   0.2   3   5   1.4e-07   5.1e-06   24.9   0.0   182   218   112   148   110   164 0.93 -
TCONS_00038611:1053-2081 -            343 106466at6656         -            254     2e-29  101.6   0.2   4   5   8.9e-08   3.4e-06   25.5   0.0     4    60   182   243   179   245 0.85 -
TCONS_00038611:1053-2081 -            343 106466at6656         -            254     2e-29  101.6   0.2   5   5   8.4e-07   3.2e-05   22.3   0.0     4    50   285   331   283   343 0.88 -
TCONS_00008966:169-2718  -            850 106466at6656         -            254   1.4e-28   98.9   1.9   1   5      0.39        15    3.8   0.0    15    40     3    28     1    30 0.91 -
TCONS_00008966:169-2718  -            850 106466at6656         -            254   1.4e-28   98.9   1.9   2   5     0.014      0.52    8.5   0.3   193   220    26    53    22    86 0.83 -
TCONS_00008966:169-2718  -            850 106466at6656         -            254   1.4e-28   98.9   1.9   3   5   1.1e-06   4.2e-05   22.0   0.0     2    49   294   343   293   358 0.84 -
TCONS_00008966:169-2718  -            850 106466at6656         -            254   1.4e-28   98.9   1.9   4   5   7.8e-08     3e-06   25.7   0.1    75   152   589   674   578   687 0.82 -
TCONS_00008966:169-2718  -            850 106466at6656         -            254   1.4e-28   98.9   1.9   5   5   9.8e-10   3.7e-08   32.0   0.0     3    75   701   789   699   797 0.77 -
TCONS_00021358:1378-2355 -            326 106466at6656         -            254   2.3e-20   72.0   0.2   1   6   0.00013    0.0049   15.2   0.0     2    37     9    44     8    48 0.92 -
TCONS_00021358:1378-2355 -            326 106466at6656         -            254   2.3e-20   72.0   0.2   2   6     0.028       1.1    7.5   0.0   193   218    53    78    50    91 0.91 -
TCONS_00021358:1378-2355 -            326 106466at6656         -            254   2.3e-20   72.0   0.2   3   6   4.7e-05    0.0018   16.6   0.0     3    51   103   153   101   167 0.76 -
TCONS_00021358:1378-2355 -            326 106466at6656         -            254   2.3e-20   72.0   0.2   4   6    0.0016     0.059   11.6   0.0   188   232   134   180   129   191 0.83 -
TCONS_00021358:1378-2355 -            326 106466at6656         -            254   2.3e-20   72.0   0.2   5   6    0.0098      0.38    9.0   0.0     4    37   252   285   250   289 0.91 -
TCONS_00021358:1378-2355 -            326 106466at6656         -            254   2.3e-20   72.0   0.2   6   6   2.2e-05   0.00085   17.7   0.0   187   218   280   312   280   316 0.87 -
TCONS_00023080:1436-2413 -            326 106466at6656         -            254   2.3e-20   72.0   0.2   1   6   0.00013    0.0049   15.2   0.0     2    37     9    44     8    48 0.92 -
TCONS_00023080:1436-2413 -            326 106466at6656         -            254   2.3e-20   72.0   0.2   2   6     0.028       1.1    7.5   0.0   193   218    53    78    50    91 0.91 -
TCONS_00023080:1436-2413 -            326 106466at6656         -            254   2.3e-20   72.0   0.2   3   6   4.7e-05    0.0018   16.6   0.0     3    51   103   153   101   167 0.76 -
TCONS_00023080:1436-2413 -            326 106466at6656         -            254   2.3e-20   72.0   0.2   4   6    0.0016     0.059   11.6   0.0   188   232   134   180   129   191 0.83 -
TCONS_00023080:1436-2413 -            326 106466at6656         -            254   2.3e-20   72.0   0.2   5   6    0.0098      0.38    9.0   0.0     4    37   252   285   250   289 0.91 -
TCONS_00023080:1436-2413 -            326 106466at6656         -            254   2.3e-20   72.0   0.2   6   6   2.2e-05   0.00085   17.7   0.0   187   218   280   312   280   316 0.87 -
TCONS_00014223:1711-2712 -            334 106466at6656         -            254   2.4e-20   71.9   0.2   1   6   0.00013    0.0051   15.1   0.0     2    37     6    41     5    45 0.92 -
TCONS_00014223:1711-2712 -            334 106466at6656         -            254   2.4e-20   71.9   0.2   2   6     0.029       1.1    7.5   0.0   193   218    50    75    47    88 0.91 -
TCONS_00014223:1711-2712 -            334 106466at6656         -            254   2.4e-20   71.9   0.2   3   6   4.9e-05    0.0019   16.6   0.0     3    51   100   150    98   164 0.76 -
TCONS_00014223:1711-2712 -            334 106466at6656         -            254   2.4e-20   71.9   0.2   4   6    0.0016     0.062   11.6   0.0   188   232   131   177   126   188 0.83 -
TCONS_00014223:1711-2712 -            334 106466at6656         -            254   2.4e-20   71.9   0.2   5   6    0.0093      0.36    9.1   0.0     4    37   249   282   247   287 0.90 -
TCONS_00014223:1711-2712 -            334 106466at6656         -            254   2.4e-20   71.9   0.2   6   6   2.1e-05   0.00079   17.8   0.0   187   218   277   309   277   322 0.88 -
TCONS_00018703:889-1890  -            334 106466at6656         -            254   2.4e-20   71.9   0.2   1   6   0.00013    0.0051   15.1   0.0     2    37     6    41     5    45 0.92 -
TCONS_00018703:889-1890  -            334 106466at6656         -            254   2.4e-20   71.9   0.2   2   6     0.029       1.1    7.5   0.0   193   218    50    75    47    88 0.91 -
TCONS_00018703:889-1890  -            334 106466at6656         -            254   2.4e-20   71.9   0.2   3   6   4.9e-05    0.0019   16.6   0.0     3    51   100   150    98   164 0.76 -
TCONS_00018703:889-1890  -            334 106466at6656         -            254   2.4e-20   71.9   0.2   4   6    0.0016     0.062   11.6   0.0   188   232   131   177   126   188 0.83 -
TCONS_00018703:889-1890  -            334 106466at6656         -            254   2.4e-20   71.9   0.2   5   6    0.0093      0.36    9.1   0.0     4    37   249   282   247   287 0.90 -
TCONS_00018703:889-1890  -            334 106466at6656         -            254   2.4e-20   71.9   0.2   6   6   2.1e-05   0.00079   17.8   0.0   187   218   277   309   277   322 0.88 -
TCONS_00018704:1387-2388 -            334 106466at6656         -            254   2.4e-20   71.9   0.2   1   6   0.00013    0.0051   15.1   0.0     2    37     6    41     5    45 0.92 -
TCONS_00018704:1387-2388 -            334 106466at6656         -            254   2.4e-20   71.9   0.2   2   6     0.029       1.1    7.5   0.0   193   218    50    75    47    88 0.91 -
TCONS_00018704:1387-2388 -            334 106466at6656         -            254   2.4e-20   71.9   0.2   3   6   4.9e-05    0.0019   16.6   0.0     3    51   100   150    98   164 0.76 -
TCONS_00018704:1387-2388 -            334 106466at6656         -            254   2.4e-20   71.9   0.2   4   6    0.0016     0.062   11.6   0.0   188   232   131   177   126   188 0.83 -
TCONS_00018704:1387-2388 -            334 106466at6656         -            254   2.4e-20   71.9   0.2   5   6    0.0093      0.36    9.1   0.0     4    37   249   282   247   287 0.90 -
TCONS_00018704:1387-2388 -            334 106466at6656         -            254   2.4e-20   71.9   0.2   6   6   2.1e-05   0.00079   17.8   0.0   187   218   277   309   277   322 0.88 -
TCONS_00021360:1101-2102 -            334 106466at6656         -            254   2.4e-20   71.9   0.2   1   6   0.00013    0.0051   15.1   0.0     2    37     6    41     5    45 0.92 -
TCONS_00021360:1101-2102 -            334 106466at6656         -            254   2.4e-20   71.9   0.2   2   6     0.029       1.1    7.5   0.0   193   218    50    75    47    88 0.91 -
TCONS_00021360:1101-2102 -            334 106466at6656         -            254   2.4e-20   71.9   0.2   3   6   4.9e-05    0.0019   16.6   0.0     3    51   100   150    98   164 0.76 -
TCONS_00021360:1101-2102 -            334 106466at6656         -            254   2.4e-20   71.9   0.2   4   6    0.0016     0.062   11.6   0.0   188   232   131   177   126   188 0.83 -
TCONS_00021360:1101-2102 -            334 106466at6656         -            254   2.4e-20   71.9   0.2   5   6    0.0093      0.36    9.1   0.0     4    37   249   282   247   287 0.90 -
TCONS_00021360:1101-2102 -            334 106466at6656         -            254   2.4e-20   71.9   0.2   6   6   2.1e-05   0.00079   17.8   0.0   187   218   277   309   277   322 0.88 -
TCONS_00024086:1325-2326 -            334 106466at6656         -            254   2.4e-20   71.9   0.2   1   6   0.00013    0.0051   15.1   0.0     2    37     6    41     5    45 0.92 -
TCONS_00024086:1325-2326 -            334 106466at6656         -            254   2.4e-20   71.9   0.2   2   6     0.029       1.1    7.5   0.0   193   218    50    75    47    88 0.91 -
TCONS_00024086:1325-2326 -            334 106466at6656         -            254   2.4e-20   71.9   0.2   3   6   4.9e-05    0.0019   16.6   0.0     3    51   100   150    98   164 0.76 -
TCONS_00024086:1325-2326 -            334 106466at6656         -            254   2.4e-20   71.9   0.2   4   6    0.0016     0.062   11.6   0.0   188   232   131   177   126   188 0.83 -
TCONS_00024086:1325-2326 -            334 106466at6656         -            254   2.4e-20   71.9   0.2   5   6    0.0093      0.36    9.1   0.0     4    37   249   282   247   287 0.90 -
TCONS_00024086:1325-2326 -            334 106466at6656         -            254   2.4e-20   71.9   0.2   6   6   2.1e-05   0.00079   17.8   0.0   187   218   277   309   277   322 0.88 -
TCONS_00025243:432-1433  -            334 106466at6656         -            254   2.4e-20   71.9   0.2   1   6   0.00013    0.0051   15.1   0.0     2    37     6    41     5    45 0.92 -
TCONS_00025243:432-1433  -            334 106466at6656         -            254   2.4e-20   71.9   0.2   2   6     0.029       1.1    7.5   0.0   193   218    50    75    47    88 0.91 -
TCONS_00025243:432-1433  -            334 106466at6656         -            254   2.4e-20   71.9   0.2   3   6   4.9e-05    0.0019   16.6   0.0     3    51   100   150    98   164 0.76 -
TCONS_00025243:432-1433  -            334 106466at6656         -            254   2.4e-20   71.9   0.2   4   6    0.0016     0.062   11.6   0.0   188   232   131   177   126   188 0.83 -
TCONS_00025243:432-1433  -            334 106466at6656         -            254   2.4e-20   71.9   0.2   5   6    0.0093      0.36    9.1   0.0     4    37   249   282   247   287 0.90 -
TCONS_00025243:432-1433  -            334 106466at6656         -            254   2.4e-20   71.9   0.2   6   6   2.1e-05   0.00079   17.8   0.0   187   218   277   309   277   322 0.88 -
TCONS_00025244:1275-2276 -            334 106466at6656         -            254   2.4e-20   71.9   0.2   1   6   0.00013    0.0051   15.1   0.0     2    37     6    41     5    45 0.92 -
TCONS_00025244:1275-2276 -            334 106466at6656         -            254   2.4e-20   71.9   0.2   2   6     0.029       1.1    7.5   0.0   193   218    50    75    47    88 0.91 -
TCONS_00025244:1275-2276 -            334 106466at6656         -            254   2.4e-20   71.9   0.2   3   6   4.9e-05    0.0019   16.6   0.0     3    51   100   150    98   164 0.76 -
TCONS_00025244:1275-2276 -            334 106466at6656         -            254   2.4e-20   71.9   0.2   4   6    0.0016     0.062   11.6   0.0   188   232   131   177   126   188 0.83 -
TCONS_00025244:1275-2276 -            334 106466at6656         -            254   2.4e-20   71.9   0.2   5   6    0.0093      0.36    9.1   0.0     4    37   249   282   247   287 0.90 -
TCONS_00025244:1275-2276 -            334 106466at6656         -            254   2.4e-20   71.9   0.2   6   6   2.1e-05   0.00079   17.8   0.0   187   218   277   309   277   322 0.88 -
TCONS_00027068:904-1905  -            334 106466at6656         -            254   2.4e-20   71.9   0.2   1   6   0.00013    0.0051   15.1   0.0     2    37     6    41     5    45 0.92 -
TCONS_00027068:904-1905  -            334 106466at6656         -            254   2.4e-20   71.9   0.2   2   6     0.029       1.1    7.5   0.0   193   218    50    75    47    88 0.91 -
TCONS_00027068:904-1905  -            334 106466at6656         -            254   2.4e-20   71.9   0.2   3   6   4.9e-05    0.0019   16.6   0.0     3    51   100   150    98   164 0.76 -
TCONS_00027068:904-1905  -            334 106466at6656         -            254   2.4e-20   71.9   0.2   4   6    0.0016     0.062   11.6   0.0   188   232   131   177   126   188 0.83 -
TCONS_00027068:904-1905  -            334 106466at6656         -            254   2.4e-20   71.9   0.2   5   6    0.0093      0.36    9.1   0.0     4    37   249   282   247   287 0.90 -
TCONS_00027068:904-1905  -            334 106466at6656         -            254   2.4e-20   71.9   0.2   6   6   2.1e-05   0.00079   17.8   0.0   187   218   277   309   277   322 0.88 -
TCONS_00028113:1329-2330 -            334 106466at6656         -            254   2.4e-20   71.9   0.2   1   6   0.00013    0.0051   15.1   0.0     2    37     6    41     5    45 0.92 -
TCONS_00028113:1329-2330 -            334 106466at6656         -            254   2.4e-20   71.9   0.2   2   6     0.029       1.1    7.5   0.0   193   218    50    75    47    88 0.91 -
TCONS_00028113:1329-2330 -            334 106466at6656         -            254   2.4e-20   71.9   0.2   3   6   4.9e-05    0.0019   16.6   0.0     3    51   100   150    98   164 0.76 -
TCONS_00028113:1329-2330 -            334 106466at6656         -            254   2.4e-20   71.9   0.2   4   6    0.0016     0.062   11.6   0.0   188   232   131   177   126   188 0.83 -
TCONS_00028113:1329-2330 -            334 106466at6656         -            254   2.4e-20   71.9   0.2   5   6    0.0093      0.36    9.1   0.0     4    37   249   282   247   287 0.90 -
TCONS_00028113:1329-2330 -            334 106466at6656         -            254   2.4e-20   71.9   0.2   6   6   2.1e-05   0.00079   17.8   0.0   187   218   277   309   277   322 0.88 -
TCONS_00043282:1321-2298 -            326 106466at6656         -            254   2.7e-17   61.9   0.0   1   4   7.6e-09   2.9e-07   29.0   0.0     2   115     5   130     4   135 0.78 -
TCONS_00043282:1321-2298 -            326 106466at6656         -            254   2.7e-17   61.9   0.0   2   4     0.012      0.46    8.7   0.0   192   219   141   168   138   189 0.81 -
TCONS_00043282:1321-2298 -            326 106466at6656         -            254   2.7e-17   61.9   0.0   3   4     0.057       2.2    6.5   0.0     4    36   252   284   250   288 0.91 -
TCONS_00043282:1321-2298 -            326 106466at6656         -            254   2.7e-17   61.9   0.0   4   4   8.8e-05    0.0034   15.7   0.0   186   218   279   312   278   316 0.90 -
TCONS_00042115:997-1977  -            327 106466at6656         -            254   2.8e-17   61.9   0.0   1   4   7.6e-09   2.9e-07   29.0   0.0     2   115     5   130     4   135 0.78 -
TCONS_00042115:997-1977  -            327 106466at6656         -            254   2.8e-17   61.9   0.0   2   4     0.012      0.46    8.7   0.0   192   219   141   168   138   189 0.81 -
TCONS_00042115:997-1977  -            327 106466at6656         -            254   2.8e-17   61.9   0.0   3   4     0.057       2.2    6.5   0.0     4    36   253   285   251   289 0.91 -
TCONS_00042115:997-1977  -            327 106466at6656         -            254   2.8e-17   61.9   0.0   4   4   8.9e-05    0.0034   15.7   0.0   186   218   280   313   279   317 0.90 -
TCONS_00044982:1319-2299 -            327 106466at6656         -            254   2.8e-17   61.9   0.0   1   4   7.6e-09   2.9e-07   29.0   0.0     2   115     5   130     4   135 0.78 -
TCONS_00044982:1319-2299 -            327 106466at6656         -            254   2.8e-17   61.9   0.0   2   4     0.012      0.46    8.7   0.0   192   219   141   168   138   189 0.81 -
TCONS_00044982:1319-2299 -            327 106466at6656         -            254   2.8e-17   61.9   0.0   3   4     0.057       2.2    6.5   0.0     4    36   253   285   251   289 0.91 -
TCONS_00044982:1319-2299 -            327 106466at6656         -            254   2.8e-17   61.9   0.0   4   4   8.9e-05    0.0034   15.7   0.0   186   218   280   313   279   317 0.90 -
TCONS_00048780:1237-2217 -            327 106466at6656         -            254   2.8e-17   61.9   0.0   1   4   7.6e-09   2.9e-07   29.0   0.0     2   115     5   130     4   135 0.78 -
TCONS_00048780:1237-2217 -            327 106466at6656         -            254   2.8e-17   61.9   0.0   2   4     0.012      0.46    8.7   0.0   192   219   141   168   138   189 0.81 -
TCONS_00048780:1237-2217 -            327 106466at6656         -            254   2.8e-17   61.9   0.0   3   4     0.057       2.2    6.5   0.0     4    36   253   285   251   289 0.91 -
TCONS_00048780:1237-2217 -            327 106466at6656         -            254   2.8e-17   61.9   0.0   4   4   8.9e-05    0.0034   15.7   0.0   186   218   280   313   279   317 0.90 -
TCONS_00020597:2005-2601 -            199 106466at6656         -            254   2.5e-16   58.7   1.0   1   2   2.9e-15   1.1e-13   50.1   0.1     3   127     4   140     2   152 0.82 -
TCONS_00020597:2005-2601 -            199 106466at6656         -            254   2.5e-16   58.7   1.0   2   2   0.00025    0.0095   14.2   0.1   186   229   118   163   115   176 0.77 -
TCONS_00022585:1985-2554 -            190 106466at6656         -            254   4.2e-16   58.0   0.6   1   2   2.4e-15     9e-14   50.4   0.1     3   127     4   141     2   153 0.81 -
TCONS_00022585:1985-2554 -            190 106466at6656         -            254   4.2e-16   58.0   0.6   2   2   0.00067     0.025   12.8   0.0   192   229   126   164   121   177 0.76 -
TCONS_00028510:325-894   -            190 106466at6656         -            254   4.2e-16   58.0   0.6   1   2   2.4e-15     9e-14   50.4   0.1     3   127     4   141     2   153 0.81 -
TCONS_00028510:325-894   -            190 106466at6656         -            254   4.2e-16   58.0   0.6   2   2   0.00067     0.025   12.8   0.0   192   229   126   164   121   177 0.76 -
TCONS_00027974:2005-2640 -            212 106466at6656         -            254   5.3e-16   57.7   0.3   1   2   3.9e-15   1.5e-13   49.6   0.0     3   126     4   140     2   146 0.81 -
TCONS_00027974:2005-2640 -            212 106466at6656         -            254   5.3e-16   57.7   0.3   2   2   0.00056     0.021   13.1   0.0   188   228   121   163   119   176 0.77 -
TCONS_00020596:325-924   -            200 106466at6656         -            254   5.5e-16   57.6   0.3   1   2   3.3e-15   1.3e-13   49.9   0.0     3   126     4   140     2   146 0.81 -
TCONS_00020596:325-924   -            200 106466at6656         -            254   5.5e-16   57.6   0.3   2   2   0.00073     0.028   12.7   0.0   192   229   126   164   121   177 0.76 -
TCONS_00019905:1026-1457 -            144 106466at6656         -            254   1.1e-15   56.6   0.2   1   1     4e-17   1.5e-15   56.2   0.2     3   129     1   142     1   144 0.83 -
TCONS_00019906:1046-1477 -            144 106466at6656         -            254   1.1e-15   56.6   0.2   1   1     4e-17   1.5e-15   56.2   0.2     3   129     1   142     1   144 0.83 -
TCONS_00019907:1531-1962 -            144 106466at6656         -            254   1.1e-15   56.6   0.2   1   1     4e-17   1.5e-15   56.2   0.2     3   129     1   142     1   144 0.83 -
TCONS_00019908:1005-1436 -            144 106466at6656         -            254   1.1e-15   56.6   0.2   1   1     4e-17   1.5e-15   56.2   0.2     3   129     1   142     1   144 0.83 -
TCONS_00019909:1352-1783 -            144 106466at6656         -            254   1.1e-15   56.6   0.2   1   1     4e-17   1.5e-15   56.2   0.2     3   129     1   142     1   144 0.83 -
TCONS_00019910:1333-1764 -            144 106466at6656         -            254   1.1e-15   56.6   0.2   1   1     4e-17   1.5e-15   56.2   0.2     3   129     1   142     1   144 0.83 -
TCONS_00019911:1026-1457 -            144 106466at6656         -            254   1.1e-15   56.6   0.2   1   1     4e-17   1.5e-15   56.2   0.2     3   129     1   142     1   144 0.83 -
TCONS_00022147:1272-1703 -            144 106466at6656         -            254   1.1e-15   56.6   0.2   1   1     4e-17   1.5e-15   56.2   0.2     3   129     1   142     1   144 0.83 -
TCONS_00022148:1331-1762 -            144 106466at6656         -            254   1.1e-15   56.6   0.2   1   1     4e-17   1.5e-15   56.2   0.2     3   129     1   142     1   144 0.83 -
TCONS_00022150:1073-1504 -            144 106466at6656         -            254   1.1e-15   56.6   0.2   1   1     4e-17   1.5e-15   56.2   0.2     3   129     1   142     1   144 0.83 -
TCONS_00006648:878-1354  -            159 106466at6656         -            254   1.1e-15   56.6   0.0   1   1   3.8e-17   1.4e-15   56.3   0.0     4   129     2   142     1   157 0.84 -
TCONS_00006649:991-1467  -            159 106466at6656         -            254   1.1e-15   56.6   0.0   1   1   3.8e-17   1.4e-15   56.3   0.0     4   129     2   142     1   157 0.84 -
TCONS_00008226:864-1340  -            159 106466at6656         -            254   1.1e-15   56.6   0.0   1   1   3.8e-17   1.4e-15   56.3   0.0     4   129     2   142     1   157 0.84 -
TCONS_00008227:978-1454  -            159 106466at6656         -            254   1.1e-15   56.6   0.0   1   1   3.8e-17   1.4e-15   56.3   0.0     4   129     2   142     1   157 0.84 -
TCONS_00010045:980-1456  -            159 106466at6656         -            254   1.1e-15   56.6   0.0   1   1   3.8e-17   1.4e-15   56.3   0.0     4   129     2   142     1   157 0.84 -
TCONS_00010845:885-1361  -            159 106466at6656         -            254   1.1e-15   56.6   0.0   1   1   3.8e-17   1.4e-15   56.3   0.0     4   129     2   142     1   157 0.84 -
TCONS_00012057:885-1361  -            159 106466at6656         -            254   1.1e-15   56.6   0.0   1   1   3.8e-17   1.4e-15   56.3   0.0     4   129     2   142     1   157 0.84 -
TCONS_00013346:847-1323  -            159 106466at6656         -            254   1.1e-15   56.6   0.0   1   1   3.8e-17   1.4e-15   56.3   0.0     4   129     2   142     1   157 0.84 -
TCONS_00044983:1085-2100 -            315 106466at6656         -            254   1.5e-15   56.2   0.1   1   4   4.7e-07   1.8e-05   23.2   0.1     2    68     6    84     5    88 0.77 -
TCONS_00044983:1085-2100 -            315 106466at6656         -            254   1.5e-15   56.2   0.1   2   4     0.035       1.3    7.2   0.0     3    58    93   150    90   171 0.81 -
TCONS_00044983:1085-2100 -            315 106466at6656         -            254   1.5e-15   56.2   0.1   3   4     0.054       2.1    6.6   0.0     4    36   235   267   233   271 0.91 -
TCONS_00044983:1085-2100 -            315 106466at6656         -            254   1.5e-15   56.2   0.1   4   4   7.5e-05    0.0029   15.9   0.0   186   218   262   295   261   308 0.90 -
TCONS_00014070:34-594    -            187 106466at6656         -            254   4.6e-15   54.6   0.1   1   2   1.3e-11   4.9e-10   38.1   0.0     4   125     8   143     5   153 0.79 -
TCONS_00014070:34-594    -            187 106466at6656         -            254   4.6e-15   54.6   0.1   2   2   1.9e-06   7.1e-05   21.2   0.0     2    71    93   175    92   182 0.73 -
TCONS_00003376:518-1054  -            179 106466at6656         -            254   6.5e-14   50.8   0.9   1   1   3.2e-15   1.2e-13   49.9   0.8    10   124     7   143     2   152 0.74 -
TCONS_00012904:555-1091  -            179 106466at6656         -            254   6.5e-14   50.8   0.9   1   1   3.2e-15   1.2e-13   49.9   0.8    10   124     7   143     2   152 0.74 -
TCONS_00013287:518-1054  -            179 106466at6656         -            254   6.5e-14   50.8   0.9   1   1   3.2e-15   1.2e-13   49.9   0.8    10   124     7   143     2   152 0.74 -
TCONS_00014239:514-987   -            158 106466at6656         -            254   3.8e-13   48.3   0.0   1   1   5.6e-14   2.1e-12   45.8   0.0     2   128    11   153    10   156 0.84 -
TCONS_00043653:2328-3203 -            292 106466at6656         -            254   1.8e-12   46.1   0.2   1   3    0.0011     0.044   12.1   0.0     8    49     5    48     1    80 0.83 -
TCONS_00043653:2328-3203 -            292 106466at6656         -            254   1.8e-12   46.1   0.2   2   3   0.00014    0.0055   15.0   0.0     3    38    98   133    96   136 0.92 -
TCONS_00043653:2328-3203 -            292 106466at6656         -            254   1.8e-12   46.1   0.2   3   3   1.6e-05    0.0006   18.2   0.0   188   218   129   159   128   180 0.91 -
TCONS_00006652:991-1464  -            158 106466at6656         -            254   1.9e-12   46.1   0.0   1   3   1.3e-05    0.0005   18.4   0.0     4    40     2    38     1    58 0.89 -
TCONS_00006652:991-1464  -            158 106466at6656         -            254   1.9e-12   46.1   0.0   2   3        10   3.8e+02   -0.8   0.0   195   205    57    67    47    78 0.78 -
TCONS_00006652:991-1464  -            158 106466at6656         -            254   1.9e-12   46.1   0.0   3   3   9.9e-08   3.8e-06   25.4   0.0    51   124    78   155    57   158 0.83 -
TCONS_00010044:852-1325  -            158 106466at6656         -            254   1.9e-12   46.1   0.0   1   3   1.3e-05    0.0005   18.4   0.0     4    40     2    38     1    58 0.89 -
TCONS_00010044:852-1325  -            158 106466at6656         -            254   1.9e-12   46.1   0.0   2   3        10   3.8e+02   -0.8   0.0   195   205    57    67    47    78 0.78 -
TCONS_00010044:852-1325  -            158 106466at6656         -            254   1.9e-12   46.1   0.0   3   3   9.9e-08   3.8e-06   25.4   0.0    51   124    78   155    57   158 0.83 -
TCONS_00010844:1017-1490 -            158 106466at6656         -            254   1.9e-12   46.1   0.0   1   3   1.3e-05    0.0005   18.4   0.0     4    40     2    38     1    58 0.89 -
TCONS_00010844:1017-1490 -            158 106466at6656         -            254   1.9e-12   46.1   0.0   2   3        10   3.8e+02   -0.8   0.0   195   205    57    67    47    78 0.78 -
TCONS_00010844:1017-1490 -            158 106466at6656         -            254   1.9e-12   46.1   0.0   3   3   9.9e-08   3.8e-06   25.4   0.0    51   124    78   155    57   158 0.83 -
TCONS_00012954:1053-1526 -            158 106466at6656         -            254   1.9e-12   46.1   0.0   1   3   1.3e-05    0.0005   18.4   0.0     4    40     2    38     1    58 0.89 -
TCONS_00012954:1053-1526 -            158 106466at6656         -            254   1.9e-12   46.1   0.0   2   3        10   3.8e+02   -0.8   0.0   195   205    57    67    47    78 0.78 -
TCONS_00012954:1053-1526 -            158 106466at6656         -            254   1.9e-12   46.1   0.0   3   3   9.9e-08   3.8e-06   25.4   0.0    51   124    78   155    57   158 0.83 -
TCONS_00013345:852-1325  -            158 106466at6656         -            254   1.9e-12   46.1   0.0   1   3   1.3e-05    0.0005   18.4   0.0     4    40     2    38     1    58 0.89 -
TCONS_00013345:852-1325  -            158 106466at6656         -            254   1.9e-12   46.1   0.0   2   3        10   3.8e+02   -0.8   0.0   195   205    57    67    47    78 0.78 -
TCONS_00013345:852-1325  -            158 106466at6656         -            254   1.9e-12   46.1   0.0   3   3   9.9e-08   3.8e-06   25.4   0.0    51   124    78   155    57   158 0.83 -
TCONS_00040967:889-1866  -            326 106466at6656         -            254   1.9e-12   46.0   0.2   1   3    0.0014     0.053   11.8   0.0     8    49     5    48     1    79 0.83 -
TCONS_00040967:889-1866  -            326 106466at6656         -            254   1.9e-12   46.0   0.2   2   3   0.00017    0.0064   14.8   0.0     3    38    98   133    96   136 0.92 -
TCONS_00040967:889-1866  -            326 106466at6656         -            254   1.9e-12   46.0   0.2   3   3   1.8e-05    0.0007   18.0   0.0   188   218   129   159   128   180 0.91 -
TCONS_00040968:3707-4684 -            326 106466at6656         -            254   1.9e-12   46.0   0.2   1   3    0.0014     0.053   11.8   0.0     8    49     5    48     1    79 0.83 -
TCONS_00040968:3707-4684 -            326 106466at6656         -            254   1.9e-12   46.0   0.2   2   3   0.00017    0.0064   14.8   0.0     3    38    98   133    96   136 0.92 -
TCONS_00040968:3707-4684 -            326 106466at6656         -            254   1.9e-12   46.0   0.2   3   3   1.8e-05    0.0007   18.0   0.0   188   218   129   159   128   180 0.91 -
TCONS_00042232:1195-2172 -            326 106466at6656         -            254   1.9e-12   46.0   0.2   1   3    0.0014     0.053   11.8   0.0     8    49     5    48     1    79 0.83 -
TCONS_00042232:1195-2172 -            326 106466at6656         -            254   1.9e-12   46.0   0.2   2   3   0.00017    0.0064   14.8   0.0     3    38    98   133    96   136 0.92 -
TCONS_00042232:1195-2172 -            326 106466at6656         -            254   1.9e-12   46.0   0.2   3   3   1.8e-05    0.0007   18.0   0.0   188   218   129   159   128   180 0.91 -
TCONS_00043651:2884-3861 -            326 106466at6656         -            254   1.9e-12   46.0   0.2   1   3    0.0014     0.053   11.8   0.0     8    49     5    48     1    79 0.83 -
TCONS_00043651:2884-3861 -            326 106466at6656         -            254   1.9e-12   46.0   0.2   2   3   0.00017    0.0064   14.8   0.0     3    38    98   133    96   136 0.92 -
TCONS_00043651:2884-3861 -            326 106466at6656         -            254   1.9e-12   46.0   0.2   3   3   1.8e-05    0.0007   18.0   0.0   188   218   129   159   128   180 0.91 -
TCONS_00048859:4880-5857 -            326 106466at6656         -            254   1.9e-12   46.0   0.2   1   3    0.0014     0.053   11.8   0.0     8    49     5    48     1    79 0.83 -
TCONS_00048859:4880-5857 -            326 106466at6656         -            254   1.9e-12   46.0   0.2   2   3   0.00017    0.0064   14.8   0.0     3    38    98   133    96   136 0.92 -
TCONS_00048859:4880-5857 -            326 106466at6656         -            254   1.9e-12   46.0   0.2   3   3   1.8e-05    0.0007   18.0   0.0   188   218   129   159   128   180 0.91 -
TCONS_00049251:1017-1994 -            326 106466at6656         -            254   1.9e-12   46.0   0.2   1   3    0.0014     0.053   11.8   0.0     8    49     5    48     1    79 0.83 -
TCONS_00049251:1017-1994 -            326 106466at6656         -            254   1.9e-12   46.0   0.2   2   3   0.00017    0.0064   14.8   0.0     3    38    98   133    96   136 0.92 -
TCONS_00049251:1017-1994 -            326 106466at6656         -            254   1.9e-12   46.0   0.2   3   3   1.8e-05    0.0007   18.0   0.0   188   218   129   159   128   180 0.91 -
TCONS_00002443:8517-8870 -            118 106466at6656         -            254   9.3e-12   43.8   0.1   1   2   6.7e-09   2.6e-07   29.2   0.0     5    50     2    49     1    69 0.82 -
TCONS_00002443:8517-8870 -            118 106466at6656         -            254   9.3e-12   43.8   0.1   2   2   0.00059     0.023   13.0   0.0     3    35    80   112    78   118 0.87 -
TCONS_00003823:514-867   -            118 106466at6656         -            254   9.3e-12   43.8   0.1   1   2   6.7e-09   2.6e-07   29.2   0.0     5    50     2    49     1    69 0.82 -
TCONS_00003823:514-867   -            118 106466at6656         -            254   9.3e-12   43.8   0.1   2   2   0.00059     0.023   13.0   0.0     3    35    80   112    78   118 0.87 -
TCONS_00059155:701-1054  -            118 106466at6656         -            254   1.8e-11   42.8   0.3   1   2   1.7e-08   6.4e-07   27.9   0.0     5    50     2    49     1    77 0.78 -
TCONS_00059155:701-1054  -            118 106466at6656         -            254   1.8e-11   42.8   0.3   2   2   0.00045     0.017   13.4   0.0     3    35    80   112    78   118 0.87 -
TCONS_00059156:837-1190  -            118 106466at6656         -            254   1.8e-11   42.8   0.3   1   2   1.7e-08   6.4e-07   27.9   0.0     5    50     2    49     1    77 0.78 -
TCONS_00059156:837-1190  -            118 106466at6656         -            254   1.8e-11   42.8   0.3   2   2   0.00045     0.017   13.4   0.0     3    35    80   112    78   118 0.87 -
TCONS_00059813:701-1054  -            118 106466at6656         -            254   1.8e-11   42.8   0.3   1   2   1.7e-08   6.4e-07   27.9   0.0     5    50     2    49     1    77 0.78 -
TCONS_00059813:701-1054  -            118 106466at6656         -            254   1.8e-11   42.8   0.3   2   2   0.00045     0.017   13.4   0.0     3    35    80   112    78   118 0.87 -
TCONS_00064289:3884-4237 -            118 106466at6656         -            254   1.8e-11   42.8   0.3   1   2   1.7e-08   6.4e-07   27.9   0.0     5    50     2    49     1    77 0.78 -
TCONS_00064289:3884-4237 -            118 106466at6656         -            254   1.8e-11   42.8   0.3   2   2   0.00045     0.017   13.4   0.0     3    35    80   112    78   118 0.87 -
TCONS_00016211:1564-2229 -            222 106466at6656         -            254   1.9e-11   42.7   0.0   1   2   2.8e-07   1.1e-05   23.9   0.0    74   128    10    67     5    86 0.67 -
TCONS_00016211:1564-2229 -            222 106466at6656         -            254   1.9e-11   42.7   0.0   2   2   5.3e-05     0.002   16.5   0.0    12    52   136   172   133   191 0.87 -
TCONS_00020071:675-1340  -            222 106466at6656         -            254   1.9e-11   42.7   0.0   1   2   2.8e-07   1.1e-05   23.9   0.0    74   128    10    67     5    86 0.67 -
TCONS_00020071:675-1340  -            222 106466at6656         -            254   1.9e-11   42.7   0.0   2   2   5.3e-05     0.002   16.5   0.0    12    52   136   172   133   191 0.87 -
TCONS_00022240:753-1418  -            222 106466at6656         -            254   1.9e-11   42.7   0.0   1   2   2.8e-07   1.1e-05   23.9   0.0    74   128    10    67     5    86 0.67 -
TCONS_00022240:753-1418  -            222 106466at6656         -            254   1.9e-11   42.7   0.0   2   2   5.3e-05     0.002   16.5   0.0    12    52   136   172   133   191 0.87 -
TCONS_00030918:266-775   -            170 106466at6656         -            254   2.4e-11   42.4   0.1   1   1   7.7e-13   2.9e-11   42.1   0.1     3   137     2   144     1   163 0.86 -
TCONS_00039237:210-719   -            170 106466at6656         -            254   2.4e-11   42.4   0.1   1   1   7.7e-13   2.9e-11   42.1   0.1     3   137     2   144     1   163 0.86 -
TCONS_00035365:1546-2571 -            342 106466at6656         -            254   5.7e-10   37.9   0.1   1   3   8.4e-06   0.00032   19.1   0.0     2    49    95   144    62   168 0.75 -
TCONS_00035365:1546-2571 -            342 106466at6656         -            254   5.7e-10   37.9   0.1   2   3    0.0034      0.13   10.5   0.0     2    48   192   240   191   240 0.85 -
TCONS_00035365:1546-2571 -            342 106466at6656         -            254   5.7e-10   37.9   0.1   3   3     0.012      0.45    8.8   0.0   194   218   230   254   226   256 0.91 -
TCONS_00030704:120-2692  -            643 106466at6656         -            254   7.4e-10   37.5   0.2   1   3   2.2e-05   0.00085   17.7   0.0     2    49   160   209   139   233 0.74 -
TCONS_00030704:120-2692  -            643 106466at6656         -            254   7.4e-10   37.5   0.2   2   3   0.00078      0.03   12.6   0.0     3    51   258   308   256   320 0.76 -
TCONS_00030704:120-2692  -            643 106466at6656         -            254   7.4e-10   37.5   0.2   3   3       4.5   1.7e+02    0.3   0.0    14    39   558   583   542   604 0.84 -
TCONS_00030705:120-2048  -            643 106466at6656         -            254   7.5e-10   37.5   0.2   1   3   2.2e-05   0.00085   17.7   0.0     2    49   160   209   139   233 0.74 -
TCONS_00030705:120-2048  -            643 106466at6656         -            254   7.5e-10   37.5   0.2   2   3   0.00078      0.03   12.6   0.0     3    51   258   308   256   320 0.76 -
TCONS_00030705:120-2048  -            643 106466at6656         -            254   7.5e-10   37.5   0.2   3   3       4.5   1.7e+02    0.3   0.0    14    39   558   583   542   604 0.84 -
TCONS_00031969:130-2914  -            643 106466at6656         -            254   7.5e-10   37.5   0.2   1   3   2.2e-05   0.00085   17.7   0.0     2    49   160   209   139   233 0.74 -
TCONS_00031969:130-2914  -            643 106466at6656         -            254   7.5e-10   37.5   0.2   2   3   0.00078      0.03   12.6   0.0     3    51   258   308   256   320 0.76 -
TCONS_00031969:130-2914  -            643 106466at6656         -            254   7.5e-10   37.5   0.2   3   3       4.5   1.7e+02    0.3   0.0    14    39   558   583   542   604 0.84 -
TCONS_00033045:120-4818  -            457 106466at6656         -            254   1.2e-09   36.8   0.0   1   2   1.3e-05   0.00051   18.4   0.0     2    49   160   209   131   233 0.75 -
TCONS_00033045:120-4818  -            457 106466at6656         -            254   1.2e-09   36.8   0.0   2   2   0.00046     0.018   13.4   0.0     3    51   258   308   256   321 0.76 -
TCONS_00035654:120-4443  -            514 106466at6656         -            254   1.5e-09   36.6   0.1   1   3   1.6e-05   0.00061   18.2   0.0     2    49   160   209   132   233 0.75 -
TCONS_00035654:120-4443  -            514 106466at6656         -            254   1.5e-09   36.6   0.1   2   3    0.0015     0.057   11.7   0.0     2    50   257   307   256   310 0.85 -
TCONS_00035654:120-4443  -            514 106466at6656         -            254   1.5e-09   36.6   0.1   3   3     0.012      0.47    8.7   0.0   192   218   293   319   283   321 0.86 -
TCONS_00002217:2114-2329 -             72 106466at6656         -            254   2.1e-09   36.0   0.0   1   1   5.6e-11   2.1e-09   36.0   0.0     5    52     2    49     1    67 0.91 -
TCONS_00005503:2110-2325 -             72 106466at6656         -            254   2.1e-09   36.0   0.0   1   1   5.6e-11   2.1e-09   36.0   0.0     5    52     2    49     1    67 0.91 -
TCONS_00007510:3654-3869 -             72 106466at6656         -            254   2.1e-09   36.0   0.0   1   1   5.6e-11   2.1e-09   36.0   0.0     5    52     2    49     1    67 0.91 -
TCONS_00007511:2131-2346 -             72 106466at6656         -            254   2.1e-09   36.0   0.0   1   1   5.6e-11   2.1e-09   36.0   0.0     5    52     2    49     1    67 0.91 -
TCONS_00008772:2110-2325 -             72 106466at6656         -            254   2.1e-09   36.0   0.0   1   1   5.6e-11   2.1e-09   36.0   0.0     5    52     2    49     1    67 0.91 -
TCONS_00010455:2074-2289 -             72 106466at6656         -            254   2.1e-09   36.0   0.0   1   1   5.6e-11   2.1e-09   36.0   0.0     5    52     2    49     1    67 0.91 -
TCONS_00011833:3610-3825 -             72 106466at6656         -            254   2.1e-09   36.0   0.0   1   1   5.6e-11   2.1e-09   36.0   0.0     5    52     2    49     1    67 0.91 -
TCONS_00004829:1075-1572 -            166 106466at6656         -            254   3.2e-09   35.5   0.1   1   1     9e-10   3.4e-08   32.1   0.0     2   123     3   128     2   129 0.78 -
TCONS_00004831:1047-1544 -            166 106466at6656         -            254   3.2e-09   35.5   0.1   1   1     9e-10   3.4e-08   32.1   0.0     2   123     3   128     2   129 0.78 -
TCONS_00008104:1308-1805 -            166 106466at6656         -            254   3.2e-09   35.5   0.1   1   1     9e-10   3.4e-08   32.1   0.0     2   123     3   128     2   129 0.78 -
TCONS_00015006:792-1100  -            103 106466at6656         -            254   4.8e-09   34.9   0.1   1   1   1.6e-09     6e-08   31.3   0.1     3    60    26    87    24    89 0.81 -
TCONS_00015007:729-1037  -            103 106466at6656         -            254   4.8e-09   34.9   0.1   1   1   1.6e-09     6e-08   31.3   0.1     3    60    26    87    24    89 0.81 -
TCONS_00015008:729-1037  -            103 106466at6656         -            254   4.8e-09   34.9   0.1   1   1   1.6e-09     6e-08   31.3   0.1     3    60    26    87    24    89 0.81 -
TCONS_00003579:1078-1608 -            177 106466at6656         -            254   7.1e-09   34.3   0.0   1   1   1.9e-09   7.2e-08   31.0   0.0     2   123     3   139     2   140 0.81 -
TCONS_00006429:1079-1609 -            177 106466at6656         -            254   7.1e-09   34.3   0.0   1   1   1.9e-09   7.2e-08   31.0   0.0     2   123     3   139     2   140 0.81 -
TCONS_00006434:838-1368  -            177 106466at6656         -            254   7.1e-09   34.3   0.0   1   1   1.9e-09   7.2e-08   31.0   0.0     2   123     3   139     2   140 0.81 -
TCONS_00008105:646-1176  -            177 106466at6656         -            254   7.1e-09   34.3   0.0   1   1   1.9e-09   7.2e-08   31.0   0.0     2   123     3   139     2   140 0.81 -
TCONS_00008106:1077-1607 -            177 106466at6656         -            254   7.1e-09   34.3   0.0   1   1   1.9e-09   7.2e-08   31.0   0.0     2   123     3   139     2   140 0.81 -
TCONS_00011551:1078-1608 -            177 106466at6656         -            254   7.1e-09   34.3   0.0   1   1   1.9e-09   7.2e-08   31.0   0.0     2   123     3   139     2   140 0.81 -
TCONS_00023141:1653-2987 -            445 106466at6656         -            254   7.6e-09   34.2   5.5   1   5      0.28        10    4.3   0.0     4    42     2    39     1    65 0.72 -
TCONS_00023141:1653-2987 -            445 106466at6656         -            254   7.6e-09   34.2   5.5   2   5      0.44        17    3.6   0.1    12    87    91   167    79   174 0.84 -
TCONS_00023141:1653-2987 -            445 106466at6656         -            254   7.6e-09   34.2   5.5   3   5       1.6        62    1.8   0.0    10    52   177   219   167   231 0.77 -
TCONS_00023141:1653-2987 -            445 106466at6656         -            254   7.6e-09   34.2   5.5   4   5   0.00034     0.013   13.8   0.0     3    45   252   294   250   332 0.76 -
TCONS_00023141:1653-2987 -            445 106466at6656         -            254   7.6e-09   34.2   5.5   5   5    0.0075      0.28    9.4   0.0     4    31   371   399   369   441 0.69 -
TCONS_00015488:156-377   -             74 106466at6656         -            254   1.4e-08   33.4   0.0   1   2   0.00032     0.012   13.9   0.0     5    36     2    33     1    38 0.85 -
TCONS_00015488:156-377   -             74 106466at6656         -            254   1.4e-08   33.4   0.0   2   2   3.6e-06   0.00014   20.3   0.0   185   218    27    61    25    65 0.83 -
TCONS_00008107:1075-1635 -            187 106466at6656         -            254   1.7e-08   33.1   0.1   1   2   0.00024     0.009   14.3   0.0     3    50     4    53     2    75 0.66 -
TCONS_00008107:1075-1635 -            187 106466at6656         -            254   1.7e-08   33.1   0.1   2   2   4.9e-05    0.0019   16.6   0.0     3    48   104   150   102   166 0.84 -
TCONS_00014594:341-1666  -            442 106466at6656         -            254   2.1e-08   32.8   5.2   1   5      0.97        37    2.5   0.0     7    41     2    35     1    62 0.70 -
TCONS_00014594:341-1666  -            442 106466at6656         -            254   2.1e-08   32.8   5.2   2   5      0.43        17    3.6   0.1    12    87    88   164    76   171 0.84 -
TCONS_00014594:341-1666  -            442 106466at6656         -            254   2.1e-08   32.8   5.2   3   5       1.6        61    1.8   0.0    10    52   174   216   164   228 0.77 -
TCONS_00014594:341-1666  -            442 106466at6656         -            254   2.1e-08   32.8   5.2   4   5   0.00033     0.013   13.8   0.0     3    45   249   291   247   329 0.76 -
TCONS_00014594:341-1666  -            442 106466at6656         -            254   2.1e-08   32.8   5.2   5   5    0.0074      0.28    9.4   0.0     4    31   368   396   366   438 0.69 -
TCONS_00030851:247-672   -            142 106466at6656         -            254   3.6e-08   32.0   0.0   1   2    0.0003     0.011   14.0   0.0     4    35    13    44    10    50 0.85 -
TCONS_00030851:247-672   -            142 106466at6656         -            254   3.6e-08   32.0   0.0   2   2   3.8e-05    0.0015   16.9   0.0   192   218    47    73    43    76 0.90 -
TCONS_00001964:1096-1392 -             99 106466at6656         -            254   1.1e-07   30.4   0.2   1   2   1.6e-05    0.0006   18.2   0.0     9    51     6    49     1    57 0.59 -
TCONS_00001964:1096-1392 -             99 106466at6656         -            254   1.1e-07   30.4   0.2   2   2   6.4e-05    0.0025   16.2   0.0   186   211    28    53    27    84 0.84 -
TCONS_00005327:1468-1764 -             99 106466at6656         -            254   1.1e-07   30.4   0.2   1   2   1.6e-05    0.0006   18.2   0.0     9    51     6    49     1    57 0.59 -
TCONS_00005327:1468-1764 -             99 106466at6656         -            254   1.1e-07   30.4   0.2   2   2   6.4e-05    0.0025   16.2   0.0   186   211    28    53    27    84 0.84 -
TCONS_00007390:1675-1971 -             99 106466at6656         -            254   1.1e-07   30.4   0.2   1   2   1.6e-05    0.0006   18.2   0.0     9    51     6    49     1    57 0.59 -
TCONS_00007390:1675-1971 -             99 106466at6656         -            254   1.1e-07   30.4   0.2   2   2   6.4e-05    0.0025   16.2   0.0   186   211    28    53    27    84 0.84 -
TCONS_00007391:2075-2371 -             99 106466at6656         -            254   1.1e-07   30.4   0.2   1   2   1.6e-05    0.0006   18.2   0.0     9    51     6    49     1    57 0.59 -
TCONS_00007391:2075-2371 -             99 106466at6656         -            254   1.1e-07   30.4   0.2   2   2   6.4e-05    0.0025   16.2   0.0   186   211    28    53    27    84 0.84 -
TCONS_00007394:1293-1589 -             99 106466at6656         -            254   1.1e-07   30.4   0.2   1   2   1.6e-05    0.0006   18.2   0.0     9    51     6    49     1    57 0.59 -
TCONS_00007394:1293-1589 -             99 106466at6656         -            254   1.1e-07   30.4   0.2   2   2   6.4e-05    0.0025   16.2   0.0   186   211    28    53    27    84 0.84 -
TCONS_00007395:437-733   -             99 106466at6656         -            254   1.1e-07   30.4   0.2   1   2   1.6e-05    0.0006   18.2   0.0     9    51     6    49     1    57 0.59 -
TCONS_00007395:437-733   -             99 106466at6656         -            254   1.1e-07   30.4   0.2   2   2   6.4e-05    0.0025   16.2   0.0   186   211    28    53    27    84 0.84 -
TCONS_00008722:939-1235  -             99 106466at6656         -            254   1.1e-07   30.4   0.2   1   2   1.6e-05    0.0006   18.2   0.0     9    51     6    49     1    57 0.59 -
TCONS_00008722:939-1235  -             99 106466at6656         -            254   1.1e-07   30.4   0.2   2   2   6.4e-05    0.0025   16.2   0.0   186   211    28    53    27    84 0.84 -
TCONS_00010389:1703-1999 -             99 106466at6656         -            254   1.1e-07   30.4   0.2   1   2   1.6e-05    0.0006   18.2   0.0     9    51     6    49     1    57 0.59 -
TCONS_00010389:1703-1999 -             99 106466at6656         -            254   1.1e-07   30.4   0.2   2   2   6.4e-05    0.0025   16.2   0.0   186   211    28    53    27    84 0.84 -
TCONS_00012685:1723-2019 -             99 106466at6656         -            254   1.1e-07   30.4   0.2   1   2   1.6e-05    0.0006   18.2   0.0     9    51     6    49     1    57 0.59 -
TCONS_00012685:1723-2019 -             99 106466at6656         -            254   1.1e-07   30.4   0.2   2   2   6.4e-05    0.0025   16.2   0.0   186   211    28    53    27    84 0.84 -
TCONS_00043068:1919-2182 -             88 106466at6656         -            254   1.2e-07   30.3   0.0   1   1   3.5e-09   1.3e-07   30.1   0.0     6    52     3    52     1    76 0.75 -
TCONS_00043069:2143-2406 -             88 106466at6656         -            254   1.2e-07   30.3   0.0   1   1   3.5e-09   1.3e-07   30.1   0.0     6    52     3    52     1    76 0.75 -
TCONS_00043073:1284-1547 -             88 106466at6656         -            254   1.2e-07   30.3   0.0   1   1   3.5e-09   1.3e-07   30.1   0.0     6    52     3    52     1    76 0.75 -
TCONS_00044825:1905-2168 -             88 106466at6656         -            254   1.2e-07   30.3   0.0   1   1   3.5e-09   1.3e-07   30.1   0.0     6    52     3    52     1    76 0.75 -
TCONS_00044828:1284-1547 -             88 106466at6656         -            254   1.2e-07   30.3   0.0   1   1   3.5e-09   1.3e-07   30.1   0.0     6    52     3    52     1    76 0.75 -
TCONS_00046737:2014-2277 -             88 106466at6656         -            254   1.2e-07   30.3   0.0   1   1   3.5e-09   1.3e-07   30.1   0.0     6    52     3    52     1    76 0.75 -
TCONS_00048284:2873-3136 -             88 106466at6656         -            254   1.2e-07   30.3   0.0   1   1   3.5e-09   1.3e-07   30.1   0.0     6    52     3    52     1    76 0.75 -
TCONS_00048285:2252-2515 -             88 106466at6656         -            254   1.2e-07   30.3   0.0   1   1   3.5e-09   1.3e-07   30.1   0.0     6    52     3    52     1    76 0.75 -
TCONS_00048286:1604-1867 -             88 106466at6656         -            254   1.2e-07   30.3   0.0   1   1   3.5e-09   1.3e-07   30.1   0.0     6    52     3    52     1    76 0.75 -
TCONS_00048287:2336-2599 -             88 106466at6656         -            254   1.2e-07   30.3   0.0   1   1   3.5e-09   1.3e-07   30.1   0.0     6    52     3    52     1    76 0.75 -
TCONS_00049140:2143-2406 -             88 106466at6656         -            254   1.2e-07   30.3   0.0   1   1   3.5e-09   1.3e-07   30.1   0.0     6    52     3    52     1    76 0.75 -
TCONS_00049141:2844-3107 -             88 106466at6656         -            254   1.2e-07   30.3   0.0   1   1   3.5e-09   1.3e-07   30.1   0.0     6    52     3    52     1    76 0.75 -
TCONS_00049142:2180-2443 -             88 106466at6656         -            254   1.2e-07   30.3   0.0   1   1   3.5e-09   1.3e-07   30.1   0.0     6    52     3    52     1    76 0.75 -
TCONS_00049143:2346-2609 -             88 106466at6656         -            254   1.2e-07   30.3   0.0   1   1   3.5e-09   1.3e-07   30.1   0.0     6    52     3    52     1    76 0.75 -
TCONS_00049506:1621-1884 -             88 106466at6656         -            254   1.2e-07   30.3   0.0   1   1   3.5e-09   1.3e-07   30.1   0.0     6    52     3    52     1    76 0.75 -
TCONS_00049505:2833-3099 -             89 106466at6656         -            254   1.2e-07   30.3   0.0   1   1   3.4e-09   1.3e-07   30.2   0.0     6    52     3    52     1    79 0.76 -
TCONS_00045935:2007-2303 -             99 106466at6656         -            254   1.6e-07   29.9   0.0   1   1     5e-09   1.9e-07   29.6   0.0     6    52     3    52     1    76 0.75 -
TCONS_00016420:69-446    -            126 106466at6656         -            254   2.1e-07   29.5   0.1   1   1   6.7e-09   2.5e-07   29.2   0.1     4    74    21   100    18   125 0.70 -
TCONS_00016234:282-554   -             91 106466at6656         -            254   2.1e-07   29.5   0.0   1   1   5.6e-09   2.1e-07   29.5   0.0     5    53     2    52     1    90 0.75 -
TCONS_00022245:282-554   -             91 106466at6656         -            254   2.1e-07   29.5   0.0   1   1   5.6e-09   2.1e-07   29.5   0.0     5    53     2    52     1    90 0.75 -
TCONS_00023432:282-554   -             91 106466at6656         -            254   2.1e-07   29.5   0.0   1   1   5.6e-09   2.1e-07   29.5   0.0     5    53     2    52     1    90 0.75 -
TCONS_00059313:160-327   -             56 106466at6656         -            254   8.1e-07   27.6   0.0   1   1   2.4e-08   9.2e-07   27.4   0.0    81   127     1    50     1    55 0.84 -
TCONS_00062244:348-515   -             56 106466at6656         -            254   8.1e-07   27.6   0.0   1   1   2.4e-08   9.2e-07   27.4   0.0    81   127     1    50     1    55 0.84 -
TCONS_00046168:178-402   -             75 106466at6656         -            254   1.6e-06   26.6   0.0   1   1   8.5e-08   3.2e-06   25.6   0.0     6    51     6    53     3    69 0.77 -
TCONS_00059814:1045-1197 -             51 106466at6656         -            254   1.7e-06   26.5   0.2   1   1   4.5e-08   1.7e-06   26.5   0.2     6    49     3    48     1    51 0.87 -
TCONS_00060651:1045-1197 -             51 106466at6656         -            254   1.7e-06   26.5   0.2   1   1   4.5e-08   1.7e-06   26.5   0.2     6    49     3    48     1    51 0.87 -
TCONS_00063638:1045-1197 -             51 106466at6656         -            254   1.7e-06   26.5   0.2   1   1   4.5e-08   1.7e-06   26.5   0.2     6    49     3    48     1    51 0.87 -
TCONS_00063639:900-1052  -             51 106466at6656         -            254   1.7e-06   26.5   0.2   1   1   4.5e-08   1.7e-06   26.5   0.2     6    49     3    48     1    51 0.87 -
TCONS_00042115:1741-1968 -             76 106466at6656         -            254   1.8e-06   26.5   0.0   1   2    0.0035      0.13   10.5   0.0     4    36     5    37     3    43 0.90 -
TCONS_00042115:1741-1968 -             76 106466at6656         -            254   1.8e-06   26.5   0.0   2   2   7.1e-06   0.00027   19.3   0.0   186   218    32    65    31    68 0.90 -
TCONS_00044982:2063-2290 -             76 106466at6656         -            254   1.8e-06   26.5   0.0   1   2    0.0035      0.13   10.5   0.0     4    36     5    37     3    43 0.90 -
TCONS_00044982:2063-2290 -             76 106466at6656         -            254   1.8e-06   26.5   0.0   2   2   7.1e-06   0.00027   19.3   0.0   186   218    32    65    31    68 0.90 -
TCONS_00048780:1981-2208 -             76 106466at6656         -            254   1.8e-06   26.5   0.0   1   2    0.0035      0.13   10.5   0.0     4    36     5    37     3    43 0.90 -
TCONS_00048780:1981-2208 -             76 106466at6656         -            254   1.8e-06   26.5   0.0   2   2   7.1e-06   0.00027   19.3   0.0   186   218    32    65    31    68 0.90 -
TCONS_00016933:1031-1288 -             86 106466at6656         -            254   1.8e-06   26.4   0.3   1   1     6e-07   2.3e-05   22.8   0.3    12    69    14    83     6    85 0.74 -
TCONS_00013989:1228-1602 -            125 106466at6656         -            254   1.8e-06   26.4   0.0   1   3       0.6        23    3.2   0.0     8    34     9    35     2    38 0.84 -
TCONS_00013989:1228-1602 -            125 106466at6656         -            254   1.8e-06   26.4   0.0   2   3   1.1e-05    0.0004   18.7   0.0   183   219    29    66    13    71 0.86 -
TCONS_00013989:1228-1602 -            125 106466at6656         -            254   1.8e-06   26.4   0.0   3   3      0.33        13    4.0   0.0     2    40    84   123    83   125 0.85 -
TCONS_00013991:2182-2556 -            125 106466at6656         -            254   1.8e-06   26.4   0.0   1   3       0.6        23    3.2   0.0     8    34     9    35     2    38 0.84 -
TCONS_00013991:2182-2556 -            125 106466at6656         -            254   1.8e-06   26.4   0.0   2   3   1.1e-05    0.0004   18.7   0.0   183   219    29    66    13    71 0.86 -
TCONS_00013991:2182-2556 -            125 106466at6656         -            254   1.8e-06   26.4   0.0   3   3      0.33        13    4.0   0.0     2    40    84   123    83   125 0.85 -
TCONS_00017613:1359-1733 -            125 106466at6656         -            254   1.8e-06   26.4   0.0   1   3       0.6        23    3.2   0.0     8    34     9    35     2    38 0.84 -
TCONS_00017613:1359-1733 -            125 106466at6656         -            254   1.8e-06   26.4   0.0   2   3   1.1e-05    0.0004   18.7   0.0   183   219    29    66    13    71 0.86 -
TCONS_00017613:1359-1733 -            125 106466at6656         -            254   1.8e-06   26.4   0.0   3   3      0.33        13    4.0   0.0     2    40    84   123    83   125 0.85 -
TCONS_00017617:2931-3305 -            125 106466at6656         -            254   1.8e-06   26.4   0.0   1   3       0.6        23    3.2   0.0     8    34     9    35     2    38 0.84 -
TCONS_00017617:2931-3305 -            125 106466at6656         -            254   1.8e-06   26.4   0.0   2   3   1.1e-05    0.0004   18.7   0.0   183   219    29    66    13    71 0.86 -
TCONS_00017617:2931-3305 -            125 106466at6656         -            254   1.8e-06   26.4   0.0   3   3      0.33        13    4.0   0.0     2    40    84   123    83   125 0.85 -
TCONS_00018523:985-1359  -            125 106466at6656         -            254   1.8e-06   26.4   0.0   1   3       0.6        23    3.2   0.0     8    34     9    35     2    38 0.84 -
TCONS_00018523:985-1359  -            125 106466at6656         -            254   1.8e-06   26.4   0.0   2   3   1.1e-05    0.0004   18.7   0.0   183   219    29    66    13    71 0.86 -
TCONS_00018523:985-1359  -            125 106466at6656         -            254   1.8e-06   26.4   0.0   3   3      0.33        13    4.0   0.0     2    40    84   123    83   125 0.85 -
TCONS_00018524:1273-1647 -            125 106466at6656         -            254   1.8e-06   26.4   0.0   1   3       0.6        23    3.2   0.0     8    34     9    35     2    38 0.84 -
TCONS_00018524:1273-1647 -            125 106466at6656         -            254   1.8e-06   26.4   0.0   2   3   1.1e-05    0.0004   18.7   0.0   183   219    29    66    13    71 0.86 -
TCONS_00018524:1273-1647 -            125 106466at6656         -            254   1.8e-06   26.4   0.0   3   3      0.33        13    4.0   0.0     2    40    84   123    83   125 0.85 -
TCONS_00018525:732-1106  -            125 106466at6656         -            254   1.8e-06   26.4   0.0   1   3       0.6        23    3.2   0.0     8    34     9    35     2    38 0.84 -
TCONS_00018525:732-1106  -            125 106466at6656         -            254   1.8e-06   26.4   0.0   2   3   1.1e-05    0.0004   18.7   0.0   183   219    29    66    13    71 0.86 -
TCONS_00018525:732-1106  -            125 106466at6656         -            254   1.8e-06   26.4   0.0   3   3      0.33        13    4.0   0.0     2    40    84   123    83   125 0.85 -
TCONS_00018527:1383-1757 -            125 106466at6656         -            254   1.8e-06   26.4   0.0   1   3       0.6        23    3.2   0.0     8    34     9    35     2    38 0.84 -
TCONS_00018527:1383-1757 -            125 106466at6656         -            254   1.8e-06   26.4   0.0   2   3   1.1e-05    0.0004   18.7   0.0   183   219    29    66    13    71 0.86 -
TCONS_00018527:1383-1757 -            125 106466at6656         -            254   1.8e-06   26.4   0.0   3   3      0.33        13    4.0   0.0     2    40    84   123    83   125 0.85 -
TCONS_00021240:1012-1386 -            125 106466at6656         -            254   1.8e-06   26.4   0.0   1   3       0.6        23    3.2   0.0     8    34     9    35     2    38 0.84 -
TCONS_00021240:1012-1386 -            125 106466at6656         -            254   1.8e-06   26.4   0.0   2   3   1.1e-05    0.0004   18.7   0.0   183   219    29    66    13    71 0.86 -
TCONS_00021240:1012-1386 -            125 106466at6656         -            254   1.8e-06   26.4   0.0   3   3      0.33        13    4.0   0.0     2    40    84   123    83   125 0.85 -
TCONS_00021241:1339-1713 -            125 106466at6656         -            254   1.8e-06   26.4   0.0   1   3       0.6        23    3.2   0.0     8    34     9    35     2    38 0.84 -
TCONS_00021241:1339-1713 -            125 106466at6656         -            254   1.8e-06   26.4   0.0   2   3   1.1e-05    0.0004   18.7   0.0   183   219    29    66    13    71 0.86 -
TCONS_00021241:1339-1713 -            125 106466at6656         -            254   1.8e-06   26.4   0.0   3   3      0.33        13    4.0   0.0     2    40    84   123    83   125 0.85 -
TCONS_00021243:652-1026  -            125 106466at6656         -            254   1.8e-06   26.4   0.0   1   3       0.6        23    3.2   0.0     8    34     9    35     2    38 0.84 -
TCONS_00021243:652-1026  -            125 106466at6656         -            254   1.8e-06   26.4   0.0   2   3   1.1e-05    0.0004   18.7   0.0   183   219    29    66    13    71 0.86 -
TCONS_00021243:652-1026  -            125 106466at6656         -            254   1.8e-06   26.4   0.0   3   3      0.33        13    4.0   0.0     2    40    84   123    83   125 0.85 -
TCONS_00026334:1170-1544 -            125 106466at6656         -            254   1.8e-06   26.4   0.0   1   3       0.6        23    3.2   0.0     8    34     9    35     2    38 0.84 -
TCONS_00026334:1170-1544 -            125 106466at6656         -            254   1.8e-06   26.4   0.0   2   3   1.1e-05    0.0004   18.7   0.0   183   219    29    66    13    71 0.86 -
TCONS_00026334:1170-1544 -            125 106466at6656         -            254   1.8e-06   26.4   0.0   3   3      0.33        13    4.0   0.0     2    40    84   123    83   125 0.85 -
TCONS_00041504:204-413   -             70 106466at6656         -            254   2.4e-06   26.0   0.0   1   1   1.2e-07   4.6e-06   25.1   0.0     6    51     1    48     1    64 0.77 -
TCONS_00044062:204-413   -             70 106466at6656         -            254   2.4e-06   26.0   0.0   1   1   1.2e-07   4.6e-06   25.1   0.0     6    51     1    48     1    64 0.77 -
TCONS_00049337:204-413   -             70 106466at6656         -            254   2.4e-06   26.0   0.0   1   1   1.2e-07   4.6e-06   25.1   0.0     6    51     1    48     1    64 0.77 -
TCONS_00013992:550-780   -             77 106466at6656         -            254   2.7e-06   25.9   0.0   1   2      0.23       8.6    4.6   0.0     8    35     9    36     3    39 0.85 -
TCONS_00013992:550-780   -             77 106466at6656         -            254   2.7e-06   25.9   0.0   2   2   6.8e-07   2.6e-05   22.7   0.0   184   219    30    66    24    69 0.86 -
TCONS_00028629:1319-1549 -             77 106466at6656         -            254   2.7e-06   25.9   0.0   1   2      0.23       8.6    4.6   0.0     8    35     9    36     3    39 0.85 -
TCONS_00028629:1319-1549 -             77 106466at6656         -            254   2.7e-06   25.9   0.0   2   2   6.8e-07   2.6e-05   22.7   0.0   184   219    30    66    24    69 0.86 -
TCONS_00028203:523-1485  -            321 106466at6656         -            254   3.3e-06   25.6   0.1   1   3       0.2       7.6    4.7   0.0     3    25     1    23     1    33 0.89 -
TCONS_00028203:523-1485  -            321 106466at6656         -            254   3.3e-06   25.6   0.1   2   3    0.0037      0.14   10.4   0.0    80   138   115   176   109   206 0.68 -
TCONS_00028203:523-1485  -            321 106466at6656         -            254   3.3e-06   25.6   0.1   3   3     0.066       2.5    6.3   0.0    16    60   247   300   239   318 0.74 -
TCONS_00013888:1126-1344 -             73 106466at6656         -            254     4e-06   25.3   0.0   1   1   2.1e-07   8.2e-06   24.3   0.0     4    51     1    50     1    64 0.74 -
TCONS_00025159:803-1021  -             73 106466at6656         -            254     4e-06   25.3   0.0   1   1   2.1e-07   8.2e-06   24.3   0.0     4    51     1    50     1    64 0.74 -
TCONS_00016328:147-428   -             94 106466at6656         -            254   4.1e-06   25.3   0.0   1   1   1.4e-07   5.2e-06   24.9   0.0     3    52    16    67    14    92 0.70 -
TCONS_00034857:997-1347  -            117 106466at6656         -            254   4.1e-06   25.3   0.0   1   1   2.6e-07   9.8e-06   24.0   0.0     3   122     7    52     5    81 0.60 -
TCONS_00037019:1099-1449 -            117 106466at6656         -            254   4.1e-06   25.3   0.0   1   1   2.6e-07   9.8e-06   24.0   0.0     3   122     7    52     5    81 0.60 -
TCONS_00037648:490-840   -            117 106466at6656         -            254   4.1e-06   25.3   0.0   1   1   2.6e-07   9.8e-06   24.0   0.0     3   122     7    52     5    81 0.60 -
TCONS_00039308:1025-1375 -            117 106466at6656         -            254   4.1e-06   25.3   0.0   1   1   2.6e-07   9.8e-06   24.0   0.0     3   122     7    52     5    81 0.60 -
TCONS_00002480:500-742   -             81 106466at6656         -            254   4.9e-06   25.0   0.0   1   1   1.4e-07   5.2e-06   24.9   0.0     5   127     2    50     1    79 0.60 -
TCONS_00002479:477-668   -             64 106466at6656         -            254   4.9e-06   25.0   0.0   1   1   1.4e-07   5.2e-06   24.9   0.0     5    51     2    50     1    62 0.74 -
TCONS_00013553:517-708   -             64 106466at6656         -            254   4.9e-06   25.0   0.0   1   1   1.4e-07   5.2e-06   24.9   0.0     5    51     2    50     1    62 0.74 -
TCONS_00014850:419-820   -            134 106466at6656         -            254   5.2e-06   24.9   0.1   1   1   1.7e-05   0.00063   18.1   0.1     4   106     2   124     1   133 0.54 -
TCONS_00024248:526-927   -            134 106466at6656         -            254   5.2e-06   24.9   0.1   1   1   1.7e-05   0.00063   18.1   0.1     4   106     2   124     1   133 0.54 -
TCONS_00014848:406-807   -            134 106466at6656         -            254   5.5e-06   24.9   0.1   1   1   1.1e-05   0.00041   18.7   0.1     4   109     2   127     1   133 0.59 -
TCONS_00016234:555-701   -             49 106466at6656         -            254   6.6e-06   24.6   0.1   1   1   1.7e-07   6.6e-06   24.6   0.1    12    48     9    47     1    49 0.80 -
TCONS_00022245:555-701   -             49 106466at6656         -            254   6.6e-06   24.6   0.1   1   1   1.7e-07   6.6e-06   24.6   0.1    12    48     9    47     1    49 0.80 -
TCONS_00023432:555-701   -             49 106466at6656         -            254   6.6e-06   24.6   0.1   1   1   1.7e-07   6.6e-06   24.6   0.1    12    48     9    47     1    49 0.80 -
TCONS_00028794:153-1310  -            386 106466at6656         -            254   8.9e-06   24.2   0.0   1   1   4.5e-07   1.7e-05   23.2   0.0     4    59   235   286   233   317 0.78 -
TCONS_00015541:172-1494  -            441 106466at6656         -            254   1.1e-05   23.8   0.0   1   1   5.5e-07   2.1e-05   22.9   0.0     4    59   235   286   233   317 0.78 -
TCONS_00058854:405-893   -            163 106466at6656         -            254   1.2e-05   23.7   0.0   1   1     1e-06     4e-05   22.0   0.0     4    51    36    85    33    94 0.82 -
TCONS_00064439:532-1020  -            163 106466at6656         -            254   1.2e-05   23.7   0.0   1   1     1e-06     4e-05   22.0   0.0     4    51    36    85    33    94 0.82 -
TCONS_00002331:340-597   -             86 106466at6656         -            254     2e-05   23.0   0.1   1   1   9.7e-07   3.7e-05   22.1   0.1     5    69     4    80     2    84 0.75 -
TCONS_00043068:2972-3208 -             79 106466at6656         -            254   2.8e-05   22.5   0.0   1   1   8.5e-07   3.2e-05   22.3   0.0    77   125     4    55     1    71 0.87 -
TCONS_00043069:3196-3432 -             79 106466at6656         -            254   2.8e-05   22.5   0.0   1   1   8.5e-07   3.2e-05   22.3   0.0    77   125     4    55     1    71 0.87 -
TCONS_00043073:2337-2573 -             79 106466at6656         -            254   2.8e-05   22.5   0.0   1   1   8.5e-07   3.2e-05   22.3   0.0    77   125     4    55     1    71 0.87 -
TCONS_00044825:2988-3224 -             79 106466at6656         -            254   2.8e-05   22.5   0.0   1   1   8.5e-07   3.2e-05   22.3   0.0    77   125     4    55     1    71 0.87 -
TCONS_00044828:2367-2603 -             79 106466at6656         -            254   2.8e-05   22.5   0.0   1   1   8.5e-07   3.2e-05   22.3   0.0    77   125     4    55     1    71 0.87 -
TCONS_00046737:3097-3333 -             79 106466at6656         -            254   2.8e-05   22.5   0.0   1   1   8.5e-07   3.2e-05   22.3   0.0    77   125     4    55     1    71 0.87 -
TCONS_00048284:3926-4162 -             79 106466at6656         -            254   2.8e-05   22.5   0.0   1   1   8.5e-07   3.2e-05   22.3   0.0    77   125     4    55     1    71 0.87 -
TCONS_00048285:3305-3541 -             79 106466at6656         -            254   2.8e-05   22.5   0.0   1   1   8.5e-07   3.2e-05   22.3   0.0    77   125     4    55     1    71 0.87 -
TCONS_00048287:3389-3625 -             79 106466at6656         -            254   2.8e-05   22.5   0.0   1   1   8.5e-07   3.2e-05   22.3   0.0    77   125     4    55     1    71 0.87 -
TCONS_00049140:3226-3462 -             79 106466at6656         -            254   2.8e-05   22.5   0.0   1   1   8.5e-07   3.2e-05   22.3   0.0    77   125     4    55     1    71 0.87 -
TCONS_00049141:3927-4163 -             79 106466at6656         -            254   2.8e-05   22.5   0.0   1   1   8.5e-07   3.2e-05   22.3   0.0    77   125     4    55     1    71 0.87 -
TCONS_00049142:3263-3499 -             79 106466at6656         -            254   2.8e-05   22.5   0.0   1   1   8.5e-07   3.2e-05   22.3   0.0    77   125     4    55     1    71 0.87 -
TCONS_00049143:3429-3665 -             79 106466at6656         -            254   2.8e-05   22.5   0.0   1   1   8.5e-07   3.2e-05   22.3   0.0    77   125     4    55     1    71 0.87 -
TCONS_00049506:2674-2910 -             79 106466at6656         -            254   2.8e-05   22.5   0.0   1   1   8.5e-07   3.2e-05   22.3   0.0    77   125     4    55     1    71 0.87 -
TCONS_00041685:705-995   -             97 106466at6656         -            254   3.2e-05   22.3   0.0   1   1   1.9e-06   7.3e-05   21.2   0.0   185   218    52    86    48    95 0.87 -
TCONS_00040606:1712-1990 -             93 106466at6656         -            254   4.2e-05   22.0   0.0   1   2       6.8   2.6e+02   -0.3   0.0     3    33    31    61    30    63 0.79 -
TCONS_00040606:1712-1990 -             93 106466at6656         -            254   4.2e-05   22.0   0.0   2   2   1.8e-06   6.8e-05   21.3   0.0   185   217    58    91    39    93 0.88 -
TCONS_00043397:1721-1999 -             93 106466at6656         -            254   4.2e-05   22.0   0.0   1   2       6.8   2.6e+02   -0.3   0.0     3    33    31    61    30    63 0.79 -
TCONS_00043397:1721-1999 -             93 106466at6656         -            254   4.2e-05   22.0   0.0   2   2   1.8e-06   6.8e-05   21.3   0.0   185   217    58    91    39    93 0.88 -
TCONS_00031508:329-547   -             73 106466at6656         -            254   6.1e-05   21.4   0.0   1   1   2.2e-06   8.3e-05   21.0   0.0     5    51     2    50     1    67 0.61 -
TCONS_00059158:1219-3468 -            750 106466at6656         -            254   0.00024   19.5   0.0   1   1     1e-05    0.0004   18.8   0.0     3    40   651   688   649   708 0.91 -
TCONS_00060652:1219-3468 -            750 106466at6656         -            254   0.00024   19.5   0.0   1   1     1e-05    0.0004   18.8   0.0     3    40   651   688   649   708 0.91 -
TCONS_00060653:1058-3307 -            750 106466at6656         -            254   0.00024   19.5   0.0   1   1     1e-05    0.0004   18.8   0.0     3    40   651   688   649   708 0.91 -
TCONS_00041006:655-894   -             80 106466at6656         -            254   0.00026   19.3   0.0   1   1   1.3e-05   0.00048   18.5   0.0   162   211    23    71    15    75 0.79 -
TCONS_00043688:1505-1744 -             80 106466at6656         -            254   0.00026   19.3   0.0   1   1   1.3e-05   0.00048   18.5   0.0   162   211    23    71    15    75 0.79 -
TCONS_00045259:1153-1392 -             80 106466at6656         -            254   0.00026   19.3   0.0   1   1   1.3e-05   0.00048   18.5   0.0   162   211    23    71    15    75 0.79 -
TCONS_00045260:568-807   -             80 106466at6656         -            254   0.00026   19.3   0.0   1   1   1.3e-05   0.00048   18.5   0.0   162   211    23    71    15    75 0.79 -
TCONS_00002498:804-1013  -             70 106466at6656         -            254   0.00027   19.3   0.0   1   2       1.5        59    1.8   0.0    14    34     1    21     1    27 0.75 -
TCONS_00002498:804-1013  -             70 106466at6656         -            254   0.00027   19.3   0.0   2   2     4e-05    0.0015   16.8   0.0   188   236    21    69    17    70 0.76 -
TCONS_00002499:772-981   -             70 106466at6656         -            254   0.00027   19.3   0.0   1   2       1.5        59    1.8   0.0    14    34     1    21     1    27 0.75 -
TCONS_00002499:772-981   -             70 106466at6656         -            254   0.00027   19.3   0.0   2   2     4e-05    0.0015   16.8   0.0   188   236    21    69    17    70 0.76 -
TCONS_00004630:788-997   -             70 106466at6656         -            254   0.00027   19.3   0.0   1   2       1.5        59    1.8   0.0    14    34     1    21     1    27 0.75 -
TCONS_00004630:788-997   -             70 106466at6656         -            254   0.00027   19.3   0.0   2   2     4e-05    0.0015   16.8   0.0   188   236    21    69    17    70 0.76 -
TCONS_00005694:772-981   -             70 106466at6656         -            254   0.00027   19.3   0.0   1   2       1.5        59    1.8   0.0    14    34     1    21     1    27 0.75 -
TCONS_00005694:772-981   -             70 106466at6656         -            254   0.00027   19.3   0.0   2   2     4e-05    0.0015   16.8   0.0   188   236    21    69    17    70 0.76 -
TCONS_00017375:145-381   -             79 106466at6656         -            254    0.0005   18.4   0.0   1   2     0.018       0.7    8.1   0.0     2    33    14    45    13    47 0.91 -
TCONS_00017375:145-381   -             79 106466at6656         -            254    0.0005   18.4   0.0   2   2    0.0085      0.32    9.2   0.0   197   220    47    70    45    79 0.84 -
TCONS_00017378:150-386   -             79 106466at6656         -            254    0.0005   18.4   0.0   1   2     0.018       0.7    8.1   0.0     2    33    14    45    13    47 0.91 -
TCONS_00017378:150-386   -             79 106466at6656         -            254    0.0005   18.4   0.0   2   2    0.0085      0.32    9.2   0.0   197   220    47    70    45    79 0.84 -
TCONS_00017382:264-500   -             79 106466at6656         -            254    0.0005   18.4   0.0   1   2     0.018       0.7    8.1   0.0     2    33    14    45    13    47 0.91 -
TCONS_00017382:264-500   -             79 106466at6656         -            254    0.0005   18.4   0.0   2   2    0.0085      0.32    9.2   0.0   197   220    47    70    45    79 0.84 -
TCONS_00018355:150-386   -             79 106466at6656         -            254    0.0005   18.4   0.0   1   2     0.018       0.7    8.1   0.0     2    33    14    45    13    47 0.91 -
TCONS_00018355:150-386   -             79 106466at6656         -            254    0.0005   18.4   0.0   2   2    0.0085      0.32    9.2   0.0   197   220    47    70    45    79 0.84 -
TCONS_00023604:150-386   -             79 106466at6656         -            254    0.0005   18.4   0.0   1   2     0.018       0.7    8.1   0.0     2    33    14    45    13    47 0.91 -
TCONS_00023604:150-386   -             79 106466at6656         -            254    0.0005   18.4   0.0   2   2    0.0085      0.32    9.2   0.0   197   220    47    70    45    79 0.84 -
TCONS_00023606:150-386   -             79 106466at6656         -            254    0.0005   18.4   0.0   1   2     0.018       0.7    8.1   0.0     2    33    14    45    13    47 0.91 -
TCONS_00023606:150-386   -             79 106466at6656         -            254    0.0005   18.4   0.0   2   2    0.0085      0.32    9.2   0.0   197   220    47    70    45    79 0.84 -
TCONS_00003185:271-2640  -            790 106466at6656         -            254   0.00057   18.3   0.0   1   2   0.00034     0.013   13.8   0.0     5    50   308   354   304   370 0.80 -
TCONS_00003185:271-2640  -            790 106466at6656         -            254   0.00057   18.3   0.0   2   2       1.4        53    2.0   0.0     4    58   388   443   385   462 0.65 -
TCONS_00008955:1152-3521 -            790 106466at6656         -            254   0.00057   18.3   0.0   1   2   0.00034     0.013   13.8   0.0     5    50   308   354   304   370 0.80 -
TCONS_00008955:1152-3521 -            790 106466at6656         -            254   0.00057   18.3   0.0   2   2       1.4        53    2.0   0.0     4    58   388   443   385   462 0.65 -
TCONS_00012863:4514-6883 -            790 106466at6656         -            254   0.00057   18.3   0.0   1   2   0.00034     0.013   13.8   0.0     5    50   308   354   304   370 0.80 -
TCONS_00012863:4514-6883 -            790 106466at6656         -            254   0.00057   18.3   0.0   2   2       1.4        53    2.0   0.0     4    58   388   443   385   462 0.65 -
TCONS_00043074:1279-1494 -             72 106466at6656         -            254   0.00061   18.2   0.1   1   1   2.8e-05    0.0011   17.4   0.1    82   125     2    48     1    61 0.76 -
TCONS_00045937:1310-1525 -             72 106466at6656         -            254   0.00061   18.2   0.1   1   1   2.8e-05    0.0011   17.4   0.1    82   125     2    48     1    61 0.76 -
TCONS_00048288:1356-1571 -             72 106466at6656         -            254   0.00061   18.2   0.1   1   1   2.8e-05    0.0011   17.4   0.1    82   125     2    48     1    61 0.76 -
TCONS_00049144:1387-1602 -             72 106466at6656         -            254   0.00061   18.2   0.1   1   1   2.8e-05    0.0011   17.4   0.1    82   125     2    48     1    61 0.76 -
TCONS_00021239:1049-1201 -             51 106466at6656         -            254   0.00068   18.0   0.0   1   1   1.9e-05   0.00073   17.9   0.0    78   124     2    51     1    51 0.87 -
TCONS_00021242:652-804   -             51 106466at6656         -            254   0.00068   18.0   0.0   1   1   1.9e-05   0.00073   17.9   0.0    78   124     2    51     1    51 0.87 -
TCONS_00024001:550-702   -             51 106466at6656         -            254   0.00068   18.0   0.0   1   1   1.9e-05   0.00073   17.9   0.0    78   124     2    51     1    51 0.87 -
TCONS_00045481:482-697   -             72 106466at6656         -            254     0.001   17.4   0.0   1   1   2.8e-05    0.0011   17.4   0.0    94   138    15    59     3    72 0.81 -
TCONS_00017376:225-416   -             64 106466at6656         -            254    0.0014   16.9   0.0   1   2     0.076       2.9    6.1   0.0     6    33     3    30     1    32 0.88 -
TCONS_00017376:225-416   -             64 106466at6656         -            254    0.0014   16.9   0.0   2   2    0.0049      0.19   10.0   0.0   197   220    32    55    29    64 0.84 -
TCONS_00017385:225-416   -             64 106466at6656         -            254    0.0014   16.9   0.0   1   2     0.076       2.9    6.1   0.0     6    33     3    30     1    32 0.88 -
TCONS_00017385:225-416   -             64 106466at6656         -            254    0.0014   16.9   0.0   2   2    0.0049      0.19   10.0   0.0   197   220    32    55    29    64 0.84 -
TCONS_00024911:179-370   -             64 106466at6656         -            254    0.0014   16.9   0.0   1   2     0.076       2.9    6.1   0.0     6    33     3    30     1    32 0.88 -
TCONS_00024911:179-370   -             64 106466at6656         -            254    0.0014   16.9   0.0   2   2    0.0049      0.19   10.0   0.0   197   220    32    55    29    64 0.84 -
TCONS_00026011:225-416   -             64 106466at6656         -            254    0.0014   16.9   0.0   1   2     0.076       2.9    6.1   0.0     6    33     3    30     1    32 0.88 -
TCONS_00026011:225-416   -             64 106466at6656         -            254    0.0014   16.9   0.0   2   2    0.0049      0.19   10.0   0.0   197   220    32    55    29    64 0.84 -
TCONS_00028021:166-357   -             64 106466at6656         -            254    0.0014   16.9   0.0   1   2     0.076       2.9    6.1   0.0     6    33     3    30     1    32 0.88 -
TCONS_00028021:166-357   -             64 106466at6656         -            254    0.0014   16.9   0.0   2   2    0.0049      0.19   10.0   0.0   197   220    32    55    29    64 0.84 -
TCONS_00017614:1328-1651 -            108 106466at6656         -            254    0.0023   16.3   0.0   1   1   0.00011    0.0041   15.4   0.0     2    61    22    85    21   107 0.77 -
TCONS_00017616:872-1195  -            108 106466at6656         -            254    0.0023   16.3   0.0   1   1   0.00011    0.0041   15.4   0.0     2    61    22    85    21   107 0.77 -
TCONS_00018528:2811-3140 -            110 106466at6656         -            254    0.0024   16.2   0.0   1   1   0.00012    0.0044   15.3   0.0     2    61    24    87    23   109 0.77 -
TCONS_00021244:2811-3140 -            110 106466at6656         -            254    0.0024   16.2   0.0   1   1   0.00012    0.0044   15.3   0.0     2    61    24    87    23   109 0.77 -
TCONS_00023039:2801-3130 -            110 106466at6656         -            254    0.0024   16.2   0.0   1   1   0.00012    0.0044   15.3   0.0     2    61    24    87    23   109 0.77 -
TCONS_00024002:2811-3140 -            110 106466at6656         -            254    0.0024   16.2   0.0   1   1   0.00012    0.0044   15.3   0.0     2    61    24    87    23   109 0.77 -
TCONS_00004121:251-433   -             61 106466at6656         -            254    0.0024   16.2   0.0   1   1   0.00014    0.0053   15.1   0.0     6    51     3    45     1    57 0.86 -
TCONS_00004122:251-433   -             61 106466at6656         -            254    0.0024   16.2   0.0   1   1   0.00014    0.0053   15.1   0.0     6    51     3    45     1    57 0.86 -
TCONS_00006857:251-433   -             61 106466at6656         -            254    0.0024   16.2   0.0   1   1   0.00014    0.0053   15.1   0.0     6    51     3    45     1    57 0.86 -
TCONS_00006858:244-426   -             61 106466at6656         -            254    0.0024   16.2   0.0   1   1   0.00014    0.0053   15.1   0.0     6    51     3    45     1    57 0.86 -
TCONS_00009108:251-433   -             61 106466at6656         -            254    0.0024   16.2   0.0   1   1   0.00014    0.0053   15.1   0.0     6    51     3    45     1    57 0.86 -
TCONS_00009109:278-460   -             61 106466at6656         -            254    0.0024   16.2   0.0   1   1   0.00014    0.0053   15.1   0.0     6    51     3    45     1    57 0.86 -
TCONS_00011663:630-812   -             61 106466at6656         -            254    0.0024   16.2   0.0   1   1   0.00014    0.0053   15.1   0.0     6    51     3    45     1    57 0.86 -
TCONS_00030412:0-2132    -            711 106466at6656         -            254    0.0048   15.2   0.1   1   1   0.00025    0.0095   14.2   0.1    28   219   109   145    86   168 0.63 -
TCONS_00004500:138-1328  -            397 106466at6656         -            254    0.0055   15.0   0.1   1   1   0.00025    0.0094   14.3   0.1    74   126   298   355   291   388 0.68 -
TCONS_00043603:309-548   -             80 106466at6656         -            254    0.0063   14.8   0.0   1   1   0.00022    0.0082   14.5   0.0     2    61    16    77    15    78 0.82 -
TCONS_00040848:53-1810   -            586 106466at6656         -            254    0.0069   14.7   0.3   1   1   0.00054     0.021   13.1   0.0     4    53   121   172   118   183 0.83 -
TCONS_00040290:728-964   -             79 106466at6656         -            254      0.02   13.2   0.0   1   1   0.00056     0.021   13.1   0.0     7    57     4    61     1    67 0.72 -
#
# Program:         hmmsearch
# Version:         3.1b2 (February 2015)
# Pipeline mode:   SEARCH
# Query file:      /hpcdata/bcbb/homc/Barillaslab/Agam_hemo_transcriptomes/scripts/busco/busco_downloads/lineages/arthropoda_odb10/hmms/106466at6656.hmm
# Target file:     /hpcdata/bcbb/homc/Barillaslab/Agam_hemo_transcriptomes/scripts/busco/refguided_Agamhemo_BUSCO/run_arthropoda_odb10/metaeuk_output/initial_results/all_transcripts.comprehensive.v6.gffread.fa.modified.fas
# Option settings: hmmsearch --domtblout /hpcdata/bcbb/homc/Barillaslab/Agam_hemo_transcriptomes/scripts/busco/refguided_Agamhemo_BUSCO/run_arthropoda_odb10/hmmer_output/initial_run_results/106466at6656.out --cpu 1 /hpcdata/bcbb/homc/Barillaslab/Agam_hemo_transcriptomes/scripts/busco/busco_downloads/lineages/arthropoda_odb10/hmms/106466at6656.hmm /hpcdata/bcbb/homc/Barillaslab/Agam_hemo_transcriptomes/scripts/busco/refguided_Agamhemo_BUSCO/run_arthropoda_odb10/metaeuk_output/initial_results/all_transcripts.comprehensive.v6.gffread.fa.modified.fas 
# Current dir:     /hpcdata/bcbb/homc/Barillaslab/Agam_hemo_transcriptomes/scripts/busco
# Date:            Thu Feb  9 16:50:09 2023
# [ok]
