#                                                                                --- full sequence --- -------------- this domain -------------   hmm coord   ali coord   env coord
# target name            accession   tlen query name           accession   qlen   E-value  score  bias   #  of  c-Evalue  i-Evalue  score  bias  from    to  from    to  from    to  acc description of target
#    ------------------- ---------- ----- -------------------- ---------- ----- --------- ------ ----- --- --- --------- --------- ------ ----- ----- ----- ----- ----- ----- ----- ---- ---------------------
TCONS_00030662:94-1302   -            403 109174at6656         -            256   3.7e-55  186.1   0.3   1   1   2.5e-55     2e-53  180.5   0.3    16   244    42   321    16   328 0.81 -
TCONS_00035651:228-1391  -            388 109174at6656         -            256   5.8e-55  185.5   0.2   1   1   4.1e-55   3.3e-53  179.7   0.2    17   244    28   306    24   313 0.83 -
TCONS_00001889:85-1464   -            460 109174at6656         -            256   9.1e-06   24.3   0.2   1   3    0.0037       0.3    9.5   0.2   168   237   200   277   163   284 0.77 -
TCONS_00001889:85-1464   -            460 109174at6656         -            256   9.1e-06   24.3   0.2   2   3     0.036       2.9    6.2   0.0    84   116   284   317   278   326 0.86 -
TCONS_00001889:85-1464   -            460 109174at6656         -            256   9.1e-06   24.3   0.2   3   3     0.078       6.4    5.1   0.0    87   161   327   401   318   418 0.78 -
TCONS_00014249:1199-1999 -            267 109174at6656         -            256   1.1e-05   24.0   0.2   1   4     0.049         4    5.8   0.1    88   113    38    63     1    97 0.68 -
TCONS_00014249:1199-1999 -            267 109174at6656         -            256   1.1e-05   24.0   0.2   2   4      0.42        34    2.8   0.0   198   232   113   147    79   154 0.72 -
TCONS_00014249:1199-1999 -            267 109174at6656         -            256   1.1e-05   24.0   0.2   3   4     0.097       7.9    4.8   0.0    81   111   153   184   148   187 0.69 -
TCONS_00014249:1199-1999 -            267 109174at6656         -            256   1.1e-05   24.0   0.2   4   4      0.17        14    4.0   0.0    64    86   204   226   189   253 0.72 -
TCONS_00017687:1599-2399 -            267 109174at6656         -            256   1.1e-05   24.0   0.2   1   4     0.049         4    5.8   0.1    88   113    38    63     1    97 0.68 -
TCONS_00017687:1599-2399 -            267 109174at6656         -            256   1.1e-05   24.0   0.2   2   4      0.42        34    2.8   0.0   198   232   113   147    79   154 0.72 -
TCONS_00017687:1599-2399 -            267 109174at6656         -            256   1.1e-05   24.0   0.2   3   4     0.097       7.9    4.8   0.0    81   111   153   184   148   187 0.69 -
TCONS_00017687:1599-2399 -            267 109174at6656         -            256   1.1e-05   24.0   0.2   4   4      0.17        14    4.0   0.0    64    86   204   226   189   253 0.72 -
TCONS_00018729:1226-2026 -            267 109174at6656         -            256   1.1e-05   24.0   0.2   1   4     0.049         4    5.8   0.1    88   113    38    63     1    97 0.68 -
TCONS_00018729:1226-2026 -            267 109174at6656         -            256   1.1e-05   24.0   0.2   2   4      0.42        34    2.8   0.0   198   232   113   147    79   154 0.72 -
TCONS_00018729:1226-2026 -            267 109174at6656         -            256   1.1e-05   24.0   0.2   3   4     0.097       7.9    4.8   0.0    81   111   153   184   148   187 0.69 -
TCONS_00018729:1226-2026 -            267 109174at6656         -            256   1.1e-05   24.0   0.2   4   4      0.17        14    4.0   0.0    64    86   204   226   189   253 0.72 -
TCONS_00021387:1427-2227 -            267 109174at6656         -            256   1.1e-05   24.0   0.2   1   4     0.049         4    5.8   0.1    88   113    38    63     1    97 0.68 -
TCONS_00021387:1427-2227 -            267 109174at6656         -            256   1.1e-05   24.0   0.2   2   4      0.42        34    2.8   0.0   198   232   113   147    79   154 0.72 -
TCONS_00021387:1427-2227 -            267 109174at6656         -            256   1.1e-05   24.0   0.2   3   4     0.097       7.9    4.8   0.0    81   111   153   184   148   187 0.69 -
TCONS_00021387:1427-2227 -            267 109174at6656         -            256   1.1e-05   24.0   0.2   4   4      0.17        14    4.0   0.0    64    86   204   226   189   253 0.72 -
TCONS_00023706:1600-2400 -            267 109174at6656         -            256   1.1e-05   24.0   0.2   1   4     0.049         4    5.8   0.1    88   113    38    63     1    97 0.68 -
TCONS_00023706:1600-2400 -            267 109174at6656         -            256   1.1e-05   24.0   0.2   2   4      0.42        34    2.8   0.0   198   232   113   147    79   154 0.72 -
TCONS_00023706:1600-2400 -            267 109174at6656         -            256   1.1e-05   24.0   0.2   3   4     0.097       7.9    4.8   0.0    81   111   153   184   148   187 0.69 -
TCONS_00023706:1600-2400 -            267 109174at6656         -            256   1.1e-05   24.0   0.2   4   4      0.17        14    4.0   0.0    64    86   204   226   189   253 0.72 -
TCONS_00028120:3331-4131 -            267 109174at6656         -            256   1.1e-05   24.0   0.2   1   4     0.049         4    5.8   0.1    88   113    38    63     1    97 0.68 -
TCONS_00028120:3331-4131 -            267 109174at6656         -            256   1.1e-05   24.0   0.2   2   4      0.42        34    2.8   0.0   198   232   113   147    79   154 0.72 -
TCONS_00028120:3331-4131 -            267 109174at6656         -            256   1.1e-05   24.0   0.2   3   4     0.097       7.9    4.8   0.0    81   111   153   184   148   187 0.69 -
TCONS_00028120:3331-4131 -            267 109174at6656         -            256   1.1e-05   24.0   0.2   4   4      0.17        14    4.0   0.0    64    86   204   226   189   253 0.72 -
TCONS_00029155:1523-2323 -            267 109174at6656         -            256   1.1e-05   24.0   0.2   1   4     0.049         4    5.8   0.1    88   113    38    63     1    97 0.68 -
TCONS_00029155:1523-2323 -            267 109174at6656         -            256   1.1e-05   24.0   0.2   2   4      0.42        34    2.8   0.0   198   232   113   147    79   154 0.72 -
TCONS_00029155:1523-2323 -            267 109174at6656         -            256   1.1e-05   24.0   0.2   3   4     0.097       7.9    4.8   0.0    81   111   153   184   148   187 0.69 -
TCONS_00029155:1523-2323 -            267 109174at6656         -            256   1.1e-05   24.0   0.2   4   4      0.17        14    4.0   0.0    64    86   204   226   189   253 0.72 -
TCONS_00040244:151-1200  -            350 109174at6656         -            256   1.4e-05   23.7   0.1   1   4     0.042       3.5    6.0   0.0    45   113   113   179   112   188 0.86 -
TCONS_00040244:151-1200  -            350 109174at6656         -            256   1.4e-05   23.7   0.1   2   4     0.004      0.33    9.4   0.0    91   115   198   222   189   236 0.87 -
TCONS_00040244:151-1200  -            350 109174at6656         -            256   1.4e-05   23.7   0.1   3   4       1.9   1.5e+02    0.6   0.0   209   226   240   257   224   267 0.84 -
TCONS_00040244:151-1200  -            350 109174at6656         -            256   1.4e-05   23.7   0.1   4   4      0.81        66    1.8   0.0   214   234   295   315   288   349 0.71 -
TCONS_00040661:52-1389   -            446 109174at6656         -            256   2.2e-05   23.0   0.1   1   3       4.7   3.9e+02   -0.7   0.0    90   113    79   102    72   107 0.75 -
TCONS_00040661:52-1389   -            446 109174at6656         -            256   2.2e-05   23.0   0.1   2   3     1e-05   0.00082   17.9   0.0   133   241   201   327   178   333 0.73 -
TCONS_00040661:52-1389   -            446 109174at6656         -            256   2.2e-05   23.0   0.1   3   3      0.34        28    3.0   0.1    18    46   317   345   314   365 0.79 -
TCONS_00014424:1081-1887 -            269 109174at6656         -            256   2.6e-05   22.8   0.1   1   3    0.0049       0.4    9.1   0.0    90   110    14    34     3    39 0.89 -
TCONS_00014424:1081-1887 -            269 109174at6656         -            256   2.6e-05   22.8   0.1   2   3     0.018       1.5    7.2   0.0    92   113   101   122    90   200 0.87 -
TCONS_00014424:1081-1887 -            269 109174at6656         -            256   2.6e-05   22.8   0.1   3   3      0.64        52    2.2   0.0   147   163   188   204   130   258 0.64 -
TCONS_00042471:4636-5580 -            315 109174at6656         -            256   4.5e-05   22.0   0.2   1   4      0.78        63    1.9   0.0    58   109    18    42     4    49 0.57 -
TCONS_00042471:4636-5580 -            315 109174at6656         -            256   4.5e-05   22.0   0.2   2   4     0.072       5.9    5.2   0.0    88   109   166   187   104   193 0.69 -
TCONS_00042471:4636-5580 -            315 109174at6656         -            256   4.5e-05   22.0   0.2   3   4      0.02       1.6    7.1   0.0    53    93   250   292   241   293 0.84 -
TCONS_00042471:4636-5580 -            315 109174at6656         -            256   4.5e-05   22.0   0.2   4   4      0.29        24    3.2   0.0    55    79   291   315   288   315 0.91 -
TCONS_00042472:289-1233  -            315 109174at6656         -            256   4.5e-05   22.0   0.2   1   4      0.78        63    1.9   0.0    58   109    18    42     4    49 0.57 -
TCONS_00042472:289-1233  -            315 109174at6656         -            256   4.5e-05   22.0   0.2   2   4     0.072       5.9    5.2   0.0    88   109   166   187   104   193 0.69 -
TCONS_00042472:289-1233  -            315 109174at6656         -            256   4.5e-05   22.0   0.2   3   4      0.02       1.6    7.1   0.0    53    93   250   292   241   293 0.84 -
TCONS_00042472:289-1233  -            315 109174at6656         -            256   4.5e-05   22.0   0.2   4   4      0.29        24    3.2   0.0    55    79   291   315   288   315 0.91 -
TCONS_00044450:914-1858  -            315 109174at6656         -            256   4.5e-05   22.0   0.2   1   4      0.78        63    1.9   0.0    58   109    18    42     4    49 0.57 -
TCONS_00044450:914-1858  -            315 109174at6656         -            256   4.5e-05   22.0   0.2   2   4     0.072       5.9    5.2   0.0    88   109   166   187   104   193 0.69 -
TCONS_00044450:914-1858  -            315 109174at6656         -            256   4.5e-05   22.0   0.2   3   4      0.02       1.6    7.1   0.0    53    93   250   292   241   293 0.84 -
TCONS_00044450:914-1858  -            315 109174at6656         -            256   4.5e-05   22.0   0.2   4   4      0.29        24    3.2   0.0    55    79   291   315   288   315 0.91 -
TCONS_00040316:61-2454   -            798 109174at6656         -            256   4.6e-05   22.0   1.8   1   6      0.56        46    2.3   0.0    60    88    77   106    69   146 0.57 -
TCONS_00040316:61-2454   -            798 109174at6656         -            256   4.6e-05   22.0   1.8   2   6      0.24        19    3.5   0.0   180   235   176   236   163   246 0.74 -
TCONS_00040316:61-2454   -            798 109174at6656         -            256   4.6e-05   22.0   1.8   3   6      0.02       1.6    7.1   0.1    92   118   264   290   256   296 0.86 -
TCONS_00040316:61-2454   -            798 109174at6656         -            256   4.6e-05   22.0   1.8   4   6       7.6   6.2e+02   -1.4   0.0    89   110   355   376   352   383 0.84 -
TCONS_00040316:61-2454   -            798 109174at6656         -            256   4.6e-05   22.0   1.8   5   6       9.1   7.4e+02   -1.6   0.0    56    83   388   415   379   451 0.78 -
TCONS_00040316:61-2454   -            798 109174at6656         -            256   4.6e-05   22.0   1.8   6   6       8.5   6.9e+02   -1.5   0.0    89   107   495   513   475   521 0.77 -
TCONS_00015856:488-1360  -            291 109174at6656         -            256   0.00015   20.3   0.6   1   3     0.038       3.1    6.2   0.0    89   118    58    87    51    92 0.83 -
TCONS_00015856:488-1360  -            291 109174at6656         -            256   0.00015   20.3   0.6   2   3      0.45        37    2.6   0.0    89   114   147   174   135   184 0.79 -
TCONS_00015856:488-1360  -            291 109174at6656         -            256   0.00015   20.3   0.6   3   3      0.97        79    1.6   0.0   209   222   277   290   217   291 0.56 -
TCONS_00005805:695-2206  -            504 109174at6656         -            256   0.00017   20.2   1.3   1   5       2.6   2.1e+02    0.1   0.0    66   109   255   295   234   302 0.58 -
TCONS_00005805:695-2206  -            504 109174at6656         -            256   0.00017   20.2   1.3   2   5       4.2   3.4e+02   -0.5   0.0   208   234   318   344   308   354 0.86 -
TCONS_00005805:695-2206  -            504 109174at6656         -            256   0.00017   20.2   1.3   3   5     0.044       3.5    6.0   0.0    92   113   363   384   358   398 0.86 -
TCONS_00005805:695-2206  -            504 109174at6656         -            256   0.00017   20.2   1.3   4   5     0.072       5.9    5.2   0.0    13    69   421   477   416   484 0.82 -
TCONS_00005805:695-2206  -            504 109174at6656         -            256   0.00017   20.2   1.3   5   5      0.97        79    1.6   0.0   208   225   486   503   484   504 0.87 -
TCONS_00011884:477-1988  -            504 109174at6656         -            256   0.00017   20.2   1.3   1   5       2.6   2.1e+02    0.1   0.0    66   109   255   295   234   302 0.58 -
TCONS_00011884:477-1988  -            504 109174at6656         -            256   0.00017   20.2   1.3   2   5       4.2   3.4e+02   -0.5   0.0   208   234   318   344   308   354 0.86 -
TCONS_00011884:477-1988  -            504 109174at6656         -            256   0.00017   20.2   1.3   3   5     0.044       3.5    6.0   0.0    92   113   363   384   358   398 0.86 -
TCONS_00011884:477-1988  -            504 109174at6656         -            256   0.00017   20.2   1.3   4   5     0.072       5.9    5.2   0.0    13    69   421   477   416   484 0.82 -
TCONS_00011884:477-1988  -            504 109174at6656         -            256   0.00017   20.2   1.3   5   5      0.97        79    1.6   0.0   208   225   486   503   484   504 0.87 -
TCONS_00002615:583-1479  -            299 109174at6656         -            256   0.00035   19.1   0.2   1   3      0.54        44    2.4   0.0   133   159   123   151    83   173 0.64 -
TCONS_00002615:583-1479  -            299 109174at6656         -            256   0.00035   19.1   0.2   2   3     0.016       1.3    7.4   0.0    88   111   176   200   165   214 0.83 -
TCONS_00002615:583-1479  -            299 109174at6656         -            256   0.00035   19.1   0.2   3   3      0.18        15    3.9   0.0    88   111   222   245   213   247 0.88 -
TCONS_00016418:570-1115  -            182 109174at6656         -            256   0.00082   17.9   0.0   1   1   0.00022     0.018   13.5   0.0    89   228    19   173     4   180 0.59 -
TCONS_00059186:429-1025  -            199 109174at6656         -            256   0.00098   17.6   0.4   1   2       0.2        17    3.8   0.0    56    80    49    73    45    85 0.87 -
TCONS_00059186:429-1025  -            199 109174at6656         -            256   0.00098   17.6   0.4   2   2    0.0066      0.54    8.6   0.0   135   175    93   135    88   172 0.76 -
TCONS_00004080:123-1406  -            428 109174at6656         -            256    0.0012   17.4   0.2   1   4       2.1   1.7e+02    0.5   0.1    58    87   116   144   110   200 0.66 -
TCONS_00004080:123-1406  -            428 109174at6656         -            256    0.0012   17.4   0.2   2   4     0.015       1.2    7.5   0.0    90   157   211   289   204   292 0.64 -
TCONS_00004080:123-1406  -            428 109174at6656         -            256    0.0012   17.4   0.2   3   4       6.8   5.6e+02   -1.2   0.0   143   160   316   333   306   349 0.62 -
TCONS_00004080:123-1406  -            428 109174at6656         -            256    0.0012   17.4   0.2   4   4      0.23        19    3.6   0.0    88   115   357   385   334   394 0.88 -
TCONS_00013858:109-2517  -            803 109174at6656         -            256    0.0013   17.2   0.3   1   3       0.2        16    3.8   0.0   148   207    97   158     4   162 0.60 -
TCONS_00013858:109-2517  -            803 109174at6656         -            256    0.0013   17.2   0.3   2   3      0.61        50    2.2   0.0   131   167   154   192   118   198 0.52 -
TCONS_00013858:109-2517  -            803 109174at6656         -            256    0.0013   17.2   0.3   3   3    0.0085      0.69    8.3   0.0    89   179   207   298   203   309 0.74 -
TCONS_00019468:1654-2457 -            268 109174at6656         -            256    0.0015   17.0   0.0   1   4       3.4   2.8e+02   -0.2   0.0    91   109     5    22     2    29 0.76 -
TCONS_00019468:1654-2457 -            268 109174at6656         -            256    0.0015   17.0   0.0   2   4     0.033       2.7    6.4   0.0    87   113    46    72    36    80 0.80 -
TCONS_00019468:1654-2457 -            268 109174at6656         -            256    0.0015   17.0   0.0   3   4      0.83        67    1.8   0.0    92   109   137   154    88   166 0.57 -
TCONS_00019468:1654-2457 -            268 109174at6656         -            256    0.0015   17.0   0.0   4   4      0.65        53    2.1   0.0    91   120   218   247   176   259 0.80 -
TCONS_00025540:1147-1950 -            268 109174at6656         -            256    0.0015   17.0   0.0   1   4       3.4   2.8e+02   -0.2   0.0    91   109     5    22     2    29 0.76 -
TCONS_00025540:1147-1950 -            268 109174at6656         -            256    0.0015   17.0   0.0   2   4     0.033       2.7    6.4   0.0    87   113    46    72    36    80 0.80 -
TCONS_00025540:1147-1950 -            268 109174at6656         -            256    0.0015   17.0   0.0   3   4      0.83        67    1.8   0.0    92   109   137   154    88   166 0.57 -
TCONS_00025540:1147-1950 -            268 109174at6656         -            256    0.0015   17.0   0.0   4   4      0.65        53    2.1   0.0    91   120   218   247   176   259 0.80 -
TCONS_00002804:378-977   -            200 109174at6656         -            256    0.0021   16.6   0.1   1   1   9.6e-05    0.0078   14.7   0.1   196   234   113   153    77   159 0.69 -
TCONS_00029576:1820-2569 -            250 109174at6656         -            256    0.0023   16.4   0.0   1   3     0.025       2.1    6.7   0.0    86   115    20    49     9    56 0.80 -
TCONS_00029576:1820-2569 -            250 109174at6656         -            256    0.0023   16.4   0.0   2   3      0.42        34    2.8   0.0    90   109   110   129    62   143 0.49 -
TCONS_00029576:1820-2569 -            250 109174at6656         -            256    0.0023   16.4   0.0   3   3      0.69        57    2.0   0.0    91   119   193   221   155   244 0.83 -
TCONS_00032213:1784-2533 -            250 109174at6656         -            256    0.0023   16.4   0.0   1   3     0.025       2.1    6.7   0.0    86   115    20    49     9    56 0.80 -
TCONS_00032213:1784-2533 -            250 109174at6656         -            256    0.0023   16.4   0.0   2   3      0.42        34    2.8   0.0    90   109   110   129    62   143 0.49 -
TCONS_00032213:1784-2533 -            250 109174at6656         -            256    0.0023   16.4   0.0   3   3      0.69        57    2.0   0.0    91   119   193   221   155   244 0.83 -
TCONS_00038075:1385-2134 -            250 109174at6656         -            256    0.0023   16.4   0.0   1   3     0.025       2.1    6.7   0.0    86   115    20    49     9    56 0.80 -
TCONS_00038075:1385-2134 -            250 109174at6656         -            256    0.0023   16.4   0.0   2   3      0.42        34    2.8   0.0    90   109   110   129    62   143 0.49 -
TCONS_00038075:1385-2134 -            250 109174at6656         -            256    0.0023   16.4   0.0   3   3      0.69        57    2.0   0.0    91   119   193   221   155   244 0.83 -
TCONS_00038412:1919-2668 -            250 109174at6656         -            256    0.0023   16.4   0.0   1   3     0.025       2.1    6.7   0.0    86   115    20    49     9    56 0.80 -
TCONS_00038412:1919-2668 -            250 109174at6656         -            256    0.0023   16.4   0.0   2   3      0.42        34    2.8   0.0    90   109   110   129    62   143 0.49 -
TCONS_00038412:1919-2668 -            250 109174at6656         -            256    0.0023   16.4   0.0   3   3      0.69        57    2.0   0.0    91   119   193   221   155   244 0.83 -
TCONS_00028135:175-1734  -            520 109174at6656         -            256    0.0025   16.3   1.0   1   3      0.36        30    2.9   0.0   161   232   123   201    87   212 0.62 -
TCONS_00028135:175-1734  -            520 109174at6656         -            256    0.0025   16.3   1.0   2   3    0.0047      0.38    9.1   0.1   210   233   262   285   256   295 0.87 -
TCONS_00028135:175-1734  -            520 109174at6656         -            256    0.0025   16.3   1.0   3   3         2   1.6e+02    0.6   0.0    57    81   295   319   289   334 0.91 -
TCONS_00058881:272-1267  -            332 109174at6656         -            256    0.0026   16.3   0.2   1   4     0.028       2.3    6.6   0.0    90   163     8    72     3    88 0.66 -
TCONS_00058881:272-1267  -            332 109174at6656         -            256    0.0026   16.3   0.2   2   4      0.11       8.7    4.7   0.0    89   110    90   111    78   124 0.82 -
TCONS_00058881:272-1267  -            332 109174at6656         -            256    0.0026   16.3   0.2   3   4       4.4   3.5e+02   -0.6   0.0   113   143   148   178   132   185 0.80 -
TCONS_00058881:272-1267  -            332 109174at6656         -            256    0.0026   16.3   0.2   4   4       9.9   8.1e+02   -1.8   0.0   209   232   274   297   268   316 0.68 -
TCONS_00058882:219-1214  -            332 109174at6656         -            256    0.0026   16.3   0.2   1   4     0.028       2.3    6.6   0.0    90   163     8    72     3    88 0.66 -
TCONS_00058882:219-1214  -            332 109174at6656         -            256    0.0026   16.3   0.2   2   4      0.11       8.7    4.7   0.0    89   110    90   111    78   124 0.82 -
TCONS_00058882:219-1214  -            332 109174at6656         -            256    0.0026   16.3   0.2   3   4       4.4   3.5e+02   -0.6   0.0   113   143   148   178   132   185 0.80 -
TCONS_00058882:219-1214  -            332 109174at6656         -            256    0.0026   16.3   0.2   4   4       9.9   8.1e+02   -1.8   0.0   209   232   274   297   268   316 0.68 -
TCONS_00040895:197-1648  -            484 109174at6656         -            256    0.0029   16.1   0.0   1   1   0.00014     0.011   14.1   0.0    90   189   255   356   226   378 0.74 -
TCONS_00021854:3913-4683 -            257 109174at6656         -            256    0.0033   15.9   0.0   1   3     0.029       2.3    6.6   0.0    86   113    34    61    23    69 0.80 -
TCONS_00021854:3913-4683 -            257 109174at6656         -            256    0.0033   15.9   0.0   2   3       2.2   1.8e+02    0.4   0.0    92   112   126   146   118   151 0.84 -
TCONS_00021854:3913-4683 -            257 109174at6656         -            256    0.0033   15.9   0.0   3   3      0.61        49    2.2   0.0    91   120   207   236   165   248 0.80 -
TCONS_00017952:3543-4214 -            224 109174at6656         -            256    0.0038   15.7   0.0   1   3       1.8   1.5e+02    0.7   0.0    91   109    15    32     7    46 0.76 -
TCONS_00017952:3543-4214 -            224 109174at6656         -            256    0.0038   15.7   0.0   2   3     0.021       1.7    7.0   0.0    85   113    55    83    40    92 0.81 -
TCONS_00017952:3543-4214 -            224 109174at6656         -            256    0.0038   15.7   0.0   3   3      0.66        54    2.1   0.0    92   109   148   165   100   177 0.58 -
TCONS_00019461:1960-2631 -            224 109174at6656         -            256    0.0038   15.7   0.0   1   3       1.8   1.5e+02    0.7   0.0    91   109    15    32     7    46 0.76 -
TCONS_00019461:1960-2631 -            224 109174at6656         -            256    0.0038   15.7   0.0   2   3     0.021       1.7    7.0   0.0    85   113    55    83    40    92 0.81 -
TCONS_00019461:1960-2631 -            224 109174at6656         -            256    0.0038   15.7   0.0   3   3      0.66        54    2.1   0.0    92   109   148   165   100   177 0.58 -
TCONS_00019463:2007-2678 -            224 109174at6656         -            256    0.0038   15.7   0.0   1   3       1.8   1.5e+02    0.7   0.0    91   109    15    32     7    46 0.76 -
TCONS_00019463:2007-2678 -            224 109174at6656         -            256    0.0038   15.7   0.0   2   3     0.021       1.7    7.0   0.0    85   113    55    83    40    92 0.81 -
TCONS_00019463:2007-2678 -            224 109174at6656         -            256    0.0038   15.7   0.0   3   3      0.66        54    2.1   0.0    92   109   148   165   100   177 0.58 -
TCONS_00021850:3912-4583 -            224 109174at6656         -            256    0.0038   15.7   0.0   1   3       1.8   1.5e+02    0.7   0.0    91   109    15    32     7    46 0.76 -
TCONS_00021850:3912-4583 -            224 109174at6656         -            256    0.0038   15.7   0.0   2   3     0.021       1.7    7.0   0.0    85   113    55    83    40    92 0.81 -
TCONS_00021850:3912-4583 -            224 109174at6656         -            256    0.0038   15.7   0.0   3   3      0.66        54    2.1   0.0    92   109   148   165   100   177 0.58 -
TCONS_00021851:3852-4523 -            224 109174at6656         -            256    0.0038   15.7   0.0   1   3       1.8   1.5e+02    0.7   0.0    91   109    15    32     7    46 0.76 -
TCONS_00021851:3852-4523 -            224 109174at6656         -            256    0.0038   15.7   0.0   2   3     0.021       1.7    7.0   0.0    85   113    55    83    40    92 0.81 -
TCONS_00021851:3852-4523 -            224 109174at6656         -            256    0.0038   15.7   0.0   3   3      0.66        54    2.1   0.0    92   109   148   165   100   177 0.58 -
TCONS_00021852:1917-2588 -            224 109174at6656         -            256    0.0038   15.7   0.0   1   3       1.8   1.5e+02    0.7   0.0    91   109    15    32     7    46 0.76 -
TCONS_00021852:1917-2588 -            224 109174at6656         -            256    0.0038   15.7   0.0   2   3     0.021       1.7    7.0   0.0    85   113    55    83    40    92 0.81 -
TCONS_00021852:1917-2588 -            224 109174at6656         -            256    0.0038   15.7   0.0   3   3      0.66        54    2.1   0.0    92   109   148   165   100   177 0.58 -
TCONS_00021853:3832-4503 -            224 109174at6656         -            256    0.0038   15.7   0.0   1   3       1.8   1.5e+02    0.7   0.0    91   109    15    32     7    46 0.76 -
TCONS_00021853:3832-4503 -            224 109174at6656         -            256    0.0038   15.7   0.0   2   3     0.021       1.7    7.0   0.0    85   113    55    83    40    92 0.81 -
TCONS_00021853:3832-4503 -            224 109174at6656         -            256    0.0038   15.7   0.0   3   3      0.66        54    2.1   0.0    92   109   148   165   100   177 0.58 -
TCONS_00021855:2005-2676 -            224 109174at6656         -            256    0.0038   15.7   0.0   1   3       1.8   1.5e+02    0.7   0.0    91   109    15    32     7    46 0.76 -
TCONS_00021855:2005-2676 -            224 109174at6656         -            256    0.0038   15.7   0.0   2   3     0.021       1.7    7.0   0.0    85   113    55    83    40    92 0.81 -
TCONS_00021855:2005-2676 -            224 109174at6656         -            256    0.0038   15.7   0.0   3   3      0.66        54    2.1   0.0    92   109   148   165   100   177 0.58 -
TCONS_00021856:1932-2603 -            224 109174at6656         -            256    0.0038   15.7   0.0   1   3       1.8   1.5e+02    0.7   0.0    91   109    15    32     7    46 0.76 -
TCONS_00021856:1932-2603 -            224 109174at6656         -            256    0.0038   15.7   0.0   2   3     0.021       1.7    7.0   0.0    85   113    55    83    40    92 0.81 -
TCONS_00021856:1932-2603 -            224 109174at6656         -            256    0.0038   15.7   0.0   3   3      0.66        54    2.1   0.0    92   109   148   165   100   177 0.58 -
TCONS_00021859:1271-1942 -            224 109174at6656         -            256    0.0038   15.7   0.0   1   3       1.8   1.5e+02    0.7   0.0    91   109    15    32     7    46 0.76 -
TCONS_00021859:1271-1942 -            224 109174at6656         -            256    0.0038   15.7   0.0   2   3     0.021       1.7    7.0   0.0    85   113    55    83    40    92 0.81 -
TCONS_00021859:1271-1942 -            224 109174at6656         -            256    0.0038   15.7   0.0   3   3      0.66        54    2.1   0.0    92   109   148   165   100   177 0.58 -
TCONS_00023786:2374-3045 -            224 109174at6656         -            256    0.0038   15.7   0.0   1   3       1.8   1.5e+02    0.7   0.0    91   109    15    32     7    46 0.76 -
TCONS_00023786:2374-3045 -            224 109174at6656         -            256    0.0038   15.7   0.0   2   3     0.021       1.7    7.0   0.0    85   113    55    83    40    92 0.81 -
TCONS_00023786:2374-3045 -            224 109174at6656         -            256    0.0038   15.7   0.0   3   3      0.66        54    2.1   0.0    92   109   148   165   100   177 0.58 -
TCONS_00024387:3901-4572 -            224 109174at6656         -            256    0.0038   15.7   0.0   1   3       1.8   1.5e+02    0.7   0.0    91   109    15    32     7    46 0.76 -
TCONS_00024387:3901-4572 -            224 109174at6656         -            256    0.0038   15.7   0.0   2   3     0.021       1.7    7.0   0.0    85   113    55    83    40    92 0.81 -
TCONS_00024387:3901-4572 -            224 109174at6656         -            256    0.0038   15.7   0.0   3   3      0.66        54    2.1   0.0    92   109   148   165   100   177 0.58 -
TCONS_00024389:2001-2672 -            224 109174at6656         -            256    0.0038   15.7   0.0   1   3       1.8   1.5e+02    0.7   0.0    91   109    15    32     7    46 0.76 -
TCONS_00024389:2001-2672 -            224 109174at6656         -            256    0.0038   15.7   0.0   2   3     0.021       1.7    7.0   0.0    85   113    55    83    40    92 0.81 -
TCONS_00024389:2001-2672 -            224 109174at6656         -            256    0.0038   15.7   0.0   3   3      0.66        54    2.1   0.0    92   109   148   165   100   177 0.58 -
TCONS_00024390:1973-2644 -            224 109174at6656         -            256    0.0038   15.7   0.0   1   3       1.8   1.5e+02    0.7   0.0    91   109    15    32     7    46 0.76 -
TCONS_00024390:1973-2644 -            224 109174at6656         -            256    0.0038   15.7   0.0   2   3     0.021       1.7    7.0   0.0    85   113    55    83    40    92 0.81 -
TCONS_00024390:1973-2644 -            224 109174at6656         -            256    0.0038   15.7   0.0   3   3      0.66        54    2.1   0.0    92   109   148   165   100   177 0.58 -
TCONS_00024391:1944-2615 -            224 109174at6656         -            256    0.0038   15.7   0.0   1   3       1.8   1.5e+02    0.7   0.0    91   109    15    32     7    46 0.76 -
TCONS_00024391:1944-2615 -            224 109174at6656         -            256    0.0038   15.7   0.0   2   3     0.021       1.7    7.0   0.0    85   113    55    83    40    92 0.81 -
TCONS_00024391:1944-2615 -            224 109174at6656         -            256    0.0038   15.7   0.0   3   3      0.66        54    2.1   0.0    92   109   148   165   100   177 0.58 -
TCONS_00024396:1214-1885 -            224 109174at6656         -            256    0.0038   15.7   0.0   1   3       1.8   1.5e+02    0.7   0.0    91   109    15    32     7    46 0.76 -
TCONS_00024396:1214-1885 -            224 109174at6656         -            256    0.0038   15.7   0.0   2   3     0.021       1.7    7.0   0.0    85   113    55    83    40    92 0.81 -
TCONS_00024396:1214-1885 -            224 109174at6656         -            256    0.0038   15.7   0.0   3   3      0.66        54    2.1   0.0    92   109   148   165   100   177 0.58 -
TCONS_00025532:3877-4548 -            224 109174at6656         -            256    0.0038   15.7   0.0   1   3       1.8   1.5e+02    0.7   0.0    91   109    15    32     7    46 0.76 -
TCONS_00025532:3877-4548 -            224 109174at6656         -            256    0.0038   15.7   0.0   2   3     0.021       1.7    7.0   0.0    85   113    55    83    40    92 0.81 -
TCONS_00025532:3877-4548 -            224 109174at6656         -            256    0.0038   15.7   0.0   3   3      0.66        54    2.1   0.0    92   109   148   165   100   177 0.58 -
TCONS_00025533:2002-2673 -            224 109174at6656         -            256    0.0038   15.7   0.0   1   3       1.8   1.5e+02    0.7   0.0    91   109    15    32     7    46 0.76 -
TCONS_00025533:2002-2673 -            224 109174at6656         -            256    0.0038   15.7   0.0   2   3     0.021       1.7    7.0   0.0    85   113    55    83    40    92 0.81 -
TCONS_00025533:2002-2673 -            224 109174at6656         -            256    0.0038   15.7   0.0   3   3      0.66        54    2.1   0.0    92   109   148   165   100   177 0.58 -
TCONS_00025535:1882-2553 -            224 109174at6656         -            256    0.0038   15.7   0.0   1   3       1.8   1.5e+02    0.7   0.0    91   109    15    32     7    46 0.76 -
TCONS_00025535:1882-2553 -            224 109174at6656         -            256    0.0038   15.7   0.0   2   3     0.021       1.7    7.0   0.0    85   113    55    83    40    92 0.81 -
TCONS_00025535:1882-2553 -            224 109174at6656         -            256    0.0038   15.7   0.0   3   3      0.66        54    2.1   0.0    92   109   148   165   100   177 0.58 -
TCONS_00025537:1993-2664 -            224 109174at6656         -            256    0.0038   15.7   0.0   1   3       1.8   1.5e+02    0.7   0.0    91   109    15    32     7    46 0.76 -
TCONS_00025537:1993-2664 -            224 109174at6656         -            256    0.0038   15.7   0.0   2   3     0.021       1.7    7.0   0.0    85   113    55    83    40    92 0.81 -
TCONS_00025537:1993-2664 -            224 109174at6656         -            256    0.0038   15.7   0.0   3   3      0.66        54    2.1   0.0    92   109   148   165   100   177 0.58 -
TCONS_00025539:1564-2235 -            224 109174at6656         -            256    0.0038   15.7   0.0   1   3       1.8   1.5e+02    0.7   0.0    91   109    15    32     7    46 0.76 -
TCONS_00025539:1564-2235 -            224 109174at6656         -            256    0.0038   15.7   0.0   2   3     0.021       1.7    7.0   0.0    85   113    55    83    40    92 0.81 -
TCONS_00025539:1564-2235 -            224 109174at6656         -            256    0.0038   15.7   0.0   3   3      0.66        54    2.1   0.0    92   109   148   165   100   177 0.58 -
TCONS_00027204:3916-4587 -            224 109174at6656         -            256    0.0038   15.7   0.0   1   3       1.8   1.5e+02    0.7   0.0    91   109    15    32     7    46 0.76 -
TCONS_00027204:3916-4587 -            224 109174at6656         -            256    0.0038   15.7   0.0   2   3     0.021       1.7    7.0   0.0    85   113    55    83    40    92 0.81 -
TCONS_00027204:3916-4587 -            224 109174at6656         -            256    0.0038   15.7   0.0   3   3      0.66        54    2.1   0.0    92   109   148   165   100   177 0.58 -
TCONS_00027206:1761-2432 -            224 109174at6656         -            256    0.0038   15.7   0.0   1   3       1.8   1.5e+02    0.7   0.0    91   109    15    32     7    46 0.76 -
TCONS_00027206:1761-2432 -            224 109174at6656         -            256    0.0038   15.7   0.0   2   3     0.021       1.7    7.0   0.0    85   113    55    83    40    92 0.81 -
TCONS_00027206:1761-2432 -            224 109174at6656         -            256    0.0038   15.7   0.0   3   3      0.66        54    2.1   0.0    92   109   148   165   100   177 0.58 -
TCONS_00027207:3697-4368 -            224 109174at6656         -            256    0.0038   15.7   0.0   1   3       1.8   1.5e+02    0.7   0.0    91   109    15    32     7    46 0.76 -
TCONS_00027207:3697-4368 -            224 109174at6656         -            256    0.0038   15.7   0.0   2   3     0.021       1.7    7.0   0.0    85   113    55    83    40    92 0.81 -
TCONS_00027207:3697-4368 -            224 109174at6656         -            256    0.0038   15.7   0.0   3   3      0.66        54    2.1   0.0    92   109   148   165   100   177 0.58 -
TCONS_00027745:3810-4481 -            224 109174at6656         -            256    0.0038   15.7   0.0   1   3       1.8   1.5e+02    0.7   0.0    91   109    15    32     7    46 0.76 -
TCONS_00027745:3810-4481 -            224 109174at6656         -            256    0.0038   15.7   0.0   2   3     0.021       1.7    7.0   0.0    85   113    55    83    40    92 0.81 -
TCONS_00027745:3810-4481 -            224 109174at6656         -            256    0.0038   15.7   0.0   3   3      0.66        54    2.1   0.0    92   109   148   165   100   177 0.58 -
TCONS_00028289:2586-3257 -            224 109174at6656         -            256    0.0038   15.7   0.0   1   3       1.8   1.5e+02    0.7   0.0    91   109    15    32     7    46 0.76 -
TCONS_00028289:2586-3257 -            224 109174at6656         -            256    0.0038   15.7   0.0   2   3     0.021       1.7    7.0   0.0    85   113    55    83    40    92 0.81 -
TCONS_00028289:2586-3257 -            224 109174at6656         -            256    0.0038   15.7   0.0   3   3      0.66        54    2.1   0.0    92   109   148   165   100   177 0.58 -
TCONS_00028290:2648-3319 -            224 109174at6656         -            256    0.0038   15.7   0.0   1   3       1.8   1.5e+02    0.7   0.0    91   109    15    32     7    46 0.76 -
TCONS_00028290:2648-3319 -            224 109174at6656         -            256    0.0038   15.7   0.0   2   3     0.021       1.7    7.0   0.0    85   113    55    83    40    92 0.81 -
TCONS_00028290:2648-3319 -            224 109174at6656         -            256    0.0038   15.7   0.0   3   3      0.66        54    2.1   0.0    92   109   148   165   100   177 0.58 -
TCONS_00029280:2048-2719 -            224 109174at6656         -            256    0.0038   15.7   0.0   1   3       1.8   1.5e+02    0.7   0.0    91   109    15    32     7    46 0.76 -
TCONS_00029280:2048-2719 -            224 109174at6656         -            256    0.0038   15.7   0.0   2   3     0.021       1.7    7.0   0.0    85   113    55    83    40    92 0.81 -
TCONS_00029280:2048-2719 -            224 109174at6656         -            256    0.0038   15.7   0.0   3   3      0.66        54    2.1   0.0    92   109   148   165   100   177 0.58 -
TCONS_00030287:1482-2495 -            338 109174at6656         -            256    0.0043   15.5   1.3   1   3      0.51        42    2.5   0.1   209   228   178   197    50   210 0.62 -
TCONS_00030287:1482-2495 -            338 109174at6656         -            256    0.0043   15.5   1.3   2   3       1.2        98    1.2   0.0    92   115   241   264   222   271 0.86 -
TCONS_00030287:1482-2495 -            338 109174at6656         -            256    0.0043   15.5   1.3   3   3      0.02       1.6    7.1   0.1   209   240   282   313   272   323 0.90 -
TCONS_00030288:1603-2616 -            338 109174at6656         -            256    0.0043   15.5   1.3   1   3      0.51        42    2.5   0.1   209   228   178   197    50   210 0.62 -
TCONS_00030288:1603-2616 -            338 109174at6656         -            256    0.0043   15.5   1.3   2   3       1.2        98    1.2   0.0    92   115   241   264   222   271 0.86 -
TCONS_00030288:1603-2616 -            338 109174at6656         -            256    0.0043   15.5   1.3   3   3      0.02       1.6    7.1   0.1   209   240   282   313   272   323 0.90 -
TCONS_00030289:1480-2493 -            338 109174at6656         -            256    0.0043   15.5   1.3   1   3      0.51        42    2.5   0.1   209   228   178   197    50   210 0.62 -
TCONS_00030289:1480-2493 -            338 109174at6656         -            256    0.0043   15.5   1.3   2   3       1.2        98    1.2   0.0    92   115   241   264   222   271 0.86 -
TCONS_00030289:1480-2493 -            338 109174at6656         -            256    0.0043   15.5   1.3   3   3      0.02       1.6    7.1   0.1   209   240   282   313   272   323 0.90 -
TCONS_00030290:727-1740  -            338 109174at6656         -            256    0.0043   15.5   1.3   1   3      0.51        42    2.5   0.1   209   228   178   197    50   210 0.62 -
TCONS_00030290:727-1740  -            338 109174at6656         -            256    0.0043   15.5   1.3   2   3       1.2        98    1.2   0.0    92   115   241   264   222   271 0.86 -
TCONS_00030290:727-1740  -            338 109174at6656         -            256    0.0043   15.5   1.3   3   3      0.02       1.6    7.1   0.1   209   240   282   313   272   323 0.90 -
TCONS_00030291:2406-3419 -            338 109174at6656         -            256    0.0043   15.5   1.3   1   3      0.51        42    2.5   0.1   209   228   178   197    50   210 0.62 -
TCONS_00030291:2406-3419 -            338 109174at6656         -            256    0.0043   15.5   1.3   2   3       1.2        98    1.2   0.0    92   115   241   264   222   271 0.86 -
TCONS_00030291:2406-3419 -            338 109174at6656         -            256    0.0043   15.5   1.3   3   3      0.02       1.6    7.1   0.1   209   240   282   313   272   323 0.90 -
TCONS_00031870:1287-2300 -            338 109174at6656         -            256    0.0043   15.5   1.3   1   3      0.51        42    2.5   0.1   209   228   178   197    50   210 0.62 -
TCONS_00031870:1287-2300 -            338 109174at6656         -            256    0.0043   15.5   1.3   2   3       1.2        98    1.2   0.0    92   115   241   264   222   271 0.86 -
TCONS_00031870:1287-2300 -            338 109174at6656         -            256    0.0043   15.5   1.3   3   3      0.02       1.6    7.1   0.1   209   240   282   313   272   323 0.90 -
TCONS_00032730:1386-2399 -            338 109174at6656         -            256    0.0043   15.5   1.3   1   3      0.51        42    2.5   0.1   209   228   178   197    50   210 0.62 -
TCONS_00032730:1386-2399 -            338 109174at6656         -            256    0.0043   15.5   1.3   2   3       1.2        98    1.2   0.0    92   115   241   264   222   271 0.86 -
TCONS_00032730:1386-2399 -            338 109174at6656         -            256    0.0043   15.5   1.3   3   3      0.02       1.6    7.1   0.1   209   240   282   313   272   323 0.90 -
TCONS_00032731:746-1759  -            338 109174at6656         -            256    0.0043   15.5   1.3   1   3      0.51        42    2.5   0.1   209   228   178   197    50   210 0.62 -
TCONS_00032731:746-1759  -            338 109174at6656         -            256    0.0043   15.5   1.3   2   3       1.2        98    1.2   0.0    92   115   241   264   222   271 0.86 -
TCONS_00032731:746-1759  -            338 109174at6656         -            256    0.0043   15.5   1.3   3   3      0.02       1.6    7.1   0.1   209   240   282   313   272   323 0.90 -
TCONS_00034326:794-1807  -            338 109174at6656         -            256    0.0043   15.5   1.3   1   3      0.51        42    2.5   0.1   209   228   178   197    50   210 0.62 -
TCONS_00034326:794-1807  -            338 109174at6656         -            256    0.0043   15.5   1.3   2   3       1.2        98    1.2   0.0    92   115   241   264   222   271 0.86 -
TCONS_00034326:794-1807  -            338 109174at6656         -            256    0.0043   15.5   1.3   3   3      0.02       1.6    7.1   0.1   209   240   282   313   272   323 0.90 -
TCONS_00037437:651-1664  -            338 109174at6656         -            256    0.0043   15.5   1.3   1   3      0.51        42    2.5   0.1   209   228   178   197    50   210 0.62 -
TCONS_00037437:651-1664  -            338 109174at6656         -            256    0.0043   15.5   1.3   2   3       1.2        98    1.2   0.0    92   115   241   264   222   271 0.86 -
TCONS_00037437:651-1664  -            338 109174at6656         -            256    0.0043   15.5   1.3   3   3      0.02       1.6    7.1   0.1   209   240   282   313   272   323 0.90 -
TCONS_00037816:642-1655  -            338 109174at6656         -            256    0.0043   15.5   1.3   1   3      0.51        42    2.5   0.1   209   228   178   197    50   210 0.62 -
TCONS_00037816:642-1655  -            338 109174at6656         -            256    0.0043   15.5   1.3   2   3       1.2        98    1.2   0.0    92   115   241   264   222   271 0.86 -
TCONS_00037816:642-1655  -            338 109174at6656         -            256    0.0043   15.5   1.3   3   3      0.02       1.6    7.1   0.1   209   240   282   313   272   323 0.90 -
TCONS_00037817:1364-2377 -            338 109174at6656         -            256    0.0043   15.5   1.3   1   3      0.51        42    2.5   0.1   209   228   178   197    50   210 0.62 -
TCONS_00037817:1364-2377 -            338 109174at6656         -            256    0.0043   15.5   1.3   2   3       1.2        98    1.2   0.0    92   115   241   264   222   271 0.86 -
TCONS_00037817:1364-2377 -            338 109174at6656         -            256    0.0043   15.5   1.3   3   3      0.02       1.6    7.1   0.1   209   240   282   313   272   323 0.90 -
TCONS_00038180:1857-2870 -            338 109174at6656         -            256    0.0043   15.5   1.3   1   3      0.51        42    2.5   0.1   209   228   178   197    50   210 0.62 -
TCONS_00038180:1857-2870 -            338 109174at6656         -            256    0.0043   15.5   1.3   2   3       1.2        98    1.2   0.0    92   115   241   264   222   271 0.86 -
TCONS_00038180:1857-2870 -            338 109174at6656         -            256    0.0043   15.5   1.3   3   3      0.02       1.6    7.1   0.1   209   240   282   313   272   323 0.90 -
TCONS_00016834:2393-2737 -            115 109174at6656         -            256    0.0064   15.0   0.0   1   2       7.2   5.8e+02   -1.3   0.0    90   111    11    32     9    43 0.75 -
TCONS_00016834:2393-2737 -            115 109174at6656         -            256    0.0064   15.0   0.0   2   2   0.00054     0.044   12.2   0.0    89   140    52   100    27   115 0.73 -
TCONS_00023523:2289-2633 -            115 109174at6656         -            256    0.0064   15.0   0.0   1   2       7.2   5.8e+02   -1.3   0.0    90   111    11    32     9    43 0.75 -
TCONS_00023523:2289-2633 -            115 109174at6656         -            256    0.0064   15.0   0.0   2   2   0.00054     0.044   12.2   0.0    89   140    52   100    27   115 0.73 -
TCONS_00024747:2289-2633 -            115 109174at6656         -            256    0.0064   15.0   0.0   1   2       7.2   5.8e+02   -1.3   0.0    90   111    11    32     9    43 0.75 -
TCONS_00024747:2289-2633 -            115 109174at6656         -            256    0.0064   15.0   0.0   2   2   0.00054     0.044   12.2   0.0    89   140    52   100    27   115 0.73 -
TCONS_00028978:2615-2959 -            115 109174at6656         -            256    0.0064   15.0   0.0   1   2       7.2   5.8e+02   -1.3   0.0    90   111    11    32     9    43 0.75 -
TCONS_00028978:2615-2959 -            115 109174at6656         -            256    0.0064   15.0   0.0   2   2   0.00054     0.044   12.2   0.0    89   140    52   100    27   115 0.73 -
TCONS_00050009:82-1842   -            587 109174at6656         -            256    0.0078   14.7   0.1   1   2      0.01      0.85    8.0   0.0   188   233   327   377   318   388 0.83 -
TCONS_00050009:82-1842   -            587 109174at6656         -            256    0.0078   14.7   0.1   2   2      0.27        22    3.4   0.0   171   224   394   454   379   465 0.81 -
TCONS_00041711:233-1024  -            264 109174at6656         -            256     0.008   14.6   0.1   1   3     0.028       2.3    6.6   0.0    89   115    47    73     6    74 0.89 -
TCONS_00041711:233-1024  -            264 109174at6656         -            256     0.008   14.6   0.1   2   3      0.71        58    2.0   0.0   210   226   135   151   132   157 0.86 -
TCONS_00041711:233-1024  -            264 109174at6656         -            256     0.008   14.6   0.1   3   3       3.4   2.8e+02   -0.2   0.0    92   110   207   225   204   229 0.82 -
TCONS_00050366:119-910   -            264 109174at6656         -            256     0.008   14.6   0.1   1   3     0.028       2.3    6.6   0.0    89   115    47    73     6    74 0.89 -
TCONS_00050366:119-910   -            264 109174at6656         -            256     0.008   14.6   0.1   2   3      0.71        58    2.0   0.0   210   226   135   151   132   157 0.86 -
TCONS_00050366:119-910   -            264 109174at6656         -            256     0.008   14.6   0.1   3   3       3.4   2.8e+02   -0.2   0.0    92   110   207   225   204   229 0.82 -
TCONS_00003434:116-1498  -            461 109174at6656         -            256    0.0081   14.6   0.1   1   4      0.43        35    2.7   0.0    91   111   164   184   158   188 0.88 -
TCONS_00003434:116-1498  -            461 109174at6656         -            256    0.0081   14.6   0.1   2   4       1.4   1.1e+02    1.0   0.0   209   231   206   228   198   243 0.69 -
TCONS_00003434:116-1498  -            461 109174at6656         -            256    0.0081   14.6   0.1   3   4       1.7   1.4e+02    0.8   0.0    91   114   248   271   237   280 0.87 -
TCONS_00003434:116-1498  -            461 109174at6656         -            256    0.0081   14.6   0.1   4   4      0.21        17    3.7   0.0    91   118   290   317   269   323 0.75 -
TCONS_00030271:210-1136  -            309 109174at6656         -            256    0.0083   14.6   0.0   1   4     0.031       2.5    6.5   0.0   168   203    12    47     2    48 0.85 -
TCONS_00030271:210-1136  -            309 109174at6656         -            256    0.0083   14.6   0.0   2   4       0.5        41    2.5   0.0    55    82    49    76    47    87 0.83 -
TCONS_00030271:210-1136  -            309 109174at6656         -            256    0.0083   14.6   0.0   3   4       3.9   3.2e+02   -0.4   0.0   148   163   161   176   142   192 0.57 -
TCONS_00030271:210-1136  -            309 109174at6656         -            256    0.0083   14.6   0.0   4   4       4.2   3.4e+02   -0.5   0.0    79   106   282   309   239   309 0.68 -
TCONS_00015793:68-1594   -            509 109174at6656         -            256    0.0088   14.5   0.1   1   3       2.3   1.9e+02    0.3   0.0   209   247   227   265   226   271 0.76 -
TCONS_00015793:68-1594   -            509 109174at6656         -            256    0.0088   14.5   0.1   2   3     0.075       6.1    5.2   0.0    88   112   274   298   262   305 0.86 -
TCONS_00015793:68-1594   -            509 109174at6656         -            256    0.0088   14.5   0.1   3   3      0.42        35    2.7   0.0    60    60   343   343   300   393 0.53 -
TCONS_00004698:227-463   -             79 109174at6656         -            256    0.0089   14.5   0.0   1   2     0.015       1.2    7.5   0.0    93   119     1    27     1    43 0.90 -
TCONS_00004698:227-463   -             79 109174at6656         -            256    0.0089   14.5   0.0   2   2     0.038       3.1    6.1   0.0   209   234    45    70    25    73 0.80 -
TCONS_00030570:375-1238  -            288 109174at6656         -            256     0.014   13.9   0.0   1   3      0.96        78    1.6   0.0    90   115    55    80    50    89 0.83 -
TCONS_00030570:375-1238  -            288 109174at6656         -            256     0.014   13.9   0.0   2   3     0.012      0.97    7.8   0.0   171   208    99   138    87   171 0.76 -
TCONS_00030570:375-1238  -            288 109174at6656         -            256     0.014   13.9   0.0   3   3       4.5   3.6e+02   -0.6   0.0    90   111   187   208   148   216 0.64 -
TCONS_00016153:113-1552  -            480 109174at6656         -            256     0.017   13.5   0.1   1   4       0.2        16    3.8   0.0    93   115   125   147   120   185 0.87 -
TCONS_00016153:113-1552  -            480 109174at6656         -            256     0.017   13.5   0.1   2   4       5.5   4.5e+02   -0.9   0.0    92   108   214   230   207   235 0.82 -
TCONS_00016153:113-1552  -            480 109174at6656         -            256     0.017   13.5   0.1   3   4      0.46        38    2.6   0.0    88   112   419   443   386   446 0.76 -
TCONS_00016153:113-1552  -            480 109174at6656         -            256     0.017   13.5   0.1   4   4       2.8   2.3e+02    0.1   0.0    91   105   464   478   459   480 0.89 -
TCONS_00016114:1568-2287 -            240 109174at6656         -            256     0.021   13.3   0.0   1   3       0.2        17    3.8   0.0   174   193    11    30     2    72 0.61 -
TCONS_00016114:1568-2287 -            240 109174at6656         -            256     0.021   13.3   0.0   2   3     0.081       6.6    5.1   0.0    89   114    93   118    80   123 0.87 -
TCONS_00016114:1568-2287 -            240 109174at6656         -            256     0.021   13.3   0.0   3   3         2   1.6e+02    0.5   0.0    20    44   161   185   153   209 0.85 -
TCONS_00016115:1570-2289 -            240 109174at6656         -            256     0.021   13.3   0.0   1   3       0.2        17    3.8   0.0   174   193    11    30     2    72 0.61 -
TCONS_00016115:1570-2289 -            240 109174at6656         -            256     0.021   13.3   0.0   2   3     0.081       6.6    5.1   0.0    89   114    93   118    80   123 0.87 -
TCONS_00016115:1570-2289 -            240 109174at6656         -            256     0.021   13.3   0.0   3   3         2   1.6e+02    0.5   0.0    20    44   161   185   153   209 0.85 -
TCONS_00019987:1506-2225 -            240 109174at6656         -            256     0.021   13.3   0.0   1   3       0.2        17    3.8   0.0   174   193    11    30     2    72 0.61 -
TCONS_00019987:1506-2225 -            240 109174at6656         -            256     0.021   13.3   0.0   2   3     0.081       6.6    5.1   0.0    89   114    93   118    80   123 0.87 -
TCONS_00019987:1506-2225 -            240 109174at6656         -            256     0.021   13.3   0.0   3   3         2   1.6e+02    0.5   0.0    20    44   161   185   153   209 0.85 -
TCONS_00026741:1348-2067 -            240 109174at6656         -            256     0.021   13.3   0.0   1   3       0.2        17    3.8   0.0   174   193    11    30     2    72 0.61 -
TCONS_00026741:1348-2067 -            240 109174at6656         -            256     0.021   13.3   0.0   2   3     0.081       6.6    5.1   0.0    89   114    93   118    80   123 0.87 -
TCONS_00026741:1348-2067 -            240 109174at6656         -            256     0.021   13.3   0.0   3   3         2   1.6e+02    0.5   0.0    20    44   161   185   153   209 0.85 -
TCONS_00027856:1834-2553 -            240 109174at6656         -            256     0.021   13.3   0.0   1   3       0.2        17    3.8   0.0   174   193    11    30     2    72 0.61 -
TCONS_00027856:1834-2553 -            240 109174at6656         -            256     0.021   13.3   0.0   2   3     0.081       6.6    5.1   0.0    89   114    93   118    80   123 0.87 -
TCONS_00027856:1834-2553 -            240 109174at6656         -            256     0.021   13.3   0.0   3   3         2   1.6e+02    0.5   0.0    20    44   161   185   153   209 0.85 -
TCONS_00030569:125-1108  -            328 109174at6656         -            256     0.021   13.2   0.0   1   4       1.1        91    1.4   0.0    90   115    95   120    89   128 0.83 -
TCONS_00030569:125-1108  -            328 109174at6656         -            256     0.021   13.2   0.0   2   4     0.015       1.2    7.5   0.0   171   208   139   178   126   211 0.76 -
TCONS_00030569:125-1108  -            328 109174at6656         -            256     0.021   13.2   0.0   3   4       8.3   6.8e+02   -1.5   0.0   174   207   186   218   181   228 0.72 -
TCONS_00030569:125-1108  -            328 109174at6656         -            256     0.021   13.2   0.0   4   4       7.4     6e+02   -1.3   0.0    91   112   228   249   195   255 0.75 -
TCONS_00002286:22-1176   -            385 109174at6656         -            256     0.022   13.2   0.0   1   1   0.00055     0.045   12.2   0.0    89   134   241   287   211   304 0.79 -
TCONS_00024153:935-1936  -            334 109174at6656         -            256     0.025   13.0   0.0   1   3     0.084       6.8    5.0   0.0    90   111    33    55    30    58 0.85 -
TCONS_00024153:935-1936  -            334 109174at6656         -            256     0.025   13.0   0.0   2   3       1.9   1.5e+02    0.6   0.0   208   229   165   188   162   208 0.73 -
TCONS_00024153:935-1936  -            334 109174at6656         -            256     0.025   13.0   0.0   3   3      0.43        35    2.7   0.0    90   111   217   238   198   247 0.76 -
TCONS_00011434:675-1304  -            210 109174at6656         -            256     0.031   12.7   0.1   1   4       6.3   5.1e+02   -1.1   0.0    91   110     5    24     2    28 0.84 -
TCONS_00011434:675-1304  -            210 109174at6656         -            256     0.031   12.7   0.1   2   4      0.93        76    1.6   0.0    90   112    62    84    55    98 0.86 -
TCONS_00011434:675-1304  -            210 109174at6656         -            256     0.031   12.7   0.1   3   4     0.085       6.9    5.0   0.0   171   193   103   125    93   135 0.84 -
TCONS_00011434:675-1304  -            210 109174at6656         -            256     0.031   12.7   0.1   4   4       2.4     2e+02    0.2   0.0   174   192   152   170   140   193 0.68 -
TCONS_00018787:144-1597  -            482 109174at6656         -            256     0.033   12.6   0.0   1   3       3.8   3.1e+02   -0.4   0.0    52   112   213   276   198   284 0.66 -
TCONS_00018787:144-1597  -            482 109174at6656         -            256     0.033   12.6   0.0   2   3       6.9   5.6e+02   -1.2   0.0   101   114   308   321   297   337 0.79 -
TCONS_00018787:144-1597  -            482 109174at6656         -            256     0.033   12.6   0.0   3   3     0.014       1.1    7.6   0.0    92   115   383   406   378   415 0.91 -
TCONS_00032678:80-2032   -            651 109174at6656         -            256     0.034   12.6   0.0   1   3       2.5   2.1e+02    0.2   0.1   209   231   450   472   430   476 0.87 -
TCONS_00032678:80-2032   -            651 109174at6656         -            256     0.034   12.6   0.0   2   3       1.8   1.5e+02    0.7   0.0    89   107   490   508   480   516 0.88 -
TCONS_00032678:80-2032   -            651 109174at6656         -            256     0.034   12.6   0.0   3   3     0.036       2.9    6.2   0.0    83   109   568   594   534   608 0.87 -
TCONS_00040665:5814-6476 -            221 109174at6656         -            256     0.039   12.4   0.0   1   3       1.2        99    1.2   0.0   193   226    18    56     3    77 0.65 -
TCONS_00040665:5814-6476 -            221 109174at6656         -            256     0.039   12.4   0.0   2   3    0.0056      0.46    8.9   0.0   151   207   107   168    26   174 0.78 -
TCONS_00040665:5814-6476 -            221 109174at6656         -            256     0.039   12.4   0.0   3   3       8.1   6.6e+02   -1.5   0.0   173   192   174   193   156   196 0.77 -
TCONS_00023845:77-1510   -            478 109174at6656         -            256     0.052   12.0   0.0   1   3       0.2        16    3.8   0.0    93   115   125   147   120   185 0.87 -
TCONS_00023845:77-1510   -            478 109174at6656         -            256     0.052   12.0   0.0   2   3       5.4   4.4e+02   -0.9   0.0    92   108   214   230   207   235 0.82 -
TCONS_00023845:77-1510   -            478 109174at6656         -            256     0.052   12.0   0.0   3   3      0.46        38    2.6   0.0    88   112   419   443   386   446 0.76 -
TCONS_00003797:74-1054   -            327 109174at6656         -            256      0.06   11.8   0.1   1   2    0.0054      0.44    8.9   0.1    20    68   142   193   129   212 0.82 -
TCONS_00003797:74-1054   -            327 109174at6656         -            256      0.06   11.8   0.1   2   2       7.3   5.9e+02   -1.3   0.0    90   114   300   326   292   327 0.79 -
TCONS_00042986:1851-2600 -            250 109174at6656         -            256     0.062   11.7   2.3   1   2      0.51        41    2.5   0.0    93   156    13    71     7   104 0.59 -
TCONS_00042986:1851-2600 -            250 109174at6656         -            256     0.062   11.7   2.3   2   2     0.054       4.4    5.7   0.7   194   241   166   221   133   230 0.68 -
TCONS_00042989:2572-3321 -            250 109174at6656         -            256     0.062   11.7   2.3   1   2      0.51        41    2.5   0.0    93   156    13    71     7   104 0.59 -
TCONS_00042989:2572-3321 -            250 109174at6656         -            256     0.062   11.7   2.3   2   2     0.054       4.4    5.7   0.7   194   241   166   221   133   230 0.68 -
TCONS_00042990:2528-3277 -            250 109174at6656         -            256     0.062   11.7   2.3   1   2      0.51        41    2.5   0.0    93   156    13    71     7   104 0.59 -
TCONS_00042990:2528-3277 -            250 109174at6656         -            256     0.062   11.7   2.3   2   2     0.054       4.4    5.7   0.7   194   241   166   221   133   230 0.68 -
TCONS_00046710:1855-2604 -            250 109174at6656         -            256     0.062   11.7   2.3   1   2      0.51        41    2.5   0.0    93   156    13    71     7   104 0.59 -
TCONS_00046710:1855-2604 -            250 109174at6656         -            256     0.062   11.7   2.3   2   2     0.054       4.4    5.7   0.7   194   241   166   221   133   230 0.68 -
TCONS_00047527:2131-2880 -            250 109174at6656         -            256     0.062   11.7   2.3   1   2      0.51        41    2.5   0.0    93   156    13    71     7   104 0.59 -
TCONS_00047527:2131-2880 -            250 109174at6656         -            256     0.062   11.7   2.3   2   2     0.054       4.4    5.7   0.7   194   241   166   221   133   230 0.68 -
TCONS_00049125:2104-2853 -            250 109174at6656         -            256     0.062   11.7   2.3   1   2      0.51        41    2.5   0.0    93   156    13    71     7   104 0.59 -
TCONS_00049125:2104-2853 -            250 109174at6656         -            256     0.062   11.7   2.3   2   2     0.054       4.4    5.7   0.7   194   241   166   221   133   230 0.68 -
TCONS_00043437:5604-6461 -            286 109174at6656         -            256     0.075   11.5   0.0   1   2       1.9   1.5e+02    0.6   0.0   193   226    68   106    53   126 0.64 -
TCONS_00043437:5604-6461 -            286 109174at6656         -            256     0.075   11.5   0.0   2   2    0.0094      0.76    8.2   0.0   151   207   157   218    77   231 0.80 -
TCONS_00014351:123-1637  -            505 109174at6656         -            256      0.08   11.4   0.0   1   3       7.8   6.3e+02   -1.4   0.0   100   114   328   342   318   352 0.77 -
TCONS_00014351:123-1637  -            505 109174at6656         -            256      0.08   11.4   0.0   2   3       9.9   8.1e+02   -1.8   0.0    90   113   360   383   344   385 0.83 -
TCONS_00014351:123-1637  -            505 109174at6656         -            256      0.08   11.4   0.0   3   3     0.015       1.2    7.5   0.0    92   115   404   427   399   436 0.91 -
TCONS_00018786:81-1524   -            477 109174at6656         -            256     0.082   11.3   0.0   1   2       7.3   5.9e+02   -1.3   0.0   100   114   300   314   290   324 0.77 -
TCONS_00018786:81-1524   -            477 109174at6656         -            256     0.082   11.3   0.0   2   2     0.014       1.1    7.6   0.0    92   115   376   399   371   408 0.91 -
TCONS_00000120:168-1391  -            408 109174at6656         -            256       0.1   11.0   0.0   1   3       1.5   1.3e+02    0.9   0.0    90   118    89   117    86   156 0.84 -
TCONS_00000120:168-1391  -            408 109174at6656         -            256       0.1   11.0   0.0   2   3     0.059       4.8    5.5   0.0   168   192   208   232   200   237 0.84 -
TCONS_00000120:168-1391  -            408 109174at6656         -            256       0.1   11.0   0.0   3   3       8.6     7e+02   -1.6   0.0    92   112   304   324   301   354 0.65 -
TCONS_00000138:163-1467  -            408 109174at6656         -            256       0.1   11.0   0.0   1   3       1.5   1.3e+02    0.9   0.0    90   118    89   117    86   156 0.84 -
TCONS_00000138:163-1467  -            408 109174at6656         -            256       0.1   11.0   0.0   2   3     0.059       4.8    5.5   0.0   168   192   208   232   200   237 0.84 -
TCONS_00000138:163-1467  -            408 109174at6656         -            256       0.1   11.0   0.0   3   3       8.6     7e+02   -1.6   0.0    92   112   304   324   301   354 0.65 -
TCONS_00000144:85-1308   -            408 109174at6656         -            256       0.1   11.0   0.0   1   3       1.5   1.3e+02    0.9   0.0    90   118    89   117    86   156 0.84 -
TCONS_00000144:85-1308   -            408 109174at6656         -            256       0.1   11.0   0.0   2   3     0.059       4.8    5.5   0.0   168   192   208   232   200   237 0.84 -
TCONS_00000144:85-1308   -            408 109174at6656         -            256       0.1   11.0   0.0   3   3       8.6     7e+02   -1.6   0.0    92   112   304   324   301   354 0.65 -
TCONS_00059209:285-4403  -           1373 109174at6656         -            256      0.13   10.7   0.0   1   1    0.0027      0.22    9.9   0.0   121   172   772   820   760   835 0.83 -
#
# Program:         hmmsearch
# Version:         3.1b2 (February 2015)
# Pipeline mode:   SEARCH
# Query file:      /hpcdata/bcbb/homc/Barillaslab/Agam_hemo_transcriptomes/scripts/busco/busco_downloads/lineages/arthropoda_odb10/hmms/109174at6656.hmm
# Target file:     /hpcdata/bcbb/homc/Barillaslab/Agam_hemo_transcriptomes/scripts/busco/refguided_Agamhemo_BUSCO/run_arthropoda_odb10/metaeuk_output/initial_results/all_transcripts.comprehensive.v6.gffread.fa.modified.fas
# Option settings: hmmsearch --domtblout /hpcdata/bcbb/homc/Barillaslab/Agam_hemo_transcriptomes/scripts/busco/refguided_Agamhemo_BUSCO/run_arthropoda_odb10/hmmer_output/initial_run_results/109174at6656.out --cpu 1 /hpcdata/bcbb/homc/Barillaslab/Agam_hemo_transcriptomes/scripts/busco/busco_downloads/lineages/arthropoda_odb10/hmms/109174at6656.hmm /hpcdata/bcbb/homc/Barillaslab/Agam_hemo_transcriptomes/scripts/busco/refguided_Agamhemo_BUSCO/run_arthropoda_odb10/metaeuk_output/initial_results/all_transcripts.comprehensive.v6.gffread.fa.modified.fas 
# Current dir:     /hpcdata/bcbb/homc/Barillaslab/Agam_hemo_transcriptomes/scripts/busco
# Date:            Thu Feb  9 16:50:18 2023
# [ok]
