#                                                                                 --- full sequence --- -------------- this domain -------------   hmm coord   ali coord   env coord
# target name             accession   tlen query name           accession   qlen   E-value  score  bias   #  of  c-Evalue  i-Evalue  score  bias  from    to  from    to  from    to  acc description of target
#     ------------------- ---------- ----- -------------------- ---------- ----- --------- ------ ----- --- --- --------- --------- ------ ----- ----- ----- ----- ----- ----- ----- ---- ---------------------
TCONS_00016886:167-2641   -            825 113432at6656         -            472  1.7e-126  422.3  65.1   1   3   2.2e-19     1e-15   57.0   1.2     3   103    29   151    27   184 0.63 -
TCONS_00016886:167-2641   -            825 113432at6656         -            472  1.7e-126  422.3  65.1   2   3   7.6e-56   3.6e-52  177.2  42.4   114   410   200   482   194   493 0.80 -
TCONS_00016886:167-2641   -            825 113432at6656         -            472  1.7e-126  422.3  65.1   3   3   1.4e-61   6.6e-58  196.1   6.6   255   471   557   781   490   782 0.76 -
TCONS_00016887:3235-10672 -           1834 113432at6656         -            472  2.5e-122  408.5  77.5   1   4      0.33   1.6e+03   -3.0   6.5   238   313   409   485   403   501 0.67 -
TCONS_00016887:3235-10672 -           1834 113432at6656         -            472  2.5e-122  408.5  77.5   2   4   6.5e-19   3.1e-15   55.4   1.2     3   102  1058  1179  1056  1212 0.63 -
TCONS_00016887:3235-10672 -           1834 113432at6656         -            472  2.5e-122  408.5  77.5   3   4   1.3e-55   6.2e-52  176.4  41.1   114   410  1229  1511  1223  1522 0.80 -
TCONS_00016887:3235-10672 -           1834 113432at6656         -            472  2.5e-122  408.5  77.5   4   4     3e-61   1.4e-57  195.0   5.9   255   471  1586  1810  1520  1811 0.76 -
#
# Program:         hmmsearch
# Version:         3.1b2 (February 2015)
# Pipeline mode:   SEARCH
# Query file:      /hpcdata/bcbb/homc/Barillaslab/Agam_hemo_transcriptomes/scripts/busco/busco_downloads/lineages/arthropoda_odb10/hmms/113432at6656.hmm
# Target file:     /hpcdata/bcbb/homc/Barillaslab/Agam_hemo_transcriptomes/scripts/busco/refguided_Agamhemo_BUSCO/run_arthropoda_odb10/metaeuk_output/initial_results/all_transcripts.comprehensive.v6.gffread.fa.modified.fas
# Option settings: hmmsearch --domtblout /hpcdata/bcbb/homc/Barillaslab/Agam_hemo_transcriptomes/scripts/busco/refguided_Agamhemo_BUSCO/run_arthropoda_odb10/hmmer_output/initial_run_results/113432at6656.out --cpu 1 /hpcdata/bcbb/homc/Barillaslab/Agam_hemo_transcriptomes/scripts/busco/busco_downloads/lineages/arthropoda_odb10/hmms/113432at6656.hmm /hpcdata/bcbb/homc/Barillaslab/Agam_hemo_transcriptomes/scripts/busco/refguided_Agamhemo_BUSCO/run_arthropoda_odb10/metaeuk_output/initial_results/all_transcripts.comprehensive.v6.gffread.fa.modified.fas 
# Current dir:     /hpcdata/bcbb/homc/Barillaslab/Agam_hemo_transcriptomes/scripts/busco
# Date:            Thu Feb  9 16:50:23 2023
# [ok]
