#                                                                               --- full sequence --- -------------- this domain -------------   hmm coord   ali coord   env coord
# target name           accession   tlen query name           accession   qlen   E-value  score  bias   #  of  c-Evalue  i-Evalue  score  bias  from    to  from    to  from    to  acc description of target
#   ------------------- ---------- ----- -------------------- ---------- ----- --------- ------ ----- --- --- --------- --------- ------ ----- ----- ----- ----- ----- ----- ----- ---- ---------------------
TCONS_00044057:72-1577  -            502 113668at6656         -            226   3.8e-75  251.0  19.8   1   3   4.2e-59   8.1e-56  187.8  13.8     1   149     1   186     1   194 0.84 -
TCONS_00044057:72-1577  -            502 113668at6656         -            226   3.8e-75  251.0  19.8   2   3   1.2e-14   2.4e-11   42.3   0.0   148   182   204   238   200   271 0.76 -
TCONS_00044057:72-1577  -            502 113668at6656         -            226   3.8e-75  251.0  19.8   3   3   1.2e-07   0.00022   19.5   0.1   178   226   356   417   349   417 0.71 -
TCONS_00030248:153-1169 -            339 113668at6656         -            226   1.1e-22   79.4   7.7   1   2   3.2e-06    0.0062   14.8   0.1    98   149    42    94    32   100 0.80 -
TCONS_00030248:153-1169 -            339 113668at6656         -            226   1.1e-22   79.4   7.7   2   2   6.8e-22   1.3e-18   66.1   3.6    56   177   102   235    97   250 0.79 -
TCONS_00032706:131-1165 -            345 113668at6656         -            226   2.7e-22   78.2   6.8   1   2   1.3e-05     0.025   12.9   0.1   111   149    78   116    72   122 0.73 -
TCONS_00032706:131-1165 -            345 113668at6656         -            226   2.7e-22   78.2   6.8   2   2     5e-22   9.7e-19   66.5   3.2    56   177   124   257   117   273 0.80 -
TCONS_00018965:369-1751 -            461 113668at6656         -            226   1.6e-12   46.2   4.8   1   1   1.4e-15   2.7e-12   45.5   4.8    36   154   130   265   120   274 0.82 -
TCONS_00025325:333-1715 -            461 113668at6656         -            226   1.6e-12   46.2   4.8   1   1   1.4e-15   2.7e-12   45.5   4.8    36   154   130   265   120   274 0.82 -
#
# Program:         hmmsearch
# Version:         3.1b2 (February 2015)
# Pipeline mode:   SEARCH
# Query file:      /hpcdata/bcbb/homc/Barillaslab/Agam_hemo_transcriptomes/scripts/busco/busco_downloads/lineages/arthropoda_odb10/hmms/113668at6656.hmm
# Target file:     /hpcdata/bcbb/homc/Barillaslab/Agam_hemo_transcriptomes/scripts/busco/refguided_Agamhemo_BUSCO/run_arthropoda_odb10/metaeuk_output/initial_results/all_transcripts.comprehensive.v6.gffread.fa.modified.fas
# Option settings: hmmsearch --domtblout /hpcdata/bcbb/homc/Barillaslab/Agam_hemo_transcriptomes/scripts/busco/refguided_Agamhemo_BUSCO/run_arthropoda_odb10/hmmer_output/initial_run_results/113668at6656.out --cpu 1 /hpcdata/bcbb/homc/Barillaslab/Agam_hemo_transcriptomes/scripts/busco/busco_downloads/lineages/arthropoda_odb10/hmms/113668at6656.hmm /hpcdata/bcbb/homc/Barillaslab/Agam_hemo_transcriptomes/scripts/busco/refguided_Agamhemo_BUSCO/run_arthropoda_odb10/metaeuk_output/initial_results/all_transcripts.comprehensive.v6.gffread.fa.modified.fas 
# Current dir:     /hpcdata/bcbb/homc/Barillaslab/Agam_hemo_transcriptomes/scripts/busco
# Date:            Thu Feb  9 16:50:26 2023
# [ok]
