#                                                                                --- full sequence --- -------------- this domain -------------   hmm coord   ali coord   env coord
# target name            accession   tlen query name           accession   qlen   E-value  score  bias   #  of  c-Evalue  i-Evalue  score  bias  from    to  from    to  from    to  acc description of target
#    ------------------- ---------- ----- -------------------- ---------- ----- --------- ------ ----- --- --- --------- --------- ------ ----- ----- ----- ----- ----- ----- ----- ---- ---------------------
TCONS_00019153:0-1688    -            563 11384at6656          -            850  2.8e-211  703.0   7.9   1   2  3.3e-201  2.8e-198  660.0   4.3   433   818    46   468    38   475 0.92 -
TCONS_00019153:0-1688    -            563 11384at6656          -            850  2.8e-211  703.0   7.9   2   2   3.5e-15   3.1e-12   44.5   0.1   813   844   496   527   491   530 0.93 -
TCONS_00027144:963-2741  -            593 11384at6656          -            850  3.6e-211  702.6   7.9   1   2  3.9e-201  3.4e-198  659.7   4.3   433   818    76   498    68   505 0.92 -
TCONS_00027144:963-2741  -            593 11384at6656          -            850  3.6e-211  702.6   7.9   2   2   3.8e-15   3.3e-12   44.4   0.1   813   844   526   557   521   560 0.93 -
TCONS_00001663:969-3851  -            961 11384at6656          -            850   1.2e-86  290.6  41.9   1   4   6.4e-06    0.0056   13.9   0.2    24    80     1    66     1   128 0.77 -
TCONS_00001663:969-3851  -            961 11384at6656          -            850   1.2e-86  290.6  41.9   2   4   1.9e-33   1.7e-30  105.0   6.4   112   266   203   353   190   361 0.89 -
TCONS_00001663:969-3851  -            961 11384at6656          -            850   1.2e-86  290.6  41.9   3   4       0.4   3.5e+02   -2.0   6.7   356   438   380   465   355   477 0.70 -
TCONS_00001663:969-3851  -            961 11384at6656          -            850   1.2e-86  290.6  41.9   4   4   1.1e-58   9.3e-56  188.5   7.7   441   789   578   961   569   961 0.87 -
TCONS_00011755:1129-4011 -            961 11384at6656          -            850   1.2e-86  290.6  41.9   1   4   6.4e-06    0.0056   13.9   0.2    24    80     1    66     1   128 0.77 -
TCONS_00011755:1129-4011 -            961 11384at6656          -            850   1.2e-86  290.6  41.9   2   4   1.9e-33   1.7e-30  105.0   6.4   112   266   203   353   190   361 0.89 -
TCONS_00011755:1129-4011 -            961 11384at6656          -            850   1.2e-86  290.6  41.9   3   4       0.4   3.5e+02   -2.0   6.7   356   438   380   465   355   477 0.70 -
TCONS_00011755:1129-4011 -            961 11384at6656          -            850   1.2e-86  290.6  41.9   4   4   1.1e-58   9.3e-56  188.5   7.7   441   789   578   961   569   961 0.87 -
TCONS_00013065:1075-3957 -            961 11384at6656          -            850   1.2e-86  290.6  41.9   1   4   6.4e-06    0.0056   13.9   0.2    24    80     1    66     1   128 0.77 -
TCONS_00013065:1075-3957 -            961 11384at6656          -            850   1.2e-86  290.6  41.9   2   4   1.9e-33   1.7e-30  105.0   6.4   112   266   203   353   190   361 0.89 -
TCONS_00013065:1075-3957 -            961 11384at6656          -            850   1.2e-86  290.6  41.9   3   4       0.4   3.5e+02   -2.0   6.7   356   438   380   465   355   477 0.70 -
TCONS_00013065:1075-3957 -            961 11384at6656          -            850   1.2e-86  290.6  41.9   4   4   1.1e-58   9.3e-56  188.5   7.7   441   789   578   961   569   961 0.87 -
TCONS_00004442:945-3845  -            967 11384at6656          -            850   1.3e-86  290.5  41.9   1   5   8.5e-06    0.0075   13.5   0.1    24    84     1    63     1    77 0.73 -
TCONS_00004442:945-3845  -            967 11384at6656          -            850   1.3e-86  290.5  41.9   2   5      0.25   2.1e+02   -1.3   0.0    78   108    93   125    88   135 0.82 -
TCONS_00004442:945-3845  -            967 11384at6656          -            850   1.3e-86  290.5  41.9   3   5   1.9e-33   1.7e-30  104.9   6.4   112   266   209   359   196   367 0.89 -
TCONS_00004442:945-3845  -            967 11384at6656          -            850   1.3e-86  290.5  41.9   4   5      0.41   3.6e+02   -2.0   6.7   356   438   386   471   361   483 0.70 -
TCONS_00004442:945-3845  -            967 11384at6656          -            850   1.3e-86  290.5  41.9   5   5   1.1e-58   9.4e-56  188.5   7.7   441   789   584   967   575   967 0.87 -
TCONS_00040335:443-3493  -           1017 11384at6656          -            850   8.2e-85  284.6   8.2   1   2   1.7e-35   1.5e-32  111.7   0.2    73   395    75   426    60   455 0.79 -
TCONS_00040335:443-3493  -           1017 11384at6656          -            850   8.2e-85  284.6   8.2   2   2   9.1e-55   7.9e-52  175.5   2.9   443   841   553   999   536  1008 0.79 -
TCONS_00048762:443-3493  -           1017 11384at6656          -            850   8.2e-85  284.6   8.2   1   2   1.7e-35   1.5e-32  111.7   0.2    73   395    75   426    60   455 0.79 -
TCONS_00048762:443-3493  -           1017 11384at6656          -            850   8.2e-85  284.6   8.2   2   2   9.1e-55   7.9e-52  175.5   2.9   443   841   553   999   536  1008 0.79 -
TCONS_00021370:41-2428   -            796 11384at6656          -            850   3.4e-60  203.2  23.9   1   3   3.7e-21   3.2e-18   64.3   0.1   123   321     1   197     1   223 0.87 -
TCONS_00021370:41-2428   -            796 11384at6656          -            850   3.4e-60  203.2  23.9   2   3   4.5e-06    0.0039   14.4   0.2   434   489   364   424   349   433 0.75 -
TCONS_00021370:41-2428   -            796 11384at6656          -            850   3.4e-60  203.2  23.9   3   3     4e-41   3.5e-38  130.3  14.2   506   808   466   792   451   796 0.85 -
TCONS_00018717:928-2196  -            423 11384at6656          -            850   1.8e-41  141.2  17.1   1   2   3.4e-06     0.003   14.8   0.2   435   489     4    63     1    72 0.77 -
TCONS_00018717:928-2196  -            423 11384at6656          -            850   1.8e-41  141.2  17.1   2   2     6e-41   5.2e-38  129.8  11.8   506   797   105   420    90   423 0.85 -
TCONS_00018718:684-1952  -            423 11384at6656          -            850   1.8e-41  141.2  17.1   1   2   3.4e-06     0.003   14.8   0.2   435   489     4    63     1    72 0.77 -
TCONS_00018718:684-1952  -            423 11384at6656          -            850   1.8e-41  141.2  17.1   2   2     6e-41   5.2e-38  129.8  11.8   506   797   105   420    90   423 0.85 -
#
# Program:         hmmsearch
# Version:         3.1b2 (February 2015)
# Pipeline mode:   SEARCH
# Query file:      /hpcdata/bcbb/homc/Barillaslab/Agam_hemo_transcriptomes/scripts/busco/busco_downloads/lineages/arthropoda_odb10/hmms/11384at6656.hmm
# Target file:     /hpcdata/bcbb/homc/Barillaslab/Agam_hemo_transcriptomes/scripts/busco/refguided_Agamhemo_BUSCO/run_arthropoda_odb10/metaeuk_output/initial_results/all_transcripts.comprehensive.v6.gffread.fa.modified.fas
# Option settings: hmmsearch --domtblout /hpcdata/bcbb/homc/Barillaslab/Agam_hemo_transcriptomes/scripts/busco/refguided_Agamhemo_BUSCO/run_arthropoda_odb10/hmmer_output/initial_run_results/11384at6656.out --cpu 1 /hpcdata/bcbb/homc/Barillaslab/Agam_hemo_transcriptomes/scripts/busco/busco_downloads/lineages/arthropoda_odb10/hmms/11384at6656.hmm /hpcdata/bcbb/homc/Barillaslab/Agam_hemo_transcriptomes/scripts/busco/refguided_Agamhemo_BUSCO/run_arthropoda_odb10/metaeuk_output/initial_results/all_transcripts.comprehensive.v6.gffread.fa.modified.fas 
# Current dir:     /hpcdata/bcbb/homc/Barillaslab/Agam_hemo_transcriptomes/scripts/busco
# Date:            Thu Feb  9 16:50:27 2023
# [ok]
