#                                                                                --- full sequence --- -------------- this domain -------------   hmm coord   ali coord   env coord
# target name            accession   tlen query name           accession   qlen   E-value  score  bias   #  of  c-Evalue  i-Evalue  score  bias  from    to  from    to  from    to  acc description of target
#    ------------------- ---------- ----- -------------------- ---------- ----- --------- ------ ----- --- --- --------- --------- ------ ----- ----- ----- ----- ----- ----- ----- ---- ---------------------
TCONS_00059170:1110-1766 -            219 115208at6656         -            178   1.7e-96  320.2   0.1   1   1   4.3e-98   2.1e-96  319.9   0.1     1   178     1   198     1   198 0.96 -
TCONS_00059171:1026-1682 -            219 115208at6656         -            178   1.7e-96  320.2   0.1   1   1   4.3e-98   2.1e-96  319.9   0.1     1   178     1   198     1   198 0.96 -
TCONS_00064087:1205-1861 -            219 115208at6656         -            178   1.7e-96  320.2   0.1   1   1   4.3e-98   2.1e-96  319.9   0.1     1   178     1   198     1   198 0.96 -
TCONS_00064088:1098-1754 -            219 115208at6656         -            178   1.7e-96  320.2   0.1   1   1   4.3e-98   2.1e-96  319.9   0.1     1   178     1   198     1   198 0.96 -
TCONS_00001920:576-1208  -            211 115208at6656         -            178   2.2e-51  173.3   0.2   1   1   5.3e-53   2.5e-51  173.0   0.2     7   177     2   186     1   187 0.92 -
TCONS_00005296:543-1175  -            211 115208at6656         -            178   2.2e-51  173.3   0.2   1   1   5.3e-53   2.5e-51  173.0   0.2     7   177     2   186     1   187 0.92 -
TCONS_00007369:484-1116  -            211 115208at6656         -            178   2.2e-51  173.3   0.2   1   1   5.3e-53   2.5e-51  173.0   0.2     7   177     2   186     1   187 0.92 -
TCONS_00040960:925-1515  -            197 115208at6656         -            178   1.6e-46  157.4   0.1   1   1   4.1e-48     2e-46  157.1   0.1     6   175     2   185     1   187 0.88 -
TCONS_00040959:1840-2427 -            196 115208at6656         -            178   1.9e-46  157.2   0.1   1   1     5e-48   2.4e-46  156.8   0.1     6   175     1   184     1   186 0.88 -
TCONS_00040961:496-1083  -            196 115208at6656         -            178   1.9e-46  157.2   0.1   1   1     5e-48   2.4e-46  156.8   0.1     6   175     1   184     1   186 0.88 -
TCONS_00048857:519-1106  -            196 115208at6656         -            178   1.9e-46  157.2   0.1   1   1     5e-48   2.4e-46  156.8   0.1     6   175     1   184     1   186 0.88 -
TCONS_00015570:315-959   -            215 115208at6656         -            178     3e-43  146.7   0.1   1   1   8.1e-45   3.9e-43  146.4   0.1     5   164     7   180     4   188 0.88 -
TCONS_00015572:253-897   -            215 115208at6656         -            178     3e-43  146.7   0.1   1   1   8.1e-45   3.9e-43  146.4   0.1     5   164     7   180     4   188 0.88 -
TCONS_00015573:353-997   -            215 115208at6656         -            178     3e-43  146.7   0.1   1   1   8.1e-45   3.9e-43  146.4   0.1     5   164     7   180     4   188 0.88 -
TCONS_00015575:420-1064  -            215 115208at6656         -            178     3e-43  146.7   0.1   1   1   8.1e-45   3.9e-43  146.4   0.1     5   164     7   180     4   188 0.88 -
TCONS_00015576:413-1057  -            215 115208at6656         -            178     3e-43  146.7   0.1   1   1   8.1e-45   3.9e-43  146.4   0.1     5   164     7   180     4   188 0.88 -
TCONS_00028800:1528-2172 -            215 115208at6656         -            178     3e-43  146.7   0.1   1   1   8.1e-45   3.9e-43  146.4   0.1     5   164     7   180     4   188 0.88 -
TCONS_00017172:205-693   -            163 115208at6656         -            178   8.9e-39  132.2   0.0   1   1   2.4e-40   1.1e-38  131.8   0.0     5   150     5   163     2   163 0.89 -
TCONS_00023330:53-745    -            200 115208at6656         -            178   8.9e-39  132.2   0.0   1   1   2.3e-40   1.1e-38  131.9   0.0    13   151     2   153     1   171 0.86 -
TCONS_00018301:368-938   -            155 115208at6656         -            178   1.1e-37  128.7   0.1   1   1   2.5e-39   1.2e-37  128.5   0.1     6   150     1   155     1   155 0.86 -
TCONS_00014329:417-1004  -            196 115208at6656         -            178     7e-37  126.0   0.1   1   1   1.8e-38   8.5e-37  125.7   0.1     6   167     3   177     1   184 0.85 -
TCONS_00021415:667-1254  -            196 115208at6656         -            178     7e-37  126.0   0.1   1   1   1.8e-38   8.5e-37  125.7   0.1     6   167     3   177     1   184 0.85 -
TCONS_00017142:368-841   -            158 115208at6656         -            178   8.2e-37  125.8   0.1   1   1     2e-38   9.5e-37  125.6   0.1     6   150     1   158     1   158 0.82 -
TCONS_00004023:183-752   -            190 115208at6656         -            178   1.1e-36  125.3   0.3   1   1   2.9e-38   1.4e-36  125.0   0.3     5   154     3   167     1   190 0.80 -
TCONS_00013883:725-1303  -            193 115208at6656         -            178   7.6e-36  122.6   0.4   1   1   2.2e-37   1.1e-35  122.1   0.4     5   160    15   184    12   191 0.82 -
TCONS_00016566:340-846   -            169 115208at6656         -            178     2e-35  121.3   0.2   1   1   4.7e-37   2.3e-35  121.1   0.2     6   142    13   160     8   169 0.84 -
TCONS_00059270:617-1219  -            201 115208at6656         -            178     2e-35  121.3   0.2   1   1   5.2e-37   2.5e-35  120.9   0.2     5   164     4   177     1   184 0.85 -
TCONS_00059271:665-1267  -            201 115208at6656         -            178     2e-35  121.3   0.2   1   1   5.2e-37   2.5e-35  120.9   0.2     5   164     4   177     1   184 0.85 -
TCONS_00059273:1026-1628 -            201 115208at6656         -            178     2e-35  121.3   0.2   1   1   5.2e-37   2.5e-35  120.9   0.2     5   164     4   177     1   184 0.85 -
TCONS_00059840:687-1289  -            201 115208at6656         -            178     2e-35  121.3   0.2   1   1   5.2e-37   2.5e-35  120.9   0.2     5   164     4   177     1   184 0.85 -
TCONS_00059841:594-1196  -            201 115208at6656         -            178     2e-35  121.3   0.2   1   1   5.2e-37   2.5e-35  120.9   0.2     5   164     4   177     1   184 0.85 -
TCONS_00059842:522-1124  -            201 115208at6656         -            178     2e-35  121.3   0.2   1   1   5.2e-37   2.5e-35  120.9   0.2     5   164     4   177     1   184 0.85 -
TCONS_00059843:466-1068  -            201 115208at6656         -            178     2e-35  121.3   0.2   1   1   5.2e-37   2.5e-35  120.9   0.2     5   164     4   177     1   184 0.85 -
TCONS_00063437:727-1329  -            201 115208at6656         -            178     2e-35  121.3   0.2   1   1   5.2e-37   2.5e-35  120.9   0.2     5   164     4   177     1   184 0.85 -
TCONS_00063895:695-1297  -            201 115208at6656         -            178     2e-35  121.3   0.2   1   1   5.2e-37   2.5e-35  120.9   0.2     5   164     4   177     1   184 0.85 -
TCONS_00064100:698-1300  -            201 115208at6656         -            178     2e-35  121.3   0.2   1   1   5.2e-37   2.5e-35  120.9   0.2     5   164     4   177     1   184 0.85 -
TCONS_00027918:425-1728  -            168 115208at6656         -            178   1.5e-33  115.2   0.3   1   1   3.6e-35   1.7e-33  114.9   0.3     6   142    13   159     8   168 0.84 -
TCONS_00030840:279-761   -            161 115208at6656         -            178   6.9e-33  113.0   0.1   1   1   1.7e-34     8e-33  112.8   0.1    10   151     1   155     1   161 0.86 -
TCONS_00030841:279-933   -            194 115208at6656         -            178     3e-31  107.6   0.1   1   1   7.6e-33   3.7e-31  107.4   0.1    10   156     1   161     1   176 0.86 -
TCONS_00035390:273-1056  -            194 115208at6656         -            178     3e-31  107.6   0.1   1   1   7.6e-33   3.7e-31  107.4   0.1    10   156     1   161     1   176 0.86 -
TCONS_00038304:862-1398  -            179 115208at6656         -            178   9.8e-31  106.0   0.1   1   1   2.5e-32   1.2e-30  105.7   0.1    10   151     1   155     1   172 0.87 -
TCONS_00031050:881-1468  -            196 115208at6656         -            178   1.2e-30  105.7   0.1   1   1   3.1e-32   1.5e-30  105.4   0.1    10   152     1   156     1   176 0.86 -
TCONS_00039484:363-917   -            185 115208at6656         -            178   3.4e-30  104.2   0.0   1   1   8.4e-32   4.1e-30  104.0   0.0    10   150     1   154     1   168 0.88 -
TCONS_00039485:660-1214  -            185 115208at6656         -            178   3.4e-30  104.2   0.0   1   1   8.4e-32   4.1e-30  104.0   0.0    10   150     1   154     1   168 0.88 -
TCONS_00039486:406-960   -            185 115208at6656         -            178   3.4e-30  104.2   0.0   1   1   8.4e-32   4.1e-30  104.0   0.0    10   150     1   154     1   168 0.88 -
TCONS_00039487:1903-2457 -            185 115208at6656         -            178   3.4e-30  104.2   0.0   1   1   8.4e-32   4.1e-30  104.0   0.0    10   150     1   154     1   168 0.88 -
TCONS_00039488:2768-3322 -            185 115208at6656         -            178   3.4e-30  104.2   0.0   1   1   8.4e-32   4.1e-30  104.0   0.0    10   150     1   154     1   168 0.88 -
TCONS_00042502:415-969   -            185 115208at6656         -            178   3.4e-30  104.2   0.0   1   1   8.4e-32   4.1e-30  104.0   0.0    10   150     1   154     1   168 0.88 -
TCONS_00044471:332-886   -            185 115208at6656         -            178   3.4e-30  104.2   0.0   1   1   8.4e-32   4.1e-30  104.0   0.0    10   150     1   154     1   168 0.88 -
TCONS_00044472:318-872   -            185 115208at6656         -            178   3.4e-30  104.2   0.0   1   1   8.4e-32   4.1e-30  104.0   0.0    10   150     1   154     1   168 0.88 -
TCONS_00045807:2823-3377 -            185 115208at6656         -            178   3.4e-30  104.2   0.0   1   1   8.4e-32   4.1e-30  104.0   0.0    10   150     1   154     1   168 0.88 -
TCONS_00048149:363-917   -            185 115208at6656         -            178   3.4e-30  104.2   0.0   1   1   8.4e-32   4.1e-30  104.0   0.0    10   150     1   154     1   168 0.88 -
TCONS_00048624:363-917   -            185 115208at6656         -            178   3.4e-30  104.2   0.0   1   1   8.4e-32   4.1e-30  104.0   0.0    10   150     1   154     1   168 0.88 -
TCONS_00048625:363-917   -            185 115208at6656         -            178   3.4e-30  104.2   0.0   1   1   8.4e-32   4.1e-30  104.0   0.0    10   150     1   154     1   168 0.88 -
TCONS_00049786:707-1261  -            185 115208at6656         -            178   3.4e-30  104.2   0.0   1   1   8.4e-32   4.1e-30  104.0   0.0    10   150     1   154     1   168 0.88 -
TCONS_00049787:473-1027  -            185 115208at6656         -            178   3.4e-30  104.2   0.0   1   1   8.4e-32   4.1e-30  104.0   0.0    10   150     1   154     1   168 0.88 -
TCONS_00003648:1074-1589 -            172 115208at6656         -            178   6.1e-28   96.9   0.1   1   1   1.5e-29   7.4e-28   96.6   0.1    11   136     9   139     3   162 0.85 -
TCONS_00006500:1007-1522 -            172 115208at6656         -            178   6.1e-28   96.9   0.1   1   1   1.5e-29   7.4e-28   96.6   0.1    11   136     9   139     3   162 0.85 -
TCONS_00011568:1002-1517 -            172 115208at6656         -            178   6.1e-28   96.9   0.1   1   1   1.5e-29   7.4e-28   96.6   0.1    11   136     9   139     3   162 0.85 -
TCONS_00006498:88-516    -            143 115208at6656         -            178   1.5e-26   92.4   0.0   1   1   3.5e-28   1.7e-26   92.2   0.0    13   136     3   131     1   141 0.85 -
TCONS_00040424:1177-1782 -            202 115208at6656         -            178     1e-25   89.7   0.0   1   1   2.7e-27   1.3e-25   89.3   0.0    11   162     3   172     1   188 0.84 -
TCONS_00043236:861-1466  -            202 115208at6656         -            178     1e-25   89.7   0.0   1   1   2.7e-27   1.3e-25   89.3   0.0    11   162     3   172     1   188 0.84 -
TCONS_00046789:620-1225  -            202 115208at6656         -            178     1e-25   89.7   0.0   1   1   2.7e-27   1.3e-25   89.3   0.0    11   162     3   172     1   188 0.84 -
TCONS_00006499:618-1130  -            171 115208at6656         -            178   1.3e-25   89.3   0.1   1   1     3e-27   1.5e-25   89.1   0.1    20   136     1   122     1   149 0.85 -
TCONS_00000590:265-852   -            196 115208at6656         -            178   8.4e-25   86.7   0.1   1   1   2.2e-26   1.1e-24   86.3   0.1    11   154     3   164     1   184 0.82 -
TCONS_00000591:278-865   -            196 115208at6656         -            178   8.4e-25   86.7   0.1   1   1   2.2e-26   1.1e-24   86.3   0.1    11   154     3   164     1   184 0.82 -
TCONS_00000593:1037-1624 -            196 115208at6656         -            178   8.4e-25   86.7   0.1   1   1   2.2e-26   1.1e-24   86.3   0.1    11   154     3   164     1   184 0.82 -
TCONS_00000594:1088-1675 -            196 115208at6656         -            178   8.4e-25   86.7   0.1   1   1   2.2e-26   1.1e-24   86.3   0.1    11   154     3   164     1   184 0.82 -
TCONS_00000609:1750-2337 -            196 115208at6656         -            178   8.4e-25   86.7   0.1   1   1   2.2e-26   1.1e-24   86.3   0.1    11   154     3   164     1   184 0.82 -
TCONS_00000610:1040-1627 -            196 115208at6656         -            178   8.4e-25   86.7   0.1   1   1   2.2e-26   1.1e-24   86.3   0.1    11   154     3   164     1   184 0.82 -
TCONS_00000611:917-1504  -            196 115208at6656         -            178   8.4e-25   86.7   0.1   1   1   2.2e-26   1.1e-24   86.3   0.1    11   154     3   164     1   184 0.82 -
TCONS_00000618:2324-2911 -            196 115208at6656         -            178   8.4e-25   86.7   0.1   1   1   2.2e-26   1.1e-24   86.3   0.1    11   154     3   164     1   184 0.82 -
TCONS_00000619:840-1427  -            196 115208at6656         -            178   8.4e-25   86.7   0.1   1   1   2.2e-26   1.1e-24   86.3   0.1    11   154     3   164     1   184 0.82 -
TCONS_00015902:184-771   -            196 115208at6656         -            178   8.4e-25   86.7   0.1   1   1   2.2e-26   1.1e-24   86.3   0.1    11   154     3   164     1   184 0.82 -
TCONS_00015903:826-1413  -            196 115208at6656         -            178   8.4e-25   86.7   0.1   1   1   2.2e-26   1.1e-24   86.3   0.1    11   154     3   164     1   184 0.82 -
TCONS_00015905:190-777   -            196 115208at6656         -            178   8.4e-25   86.7   0.1   1   1   2.2e-26   1.1e-24   86.3   0.1    11   154     3   164     1   184 0.82 -
TCONS_00028857:981-1568  -            196 115208at6656         -            178   8.4e-25   86.7   0.1   1   1   2.2e-26   1.1e-24   86.3   0.1    11   154     3   164     1   184 0.82 -
TCONS_00028858:230-817   -            196 115208at6656         -            178   8.4e-25   86.7   0.1   1   1   2.2e-26   1.1e-24   86.3   0.1    11   154     3   164     1   184 0.82 -
TCONS_00032094:1513-2052 -            180 115208at6656         -            178   1.2e-23   82.9   0.3   1   1   2.7e-25   1.3e-23   82.8   0.3     8   139     6   141     1   177 0.77 -
TCONS_00037976:1029-1568 -            180 115208at6656         -            178   1.2e-23   82.9   0.3   1   1   2.7e-25   1.3e-23   82.8   0.3     8   139     6   141     1   177 0.77 -
TCONS_00007531:786-1205  -            140 115208at6656         -            178   1.4e-23   82.6   0.0   1   1   3.4e-25   1.7e-23   82.4   0.0    13   136     3   128     1   138 0.84 -
TCONS_00002878:460-1080  -            207 115208at6656         -            178   2.5e-23   81.8   0.4   1   1   8.4e-25     4e-23   81.2   0.4     9   109    12   116     7   185 0.86 -
TCONS_00005954:250-870   -            207 115208at6656         -            178   2.9e-23   81.6   0.4   1   1   8.5e-25   4.1e-23   81.1   0.4     9   109    16   120    11   191 0.86 -
TCONS_00002879:425-1018  -            198 115208at6656         -            178   2.9e-23   81.6   0.4   1   1   8.8e-25   4.3e-23   81.1   0.4    10   109     4   107     1   179 0.86 -
TCONS_00009303:3431-4114 -            228 115208at6656         -            178   3.7e-23   81.3   0.4   1   1   1.1e-24   5.3e-23   80.8   0.4     9   109    37   141    32   212 0.86 -
TCONS_00012812:3337-4029 -            231 115208at6656         -            178   3.8e-23   81.2   0.4   1   1   1.1e-24   5.5e-23   80.7   0.4     9   109    40   144    35   214 0.86 -
TCONS_00000645:3064-3514 -            128 115208at6656         -            178   6.7e-23   80.4   0.0   1   1   1.5e-24   7.3e-23   80.3   0.0    12   128     2   126     1   128 0.85 -
TCONS_00046722:311-910   -            200 115208at6656         -            178   2.7e-21   75.2   0.0   1   1   7.3e-23   3.5e-21   74.8   0.0    11   130     1   123     1   138 0.89 -
TCONS_00059359:1014-1808 -            265 115208at6656         -            178   4.7e-21   74.4   0.0   1   1   1.4e-22     7e-21   73.9   0.0     6   137     8   143     4   166 0.84 -
TCONS_00005546:567-1091  -            175 115208at6656         -            178   4.5e-17   61.5   0.0   1   1   1.1e-18   5.2e-17   61.3   0.0    10   150     1   141     1   164 0.81 -
TCONS_00020199:295-843   -            183 115208at6656         -            178   8.9e-17   60.5   0.1   1   1   2.1e-18     1e-16   60.3   0.1     8   161    13   179     7   183 0.86 -
TCONS_00001630:1908-2381 -            158 115208at6656         -            178   2.4e-16   59.1   0.0   1   1   5.9e-18   2.9e-16   58.8   0.0    10   150     1   154     1   157 0.80 -
TCONS_00001631:2307-2780 -            158 115208at6656         -            178   2.4e-16   59.1   0.0   1   1   5.9e-18   2.9e-16   58.8   0.0    10   150     1   154     1   157 0.80 -
TCONS_00007260:792-1265  -            158 115208at6656         -            178   2.4e-16   59.1   0.0   1   1   5.9e-18   2.9e-16   58.8   0.0    10   150     1   154     1   157 0.80 -
TCONS_00016007:362-874   -            171 115208at6656         -            178     6e-16   57.8   0.1   1   1   1.5e-17   7.1e-16   57.6   0.1    10   156     1   161     1   169 0.78 -
TCONS_00016008:441-953   -            171 115208at6656         -            178     6e-16   57.8   0.1   1   1   1.5e-17   7.1e-16   57.6   0.1    10   156     1   161     1   169 0.78 -
TCONS_00016009:1098-1610 -            171 115208at6656         -            178     6e-16   57.8   0.1   1   1   1.5e-17   7.1e-16   57.6   0.1    10   156     1   161     1   169 0.78 -
TCONS_00022125:676-1188  -            171 115208at6656         -            178     6e-16   57.8   0.1   1   1   1.5e-17   7.1e-16   57.6   0.1    10   156     1   161     1   169 0.78 -
TCONS_00026721:675-1187  -            171 115208at6656         -            178     6e-16   57.8   0.1   1   1   1.5e-17   7.1e-16   57.6   0.1    10   156     1   161     1   169 0.78 -
TCONS_00026722:675-1187  -            171 115208at6656         -            178     6e-16   57.8   0.1   1   1   1.5e-17   7.1e-16   57.6   0.1    10   156     1   161     1   169 0.78 -
TCONS_00026723:675-1187  -            171 115208at6656         -            178     6e-16   57.8   0.1   1   1   1.5e-17   7.1e-16   57.6   0.1    10   156     1   161     1   169 0.78 -
TCONS_00028880:676-1188  -            171 115208at6656         -            178     6e-16   57.8   0.1   1   1   1.5e-17   7.1e-16   57.6   0.1    10   156     1   161     1   169 0.78 -
TCONS_00016152:1093-1572 -            160 115208at6656         -            178   6.5e-16   57.7   0.1   1   1   1.5e-17     7e-16   57.6   0.1    10   143     1   145     1   160 0.82 -
TCONS_00004289:284-784   -            167 115208at6656         -            178   1.3e-15   56.7   0.0   1   1   3.4e-17   1.7e-15   56.4   0.0    10   129     9   129     5   152 0.87 -
TCONS_00004981:326-826   -            167 115208at6656         -            178   1.3e-15   56.7   0.0   1   1   3.4e-17   1.7e-15   56.4   0.0    10   129     9   129     5   152 0.87 -
TCONS_00004982:1021-1521 -            167 115208at6656         -            178   1.3e-15   56.7   0.0   1   1   3.4e-17   1.7e-15   56.4   0.0    10   129     9   129     5   152 0.87 -
TCONS_00003210:582-1118  -            179 115208at6656         -            178   1.7e-15   56.3   0.0   1   1   5.4e-17   2.6e-15   55.7   0.0    11   127     1   118     1   147 0.86 -
TCONS_00006210:488-1024  -            179 115208at6656         -            178   1.7e-15   56.3   0.0   1   1   5.4e-17   2.6e-15   55.7   0.0    11   127     1   118     1   147 0.86 -
TCONS_00010721:567-1103  -            179 115208at6656         -            178   1.7e-15   56.3   0.0   1   1   5.4e-17   2.6e-15   55.7   0.0    11   127     1   118     1   147 0.86 -
TCONS_00011477:276-812   -            179 115208at6656         -            178   1.7e-15   56.3   0.0   1   1   5.4e-17   2.6e-15   55.7   0.0    11   127     1   118     1   147 0.86 -
TCONS_00011478:218-754   -            179 115208at6656         -            178   1.7e-15   56.3   0.0   1   1   5.4e-17   2.6e-15   55.7   0.0    11   127     1   118     1   147 0.86 -
TCONS_00011484:627-1163  -            179 115208at6656         -            178   1.7e-15   56.3   0.0   1   1   5.4e-17   2.6e-15   55.7   0.0    11   127     1   118     1   147 0.86 -
TCONS_00012406:2403-2939 -            179 115208at6656         -            178   1.7e-15   56.3   0.0   1   1   5.4e-17   2.6e-15   55.7   0.0    11   127     1   118     1   147 0.86 -
TCONS_00012866:251-787   -            179 115208at6656         -            178   1.7e-15   56.3   0.0   1   1   5.4e-17   2.6e-15   55.7   0.0    11   127     1   118     1   147 0.86 -
TCONS_00012867:538-1074  -            179 115208at6656         -            178   1.7e-15   56.3   0.0   1   1   5.4e-17   2.6e-15   55.7   0.0    11   127     1   118     1   147 0.86 -
TCONS_00013269:245-781   -            179 115208at6656         -            178   1.7e-15   56.3   0.0   1   1   5.4e-17   2.6e-15   55.7   0.0    11   127     1   118     1   147 0.86 -
TCONS_00012407:77-586    -            170 115208at6656         -            178   1.7e-15   56.3   0.0   1   1   3.8e-17   1.8e-15   56.2   0.0    11   127     1   118     1   164 0.86 -
TCONS_00012408:294-803   -            170 115208at6656         -            178   1.7e-15   56.3   0.0   1   1   3.8e-17   1.8e-15   56.2   0.0    11   127     1   118     1   164 0.86 -
TCONS_00013270:337-846   -            170 115208at6656         -            178   1.7e-15   56.3   0.0   1   1   3.8e-17   1.8e-15   56.2   0.0    11   127     1   118     1   164 0.86 -
TCONS_00028851:732-1253  -            174 115208at6656         -            178   3.9e-15   55.2   0.0   1   1   9.7e-17   4.7e-15   54.9   0.0    11   128    10   128     7   163 0.82 -
TCONS_00027278:228-722   -            165 115208at6656         -            178   5.7e-15   54.6   0.0   1   1   1.3e-16   6.4e-15   54.4   0.0    12   128     2   119     1   154 0.82 -
TCONS_00030398:212-724   -            171 115208at6656         -            178   2.2e-14   52.7   0.0   1   1   5.3e-16   2.6e-14   52.5   0.0    11   149    12   163     9   171 0.76 -
TCONS_00032795:182-688   -            169 115208at6656         -            178   2.9e-14   52.3   0.0   1   1   7.6e-16   3.7e-14   52.0   0.0    11   142    12   155     9   166 0.75 -
TCONS_00019077:1074-1613 -            180 115208at6656         -            178   3.9e-14   51.9   0.0   1   1   1.5e-15   7.1e-14   51.0   0.0    12   131     7   127     4   153 0.82 -
TCONS_00019078:817-1356  -            180 115208at6656         -            178   3.9e-14   51.9   0.0   1   1   1.5e-15   7.1e-14   51.0   0.0    12   131     7   127     4   153 0.82 -
TCONS_00019079:1181-1720 -            180 115208at6656         -            178   3.9e-14   51.9   0.0   1   1   1.5e-15   7.1e-14   51.0   0.0    12   131     7   127     4   153 0.82 -
TCONS_00021613:807-1346  -            180 115208at6656         -            178   3.9e-14   51.9   0.0   1   1   1.5e-15   7.1e-14   51.0   0.0    12   131     7   127     4   153 0.82 -
TCONS_00021614:1040-1579 -            180 115208at6656         -            178   3.9e-14   51.9   0.0   1   1   1.5e-15   7.1e-14   51.0   0.0    12   131     7   127     4   153 0.82 -
TCONS_00026493:866-1405  -            180 115208at6656         -            178   3.9e-14   51.9   0.0   1   1   1.5e-15   7.1e-14   51.0   0.0    12   131     7   127     4   153 0.82 -
TCONS_00027131:1441-1980 -            180 115208at6656         -            178   3.9e-14   51.9   0.0   1   1   1.5e-15   7.1e-14   51.0   0.0    12   131     7   127     4   153 0.82 -
TCONS_00027132:928-1467  -            180 115208at6656         -            178   3.9e-14   51.9   0.0   1   1   1.5e-15   7.1e-14   51.0   0.0    12   131     7   127     4   153 0.82 -
TCONS_00028212:799-1338  -            180 115208at6656         -            178   3.9e-14   51.9   0.0   1   1   1.5e-15   7.1e-14   51.0   0.0    12   131     7   127     4   153 0.82 -
TCONS_00028715:1254-1793 -            180 115208at6656         -            178   3.9e-14   51.9   0.0   1   1   1.5e-15   7.1e-14   51.0   0.0    12   131     7   127     4   153 0.82 -
TCONS_00029214:795-1334  -            180 115208at6656         -            178   3.9e-14   51.9   0.0   1   1   1.5e-15   7.1e-14   51.0   0.0    12   131     7   127     4   153 0.82 -
TCONS_00003356:451-990   -            180 115208at6656         -            178   4.8e-14   51.6   0.0   1   1   1.2e-15   5.8e-14   51.3   0.0    11   128     8   126     3   153 0.81 -
TCONS_00013285:861-1400  -            180 115208at6656         -            178   4.8e-14   51.6   0.0   1   1   1.2e-15   5.8e-14   51.3   0.0    11   128     8   126     3   153 0.81 -
TCONS_00003201:430-984   -            185 115208at6656         -            178   3.5e-13   48.8   0.0   1   1   8.3e-15     4e-13   48.6   0.0    10   137     1   133     1   173 0.82 -
TCONS_00003202:430-984   -            185 115208at6656         -            178   3.5e-13   48.8   0.0   1   1   8.3e-15     4e-13   48.6   0.0    10   137     1   133     1   173 0.82 -
TCONS_00006204:397-951   -            185 115208at6656         -            178   3.5e-13   48.8   0.0   1   1   8.3e-15     4e-13   48.6   0.0    10   137     1   133     1   173 0.82 -
TCONS_00028852:741-1423  -            162 115208at6656         -            178   3.5e-12   45.5   0.0   1   1   5.7e-13   2.8e-11   42.6   0.0    11   128     7   116     4   149 0.81 -
TCONS_00016031:805-1311  -            169 115208at6656         -            178   5.6e-12   44.9   0.2   1   1   1.4e-13   6.8e-12   44.6   0.2     9   140    12   148     5   168 0.75 -
TCONS_00016265:933-1448  -            172 115208at6656         -            178     7e-12   44.6   0.0   1   1   1.8e-13   8.5e-12   44.3   0.0    11   130     8   128     4   165 0.75 -
TCONS_00016266:933-1448  -            172 115208at6656         -            178     7e-12   44.6   0.0   1   1   1.8e-13   8.5e-12   44.3   0.0    11   130     8   128     4   165 0.75 -
TCONS_00016267:336-851   -            172 115208at6656         -            178     7e-12   44.6   0.0   1   1   1.8e-13   8.5e-12   44.3   0.0    11   130     8   128     4   165 0.75 -
TCONS_00016268:435-950   -            172 115208at6656         -            178     7e-12   44.6   0.0   1   1   1.8e-13   8.5e-12   44.3   0.0    11   130     8   128     4   165 0.75 -
TCONS_00018114:675-1190  -            172 115208at6656         -            178     7e-12   44.6   0.0   1   1   1.8e-13   8.5e-12   44.3   0.0    11   130     8   128     4   165 0.75 -
TCONS_00018115:491-1006  -            172 115208at6656         -            178     7e-12   44.6   0.0   1   1   1.8e-13   8.5e-12   44.3   0.0    11   130     8   128     4   165 0.75 -
TCONS_00020095:319-834   -            172 115208at6656         -            178     7e-12   44.6   0.0   1   1   1.8e-13   8.5e-12   44.3   0.0    11   130     8   128     4   165 0.75 -
TCONS_00022260:433-948   -            172 115208at6656         -            178     7e-12   44.6   0.0   1   1   1.8e-13   8.5e-12   44.3   0.0    11   130     8   128     4   165 0.75 -
TCONS_00023436:344-859   -            172 115208at6656         -            178     7e-12   44.6   0.0   1   1   1.8e-13   8.5e-12   44.3   0.0    11   130     8   128     4   165 0.75 -
TCONS_00014795:128-460   -            111 115208at6656         -            178   7.6e-11   41.2   0.0   1   1   1.7e-12   8.1e-11   41.1   0.0    14   115     4   107     1   111 0.84 -
TCONS_00023465:171-584   -            138 115208at6656         -            178   1.1e-10   40.7   0.1   1   1   2.6e-12   1.2e-10   40.5   0.1    53   161    11   134     3   138 0.83 -
TCONS_00040169:578-913   -            112 115208at6656         -            178   1.2e-10   40.6   0.0   1   1   2.7e-12   1.3e-10   40.4   0.0    61   130     1    72     1    93 0.88 -
TCONS_00005277:1606-2082 -            159 115208at6656         -            178   6.6e-09   34.9   0.0   1   1   1.6e-10   7.6e-09   34.7   0.0    10   142     2   149     1   159 0.73 -
TCONS_00005709:2321-2830 -            170 115208at6656         -            178   1.8e-08   33.4   0.0   1   1   4.3e-10   2.1e-08   33.2   0.0     8   128     8   126     1   144 0.81 -
TCONS_00007657:1037-1546 -            170 115208at6656         -            178   1.8e-08   33.4   0.0   1   1   4.3e-10   2.1e-08   33.2   0.0     8   128     8   126     1   144 0.81 -
TCONS_00007658:1084-1593 -            170 115208at6656         -            178   1.8e-08   33.4   0.0   1   1   4.3e-10   2.1e-08   33.2   0.0     8   128     8   126     1   144 0.81 -
TCONS_00011870:1097-1606 -            170 115208at6656         -            178   1.8e-08   33.4   0.0   1   1   4.3e-10   2.1e-08   33.2   0.0     8   128     8   126     1   144 0.81 -
TCONS_00012297:1091-1600 -            170 115208at6656         -            178   1.8e-08   33.4   0.0   1   1   4.3e-10   2.1e-08   33.2   0.0     8   128     8   126     1   144 0.81 -
TCONS_00012768:1430-1939 -            170 115208at6656         -            178   1.8e-08   33.4   0.0   1   1   4.3e-10   2.1e-08   33.2   0.0     8   128     8   126     1   144 0.81 -
TCONS_00012769:1002-1511 -            170 115208at6656         -            178   1.8e-08   33.4   0.0   1   1   4.3e-10   2.1e-08   33.2   0.0     8   128     8   126     1   144 0.81 -
TCONS_00002378:1358-1867 -            170 115208at6656         -            178   2.3e-08   33.1   0.1   1   1   1.1e-09   5.3e-08   31.9   0.1    12   132     2   137     1   147 0.70 -
TCONS_00004603:1368-1877 -            170 115208at6656         -            178   2.3e-08   33.1   0.1   1   1   1.1e-09   5.3e-08   31.9   0.1    12   132     2   137     1   147 0.70 -
TCONS_00005618:488-997   -            170 115208at6656         -            178   2.3e-08   33.1   0.1   1   1   1.1e-09   5.3e-08   31.9   0.1    12   132     2   137     1   147 0.70 -
TCONS_00014714:302-787   -            162 115208at6656         -            178   8.3e-08   31.3   0.0   1   1     2e-09   9.6e-08   31.1   0.0     8   126     5   121     1   138 0.79 -
TCONS_00014715:412-897   -            162 115208at6656         -            178   8.3e-08   31.3   0.0   1   1     2e-09   9.6e-08   31.1   0.0     8   126     5   121     1   138 0.79 -
TCONS_00023179:545-1030  -            162 115208at6656         -            178   8.3e-08   31.3   0.0   1   1     2e-09   9.6e-08   31.1   0.0     8   126     5   121     1   138 0.79 -
TCONS_00030343:569-1102  -            178 115208at6656         -            178     3e-07   29.5   0.0   1   1   7.8e-09   3.8e-07   29.1   0.0     9   126    17   132     9   147 0.79 -
TCONS_00031882:618-1151  -            178 115208at6656         -            178     3e-07   29.5   0.0   1   1   7.8e-09   3.8e-07   29.1   0.0     9   126    17   132     9   147 0.79 -
TCONS_00003711:76-450    -            125 115208at6656         -            178   3.6e-07   29.2   0.0   1   1   8.9e-09   4.3e-07   29.0   0.0    11   104     1   102     1   108 0.87 -
TCONS_00019348:3220-3717 -            166 115208at6656         -            178   5.8e-07   28.5   0.0   1   1   1.3e-08   6.4e-07   28.4   0.0    11   129     3   121     1   161 0.80 -
TCONS_00019350:2088-2585 -            166 115208at6656         -            178   5.8e-07   28.5   0.0   1   1   1.3e-08   6.4e-07   28.4   0.0    11   129     3   121     1   161 0.80 -
TCONS_00021902:153-611   -            153 115208at6656         -            178   8.5e-07   28.0   0.0   1   1   2.4e-08   1.2e-06   27.5   0.0     9    93     3    81     1    90 0.85 -
TCONS_00030340:618-1001  -            128 115208at6656         -            178   8.7e-07   28.0   0.0   1   1     2e-08   9.8e-07   27.8   0.0     9    92    17    94     9   126 0.83 -
TCONS_00019535:65-559    -            165 115208at6656         -            178     1e-06   27.8   0.0   1   1   2.9e-08   1.4e-06   27.3   0.0     9    93     3    81     1    90 0.85 -
TCONS_00015385:514-1071  -            186 115208at6656         -            178     1e-06   27.7   0.0   1   1   2.7e-08   1.3e-06   27.4   0.0    10    90    21    96    13   137 0.80 -
TCONS_00026596:421-1783  -            186 115208at6656         -            178     1e-06   27.7   0.0   1   1   2.7e-08   1.3e-06   27.4   0.0    10    90    21    96    13   137 0.80 -
TCONS_00013545:120-581   -            154 115208at6656         -            178   2.6e-06   26.4   0.0   1   1   6.4e-08   3.1e-06   26.2   0.0    49   132    18   102     7   134 0.79 -
TCONS_00007588:135-536   -            134 115208at6656         -            178   7.6e-06   24.9   0.0   1   1   1.8e-07   8.7e-06   24.7   0.0    52   132     1    82     1   115 0.78 -
TCONS_00013157:189-590   -            134 115208at6656         -            178   7.6e-06   24.9   0.0   1   1   1.8e-07   8.7e-06   24.7   0.0    52   132     1    82     1   115 0.78 -
TCONS_00005267:79-591    -            171 115208at6656         -            178   1.2e-05   24.2   0.0   1   1   3.3e-07   1.6e-05   23.8   0.0     9    91     9    85     4   123 0.88 -
TCONS_00006723:0-266     -             89 115208at6656         -            178   3.1e-05   22.9   0.0   1   1   6.5e-07   3.1e-05   22.9   0.0    78   136     2    67     1    89 0.76 -
TCONS_00030228:428-949   -            174 115208at6656         -            178   3.4e-05   22.8   0.0   1   1   8.8e-07   4.3e-05   22.5   0.0    10    93    14    91     9   155 0.75 -
TCONS_00031006:1450-1983 -            178 115208at6656         -            178   3.8e-05   22.6   0.1   1   1     1e-06   5.1e-05   22.2   0.1     9   128    16   133     9   161 0.76 -
TCONS_00008122:718-1260  -            181 115208at6656         -            178   5.6e-05   22.1   0.0   1   1   1.7e-06   8.4e-05   21.5   0.0    13   154     3   150     1   176 0.72 -
TCONS_00025888:1265-1696 -            144 115208at6656         -            178   7.1e-05   21.7   0.1   1   1   1.6e-06   7.9e-05   21.6   0.1    10   143     2   139     1   144 0.87 -
TCONS_00039135:5916-6455 -            180 115208at6656         -            178   0.00072   18.4   0.0   1   1   5.4e-05    0.0026   16.6   0.0     9    93     5    85     1    94 0.87 -
TCONS_00010800:70-453    -            128 115208at6656         -            178   0.00094   18.1   0.0   1   1   2.4e-05    0.0012   17.8   0.0    80   153    38   113     3   125 0.71 -
TCONS_00039543:1235-3187 -            651 115208at6656         -            178    0.0018   17.1   0.3   1   2     0.052       2.5    6.9   0.1     9   128    11   132     5   172 0.68 -
TCONS_00039543:1235-3187 -            651 115208at6656         -            178    0.0018   17.1   0.3   2   2     0.084       4.1    6.2   0.0    85   130   499   545   426   552 0.80 -
TCONS_00041884:1246-3135 -            630 115208at6656         -            178    0.0019   17.1   0.3   1   2     0.048       2.3    7.0   0.1     9   128    11   132     5   174 0.68 -
TCONS_00041884:1246-3135 -            630 115208at6656         -            178    0.0019   17.1   0.3   2   2      0.08       3.8    6.3   0.0    85   130   499   545   425   552 0.80 -
TCONS_00031542:273-827   -            185 115208at6656         -            178    0.0024   16.7   0.1   1   1   9.6e-05    0.0046   15.8   0.0     7    69    24    87    20   111 0.84 -
TCONS_00031009:291-659   -            123 115208at6656         -            178    0.0073   15.2   0.0   1   1   0.00016    0.0078   15.1   0.0    12   112     2   103     1   120 0.82 -
TCONS_00000515:7184-7693 -            170 115208at6656         -            178     0.012   14.5   0.0   1   1    0.0005     0.024   13.5   0.0    10    71     1    60     1   165 0.77 -
TCONS_00000518:1809-2318 -            170 115208at6656         -            178     0.012   14.5   0.0   1   1    0.0005     0.024   13.5   0.0    10    71     1    60     1   165 0.77 -
TCONS_00020851:68-697    -            210 115208at6656         -            178     0.019   13.8   0.0   1   1   0.00057     0.028   13.3   0.0    55    91    74   110    23   135 0.76 -
TCONS_00011404:148-636   -            163 115208at6656         -            178     0.028   13.3   0.1   1   1     0.002     0.097   11.5   0.1    11   141     2   139     1   155 0.74 -
TCONS_00049972:1075-1827 -            251 115208at6656         -            178     0.034   13.0   0.0   1   1    0.0014     0.067   12.0   0.0    10    71     1    60     1   166 0.80 -
TCONS_00021598:215-4013  -            528 115208at6656         -            178     0.049   12.5   0.0   1   1    0.0023      0.11   11.3   0.0    13   124     3   123     1   140 0.62 -
TCONS_00029207:215-4095  -            528 115208at6656         -            178     0.049   12.5   0.0   1   1    0.0023      0.11   11.3   0.0    13   124     3   123     1   140 0.62 -
#
# Program:         hmmsearch
# Version:         3.1b2 (February 2015)
# Pipeline mode:   SEARCH
# Query file:      /hpcdata/bcbb/homc/Barillaslab/Agam_hemo_transcriptomes/scripts/busco/busco_downloads/lineages/arthropoda_odb10/hmms/115208at6656.hmm
# Target file:     /hpcdata/bcbb/homc/Barillaslab/Agam_hemo_transcriptomes/scripts/busco/refguided_Agamhemo_BUSCO/run_arthropoda_odb10/metaeuk_output/initial_results/all_transcripts.comprehensive.v6.gffread.fa.modified.fas
# Option settings: hmmsearch --domtblout /hpcdata/bcbb/homc/Barillaslab/Agam_hemo_transcriptomes/scripts/busco/refguided_Agamhemo_BUSCO/run_arthropoda_odb10/hmmer_output/initial_run_results/115208at6656.out --cpu 1 /hpcdata/bcbb/homc/Barillaslab/Agam_hemo_transcriptomes/scripts/busco/busco_downloads/lineages/arthropoda_odb10/hmms/115208at6656.hmm /hpcdata/bcbb/homc/Barillaslab/Agam_hemo_transcriptomes/scripts/busco/refguided_Agamhemo_BUSCO/run_arthropoda_odb10/metaeuk_output/initial_results/all_transcripts.comprehensive.v6.gffread.fa.modified.fas 
# Current dir:     /hpcdata/bcbb/homc/Barillaslab/Agam_hemo_transcriptomes/scripts/busco
# Date:            Thu Feb  9 16:50:29 2023
# [ok]
