#                                                                                  --- full sequence --- -------------- this domain -------------   hmm coord   ali coord   env coord
# target name              accession   tlen query name           accession   qlen   E-value  score  bias   #  of  c-Evalue  i-Evalue  score  bias  from    to  from    to  from    to  acc description of target
#      ------------------- ---------- ----- -------------------- ---------- ----- --------- ------ ----- --- --- --------- --------- ------ ----- ----- ----- ----- ----- ----- ----- ---- ---------------------
TCONS_00016254:362-1360    -            333 122526at6656         -            322   2.3e-74  249.4   5.0   1   2      0.17       4.2    5.4   0.3    47    84     9    50     1    66 0.74 -
TCONS_00016254:362-1360    -            333 122526at6656         -            322   2.3e-74  249.4   5.0   2   2   8.8e-75   2.1e-73  246.2   0.7    91   321    99   333    85   333 0.91 -
TCONS_00014660:540-1463    -            308 122526at6656         -            322   2.1e-59  200.2   0.1   1   1   1.7e-60     4e-59  199.3   0.1    45   318    14   308     2   308 0.80 -
TCONS_00014661:844-1632    -            263 122526at6656         -            322   2.7e-59  199.9   1.8   1   1   2.8e-60   6.9e-59  198.5   1.8    90   318    14   263     2   263 0.84 -
TCONS_00021561:593-1381    -            263 122526at6656         -            322   2.7e-59  199.9   1.8   1   1   2.8e-60   6.9e-59  198.5   1.8    90   318    14   263     2   263 0.84 -
TCONS_00030087:174-1643    -            490 122526at6656         -            322   2.2e-58  196.9   3.4   1   2   8.5e-32   2.1e-30  105.0   0.1   105   296     1   210     1   238 0.86 -
TCONS_00030087:174-1643    -            490 122526at6656         -            322   2.2e-58  196.9   3.4   2   2   1.6e-27     4e-26   90.9   0.6    91   292   279   489   264   490 0.78 -
TCONS_00015259:285-1928    -            548 122526at6656         -            322   2.9e-56  189.9   5.5   1   2   1.2e-39   2.9e-38  130.8   0.1    91   320     9   258     1   260 0.80 -
TCONS_00015259:285-1928    -            548 122526at6656         -            322   2.9e-56  189.9   5.5   2   2   9.1e-18   2.2e-16   58.9   1.4   106   318   305   548   280   548 0.71 -
TCONS_00016581:122-1138    -            339 122526at6656         -            322   3.2e-55  186.5   0.1   1   1   1.3e-56   3.2e-55  186.5   0.1    92   322    85   339    66   339 0.82 -
TCONS_00003637:2763-3692   -            310 122526at6656         -            322   1.6e-54  184.2   0.2   1   1   8.9e-56   2.2e-54  183.8   0.2    91   318    77   310    55   310 0.87 -
TCONS_00006485:2588-3517   -            310 122526at6656         -            322   1.6e-54  184.2   0.2   1   1   8.9e-56   2.2e-54  183.8   0.2    91   318    77   310    55   310 0.87 -
TCONS_00008142:2160-3089   -            310 122526at6656         -            322   1.6e-54  184.2   0.2   1   1   8.9e-56   2.2e-54  183.8   0.2    91   318    77   310    55   310 0.87 -
TCONS_00025187:1-261       -             87 122526at6656         -            322   8.7e-54  181.8   1.4   1   1   3.9e-55   9.5e-54  181.7   1.4   237   321     1    87     1    87 0.97 -
TCONS_00039947:4-1074      -            357 122526at6656         -            322   4.8e-53  179.3   0.4   1   2       7.9   1.9e+02   -0.1   0.2    44    86     8    54     3    61 0.66 -
TCONS_00039947:4-1074      -            357 122526at6656         -            322   4.8e-53  179.3   0.4   2   2   7.9e-54   1.9e-52  177.4   0.0    79   319    95   356    57   357 0.83 -
TCONS_00042869:136-1206    -            357 122526at6656         -            322   4.8e-53  179.3   0.4   1   2       7.9   1.9e+02   -0.1   0.2    44    86     8    54     3    61 0.66 -
TCONS_00042869:136-1206    -            357 122526at6656         -            322   4.8e-53  179.3   0.4   2   2   7.9e-54   1.9e-52  177.4   0.0    79   319    95   356    57   357 0.83 -
TCONS_00018989:1617-2408   -            264 122526at6656         -            322     3e-52  176.7   0.1   1   1   1.6e-53   3.8e-52  176.4   0.1    93   321    18   262     4   263 0.85 -
TCONS_00016685:243-1268    -            342 122526at6656         -            322   8.5e-52  175.2   0.5   1   1   7.2e-53   1.8e-51  174.2   0.5    86   322    79   342    48   342 0.78 -
TCONS_00042631:217-936     -            240 122526at6656         -            322   1.4e-51  174.5   0.7   1   1     7e-53   1.7e-51  174.2   0.7    89   321     8   238     1   239 0.87 -
TCONS_00029479:314-2323    -            344 122526at6656         -            322   1.7e-51  174.3   2.8   1   2       4.7   1.1e+02    0.7   0.6    48    84    11    47     3    64 0.83 -
TCONS_00029479:314-2323    -            344 122526at6656         -            322   1.7e-51  174.3   2.8   2   2   9.6e-53   2.3e-51  173.8   0.1    78   319    86   340    59   343 0.85 -
TCONS_00046572:162-842     -            227 122526at6656         -            322   3.2e-51  173.4   0.5   1   1   1.5e-52   3.7e-51  173.1   0.5    95   321     1   225     1   226 0.88 -
TCONS_00040423:264-1298    -            345 122526at6656         -            322   3.3e-51  173.3   2.4   1   1   4.5e-52   1.1e-50  171.6   2.4    50   320    42   343     3   345 0.79 -
TCONS_00043601:163-840     -            226 122526at6656         -            322   3.9e-51  173.1   0.5   1   1     2e-52   4.8e-51  172.8   0.5    95   320     1   223     1   225 0.86 -
TCONS_00027470:282-1298    -            339 122526at6656         -            322   5.1e-51  172.7   3.0   1   2       5.5   1.3e+02    0.4   0.5    48    83    11    46     3    55 0.83 -
TCONS_00027470:282-1298    -            339 122526at6656         -            322   5.1e-51  172.7   3.0   2   2   2.4e-52   5.8e-51  172.5   0.1    78   319    81   335    51   338 0.84 -
TCONS_00017230:338-1369    -            344 122526at6656         -            322   5.3e-51  172.6   3.0   1   2       4.8   1.2e+02    0.6   0.6    48    84    11    47     3    64 0.83 -
TCONS_00017230:338-1369    -            344 122526at6656         -            322   5.3e-51  172.6   3.0   2   2   2.9e-52     7e-51  172.2   0.1    78   319    86   340    65   343 0.85 -
TCONS_00020769:1665-2696   -            344 122526at6656         -            322   5.3e-51  172.6   3.0   1   2       4.8   1.2e+02    0.6   0.6    48    84    11    47     3    64 0.83 -
TCONS_00020769:1665-2696   -            344 122526at6656         -            322   5.3e-51  172.6   3.0   2   2   2.9e-52     7e-51  172.2   0.1    78   319    86   340    65   343 0.85 -
TCONS_00024873:458-1489    -            344 122526at6656         -            322   5.3e-51  172.6   3.0   1   2       4.8   1.2e+02    0.6   0.6    48    84    11    47     3    64 0.83 -
TCONS_00024873:458-1489    -            344 122526at6656         -            322   5.3e-51  172.6   3.0   2   2   2.9e-52     7e-51  172.2   0.1    78   319    86   340    65   343 0.85 -
TCONS_00024874:436-1467    -            344 122526at6656         -            322   5.3e-51  172.6   3.0   1   2       4.8   1.2e+02    0.6   0.6    48    84    11    47     3    64 0.83 -
TCONS_00024874:436-1467    -            344 122526at6656         -            322   5.3e-51  172.6   3.0   2   2   2.9e-52     7e-51  172.2   0.1    78   319    86   340    65   343 0.85 -
TCONS_00024875:336-1382    -            349 122526at6656         -            322   6.9e-51  172.3   3.5   1   2       4.6   1.1e+02    0.7   0.7    48    84    16    52     4    68 0.82 -
TCONS_00024875:336-1382    -            349 122526at6656         -            322   6.9e-51  172.3   3.5   2   2     3e-52   7.3e-51  172.2   0.1    78   319    91   345    68   348 0.85 -
TCONS_00042628:160-840     -            227 122526at6656         -            322   7.2e-51  172.2   0.5   1   1   3.5e-52   8.5e-51  171.9   0.5    95   321     1   225     1   226 0.87 -
TCONS_00003807:4362-5165   -            268 122526at6656         -            322   8.3e-51  172.0   0.3   1   1   5.1e-52   1.3e-50  171.4   0.3    81   318     7   268     2   268 0.83 -
TCONS_00014889:504-1292    -            263 122526at6656         -            322   8.8e-51  171.9   0.8   1   1   7.1e-52   1.7e-50  170.9   0.8    92   318     6   262     1   263 0.79 -
TCONS_00006638:4228-5019   -            264 122526at6656         -            322   9.4e-51  171.8   0.5   1   1   5.8e-52   1.4e-50  171.2   0.5    81   318     7   264     2   264 0.84 -
TCONS_00016684:273-1154    -            294 122526at6656         -            322   1.4e-50  171.2   1.5   1   1   1.1e-51   2.7e-50  170.3   1.5    77   322    14   293     1   293 0.76 -
TCONS_00028964:244-1125    -            294 122526at6656         -            322   1.4e-50  171.2   1.5   1   1   1.1e-51   2.7e-50  170.3   1.5    77   322    14   293     1   293 0.76 -
TCONS_00028539:222-1292    -            357 122526at6656         -            322   1.8e-50  170.9   0.0   1   1   7.3e-52   1.8e-50  170.9   0.0    89   320   103   354    61   356 0.83 -
TCONS_00018324:117-1190    -            358 122526at6656         -            322   1.8e-50  170.9   0.0   1   1   7.4e-52   1.8e-50  170.9   0.0    89   320   104   355    62   357 0.83 -
TCONS_00020770:274-1347    -            358 122526at6656         -            322   1.8e-50  170.9   0.0   1   1   7.4e-52   1.8e-50  170.9   0.0    89   320   104   355    62   357 0.83 -
TCONS_00025982:228-1301    -            358 122526at6656         -            322   1.8e-50  170.9   0.0   1   1   7.4e-52   1.8e-50  170.9   0.0    89   320   104   355    62   357 0.83 -
TCONS_00025983:104-1180    -            359 122526at6656         -            322   1.8e-50  170.9   0.0   1   1   7.5e-52   1.8e-50  170.9   0.0    89   320   105   356    63   358 0.83 -
TCONS_00016679:102-1118    -            339 122526at6656         -            322   1.9e-50  170.8   2.5   1   1   1.5e-51   3.7e-50  169.8   2.5    73   321    66   338     3   339 0.73 -
TCONS_00020300:610-1389    -            260 122526at6656         -            322   4.2e-50  169.7   0.5   1   1   2.6e-51   6.4e-50  169.1   0.5    92   321     6   260     1   260 0.81 -
TCONS_00018325:53-1215     -            356 122526at6656         -            322   6.2e-50  169.1   0.1   1   1   2.5e-51   6.2e-50  169.1   0.1    89   320   104   353    62   355 0.83 -
TCONS_00006092:332-1873    -            514 122526at6656         -            322   7.3e-50  168.9   0.3   1   2   1.8e-36   4.3e-35  120.3   0.0   105   321     1   236     1   237 0.80 -
TCONS_00006092:332-1873    -            514 122526at6656         -            322   7.3e-50  168.9   0.3   2   2     1e-13   2.5e-12   45.5   0.2   117   220   295   395   284   514 0.63 -
TCONS_00011444:458-1648    -            397 122526at6656         -            322   1.5e-49  167.9   0.0   1   2   9.1e-37   2.2e-35  121.3   0.0   105   321     1   236     1   237 0.80 -
TCONS_00011444:458-1648    -            397 122526at6656         -            322   1.5e-49  167.9   0.0   2   2   1.8e-13   4.3e-12   44.8   0.0   116   216   294   391   258   396 0.84 -
TCONS_00042630:226-906     -            227 122526at6656         -            322   1.6e-49  167.7   0.3   1   1   8.1e-51     2e-49  167.5   0.3    95   321     1   225     1   226 0.87 -
TCONS_00018323:2215-2919   -            235 122526at6656         -            322   2.7e-49  167.0   0.1   1   1   1.4e-50   3.3e-49  166.7   0.1    96   318     1   235     1   235 0.88 -
TCONS_00003432:3460-4167   -            236 122526at6656         -            322   9.3e-48  162.0   0.5   1   1   4.6e-49   1.1e-47  161.7   0.5    94   320     2   236     1   236 0.89 -
TCONS_00042629:161-841     -            227 122526at6656         -            322   1.8e-47  161.1   0.2   1   1   8.7e-49   2.1e-47  160.8   0.2    95   321     1   225     1   226 0.87 -
TCONS_00006483:2187-2807   -            207 122526at6656         -            322   4.6e-47  159.7   0.2   1   1   2.4e-48   5.9e-47  159.3   0.2   122   318     2   207     1   207 0.88 -
TCONS_00012487:3184-3804   -            207 122526at6656         -            322   4.6e-47  159.7   0.2   1   1   2.4e-48   5.9e-47  159.3   0.2   122   318     2   207     1   207 0.88 -
TCONS_00003991:131-1756    -            542 122526at6656         -            322   1.3e-46  158.2   0.4   1   2   4.7e-33   1.1e-31  109.1   0.1    96   321    15   265     3   266 0.79 -
TCONS_00003991:131-1756    -            542 122526at6656         -            322   1.3e-46  158.2   0.4   2   2     4e-14   9.7e-13   46.9   0.0   105   217   298   420   274   541 0.70 -
TCONS_00003992:228-1844    -            539 122526at6656         -            322   1.6e-46  157.9   0.5   1   2   5.4e-33   1.3e-31  108.9   0.1    96   321    12   262     4   263 0.80 -
TCONS_00003992:228-1844    -            539 122526at6656         -            322   1.6e-46  157.9   0.5   2   2   3.9e-14   9.6e-13   46.9   0.0   105   217   295   417   271   538 0.70 -
TCONS_00013980:1550-2350   -            267 122526at6656         -            322   6.2e-46  156.0   1.5   1   1     4e-47   9.8e-46  155.3   1.5    90   318    13   267     5   267 0.83 -
TCONS_00013981:724-1485    -            254 122526at6656         -            322   1.6e-45  154.6   1.3   1   1   9.9e-47   2.4e-45  154.0   1.3    92   318     3   254     1   254 0.84 -
TCONS_00021248:1-297       -             99 122526at6656         -            322   1.8e-45  154.4   3.8   1   1   2.3e-46   5.7e-45  152.8   3.8   192   277     1    99     1    99 0.93 -
TCONS_00033382:99-785      -            229 122526at6656         -            322   2.1e-45  154.2   0.0   1   1   1.1e-46   2.6e-45  153.9   0.0    93   320     3   228     1   229 0.87 -
TCONS_00031287:585-1382    -            266 122526at6656         -            322   3.5e-45  153.5   0.7   1   1   1.7e-46   4.2e-45  153.2   0.7    91   320    10   265     2   266 0.82 -
TCONS_00017143:153-1187    -            345 122526at6656         -            322   2.1e-44  151.0   3.1   1   1   2.4e-45   5.9e-44  149.5   3.1    84   318    74   345     2   345 0.77 -
TCONS_00024834:4633-5667   -            345 122526at6656         -            322   2.1e-44  150.9   3.1   1   1   2.4e-45   5.9e-44  149.5   3.1    84   318    74   345     2   345 0.77 -
TCONS_00036054:163-1767    -            535 122526at6656         -            322   2.5e-44  150.7   0.5   1   2   1.2e-36   2.9e-35  120.9   0.3    96   320    12   256     3   258 0.81 -
TCONS_00036054:163-1767    -            535 122526at6656         -            322   2.5e-44  150.7   0.5   2   2   4.3e-08   1.1e-06   27.1   0.0   107   318   302   535   280   535 0.68 -
TCONS_00023206:920-1671    -            227 122526at6656         -            322   3.9e-44  150.1   1.2   1   1   3.3e-45   8.1e-44  149.0   1.2   123   318     1   225     1   227 0.79 -
TCONS_00014260:1084-1770   -            229 122526at6656         -            322   8.7e-44  148.9   0.1   1   1   4.3e-45     1e-43  148.7   0.1   106   318     1   229     1   229 0.84 -
TCONS_00014261:1042-1728   -            229 122526at6656         -            322   8.7e-44  148.9   0.1   1   1   4.3e-45     1e-43  148.7   0.1   106   318     1   229     1   229 0.84 -
TCONS_00018735:2737-3423   -            229 122526at6656         -            322   8.7e-44  148.9   0.1   1   1   4.3e-45     1e-43  148.7   0.1   106   318     1   229     1   229 0.84 -
TCONS_00025254:963-1649    -            229 122526at6656         -            322   8.7e-44  148.9   0.1   1   1   4.3e-45     1e-43  148.7   0.1   106   318     1   229     1   229 0.84 -
TCONS_00064085:87-1673     -            529 122526at6656         -            322   3.1e-43  147.1   2.8   1   3   1.1e-37   2.7e-36  124.3   0.8    92   320     8   256     2   258 0.81 -
TCONS_00064085:87-1673     -            529 122526at6656         -            322   3.1e-43  147.1   2.8   2   3   6.7e-06   0.00016   19.9   0.0   101   217   290   411   279   458 0.80 -
TCONS_00064085:87-1673     -            529 122526at6656         -            322   3.1e-43  147.1   2.8   3   3       6.1   1.5e+02    0.3   0.0   296   318   508   529   497   529 0.82 -
TCONS_00026843:170-988     -            273 122526at6656         -            322   4.5e-43  146.6   0.3   1   1   3.8e-44   9.2e-43  145.6   0.3    88   322    12   273     4   273 0.79 -
TCONS_00048701:1359-2168   -            270 122526at6656         -            322   6.1e-43  146.1   0.1   1   1   3.5e-44   8.4e-43  145.7   0.1    89   320    19   269    13   270 0.79 -
TCONS_00049119:1299-2108   -            270 122526at6656         -            322   6.1e-43  146.1   0.1   1   1   3.5e-44   8.4e-43  145.7   0.1    89   320    19   269    13   270 0.79 -
TCONS_00016683:256-1047    -            264 122526at6656         -            322   7.1e-43  145.9   0.3   1   1   5.6e-44   1.4e-42  145.0   0.3    89   322     4   264     1   264 0.79 -
TCONS_00032117:1786-2646   -            287 122526at6656         -            322   7.2e-43  145.9   0.3   1   1   3.7e-44   9.1e-43  145.6   0.3    88   321    27   285    10   286 0.79 -
TCONS_00033518:1859-2719   -            287 122526at6656         -            322   7.2e-43  145.9   0.3   1   1   3.7e-44   9.1e-43  145.6   0.3    88   321    27   285    10   286 0.79 -
TCONS_00033519:1754-2614   -            287 122526at6656         -            322   7.2e-43  145.9   0.3   1   1   3.7e-44   9.1e-43  145.6   0.3    88   321    27   285    10   286 0.79 -
TCONS_00036998:1400-2260   -            287 122526at6656         -            322   7.2e-43  145.9   0.3   1   1   3.7e-44   9.1e-43  145.6   0.3    88   321    27   285    10   286 0.79 -
TCONS_00036999:1337-2197   -            287 122526at6656         -            322   7.2e-43  145.9   0.3   1   1   3.7e-44   9.1e-43  145.6   0.3    88   321    27   285    10   286 0.79 -
TCONS_00037640:1571-2431   -            287 122526at6656         -            322   7.2e-43  145.9   0.3   1   1   3.7e-44   9.1e-43  145.6   0.3    88   321    27   285    10   286 0.79 -
TCONS_00037641:1942-2802   -            287 122526at6656         -            322   7.2e-43  145.9   0.3   1   1   3.7e-44   9.1e-43  145.6   0.3    88   321    27   285    10   286 0.79 -
TCONS_00038672:1625-2485   -            287 122526at6656         -            322   7.2e-43  145.9   0.3   1   1   3.7e-44   9.1e-43  145.6   0.3    88   321    27   285    10   286 0.79 -
TCONS_00038981:1671-2531   -            287 122526at6656         -            322   7.2e-43  145.9   0.3   1   1   3.7e-44   9.1e-43  145.6   0.3    88   321    27   285    10   286 0.79 -
TCONS_00028964:2230-3057   -            276 122526at6656         -            322     1e-42  145.4   0.3   1   1   8.5e-44   2.1e-42  144.4   0.3    88   321    16   276     6   276 0.79 -
TCONS_00031285:493-1413    -            307 122526at6656         -            322     1e-42  145.4   0.1   1   1   5.4e-44   1.3e-42  145.0   0.1    76   321    36   306    31   307 0.82 -
TCONS_00031286:540-1460    -            307 122526at6656         -            322     1e-42  145.4   0.1   1   1   5.4e-44   1.3e-42  145.0   0.1    76   321    36   306    31   307 0.82 -
TCONS_00035460:1135-2055   -            307 122526at6656         -            322     1e-42  145.4   0.1   1   1   5.4e-44   1.3e-42  145.0   0.1    76   321    36   306    31   307 0.82 -
TCONS_00048258:1172-1981   -            270 122526at6656         -            322   1.1e-42  145.2   0.1   1   1   6.6e-44   1.6e-42  144.8   0.1    89   320    19   269    13   270 0.79 -
TCONS_00042627:156-836     -            227 122526at6656         -            322   1.8e-42  144.6   0.3   1   1   8.8e-44   2.1e-42  144.3   0.3    95   320     1   224     1   226 0.84 -
TCONS_00043600:71-751      -            227 122526at6656         -            322   1.8e-42  144.6   0.3   1   1   8.8e-44   2.1e-42  144.3   0.3    95   320     1   224     1   226 0.84 -
TCONS_00045909:886-1662    -            259 122526at6656         -            322   4.8e-42  143.2   0.1   1   1   2.6e-43   6.4e-42  142.8   0.1    88   321     4   256     2   257 0.80 -
TCONS_00048259:399-1175    -            259 122526at6656         -            322   4.8e-42  143.2   0.1   1   1   2.6e-43   6.4e-42  142.8   0.1    88   321     4   256     2   257 0.80 -
TCONS_00048702:486-1262    -            259 122526at6656         -            322   4.8e-42  143.2   0.1   1   1   2.6e-43   6.4e-42  142.8   0.1    88   321     4   256     2   257 0.80 -
TCONS_00019142:177-1343    -            389 122526at6656         -            322   1.2e-41  141.9   4.2   1   1   4.8e-43   1.2e-41  141.9   4.2    88   321   123   388   116   389 0.74 -
TCONS_00015073:589-1458    -            290 122526at6656         -            322   2.1e-41  141.1   0.3   1   1   1.1e-42   2.7e-41  140.7   0.3    82   321    29   285     5   286 0.81 -
TCONS_00021724:2362-3231   -            290 122526at6656         -            322   2.1e-41  141.1   0.3   1   1   1.1e-42   2.7e-41  140.7   0.3    82   321    29   285     5   286 0.81 -
TCONS_00024298:6229-7098   -            290 122526at6656         -            322   2.1e-41  141.1   0.3   1   1   1.1e-42   2.7e-41  140.7   0.3    82   321    29   285     5   286 0.81 -
TCONS_00036730:442-1158    -            239 122526at6656         -            322   2.4e-41  140.9   0.6   1   1   1.3e-42   3.1e-41  140.5   0.6    92   322     6   239     1   239 0.85 -
TCONS_00045397:294-2829    -            452 122526at6656         -            322   3.5e-41  140.3   0.0   1   3   1.6e-34   3.8e-33  113.9   0.0   125   320     1   208     1   210 0.80 -
TCONS_00045397:294-2829    -            452 122526at6656         -            322   3.5e-41  140.3   0.0   2   3      0.38       9.1    4.3   0.0   109   146   266   304   255   307 0.83 -
TCONS_00045397:294-2829    -            452 122526at6656         -            322   3.5e-41  140.3   0.0   3   3   6.9e-06   0.00017   19.8   0.0   178   320   305   450   300   452 0.85 -
TCONS_00030827:152-1189    -            346 122526at6656         -            322   4.4e-41  140.0   8.7   1   1   1.5e-40   3.7e-39  133.7   8.7    78   321    51   339     1   340 0.74 -
TCONS_00040425:623-1363    -            247 122526at6656         -            322   6.3e-41  139.5   0.3   1   1   6.5e-42   1.6e-40  138.2   0.3   103   319     3   247     1   247 0.81 -
TCONS_00049531:402-1142    -            247 122526at6656         -            322   6.3e-41  139.5   0.3   1   1   6.5e-42   1.6e-40  138.2   0.3   103   319     3   247     1   247 0.81 -
TCONS_00018200:161-1062    -            269 122526at6656         -            322   6.3e-41  139.5   0.3   1   1   6.2e-42   1.5e-40  138.3   0.3    88   321    16   269     6   269 0.79 -
TCONS_00033437:149-1003    -            285 122526at6656         -            322   7.5e-41  139.3   0.1   1   1   3.8e-42   9.3e-41  139.0   0.1    95   318    56   285    42   285 0.86 -
TCONS_00032976:169-1785    -            539 122526at6656         -            322     1e-40  138.9   2.0   1   2   1.8e-39   4.3e-38  130.2   0.3    93   321    11   266     1   267 0.82 -
TCONS_00032976:169-1785    -            539 122526at6656         -            322     1e-40  138.9   2.0   2   2      0.05       1.2    7.2   0.0    89   216   289   416   278   419 0.71 -
TCONS_00039184:127-1743    -            539 122526at6656         -            322     1e-40  138.9   2.0   1   2   1.8e-39   4.3e-38  130.2   0.3    93   321    11   266     1   267 0.82 -
TCONS_00039184:127-1743    -            539 122526at6656         -            322     1e-40  138.9   2.0   2   2      0.05       1.2    7.2   0.0    89   216   289   416   278   419 0.71 -
TCONS_00042956:335-1141    -            269 122526at6656         -            322     1e-40  138.8   0.0   1   1   5.5e-42   1.3e-40  138.5   0.0    88   321    16   268    11   269 0.78 -
TCONS_00037986:126-1091    -            322 122526at6656         -            322   1.1e-40  138.7   0.1   1   1   5.9e-42   1.4e-40  138.4   0.1    95   318    93   322    80   322 0.86 -
TCONS_00003657:138-923     -            262 122526at6656         -            322   2.5e-40  137.5   1.2   1   1   1.8e-41   4.3e-40  136.8   1.2    93   321    10   260     2   261 0.85 -
TCONS_00006510:96-881      -            262 122526at6656         -            322   2.5e-40  137.5   1.2   1   1   1.8e-41   4.3e-40  136.8   1.2    93   321    10   260     2   261 0.85 -
TCONS_00024301:187-1059    -            291 122526at6656         -            322   2.7e-40  137.5   0.2   1   1   1.5e-41   3.5e-40  137.1   0.2    86   321    33   286     8   287 0.79 -
TCONS_00024299:6422-7147   -            242 122526at6656         -            322   3.3e-40  137.2   0.2   1   1   1.7e-41     4e-40  136.9   0.2    96   321     1   242     1   242 0.85 -
TCONS_00018440:170-904     -            245 122526at6656         -            322   3.7e-40  137.0   0.0   1   1     2e-41   4.8e-40  136.6   0.0    95   321     5   244     2   245 0.86 -
TCONS_00015072:314-1186    -            291 122526at6656         -            322   4.7e-40  136.7   0.6   1   1   2.6e-41   6.2e-40  136.2   0.6    86   321    33   286     8   287 0.78 -
TCONS_00024299:4023-4895   -            291 122526at6656         -            322   4.7e-40  136.7   0.6   1   1   2.6e-41   6.2e-40  136.2   0.6    86   321    33   286     8   287 0.78 -
TCONS_00000879:98-1096     -            333 122526at6656         -            322     5e-40  136.6   0.7   1   1     5e-41   1.2e-39  135.3   0.7    78   318    59   332     4   333 0.72 -
TCONS_00032877:71-1075     -            335 122526at6656         -            322   5.4e-40  136.4   0.6   1   1   5.9e-41   1.4e-39  135.1   0.6    78   318    61   334     6   335 0.72 -
TCONS_00035324:179-1174    -            332 122526at6656         -            322   5.9e-40  136.3   0.6   1   1   6.1e-41   1.5e-39  135.0   0.6    78   318    58   331     5   332 0.72 -
TCONS_00051061:3-659       -            219 122526at6656         -            322     6e-40  136.3   2.2   1   1   5.6e-41   1.4e-39  135.1   2.2   127   321     1   219     1   219 0.79 -
TCONS_00034440:234-1220    -            329 122526at6656         -            322   6.2e-40  136.3   0.7   1   1   6.3e-41   1.5e-39  135.0   0.7    78   318    55   328     4   329 0.73 -
TCONS_00029225:168-1238    -            357 122526at6656         -            322   6.4e-40  136.2   5.2   1   1   2.6e-41   6.4e-40  136.2   5.2    88   317    96   357    89   357 0.74 -
TCONS_00036212:77-886      -            270 122526at6656         -            322   7.9e-40  135.9   0.1   1   1   4.3e-41   1.1e-39  135.5   0.1    88   320    18   269    12   270 0.78 -
TCONS_00044554:101-820     -            240 122526at6656         -            322   1.6e-39  134.9   0.4   1   1   8.5e-41   2.1e-39  134.5   0.4    94   320    13   237     2   239 0.89 -
TCONS_00024298:310-1035    -            242 122526at6656         -            322   1.9e-39  134.7   0.0   1   1   9.4e-41   2.3e-39  134.4   0.0    96   320     1   242     1   242 0.83 -
TCONS_00024299:310-1035    -            242 122526at6656         -            322   1.9e-39  134.7   0.0   1   1   9.4e-41   2.3e-39  134.4   0.0    96   320     1   242     1   242 0.83 -
TCONS_00031284:422-1261    -            280 122526at6656         -            322   4.8e-39  133.3   0.3   1   1   2.6e-40   6.2e-39  133.0   0.3    87   321    19   278     7   279 0.78 -
TCONS_00001678:150-1346    -            399 122526at6656         -            322   7.5e-39  132.7   2.1   1   1   3.1e-40   7.5e-39  132.7   2.1    87   318   135   399   128   399 0.75 -
TCONS_00032846:4266-5033   -            256 122526at6656         -            322   7.6e-39  132.7   0.4   1   1   4.2e-40     1e-38  132.3   0.4    96   320    12   256     2   256 0.81 -
TCONS_00034423:4248-5015   -            256 122526at6656         -            322   7.6e-39  132.7   0.4   1   1   4.2e-40     1e-38  132.3   0.4    96   320    12   256     2   256 0.81 -
TCONS_00034424:4248-5015   -            256 122526at6656         -            322   7.6e-39  132.7   0.4   1   1   4.2e-40     1e-38  132.3   0.4    96   320    12   256     2   256 0.81 -
TCONS_00035313:6416-7183   -            256 122526at6656         -            322   7.6e-39  132.7   0.4   1   1   4.2e-40     1e-38  132.3   0.4    96   320    12   256     2   256 0.81 -
TCONS_00036054:4189-4956   -            256 122526at6656         -            322   7.6e-39  132.7   0.4   1   1   4.2e-40     1e-38  132.3   0.4    96   320    12   256     2   256 0.81 -
TCONS_00037476:185-952     -            256 122526at6656         -            322   7.6e-39  132.7   0.4   1   1   4.2e-40     1e-38  132.3   0.4    96   320    12   256     2   256 0.81 -
TCONS_00021724:285-1013    -            243 122526at6656         -            322   7.8e-39  132.6   0.6   1   1   4.1e-40   9.9e-39  132.3   0.6    96   321     1   243     1   243 0.82 -
TCONS_00024298:4152-4880   -            243 122526at6656         -            322   7.8e-39  132.6   0.6   1   1   4.1e-40   9.9e-39  132.3   0.6    96   321     1   243     1   243 0.82 -
TCONS_00027892:1863-2573   -            237 122526at6656         -            322   9.6e-39  132.4   1.8   1   1   4.9e-40   1.2e-38  132.0   1.8    95   318     1   237     1   237 0.86 -
TCONS_00021648:175-1332    -            353 122526at6656         -            322   1.2e-38  132.0   5.3   1   1   5.1e-40   1.2e-38  132.0   5.3    88   321    96   352    89   353 0.75 -
TCONS_00028553:80-748      -            223 122526at6656         -            322   1.5e-38  131.7   0.1   1   1   7.6e-40   1.8e-38  131.4   0.1    80   265    36   223    24   223 0.85 -
TCONS_00039698:297-1010    -            238 122526at6656         -            322   1.7e-38  131.6   0.0   1   1     8e-40   1.9e-38  131.3   0.0   102   319     4   238     1   238 0.84 -
TCONS_00041930:262-975     -            238 122526at6656         -            322   1.7e-38  131.6   0.0   1   1     8e-40   1.9e-38  131.3   0.0   102   319     4   238     1   238 0.84 -
TCONS_00046592:248-961     -            238 122526at6656         -            322   1.7e-38  131.6   0.0   1   1     8e-40   1.9e-38  131.3   0.0   102   319     4   238     1   238 0.84 -
TCONS_00036767:4281-9376   -            243 122526at6656         -            322   2.4e-38  131.0   0.9   1   1   1.5e-39   3.6e-38  130.5   0.9    98   318     3   243     1   243 0.82 -
TCONS_00055740:179-1717    -            513 122526at6656         -            322   2.6e-38  130.9   0.1   1   3   6.6e-37   1.6e-35  121.8   0.0    98   320     1   240     1   242 0.83 -
TCONS_00055740:179-1717    -            513 122526at6656         -            322   2.6e-38  130.9   0.1   2   3      0.39       9.5    4.2   0.0   122   154   311   340   245   387 0.60 -
TCONS_00055740:179-1717    -            513 122526at6656         -            322   2.6e-38  130.9   0.1   3   3       9.8   2.4e+02   -0.4   0.0    49    82   429   465   418   508 0.79 -
TCONS_00056400:186-1724    -            513 122526at6656         -            322   2.6e-38  130.9   0.1   1   3   6.6e-37   1.6e-35  121.8   0.0    98   320     1   240     1   242 0.83 -
TCONS_00056400:186-1724    -            513 122526at6656         -            322   2.6e-38  130.9   0.1   2   3      0.39       9.5    4.2   0.0   122   154   311   340   245   387 0.60 -
TCONS_00056400:186-1724    -            513 122526at6656         -            322   2.6e-38  130.9   0.1   3   3       9.8   2.4e+02   -0.4   0.0    49    82   429   465   418   508 0.79 -
TCONS_00057911:178-1716    -            513 122526at6656         -            322   2.6e-38  130.9   0.1   1   3   6.6e-37   1.6e-35  121.8   0.0    98   320     1   240     1   242 0.83 -
TCONS_00057911:178-1716    -            513 122526at6656         -            322   2.6e-38  130.9   0.1   2   3      0.39       9.5    4.2   0.0   122   154   311   340   245   387 0.60 -
TCONS_00057911:178-1716    -            513 122526at6656         -            322   2.6e-38  130.9   0.1   3   3       9.8   2.4e+02   -0.4   0.0    49    82   429   465   418   508 0.79 -
TCONS_00006115:137-841     -            235 122526at6656         -            322   3.2e-38  130.6   0.3   1   1   1.8e-39   4.5e-38  130.2   0.3    93   321     3   234     1   235 0.87 -
TCONS_00003731:277-975     -            233 122526at6656         -            322   6.5e-38  129.6   0.0   1   1   3.2e-39   7.7e-38  129.4   0.0    95   321     1   231     1   232 0.89 -
TCONS_00051951:467-1216    -            250 122526at6656         -            322   6.9e-38  129.5   0.4   1   1   3.8e-39   9.2e-38  129.1   0.4    97   318    14   250     8   250 0.81 -
TCONS_00032286:239-1732    -            498 122526at6656         -            322   1.6e-37  128.4   2.0   1   3   9.7e-37   2.4e-35  121.2   0.0   101   320     3   239     1   241 0.83 -
TCONS_00032286:239-1732    -            498 122526at6656         -            322   1.6e-37  128.4   2.0   2   3       3.9        94    0.9   0.0    92   145   286   334   264   338 0.75 -
TCONS_00032286:239-1732    -            498 122526at6656         -            322   1.6e-37  128.4   2.0   3   3         2        49    1.9   0.7   190   213   340   359   333   497 0.71 -
TCONS_00040059:460-1227    -            256 122526at6656         -            322   1.7e-37  128.3   0.1   1   1     8e-39     2e-37  128.0   0.1    92   321    17   256     2   256 0.87 -
TCONS_00029775:372-1151    -            260 122526at6656         -            322   1.7e-37  128.2   0.4   1   1     9e-39   2.2e-37  127.9   0.4   102   321    25   258    18   259 0.81 -
TCONS_00032590:104-931     -            276 122526at6656         -            322   2.1e-37  128.0   0.0   1   1   1.1e-38   2.6e-37  127.6   0.0    95   321    30   274    12   275 0.80 -
TCONS_00033476:569-1555    -            329 122526at6656         -            322   2.5e-37  127.7   1.0   1   1   1.9e-38   4.6e-37  126.8   1.0    98   321    42   285    14   286 0.84 -
TCONS_00034797:798-1784    -            329 122526at6656         -            322   2.5e-37  127.7   1.0   1   1   1.9e-38   4.6e-37  126.8   1.0    98   321    42   285    14   286 0.84 -
TCONS_00038344:561-1547    -            329 122526at6656         -            322   2.5e-37  127.7   1.0   1   1   1.9e-38   4.6e-37  126.8   1.0    98   321    42   285    14   286 0.84 -
TCONS_00038345:567-1553    -            329 122526at6656         -            322   2.5e-37  127.7   1.0   1   1   1.9e-38   4.6e-37  126.8   1.0    98   321    42   285    14   286 0.84 -
TCONS_00039285:567-1553    -            329 122526at6656         -            322   2.5e-37  127.7   1.0   1   1   1.9e-38   4.6e-37  126.8   1.0    98   321    42   285    14   286 0.84 -
TCONS_00031750:469-1319    -            258 122526at6656         -            322   3.2e-37  127.3   0.4   1   1   1.7e-38   4.1e-37  127.0   0.4   102   320    25   257    18   258 0.81 -
TCONS_00043913:243-920     -            226 122526at6656         -            322   3.4e-37  127.2   0.0   1   1   1.6e-38     4e-37  127.0   0.0   110   319     1   226     1   226 0.79 -
TCONS_00047045:264-941     -            226 122526at6656         -            322   3.4e-37  127.2   0.0   1   1   1.6e-38     4e-37  127.0   0.0   110   319     1   226     1   226 0.79 -
TCONS_00047047:264-941     -            226 122526at6656         -            322   3.4e-37  127.2   0.0   1   1   1.6e-38     4e-37  127.0   0.0   110   319     1   226     1   226 0.79 -
TCONS_00029777:303-1100    -            266 122526at6656         -            322   3.7e-37  127.1   0.2   1   1   1.9e-38   4.7e-37  126.8   0.2   100   318    30   266    13   266 0.83 -
TCONS_00016441:357-1103    -            249 122526at6656         -            322     4e-37  127.0   0.0   1   1   2.3e-38   5.5e-37  126.6   0.0    96   320     1   249     1   249 0.77 -
TCONS_00042973:249-926     -            226 122526at6656         -            322   4.6e-37  126.8   0.0   1   1   2.2e-38   5.4e-37  126.6   0.0   111   319     2   226     1   226 0.79 -
TCONS_00050164:1532-2248   -            239 122526at6656         -            322     5e-37  126.7   0.1   1   1   2.4e-38   5.7e-37  126.5   0.1    95   322     1   238     1   238 0.89 -
TCONS_00013649:163-1032    -            290 122526at6656         -            322   5.7e-37  126.5   0.0   1   1   2.8e-38   6.8e-37  126.3   0.0    99   319    50   289    21   290 0.82 -
TCONS_00058649:255-1211    -            319 122526at6656         -            322   1.4e-36  125.3   1.1   1   1   4.4e-36   1.1e-34  119.1   1.1   100   321    86   317     3   318 0.80 -
TCONS_00064291:185-919     -            245 122526at6656         -            322   1.4e-36  125.2   1.1   1   1   8.3e-38     2e-36  124.7   1.1    98   320     3   245     1   245 0.81 -
TCONS_00058648:226-1293    -            356 122526at6656         -            322   1.5e-36  125.2   1.0   1   2      0.33       8.1    4.4   0.7    47    96    48    95    29   111 0.79 -
TCONS_00058648:226-1293    -            356 122526at6656         -            322   1.5e-36  125.2   1.0   2   2   5.1e-36   1.2e-34  118.8   0.0   100   321   123   354   104   355 0.78 -
TCONS_00048262:121-1087    -            285 122526at6656         -            322   1.6e-36  125.0   0.0   1   1   9.1e-38   2.2e-36  124.6   0.0    99   319    54   285    17   285 0.81 -
TCONS_00049095:66-887      -            274 122526at6656         -            322   2.9e-36  124.2   0.0   1   1   1.5e-37   3.7e-36  123.9   0.0    95   320    31   274    13   274 0.80 -
TCONS_00031911:2141-2991   -            264 122526at6656         -            322   3.3e-36  124.0   0.3   1   1     2e-37   4.8e-36  123.5   0.3    94   320    18   264     4   264 0.81 -
TCONS_00034423:139-989     -            264 122526at6656         -            322   3.3e-36  124.0   0.3   1   1     2e-37   4.8e-36  123.5   0.3    94   320    18   264     4   264 0.81 -
TCONS_00034424:139-989     -            264 122526at6656         -            322   3.3e-36  124.0   0.3   1   1     2e-37   4.8e-36  123.5   0.3    94   320    18   264     4   264 0.81 -
TCONS_00037475:235-1085    -            264 122526at6656         -            322   3.3e-36  124.0   0.3   1   1     2e-37   4.8e-36  123.5   0.3    94   320    18   264     4   264 0.81 -
TCONS_00032846:163-930     -            256 122526at6656         -            322   3.7e-36  123.8   0.3   1   1   2.2e-37   5.4e-36  123.3   0.3    96   320    12   256     2   256 0.81 -
TCONS_00035313:2165-2932   -            256 122526at6656         -            322   3.7e-36  123.8   0.3   1   1   2.2e-37   5.4e-36  123.3   0.3    96   320    12   256     2   256 0.81 -
TCONS_00018515:1137-1781   -            215 122526at6656         -            322   3.8e-36  123.8   0.4   1   1   2.7e-37   6.5e-36  123.1   0.4   166   318    41   215    33   215 0.82 -
TCONS_00004096:152-955     -            268 122526at6656         -            322   4.3e-36  123.6   0.1   1   1   2.3e-37   5.6e-36  123.3   0.1    86   319    16   267     7   268 0.83 -
TCONS_00047169:12-713      -            234 122526at6656         -            322   4.6e-36  123.5   1.0   1   1   2.3e-37   5.7e-36  123.2   1.0    87   319     4   233     1   234 0.89 -
TCONS_00015260:180-908     -            243 122526at6656         -            322   5.7e-36  123.2   0.6   1   1   3.3e-37     8e-36  122.7   0.6    99   321     1   243     1   243 0.84 -
TCONS_00037408:255-977     -            241 122526at6656         -            322   1.6e-35  121.8   0.0   1   1   7.8e-37   1.9e-35  121.5   0.0    98   319     1   240     1   241 0.80 -
TCONS_00043806:185-871     -            229 122526at6656         -            322   2.8e-35  121.0   0.0   1   1   1.9e-36   4.5e-35  120.3   0.0   122   320    27   229     1   229 0.82 -
TCONS_00029682:519-1211    -            231 122526at6656         -            322   2.8e-35  121.0   0.0   1   1   1.3e-36   3.3e-35  120.7   0.0   112   320     3   228     1   230 0.82 -
TCONS_00029683:396-1088    -            231 122526at6656         -            322   2.8e-35  121.0   0.0   1   1   1.3e-36   3.3e-35  120.7   0.0   112   320     3   228     1   230 0.82 -
TCONS_00035810:455-1147    -            231 122526at6656         -            322   2.8e-35  121.0   0.0   1   1   1.3e-36   3.3e-35  120.7   0.0   112   320     3   228     1   230 0.82 -
TCONS_00043912:250-983     -            221 122526at6656         -            322   3.3e-35  120.7   0.0   1   1   1.5e-36   3.8e-35  120.5   0.0   110   319     1   221     1   221 0.79 -
TCONS_00049669:250-983     -            221 122526at6656         -            322   3.3e-35  120.7   0.0   1   1   1.5e-36   3.8e-35  120.5   0.0   110   319     1   221     1   221 0.79 -
TCONS_00029681:213-950     -            246 122526at6656         -            322   3.4e-35  120.7   0.0   1   1   1.6e-36   3.9e-35  120.5   0.0   105   319    13   245     1   246 0.79 -
TCONS_00006672:115-801     -            229 122526at6656         -            322   3.8e-35  120.5   0.1   1   1     2e-36   4.8e-35  120.2   0.1    93   319     9   229     4   229 0.90 -
TCONS_00032848:149-865     -            239 122526at6656         -            322   4.3e-35  120.4   1.2   1   1   2.6e-36   6.4e-35  119.8   1.2    98   318     3   239     1   239 0.81 -
TCONS_00038849:464-1180    -            239 122526at6656         -            322   4.3e-35  120.4   1.2   1   1   2.6e-36   6.4e-35  119.8   1.2    98   318     3   239     1   239 0.81 -
TCONS_00011958:223-987     -            255 122526at6656         -            322   4.9e-35  120.2   1.8   1   1   4.7e-36   1.1e-34  119.0   1.8    92   318     8   254     2   255 0.83 -
TCONS_00033512:342-1472    -            377 122526at6656         -            322   6.6e-35  119.7   0.1   1   1   3.6e-36   8.8e-35  119.3   0.1   100   320   139   376   112   377 0.82 -
TCONS_00033513:390-1520    -            377 122526at6656         -            322   6.6e-35  119.7   0.1   1   1   3.6e-36   8.8e-35  119.3   0.1   100   320   139   376   112   377 0.82 -
TCONS_00038346:92-814      -            241 122526at6656         -            322   1.2e-34  118.9   1.1   1   1   6.7e-36   1.6e-34  118.4   1.1    98   318     3   241     1   241 0.83 -
TCONS_00039286:80-802      -            241 122526at6656         -            322   1.2e-34  118.9   1.1   1   1   6.7e-36   1.6e-34  118.4   1.1    98   318     3   241     1   241 0.83 -
TCONS_00034681:380-1477    -            348 122526at6656         -            322   1.6e-34  118.5   1.2   1   1   9.9e-36   2.4e-34  117.9   1.2    94   321    28   275     3   276 0.79 -
TCONS_00036987:669-1728    -            329 122526at6656         -            322   5.7e-34  116.7   0.7   1   1   4.2e-35     1e-33  115.8   0.7    98   321    42   285    14   286 0.83 -
TCONS_00037991:567-1626    -            329 122526at6656         -            322   5.7e-34  116.7   0.7   1   1   4.2e-35     1e-33  115.8   0.7    98   321    42   285    14   286 0.83 -
TCONS_00043919:338-1360    -            341 122526at6656         -            322   7.3e-34  116.3   0.3   1   2   7.9e-27   1.9e-25   88.6   0.0   125   320     1   212     1   214 0.82 -
TCONS_00043919:338-1360    -            341 122526at6656         -            322   7.3e-34  116.3   0.3   2   2     2e-06   4.9e-05   21.6   0.2   113   215   253   341   220   341 0.81 -
TCONS_00015074:381-1035    -            210 122526at6656         -            322   1.2e-33  115.6   0.4   1   2   5.3e-09   1.3e-07   30.1   0.0    96   144     1    52     1    57 0.88 -
TCONS_00015074:381-1035    -            210 122526at6656         -            322   1.2e-33  115.6   0.4   2   2   1.7e-25     4e-24   84.3   0.2   188   321    57   210    51   210 0.81 -
TCONS_00019255:504-1158    -            210 122526at6656         -            322   1.2e-33  115.6   0.4   1   2   5.3e-09   1.3e-07   30.1   0.0    96   144     1    52     1    57 0.88 -
TCONS_00019255:504-1158    -            210 122526at6656         -            322   1.2e-33  115.6   0.4   2   2   1.7e-25     4e-24   84.3   0.2   188   321    57   210    51   210 0.81 -
TCONS_00005668:193-849     -            219 122526at6656         -            322   1.3e-33  115.4   0.1   1   1   6.3e-35   1.5e-33  115.3   0.1    95   318     1   219     1   219 0.88 -
TCONS_00033564:908-1645    -            246 122526at6656         -            322   1.4e-33  115.4   0.1   1   1   7.3e-35   1.8e-33  115.0   0.1    93   322     6   246     1   246 0.85 -
TCONS_00034852:843-1580    -            246 122526at6656         -            322   1.4e-33  115.4   0.1   1   1   7.3e-35   1.8e-33  115.0   0.1    93   322     6   246     1   246 0.85 -
TCONS_00003839:169-825     -            219 122526at6656         -            322   1.5e-33  115.3   0.1   1   1   6.9e-35   1.7e-33  115.1   0.1    95   318     1   219     1   219 0.88 -
TCONS_00026824:284-1315    -            344 122526at6656         -            322   2.1e-33  114.8   1.2   1   1   9.4e-34   2.3e-32  111.4   1.2    84   320    62   341     1   343 0.74 -
TCONS_00015760:1166-1894   -            243 122526at6656         -            322   2.3e-33  114.7   1.3   1   1   1.9e-34   4.6e-33  113.7   1.3    95   320     1   243     1   243 0.83 -
TCONS_00015761:1985-2722   -            246 122526at6656         -            322   2.4e-33  114.6   0.4   1   1   1.5e-34   3.6e-33  114.0   0.4    98   319     3   246     1   246 0.82 -
TCONS_00018016:1236-1973   -            246 122526at6656         -            322   2.4e-33  114.6   0.4   1   1   1.5e-34   3.6e-33  114.0   0.4    98   319     3   246     1   246 0.82 -
TCONS_00028841:1479-2216   -            246 122526at6656         -            322   2.4e-33  114.6   0.4   1   1   1.5e-34   3.6e-33  114.0   0.4    98   319     3   246     1   246 0.82 -
TCONS_00043876:130-852     -            241 122526at6656         -            322   2.7e-33  114.5   0.1   1   1   1.3e-34   3.1e-33  114.3   0.1    95   321     1   240     1   241 0.87 -
TCONS_00036731:505-1233    -            243 122526at6656         -            322   4.5e-33  113.7   0.1   1   1   2.4e-34   5.9e-33  113.3   0.1    95   320     8   240     1   242 0.82 -
TCONS_00035469:92-880      -            242 122526at6656         -            322   5.3e-33  113.5   1.1   1   1   4.6e-34   1.1e-32  112.4   1.1   112   320     8   241     2   242 0.79 -
TCONS_00042302:704-1492    -            263 122526at6656         -            322   1.9e-32  111.7   0.0   1   2   2.8e-08   6.7e-07   27.7   0.0    99   168     1    61     1    73 0.82 -
TCONS_00042302:704-1492    -            263 122526at6656         -            322   1.9e-32  111.7   0.0   2   2   8.7e-25   2.1e-23   81.9   0.0   179   319   104   262    93   263 0.82 -
TCONS_00003990:279-1058    -            260 122526at6656         -            322   2.9e-32  111.1   0.1   1   1   2.2e-33   5.3e-32  110.2   0.1    96   319    12   260     4   260 0.80 -
TCONS_00016681:2377-3141   -            255 122526at6656         -            322   3.7e-32  110.7   0.1   1   1   2.2e-33   5.3e-32  110.2   0.1    95   322     7   255     2   255 0.78 -
TCONS_00027932:182-946     -            255 122526at6656         -            322   3.7e-32  110.7   0.1   1   1   2.2e-33   5.3e-32  110.2   0.1    95   322     7   255     2   255 0.78 -
TCONS_00029885:432-1142    -            237 122526at6656         -            322     4e-32  110.6   0.0   1   1     2e-33   4.8e-32  110.3   0.0   103   319     2   236     1   237 0.81 -
TCONS_00029886:456-1166    -            237 122526at6656         -            322     4e-32  110.6   0.0   1   1     2e-33   4.8e-32  110.3   0.0   103   319     2   236     1   237 0.81 -
TCONS_00006673:116-772     -            219 122526at6656         -            322   4.5e-32  110.4   0.1   1   1   2.2e-33   5.3e-32  110.2   0.1    95   318     1   219     1   219 0.87 -
TCONS_00006674:167-823     -            219 122526at6656         -            322   4.5e-32  110.4   0.1   1   1   2.2e-33   5.3e-32  110.2   0.1    95   318     1   219     1   219 0.87 -
TCONS_00033604:97-819      -            241 122526at6656         -            322   1.2e-31  109.0   0.9   1   1   1.1e-32   2.6e-31  107.9   0.9   112   320     8   240     2   241 0.78 -
TCONS_00028475:200-943     -            248 122526at6656         -            322   1.4e-31  108.8   0.1   1   1   8.1e-33     2e-31  108.3   0.1    99   321     5   248     1   248 0.77 -
TCONS_00039314:486-1424    -            313 122526at6656         -            322   1.5e-31  108.7   0.5   1   1   1.2e-32     3e-31  107.7   0.5   109   320    77   312    57   313 0.78 -
TCONS_00016184:473-1312    -            280 122526at6656         -            322   3.1e-31  107.7   3.0   1   1   6.9e-31   1.7e-29  102.0   3.0    97   321    24   280     9   280 0.73 -
TCONS_00016185:515-1357    -            281 122526at6656         -            322   5.4e-31  106.9   2.3   1   1     1e-30   2.4e-29  101.4   2.3    97   321    24   281    10   281 0.73 -
TCONS_00012572:200-934     -            245 122526at6656         -            322   5.6e-31  106.8   0.1   1   1   3.1e-32   7.6e-31  106.4   0.1    94   321     2   244     1   245 0.79 -
TCONS_00016908:123-1196    -            358 122526at6656         -            322     7e-31  106.5   0.2   1   1     6e-32   1.5e-30  105.5   0.2    91   321   114   356    97   357 0.78 -
TCONS_00016678:1352-2146   -            265 122526at6656         -            322     1e-30  106.0   0.3   1   1   4.8e-31   1.2e-29  102.5   0.3    93   322    10   264     2   264 0.79 -
TCONS_00018198:594-1388    -            265 122526at6656         -            322     1e-30  106.0   0.3   1   1   4.8e-31   1.2e-29  102.5   0.3    93   322    10   264     2   264 0.79 -
TCONS_00018199:1555-2349   -            265 122526at6656         -            322     1e-30  106.0   0.3   1   1   4.8e-31   1.2e-29  102.5   0.3    93   322    10   264     2   264 0.79 -
TCONS_00020372:882-1676    -            265 122526at6656         -            322     1e-30  106.0   0.3   1   1   4.8e-31   1.2e-29  102.5   0.3    93   322    10   264     2   264 0.79 -
TCONS_00020373:596-1390    -            265 122526at6656         -            322     1e-30  106.0   0.3   1   1   4.8e-31   1.2e-29  102.5   0.3    93   322    10   264     2   264 0.79 -
TCONS_00022427:1120-1914   -            265 122526at6656         -            322     1e-30  106.0   0.3   1   1   4.8e-31   1.2e-29  102.5   0.3    93   322    10   264     2   264 0.79 -
TCONS_00022431:538-1332    -            265 122526at6656         -            322     1e-30  106.0   0.3   1   1   4.8e-31   1.2e-29  102.5   0.3    93   322    10   264     2   264 0.79 -
TCONS_00024710:1041-1835   -            265 122526at6656         -            322     1e-30  106.0   0.3   1   1   4.8e-31   1.2e-29  102.5   0.3    93   322    10   264     2   264 0.79 -
TCONS_00025853:577-1371    -            265 122526at6656         -            322     1e-30  106.0   0.3   1   1   4.8e-31   1.2e-29  102.5   0.3    93   322    10   264     2   264 0.79 -
TCONS_00037634:59-733      -            225 122526at6656         -            322   1.1e-30  105.8   0.7   1   1   7.2e-32   1.8e-30  105.2   0.7    93   294     9   225     2   225 0.82 -
TCONS_00058647:528-1556    -            343 122526at6656         -            322   1.3e-30  105.6   0.0   1   1   2.5e-31     6e-30  103.4   0.0    85   320    78   340    36   342 0.76 -
TCONS_00005789:81-737      -            219 122526at6656         -            322   1.4e-30  105.5   0.3   1   1   7.5e-32   1.8e-30  105.1   0.3    94   318     2   219     1   219 0.85 -
TCONS_00032135:207-1382    -            392 122526at6656         -            322   2.1e-30  104.9   0.5   1   1   8.7e-32   2.1e-30  104.9   0.5   112   320   159   391   148   392 0.78 -
TCONS_00058646:324-1370    -            349 122526at6656         -            322   2.2e-30  104.9   1.4   1   1   8.1e-31     2e-29  101.8   1.4    81   320    82   346     9   348 0.77 -
TCONS_00005815:529-1428    -            300 122526at6656         -            322   2.8e-30  104.5   0.1   1   1   2.7e-31   6.5e-30  103.3   0.1    91   321    60   299    47   300 0.83 -
TCONS_00018256:587-2050    -            488 122526at6656         -            322   3.4e-30  104.2   0.2   1   1   1.4e-31   3.4e-30  104.2   0.2    91   321   244   486   227   487 0.78 -
TCONS_00020512:677-2140    -            488 122526at6656         -            322   3.4e-30  104.2   0.2   1   1   1.4e-31   3.4e-30  104.2   0.2    91   321   244   486   227   487 0.78 -
TCONS_00031389:601-1527    -            309 122526at6656         -            322   3.6e-30  104.2   1.6   1   1   3.7e-31   8.9e-30  102.9   1.7   110   318    78   309    65   309 0.75 -
TCONS_00033605:538-1464    -            309 122526at6656         -            322   3.6e-30  104.2   1.6   1   1   3.7e-31   8.9e-30  102.9   1.7   110   318    78   309    65   309 0.75 -
TCONS_00034871:381-1313    -            311 122526at6656         -            322   3.7e-30  104.1   1.6   1   1   3.7e-31   9.1e-30  102.9   1.7   110   318    80   311    67   311 0.75 -
TCONS_00006365:112-819     -            236 122526at6656         -            322   4.4e-30  103.9   0.6   1   1   1.1e-30   2.8e-29  101.3   0.6    94   321     3   235     1   236 0.83 -
TCONS_00028475:1653-2462   -            270 122526at6656         -            322   6.7e-30  103.3   0.0   1   1   6.4e-31   1.6e-29  102.1   0.0    89   321     8   267     2   268 0.80 -
TCONS_00038364:1618-2788   -            378 122526at6656         -            322   8.1e-30  103.0   1.6   1   1   3.3e-31   8.1e-30  103.0   1.6   112   318   149   378   137   378 0.77 -
TCONS_00059101:937-1776    -            280 122526at6656         -            322   1.3e-29  102.3   0.2   1   1   7.8e-31   1.9e-29  101.8   0.2   105   318    47   279    29   280 0.83 -
TCONS_00000118:446-1150    -            235 122526at6656         -            322   2.2e-29  101.6   1.6   1   1   6.6e-30   1.6e-28   98.8   1.6    96   318     1   235     1   235 0.81 -
TCONS_00059708:293-1339    -            349 122526at6656         -            322   2.4e-29  101.5   0.0   1   1   1.7e-30   4.2e-29  100.7   0.0    89   321    84   347    62   348 0.75 -
TCONS_00062851:369-1265    -            299 122526at6656         -            322   2.4e-29  101.4   0.0   1   1   1.4e-30   3.3e-29  101.0   0.0    87   320    34   298     7   299 0.75 -
TCONS_00030263:1312-2094   -            261 122526at6656         -            322     5e-29  100.4   0.2   1   1   5.6e-30   1.4e-28   99.0   0.2   100   318    20   261     3   261 0.80 -
TCONS_00035280:1205-1987   -            261 122526at6656         -            322     5e-29  100.4   0.2   1   1   5.6e-30   1.4e-28   99.0   0.2   100   318    20   261     3   261 0.80 -
TCONS_00035992:1283-2065   -            261 122526at6656         -            322     5e-29  100.4   0.2   1   1   5.6e-30   1.4e-28   99.0   0.2   100   318    20   261     3   261 0.80 -
TCONS_00032720:686-1606    -            307 122526at6656         -            322   6.5e-29  100.0   0.3   1   1   7.2e-30   1.8e-28   98.6   0.3    99   318    65   307    36   307 0.79 -
TCONS_00002453:588-1319    -            244 122526at6656         -            322   7.6e-29   99.8   0.2   1   1   3.9e-30   9.5e-29   99.5   0.2    94   321     2   243     1   244 0.82 -
TCONS_00052632:0-314       -            105 122526at6656         -            322   1.3e-28   99.0   3.0   1   1   5.8e-30   1.4e-28   98.9   3.0   218   319     3   105     1   105 0.94 -
TCONS_00038240:131-793     -            221 122526at6656         -            322   1.6e-28   98.7   0.0   1   1   1.6e-29     4e-28   97.5   0.0    93   268    25   221    10   221 0.83 -
TCONS_00010110:0-698       -            233 122526at6656         -            322   1.7e-28   98.7   0.0   1   1   9.4e-30   2.3e-28   98.3   0.0   107   321     3   232     1   233 0.76 -
TCONS_00006367:193-930     -            246 122526at6656         -            322   2.5e-28   98.1   0.0   1   1   1.6e-29   3.8e-28   97.5   0.0    91   321     9   245     2   246 0.82 -
TCONS_00031288:185-1306    -            374 122526at6656         -            322   3.3e-28   97.7   0.0   1   1     3e-29   7.4e-28   96.6   0.0   101   318   131   374   127   374 0.81 -
TCONS_00041706:376-1062    -            229 122526at6656         -            322   4.1e-28   97.4   0.3   1   1   2.5e-29   6.1e-28   96.9   0.3    94   318     2   229     1   229 0.84 -
TCONS_00018435:118-843     -            242 122526at6656         -            322   1.4e-27   95.7   0.1   1   1   6.5e-29   1.6e-27   95.5   0.1    95   318     1   242     1   242 0.84 -
TCONS_00028963:946-1801    -            232 122526at6656         -            322   1.8e-27   95.3   1.1   1   1   1.8e-23   4.3e-22   77.6   1.1    94   321     7   232     1   232 0.79 -
TCONS_00029436:831-1686    -            232 122526at6656         -            322   1.8e-27   95.3   1.1   1   1   1.8e-23   4.3e-22   77.6   1.1    94   321     7   232     1   232 0.79 -
TCONS_00018439:112-810     -            233 122526at6656         -            322   1.8e-27   95.3   0.4   1   1     9e-29   2.2e-27   95.0   0.4    96   319     1   232     1   233 0.83 -
TCONS_00027023:141-803     -            221 122526at6656         -            322   2.9e-27   94.6   0.0   1   1   1.6e-28     4e-27   94.2   0.0    92   311     5   221     1   221 0.79 -
TCONS_00032575:194-763     -            190 122526at6656         -            322   8.8e-27   93.0   0.1   1   1   5.4e-28   1.3e-26   92.5   0.1   105   278     1   190     1   190 0.85 -
TCONS_00021647:89-364      -             92 122526at6656         -            322   8.9e-27   93.0   1.1   1   1     4e-28   9.6e-27   92.9   1.1   238   322     2    91     1    91 0.91 -
TCONS_00002356:312-959     -            216 122526at6656         -            322     1e-26   92.9   0.2   1   1   4.8e-28   1.2e-26   92.6   0.2    95   318     1   216     1   216 0.83 -
TCONS_00048492:92-589      -            166 122526at6656         -            322   1.4e-26   92.3   0.0   1   1   6.8e-28   1.7e-26   92.1   0.0   177   319     7   166     1   166 0.82 -
TCONS_00027932:1706-2471   -            249 122526at6656         -            322   1.8e-26   92.0   0.0   1   1   2.2e-27   5.3e-26   90.5   0.0    92   318     5   249     1   249 0.81 -
TCONS_00040114:140-883     -            248 122526at6656         -            322   2.2e-26   91.7   0.1   1   1   1.9e-27   4.6e-26   90.7   0.1    99   321    15   247     3   248 0.73 -
TCONS_00038811:2-697       -            232 122526at6656         -            322   2.6e-26   91.5   0.1   1   1   1.2e-27     3e-26   91.3   0.1   110   321     8   231     1   232 0.79 -
TCONS_00005183:111-758     -            216 122526at6656         -            322   4.3e-26   90.8   0.1   1   1     2e-27   4.9e-26   90.6   0.1    95   320     1   216     1   216 0.87 -
TCONS_00043878:29-772      -            248 122526at6656         -            322   1.2e-25   89.3   0.0   1   1   6.1e-27   1.5e-25   89.0   0.0    93   321     6   248     2   248 0.84 -
TCONS_00062374:507-1490    -            278 122526at6656         -            322   1.4e-25   89.1   0.1   1   2   5.9e-05    0.0014   16.8   0.0    87   157    38   117    11   119 0.71 -
TCONS_00062374:507-1490    -            278 122526at6656         -            322   1.4e-25   89.1   0.1   2   2   1.5e-21   3.7e-20   71.3   0.2   188   321   117   277   112   278 0.79 -
TCONS_00006043:276-1043    -            256 122526at6656         -            322   2.1e-25   88.5   2.1   1   1   9.1e-25   2.2e-23   81.9   2.1    80   320     1   256     1   256 0.73 -
TCONS_00033477:92-796      -            235 122526at6656         -            322   3.2e-25   87.9   1.5   1   1   4.2e-24     1e-22   79.7   1.5    98   294     3   235     1   235 0.76 -
TCONS_00037633:92-796      -            235 122526at6656         -            322   3.2e-25   87.9   1.5   1   1   4.2e-24     1e-22   79.7   1.5    98   294     3   235     1   235 0.76 -
TCONS_00051907:258-737     -            160 122526at6656         -            322   7.8e-25   86.6   1.0   1   1   8.4e-26     2e-24   85.3   1.0   182   320     1   159     1   160 0.79 -
TCONS_00047837:442-995     -            161 122526at6656         -            322   1.4e-24   85.8   0.0   1   1   6.4e-26   1.6e-24   85.7   0.0   177   319     7   161     1   161 0.82 -
TCONS_00035597:124-753     -            210 122526at6656         -            322   1.6e-24   85.6   0.0   1   1   8.3e-26     2e-24   85.3   0.0    97   281    14   210     4   210 0.81 -
TCONS_00037409:151-753     -            201 122526at6656         -            322   1.7e-24   85.5   0.0   1   1   8.2e-26     2e-24   85.3   0.0    97   281     5   201     1   201 0.81 -
TCONS_00031826:97-816      -            240 122526at6656         -            322   2.2e-24   85.2   0.0   1   1   1.1e-25   2.7e-24   84.9   0.0    97   281    44   240    27   240 0.81 -
TCONS_00041908:31-216      -             62 122526at6656         -            322   2.9e-24   84.7   2.9   1   1   1.3e-25   3.1e-24   84.7   2.9   261   322     2    62     1    62 0.93 -
TCONS_00031340:128-796     -            223 122526at6656         -            322   3.1e-24   84.7   1.4   1   1     2e-25   4.8e-24   84.0   1.4    95   321     1   223     1   223 0.81 -
TCONS_00006044:389-1172    -            222 122526at6656         -            322   1.4e-23   82.6   1.6   1   2   0.00024    0.0059   14.8   0.0    96   142     2    49     1    54 0.87 -
TCONS_00006044:389-1172    -            222 122526at6656         -            322   1.4e-23   82.6   1.6   2   2   1.1e-19   2.8e-18   65.1   1.0   181   320    56   222    50   222 0.73 -
TCONS_00046707:134-1378    -            415 122526at6656         -            322   1.5e-23   82.5   0.0   1   2   8.7e-19   2.1e-17   62.2   0.0   219   320    21   131    10   133 0.83 -
TCONS_00046707:134-1378    -            415 122526at6656         -            322   1.5e-23   82.5   0.0   2   2    0.0011     0.027   12.6   0.0   175   214   242   281   177   287 0.77 -
TCONS_00018001:44-742      -            233 122526at6656         -            322   3.9e-23   81.1   1.5   1   1   3.5e-24   8.5e-23   80.0   1.5    93   320     9   231     6   233 0.81 -
TCONS_00042955:90-590      -            167 122526at6656         -            322   5.5e-23   80.6   0.0   1   1   3.4e-24   8.4e-23   80.0   0.0   180   321     5   164     2   165 0.78 -
TCONS_00022392:521-1060    -            180 122526at6656         -            322   8.2e-23   80.0   0.0   1   1   4.7e-24   1.1e-22   79.5   0.0    92   217     6   143     1   173 0.80 -
TCONS_00025221:71-838      -            256 122526at6656         -            322   1.3e-22   79.3   0.2   1   1   9.2e-24   2.2e-22   78.6   0.2    92   318     8   256     3   256 0.78 -
TCONS_00024055:177-989     -            271 122526at6656         -            322   1.4e-22   79.2   0.2   1   1   1.1e-23   2.6e-22   78.4   0.2    91   318    22   271    16   271 0.79 -
TCONS_00050829:7-417       -            137 122526at6656         -            322   1.7e-22   78.9   1.3   1   1   1.6e-23     4e-22   77.7   1.3   203   322     1   137     1   137 0.81 -
TCONS_00006366:212-937     -            242 122526at6656         -            322   1.8e-22   78.9   1.2   1   1   2.6e-23   6.3e-22   77.1   1.2    93   319     6   238     2   241 0.83 -
TCONS_00033516:184-933     -            250 122526at6656         -            322   2.3e-22   78.5   0.1   1   2   1.8e-14   4.4e-13   48.0   0.0    98   216    12   126     4   151 0.84 -
TCONS_00033516:184-933     -            250 122526at6656         -            322   2.3e-22   78.5   0.1   2   2   1.3e-08   3.1e-07   28.8   0.1   258   321   180   248   162   249 0.85 -
TCONS_00010594:74-277      -             68 122526at6656         -            322   5.7e-22   77.2   0.5   1   1   2.5e-23   6.2e-22   77.1   0.5   261   321     1    66     1    67 0.93 -
TCONS_00019651:185-1036    -            284 122526at6656         -            322   1.3e-21   76.0   0.5   1   1   1.1e-22   2.6e-21   75.0   0.5    96   312    72   284    57   284 0.82 -
TCONS_00018641:1619-2455   -            279 122526at6656         -            322   2.3e-21   75.2   0.1   1   1   1.6e-22     4e-21   74.4   0.1    97   319    34   278    17   279 0.79 -
TCONS_00018642:1341-2177   -            279 122526at6656         -            322   2.3e-21   75.2   0.1   1   1   1.6e-22     4e-21   74.4   0.1    97   319    34   278    17   279 0.79 -
TCONS_00016686:234-1367    -            378 122526at6656         -            322   2.4e-21   75.2   0.8   1   1   4.5e-22   1.1e-20   73.0   0.5    89   321   121   377    43   378 0.74 -
TCONS_00021210:153-833     -            227 122526at6656         -            322   2.5e-21   75.1   0.0   1   1   1.6e-22   3.9e-21   74.5   0.0    95   310     2   212     1   218 0.85 -
TCONS_00019860:1794-2594   -            267 122526at6656         -            322   4.2e-21   74.4   0.1   1   1   7.7e-22   1.9e-20   72.2   0.1    96   285     1   222     1   265 0.81 -
TCONS_00023833:1581-2381   -            267 122526at6656         -            322   4.2e-21   74.4   0.1   1   1   7.7e-22   1.9e-20   72.2   0.1    96   285     1   222     1   265 0.81 -
TCONS_00047033:7-642       -            212 122526at6656         -            322   3.1e-20   71.5   0.0   1   1   1.5e-21   3.7e-20   71.3   0.0   125   321     1   211     1   212 0.83 -
TCONS_00027351:6893-7210   -            106 122526at6656         -            322   3.8e-20   71.2   0.2   1   1   2.2e-21   5.3e-20   70.8   0.2   236   320     2   102     1   104 0.82 -
TCONS_00027352:6015-6332   -            106 122526at6656         -            322   3.8e-20   71.2   0.2   1   1   2.2e-21   5.3e-20   70.8   0.2   236   320     2   102     1   104 0.82 -
TCONS_00027895:12789-13106 -            106 122526at6656         -            322   3.8e-20   71.2   0.2   1   1   2.2e-21   5.3e-20   70.8   0.2   236   320     2   102     1   104 0.82 -
TCONS_00005282:115-783     -            223 122526at6656         -            322     4e-20   71.2   0.1   1   1   1.9e-21   4.7e-20   70.9   0.1    95   319     1   222     1   223 0.89 -
TCONS_00037660:72-1148     -            359 122526at6656         -            322   4.4e-20   71.0   2.3   1   2       3.4        83    1.1   0.1    44    73    25    54    11    82 0.61 -
TCONS_00037660:72-1148     -            359 122526at6656         -            322   4.4e-20   71.0   2.3   2   2   1.4e-20   3.4e-19   68.1   0.2   118   321   133   358   120   359 0.78 -
TCONS_00033606:82-1140     -            353 122526at6656         -            322   5.1e-20   70.8   2.5   1   2       3.7        89    1.0   0.2    44    73    19    48     9    76 0.60 -
TCONS_00033606:82-1140     -            353 122526at6656         -            322   5.1e-20   70.8   2.5   2   2   1.3e-20   3.2e-19   68.2   0.2   118   321   127   352   114   353 0.78 -
TCONS_00038364:150-1208    -            353 122526at6656         -            322   5.1e-20   70.8   2.5   1   2       3.7        89    1.0   0.2    44    73    19    48     9    76 0.60 -
TCONS_00038364:150-1208    -            353 122526at6656         -            322   5.1e-20   70.8   2.5   2   2   1.3e-20   3.2e-19   68.2   0.2   118   321   127   352   114   353 0.78 -
TCONS_00031390:147-1280    -            378 122526at6656         -            322     1e-19   69.8   1.0   1   2       9.9   2.4e+02   -0.4   0.0    44    62    20    38    12    66 0.74 -
TCONS_00031390:147-1280    -            378 122526at6656         -            322     1e-19   69.8   1.0   2   2   3.3e-20     8e-19   66.9   0.2   119   320   154   377   141   378 0.78 -
TCONS_00006352:114-626     -            171 122526at6656         -            322   1.3e-19   69.5   0.0   1   1   7.2e-21   1.7e-19   69.1   0.0    93   248     6   171     2   171 0.87 -
TCONS_00025165:20-544      -            175 122526at6656         -            322   1.6e-19   69.2   1.9   1   1   9.1e-21   2.2e-19   68.7   1.9   177   312    23   164    11   174 0.84 -
TCONS_00035168:101-499     -            133 122526at6656         -            322   5.3e-19   67.5   0.0   1   1   2.6e-20   6.3e-19   67.2   0.0   214   320    14   130     8   132 0.82 -
TCONS_00007976:169-861     -            231 122526at6656         -            322   5.4e-19   67.5   0.1   1   1   2.8e-20   6.7e-19   67.1   0.1    96   319     1   231     1   231 0.80 -
TCONS_00037013:555-1121    -            189 122526at6656         -            322   1.7e-18   65.8   0.0   1   1   9.3e-20   2.3e-18   65.4   0.0    85   248    18   189     8   189 0.79 -
TCONS_00024460:59-508      -            150 122526at6656         -            322     3e-18   65.0   0.3   1   1   1.5e-19   3.7e-18   64.7   0.3   182   313     1   139     1   149 0.79 -
TCONS_00019893:5904-6395   -            164 122526at6656         -            322   7.4e-18   63.7   0.2   1   1   3.7e-19     9e-18   63.4   0.2   183   315    12   160     3   164 0.82 -
TCONS_00028373:5868-6359   -            164 122526at6656         -            322   7.4e-18   63.7   0.2   1   1   3.7e-19     9e-18   63.4   0.2   183   315    12   160     3   164 0.82 -
TCONS_00032873:13-726      -            238 122526at6656         -            322   1.6e-17   62.6   0.4   1   1   1.4e-18   3.4e-17   61.5   0.4    96   318    18   238     5   238 0.82 -
TCONS_00030264:523-1293    -            257 122526at6656         -            322   1.8e-17   62.4   0.2   1   1   2.5e-18   6.1e-17   60.7   0.2    99   318    17   257     1   257 0.73 -
TCONS_00046123:279-656     -            126 122526at6656         -            322   2.4e-17   62.1   0.0   1   1   9.9e-19   2.4e-17   62.0   0.0   110   216     1   106     1   126 0.77 -
TCONS_00040112:231-1013    -            261 122526at6656         -            322     4e-17   61.3   0.1   1   1   2.5e-18   6.2e-17   60.7   0.1   102   320    38   260    19   261 0.77 -
TCONS_00040113:370-1200    -            277 122526at6656         -            322   4.8e-17   61.0   0.1   1   1   3.1e-18   7.6e-17   60.4   0.1   102   320    54   276    35   277 0.77 -
TCONS_00044767:240-1070    -            277 122526at6656         -            322   4.8e-17   61.0   0.1   1   1   3.1e-18   7.6e-17   60.4   0.1   102   320    54   276    35   277 0.77 -
TCONS_00015102:1188-1802   -            205 122526at6656         -            322   1.1e-16   59.9   0.7   1   1   5.6e-18   1.4e-16   59.6   0.7   124   319     3   205     1   205 0.82 -
TCONS_00023976:113-544     -            144 122526at6656         -            322   2.8e-16   58.5   0.3   1   1   1.5e-17   3.6e-16   58.2   0.3   178   309     3   140     1   144 0.86 -
TCONS_00022524:298-1023    -            242 122526at6656         -            322   2.8e-16   58.5   0.0   1   1   1.9e-17   4.5e-16   57.8   0.0   119   318    24   242     1   242 0.73 -
TCONS_00027957:357-1082    -            242 122526at6656         -            322   2.8e-16   58.5   0.0   1   1   1.9e-17   4.5e-16   57.8   0.0   119   318    24   242     1   242 0.73 -
TCONS_00032991:96-839      -            248 122526at6656         -            322   4.2e-16   58.0   0.0   1   1     2e-17   4.8e-16   57.8   0.0    94   321     3   247     1   248 0.77 -
TCONS_00014118:1478-2386   -            303 122526at6656         -            322   6.8e-16   57.3   1.0   1   1   7.3e-17   1.8e-15   55.9   1.0    88   322    62   303    46   303 0.75 -
TCONS_00014120:616-1524    -            303 122526at6656         -            322   6.8e-16   57.3   1.0   1   1   7.3e-17   1.8e-15   55.9   1.0    88   322    62   303    46   303 0.75 -
TCONS_00024046:551-1459    -            303 122526at6656         -            322   6.8e-16   57.3   1.0   1   1   7.3e-17   1.8e-15   55.9   1.0    88   322    62   303    46   303 0.75 -
TCONS_00028092:551-1459    -            303 122526at6656         -            322   6.8e-16   57.3   1.0   1   1   7.3e-17   1.8e-15   55.9   1.0    88   322    62   303    46   303 0.75 -
TCONS_00050175:999-1292    -             98 122526at6656         -            322     2e-15   55.7   0.0   1   1   8.9e-17   2.2e-15   55.6   0.0   244   320     9    94     1    96 0.77 -
TCONS_00010668:7-609       -            201 122526at6656         -            322   3.5e-15   54.9   0.2   1   1   7.5e-16   1.8e-14   52.6   0.2   126   322     1   199     1   199 0.79 -
TCONS_00010925:62-238      -             59 122526at6656         -            322   4.1e-15   54.7   0.4   1   1   1.8e-16   4.4e-15   54.6   0.4   267   321     1    58     1    59 0.89 -
TCONS_00002959:0-461       -            154 122526at6656         -            322   7.9e-15   53.8   0.8   1   1   1.5e-15   3.5e-14   51.6   0.8   198   321     2   152     1   153 0.68 -
TCONS_00032115:970-1449    -            160 122526at6656         -            322   1.8e-14   52.6   1.9   1   1   1.8e-15   4.5e-14   51.3   1.9   178   320     3   158     1   160 0.77 -
TCONS_00036767:11382-12068 -            229 122526at6656         -            322     2e-14   52.5   0.5   1   1   1.6e-14   3.9e-13   48.2   0.5   101   318     3   229     1   229 0.74 -
TCONS_00038530:1699-2385   -            229 122526at6656         -            322     2e-14   52.5   0.5   1   1   1.6e-14   3.9e-13   48.2   0.5   101   318     3   229     1   229 0.74 -
TCONS_00038849:3186-3872   -            229 122526at6656         -            322     2e-14   52.5   0.5   1   1   1.6e-14   3.9e-13   48.2   0.5   101   318     3   229     1   229 0.74 -
TCONS_00037998:970-1383    -            138 122526at6656         -            322   2.5e-14   52.1   1.7   1   2   4.5e-07   1.1e-05   23.7   0.0   178   215     3    40     1    47 0.93 -
TCONS_00037998:970-1383    -            138 122526at6656         -            322   2.5e-14   52.1   1.7   2   2   3.2e-08   7.8e-07   27.5   0.9   259   320    71   136    60   138 0.84 -
TCONS_00034352:15-224      -             70 122526at6656         -            322   3.3e-14   51.7   0.1   1   1   1.4e-15   3.4e-14   51.7   0.1   258   320     3    68     1    70 0.80 -
TCONS_00046681:8-451       -            148 122526at6656         -            322   5.7e-14   51.0   0.1   1   1   8.8e-15   2.1e-13   49.1   0.1   191   320     1   145     1   147 0.72 -
TCONS_00008991:21-269      -             83 122526at6656         -            322   6.7e-14   50.7   1.5   1   1   2.8e-15   6.9e-14   50.7   1.5   239   312     8    83     1    83 0.83 -
TCONS_00008667:1954-2193   -             80 122526at6656         -            322     1e-13   50.1   0.5   1   1   4.5e-15   1.1e-13   50.0   0.5   250   321     2    79     1    80 0.78 -
TCONS_00013631:1731-1970   -             80 122526at6656         -            322     1e-13   50.1   0.5   1   1   4.5e-15   1.1e-13   50.0   0.5   250   321     2    79     1    80 0.78 -
TCONS_00010664:536-985     -            150 122526at6656         -            322   1.2e-13   49.9   1.1   1   1   1.1e-14   2.8e-13   48.7   1.1   249   321    70   148     1   149 0.70 -
TCONS_00017914:627-1307    -            227 122526at6656         -            322   4.7e-13   47.9   3.2   1   2   3.2e-11   7.9e-10   37.3   3.5   217   321     6   119     3   120 0.77 -
TCONS_00017914:627-1307    -            227 122526at6656         -            322   4.7e-13   47.9   3.2   2   2      0.02      0.49    8.4   0.0    87   168   145   221   134   226 0.76 -
TCONS_00042017:288-671     -            128 122526at6656         -            322   8.4e-13   47.1   0.0   1   1   5.7e-14   1.4e-12   46.4   0.0    99   215    19   128     4   128 0.75 -
TCONS_00035247:46-213      -             56 122526at6656         -            322   8.5e-13   47.1   0.1   1   1     4e-14   9.7e-13   46.9   0.1   271   319     1    55     1    56 0.79 -
TCONS_00042016:225-1089    -            258 122526at6656         -            322   2.5e-12   45.5   0.2   1   1   1.7e-13   4.1e-12   44.8   0.2   102   320    42   257    23   258 0.75 -
TCONS_00048705:9-179       -             57 122526at6656         -            322   4.7e-12   44.6   0.0   1   1   2.1e-13     5e-12   44.6   0.0   271   319     3    56     1    57 0.81 -
TCONS_00042754:112-459     -            116 122526at6656         -            322   6.3e-12   44.2   0.0   1   1     7e-13   1.7e-11   42.8   0.0   182   270     1   105     1   116 0.76 -
TCONS_00028230:1068-1583   -            172 122526at6656         -            322   1.8e-11   42.7   0.9   1   2       6.7   1.6e+02    0.2   0.7    43    66    18    43     3    86 0.60 -
TCONS_00028230:1068-1583   -            172 122526at6656         -            322   1.8e-11   42.7   0.9   2   2     3e-12   7.2e-11   40.7   0.0    88   143   113   171   106   172 0.84 -
TCONS_00047455:43-234      -             64 122526at6656         -            322   1.8e-11   42.7   1.8   1   1     8e-13   1.9e-11   42.6   1.8   257   318     2    64     1    64 0.90 -
TCONS_00034870:597-1070    -            158 122526at6656         -            322     2e-11   42.6   0.1   1   1   1.2e-12   2.9e-11   42.0   0.1   112   216    26   133    15   138 0.79 -
TCONS_00015260:1348-1839   -            164 122526at6656         -            322   1.1e-10   40.2   0.0   1   1   1.8e-11   4.3e-10   38.2   0.0   179   318     4   164     2   164 0.73 -
TCONS_00044734:1-453       -            151 122526at6656         -            322   1.4e-10   39.8   0.0   1   1   6.6e-12   1.6e-10   39.6   0.0   181   318     4   151     1   151 0.75 -
TCONS_00032846:2664-3641   -            326 122526at6656         -            322   1.5e-10   39.7   0.0   1   3       1.9        46    2.0   0.0   302   322    11    31     8    31 0.89 -
TCONS_00032846:2664-3641   -            326 122526at6656         -            322   1.5e-10   39.7   0.0   2   3   1.4e-09   3.4e-08   32.0   0.0    88   216    69   201    58   221 0.74 -
TCONS_00032846:2664-3641   -            326 122526at6656         -            322   1.5e-10   39.7   0.0   3   3       1.8        45    2.0   0.0   291   322   295   326   285   326 0.79 -
TCONS_00034423:2646-3623   -            326 122526at6656         -            322   1.5e-10   39.7   0.0   1   3       1.9        46    2.0   0.0   302   322    11    31     8    31 0.89 -
TCONS_00034423:2646-3623   -            326 122526at6656         -            322   1.5e-10   39.7   0.0   2   3   1.4e-09   3.4e-08   32.0   0.0    88   216    69   201    58   221 0.74 -
TCONS_00034423:2646-3623   -            326 122526at6656         -            322   1.5e-10   39.7   0.0   3   3       1.8        45    2.0   0.0   291   322   295   326   285   326 0.79 -
TCONS_00034424:2646-3623   -            326 122526at6656         -            322   1.5e-10   39.7   0.0   1   3       1.9        46    2.0   0.0   302   322    11    31     8    31 0.89 -
TCONS_00034424:2646-3623   -            326 122526at6656         -            322   1.5e-10   39.7   0.0   2   3   1.4e-09   3.4e-08   32.0   0.0    88   216    69   201    58   221 0.74 -
TCONS_00034424:2646-3623   -            326 122526at6656         -            322   1.5e-10   39.7   0.0   3   3       1.8        45    2.0   0.0   291   322   295   326   285   326 0.79 -
TCONS_00036054:2587-3564   -            326 122526at6656         -            322   1.5e-10   39.7   0.0   1   3       1.9        46    2.0   0.0   302   322    11    31     8    31 0.89 -
TCONS_00036054:2587-3564   -            326 122526at6656         -            322   1.5e-10   39.7   0.0   2   3   1.4e-09   3.4e-08   32.0   0.0    88   216    69   201    58   221 0.74 -
TCONS_00036054:2587-3564   -            326 122526at6656         -            322   1.5e-10   39.7   0.0   3   3       1.8        45    2.0   0.0   291   322   295   326   285   326 0.79 -
TCONS_00011259:568-1029    -            154 122526at6656         -            322   6.8e-10   37.6   0.0   1   1   3.5e-11   8.5e-10   37.2   0.0   180   319     4   149     2   152 0.83 -
TCONS_00059162:539-1249    -            237 122526at6656         -            322     2e-09   36.0   0.0   1   2   2.6e-08   6.3e-07   27.8   0.0   127   216    19   110     7   116 0.75 -
TCONS_00059162:539-1249    -            237 122526at6656         -            322     2e-09   36.0   0.0   2   2     0.093       2.3    6.3   0.0   290   320   204   234   190   236 0.75 -
TCONS_00043914:1779-2654   -            292 122526at6656         -            322     9e-09   33.9   6.4   1   1   2.3e-09   5.5e-08   31.3   6.4    46   319     9   291     2   292 0.70 -
TCONS_00031911:4986-5708   -            241 122526at6656         -            322     1e-08   33.7   0.0   1   2   9.8e-09   2.4e-07   29.2   0.0   108   216     1   114     1   134 0.71 -
TCONS_00031911:4986-5708   -            241 122526at6656         -            322     1e-08   33.7   0.0   2   2       1.2        29    2.6   0.0   291   322   208   239   197   239 0.79 -
TCONS_00037475:3003-3725   -            241 122526at6656         -            322     1e-08   33.7   0.0   1   2   9.8e-09   2.4e-07   29.2   0.0   108   216     1   114     1   134 0.71 -
TCONS_00037475:3003-3725   -            241 122526at6656         -            322     1e-08   33.7   0.0   2   2       1.2        29    2.6   0.0   291   322   208   239   197   239 0.79 -
TCONS_00038810:385-516     -             44 122526at6656         -            322   2.8e-07   28.9   0.0   1   1   1.2e-08     3e-07   28.9   0.0   123   168     2    43     1    44 0.85 -
TCONS_00029675:270-929     -            220 122526at6656         -            322   2.9e-07   28.9   0.0   1   1   2.7e-08   6.6e-07   27.7   0.0   122   318    14   218     5   220 0.71 -
TCONS_00029675:1884-2804   -            307 122526at6656         -            322   3.6e-07   28.6   0.4   1   2   6.8e-08   1.7e-06   26.4   0.0   101   217    84   195    64   243 0.77 -
TCONS_00029675:1884-2804   -            307 122526at6656         -            322   3.6e-07   28.6   0.4   2   2       7.5   1.8e+02   -0.0   0.1   290   318   281   307   275   307 0.71 -
TCONS_00042971:278-922     -            215 122526at6656         -            322   8.4e-07   27.4   0.1   1   2   5.2e-07   1.3e-05   23.5   0.0   105   223    14   123     8   151 0.77 -
TCONS_00042971:278-922     -            215 122526at6656         -            322   8.4e-07   27.4   0.1   2   2         3        73    1.3   0.0   308   318   205   215   188   215 0.86 -
TCONS_00044774:218-862     -            215 122526at6656         -            322   8.4e-07   27.4   0.1   1   2   5.2e-07   1.3e-05   23.5   0.0   105   223    14   123     8   151 0.77 -
TCONS_00044774:218-862     -            215 122526at6656         -            322   8.4e-07   27.4   0.1   2   2         3        73    1.3   0.0   308   318   205   215   188   215 0.86 -
TCONS_00044775:215-859     -            215 122526at6656         -            322   8.4e-07   27.4   0.1   1   2   5.2e-07   1.3e-05   23.5   0.0   105   223    14   123     8   151 0.77 -
TCONS_00044775:215-859     -            215 122526at6656         -            322   8.4e-07   27.4   0.1   2   2         3        73    1.3   0.0   308   318   205   215   188   215 0.86 -
TCONS_00049490:215-859     -            215 122526at6656         -            322   8.4e-07   27.4   0.1   1   2   5.2e-07   1.3e-05   23.5   0.0   105   223    14   123     8   151 0.77 -
TCONS_00049490:215-859     -            215 122526at6656         -            322   8.4e-07   27.4   0.1   2   2         3        73    1.3   0.0   308   318   205   215   188   215 0.86 -
TCONS_00043914:279-848     -            190 122526at6656         -            322   1.2e-06   26.9   0.1   1   2   6.2e-07   1.5e-05   23.3   0.0   122   217     7    92     2   129 0.79 -
TCONS_00043914:279-848     -            190 122526at6656         -            322   1.2e-06   26.9   0.1   2   2       3.4        83    1.1   0.0   308   318   180   190   162   190 0.83 -
TCONS_00043915:279-848     -            190 122526at6656         -            322   1.2e-06   26.9   0.1   1   2   6.2e-07   1.5e-05   23.3   0.0   122   217     7    92     2   129 0.79 -
TCONS_00043915:279-848     -            190 122526at6656         -            322   1.2e-06   26.9   0.1   2   2       3.4        83    1.1   0.0   308   318   180   190   162   190 0.83 -
TCONS_00034681:1619-2173   -            185 122526at6656         -            322   2.7e-06   25.7   0.0   1   1   1.8e-07   4.3e-06   25.1   0.0   179   321    24   184    17   185 0.73 -
TCONS_00021786:115-1017    -            301 122526at6656         -            322   3.4e-06   25.4   0.0   1   1   2.2e-07   5.4e-06   24.7   0.0   103   178    29   109     7   121 0.77 -
TCONS_00003990:1471-1956   -            162 122526at6656         -            322   6.2e-06   24.5   0.1   1   1   3.7e-07   9.1e-06   24.0   0.1   179   224     4    58     2   161 0.70 -
TCONS_00060537:542-1432    -            297 122526at6656         -            322   9.7e-06   23.9   0.0   1   1   1.8e-05   0.00043   18.5   0.0   107   217    58   174    49   297 0.60 -
TCONS_00060538:503-1393    -            297 122526at6656         -            322   9.7e-06   23.9   0.0   1   1   1.8e-05   0.00043   18.5   0.0   107   217    58   174    49   297 0.60 -
TCONS_00063616:503-1393    -            297 122526at6656         -            322   9.7e-06   23.9   0.0   1   1   1.8e-05   0.00043   18.5   0.0   107   217    58   174    49   297 0.60 -
TCONS_00035247:429-1016    -            196 122526at6656         -            322     2e-05   22.8   0.5   1   2    0.0011     0.028   12.5   0.1   171   213    35    77     1    87 0.70 -
TCONS_00035247:429-1016    -            196 122526at6656         -            322     2e-05   22.8   0.5   2   2      0.31       7.5    4.5   0.0   273   300   150   181   142   196 0.78 -
TCONS_00019142:1507-1713   -             69 122526at6656         -            322   3.4e-05   22.1   0.0   1   1   1.4e-06   3.4e-05   22.1   0.0   288   321    35    68     3    69 0.85 -
TCONS_00053485:2267-2416   -             50 122526at6656         -            322   7.3e-05   21.0   0.0   1   1     3e-06   7.3e-05   21.0   0.0   125   171     1    43     1    50 0.84 -
TCONS_00044775:1196-1723   -            176 122526at6656         -            322   0.00035   18.8   0.4   1   3    0.0062      0.15   10.1   0.0   177   214     2    39     1    45 0.90 -
TCONS_00044775:1196-1723   -            176 122526at6656         -            322   0.00035   18.8   0.4   2   3       2.3        55    1.7   0.0    36    82    84   126    64   139 0.74 -
TCONS_00044775:1196-1723   -            176 122526at6656         -            322   0.00035   18.8   0.4   3   3      0.27       6.5    4.8   0.0   273   319   124   175   121   176 0.69 -
TCONS_00049490:1196-1723   -            176 122526at6656         -            322   0.00035   18.8   0.4   1   3    0.0062      0.15   10.1   0.0   177   214     2    39     1    45 0.90 -
TCONS_00049490:1196-1723   -            176 122526at6656         -            322   0.00035   18.8   0.4   2   3       2.3        55    1.7   0.0    36    82    84   126    64   139 0.74 -
TCONS_00049490:1196-1723   -            176 122526at6656         -            322   0.00035   18.8   0.4   3   3      0.27       6.5    4.8   0.0   273   319   124   175   121   176 0.69 -
TCONS_00064484:2565-2852   -             96 122526at6656         -            322   0.00083   17.5   0.0   1   1   3.8e-05   0.00092   17.4   0.0   248   321    14    92     1    93 0.68 -
TCONS_00043914:1185-1709   -            175 122526at6656         -            322   0.00092   17.4   0.2   1   2     0.006      0.15   10.2   0.0   177   214     2    39     1    49 0.91 -
TCONS_00043914:1185-1709   -            175 122526at6656         -            322   0.00092   17.4   0.2   2   2      0.16       3.9    5.5   0.0   249   318    99   174    71   175 0.70 -
TCONS_00030739:426-992     -            189 122526at6656         -            322    0.0019   16.4   0.5   1   2       6.1   1.5e+02    0.3   0.0   125   144     1    20     1    39 0.85 -
TCONS_00030739:426-992     -            189 122526at6656         -            322    0.0019   16.4   0.5   2   2   0.00054     0.013   13.6   0.0   178   205    40    67    31    74 0.87 -
#
# Program:         hmmsearch
# Version:         3.1b2 (February 2015)
# Pipeline mode:   SEARCH
# Query file:      /hpcdata/bcbb/homc/Barillaslab/Agam_hemo_transcriptomes/scripts/busco/busco_downloads/lineages/arthropoda_odb10/hmms/122526at6656.hmm
# Target file:     /hpcdata/bcbb/homc/Barillaslab/Agam_hemo_transcriptomes/scripts/busco/refguided_Agamhemo_BUSCO/run_arthropoda_odb10/metaeuk_output/initial_results/all_transcripts.comprehensive.v6.gffread.fa.modified.fas
# Option settings: hmmsearch --domtblout /hpcdata/bcbb/homc/Barillaslab/Agam_hemo_transcriptomes/scripts/busco/refguided_Agamhemo_BUSCO/run_arthropoda_odb10/hmmer_output/initial_run_results/122526at6656.out --cpu 1 /hpcdata/bcbb/homc/Barillaslab/Agam_hemo_transcriptomes/scripts/busco/busco_downloads/lineages/arthropoda_odb10/hmms/122526at6656.hmm /hpcdata/bcbb/homc/Barillaslab/Agam_hemo_transcriptomes/scripts/busco/refguided_Agamhemo_BUSCO/run_arthropoda_odb10/metaeuk_output/initial_results/all_transcripts.comprehensive.v6.gffread.fa.modified.fas 
# Current dir:     /hpcdata/bcbb/homc/Barillaslab/Agam_hemo_transcriptomes/scripts/busco
# Date:            Thu Feb  9 16:50:51 2023
# [ok]
