#                                                                                --- full sequence --- -------------- this domain -------------   hmm coord   ali coord   env coord
# target name            accession   tlen query name           accession   qlen   E-value  score  bias   #  of  c-Evalue  i-Evalue  score  bias  from    to  from    to  from    to  acc description of target
#    ------------------- ---------- ----- -------------------- ---------- ----- --------- ------ ----- --- --- --------- --------- ------ ----- ----- ----- ----- ----- ----- ----- ---- ---------------------
TCONS_00059024:158-880   -            241 125127at6656         -            182   1.4e-58  196.7   1.3   1   2   2.2e-34   8.4e-32  109.4   0.2     4   118    10   146     7   155 0.84 -
TCONS_00059024:158-880   -            241 125127at6656         -            182   1.4e-58  196.7   1.3   2   2   1.4e-27   5.3e-25   87.3   0.3   108   179   153   235   141   240 0.86 -
TCONS_00043894:1095-1304 -             70 125127at6656         -            182   2.5e-14   52.5   0.1   1   1   6.6e-17   2.5e-14   52.5   0.1   133   167    31    65     2    69 0.93 -
TCONS_00043895:1152-1361 -             70 125127at6656         -            182   2.5e-14   52.5   0.1   1   1   6.6e-17   2.5e-14   52.5   0.1   133   167    31    65     2    69 0.93 -
TCONS_00043897:1134-1343 -             70 125127at6656         -            182   2.5e-14   52.5   0.1   1   1   6.6e-17   2.5e-14   52.5   0.1   133   167    31    65     2    69 0.93 -
TCONS_00043899:980-1189  -             70 125127at6656         -            182   2.5e-14   52.5   0.1   1   1   6.6e-17   2.5e-14   52.5   0.1   133   167    31    65     2    69 0.93 -
TCONS_00043900:1207-1416 -             70 125127at6656         -            182   2.5e-14   52.5   0.1   1   1   6.6e-17   2.5e-14   52.5   0.1   133   167    31    65     2    69 0.93 -
TCONS_00043901:1038-1247 -             70 125127at6656         -            182   2.5e-14   52.5   0.1   1   1   6.6e-17   2.5e-14   52.5   0.1   133   167    31    65     2    69 0.93 -
TCONS_00043902:1037-1246 -             70 125127at6656         -            182   2.5e-14   52.5   0.1   1   1   6.6e-17   2.5e-14   52.5   0.1   133   167    31    65     2    69 0.93 -
TCONS_00045389:1151-1360 -             70 125127at6656         -            182   2.5e-14   52.5   0.1   1   1   6.6e-17   2.5e-14   52.5   0.1   133   167    31    65     2    69 0.93 -
TCONS_00047038:592-801   -             70 125127at6656         -            182   2.5e-14   52.5   0.1   1   1   6.6e-17   2.5e-14   52.5   0.1   133   167    31    65     2    69 0.93 -
TCONS_00047835:911-1120  -             70 125127at6656         -            182   2.5e-14   52.5   0.1   1   1   6.6e-17   2.5e-14   52.5   0.1   133   167    31    65     2    69 0.93 -
TCONS_00048488:980-1189  -             70 125127at6656         -            182   2.5e-14   52.5   0.1   1   1   6.6e-17   2.5e-14   52.5   0.1   133   167    31    65     2    69 0.93 -
TCONS_00048489:1094-1303 -             70 125127at6656         -            182   2.5e-14   52.5   0.1   1   1   6.6e-17   2.5e-14   52.5   0.1   133   167    31    65     2    69 0.93 -
TCONS_00048919:654-863   -             70 125127at6656         -            182   2.5e-14   52.5   0.1   1   1   6.6e-17   2.5e-14   52.5   0.1   133   167    31    65     2    69 0.93 -
TCONS_00048920:1371-1580 -             70 125127at6656         -            182   2.5e-14   52.5   0.1   1   1   6.6e-17   2.5e-14   52.5   0.1   133   167    31    65     2    69 0.93 -
TCONS_00049305:1225-1434 -             70 125127at6656         -            182   2.5e-14   52.5   0.1   1   1   6.6e-17   2.5e-14   52.5   0.1   133   167    31    65     2    69 0.93 -
TCONS_00050021:1376-1585 -             70 125127at6656         -            182   2.5e-14   52.5   0.1   1   1   6.6e-17   2.5e-14   52.5   0.1   133   167    31    65     2    69 0.93 -
TCONS_00050307:3004-3213 -             70 125127at6656         -            182   2.5e-14   52.5   0.1   1   1   6.6e-17   2.5e-14   52.5   0.1   133   167    31    65     2    69 0.93 -
TCONS_00050308:1094-1303 -             70 125127at6656         -            182   2.5e-14   52.5   0.1   1   1   6.6e-17   2.5e-14   52.5   0.1   133   167    31    65     2    69 0.93 -
TCONS_00022655:207-3884  -           1226 125127at6656         -            182   1.2e-12   47.0   0.1   1   2   3.1e-15   1.2e-12   47.0   0.1   132   168    31    71     2    79 0.72 -
TCONS_00022655:207-3884  -           1226 125127at6656         -            182   1.2e-12   47.0   0.1   2   2       9.7   3.7e+03   -3.5   0.4    63    91   318   346   263   359 0.60 -
TCONS_00026919:212-3916  -           1235 125127at6656         -            182   1.2e-12   47.0   0.1   1   2   3.2e-15   1.2e-12   47.0   0.1   132   168    31    71     2    79 0.72 -
TCONS_00026919:212-3916  -           1235 125127at6656         -            182   1.2e-12   47.0   0.1   2   2       9.5   3.7e+03   -3.5   0.4    63    91   327   355   272   368 0.60 -
TCONS_00029793:231-1703  -            491 125127at6656         -            182   1.7e-05   23.7   0.0   1   2   1.3e-07   5.2e-05   22.1   0.0   133   168    16    53    11    65 0.84 -
TCONS_00029793:231-1703  -            491 125127at6656         -            182   1.7e-05   23.7   0.0   2   2       9.4   3.6e+03   -3.4   0.0    13    47   434   468   428   476 0.66 -
TCONS_00005520:191-2626  -            812 125127at6656         -            182     0.005   15.6   0.4   1   2     0.011       4.1    6.1   0.0    20    74   256   310   250   319 0.88 -
TCONS_00005520:191-2626  -            812 125127at6656         -            182     0.005   15.6   0.4   2   2    0.0055       2.1    7.1   0.3     4    86   549   630   546   653 0.85 -
TCONS_00005518:384-4523  -           1215 125127at6656         -            182     0.015   14.0   0.7   1   2     0.017       6.7    5.4   0.0    20    74   232   286   226   295 0.88 -
TCONS_00005518:384-4523  -           1215 125127at6656         -            182     0.015   14.0   0.7   2   2     0.011       4.1    6.1   0.4     4    86   525   606   522   628 0.85 -
TCONS_00009620:113-4324  -           1239 125127at6656         -            182     0.016   14.0   0.7   1   2     0.018       6.9    5.4   0.0    20    74   256   310   250   319 0.88 -
TCONS_00009620:113-4324  -           1239 125127at6656         -            182     0.016   14.0   0.7   2   2     0.011       4.2    6.1   0.4     4    86   549   630   546   652 0.85 -
#
# Program:         hmmsearch
# Version:         3.1b2 (February 2015)
# Pipeline mode:   SEARCH
# Query file:      /hpcdata/bcbb/homc/Barillaslab/Agam_hemo_transcriptomes/scripts/busco/busco_downloads/lineages/arthropoda_odb10/hmms/125127at6656.hmm
# Target file:     /hpcdata/bcbb/homc/Barillaslab/Agam_hemo_transcriptomes/scripts/busco/refguided_Agamhemo_BUSCO/run_arthropoda_odb10/metaeuk_output/initial_results/all_transcripts.comprehensive.v6.gffread.fa.modified.fas
# Option settings: hmmsearch --domtblout /hpcdata/bcbb/homc/Barillaslab/Agam_hemo_transcriptomes/scripts/busco/refguided_Agamhemo_BUSCO/run_arthropoda_odb10/hmmer_output/initial_run_results/125127at6656.out --cpu 1 /hpcdata/bcbb/homc/Barillaslab/Agam_hemo_transcriptomes/scripts/busco/busco_downloads/lineages/arthropoda_odb10/hmms/125127at6656.hmm /hpcdata/bcbb/homc/Barillaslab/Agam_hemo_transcriptomes/scripts/busco/refguided_Agamhemo_BUSCO/run_arthropoda_odb10/metaeuk_output/initial_results/all_transcripts.comprehensive.v6.gffread.fa.modified.fas 
# Current dir:     /hpcdata/bcbb/homc/Barillaslab/Agam_hemo_transcriptomes/scripts/busco
# Date:            Thu Feb  9 16:50:56 2023
# [ok]
