#                                                                               --- full sequence --- -------------- this domain -------------   hmm coord   ali coord   env coord
# target name           accession   tlen query name           accession   qlen   E-value  score  bias   #  of  c-Evalue  i-Evalue  score  bias  from    to  from    to  from    to  acc description of target
#   ------------------- ---------- ----- -------------------- ---------- ----- --------- ------ ----- --- --- --------- --------- ------ ----- ----- ----- ----- ----- ----- ----- ---- ---------------------
TCONS_00002704:438-1931 -            498 128188at6656         -            201   6.4e-62  208.1  88.3   1   5     1e-42   1.2e-39  135.3  23.1     1    93    28   127    28   144 0.90 -
TCONS_00002704:438-1931 -            498 128188at6656         -            201   6.4e-62  208.1  88.3   2   5     0.011        13    4.7  16.1    58   143   213   291   208   311 0.63 -
TCONS_00002704:438-1931 -            498 128188at6656         -            201   6.4e-62  208.1  88.3   3   5     3e-22   3.6e-19   68.6  25.7    71   184   274   385   271   401 0.75 -
TCONS_00002704:438-1931 -            498 128188at6656         -            201   6.4e-62  208.1  88.3   4   5   3.4e-05     0.041   12.9   1.8   159   201   399   439   389   439 0.68 -
TCONS_00002704:438-1931 -            498 128188at6656         -            201   6.4e-62  208.1  88.3   5   5     0.012        15    4.5   4.0   127   181   440   494   438   498 0.77 -
TCONS_00005843:383-1876 -            498 128188at6656         -            201   6.4e-62  208.1  88.3   1   5     1e-42   1.2e-39  135.3  23.1     1    93    28   127    28   144 0.90 -
TCONS_00005843:383-1876 -            498 128188at6656         -            201   6.4e-62  208.1  88.3   2   5     0.011        13    4.7  16.1    58   143   213   291   208   311 0.63 -
TCONS_00005843:383-1876 -            498 128188at6656         -            201   6.4e-62  208.1  88.3   3   5     3e-22   3.6e-19   68.6  25.7    71   184   274   385   271   401 0.75 -
TCONS_00005843:383-1876 -            498 128188at6656         -            201   6.4e-62  208.1  88.3   4   5   3.4e-05     0.041   12.9   1.8   159   201   399   439   389   439 0.68 -
TCONS_00005843:383-1876 -            498 128188at6656         -            201   6.4e-62  208.1  88.3   5   5     0.012        15    4.5   4.0   127   181   440   494   438   498 0.77 -
TCONS_00007747:383-1879 -            499 128188at6656         -            201   7.4e-62  207.9  88.8   1   5     1e-42   1.2e-39  135.3  23.1     1    93    28   127    28   144 0.90 -
TCONS_00007747:383-1879 -            499 128188at6656         -            201   7.4e-62  207.9  88.8   2   5     0.012        14    4.6  16.2    58   143   213   291   208   311 0.63 -
TCONS_00007747:383-1879 -            499 128188at6656         -            201   7.4e-62  207.9  88.8   3   5   1.7e-22     2e-19   69.4  24.5    71   183   274   384   271   396 0.76 -
TCONS_00007747:383-1879 -            499 128188at6656         -            201   7.4e-62  207.9  88.8   4   5   4.2e-05     0.051   12.5   2.0   160   201   400   439   391   439 0.68 -
TCONS_00007747:383-1879 -            499 128188at6656         -            201   7.4e-62  207.9  88.8   5   5     0.011        13    4.7   4.1   127   182   440   495   438   499 0.76 -
TCONS_00005844:328-1722 -            465 128188at6656         -            201   6.4e-60  201.6  84.5   1   5   1.5e-40   1.8e-37  128.3  19.3     8    93     2    94     1   111 0.89 -
TCONS_00005844:328-1722 -            465 128188at6656         -            201   6.4e-60  201.6  84.5   2   5      0.01        12    4.8  16.1    58   143   180   258   175   278 0.63 -
TCONS_00005844:328-1722 -            465 128188at6656         -            201   6.4e-60  201.6  84.5   3   5   2.7e-22   3.2e-19   68.7  25.7    71   184   241   352   238   368 0.75 -
TCONS_00005844:328-1722 -            465 128188at6656         -            201   6.4e-60  201.6  84.5   4   5   3.1e-05     0.037   13.0   1.8   159   201   366   406   356   406 0.68 -
TCONS_00005844:328-1722 -            465 128188at6656         -            201   6.4e-60  201.6  84.5   5   5     0.011        13    4.7   4.0   127   181   407   461   405   465 0.77 -
TCONS_00005842:513-2720 -            736 128188at6656         -            201   6.7e-60  201.5  82.5   1   5     3e-40   3.6e-37  127.3  19.3     8    93     2    94     1   111 0.89 -
TCONS_00005842:513-2720 -            736 128188at6656         -            201   6.7e-60  201.5  82.5   2   5    0.0035       4.2    6.3  12.8    58   136   180   258   175   263 0.65 -
TCONS_00005842:513-2720 -            736 128188at6656         -            201   6.7e-60  201.5  82.5   3   5   1.2e-21   1.4e-18   66.6  29.2    63   184   233   352   228   368 0.73 -
TCONS_00005842:513-2720 -            736 128188at6656         -            201   6.7e-60  201.5  82.5   4   5   5.9e-05     0.071   12.1   1.9   159   201   366   406   356   406 0.68 -
TCONS_00005842:513-2720 -            736 128188at6656         -            201   6.7e-60  201.5  82.5   5   5    0.0011       1.4    7.9   1.2   130   186   410   466   407   511 0.59 -
TCONS_00007748:482-2719 -            746 128188at6656         -            201   7.2e-60  201.4  82.5   1   5     3e-40   3.6e-37  127.3  19.3     8    93     2    94     1   111 0.89 -
TCONS_00007748:482-2719 -            746 128188at6656         -            201   7.2e-60  201.4  82.5   2   5    0.0035       4.2    6.3  12.8    58   136   180   258   175   263 0.65 -
TCONS_00007748:482-2719 -            746 128188at6656         -            201   7.2e-60  201.4  82.5   3   5   1.2e-21   1.5e-18   66.6  29.2    63   184   233   352   228   368 0.73 -
TCONS_00007748:482-2719 -            746 128188at6656         -            201   7.2e-60  201.4  82.5   4   5     6e-05     0.072   12.1   1.9   159   201   366   406   356   406 0.68 -
TCONS_00007748:482-2719 -            746 128188at6656         -            201   7.2e-60  201.4  82.5   5   5    0.0012       1.4    7.8   1.2   130   186   410   466   407   511 0.59 -
TCONS_00008865:482-3246 -            746 128188at6656         -            201   7.2e-60  201.4  82.5   1   5     3e-40   3.6e-37  127.3  19.3     8    93     2    94     1   111 0.89 -
TCONS_00008865:482-3246 -            746 128188at6656         -            201   7.2e-60  201.4  82.5   2   5    0.0035       4.2    6.3  12.8    58   136   180   258   175   263 0.65 -
TCONS_00008865:482-3246 -            746 128188at6656         -            201   7.2e-60  201.4  82.5   3   5   1.2e-21   1.5e-18   66.6  29.2    63   184   233   352   228   368 0.73 -
TCONS_00008865:482-3246 -            746 128188at6656         -            201   7.2e-60  201.4  82.5   4   5     6e-05     0.072   12.1   1.9   159   201   366   406   356   406 0.68 -
TCONS_00008865:482-3246 -            746 128188at6656         -            201   7.2e-60  201.4  82.5   5   5    0.0012       1.4    7.8   1.2   130   186   410   466   407   511 0.59 -
TCONS_00034794:9-596    -            196 128188at6656         -            201   0.00013   21.0   0.8   1   1   1.4e-07   0.00017   20.6   0.8   108   183   111   186    87   194 0.84 -
#
# Program:         hmmsearch
# Version:         3.1b2 (February 2015)
# Pipeline mode:   SEARCH
# Query file:      /hpcdata/bcbb/homc/Barillaslab/Agam_hemo_transcriptomes/scripts/busco/busco_downloads/lineages/arthropoda_odb10/hmms/128188at6656.hmm
# Target file:     /hpcdata/bcbb/homc/Barillaslab/Agam_hemo_transcriptomes/scripts/busco/refguided_Agamhemo_BUSCO/run_arthropoda_odb10/metaeuk_output/initial_results/all_transcripts.comprehensive.v6.gffread.fa.modified.fas
# Option settings: hmmsearch --domtblout /hpcdata/bcbb/homc/Barillaslab/Agam_hemo_transcriptomes/scripts/busco/refguided_Agamhemo_BUSCO/run_arthropoda_odb10/hmmer_output/initial_run_results/128188at6656.out --cpu 1 /hpcdata/bcbb/homc/Barillaslab/Agam_hemo_transcriptomes/scripts/busco/busco_downloads/lineages/arthropoda_odb10/hmms/128188at6656.hmm /hpcdata/bcbb/homc/Barillaslab/Agam_hemo_transcriptomes/scripts/busco/refguided_Agamhemo_BUSCO/run_arthropoda_odb10/metaeuk_output/initial_results/all_transcripts.comprehensive.v6.gffread.fa.modified.fas 
# Current dir:     /hpcdata/bcbb/homc/Barillaslab/Agam_hemo_transcriptomes/scripts/busco
# Date:            Thu Feb  9 16:51:03 2023
# [ok]
