#                                                                                  --- full sequence --- -------------- this domain -------------   hmm coord   ali coord   env coord
# target name              accession   tlen query name           accession   qlen   E-value  score  bias   #  of  c-Evalue  i-Evalue  score  bias  from    to  from    to  from    to  acc description of target
#      ------------------- ---------- ----- -------------------- ---------- ----- --------- ------ ----- --- --- --------- --------- ------ ----- ----- ----- ----- ----- ----- ----- ---- ---------------------
TCONS_00060692:263-2977    -            905 12846at6656          -            584  1.1e-232  772.8   2.9   1   3     4e-56   9.3e-55  185.3   0.0     2   198    45   286    44   292 0.83 -
TCONS_00060692:263-2977    -            905 12846at6656          -            584  1.1e-232  772.8   2.9   2   3   4.5e-12   1.1e-10   39.9   0.0   193   256   325   404   319   415 0.69 -
TCONS_00060692:263-2977    -            905 12846at6656          -            584  1.1e-232  772.8   2.9   3   3  1.4e-163  3.2e-162  540.2   3.5   256   543   426   720   409   736 0.94 -
TCONS_00059213:302-2938    -            879 12846at6656          -            584  1.7e-232  772.2   3.3   1   3   3.8e-56   8.8e-55  185.4   0.0     2   198    45   286    44   292 0.83 -
TCONS_00059213:302-2938    -            879 12846at6656          -            584  1.7e-232  772.2   3.3   2   3   4.2e-12   9.9e-11   40.0   0.0   193   256   325   404   320   416 0.69 -
TCONS_00059213:302-2938    -            879 12846at6656          -            584  1.7e-232  772.2   3.3   3   3  1.7e-163  4.1e-162  539.8   3.5   256   542   426   719   405   723 0.95 -
TCONS_00061588:303-2939    -            879 12846at6656          -            584  1.7e-232  772.2   3.3   1   3   3.8e-56   8.8e-55  185.4   0.0     2   198    45   286    44   292 0.83 -
TCONS_00061588:303-2939    -            879 12846at6656          -            584  1.7e-232  772.2   3.3   2   3   4.2e-12   9.9e-11   40.0   0.0   193   256   325   404   320   416 0.69 -
TCONS_00061588:303-2939    -            879 12846at6656          -            584  1.7e-232  772.2   3.3   3   3  1.7e-163  4.1e-162  539.8   3.5   256   542   426   719   405   723 0.95 -
TCONS_00061589:338-2974    -            879 12846at6656          -            584  1.7e-232  772.2   3.3   1   3   3.8e-56   8.8e-55  185.4   0.0     2   198    45   286    44   292 0.83 -
TCONS_00061589:338-2974    -            879 12846at6656          -            584  1.7e-232  772.2   3.3   2   3   4.2e-12   9.9e-11   40.0   0.0   193   256   325   404   320   416 0.69 -
TCONS_00061589:338-2974    -            879 12846at6656          -            584  1.7e-232  772.2   3.3   3   3  1.7e-163  4.1e-162  539.8   3.5   256   542   426   719   405   723 0.95 -
TCONS_00063012:3221-5857   -            879 12846at6656          -            584  1.7e-232  772.2   3.3   1   3   3.8e-56   8.8e-55  185.4   0.0     2   198    45   286    44   292 0.83 -
TCONS_00063012:3221-5857   -            879 12846at6656          -            584  1.7e-232  772.2   3.3   2   3   4.2e-12   9.9e-11   40.0   0.0   193   256   325   404   320   416 0.69 -
TCONS_00063012:3221-5857   -            879 12846at6656          -            584  1.7e-232  772.2   3.3   3   3  1.7e-163  4.1e-162  539.8   3.5   256   542   426   719   405   723 0.95 -
TCONS_00003473:215-1333    -            373 12846at6656          -            584   1.6e-16   59.1   0.7   1   1     9e-18   2.1e-16   58.7   0.7   337   518   176   371   166   373 0.85 -
TCONS_00015550:630-2283    -            509 12846at6656          -            584   1.4e-15   56.0   5.7   1   2   3.6e-08   8.4e-07   27.0   0.0   319   381   259   321   226   328 0.91 -
TCONS_00015550:630-2283    -            509 12846at6656          -            584   1.4e-15   56.0   5.7   2   2   5.8e-09   1.4e-07   29.6   3.0   386   510   350   476   345   493 0.88 -
TCONS_00021905:548-2201    -            509 12846at6656          -            584   1.4e-15   56.0   5.7   1   2   3.6e-08   8.4e-07   27.0   0.0   319   381   259   321   226   328 0.91 -
TCONS_00021905:548-2201    -            509 12846at6656          -            584   1.4e-15   56.0   5.7   2   2   5.8e-09   1.4e-07   29.6   3.0   386   510   350   476   345   493 0.88 -
TCONS_00021906:626-2352    -            510 12846at6656          -            584   1.7e-15   55.7   6.0   1   2   3.6e-08   8.5e-07   27.0   0.1   319   381   260   322   229   329 0.91 -
TCONS_00021906:626-2352    -            510 12846at6656          -            584   1.7e-15   55.7   6.0   2   2   5.8e-09   1.4e-07   29.6   3.0   386   510   351   477   346   494 0.88 -
TCONS_00020610:1573-2370   -            266 12846at6656          -            584   2.9e-14   51.6   6.4   1   1   1.5e-15   3.6e-14   51.3   6.4   347   514    80   247    50   260 0.83 -
TCONS_00022600:3227-4024   -            266 12846at6656          -            584   2.9e-14   51.6   6.4   1   1   1.5e-15   3.6e-14   51.3   6.4   347   514    80   247    50   260 0.83 -
TCONS_00024803:3010-3807   -            266 12846at6656          -            584   2.9e-14   51.6   6.4   1   1   1.5e-15   3.6e-14   51.3   6.4   347   514    80   247    50   260 0.83 -
TCONS_00024804:2848-3645   -            266 12846at6656          -            584   2.9e-14   51.6   6.4   1   1   1.5e-15   3.6e-14   51.3   6.4   347   514    80   247    50   260 0.83 -
TCONS_00025942:2150-2947   -            266 12846at6656          -            584   2.9e-14   51.6   6.4   1   1   1.5e-15   3.6e-14   51.3   6.4   347   514    80   247    50   260 0.83 -
TCONS_00039490:1352-2071   -            240 12846at6656          -            584   3.5e-14   51.4   3.2   1   1   1.5e-15   3.5e-14   51.4   3.2   327   486    80   240    70   240 0.90 -
TCONS_00002695:3246-3881   -            212 12846at6656          -            584   4.5e-14   51.0   0.3   1   1   2.3e-15   5.3e-14   50.8   0.3   295   486    12   210     5   212 0.78 -
TCONS_00005834:3256-3891   -            212 12846at6656          -            584   4.5e-14   51.0   0.3   1   1   2.3e-15   5.3e-14   50.8   0.3   295   486    12   210     5   212 0.78 -
TCONS_00005835:2448-3083   -            212 12846at6656          -            584   4.5e-14   51.0   0.3   1   1   2.3e-15   5.3e-14   50.8   0.3   295   486    12   210     5   212 0.78 -
TCONS_00011383:2227-2862   -            212 12846at6656          -            584   4.5e-14   51.0   0.3   1   1   2.3e-15   5.3e-14   50.8   0.3   295   486    12   210     5   212 0.78 -
TCONS_00012325:2448-3083   -            212 12846at6656          -            584   4.5e-14   51.0   0.3   1   1   2.3e-15   5.3e-14   50.8   0.3   295   486    12   210     5   212 0.78 -
TCONS_00016961:636-1445    -            270 12846at6656          -            584   7.1e-14   50.3   3.1   1   1   3.7e-15   8.7e-14   50.0   3.1   327   497    51   217    39   249 0.87 -
TCONS_00014449:3362-4138   -            259 12846at6656          -            584   1.9e-13   49.0   0.2   1   1   9.6e-15   2.3e-13   48.7   0.2   295   504    29   243    17   254 0.83 -
TCONS_00014450:3275-4051   -            259 12846at6656          -            584   1.9e-13   49.0   0.2   1   1   9.6e-15   2.3e-13   48.7   0.2   295   504    29   243    17   254 0.83 -
TCONS_00024158:1464-2240   -            259 12846at6656          -            584   1.9e-13   49.0   0.2   1   1   9.6e-15   2.3e-13   48.7   0.2   295   504    29   243    17   254 0.83 -
TCONS_00025295:1753-2529   -            259 12846at6656          -            584   1.9e-13   49.0   0.2   1   1   9.6e-15   2.3e-13   48.7   0.2   295   504    29   243    17   254 0.83 -
TCONS_00027100:3250-4026   -            259 12846at6656          -            584   1.9e-13   49.0   0.2   1   1   9.6e-15   2.3e-13   48.7   0.2   295   504    29   243    17   254 0.83 -
TCONS_00016971:2071-2826   -            252 12846at6656          -            584   7.8e-13   46.9   3.7   1   1   4.6e-14   1.1e-12   46.4   3.7   295   495    32   245    19   251 0.78 -
TCONS_00020551:1216-1971   -            252 12846at6656          -            584   7.8e-13   46.9   3.7   1   1   4.6e-14   1.1e-12   46.4   3.7   295   495    32   245    19   251 0.78 -
TCONS_00022559:1070-1825   -            252 12846at6656          -            584   7.8e-13   46.9   3.7   1   1   4.6e-14   1.1e-12   46.4   3.7   295   495    32   245    19   251 0.78 -
TCONS_00026885:1072-1827   -            252 12846at6656          -            584   7.8e-13   46.9   3.7   1   1   4.6e-14   1.1e-12   46.4   3.7   295   495    32   245    19   251 0.78 -
TCONS_00002236:2842-3537   -            232 12846at6656          -            584   2.2e-12   45.4   0.1   1   1   1.2e-13   2.8e-12   45.1   0.1   342   496    71   221    41   227 0.87 -
TCONS_00011301:1531-2226   -            232 12846at6656          -            584   2.2e-12   45.4   0.1   1   1   1.2e-13   2.8e-12   45.1   0.1   342   496    71   221    41   227 0.87 -
TCONS_00016719:770-1492    -            241 12846at6656          -            584   2.3e-12   45.4   2.6   1   1   1.3e-13   3.1e-12   44.9   2.6   296   496    18   231     7   237 0.81 -
TCONS_00016720:770-1492    -            241 12846at6656          -            584   2.3e-12   45.4   2.6   1   1   1.3e-13   3.1e-12   44.9   2.6   296   496    18   231     7   237 0.81 -
TCONS_00016721:770-1492    -            241 12846at6656          -            584   2.3e-12   45.4   2.6   1   1   1.3e-13   3.1e-12   44.9   2.6   296   496    18   231     7   237 0.81 -
TCONS_00016722:1604-2326   -            241 12846at6656          -            584   2.3e-12   45.4   2.6   1   1   1.3e-13   3.1e-12   44.9   2.6   296   496    18   231     7   237 0.81 -
TCONS_00016723:822-1544    -            241 12846at6656          -            584   2.3e-12   45.4   2.6   1   1   1.3e-13   3.1e-12   44.9   2.6   296   496    18   231     7   237 0.81 -
TCONS_00020405:770-1492    -            241 12846at6656          -            584   2.3e-12   45.4   2.6   1   1   1.3e-13   3.1e-12   44.9   2.6   296   496    18   231     7   237 0.81 -
TCONS_00022450:770-1492    -            241 12846at6656          -            584   2.3e-12   45.4   2.6   1   1   1.3e-13   3.1e-12   44.9   2.6   296   496    18   231     7   237 0.81 -
TCONS_00022451:770-1492    -            241 12846at6656          -            584   2.3e-12   45.4   2.6   1   1   1.3e-13   3.1e-12   44.9   2.6   296   496    18   231     7   237 0.81 -
TCONS_00022452:1063-1785   -            241 12846at6656          -            584   2.3e-12   45.4   2.6   1   1   1.3e-13   3.1e-12   44.9   2.6   296   496    18   231     7   237 0.81 -
TCONS_00023500:1159-1881   -            241 12846at6656          -            584   2.3e-12   45.4   2.6   1   1   1.3e-13   3.1e-12   44.9   2.6   296   496    18   231     7   237 0.81 -
TCONS_00027393:770-1492    -            241 12846at6656          -            584   2.3e-12   45.4   2.6   1   1   1.3e-13   3.1e-12   44.9   2.6   296   496    18   231     7   237 0.81 -
TCONS_00028481:4018-4740   -            241 12846at6656          -            584   2.3e-12   45.4   2.6   1   1   1.3e-13   3.1e-12   44.9   2.6   296   496    18   231     7   237 0.81 -
TCONS_00020357:448-3795    -           1116 12846at6656          -            584   7.6e-12   43.6   6.6   1   1   5.1e-13   1.2e-11   43.0   6.6   327   510   906  1091   904  1105 0.87 -
TCONS_00014253:1380-2042   -            221 12846at6656          -            584   9.1e-12   43.4   0.9   1   1   4.5e-13   1.1e-11   43.2   0.9   346   473    87   211    67   221 0.90 -
TCONS_00026713:1473-2345   -            291 12846at6656          -            584   2.3e-10   38.7   0.0   1   1   2.9e-11   6.9e-10   37.2   0.0    60   195   102   253    50   263 0.69 -
TCONS_00027834:1473-2345   -            291 12846at6656          -            584   2.3e-10   38.7   0.0   1   1   2.9e-11   6.9e-10   37.2   0.0    60   195   102   253    50   263 0.69 -
TCONS_00039395:343-2538    -            732 12846at6656          -            584     6e-10   37.4   0.9   1   1   4.4e-11     1e-09   36.6   0.9   418   516   156   259   104   283 0.82 -
TCONS_00016535:2506-3339   -            278 12846at6656          -            584   6.5e-10   37.3   0.0   1   1   4.8e-11   1.1e-09   36.5   0.0    61   198    91   246    42   255 0.72 -
TCONS_00020265:2506-3339   -            278 12846at6656          -            584   6.5e-10   37.3   0.0   1   1   4.8e-11   1.1e-09   36.5   0.0    61   198    91   246    42   255 0.72 -
TCONS_00022369:2369-3202   -            278 12846at6656          -            584   6.5e-10   37.3   0.0   1   1   4.8e-11   1.1e-09   36.5   0.0    61   198    91   246    42   255 0.72 -
TCONS_00022370:2275-3108   -            278 12846at6656          -            584   6.5e-10   37.3   0.0   1   1   4.8e-11   1.1e-09   36.5   0.0    61   198    91   246    42   255 0.72 -
TCONS_00022372:2170-3003   -            278 12846at6656          -            584   6.5e-10   37.3   0.0   1   1   4.8e-11   1.1e-09   36.5   0.0    61   198    91   246    42   255 0.72 -
TCONS_00022373:2104-2937   -            278 12846at6656          -            584   6.5e-10   37.3   0.0   1   1   4.8e-11   1.1e-09   36.5   0.0    61   198    91   246    42   255 0.72 -
TCONS_00027915:2500-3333   -            278 12846at6656          -            584   6.5e-10   37.3   0.0   1   1   4.8e-11   1.1e-09   36.5   0.0    61   198    91   246    42   255 0.72 -
TCONS_00050988:48-653      -            202 12846at6656          -            584   6.7e-10   37.2   0.1   1   1   4.8e-11   1.1e-09   36.5   0.1    38   156     3   147     1   189 0.73 -
TCONS_00050989:48-653      -            202 12846at6656          -            584   6.7e-10   37.2   0.1   1   1   4.8e-11   1.1e-09   36.5   0.1    38   156     3   147     1   189 0.73 -
TCONS_00053690:48-653      -            202 12846at6656          -            584   6.7e-10   37.2   0.1   1   1   4.8e-11   1.1e-09   36.5   0.1    38   156     3   147     1   189 0.73 -
TCONS_00029835:2537-3346   -            270 12846at6656          -            584   1.6e-09   36.0   0.0   1   1   8.4e-11     2e-09   35.7   0.0    59   150    90   195    65   251 0.79 -
TCONS_00037670:559-1248    -            230 12846at6656          -            584   2.8e-09   35.2   0.0   1   1   1.4e-10   3.3e-09   34.9   0.0    58   152    37   143    12   198 0.70 -
TCONS_00031468:910-1770    -            287 12846at6656          -            584   4.2e-09   34.6   0.0   1   1   2.3e-10   5.3e-09   34.3   0.0    57   152    93   200    48   255 0.73 -
TCONS_00036348:629-1348    -            240 12846at6656          -            584   4.6e-09   34.5   0.0   1   1   2.2e-10   5.2e-09   34.3   0.0    57   151    48   154     7   209 0.77 -
TCONS_00016755:652-1698    -            349 12846at6656          -            584   5.7e-09   34.2   2.5   1   2       1.2        27    2.2   0.0   331   391    98   157    92   173 0.76 -
TCONS_00016755:652-1698    -            349 12846at6656          -            584   5.7e-09   34.2   2.5   2   2   2.4e-09   5.6e-08   30.9   1.5   423   521   246   347   230   349 0.86 -
TCONS_00020424:517-1563    -            349 12846at6656          -            584   5.7e-09   34.2   2.5   1   2       1.2        27    2.2   0.0   331   391    98   157    92   173 0.76 -
TCONS_00020424:517-1563    -            349 12846at6656          -            584   5.7e-09   34.2   2.5   2   2   2.4e-09   5.6e-08   30.9   1.5   423   521   246   347   230   349 0.86 -
TCONS_00022463:503-1549    -            349 12846at6656          -            584   5.7e-09   34.2   2.5   1   2       1.2        27    2.2   0.0   331   391    98   157    92   173 0.76 -
TCONS_00022463:503-1549    -            349 12846at6656          -            584   5.7e-09   34.2   2.5   2   2   2.4e-09   5.6e-08   30.9   1.5   423   521   246   347   230   349 0.86 -
TCONS_00038382:863-1558    -            232 12846at6656          -            584   6.6e-09   33.9   0.0   1   1   4.1e-10   9.7e-09   33.4   0.0    57   150   107   212    60   217 0.80 -
TCONS_00027089:162-2657    -            832 12846at6656          -            584   1.1e-08   33.2   0.1   1   1     7e-10   1.6e-08   32.6   0.1   294   488   190   396   174   452 0.75 -
TCONS_00017365:123-818     -            232 12846at6656          -            584   1.7e-08   32.6   0.0   1   1     1e-09   2.4e-08   32.1   0.0    67   153   107   208    61   229 0.76 -
TCONS_00024910:116-811     -            232 12846at6656          -            584   1.7e-08   32.6   0.0   1   1     1e-09   2.4e-08   32.1   0.0    67   153   107   208    61   229 0.76 -
TCONS_00026007:161-856     -            232 12846at6656          -            584   1.7e-08   32.6   0.0   1   1     1e-09   2.4e-08   32.1   0.0    67   153   107   208    61   229 0.76 -
TCONS_00028554:123-818     -            232 12846at6656          -            584   1.7e-08   32.6   0.0   1   1     1e-09   2.4e-08   32.1   0.0    67   153   107   208    61   229 0.76 -
TCONS_00041379:1218-2183   -            322 12846at6656          -            584   1.8e-08   32.5   0.0   1   1     1e-09   2.4e-08   32.1   0.0    68   150   114   209    85   232 0.81 -
TCONS_00050319:1642-2607   -            322 12846at6656          -            584   1.8e-08   32.5   0.0   1   1     1e-09   2.4e-08   32.1   0.0    68   150   114   209    85   232 0.81 -
TCONS_00014608:408-1220    -            271 12846at6656          -            584   4.8e-08   31.1   0.0   1   1     3e-09     7e-08   30.6   0.0    60   150    93   197    41   246 0.78 -
TCONS_00041381:1611-2591   -            327 12846at6656          -            584     5e-08   31.0   0.0   1   1   2.8e-09   6.5e-08   30.7   0.0    61   150   100   202    75   245 0.76 -
TCONS_00047068:532-1512    -            327 12846at6656          -            584     5e-08   31.0   0.0   1   1   2.8e-09   6.5e-08   30.7   0.0    61   150   100   202    75   245 0.76 -
TCONS_00049681:1612-2592   -            327 12846at6656          -            584     5e-08   31.0   0.0   1   1   2.8e-09   6.5e-08   30.7   0.0    61   150   100   202    75   245 0.76 -
TCONS_00049683:712-1692    -            327 12846at6656          -            584     5e-08   31.0   0.0   1   1   2.8e-09   6.5e-08   30.7   0.0    61   150   100   202    75   245 0.76 -
TCONS_00050033:1591-2571   -            327 12846at6656          -            584     5e-08   31.0   0.0   1   1   2.8e-09   6.5e-08   30.7   0.0    61   150   100   202    75   245 0.76 -
TCONS_00050320:976-1956    -            327 12846at6656          -            584     5e-08   31.0   0.0   1   1   2.8e-09   6.5e-08   30.7   0.0    61   150   100   202    75   245 0.76 -
TCONS_00041380:1996-2994   -            333 12846at6656          -            584   5.2e-08   31.0   0.0   1   1   2.9e-09   6.7e-08   30.6   0.0    61   150   106   208    80   251 0.76 -
TCONS_00043953:1304-2302   -            333 12846at6656          -            584   5.2e-08   31.0   0.0   1   1   2.9e-09   6.7e-08   30.6   0.0    61   150   106   208    80   251 0.76 -
TCONS_00043954:1921-2919   -            333 12846at6656          -            584   5.2e-08   31.0   0.0   1   1   2.9e-09   6.7e-08   30.6   0.0    61   150   106   208    80   251 0.76 -
TCONS_00045425:1525-2523   -            333 12846at6656          -            584   5.2e-08   31.0   0.0   1   1   2.9e-09   6.7e-08   30.6   0.0    61   150   106   208    80   251 0.76 -
TCONS_00047855:421-1419    -            333 12846at6656          -            584   5.2e-08   31.0   0.0   1   1   2.9e-09   6.7e-08   30.6   0.0    61   150   106   208    80   251 0.76 -
TCONS_00047856:914-1912    -            333 12846at6656          -            584   5.2e-08   31.0   0.0   1   1   2.9e-09   6.7e-08   30.6   0.0    61   150   106   208    80   251 0.76 -
TCONS_00048931:1375-2373   -            333 12846at6656          -            584   5.2e-08   31.0   0.0   1   1   2.9e-09   6.7e-08   30.6   0.0    61   150   106   208    80   251 0.76 -
TCONS_00048932:1925-2923   -            333 12846at6656          -            584   5.2e-08   31.0   0.0   1   1   2.9e-09   6.7e-08   30.6   0.0    61   150   106   208    80   251 0.76 -
TCONS_00049322:1437-2435   -            333 12846at6656          -            584   5.2e-08   31.0   0.0   1   1   2.9e-09   6.7e-08   30.6   0.0    61   150   106   208    80   251 0.76 -
TCONS_00049323:2046-3044   -            333 12846at6656          -            584   5.2e-08   31.0   0.0   1   1   2.9e-09   6.7e-08   30.6   0.0    61   150   106   208    80   251 0.76 -
TCONS_00049680:1996-2994   -            333 12846at6656          -            584   5.2e-08   31.0   0.0   1   1   2.9e-09   6.7e-08   30.6   0.0    61   150   106   208    80   251 0.76 -
TCONS_00005962:402-983     -            194 12846at6656          -            584   6.4e-08   30.7   0.0   1   1   3.5e-09   8.1e-08   30.3   0.0    66   153    42   142    27   154 0.78 -
TCONS_00045184:595-1426    -            268 12846at6656          -            584   6.5e-08   30.7   0.0   1   1   4.1e-09   9.6e-08   30.1   0.0    73   150   107   193   100   200 0.87 -
TCONS_00046913:104-935     -            268 12846at6656          -            584   6.5e-08   30.7   0.0   1   1   4.1e-09   9.6e-08   30.1   0.0    73   150   107   193   100   200 0.87 -
TCONS_00027782:599-1267    -            223 12846at6656          -            584   8.3e-08   30.3   0.0   1   1   5.2e-09   1.2e-07   29.8   0.0    67   151    38   135    28   140 0.79 -
TCONS_00003509:523-1395    -            291 12846at6656          -            584   9.3e-08   30.1   0.0   1   1   7.9e-09   1.9e-07   29.1   0.0    70   151   111   205    24   221 0.83 -
TCONS_00009961:510-1382    -            291 12846at6656          -            584   9.3e-08   30.1   0.0   1   1   7.9e-09   1.9e-07   29.1   0.0    70   151   111   205    24   221 0.83 -
TCONS_00015657:558-1403    -            282 12846at6656          -            584   1.2e-07   29.8   0.0   1   1   8.8e-09   2.1e-07   29.0   0.0    67   151    97   194    87   199 0.79 -
TCONS_00002355:3007-3753   -            249 12846at6656          -            584   1.5e-07   29.5   0.0   1   1   1.2e-08   2.7e-07   28.6   0.0    63   150    92   193    41   247 0.70 -
TCONS_00005592:1142-1888   -            249 12846at6656          -            584   1.5e-07   29.5   0.0   1   1   1.2e-08   2.7e-07   28.6   0.0    63   150    92   193    41   247 0.70 -
TCONS_00011848:926-1672    -            249 12846at6656          -            584   1.5e-07   29.5   0.0   1   1   1.2e-08   2.7e-07   28.6   0.0    63   150    92   193    41   247 0.70 -
TCONS_00012744:2937-3683   -            249 12846at6656          -            584   1.5e-07   29.5   0.0   1   1   1.2e-08   2.7e-07   28.6   0.0    63   150    92   193    41   247 0.70 -
TCONS_00002150:1073-1855   -            261 12846at6656          -            584   1.8e-07   29.2   0.0   1   1     9e-09   2.1e-07   29.0   0.0    50   152    77   195    57   256 0.71 -
TCONS_00004551:1110-1892   -            261 12846at6656          -            584   1.8e-07   29.2   0.0   1   1     9e-09   2.1e-07   29.0   0.0    50   152    77   195    57   256 0.71 -
TCONS_00007482:1036-1818   -            261 12846at6656          -            584   1.8e-07   29.2   0.0   1   1     9e-09   2.1e-07   29.0   0.0    50   152    77   195    57   256 0.71 -
TCONS_00039707:1128-1802   -            225 12846at6656          -            584     2e-07   29.1   0.6   1   2       6.6   1.6e+02   -0.3   0.0   290   314    10    34     5    50 0.81 -
TCONS_00039707:1128-1802   -            225 12846at6656          -            584     2e-07   29.1   0.6   2   2   3.3e-08   7.8e-07   27.1   0.6   349   458   103   209    72   224 0.84 -
TCONS_00042674:1146-1820   -            225 12846at6656          -            584     2e-07   29.1   0.6   1   2       6.6   1.6e+02   -0.3   0.0   290   314    10    34     5    50 0.81 -
TCONS_00042674:1146-1820   -            225 12846at6656          -            584     2e-07   29.1   0.6   2   2   3.3e-08   7.8e-07   27.1   0.6   349   458   103   209    72   224 0.84 -
TCONS_00044583:1158-1832   -            225 12846at6656          -            584     2e-07   29.1   0.6   1   2       6.6   1.6e+02   -0.3   0.0   290   314    10    34     5    50 0.81 -
TCONS_00044583:1158-1832   -            225 12846at6656          -            584     2e-07   29.1   0.6   2   2   3.3e-08   7.8e-07   27.1   0.6   349   458   103   209    72   224 0.84 -
TCONS_00028503:272-1103    -            241 12846at6656          -            584   3.5e-07   28.2   0.8   1   1   1.2e-07   2.8e-06   25.2   0.8   350   485   120   240    86   241 0.69 -
TCONS_00014591:979-2226    -            416 12846at6656          -            584   8.2e-07   27.0   0.0   1   1     1e-07   2.4e-06   25.5   0.0    71   197   127   276   116   288 0.73 -
TCONS_00014590:755-2029    -            425 12846at6656          -            584     1e-06   26.7   0.0   1   1   1.1e-07   2.6e-06   25.3   0.0    71   197   164   313   153   322 0.73 -
TCONS_00014219:649-1443    -            265 12846at6656          -            584   1.2e-06   26.5   0.0   1   1   6.6e-08   1.6e-06   26.1   0.0    68   192    95   239    78   249 0.77 -
TCONS_00014220:649-1443    -            265 12846at6656          -            584   1.2e-06   26.5   0.0   1   1   6.6e-08   1.6e-06   26.1   0.0    68   192    95   239    78   249 0.77 -
TCONS_00014221:746-1540    -            265 12846at6656          -            584   1.2e-06   26.5   0.0   1   1   6.6e-08   1.6e-06   26.1   0.0    68   192    95   239    78   249 0.77 -
TCONS_00028110:569-1363    -            265 12846at6656          -            584   1.2e-06   26.5   0.0   1   1   6.6e-08   1.6e-06   26.1   0.0    68   192    95   239    78   249 0.77 -
TCONS_00006596:2232-3017   -            262 12846at6656          -            584   2.1e-06   25.7   0.0   1   1   3.2e-07   7.6e-06   23.8   0.0    71   201   103   253    39   260 0.68 -
TCONS_00006598:2620-3405   -            262 12846at6656          -            584   2.1e-06   25.7   0.0   1   1   3.2e-07   7.6e-06   23.8   0.0    71   201   103   253    39   260 0.68 -
TCONS_00006599:2726-3511   -            262 12846at6656          -            584   2.1e-06   25.7   0.0   1   1   3.2e-07   7.6e-06   23.8   0.0    71   201   103   253    39   260 0.68 -
TCONS_00006600:2684-3469   -            262 12846at6656          -            584   2.1e-06   25.7   0.0   1   1   3.2e-07   7.6e-06   23.8   0.0    71   201   103   253    39   260 0.68 -
TCONS_00011600:747-1532    -            262 12846at6656          -            584   2.1e-06   25.7   0.0   1   1   3.2e-07   7.6e-06   23.8   0.0    71   201   103   253    39   260 0.68 -
TCONS_00011601:671-1456    -            262 12846at6656          -            584   2.1e-06   25.7   0.0   1   1   3.2e-07   7.6e-06   23.8   0.0    71   201   103   253    39   260 0.68 -
TCONS_00011602:2567-3352   -            262 12846at6656          -            584   2.1e-06   25.7   0.0   1   1   3.2e-07   7.6e-06   23.8   0.0    71   201   103   253    39   260 0.68 -
TCONS_00002464:1786-2604   -            273 12846at6656          -            584   2.1e-06   25.6   0.0   1   1   1.3e-07   3.1e-06   25.1   0.0    48   197    78   258    38   265 0.77 -
TCONS_00014851:683-1510    -            276 12846at6656          -            584   2.2e-06   25.6   0.0   1   1   2.2e-07   5.2e-06   24.4   0.0    28   196    38   234    31   252 0.67 -
TCONS_00017811:847-1674    -            276 12846at6656          -            584   2.2e-06   25.6   0.0   1   1   2.2e-07   5.2e-06   24.4   0.0    28   196    38   234    31   252 0.67 -
TCONS_00021630:744-1571    -            276 12846at6656          -            584   2.2e-06   25.6   0.0   1   1   2.2e-07   5.2e-06   24.4   0.0    28   196    38   234    31   252 0.67 -
TCONS_00021631:755-1582    -            276 12846at6656          -            584   2.2e-06   25.6   0.0   1   1   2.2e-07   5.2e-06   24.4   0.0    28   196    38   234    31   252 0.67 -
TCONS_00026500:744-1571    -            276 12846at6656          -            584   2.2e-06   25.6   0.0   1   1   2.2e-07   5.2e-06   24.4   0.0    28   196    38   234    31   252 0.67 -
TCONS_00028225:745-1572    -            276 12846at6656          -            584   2.2e-06   25.6   0.0   1   1   2.2e-07   5.2e-06   24.4   0.0    28   196    38   234    31   252 0.67 -
TCONS_00040492:2184-3011   -            276 12846at6656          -            584   2.6e-06   25.3   0.0   1   1   2.8e-07   6.6e-06   24.0   0.0    68   192   103   242    95   256 0.65 -
TCONS_00043293:988-1815    -            276 12846at6656          -            584   2.6e-06   25.3   0.0   1   1   2.8e-07   6.6e-06   24.0   0.0    68   192   103   242    95   256 0.65 -
TCONS_00048781:2184-3011   -            276 12846at6656          -            584   2.6e-06   25.3   0.0   1   1   2.8e-07   6.6e-06   24.0   0.0    68   192   103   242    95   256 0.65 -
TCONS_00048782:2184-3011   -            276 12846at6656          -            584   2.6e-06   25.3   0.0   1   1   2.8e-07   6.6e-06   24.0   0.0    68   192   103   242    95   256 0.65 -
TCONS_00050221:2184-3011   -            276 12846at6656          -            584   2.6e-06   25.3   0.0   1   1   2.8e-07   6.6e-06   24.0   0.0    68   192   103   242    95   256 0.65 -
TCONS_00044987:822-1667    -            282 12846at6656          -            584   2.8e-06   25.3   0.0   1   1     3e-07     7e-06   23.9   0.0    68   192   109   248   101   262 0.65 -
TCONS_00040207:204-1037    -            278 12846at6656          -            584   3.3e-06   25.0   0.0   1   1   2.1e-07   4.8e-06   24.5   0.0    64   152    89   192    42   215 0.80 -
TCONS_00048729:7546-8379   -            278 12846at6656          -            584   3.3e-06   25.0   0.0   1   1   2.1e-07   4.8e-06   24.5   0.0    64   152    89   192    42   215 0.80 -
TCONS_00058713:1145-2038   -            298 12846at6656          -            584   3.3e-06   25.0   0.0   1   1   1.6e-07   3.9e-06   24.8   0.0    67   196    91   240    54   266 0.73 -
TCONS_00060269:1103-1996   -            298 12846at6656          -            584   3.3e-06   25.0   0.0   1   1   1.6e-07   3.9e-06   24.8   0.0    67   196    91   240    54   266 0.73 -
TCONS_00061301:596-1489    -            298 12846at6656          -            584   3.3e-06   25.0   0.0   1   1   1.6e-07   3.9e-06   24.8   0.0    67   196    91   240    54   266 0.73 -
TCONS_00063325:1932-2825   -            298 12846at6656          -            584   3.3e-06   25.0   0.0   1   1   1.6e-07   3.9e-06   24.8   0.0    67   196    91   240    54   266 0.73 -
TCONS_00046028:25-657      -            211 12846at6656          -            584   3.6e-06   24.9   0.0   1   1   1.9e-07   4.5e-06   24.6   0.0    67   150    14   110     8   138 0.82 -
TCONS_00043892:926-1792    -            289 12846at6656          -            584   3.8e-06   24.8   0.0   1   2       4.6   1.1e+02    0.2   0.1   216   249    56    89    12   102 0.55 -
TCONS_00043892:926-1792    -            289 12846at6656          -            584   3.8e-06   24.8   0.0   2   2     8e-07   1.9e-05   22.5   0.0    65   151    97   201    91   218 0.76 -
TCONS_00043893:1024-1890   -            289 12846at6656          -            584   3.8e-06   24.8   0.0   1   2       4.6   1.1e+02    0.2   0.1   216   249    56    89    12   102 0.55 -
TCONS_00043893:1024-1890   -            289 12846at6656          -            584   3.8e-06   24.8   0.0   2   2     8e-07   1.9e-05   22.5   0.0    65   151    97   201    91   218 0.76 -
TCONS_00045386:1009-1875   -            289 12846at6656          -            584   3.8e-06   24.8   0.0   1   2       4.6   1.1e+02    0.2   0.1   216   249    56    89    12   102 0.55 -
TCONS_00045386:1009-1875   -            289 12846at6656          -            584   3.8e-06   24.8   0.0   2   2     8e-07   1.9e-05   22.5   0.0    65   151    97   201    91   218 0.76 -
TCONS_00045387:1038-1904   -            289 12846at6656          -            584   3.8e-06   24.8   0.0   1   2       4.6   1.1e+02    0.2   0.1   216   249    56    89    12   102 0.55 -
TCONS_00045387:1038-1904   -            289 12846at6656          -            584   3.8e-06   24.8   0.0   2   2     8e-07   1.9e-05   22.5   0.0    65   151    97   201    91   218 0.76 -
TCONS_00045388:1145-2011   -            289 12846at6656          -            584   3.8e-06   24.8   0.0   1   2       4.6   1.1e+02    0.2   0.1   216   249    56    89    12   102 0.55 -
TCONS_00045388:1145-2011   -            289 12846at6656          -            584   3.8e-06   24.8   0.0   2   2     8e-07   1.9e-05   22.5   0.0    65   151    97   201    91   218 0.76 -
TCONS_00047834:1154-2020   -            289 12846at6656          -            584   3.8e-06   24.8   0.0   1   2       4.6   1.1e+02    0.2   0.1   216   249    56    89    12   102 0.55 -
TCONS_00047834:1154-2020   -            289 12846at6656          -            584   3.8e-06   24.8   0.0   2   2     8e-07   1.9e-05   22.5   0.0    65   151    97   201    91   218 0.76 -
TCONS_00048916:1163-2029   -            289 12846at6656          -            584   3.8e-06   24.8   0.0   1   2       4.6   1.1e+02    0.2   0.1   216   249    56    89    12   102 0.55 -
TCONS_00048916:1163-2029   -            289 12846at6656          -            584   3.8e-06   24.8   0.0   2   2     8e-07   1.9e-05   22.5   0.0    65   151    97   201    91   218 0.76 -
TCONS_00048917:1062-1928   -            289 12846at6656          -            584   3.8e-06   24.8   0.0   1   2       4.6   1.1e+02    0.2   0.1   216   249    56    89    12   102 0.55 -
TCONS_00048917:1062-1928   -            289 12846at6656          -            584   3.8e-06   24.8   0.0   2   2     8e-07   1.9e-05   22.5   0.0    65   151    97   201    91   218 0.76 -
TCONS_00048918:1179-2045   -            289 12846at6656          -            584   3.8e-06   24.8   0.0   1   2       4.6   1.1e+02    0.2   0.1   216   249    56    89    12   102 0.55 -
TCONS_00048918:1179-2045   -            289 12846at6656          -            584   3.8e-06   24.8   0.0   2   2     8e-07   1.9e-05   22.5   0.0    65   151    97   201    91   218 0.76 -
TCONS_00038454:1436-1858   -            141 12846at6656          -            584     4e-06   24.8   0.0   1   1   1.9e-07   4.4e-06   24.6   0.0    76   192     2   130     1   139 0.74 -
TCONS_00039681:476-1319    -            259 12846at6656          -            584   4.5e-06   24.6   0.0   1   1   2.9e-07   6.8e-06   24.0   0.0    68   149    95   194    40   203 0.76 -
TCONS_00041523:1091-1918   -            276 12846at6656          -            584   4.5e-06   24.6   0.0   1   1     3e-07     7e-06   23.9   0.0    65   150   109   213    54   268 0.70 -
TCONS_00044081:962-1789    -            276 12846at6656          -            584   4.5e-06   24.6   0.0   1   1     3e-07     7e-06   23.9   0.0    65   150   109   213    54   268 0.70 -
TCONS_00049342:942-1769    -            276 12846at6656          -            584   4.5e-06   24.6   0.0   1   1     3e-07     7e-06   23.9   0.0    65   150   109   213    54   268 0.70 -
TCONS_00036729:1186-1956   -            257 12846at6656          -            584     5e-06   24.4   0.0   1   1   3.1e-07   7.2e-06   23.9   0.0    71   196    23   172    17   182 0.67 -
TCONS_00058475:463-1302    -            280 12846at6656          -            584   5.8e-06   24.2   0.0   1   1   4.2e-07   9.8e-06   23.5   0.0    68   150   110   212    99   269 0.82 -
TCONS_00016419:2985-3626   -            214 12846at6656          -            584   6.4e-06   24.1   0.0   1   1   2.1e-06   4.8e-05   21.2   0.0    69   167    28   152    24   183 0.76 -
TCONS_00002369:2449-3225   -            259 12846at6656          -            584   8.7e-06   23.6   0.0   1   1   4.6e-07   1.1e-05   23.3   0.0    70   151   108   202    94   245 0.82 -
TCONS_00005613:1011-1787   -            259 12846at6656          -            584   8.7e-06   23.6   0.0   1   1   4.6e-07   1.1e-05   23.3   0.0    70   151   108   202    94   245 0.82 -
TCONS_00030305:995-2095    -            367 12846at6656          -            584   1.2e-05   23.2   0.0   1   1   7.4e-07   1.7e-05   22.7   0.0    71   195   133   281   127   292 0.66 -
TCONS_00027148:1021-1851   -            277 12846at6656          -            584   1.4e-05   23.0   0.0   1   1   7.5e-07   1.8e-05   22.6   0.0    66   151   110   212    85   267 0.70 -
TCONS_00020267:5-709       -            235 12846at6656          -            584   1.9e-05   22.5   0.0   1   1   2.1e-06     5e-05   21.1   0.0    68   148    70   164    12   171 0.65 -
TCONS_00023484:4-708       -            235 12846at6656          -            584   1.9e-05   22.5   0.0   1   1   2.1e-06     5e-05   21.1   0.0    68   148    70   164    12   171 0.65 -
TCONS_00022376:229-939     -            237 12846at6656          -            584   1.9e-05   22.5   0.0   1   1   2.1e-06   4.8e-05   21.2   0.0    68   148    72   166    12   173 0.65 -
TCONS_00004864:1384-2127   -            248 12846at6656          -            584   2.1e-05   22.4   0.0   1   1   1.6e-06   3.7e-05   21.6   0.0    68   150    99   196    44   245 0.72 -
TCONS_00004865:1509-2252   -            248 12846at6656          -            584   2.1e-05   22.4   0.0   1   1   1.6e-06   3.7e-05   21.6   0.0    68   150    99   196    44   245 0.72 -
TCONS_00006538:479-1222    -            248 12846at6656          -            584   2.1e-05   22.4   0.0   1   1   1.6e-06   3.7e-05   21.6   0.0    68   150    99   196    44   245 0.72 -
TCONS_00006539:1379-2122   -            248 12846at6656          -            584   2.1e-05   22.4   0.0   1   1   1.6e-06   3.7e-05   21.6   0.0    68   150    99   196    44   245 0.72 -
TCONS_00008176:1488-2231   -            248 12846at6656          -            584   2.1e-05   22.4   0.0   1   1   1.6e-06   3.7e-05   21.6   0.0    68   150    99   196    44   245 0.72 -
TCONS_00010008:1384-2127   -            248 12846at6656          -            584   2.1e-05   22.4   0.0   1   1   1.6e-06   3.7e-05   21.6   0.0    68   150    99   196    44   245 0.72 -
TCONS_00011580:7842-8585   -            248 12846at6656          -            584   2.1e-05   22.4   0.0   1   1   1.6e-06   3.7e-05   21.6   0.0    68   150    99   196    44   245 0.72 -
TCONS_00012497:1555-2298   -            248 12846at6656          -            584   2.1e-05   22.4   0.0   1   1   1.6e-06   3.7e-05   21.6   0.0    68   150    99   196    44   245 0.72 -
TCONS_00013326:1374-2117   -            248 12846at6656          -            584   2.1e-05   22.4   0.0   1   1   1.6e-06   3.7e-05   21.6   0.0    68   150    99   196    44   245 0.72 -
TCONS_00013727:6148-6891   -            248 12846at6656          -            584   2.1e-05   22.4   0.0   1   1   1.6e-06   3.7e-05   21.6   0.0    68   150    99   196    44   245 0.72 -
TCONS_00012738:206-946     -            247 12846at6656          -            584   2.2e-05   22.3   0.0   1   1   1.1e-06   2.6e-05   22.1   0.0    65   152    82   188    32   241 0.78 -
TCONS_00006371:1456-2373   -            306 12846at6656          -            584   2.5e-05   22.1   0.0   1   1   2.7e-06   6.2e-05   20.8   0.0    34   150    48   193    39   214 0.72 -
TCONS_00006372:1319-2236   -            306 12846at6656          -            584   2.5e-05   22.1   0.0   1   1   2.7e-06   6.2e-05   20.8   0.0    34   150    48   193    39   214 0.72 -
TCONS_00008062:2924-3841   -            306 12846at6656          -            584   2.5e-05   22.1   0.0   1   1   2.7e-06   6.2e-05   20.8   0.0    34   150    48   193    39   214 0.72 -
TCONS_00018165:1330-2115   -            262 12846at6656          -            584   2.6e-05   22.1   0.0   1   1   2.7e-06   6.3e-05   20.8   0.0    68   148    97   191    37   198 0.65 -
TCONS_00020269:1683-2468   -            262 12846at6656          -            584   2.6e-05   22.1   0.0   1   1   2.7e-06   6.3e-05   20.8   0.0    68   148    97   191    37   198 0.65 -
TCONS_00022377:1330-2115   -            262 12846at6656          -            584   2.6e-05   22.1   0.0   1   1   2.7e-06   6.3e-05   20.8   0.0    68   148    97   191    37   198 0.65 -
TCONS_00027917:1287-2072   -            262 12846at6656          -            584   2.6e-05   22.1   0.0   1   1   2.7e-06   6.3e-05   20.8   0.0    68   148    97   191    37   198 0.65 -
TCONS_00028462:1510-2295   -            262 12846at6656          -            584   2.6e-05   22.1   0.0   1   1   2.7e-06   6.3e-05   20.8   0.0    68   148    97   191    37   198 0.65 -
TCONS_00028949:1683-2468   -            262 12846at6656          -            584   2.6e-05   22.1   0.0   1   1   2.7e-06   6.3e-05   20.8   0.0    68   148    97   191    37   198 0.65 -
TCONS_00002308:648-1460    -            271 12846at6656          -            584   2.8e-05   22.0   0.0   1   1   1.8e-06   4.2e-05   21.4   0.0    65   152   106   212    98   265 0.73 -
TCONS_00004589:530-1342    -            271 12846at6656          -            584   2.8e-05   22.0   0.0   1   1   1.8e-06   4.2e-05   21.4   0.0    65   152   106   212    98   265 0.73 -
TCONS_00005554:654-1466    -            271 12846at6656          -            584   2.8e-05   22.0   0.0   1   1   1.8e-06   4.2e-05   21.4   0.0    65   152   106   212    98   265 0.73 -
TCONS_00005558:778-1590    -            271 12846at6656          -            584   2.8e-05   22.0   0.0   1   1   1.8e-06   4.2e-05   21.4   0.0    65   152   106   212    98   265 0.73 -
TCONS_00005559:638-1450    -            271 12846at6656          -            584   2.8e-05   22.0   0.0   1   1   1.8e-06   4.2e-05   21.4   0.0    65   152   106   212    98   265 0.73 -
TCONS_00005562:651-1463    -            271 12846at6656          -            584   2.8e-05   22.0   0.0   1   1   1.8e-06   4.2e-05   21.4   0.0    65   152   106   212    98   265 0.73 -
TCONS_00007559:2332-3144   -            271 12846at6656          -            584   2.8e-05   22.0   0.0   1   1   1.8e-06   4.2e-05   21.4   0.0    65   152   106   212    98   265 0.73 -
TCONS_00008785:709-1521    -            271 12846at6656          -            584   2.8e-05   22.0   0.0   1   1   1.8e-06   4.2e-05   21.4   0.0    65   152   106   212    98   265 0.73 -
TCONS_00009634:697-1509    -            271 12846at6656          -            584   2.8e-05   22.0   0.0   1   1   1.8e-06   4.2e-05   21.4   0.0    65   152   106   212    98   265 0.73 -
TCONS_00010475:655-1467    -            271 12846at6656          -            584   2.8e-05   22.0   0.0   1   1   1.8e-06   4.2e-05   21.4   0.0    65   152   106   212    98   265 0.73 -
TCONS_00010477:688-1500    -            271 12846at6656          -            584   2.8e-05   22.0   0.0   1   1   1.8e-06   4.2e-05   21.4   0.0    65   152   106   212    98   265 0.73 -
TCONS_00010478:629-1441    -            271 12846at6656          -            584   2.8e-05   22.0   0.0   1   1   1.8e-06   4.2e-05   21.4   0.0    65   152   106   212    98   265 0.73 -
TCONS_00011312:692-1504    -            271 12846at6656          -            584   2.8e-05   22.0   0.0   1   1   1.8e-06   4.2e-05   21.4   0.0    65   152   106   212    98   265 0.73 -
TCONS_00011315:670-1482    -            271 12846at6656          -            584   2.8e-05   22.0   0.0   1   1   1.8e-06   4.2e-05   21.4   0.0    65   152   106   212    98   265 0.73 -
TCONS_00011840:654-1466    -            271 12846at6656          -            584   2.8e-05   22.0   0.0   1   1   1.8e-06   4.2e-05   21.4   0.0    65   152   106   212    98   265 0.73 -
TCONS_00012736:640-1452    -            271 12846at6656          -            584   2.8e-05   22.0   0.0   1   1   1.8e-06   4.2e-05   21.4   0.0    65   152   106   212    98   265 0.73 -
TCONS_00013528:699-1511    -            271 12846at6656          -            584   2.8e-05   22.0   0.0   1   1   1.8e-06   4.2e-05   21.4   0.0    65   152   106   212    98   265 0.73 -
TCONS_00013529:640-1452    -            271 12846at6656          -            584   2.8e-05   22.0   0.0   1   1   1.8e-06   4.2e-05   21.4   0.0    65   152   106   212    98   265 0.73 -
TCONS_00015957:1072-1812   -            247 12846at6656          -            584   3.1e-05   21.8   0.0   1   1     2e-06   4.6e-05   21.2   0.0    67   152    97   197    86   246 0.74 -
TCONS_00019837:2233-2973   -            247 12846at6656          -            584   3.1e-05   21.8   0.0   1   1     2e-06   4.6e-05   21.2   0.0    67   152    97   197    86   246 0.74 -
TCONS_00028873:1072-1812   -            247 12846at6656          -            584   3.1e-05   21.8   0.0   1   1     2e-06   4.6e-05   21.2   0.0    67   152    97   197    86   246 0.74 -
TCONS_00029352:2021-2761   -            247 12846at6656          -            584   3.1e-05   21.8   0.0   1   1     2e-06   4.6e-05   21.2   0.0    67   152    97   197    86   246 0.74 -
TCONS_00058317:1543-2328   -            262 12846at6656          -            584   3.2e-05   21.8   0.0   1   1     3e-06   7.1e-05   20.6   0.0    60   150    93   200    79   255 0.77 -
TCONS_00059954:1421-2206   -            262 12846at6656          -            584   3.2e-05   21.8   0.0   1   1     3e-06   7.1e-05   20.6   0.0    60   150    93   200    79   255 0.77 -
TCONS_00059955:1107-1892   -            262 12846at6656          -            584   3.2e-05   21.8   0.0   1   1     3e-06   7.1e-05   20.6   0.0    60   150    93   200    79   255 0.77 -
TCONS_00059956:1054-1839   -            262 12846at6656          -            584   3.2e-05   21.8   0.0   1   1     3e-06   7.1e-05   20.6   0.0    60   150    93   200    79   255 0.77 -
TCONS_00059958:1236-2021   -            262 12846at6656          -            584   3.2e-05   21.8   0.0   1   1     3e-06   7.1e-05   20.6   0.0    60   150    93   200    79   255 0.77 -
TCONS_00062752:1343-2128   -            262 12846at6656          -            584   3.2e-05   21.8   0.0   1   1     3e-06   7.1e-05   20.6   0.0    60   150    93   200    79   255 0.77 -
TCONS_00063721:1552-2337   -            262 12846at6656          -            584   3.2e-05   21.8   0.0   1   1     3e-06   7.1e-05   20.6   0.0    60   150    93   200    79   255 0.77 -
TCONS_00049233:658-1482    -            275 12846at6656          -            584   3.6e-05   21.6   0.0   1   1   2.3e-06   5.4e-05   21.0   0.0    73   150   107   200   100   207 0.79 -
TCONS_00050263:2532-3356   -            275 12846at6656          -            584   3.6e-05   21.6   0.0   1   1   2.3e-06   5.4e-05   21.0   0.0    73   150   107   200   100   207 0.79 -
TCONS_00034893:1470-2354   -            295 12846at6656          -            584   3.7e-05   21.5   0.0   1   1     4e-06   9.4e-05   20.2   0.0    25   149    45   198    38   204 0.64 -
TCONS_00034894:1138-2022   -            295 12846at6656          -            584   3.7e-05   21.5   0.0   1   1     4e-06   9.4e-05   20.2   0.0    25   149    45   198    38   204 0.64 -
TCONS_00034895:1279-2163   -            295 12846at6656          -            584   3.7e-05   21.5   0.0   1   1     4e-06   9.4e-05   20.2   0.0    25   149    45   198    38   204 0.64 -
TCONS_00034896:1470-2354   -            295 12846at6656          -            584   3.7e-05   21.5   0.0   1   1     4e-06   9.4e-05   20.2   0.0    25   149    45   198    38   204 0.64 -
TCONS_00036340:1252-2136   -            295 12846at6656          -            584   3.7e-05   21.5   0.0   1   1     4e-06   9.4e-05   20.2   0.0    25   149    45   198    38   204 0.64 -
TCONS_00036341:1465-2349   -            295 12846at6656          -            584   3.7e-05   21.5   0.0   1   1     4e-06   9.4e-05   20.2   0.0    25   149    45   198    38   204 0.64 -
TCONS_00036342:3460-4344   -            295 12846at6656          -            584   3.7e-05   21.5   0.0   1   1     4e-06   9.4e-05   20.2   0.0    25   149    45   198    38   204 0.64 -
TCONS_00037040:2345-3229   -            295 12846at6656          -            584   3.7e-05   21.5   0.0   1   1     4e-06   9.4e-05   20.2   0.0    25   149    45   198    38   204 0.64 -
TCONS_00003604:2026-2844   -            273 12846at6656          -            584   3.9e-05   21.5   0.0   1   1   3.2e-06   7.6e-05   20.5   0.0    67   149    97   193    86   199 0.79 -
TCONS_00006463:2044-2862   -            273 12846at6656          -            584   3.9e-05   21.5   0.0   1   1   3.2e-06   7.6e-05   20.5   0.0    67   149    97   193    86   199 0.79 -
TCONS_00031411:2201-3115   -            305 12846at6656          -            584   4.1e-05   21.4   0.0   1   1   4.4e-06    0.0001   20.1   0.0    25   149    45   198    38   204 0.64 -
TCONS_00031412:2182-3096   -            305 12846at6656          -            584   4.1e-05   21.4   0.0   1   1   4.4e-06    0.0001   20.1   0.0    25   149    45   198    38   204 0.64 -
TCONS_00031413:2324-3238   -            305 12846at6656          -            584   4.1e-05   21.4   0.0   1   1   4.4e-06    0.0001   20.1   0.0    25   149    45   198    38   204 0.64 -
TCONS_00031414:1080-1994   -            305 12846at6656          -            584   4.1e-05   21.4   0.0   1   1   4.4e-06    0.0001   20.1   0.0    25   149    45   198    38   204 0.64 -
TCONS_00031415:1322-2236   -            305 12846at6656          -            584   4.1e-05   21.4   0.0   1   1   4.4e-06    0.0001   20.1   0.0    25   149    45   198    38   204 0.64 -
TCONS_00031416:1288-2202   -            305 12846at6656          -            584   4.1e-05   21.4   0.0   1   1   4.4e-06    0.0001   20.1   0.0    25   149    45   198    38   204 0.64 -
TCONS_00032139:1578-2492   -            305 12846at6656          -            584   4.1e-05   21.4   0.0   1   1   4.4e-06    0.0001   20.1   0.0    25   149    45   198    38   204 0.64 -
TCONS_00032140:2285-3199   -            305 12846at6656          -            584   4.1e-05   21.4   0.0   1   1   4.4e-06    0.0001   20.1   0.0    25   149    45   198    38   204 0.64 -
TCONS_00032141:1079-1993   -            305 12846at6656          -            584   4.1e-05   21.4   0.0   1   1   4.4e-06    0.0001   20.1   0.0    25   149    45   198    38   204 0.64 -
TCONS_00032142:1322-2236   -            305 12846at6656          -            584   4.1e-05   21.4   0.0   1   1   4.4e-06    0.0001   20.1   0.0    25   149    45   198    38   204 0.64 -
TCONS_00032143:2167-3081   -            305 12846at6656          -            584   4.1e-05   21.4   0.0   1   1   4.4e-06    0.0001   20.1   0.0    25   149    45   198    38   204 0.64 -
TCONS_00032144:2291-3205   -            305 12846at6656          -            584   4.1e-05   21.4   0.0   1   1   4.4e-06    0.0001   20.1   0.0    25   149    45   198    38   204 0.64 -
TCONS_00033630:2313-3227   -            305 12846at6656          -            584   4.1e-05   21.4   0.0   1   1   4.4e-06    0.0001   20.1   0.0    25   149    45   198    38   204 0.64 -
TCONS_00033631:2321-3235   -            305 12846at6656          -            584   4.1e-05   21.4   0.0   1   1   4.4e-06    0.0001   20.1   0.0    25   149    45   198    38   204 0.64 -
TCONS_00033632:3428-4342   -            305 12846at6656          -            584   4.1e-05   21.4   0.0   1   1   4.4e-06    0.0001   20.1   0.0    25   149    45   198    38   204 0.64 -
TCONS_00033633:3273-4187   -            305 12846at6656          -            584   4.1e-05   21.4   0.0   1   1   4.4e-06    0.0001   20.1   0.0    25   149    45   198    38   204 0.64 -
TCONS_00033634:2041-2955   -            305 12846at6656          -            584   4.1e-05   21.4   0.0   1   1   4.4e-06    0.0001   20.1   0.0    25   149    45   198    38   204 0.64 -
TCONS_00033635:2179-3093   -            305 12846at6656          -            584   4.1e-05   21.4   0.0   1   1   4.4e-06    0.0001   20.1   0.0    25   149    45   198    38   204 0.64 -
TCONS_00033637:2318-3232   -            305 12846at6656          -            584   4.1e-05   21.4   0.0   1   1   4.4e-06    0.0001   20.1   0.0    25   149    45   198    38   204 0.64 -
TCONS_00033638:1331-2245   -            305 12846at6656          -            584   4.1e-05   21.4   0.0   1   1   4.4e-06    0.0001   20.1   0.0    25   149    45   198    38   204 0.64 -
TCONS_00033639:1264-2178   -            305 12846at6656          -            584   4.1e-05   21.4   0.0   1   1   4.4e-06    0.0001   20.1   0.0    25   149    45   198    38   204 0.64 -
TCONS_00034887:1514-2428   -            305 12846at6656          -            584   4.1e-05   21.4   0.0   1   1   4.4e-06    0.0001   20.1   0.0    25   149    45   198    38   204 0.64 -
TCONS_00034889:2035-2949   -            305 12846at6656          -            584   4.1e-05   21.4   0.0   1   1   4.4e-06    0.0001   20.1   0.0    25   149    45   198    38   204 0.64 -
TCONS_00034890:1305-2219   -            305 12846at6656          -            584   4.1e-05   21.4   0.0   1   1   4.4e-06    0.0001   20.1   0.0    25   149    45   198    38   204 0.64 -
TCONS_00034891:1470-2384   -            305 12846at6656          -            584   4.1e-05   21.4   0.0   1   1   4.4e-06    0.0001   20.1   0.0    25   149    45   198    38   204 0.64 -
TCONS_00035473:2204-3118   -            305 12846at6656          -            584   4.1e-05   21.4   0.0   1   1   4.4e-06    0.0001   20.1   0.0    25   149    45   198    38   204 0.64 -
TCONS_00036343:3460-4374   -            305 12846at6656          -            584   4.1e-05   21.4   0.0   1   1   4.4e-06    0.0001   20.1   0.0    25   149    45   198    38   204 0.64 -
TCONS_00037039:2389-3303   -            305 12846at6656          -            584   4.1e-05   21.4   0.0   1   1   4.4e-06    0.0001   20.1   0.0    25   149    45   198    38   204 0.64 -
TCONS_00037042:2315-3229   -            305 12846at6656          -            584   4.1e-05   21.4   0.0   1   1   4.4e-06    0.0001   20.1   0.0    25   149    45   198    38   204 0.64 -
TCONS_00037044:2177-3091   -            305 12846at6656          -            584   4.1e-05   21.4   0.0   1   1   4.4e-06    0.0001   20.1   0.0    25   149    45   198    38   204 0.64 -
TCONS_00038013:1280-2194   -            305 12846at6656          -            584   4.1e-05   21.4   0.0   1   1   4.4e-06    0.0001   20.1   0.0    25   149    45   198    38   204 0.64 -
TCONS_00038014:1449-2363   -            305 12846at6656          -            584   4.1e-05   21.4   0.0   1   1   4.4e-06    0.0001   20.1   0.0    25   149    45   198    38   204 0.64 -
TCONS_00038015:2286-3200   -            305 12846at6656          -            584   4.1e-05   21.4   0.0   1   1   4.4e-06    0.0001   20.1   0.0    25   149    45   198    38   204 0.64 -
TCONS_00038016:3275-4189   -            305 12846at6656          -            584   4.1e-05   21.4   0.0   1   1   4.4e-06    0.0001   20.1   0.0    25   149    45   198    38   204 0.64 -
TCONS_00038370:1283-2197   -            305 12846at6656          -            584   4.1e-05   21.4   0.0   1   1   4.4e-06    0.0001   20.1   0.0    25   149    45   198    38   204 0.64 -
TCONS_00038371:1562-2476   -            305 12846at6656          -            584   4.1e-05   21.4   0.0   1   1   4.4e-06    0.0001   20.1   0.0    25   149    45   198    38   204 0.64 -
TCONS_00038691:1448-2362   -            305 12846at6656          -            584   4.1e-05   21.4   0.0   1   1   4.4e-06    0.0001   20.1   0.0    25   149    45   198    38   204 0.64 -
TCONS_00038692:3274-4188   -            305 12846at6656          -            584   4.1e-05   21.4   0.0   1   1   4.4e-06    0.0001   20.1   0.0    25   149    45   198    38   204 0.64 -
TCONS_00038993:1452-2366   -            305 12846at6656          -            584   4.1e-05   21.4   0.0   1   1   4.4e-06    0.0001   20.1   0.0    25   149    45   198    38   204 0.64 -
TCONS_00038994:1496-2410   -            305 12846at6656          -            584   4.1e-05   21.4   0.0   1   1   4.4e-06    0.0001   20.1   0.0    25   149    45   198    38   204 0.64 -
TCONS_00038995:3278-4192   -            305 12846at6656          -            584   4.1e-05   21.4   0.0   1   1   4.4e-06    0.0001   20.1   0.0    25   149    45   198    38   204 0.64 -
TCONS_00039316:3277-4191   -            305 12846at6656          -            584   4.1e-05   21.4   0.0   1   1   4.4e-06    0.0001   20.1   0.0    25   149    45   198    38   204 0.64 -
TCONS_00039317:3274-4188   -            305 12846at6656          -            584   4.1e-05   21.4   0.0   1   1   4.4e-06    0.0001   20.1   0.0    25   149    45   198    38   204 0.64 -
TCONS_00039319:1279-2193   -            305 12846at6656          -            584   4.1e-05   21.4   0.0   1   1   4.4e-06    0.0001   20.1   0.0    25   149    45   198    38   204 0.64 -
TCONS_00008748:122-970     -            283 12846at6656          -            584   4.2e-05   21.4   0.0   1   1   4.5e-06    0.0001   20.1   0.0    37   149    53   194    45   201 0.66 -
TCONS_00002096:241-1092    -            284 12846at6656          -            584   4.3e-05   21.4   0.0   1   1   4.5e-06   0.00011   20.1   0.0    37   149    53   194    45   201 0.66 -
TCONS_00002993:4850-5482   -            211 12846at6656          -            584     6e-05   20.9   0.0   1   1     5e-06   0.00012   19.9   0.0    68   151   109   209    39   211 0.81 -
TCONS_00012382:4413-5045   -            211 12846at6656          -            584     6e-05   20.9   0.0   1   1     5e-06   0.00012   19.9   0.0    68   151   109   209    39   211 0.81 -
TCONS_00039454:222-1004    -            261 12846at6656          -            584   7.3e-05   20.6   0.0   1   2       6.8   1.6e+02   -0.4   0.1   261   298    25    62    22    70 0.88 -
TCONS_00039454:222-1004    -            261 12846at6656          -            584   7.3e-05   20.6   0.0   2   2   1.5e-05   0.00035   18.3   0.0    72   196   112   248   105   256 0.72 -
TCONS_00060655:971-2020    -            350 12846at6656          -            584   7.5e-05   20.5   0.0   1   1   4.7e-06   0.00011   20.0   0.0    75   152   147   238   137   244 0.77 -
TCONS_00062534:941-1990    -            350 12846at6656          -            584   7.5e-05   20.5   0.0   1   1   4.7e-06   0.00011   20.0   0.0    75   152   147   238   137   244 0.77 -
TCONS_00063418:952-2001    -            350 12846at6656          -            584   7.5e-05   20.5   0.0   1   1   4.7e-06   0.00011   20.0   0.0    75   152   147   238   137   244 0.77 -
TCONS_00063642:959-2008    -            350 12846at6656          -            584   7.5e-05   20.5   0.0   1   1   4.7e-06   0.00011   20.0   0.0    75   152   147   238   137   244 0.77 -
TCONS_00063886:1204-2253   -            350 12846at6656          -            584   7.5e-05   20.5   0.0   1   1   4.7e-06   0.00011   20.0   0.0    75   152   147   238   137   244 0.77 -
TCONS_00045263:4143-4967   -            275 12846at6656          -            584   8.4e-05   20.4   0.0   1   1   4.7e-06   0.00011   20.0   0.0    68   155    94   194    78   242 0.70 -
TCONS_00061099:886-1734    -            283 12846at6656          -            584   0.00012   19.9   0.0   1   2     0.046       1.1    6.8   0.0    66   114    96   152    52   157 0.74 -
TCONS_00061099:886-1734    -            283 12846at6656          -            584   0.00012   19.9   0.0   2   2    0.0031     0.072   10.7   0.0   128   198   188   264   174   270 0.72 -
TCONS_00062283:962-1810    -            283 12846at6656          -            584   0.00012   19.9   0.0   1   2     0.046       1.1    6.8   0.0    66   114    96   152    52   157 0.74 -
TCONS_00062283:962-1810    -            283 12846at6656          -            584   0.00012   19.9   0.0   2   2    0.0031     0.072   10.7   0.0   128   198   188   264   174   270 0.72 -
TCONS_00063725:962-1810    -            283 12846at6656          -            584   0.00012   19.9   0.0   1   2     0.046       1.1    6.8   0.0    66   114    96   152    52   157 0.74 -
TCONS_00063725:962-1810    -            283 12846at6656          -            584   0.00012   19.9   0.0   2   2    0.0031     0.072   10.7   0.0   128   198   188   264   174   270 0.72 -
TCONS_00042651:489-1268    -            260 12846at6656          -            584   0.00012   19.9   0.0   1   1   7.7e-06   0.00018   19.3   0.0    68   149    95   195    40   203 0.75 -
TCONS_00014589:217-1143    -            309 12846at6656          -            584   0.00012   19.8   0.0   1   1   9.8e-06   0.00023   18.9   0.0    69   152   107   205    53   225 0.68 -
TCONS_00015272:2361-3116   -            252 12846at6656          -            584   0.00013   19.8   0.0   1   1     3e-05   0.00071   17.3   0.0    65   149   101   196    44   223 0.72 -
TCONS_00015273:4674-5429   -            252 12846at6656          -            584   0.00013   19.8   0.0   1   1     3e-05   0.00071   17.3   0.0    65   149   101   196    44   223 0.72 -
TCONS_00019358:6223-6978   -            252 12846at6656          -            584   0.00013   19.8   0.0   1   1     3e-05   0.00071   17.3   0.0    65   149   101   196    44   223 0.72 -
TCONS_00021787:3562-4317   -            252 12846at6656          -            584   0.00013   19.8   0.0   1   1     3e-05   0.00071   17.3   0.0    65   149   101   196    44   223 0.72 -
TCONS_00021789:1748-2503   -            252 12846at6656          -            584   0.00013   19.8   0.0   1   1     3e-05   0.00071   17.3   0.0    65   149   101   196    44   223 0.72 -
TCONS_00029264:2546-3301   -            252 12846at6656          -            584   0.00013   19.8   0.0   1   1     3e-05   0.00071   17.3   0.0    65   149   101   196    44   223 0.72 -
TCONS_00058733:2923-3729   -            269 12846at6656          -            584    0.0002   19.2   0.0   1   1   1.1e-05   0.00026   18.7   0.0    70   152   110   209   105   262 0.70 -
TCONS_00033176:4482-5402   -            307 12846at6656          -            584    0.0002   19.1   0.0   1   2    0.0036     0.085   10.5   0.0    75   119   107   154    91   167 0.85 -
TCONS_00033176:4482-5402   -            307 12846at6656          -            584    0.0002   19.1   0.0   2   2     0.054       1.3    6.6   0.0   123   151   178   212   174   258 0.86 -
TCONS_00028274:2404-3243   -            280 12846at6656          -            584   0.00021   19.1   0.0   1   1   4.3e-05     0.001   16.8   0.0    65   148   101   195    44   210 0.71 -
TCONS_00019083:628-1509    -            294 12846at6656          -            584   0.00029   18.6   0.0   1   1   1.8e-05   0.00042   18.1   0.0    67   177   131   257   104   285 0.76 -
TCONS_00021616:3273-4154   -            294 12846at6656          -            584   0.00029   18.6   0.0   1   1   1.8e-05   0.00042   18.1   0.0    67   177   131   257   104   285 0.76 -
TCONS_00003114:2320-3099   -            260 12846at6656          -            584   0.00033   18.4   0.0   1   1   2.4e-05   0.00055   17.7   0.0    66   191   106   248    54   256 0.70 -
TCONS_00006147:2396-3175   -            260 12846at6656          -            584   0.00033   18.4   0.0   1   1   2.4e-05   0.00055   17.7   0.0    66   191   106   248    54   256 0.70 -
TCONS_00060559:945-1652    -            236 12846at6656          -            584   0.00035   18.3   0.0   1   1   1.9e-05   0.00045   18.0   0.0    67   149    69   164    63   183 0.79 -
TCONS_00060560:1500-2207   -            236 12846at6656          -            584   0.00035   18.3   0.0   1   1   1.9e-05   0.00045   18.0   0.0    67   149    69   164    63   183 0.79 -
TCONS_00041139:2857-3828   -            324 12846at6656          -            584   0.00036   18.3   0.0   1   1   2.4e-05   0.00057   17.6   0.0    76   150   140   227   129   268 0.80 -
TCONS_00042273:2857-3828   -            324 12846at6656          -            584   0.00036   18.3   0.0   1   1   2.4e-05   0.00057   17.6   0.0    76   150   140   227   129   268 0.80 -
TCONS_00045335:3028-3999   -            324 12846at6656          -            584   0.00036   18.3   0.0   1   1   2.4e-05   0.00057   17.6   0.0    76   150   140   227   129   268 0.80 -
TCONS_00047801:2917-3888   -            324 12846at6656          -            584   0.00036   18.3   0.0   1   1   2.4e-05   0.00057   17.6   0.0    76   150   140   227   129   268 0.80 -
TCONS_00048468:2390-3361   -            324 12846at6656          -            584   0.00036   18.3   0.0   1   1   2.4e-05   0.00057   17.6   0.0    76   150   140   227   129   268 0.80 -
TCONS_00048469:2840-3811   -            324 12846at6656          -            584   0.00036   18.3   0.0   1   1   2.4e-05   0.00057   17.6   0.0    76   150   140   227   129   268 0.80 -
TCONS_00048470:2849-3820   -            324 12846at6656          -            584   0.00036   18.3   0.0   1   1   2.4e-05   0.00057   17.6   0.0    76   150   140   227   129   268 0.80 -
TCONS_00049290:3190-4161   -            324 12846at6656          -            584   0.00036   18.3   0.0   1   1   2.4e-05   0.00057   17.6   0.0    76   150   140   227   129   268 0.80 -
TCONS_00050004:3187-4158   -            324 12846at6656          -            584   0.00036   18.3   0.0   1   1   2.4e-05   0.00057   17.6   0.0    76   150   140   227   129   268 0.80 -
TCONS_00050005:2907-3878   -            324 12846at6656          -            584   0.00036   18.3   0.0   1   1   2.4e-05   0.00057   17.6   0.0    76   150   140   227   129   268 0.80 -
TCONS_00050006:1929-2900   -            324 12846at6656          -            584   0.00036   18.3   0.0   1   1   2.4e-05   0.00057   17.6   0.0    76   150   140   227   129   268 0.80 -
TCONS_00050297:2908-3879   -            324 12846at6656          -            584   0.00036   18.3   0.0   1   1   2.4e-05   0.00057   17.6   0.0    76   150   140   227   129   268 0.80 -
TCONS_00019988:2734-3849   -            372 12846at6656          -            584   0.00038   18.2   0.0   1   1   2.3e-05   0.00053   17.7   0.0    68   150   145   242   138   284 0.78 -
TCONS_00019991:2734-3849   -            372 12846at6656          -            584   0.00038   18.2   0.0   1   1   2.3e-05   0.00053   17.7   0.0    68   150   145   242   138   284 0.78 -
TCONS_00019992:3067-4182   -            372 12846at6656          -            584   0.00038   18.2   0.0   1   1   2.3e-05   0.00053   17.7   0.0    68   150   145   242   138   284 0.78 -
TCONS_00022192:2734-3849   -            372 12846at6656          -            584   0.00038   18.2   0.0   1   1   2.3e-05   0.00053   17.7   0.0    68   150   145   242   138   284 0.78 -
TCONS_00022193:2316-3431   -            372 12846at6656          -            584   0.00038   18.2   0.0   1   1   2.3e-05   0.00053   17.7   0.0    68   150   145   242   138   284 0.78 -
TCONS_00022195:2779-3894   -            372 12846at6656          -            584   0.00038   18.2   0.0   1   1   2.3e-05   0.00053   17.7   0.0    68   150   145   242   138   284 0.78 -
TCONS_00022196:2559-3674   -            372 12846at6656          -            584   0.00038   18.2   0.0   1   1   2.3e-05   0.00053   17.7   0.0    68   150   145   242   138   284 0.78 -
TCONS_00022197:3022-4137   -            372 12846at6656          -            584   0.00038   18.2   0.0   1   1   2.3e-05   0.00053   17.7   0.0    68   150   145   242   138   284 0.78 -
TCONS_00022198:2933-4048   -            372 12846at6656          -            584   0.00038   18.2   0.0   1   1   2.3e-05   0.00053   17.7   0.0    68   150   145   242   138   284 0.78 -
TCONS_00027857:2731-3846   -            372 12846at6656          -            584   0.00038   18.2   0.0   1   1   2.3e-05   0.00053   17.7   0.0    68   150   145   242   138   284 0.78 -
TCONS_00028387:2731-3846   -            372 12846at6656          -            584   0.00038   18.2   0.0   1   1   2.3e-05   0.00053   17.7   0.0    68   150   145   242   138   284 0.78 -
TCONS_00029368:3112-4227   -            372 12846at6656          -            584   0.00038   18.2   0.0   1   1   2.3e-05   0.00053   17.7   0.0    68   150   145   242   138   284 0.78 -
TCONS_00029369:3860-4975   -            372 12846at6656          -            584   0.00038   18.2   0.0   1   1   2.3e-05   0.00053   17.7   0.0    68   150   145   242   138   284 0.78 -
TCONS_00029370:376-1491    -            372 12846at6656          -            584   0.00038   18.2   0.0   1   1   2.3e-05   0.00053   17.7   0.0    68   150   145   242   138   284 0.78 -
TCONS_00049259:459-1319    -            287 12846at6656          -            584   0.00039   18.2   0.1   1   1   9.3e-05    0.0022   15.7   0.1    70   151    97   197    13   216 0.77 -
TCONS_00030515:2440-3102   -            221 12846at6656          -            584   0.00042   18.1   0.0   1   2   0.00075     0.018   12.7   0.0    69   116    27    77     5   101 0.81 -
TCONS_00030515:2440-3102   -            221 12846at6656          -            584   0.00042   18.1   0.0   2   2      0.41       9.5    3.7   0.0   134   171   139   177   118   212 0.72 -
TCONS_00038853:2427-3089   -            221 12846at6656          -            584   0.00042   18.1   0.0   1   2   0.00075     0.018   12.7   0.0    69   116    27    77     5   101 0.81 -
TCONS_00038853:2427-3089   -            221 12846at6656          -            584   0.00042   18.1   0.0   2   2      0.41       9.5    3.7   0.0   134   171   139   177   118   212 0.72 -
TCONS_00039163:3506-4168   -            221 12846at6656          -            584   0.00042   18.1   0.0   1   2   0.00075     0.018   12.7   0.0    69   116    27    77     5   101 0.81 -
TCONS_00039163:3506-4168   -            221 12846at6656          -            584   0.00042   18.1   0.0   2   2      0.41       9.5    3.7   0.0   134   171   139   177   118   212 0.72 -
TCONS_00002562:676-2751    -            692 12846at6656          -            584   0.00043   18.0   0.0   1   1   2.6e-05    0.0006   17.6   0.0    64   150   541   637   516   678 0.84 -
TCONS_00030921:1924-2796   -            291 12846at6656          -            584   0.00045   18.0   0.0   1   1   2.6e-05   0.00062   17.5   0.0    68   150   121   222   115   279 0.70 -
TCONS_00033204:412-1284    -            291 12846at6656          -            584   0.00045   18.0   0.0   1   1   2.6e-05   0.00062   17.5   0.0    68   150   121   222   115   279 0.70 -
TCONS_00036173:262-1134    -            291 12846at6656          -            584   0.00045   18.0   0.0   1   1   2.6e-05   0.00062   17.5   0.0    68   150   121   222   115   279 0.70 -
TCONS_00036902:1908-2780   -            291 12846at6656          -            584   0.00045   18.0   0.0   1   1   2.6e-05   0.00062   17.5   0.0    68   150   121   222   115   279 0.70 -
TCONS_00040998:263-1171    -            303 12846at6656          -            584   0.00047   17.9   0.1   1   1   0.00011    0.0025   15.5   0.1    70   151   113   213    29   232 0.77 -
TCONS_00044083:2958-3587   -            210 12846at6656          -            584   0.00049   17.8   0.0   1   1   2.5e-05   0.00058   17.6   0.0    69   154    36   134    21   181 0.71 -
TCONS_00031369:2144-3109   -            322 12846at6656          -            584   0.00054   17.7   0.0   1   1   3.4e-05    0.0008   17.2   0.0    75   150   114   203   103   209 0.78 -
TCONS_00034862:1001-1966   -            322 12846at6656          -            584   0.00054   17.7   0.0   1   1   3.4e-05    0.0008   17.2   0.0    75   150   114   203   103   209 0.78 -
TCONS_00037651:1524-2489   -            322 12846at6656          -            584   0.00054   17.7   0.0   1   1   3.4e-05    0.0008   17.2   0.0    75   150   114   203   103   209 0.78 -
TCONS_00049915:569-1351    -            261 12846at6656          -            584   0.00058   17.6   0.0   1   1   4.6e-05    0.0011   16.7   0.0    67   152    50   157    28   190 0.76 -
TCONS_00045984:250-1263    -            338 12846at6656          -            584   0.00064   17.5   0.0   1   1   9.6e-05    0.0023   15.7   0.0    67   152   127   234   104   246 0.73 -
TCONS_00015975:611-1402    -            264 12846at6656          -            584   0.00079   17.2   0.1   1   2       2.4        55    1.2   0.1   261   302    29    70    26    74 0.92 -
TCONS_00015975:611-1402    -            264 12846at6656          -            584   0.00079   17.2   0.1   2   2   0.00036    0.0084   13.8   0.0    74   154   118   210   109   250 0.75 -
TCONS_00020080:4290-5048   -            253 12846at6656          -            584   0.00086   17.0   0.0   1   1   5.9e-05    0.0014   16.4   0.0    66   192    88   237    31   251 0.63 -
TCONS_00027326:4067-4825   -            253 12846at6656          -            584   0.00086   17.0   0.0   1   1   5.9e-05    0.0014   16.4   0.0    66   192    88   237    31   251 0.63 -
TCONS_00028410:3809-4567   -            253 12846at6656          -            584   0.00086   17.0   0.0   1   1   5.9e-05    0.0014   16.4   0.0    66   192    88   237    31   251 0.63 -
TCONS_00011863:567-1418    -            284 12846at6656          -            584   0.00094   16.9   0.0   1   1   4.9e-05    0.0012   16.6   0.0    66   156   123   228    97   280 0.67 -
TCONS_00016396:688-1464    -            259 12846at6656          -            584   0.00099   16.8   0.0   1   1     6e-05    0.0014   16.3   0.0    41   151    72   205    62   253 0.77 -
TCONS_00027886:593-1369    -            259 12846at6656          -            584   0.00099   16.8   0.0   1   1     6e-05    0.0014   16.3   0.0    41   151    72   205    62   253 0.77 -
TCONS_00041525:2835-3824   -            330 12846at6656          -            584    0.0011   16.6   0.0   1   1   5.7e-05    0.0013   16.4   0.0    67   153   124   223    49   270 0.78 -
TCONS_00045532:2736-3725   -            330 12846at6656          -            584    0.0011   16.6   0.0   1   1   5.7e-05    0.0013   16.4   0.0    67   153   124   223    49   270 0.78 -
TCONS_00005309:10040-10828 -            263 12846at6656          -            584    0.0014   16.4   0.0   1   1   6.8e-05    0.0016   16.2   0.0    66   145    95   189    46   229 0.80 -
TCONS_00007383:14947-15735 -            263 12846at6656          -            584    0.0014   16.4   0.0   1   1   6.8e-05    0.0016   16.2   0.0    66   145    95   189    46   229 0.80 -
TCONS_00012233:15862-16650 -            263 12846at6656          -            584    0.0014   16.4   0.0   1   1   6.8e-05    0.0016   16.2   0.0    66   145    95   189    46   229 0.80 -
TCONS_00016570:3072-3854   -            261 12846at6656          -            584    0.0016   16.1   0.0   1   1   8.8e-05    0.0021   15.8   0.0    63   150    89   194    60   257 0.66 -
TCONS_00016571:1791-2573   -            261 12846at6656          -            584    0.0016   16.1   0.0   1   1   8.8e-05    0.0021   15.8   0.0    63   150    89   194    60   257 0.66 -
TCONS_00022382:3139-3921   -            261 12846at6656          -            584    0.0016   16.1   0.0   1   1   8.8e-05    0.0021   15.8   0.0    63   150    89   194    60   257 0.66 -
TCONS_00022383:3181-3963   -            261 12846at6656          -            584    0.0016   16.1   0.0   1   1   8.8e-05    0.0021   15.8   0.0    63   150    89   194    60   257 0.66 -
TCONS_00025824:3104-3886   -            261 12846at6656          -            584    0.0016   16.1   0.0   1   1   8.8e-05    0.0021   15.8   0.0    63   150    89   194    60   257 0.66 -
TCONS_00041113:4170-4964   -            265 12846at6656          -            584    0.0018   16.0   0.0   1   1   0.00016    0.0038   14.9   0.0    64   150   102   204    67   224 0.71 -
TCONS_00029760:3643-4296   -            218 12846at6656          -            584    0.0021   15.8   0.0   1   1   0.00018    0.0042   14.8   0.0    71   191    58   197    43   214 0.62 -
TCONS_00029761:3138-3791   -            218 12846at6656          -            584    0.0021   15.8   0.0   1   1   0.00018    0.0042   14.8   0.0    71   191    58   197    43   214 0.62 -
TCONS_00018977:824-1798    -            325 12846at6656          -            584    0.0022   15.7   0.0   1   1   0.00013     0.003   15.3   0.0    73   150   110   201    97   209 0.76 -
TCONS_00021540:2147-3121   -            325 12846at6656          -            584    0.0022   15.7   0.0   1   1   0.00013     0.003   15.3   0.0    73   150   110   201    97   209 0.76 -
TCONS_00021541:2112-3086   -            325 12846at6656          -            584    0.0022   15.7   0.0   1   1   0.00013     0.003   15.3   0.0    73   150   110   201    97   209 0.76 -
TCONS_00024190:811-1785    -            325 12846at6656          -            584    0.0022   15.7   0.0   1   1   0.00013     0.003   15.3   0.0    73   150   110   201    97   209 0.76 -
TCONS_00025332:2089-3063   -            325 12846at6656          -            584    0.0022   15.7   0.0   1   1   0.00013     0.003   15.3   0.0    73   150   110   201    97   209 0.76 -
TCONS_00027646:2172-3146   -            325 12846at6656          -            584    0.0022   15.7   0.0   1   1   0.00013     0.003   15.3   0.0    73   150   110   201    97   209 0.76 -
TCONS_00009684:98-652      -            185 12846at6656          -            584    0.0024   15.6   0.0   1   1   0.00012    0.0029   15.3   0.0    66   145    88   182    60   185 0.74 -
TCONS_00016881:6157-7146   -            330 12846at6656          -            584    0.0024   15.6   0.0   1   2     0.091       2.1    5.8   0.0    65   113    92   143    64   148 0.80 -
TCONS_00016881:6157-7146   -            330 12846at6656          -            584    0.0024   15.6   0.0   2   2     0.026      0.61    7.6   0.0   122   152   197   233   193   271 0.84 -
TCONS_00020495:3773-4762   -            330 12846at6656          -            584    0.0024   15.6   0.0   1   2     0.091       2.1    5.8   0.0    65   113    92   143    64   148 0.80 -
TCONS_00020495:3773-4762   -            330 12846at6656          -            584    0.0024   15.6   0.0   2   2     0.026      0.61    7.6   0.0   122   152   197   233   193   271 0.84 -
TCONS_00020498:3713-4702   -            330 12846at6656          -            584    0.0024   15.6   0.0   1   2     0.091       2.1    5.8   0.0    65   113    92   143    64   148 0.80 -
TCONS_00020498:3713-4702   -            330 12846at6656          -            584    0.0024   15.6   0.0   2   2     0.026      0.61    7.6   0.0   122   152   197   233   193   271 0.84 -
TCONS_00020499:3555-4544   -            330 12846at6656          -            584    0.0024   15.6   0.0   1   2     0.091       2.1    5.8   0.0    65   113    92   143    64   148 0.80 -
TCONS_00020499:3555-4544   -            330 12846at6656          -            584    0.0024   15.6   0.0   2   2     0.026      0.61    7.6   0.0   122   152   197   233   193   271 0.84 -
TCONS_00022523:3235-4224   -            330 12846at6656          -            584    0.0024   15.6   0.0   1   2     0.091       2.1    5.8   0.0    65   113    92   143    64   148 0.80 -
TCONS_00022523:3235-4224   -            330 12846at6656          -            584    0.0024   15.6   0.0   2   2     0.026      0.61    7.6   0.0   122   152   197   233   193   271 0.84 -
TCONS_00024764:4077-5066   -            330 12846at6656          -            584    0.0024   15.6   0.0   1   2     0.091       2.1    5.8   0.0    65   113    92   143    64   148 0.80 -
TCONS_00024764:4077-5066   -            330 12846at6656          -            584    0.0024   15.6   0.0   2   2     0.026      0.61    7.6   0.0   122   152   197   233   193   271 0.84 -
TCONS_00024765:5012-6001   -            330 12846at6656          -            584    0.0024   15.6   0.0   1   2     0.091       2.1    5.8   0.0    65   113    92   143    64   148 0.80 -
TCONS_00024765:5012-6001   -            330 12846at6656          -            584    0.0024   15.6   0.0   2   2     0.026      0.61    7.6   0.0   122   152   197   233   193   271 0.84 -
TCONS_00025896:4001-4990   -            330 12846at6656          -            584    0.0024   15.6   0.0   1   2     0.091       2.1    5.8   0.0    65   113    92   143    64   148 0.80 -
TCONS_00025896:4001-4990   -            330 12846at6656          -            584    0.0024   15.6   0.0   2   2     0.026      0.61    7.6   0.0   122   152   197   233   193   271 0.84 -
TCONS_00027955:4873-5862   -            330 12846at6656          -            584    0.0024   15.6   0.0   1   2     0.091       2.1    5.8   0.0    65   113    92   143    64   148 0.80 -
TCONS_00027955:4873-5862   -            330 12846at6656          -            584    0.0024   15.6   0.0   2   2     0.026      0.61    7.6   0.0   122   152   197   233   193   271 0.84 -
TCONS_00027956:4626-5615   -            330 12846at6656          -            584    0.0024   15.6   0.0   1   2     0.091       2.1    5.8   0.0    65   113    92   143    64   148 0.80 -
TCONS_00027956:4626-5615   -            330 12846at6656          -            584    0.0024   15.6   0.0   2   2     0.026      0.61    7.6   0.0   122   152   197   233   193   271 0.84 -
TCONS_00039246:364-1056    -            231 12846at6656          -            584    0.0024   15.6   0.1   1   1   0.00051     0.012   13.3   0.1    64   151    49   159     2   210 0.66 -
TCONS_00045046:37-513      -            159 12846at6656          -            584    0.0025   15.5   0.0   1   1   0.00011    0.0025   15.5   0.0    70   148     8    98     1   148 0.75 -
TCONS_00017304:1527-2264   -            246 12846at6656          -            584    0.0026   15.5   0.0   1   1   0.00014    0.0032   15.1   0.0    71   153   103   200    75   236 0.73 -
TCONS_00017305:1563-2300   -            246 12846at6656          -            584    0.0026   15.5   0.0   1   1   0.00014    0.0032   15.1   0.0    71   153   103   200    75   236 0.73 -
TCONS_00020818:1481-2218   -            246 12846at6656          -            584    0.0026   15.5   0.0   1   1   0.00014    0.0032   15.1   0.0    71   153   103   200    75   236 0.73 -
TCONS_00020819:1762-2499   -            246 12846at6656          -            584    0.0026   15.5   0.0   1   1   0.00014    0.0032   15.1   0.0    71   153   103   200    75   236 0.73 -
TCONS_00022719:1481-2218   -            246 12846at6656          -            584    0.0026   15.5   0.0   1   1   0.00014    0.0032   15.1   0.0    71   153   103   200    75   236 0.73 -
TCONS_00027480:1882-2619   -            246 12846at6656          -            584    0.0026   15.5   0.0   1   1   0.00014    0.0032   15.1   0.0    71   153   103   200    75   236 0.73 -
TCONS_00028013:1563-2300   -            246 12846at6656          -            584    0.0026   15.5   0.0   1   1   0.00014    0.0032   15.1   0.0    71   153   103   200    75   236 0.73 -
TCONS_00032047:1699-2529   -            277 12846at6656          -            584    0.0027   15.4   0.1   1   1   0.00059     0.014   13.1   0.1    35   151    52   205    37   256 0.65 -
TCONS_00035973:1953-2804   -            284 12846at6656          -            584    0.0043   14.8   0.0   1   1   0.00035    0.0081   13.8   0.0    66   150   120   220    86   246 0.69 -
TCONS_00004124:2227-3360   -            378 12846at6656          -            584     0.007   14.0   0.0   1   1   0.00045      0.01   13.5   0.0    71   150   119   214   112   244 0.79 -
TCONS_00006866:808-1941    -            378 12846at6656          -            584     0.007   14.0   0.0   1   1   0.00045      0.01   13.5   0.0    71   150   119   214   112   244 0.79 -
TCONS_00006870:1102-2235   -            378 12846at6656          -            584     0.007   14.0   0.0   1   1   0.00045      0.01   13.5   0.0    71   150   119   214   112   244 0.79 -
TCONS_00010932:926-2059    -            378 12846at6656          -            584     0.007   14.0   0.0   1   1   0.00045      0.01   13.5   0.0    71   150   119   214   112   244 0.79 -
TCONS_00011665:1740-2873   -            378 12846at6656          -            584     0.007   14.0   0.0   1   1   0.00045      0.01   13.5   0.0    71   150   119   214   112   244 0.79 -
TCONS_00012117:1827-2960   -            378 12846at6656          -            584     0.007   14.0   0.0   1   1   0.00045      0.01   13.5   0.0    71   150   119   214   112   244 0.79 -
TCONS_00012578:1814-2947   -            378 12846at6656          -            584     0.007   14.0   0.0   1   1   0.00045      0.01   13.5   0.0    71   150   119   214   112   244 0.79 -
TCONS_00012579:513-1646    -            378 12846at6656          -            584     0.007   14.0   0.0   1   1   0.00045      0.01   13.5   0.0    71   150   119   214   112   244 0.79 -
TCONS_00013002:2462-3595   -            378 12846at6656          -            584     0.007   14.0   0.0   1   1   0.00045      0.01   13.5   0.0    71   150   119   214   112   244 0.79 -
TCONS_00013387:2364-3497   -            378 12846at6656          -            584     0.007   14.0   0.0   1   1   0.00045      0.01   13.5   0.0    71   150   119   214   112   244 0.79 -
TCONS_00013762:1809-2942   -            378 12846at6656          -            584     0.007   14.0   0.0   1   1   0.00045      0.01   13.5   0.0    71   150   119   214   112   244 0.79 -
TCONS_00043382:2050-3156   -            369 12846at6656          -            584     0.013   13.2   0.0   1   1   0.00079     0.018   12.7   0.0    69   148   216   307   208   351 0.76 -
TCONS_00046844:713-1819    -            369 12846at6656          -            584     0.013   13.2   0.0   1   1   0.00079     0.018   12.7   0.0    69   148   216   307   208   351 0.76 -
TCONS_00024678:1568-2029   -            154 12846at6656          -            584      0.02   12.5   0.4   1   1    0.0023     0.053   11.1   0.4    35   112    50   144    37   149 0.59 -
TCONS_00004801:891-1901    -            337 12846at6656          -            584     0.022   12.4   0.0   1   2       1.5        35    1.8   0.0    68   113   106   154    91   158 0.78 -
TCONS_00004801:891-1901    -            337 12846at6656          -            584     0.022   12.4   0.0   2   2     0.018      0.42    8.2   0.0   122   150   206   240   200   251 0.84 -
TCONS_00012448:863-1873    -            337 12846at6656          -            584     0.022   12.4   0.0   1   2       1.5        35    1.8   0.0    68   113   106   154    91   158 0.78 -
TCONS_00012448:863-1873    -            337 12846at6656          -            584     0.022   12.4   0.0   2   2     0.018      0.42    8.2   0.0   122   150   206   240   200   251 0.84 -
TCONS_00012449:891-1901    -            337 12846at6656          -            584     0.022   12.4   0.0   1   2       1.5        35    1.8   0.0    68   113   106   154    91   158 0.78 -
TCONS_00012449:891-1901    -            337 12846at6656          -            584     0.022   12.4   0.0   2   2     0.018      0.42    8.2   0.0   122   150   206   240   200   251 0.84 -
#
# Program:         hmmsearch
# Version:         3.1b2 (February 2015)
# Pipeline mode:   SEARCH
# Query file:      /hpcdata/bcbb/homc/Barillaslab/Agam_hemo_transcriptomes/scripts/busco/busco_downloads/lineages/arthropoda_odb10/hmms/12846at6656.hmm
# Target file:     /hpcdata/bcbb/homc/Barillaslab/Agam_hemo_transcriptomes/scripts/busco/refguided_Agamhemo_BUSCO/run_arthropoda_odb10/metaeuk_output/initial_results/all_transcripts.comprehensive.v6.gffread.fa.modified.fas
# Option settings: hmmsearch --domtblout /hpcdata/bcbb/homc/Barillaslab/Agam_hemo_transcriptomes/scripts/busco/refguided_Agamhemo_BUSCO/run_arthropoda_odb10/hmmer_output/initial_run_results/12846at6656.out --cpu 1 /hpcdata/bcbb/homc/Barillaslab/Agam_hemo_transcriptomes/scripts/busco/busco_downloads/lineages/arthropoda_odb10/hmms/12846at6656.hmm /hpcdata/bcbb/homc/Barillaslab/Agam_hemo_transcriptomes/scripts/busco/refguided_Agamhemo_BUSCO/run_arthropoda_odb10/metaeuk_output/initial_results/all_transcripts.comprehensive.v6.gffread.fa.modified.fas 
# Current dir:     /hpcdata/bcbb/homc/Barillaslab/Agam_hemo_transcriptomes/scripts/busco
# Date:            Thu Feb  9 16:51:06 2023
# [ok]
