#                                                                              --- full sequence --- -------------- this domain -------------   hmm coord   ali coord   env coord
# target name          accession   tlen query name           accession   qlen   E-value  score  bias   #  of  c-Evalue  i-Evalue  score  bias  from    to  from    to  from    to  acc description of target
#  ------------------- ---------- ----- -------------------- ---------- ----- --------- ------ ----- --- --- --------- --------- ------ ----- ----- ----- ----- ----- ----- ----- ---- ---------------------
TCONS_00016220:20-1336 -            439 128464at6656         -            205   1.7e-79  264.9   0.3   1   2      0.05        95    1.2   0.1     2    23     3    29     2    38 0.66 -
TCONS_00016220:20-1336 -            439 128464at6656         -            205   1.7e-79  264.9   0.3   2   2   1.2e-81   2.2e-78  261.3   0.0    22   199    46   236    43   239 0.93 -
TCONS_00030536:133-762 -            210 128464at6656         -            205   2.7e-32  110.8   0.2   1   1   1.9e-35   3.6e-32  110.4   0.2    17   188    27   206    21   209 0.90 -
TCONS_00030677:96-1004 -            303 128464at6656         -            205   1.7e-28   98.4   0.0   1   1   1.3e-31   2.6e-28   97.8   0.0    23   188    50   228    37   233 0.85 -
TCONS_00050791:133-606 -            158 128464at6656         -            205   1.4e-23   82.3   0.0   1   1   9.1e-27   1.8e-23   82.0   0.0    23   127    50   156    36   158 0.93 -
TCONS_00030310:164-676 -            171 128464at6656         -            205     0.022   13.1   0.2   1   2   3.8e-05     0.073   11.4   0.0    19    75    28    85    20   147 0.81 -
TCONS_00030310:164-676 -            171 128464at6656         -            205     0.022   13.1   0.2   2   2      0.72   1.4e+03   -2.6   0.0   170   180   158   168   157   170 0.83 -
#
# Program:         hmmsearch
# Version:         3.1b2 (February 2015)
# Pipeline mode:   SEARCH
# Query file:      /hpcdata/bcbb/homc/Barillaslab/Agam_hemo_transcriptomes/scripts/busco/busco_downloads/lineages/arthropoda_odb10/hmms/128464at6656.hmm
# Target file:     /hpcdata/bcbb/homc/Barillaslab/Agam_hemo_transcriptomes/scripts/busco/refguided_Agamhemo_BUSCO/run_arthropoda_odb10/metaeuk_output/initial_results/all_transcripts.comprehensive.v6.gffread.fa.modified.fas
# Option settings: hmmsearch --domtblout /hpcdata/bcbb/homc/Barillaslab/Agam_hemo_transcriptomes/scripts/busco/refguided_Agamhemo_BUSCO/run_arthropoda_odb10/hmmer_output/initial_run_results/128464at6656.out --cpu 1 /hpcdata/bcbb/homc/Barillaslab/Agam_hemo_transcriptomes/scripts/busco/busco_downloads/lineages/arthropoda_odb10/hmms/128464at6656.hmm /hpcdata/bcbb/homc/Barillaslab/Agam_hemo_transcriptomes/scripts/busco/refguided_Agamhemo_BUSCO/run_arthropoda_odb10/metaeuk_output/initial_results/all_transcripts.comprehensive.v6.gffread.fa.modified.fas 
# Current dir:     /hpcdata/bcbb/homc/Barillaslab/Agam_hemo_transcriptomes/scripts/busco
# Date:            Thu Feb  9 16:51:04 2023
# [ok]
