#                                                                               --- full sequence --- -------------- this domain -------------   hmm coord   ali coord   env coord
# target name           accession   tlen query name           accession   qlen   E-value  score  bias   #  of  c-Evalue  i-Evalue  score  bias  from    to  from    to  from    to  acc description of target
#   ------------------- ---------- ----- -------------------- ---------- ----- --------- ------ ----- --- --- --------- --------- ------ ----- ----- ----- ----- ----- ----- ----- ---- ---------------------
TCONS_00003558:309-1235 -            309 130563at6656         -            214   4.4e-77  257.6   5.2   1   3   2.5e-72   8.2e-69  230.6   0.2     1   163     8   193     8   208 0.90 -
TCONS_00003558:309-1235 -            309 130563at6656         -            214   4.4e-77  257.6   5.2   2   3   2.2e-08   7.1e-05   21.6   0.2   167   200   225   266   212   272 0.80 -
TCONS_00003558:309-1235 -            309 130563at6656         -            214   4.4e-77  257.6   5.2   3   3   0.00094         3    6.5   0.0   198   214   284   300   277   300 0.89 -
TCONS_00009974:406-1332 -            309 130563at6656         -            214   4.4e-77  257.6   5.2   1   3   2.5e-72   8.2e-69  230.6   0.2     1   163     8   193     8   208 0.90 -
TCONS_00009974:406-1332 -            309 130563at6656         -            214   4.4e-77  257.6   5.2   2   3   2.2e-08   7.1e-05   21.6   0.2   167   200   225   266   212   272 0.80 -
TCONS_00009974:406-1332 -            309 130563at6656         -            214   4.4e-77  257.6   5.2   3   3   0.00094         3    6.5   0.0   198   214   284   300   277   300 0.89 -
TCONS_00011548:833-1417 -            195 130563at6656         -            214   5.6e-35  120.0   3.1   1   3   5.2e-29   1.7e-25   89.0   0.0    95   163     1    79     1    93 0.88 -
TCONS_00011548:833-1417 -            195 130563at6656         -            214   5.6e-35  120.0   3.1   2   3   9.5e-09   3.1e-05   22.8   0.3   167   200   111   152    91   158 0.80 -
TCONS_00011548:833-1417 -            195 130563at6656         -            214   5.6e-35  120.0   3.1   3   3   0.00053       1.7    7.3   0.0   198   214   170   186   163   186 0.89 -
#
# Program:         hmmsearch
# Version:         3.1b2 (February 2015)
# Pipeline mode:   SEARCH
# Query file:      /hpcdata/bcbb/homc/Barillaslab/Agam_hemo_transcriptomes/scripts/busco/busco_downloads/lineages/arthropoda_odb10/hmms/130563at6656.hmm
# Target file:     /hpcdata/bcbb/homc/Barillaslab/Agam_hemo_transcriptomes/scripts/busco/refguided_Agamhemo_BUSCO/run_arthropoda_odb10/metaeuk_output/initial_results/all_transcripts.comprehensive.v6.gffread.fa.modified.fas
# Option settings: hmmsearch --domtblout /hpcdata/bcbb/homc/Barillaslab/Agam_hemo_transcriptomes/scripts/busco/refguided_Agamhemo_BUSCO/run_arthropoda_odb10/hmmer_output/initial_run_results/130563at6656.out --cpu 1 /hpcdata/bcbb/homc/Barillaslab/Agam_hemo_transcriptomes/scripts/busco/busco_downloads/lineages/arthropoda_odb10/hmms/130563at6656.hmm /hpcdata/bcbb/homc/Barillaslab/Agam_hemo_transcriptomes/scripts/busco/refguided_Agamhemo_BUSCO/run_arthropoda_odb10/metaeuk_output/initial_results/all_transcripts.comprehensive.v6.gffread.fa.modified.fas 
# Current dir:     /hpcdata/bcbb/homc/Barillaslab/Agam_hemo_transcriptomes/scripts/busco
# Date:            Thu Feb  9 16:51:10 2023
# [ok]
