#                                                                                --- full sequence --- -------------- this domain -------------   hmm coord   ali coord   env coord
# target name            accession   tlen query name           accession   qlen   E-value  score  bias   #  of  c-Evalue  i-Evalue  score  bias  from    to  from    to  from    to  acc description of target
#    ------------------- ---------- ----- -------------------- ---------- ----- --------- ------ ----- --- --- --------- --------- ------ ----- ----- ----- ----- ----- ----- ----- ---- ---------------------
TCONS_00004846:55-1041   -            329 143562at6656         -            225     1e-44  151.7   1.0   1   2   7.7e-39   4.3e-36  123.5   0.8     7   192    14   256     9   260 0.76 -
TCONS_00004846:55-1041   -            329 143562at6656         -            225     1e-44  151.7   1.0   2   2   0.00013     0.072   11.5   0.0   191   210   273   292   267   302 0.90 -
TCONS_00006501:362-1348  -            329 143562at6656         -            225     1e-44  151.7   1.0   1   2   7.7e-39   4.3e-36  123.5   0.8     7   192    14   256     9   260 0.76 -
TCONS_00006501:362-1348  -            329 143562at6656         -            225     1e-44  151.7   1.0   2   2   0.00013     0.072   11.5   0.0   191   210   273   292   267   302 0.90 -
TCONS_00016504:628-1269  -            214 143562at6656         -            225   3.6e-17   61.6   1.3   1   3   1.9e-18   1.1e-15   56.8   0.1    67   130     1    74     1    86 0.86 -
TCONS_00016504:628-1269  -            214 143562at6656         -            225   3.6e-17   61.6   1.3   2   3      0.16        90    1.4   0.2   166   191   140   169    93   177 0.61 -
TCONS_00016504:628-1269  -            214 143562at6656         -            225   3.6e-17   61.6   1.3   3   3      0.87   4.9e+02   -1.0   0.0   190   211   182   203   179   208 0.89 -
TCONS_00025916:215-988   -            258 143562at6656         -            225   1.5e-16   59.6   3.0   1   2     1e-16   5.8e-14   51.1   0.0    72   133     1    72     1    89 0.84 -
TCONS_00025916:215-988   -            258 143562at6656         -            225   1.5e-16   59.6   3.0   2   2     0.014       7.9    4.9   2.8   143   189   121   180    70   185 0.58 -
TCONS_00027423:230-1075  -            282 143562at6656         -            225   3.5e-16   58.4   0.9   1   2   1.2e-16   6.9e-14   50.8   0.0    72   133     1    72     1    89 0.84 -
TCONS_00027423:230-1075  -            282 143562at6656         -            225   3.5e-16   58.4   0.9   2   2     0.011       6.1    5.2   0.7   143   173   121   151    70   171 0.69 -
TCONS_00028992:163-420   -             86 143562at6656         -            225   3.3e-14   51.9   0.0   1   1     1e-16   5.7e-14   51.1   0.0    67   124    18    85    11    86 0.77 -
TCONS_00029460:149-406   -             86 143562at6656         -            225   3.3e-14   51.9   0.0   1   1     1e-16   5.7e-14   51.1   0.0    67   124    18    85    11    86 0.77 -
TCONS_00017887:143-823   -            227 143562at6656         -            225   1.2e-13   50.0   0.8   1   2   8.5e-12   4.8e-09   35.0   0.0    66   131     2    73     1    84 0.85 -
TCONS_00017887:143-823   -            227 143562at6656         -            225   1.2e-13   50.0   0.8   2   2    0.0021       1.2    7.6   1.6   142   210   111   204    90   216 0.61 -
TCONS_00003433:441-2516  -            692 143562at6656         -            225   0.00076   18.0   0.0   1   2      0.13        76    1.6   0.0    85   105   228   248   216   256 0.74 -
TCONS_00003433:441-2516  -            692 143562at6656         -            225   0.00076   18.0   0.0   2   2   2.7e-05     0.015   13.7   0.0    69   107   485   523   471   531 0.87 -
TCONS_00032334:211-1675  -            468 143562at6656         -            225     0.006   15.1   0.1   1   2      0.29   1.6e+02    0.6   0.0   133   161   182   210   179   214 0.89 -
TCONS_00032334:211-1675  -            468 143562at6656         -            225     0.006   15.1   0.1   2   2    0.0001     0.059   11.8   0.0    36   104   386   453   380   459 0.79 -
TCONS_00029771:226-2283  -            686 143562at6656         -            225    0.0085   14.6   0.7   1   3      0.45   2.6e+02   -0.1   0.0   133   161   182   210   179   214 0.89 -
TCONS_00029771:226-2283  -            686 143562at6656         -            225    0.0085   14.6   0.7   2   3   0.00017     0.094   11.1   0.0    36   105   386   454   380   463 0.79 -
TCONS_00029771:226-2283  -            686 143562at6656         -            225    0.0085   14.6   0.7   3   3       1.1   6.3e+02   -1.4   0.0   134   163   518   546   510   566 0.72 -
TCONS_00031447:339-1826  -            496 143562at6656         -            225      0.03   12.8   0.3   1   2    0.0003      0.17   10.3   0.1    59   111   145   195   138   196 0.79 -
TCONS_00031447:339-1826  -            496 143562at6656         -            225      0.03   12.8   0.3   2   2      0.44   2.5e+02   -0.0   0.0    24    80   411   467   397   470 0.86 -
TCONS_00033658:204-1691  -            496 143562at6656         -            225      0.03   12.8   0.3   1   2    0.0003      0.17   10.3   0.1    59   111   145   195   138   196 0.79 -
TCONS_00033658:204-1691  -            496 143562at6656         -            225      0.03   12.8   0.3   2   2      0.44   2.5e+02   -0.0   0.0    24    80   411   467   397   470 0.86 -
TCONS_00033646:99-1592   -            498 143562at6656         -            225     0.031   12.7   0.3   1   2    0.0003      0.17   10.3   0.1    59   111   153   203   146   204 0.79 -
TCONS_00033646:99-1592   -            498 143562at6656         -            225     0.031   12.7   0.3   2   2      0.44   2.5e+02   -0.1   0.0    24    80   419   475   405   478 0.86 -
TCONS_00037047:127-1638  -            504 143562at6656         -            225     0.032   12.7   0.3   1   2   0.00031      0.17   10.3   0.1    59   111   153   203   146   204 0.79 -
TCONS_00037047:127-1638  -            504 143562at6656         -            225     0.032   12.7   0.3   2   2      0.45   2.5e+02   -0.1   0.0    24    80   419   475   405   478 0.86 -
TCONS_00043808:110-3157  -           1016 143562at6656         -            225     0.075   11.5   0.0   1   1   0.00026      0.15   10.5   0.0    77   130   393   448   383   470 0.75 -
TCONS_00002270:1051-1755 -            235 143562at6656         -            225     0.086   11.3   0.0   1   2    0.0048       2.7    6.4   0.0    88   106    43    61    32    68 0.81 -
TCONS_00002270:1051-1755 -            235 143562at6656         -            225     0.086   11.3   0.0   2   2     0.063        36    2.7   0.0   109   145    99   135    90   139 0.87 -
#
# Program:         hmmsearch
# Version:         3.1b2 (February 2015)
# Pipeline mode:   SEARCH
# Query file:      /hpcdata/bcbb/homc/Barillaslab/Agam_hemo_transcriptomes/scripts/busco/busco_downloads/lineages/arthropoda_odb10/hmms/143562at6656.hmm
# Target file:     /hpcdata/bcbb/homc/Barillaslab/Agam_hemo_transcriptomes/scripts/busco/refguided_Agamhemo_BUSCO/run_arthropoda_odb10/metaeuk_output/initial_results/all_transcripts.comprehensive.v6.gffread.fa.modified.fas
# Option settings: hmmsearch --domtblout /hpcdata/bcbb/homc/Barillaslab/Agam_hemo_transcriptomes/scripts/busco/refguided_Agamhemo_BUSCO/run_arthropoda_odb10/hmmer_output/initial_run_results/143562at6656.out --cpu 1 /hpcdata/bcbb/homc/Barillaslab/Agam_hemo_transcriptomes/scripts/busco/busco_downloads/lineages/arthropoda_odb10/hmms/143562at6656.hmm /hpcdata/bcbb/homc/Barillaslab/Agam_hemo_transcriptomes/scripts/busco/refguided_Agamhemo_BUSCO/run_arthropoda_odb10/metaeuk_output/initial_results/all_transcripts.comprehensive.v6.gffread.fa.modified.fas 
# Current dir:     /hpcdata/bcbb/homc/Barillaslab/Agam_hemo_transcriptomes/scripts/busco
# Date:            Thu Feb  9 16:51:37 2023
# [ok]
