#                                                                              --- full sequence --- -------------- this domain -------------   hmm coord   ali coord   env coord
# target name          accession   tlen query name           accession   qlen   E-value  score  bias   #  of  c-Evalue  i-Evalue  score  bias  from    to  from    to  from    to  acc description of target
#  ------------------- ---------- ----- -------------------- ---------- ----- --------- ------ ----- --- --- --------- --------- ------ ----- ----- ----- ----- ----- ----- ----- ---- ---------------------
TCONS_00023250:175-800 -            188 143709at6656         -            170   2.1e-54  183.0  13.1   1   1   1.8e-57   4.4e-54  181.9  13.1     1   169     1   183     1   185 0.83 -
TCONS_00016269:163-849 -            229 143709at6656         -            170   4.3e-09   35.5   8.0   1   2   0.00077       1.9    7.4   0.3    84   130    64   108    50   117 0.79 -
TCONS_00016269:163-849 -            229 143709at6656         -            170   4.3e-09   35.5   8.0   2   2     1e-10   2.5e-07   29.8   3.8    82   169   139   227   110   228 0.88 -
TCONS_00058444:192-896 -            235 143709at6656         -            170    0.0027   16.6   0.8   1   3      0.82     2e+03   -2.4   0.2    31    40    58    67    37    95 0.65 -
TCONS_00058444:192-896 -            235 143709at6656         -            170    0.0027   16.6   0.8   2   3       1.5   3.6e+03   -3.3   0.1    65    72    76    83    58   105 0.62 -
TCONS_00058444:192-896 -            235 143709at6656         -            170    0.0027   16.6   0.8   3   3   1.1e-06    0.0027   16.6   0.8    90   166   151   227   136   231 0.86 -
TCONS_00062321:192-896 -            235 143709at6656         -            170    0.0027   16.6   0.8   1   3      0.82     2e+03   -2.4   0.2    31    40    58    67    37    95 0.65 -
TCONS_00062321:192-896 -            235 143709at6656         -            170    0.0027   16.6   0.8   2   3       1.5   3.6e+03   -3.3   0.1    65    72    76    83    58   105 0.62 -
TCONS_00062321:192-896 -            235 143709at6656         -            170    0.0027   16.6   0.8   3   3   1.1e-06    0.0027   16.6   0.8    90   166   151   227   136   231 0.86 -
#
# Program:         hmmsearch
# Version:         3.1b2 (February 2015)
# Pipeline mode:   SEARCH
# Query file:      /hpcdata/bcbb/homc/Barillaslab/Agam_hemo_transcriptomes/scripts/busco/busco_downloads/lineages/arthropoda_odb10/hmms/143709at6656.hmm
# Target file:     /hpcdata/bcbb/homc/Barillaslab/Agam_hemo_transcriptomes/scripts/busco/refguided_Agamhemo_BUSCO/run_arthropoda_odb10/metaeuk_output/initial_results/all_transcripts.comprehensive.v6.gffread.fa.modified.fas
# Option settings: hmmsearch --domtblout /hpcdata/bcbb/homc/Barillaslab/Agam_hemo_transcriptomes/scripts/busco/refguided_Agamhemo_BUSCO/run_arthropoda_odb10/hmmer_output/initial_run_results/143709at6656.out --cpu 1 /hpcdata/bcbb/homc/Barillaslab/Agam_hemo_transcriptomes/scripts/busco/busco_downloads/lineages/arthropoda_odb10/hmms/143709at6656.hmm /hpcdata/bcbb/homc/Barillaslab/Agam_hemo_transcriptomes/scripts/busco/refguided_Agamhemo_BUSCO/run_arthropoda_odb10/metaeuk_output/initial_results/all_transcripts.comprehensive.v6.gffread.fa.modified.fas 
# Current dir:     /hpcdata/bcbb/homc/Barillaslab/Agam_hemo_transcriptomes/scripts/busco
# Date:            Thu Feb  9 16:51:38 2023
# [ok]
