#                                                                               --- full sequence --- -------------- this domain -------------   hmm coord   ali coord   env coord
# target name           accession   tlen query name           accession   qlen   E-value  score  bias   #  of  c-Evalue  i-Evalue  score  bias  from    to  from    to  from    to  acc description of target
#   ------------------- ---------- ----- -------------------- ---------- ----- --------- ------ ----- --- --- --------- --------- ------ ----- ----- ----- ----- ----- ----- ----- ---- ---------------------
TCONS_00004660:253-672  -            140 146920at6656         -             85   1.7e-26   90.7   9.2   1   1   2.6e-28   8.3e-25   85.3   9.2     2    84    10   114     9   115 0.77 -
TCONS_00016360:193-3762 -           1190 146920at6656         -             85      0.82    8.4   4.8   1   3    0.0041        13    4.5   0.6    42    76   401   434   395   438 0.83 -
TCONS_00016360:193-3762 -           1190 146920at6656         -             85      0.82    8.4   4.8   2   3       2.1   6.7e+03   -4.2   0.0    44    55   879   890   877   898 0.81 -
TCONS_00016360:193-3762 -           1190 146920at6656         -             85      0.82    8.4   4.8   3   3    0.0056        18    4.1   0.1    38    76   976  1014   974  1019 0.93 -
TCONS_00029398:193-3841 -           1190 146920at6656         -             85      0.82    8.4   4.8   1   3    0.0041        13    4.5   0.6    42    76   401   434   395   438 0.83 -
TCONS_00029398:193-3841 -           1190 146920at6656         -             85      0.82    8.4   4.8   2   3       2.1   6.7e+03   -4.2   0.0    44    55   879   890   877   898 0.81 -
TCONS_00029398:193-3841 -           1190 146920at6656         -             85      0.82    8.4   4.8   3   3    0.0056        18    4.1   0.1    38    76   976  1014   974  1019 0.93 -
#
# Program:         hmmsearch
# Version:         3.1b2 (February 2015)
# Pipeline mode:   SEARCH
# Query file:      /hpcdata/bcbb/homc/Barillaslab/Agam_hemo_transcriptomes/scripts/busco/busco_downloads/lineages/arthropoda_odb10/hmms/146920at6656.hmm
# Target file:     /hpcdata/bcbb/homc/Barillaslab/Agam_hemo_transcriptomes/scripts/busco/refguided_Agamhemo_BUSCO/run_arthropoda_odb10/metaeuk_output/initial_results/all_transcripts.comprehensive.v6.gffread.fa.modified.fas
# Option settings: hmmsearch --domtblout /hpcdata/bcbb/homc/Barillaslab/Agam_hemo_transcriptomes/scripts/busco/refguided_Agamhemo_BUSCO/run_arthropoda_odb10/hmmer_output/initial_run_results/146920at6656.out --cpu 1 /hpcdata/bcbb/homc/Barillaslab/Agam_hemo_transcriptomes/scripts/busco/busco_downloads/lineages/arthropoda_odb10/hmms/146920at6656.hmm /hpcdata/bcbb/homc/Barillaslab/Agam_hemo_transcriptomes/scripts/busco/refguided_Agamhemo_BUSCO/run_arthropoda_odb10/metaeuk_output/initial_results/all_transcripts.comprehensive.v6.gffread.fa.modified.fas 
# Current dir:     /hpcdata/bcbb/homc/Barillaslab/Agam_hemo_transcriptomes/scripts/busco
# Date:            Thu Feb  9 16:51:40 2023
# [ok]
