#                                                                                --- full sequence --- -------------- this domain -------------   hmm coord   ali coord   env coord
# target name            accession   tlen query name           accession   qlen   E-value  score  bias   #  of  c-Evalue  i-Evalue  score  bias  from    to  from    to  from    to  acc description of target
#    ------------------- ---------- ----- -------------------- ---------- ----- --------- ------ ----- --- --- --------- --------- ------ ----- ----- ----- ----- ----- ----- ----- ---- ---------------------
TCONS_00004783:51-470    -            140 156975at6656         -            114     1e-45  153.8   1.7   1   1   5.2e-49   1.2e-45  153.5   1.7     2   114    15   136    14   136 0.96 -
TCONS_00012746:1192-1791 -            200 156975at6656         -            114      0.49    9.8   7.2   1   2    0.0015       3.7    7.0   0.8    59   101    20    62     5    67 0.82 -
TCONS_00012746:1192-1791 -            200 156975at6656         -            114      0.49    9.8   7.2   2   2    0.0027       6.4    6.2   0.9    56   101   122   167    97   175 0.82 -
TCONS_00011328:1185-1775 -            197 156975at6656         -            114      0.73    9.2   7.9   1   2    0.0018       4.2    6.8   1.1    58   101    22    65     4    70 0.82 -
TCONS_00011328:1185-1775 -            197 156975at6656         -            114      0.73    9.2   7.9   2   2    0.0026       6.2    6.2   0.9    56   101   125   170   100   178 0.82 -
TCONS_00011329:1141-1731 -            197 156975at6656         -            114      0.73    9.2   7.9   1   2    0.0018       4.2    6.8   1.1    58   101    22    65     4    70 0.82 -
TCONS_00011329:1141-1731 -            197 156975at6656         -            114      0.73    9.2   7.9   2   2    0.0026       6.2    6.2   0.9    56   101   125   170   100   178 0.82 -
#
# Program:         hmmsearch
# Version:         3.1b2 (February 2015)
# Pipeline mode:   SEARCH
# Query file:      /hpcdata/bcbb/homc/Barillaslab/Agam_hemo_transcriptomes/scripts/busco/busco_downloads/lineages/arthropoda_odb10/hmms/156975at6656.hmm
# Target file:     /hpcdata/bcbb/homc/Barillaslab/Agam_hemo_transcriptomes/scripts/busco/refguided_Agamhemo_BUSCO/run_arthropoda_odb10/metaeuk_output/initial_results/all_transcripts.comprehensive.v6.gffread.fa.modified.fas
# Option settings: hmmsearch --domtblout /hpcdata/bcbb/homc/Barillaslab/Agam_hemo_transcriptomes/scripts/busco/refguided_Agamhemo_BUSCO/run_arthropoda_odb10/hmmer_output/initial_run_results/156975at6656.out --cpu 1 /hpcdata/bcbb/homc/Barillaslab/Agam_hemo_transcriptomes/scripts/busco/busco_downloads/lineages/arthropoda_odb10/hmms/156975at6656.hmm /hpcdata/bcbb/homc/Barillaslab/Agam_hemo_transcriptomes/scripts/busco/refguided_Agamhemo_BUSCO/run_arthropoda_odb10/metaeuk_output/initial_results/all_transcripts.comprehensive.v6.gffread.fa.modified.fas 
# Current dir:     /hpcdata/bcbb/homc/Barillaslab/Agam_hemo_transcriptomes/scripts/busco
# Date:            Thu Feb  9 16:51:48 2023
# [ok]
