#                                                                               --- full sequence --- -------------- this domain -------------   hmm coord   ali coord   env coord
# target name           accession   tlen query name           accession   qlen   E-value  score  bias   #  of  c-Evalue  i-Evalue  score  bias  from    to  from    to  from    to  acc description of target
#   ------------------- ---------- ----- -------------------- ---------- ----- --------- ------ ----- --- --- --------- --------- ------ ----- ----- ----- ----- ----- ----- ----- ---- ---------------------
TCONS_00013405:54-722   -            223 160705at6656         -            127   4.7e-37  126.2   7.8   1   2   4.3e-19   4.1e-16   58.5   5.0     2    65     9    84     8    92 0.81 -
TCONS_00013405:54-722   -            223 160705at6656         -            127   4.7e-37  126.2   7.8   2   2   4.9e-20   4.7e-17   61.5   0.0    57   127   123   204   114   204 0.87 -
TCONS_00004253:57-626   -            190 160705at6656         -            127     1e-36  125.1   8.8   1   1   1.9e-35   1.8e-32  111.3   8.8     2   127     9   171     8   171 0.81 -
TCONS_00013712:462-1028 -            189 160705at6656         -            127     0.014   14.8   1.7   1   4     0.047        45    3.4   0.1    24    77     3    57     1    63 0.51 -
TCONS_00013712:462-1028 -            189 160705at6656         -            127     0.014   14.8   1.7   2   4     0.018        17    4.8   0.0    22    81    29    89    21    97 0.84 -
TCONS_00013712:462-1028 -            189 160705at6656         -            127     0.014   14.8   1.7   3   4    0.0091       8.8    5.7   0.1    22    81    85   145    77   145 0.78 -
TCONS_00013712:462-1028 -            189 160705at6656         -            127     0.014   14.8   1.7   4   4     0.034        33    3.8   0.0    22    65   141   184   131   188 0.89 -
TCONS_00058573:763-1389 -            209 160705at6656         -            127     0.044   13.1   0.0   1   1   7.2e-05     0.069   12.5   0.0    72   120   143   189   135   196 0.76 -
TCONS_00058574:737-1363 -            209 160705at6656         -            127     0.044   13.1   0.0   1   1   7.2e-05     0.069   12.5   0.0    72   120   143   189   135   196 0.76 -
TCONS_00060166:753-1379 -            209 160705at6656         -            127     0.044   13.1   0.0   1   1   7.2e-05     0.069   12.5   0.0    72   120   143   189   135   196 0.76 -
TCONS_00062351:749-1375 -            209 160705at6656         -            127     0.044   13.1   0.0   1   1   7.2e-05     0.069   12.5   0.0    72   120   143   189   135   196 0.76 -
TCONS_00062352:749-1375 -            209 160705at6656         -            127     0.044   13.1   0.0   1   1   7.2e-05     0.069   12.5   0.0    72   120   143   189   135   196 0.76 -
TCONS_00062353:749-1375 -            209 160705at6656         -            127     0.044   13.1   0.0   1   1   7.2e-05     0.069   12.5   0.0    72   120   143   189   135   196 0.76 -
TCONS_00062826:767-1393 -            209 160705at6656         -            127     0.044   13.1   0.0   1   1   7.2e-05     0.069   12.5   0.0    72   120   143   189   135   196 0.76 -
#
# Program:         hmmsearch
# Version:         3.1b2 (February 2015)
# Pipeline mode:   SEARCH
# Query file:      /hpcdata/bcbb/homc/Barillaslab/Agam_hemo_transcriptomes/scripts/busco/busco_downloads/lineages/arthropoda_odb10/hmms/160705at6656.hmm
# Target file:     /hpcdata/bcbb/homc/Barillaslab/Agam_hemo_transcriptomes/scripts/busco/refguided_Agamhemo_BUSCO/run_arthropoda_odb10/metaeuk_output/initial_results/all_transcripts.comprehensive.v6.gffread.fa.modified.fas
# Option settings: hmmsearch --domtblout /hpcdata/bcbb/homc/Barillaslab/Agam_hemo_transcriptomes/scripts/busco/refguided_Agamhemo_BUSCO/run_arthropoda_odb10/hmmer_output/initial_run_results/160705at6656.out --cpu 1 /hpcdata/bcbb/homc/Barillaslab/Agam_hemo_transcriptomes/scripts/busco/busco_downloads/lineages/arthropoda_odb10/hmms/160705at6656.hmm /hpcdata/bcbb/homc/Barillaslab/Agam_hemo_transcriptomes/scripts/busco/refguided_Agamhemo_BUSCO/run_arthropoda_odb10/metaeuk_output/initial_results/all_transcripts.comprehensive.v6.gffread.fa.modified.fas 
# Current dir:     /hpcdata/bcbb/homc/Barillaslab/Agam_hemo_transcriptomes/scripts/busco
# Date:            Thu Feb  9 16:51:49 2023
# [ok]
