#                                                                                --- full sequence --- -------------- this domain -------------   hmm coord   ali coord   env coord
# target name            accession   tlen query name           accession   qlen   E-value  score  bias   #  of  c-Evalue  i-Evalue  score  bias  from    to  from    to  from    to  acc description of target
#    ------------------- ---------- ----- -------------------- ---------- ----- --------- ------ ----- --- --- --------- --------- ------ ----- ----- ----- ----- ----- ----- ----- ---- ---------------------
TCONS_00034593:287-2914  -            876 18929at6656          -            546  2.4e-244  811.3  20.0   1   4   6.6e-62   2.6e-59  200.6   0.9     1   151   134   299   134   314 0.87 -
TCONS_00034593:287-2914  -            876 18929at6656          -            546  2.4e-244  811.3  20.0   2   4  1.9e-133  7.4e-131  436.7   0.0   139   401   338   617   317   623 0.89 -
TCONS_00034593:287-2914  -            876 18929at6656          -            546  2.4e-244  811.3  20.0   3   4     8e-07   0.00032   18.8   8.6   400   450   644   694   642   726 0.64 -
TCONS_00034593:287-2914  -            876 18929at6656          -            546  2.4e-244  811.3  20.0   4   4   1.1e-49   4.5e-47  160.2   0.2   437   546   749   859   707   859 0.88 -
TCONS_00036857:479-2704  -            742 18929at6656          -            546  4.1e-244  810.6  20.5   1   4     2e-61   8.2e-59  198.9   1.1     2   151     1   165     1   179 0.87 -
TCONS_00036857:479-2704  -            742 18929at6656          -            546  4.1e-244  810.6  20.5   2   4  1.3e-133  5.2e-131  437.2   0.0   139   401   204   483   183   489 0.89 -
TCONS_00036857:479-2704  -            742 18929at6656          -            546  4.1e-244  810.6  20.5   3   4   6.6e-07   0.00027   19.0   8.6   400   450   510   560   508   592 0.64 -
TCONS_00036857:479-2704  -            742 18929at6656          -            546  4.1e-244  810.6  20.5   4   4   8.8e-50   3.5e-47  160.5   0.2   436   546   614   725   573   725 0.88 -
TCONS_00021202:451-1197  -            249 18929at6656          -            546   1.3e-27   96.0   3.4   1   2   5.5e-17   2.2e-14   52.3   1.1   162   287    12   151     3   155 0.83 -
TCONS_00021202:451-1197  -            249 18929at6656          -            546   1.3e-27   96.0   3.4   2   2   1.8e-14   7.2e-12   44.0   0.0   319   402   158   242   153   246 0.90 -
TCONS_00023970:664-1410  -            249 18929at6656          -            546   1.3e-27   96.0   3.4   1   2   5.5e-17   2.2e-14   52.3   1.1   162   287    12   151     3   155 0.83 -
TCONS_00023970:664-1410  -            249 18929at6656          -            546   1.3e-27   96.0   3.4   2   2   1.8e-14   7.2e-12   44.0   0.0   319   402   158   242   153   246 0.90 -
TCONS_00040099:3101-4429 -            443 18929at6656          -            546   2.2e-23   82.0   0.4   1   4   2.9e-08   1.2e-05   23.5   0.0    50   102    11    62     3    75 0.90 -
TCONS_00040099:3101-4429 -            443 18929at6656          -            546   2.2e-23   82.0   0.4   2   4       1.6   6.4e+02   -2.0   0.0   107   132   105   130    84   161 0.67 -
TCONS_00040099:3101-4429 -            443 18929at6656          -            546   2.2e-23   82.0   0.4   3   4   3.5e-10   1.4e-07   29.8   0.4   160   278   200   328   144   333 0.74 -
TCONS_00040099:3101-4429 -            443 18929at6656          -            546   2.2e-23   82.0   0.4   4   4   7.1e-09   2.8e-06   25.5   0.0   295   370   321   399   310   418 0.84 -
TCONS_00042950:3505-4833 -            443 18929at6656          -            546   2.2e-23   82.0   0.4   1   4   2.9e-08   1.2e-05   23.5   0.0    50   102    11    62     3    75 0.90 -
TCONS_00042950:3505-4833 -            443 18929at6656          -            546   2.2e-23   82.0   0.4   2   4       1.6   6.4e+02   -2.0   0.0   107   132   105   130    84   161 0.67 -
TCONS_00042950:3505-4833 -            443 18929at6656          -            546   2.2e-23   82.0   0.4   3   4   3.5e-10   1.4e-07   29.8   0.4   160   278   200   328   144   333 0.74 -
TCONS_00042950:3505-4833 -            443 18929at6656          -            546   2.2e-23   82.0   0.4   4   4   7.1e-09   2.8e-06   25.5   0.0   295   370   321   399   310   418 0.84 -
TCONS_00047517:3190-4518 -            443 18929at6656          -            546   2.2e-23   82.0   0.4   1   4   2.9e-08   1.2e-05   23.5   0.0    50   102    11    62     3    75 0.90 -
TCONS_00047517:3190-4518 -            443 18929at6656          -            546   2.2e-23   82.0   0.4   2   4       1.6   6.4e+02   -2.0   0.0   107   132   105   130    84   161 0.67 -
TCONS_00047517:3190-4518 -            443 18929at6656          -            546   2.2e-23   82.0   0.4   3   4   3.5e-10   1.4e-07   29.8   0.4   160   278   200   328   144   333 0.74 -
TCONS_00047517:3190-4518 -            443 18929at6656          -            546   2.2e-23   82.0   0.4   4   4   7.1e-09   2.8e-06   25.5   0.0   295   370   321   399   310   418 0.84 -
TCONS_00049114:3458-4786 -            443 18929at6656          -            546   2.2e-23   82.0   0.4   1   4   2.9e-08   1.2e-05   23.5   0.0    50   102    11    62     3    75 0.90 -
TCONS_00049114:3458-4786 -            443 18929at6656          -            546   2.2e-23   82.0   0.4   2   4       1.6   6.4e+02   -2.0   0.0   107   132   105   130    84   161 0.67 -
TCONS_00049114:3458-4786 -            443 18929at6656          -            546   2.2e-23   82.0   0.4   3   4   3.5e-10   1.4e-07   29.8   0.4   160   278   200   328   144   333 0.74 -
TCONS_00049114:3458-4786 -            443 18929at6656          -            546   2.2e-23   82.0   0.4   4   4   7.1e-09   2.8e-06   25.5   0.0   295   370   321   399   310   418 0.84 -
TCONS_00003050:124-1101  -            326 18929at6656          -            546   1.1e-20   73.0   5.5   1   2   7.8e-20   3.1e-17   61.7   0.6   160   286   154   294   129   297 0.87 -
TCONS_00003050:124-1101  -            326 18929at6656          -            546   1.1e-20   73.0   5.5   2   2   2.3e-05    0.0092   13.9   0.5   318   339   301   322   295   325 0.88 -
TCONS_00049120:1291-5536 -           1389 18929at6656          -            546     3e-16   58.5  14.8   1   5    0.0057       2.3    6.0   0.0    53    91   236   274   224   288 0.82 -
TCONS_00049120:1291-5536 -           1389 18929at6656          -            546     3e-16   58.5  14.8   2   5      0.44   1.8e+02   -0.2   0.1   111   157   331   378   325   394 0.72 -
TCONS_00049120:1291-5536 -           1389 18929at6656          -            546     3e-16   58.5  14.8   3   5      0.25        99    0.6   0.1   473   516   698   747   611   754 0.57 -
TCONS_00049120:1291-5536 -           1389 18929at6656          -            546     3e-16   58.5  14.8   4   5   3.2e-15   1.3e-12   46.5   1.3   156   292   805   955   793   959 0.78 -
TCONS_00049120:1291-5536 -           1389 18929at6656          -            546     3e-16   58.5  14.8   5   5   0.00023     0.091   10.7   0.3   318   350   959   991   952  1004 0.87 -
TCONS_00048706:1288-5847 -           1520 18929at6656          -            546   4.2e-16   58.0  14.6   1   5    0.0063       2.5    5.9   0.0    53    91   236   274   224   288 0.82 -
TCONS_00048706:1288-5847 -           1520 18929at6656          -            546   4.2e-16   58.0  14.6   2   5      0.49     2e+02   -0.3   0.1   111   157   331   378   325   394 0.72 -
TCONS_00048706:1288-5847 -           1520 18929at6656          -            546   4.2e-16   58.0  14.6   3   5      0.28   1.1e+02    0.5   0.1   473   516   698   747   612   754 0.57 -
TCONS_00048706:1288-5847 -           1520 18929at6656          -            546   4.2e-16   58.0  14.6   4   5   3.6e-15   1.4e-12   46.3   1.3   156   292   805   955   793   959 0.78 -
TCONS_00048706:1288-5847 -           1520 18929at6656          -            546   4.2e-16   58.0  14.6   5   5   0.00025       0.1   10.5   0.3   318   350   959   991   952  1004 0.87 -
TCONS_00042974:1325-5962 -           1546 18929at6656          -            546   4.6e-16   57.9  14.6   1   5    0.0064       2.6    5.9   0.0    53    91   236   274   224   288 0.82 -
TCONS_00042974:1325-5962 -           1546 18929at6656          -            546   4.6e-16   57.9  14.6   2   5       0.5     2e+02   -0.4   0.1   111   157   331   378   325   394 0.72 -
TCONS_00042974:1325-5962 -           1546 18929at6656          -            546   4.6e-16   57.9  14.6   3   5      0.28   1.1e+02    0.5   0.1   473   516   698   747   612   754 0.57 -
TCONS_00042974:1325-5962 -           1546 18929at6656          -            546   4.6e-16   57.9  14.6   4   5   3.6e-15   1.5e-12   46.3   1.3   156   292   805   955   793   959 0.78 -
TCONS_00042974:1325-5962 -           1546 18929at6656          -            546   4.6e-16   57.9  14.6   5   5   0.00026       0.1   10.5   0.3   318   350   959   991   952  1004 0.87 -
TCONS_00042975:1445-7237 -           1546 18929at6656          -            546   4.6e-16   57.9  14.6   1   5    0.0064       2.6    5.9   0.0    53    91   236   274   224   288 0.82 -
TCONS_00042975:1445-7237 -           1546 18929at6656          -            546   4.6e-16   57.9  14.6   2   5       0.5     2e+02   -0.4   0.1   111   157   331   378   325   394 0.72 -
TCONS_00042975:1445-7237 -           1546 18929at6656          -            546   4.6e-16   57.9  14.6   3   5      0.28   1.1e+02    0.5   0.1   473   516   698   747   612   754 0.57 -
TCONS_00042975:1445-7237 -           1546 18929at6656          -            546   4.6e-16   57.9  14.6   4   5   3.6e-15   1.5e-12   46.3   1.3   156   292   805   955   793   959 0.78 -
TCONS_00042975:1445-7237 -           1546 18929at6656          -            546   4.6e-16   57.9  14.6   5   5   0.00026       0.1   10.5   0.3   318   350   959   991   952  1004 0.87 -
TCONS_00042976:1430-6067 -           1546 18929at6656          -            546   4.6e-16   57.9  14.6   1   5    0.0064       2.6    5.9   0.0    53    91   236   274   224   288 0.82 -
TCONS_00042976:1430-6067 -           1546 18929at6656          -            546   4.6e-16   57.9  14.6   2   5       0.5     2e+02   -0.4   0.1   111   157   331   378   325   394 0.72 -
TCONS_00042976:1430-6067 -           1546 18929at6656          -            546   4.6e-16   57.9  14.6   3   5      0.28   1.1e+02    0.5   0.1   473   516   698   747   612   754 0.57 -
TCONS_00042976:1430-6067 -           1546 18929at6656          -            546   4.6e-16   57.9  14.6   4   5   3.6e-15   1.5e-12   46.3   1.3   156   292   805   955   793   959 0.78 -
TCONS_00042976:1430-6067 -           1546 18929at6656          -            546   4.6e-16   57.9  14.6   5   5   0.00026       0.1   10.5   0.3   318   350   959   991   952  1004 0.87 -
TCONS_00044779:1350-5987 -           1546 18929at6656          -            546   4.6e-16   57.9  14.6   1   5    0.0064       2.6    5.9   0.0    53    91   236   274   224   288 0.82 -
TCONS_00044779:1350-5987 -           1546 18929at6656          -            546   4.6e-16   57.9  14.6   2   5       0.5     2e+02   -0.4   0.1   111   157   331   378   325   394 0.72 -
TCONS_00044779:1350-5987 -           1546 18929at6656          -            546   4.6e-16   57.9  14.6   3   5      0.28   1.1e+02    0.5   0.1   473   516   698   747   612   754 0.57 -
TCONS_00044779:1350-5987 -           1546 18929at6656          -            546   4.6e-16   57.9  14.6   4   5   3.6e-15   1.5e-12   46.3   1.3   156   292   805   955   793   959 0.78 -
TCONS_00044779:1350-5987 -           1546 18929at6656          -            546   4.6e-16   57.9  14.6   5   5   0.00026       0.1   10.5   0.3   318   350   959   991   952  1004 0.87 -
TCONS_00059415:304-5082  -           1593 18929at6656          -            546   7.9e-16   57.1   1.3   1   5         3   1.2e+03   -2.9   4.6   381   448   606   671   590   686 0.65 -
TCONS_00059415:304-5082  -           1593 18929at6656          -            546   7.9e-16   57.1   1.3   2   5       5.9   2.4e+03   -3.9   1.9   403   451   874   923   868   942 0.55 -
TCONS_00059415:304-5082  -           1593 18929at6656          -            546   7.9e-16   57.1   1.3   3   5     0.043        17    3.1   0.1    74   108  1234  1268  1223  1303 0.80 -
TCONS_00059415:304-5082  -           1593 18929at6656          -            546   7.9e-16   57.1   1.3   4   5   2.7e-12   1.1e-09   36.8   0.5   161   256  1362  1465  1333  1481 0.81 -
TCONS_00059415:304-5082  -           1593 18929at6656          -            546   7.9e-16   57.1   1.3   5   5   7.5e-10     3e-07   28.8   0.0   318   402  1501  1586  1482  1592 0.86 -
TCONS_00059866:806-5584  -           1593 18929at6656          -            546   7.9e-16   57.1   1.3   1   5         3   1.2e+03   -2.9   4.6   381   448   606   671   590   686 0.65 -
TCONS_00059866:806-5584  -           1593 18929at6656          -            546   7.9e-16   57.1   1.3   2   5       5.9   2.4e+03   -3.9   1.9   403   451   874   923   868   942 0.55 -
TCONS_00059866:806-5584  -           1593 18929at6656          -            546   7.9e-16   57.1   1.3   3   5     0.043        17    3.1   0.1    74   108  1234  1268  1223  1303 0.80 -
TCONS_00059866:806-5584  -           1593 18929at6656          -            546   7.9e-16   57.1   1.3   4   5   2.7e-12   1.1e-09   36.8   0.5   161   256  1362  1465  1333  1481 0.81 -
TCONS_00059866:806-5584  -           1593 18929at6656          -            546   7.9e-16   57.1   1.3   5   5   7.5e-10     3e-07   28.8   0.0   318   402  1501  1586  1482  1592 0.86 -
TCONS_00059416:195-5393  -           1733 18929at6656          -            546   1.1e-15   56.7   1.2   1   5       3.5   1.4e+03   -3.1   4.7   381   448   746   811   730   826 0.65 -
TCONS_00059416:195-5393  -           1733 18929at6656          -            546   1.1e-15   56.7   1.2   2   5       5.3   2.1e+03   -3.8   1.6   403   451  1014  1063  1008  1080 0.54 -
TCONS_00059416:195-5393  -           1733 18929at6656          -            546   1.1e-15   56.7   1.2   3   5     0.047        19    3.0   0.1    74   108  1374  1408  1363  1443 0.80 -
TCONS_00059416:195-5393  -           1733 18929at6656          -            546   1.1e-15   56.7   1.2   4   5   2.9e-12   1.2e-09   36.7   0.5   161   256  1502  1605  1473  1621 0.81 -
TCONS_00059416:195-5393  -           1733 18929at6656          -            546   1.1e-15   56.7   1.2   5   5   8.3e-10   3.3e-07   28.6   0.0   318   402  1641  1726  1622  1732 0.86 -
TCONS_00009749:1626-3404 -            593 18929at6656          -            546   4.8e-11   41.3   2.0   1   2   2.4e-10   9.6e-08   30.4   0.4   160   283   405   542   377   549 0.79 -
TCONS_00009749:1626-3404 -            593 18929at6656          -            546   4.8e-11   41.3   2.0   2   2   0.00029      0.12   10.3   0.1   318   349   552   583   543   586 0.93 -
TCONS_00009750:957-2735  -            593 18929at6656          -            546   4.8e-11   41.3   2.0   1   2   2.4e-10   9.6e-08   30.4   0.4   160   283   405   542   377   549 0.79 -
TCONS_00009750:957-2735  -            593 18929at6656          -            546   4.8e-11   41.3   2.0   2   2   0.00029      0.12   10.3   0.1   318   349   552   583   543   586 0.93 -
TCONS_00005828:1631-3583 -            651 18929at6656          -            546   6.4e-11   40.9   2.0   1   2   3.3e-10   1.3e-07   29.9   0.4   160   283   463   600   442   607 0.80 -
TCONS_00005828:1631-3583 -            651 18929at6656          -            546   6.4e-11   40.9   2.0   2   2   0.00033      0.13   10.1   0.1   318   349   610   641   601   644 0.93 -
TCONS_00005830:998-2950  -            651 18929at6656          -            546   6.4e-11   40.9   2.0   1   2   3.3e-10   1.3e-07   29.9   0.4   160   283   463   600   442   607 0.80 -
TCONS_00005830:998-2950  -            651 18929at6656          -            546   6.4e-11   40.9   2.0   2   2   0.00033      0.13   10.1   0.1   318   349   610   641   601   644 0.93 -
TCONS_00009751:991-2943  -            651 18929at6656          -            546   6.4e-11   40.9   2.0   1   2   3.3e-10   1.3e-07   29.9   0.4   160   283   463   600   442   607 0.80 -
TCONS_00009751:991-2943  -            651 18929at6656          -            546   6.4e-11   40.9   2.0   2   2   0.00033      0.13   10.1   0.1   318   349   610   641   601   644 0.93 -
TCONS_00011379:1018-2970 -            651 18929at6656          -            546   6.4e-11   40.9   2.0   1   2   3.3e-10   1.3e-07   29.9   0.4   160   283   463   600   442   607 0.80 -
TCONS_00011379:1018-2970 -            651 18929at6656          -            546   6.4e-11   40.9   2.0   2   2   0.00033      0.13   10.1   0.1   318   349   610   641   601   644 0.93 -
#
# Program:         hmmsearch
# Version:         3.1b2 (February 2015)
# Pipeline mode:   SEARCH
# Query file:      /hpcdata/bcbb/homc/Barillaslab/Agam_hemo_transcriptomes/scripts/busco/busco_downloads/lineages/arthropoda_odb10/hmms/18929at6656.hmm
# Target file:     /hpcdata/bcbb/homc/Barillaslab/Agam_hemo_transcriptomes/scripts/busco/refguided_Agamhemo_BUSCO/run_arthropoda_odb10/metaeuk_output/initial_results/all_transcripts.comprehensive.v6.gffread.fa.modified.fas
# Option settings: hmmsearch --domtblout /hpcdata/bcbb/homc/Barillaslab/Agam_hemo_transcriptomes/scripts/busco/refguided_Agamhemo_BUSCO/run_arthropoda_odb10/hmmer_output/initial_run_results/18929at6656.out --cpu 1 /hpcdata/bcbb/homc/Barillaslab/Agam_hemo_transcriptomes/scripts/busco/busco_downloads/lineages/arthropoda_odb10/hmms/18929at6656.hmm /hpcdata/bcbb/homc/Barillaslab/Agam_hemo_transcriptomes/scripts/busco/refguided_Agamhemo_BUSCO/run_arthropoda_odb10/metaeuk_output/initial_results/all_transcripts.comprehensive.v6.gffread.fa.modified.fas 
# Current dir:     /hpcdata/bcbb/homc/Barillaslab/Agam_hemo_transcriptomes/scripts/busco
# Date:            Thu Feb  9 16:51:57 2023
# [ok]
