#                                                                                --- full sequence --- -------------- this domain -------------   hmm coord   ali coord   env coord
# target name            accession   tlen query name           accession   qlen   E-value  score  bias   #  of  c-Evalue  i-Evalue  score  bias  from    to  from    to  from    to  acc description of target
#    ------------------- ---------- ----- -------------------- ---------- ----- --------- ------ ----- --- --- --------- --------- ------ ----- ----- ----- ----- ----- ----- ----- ---- ---------------------
TCONS_00003490:702-8012  -           2437 1990at6656           -           1862         0 2585.3  24.7   1   4         0         0 2123.8   9.3     6  1416     9  1593     4  1608 0.89 -
TCONS_00003490:702-8012  -           2437 1990at6656           -           1862         0 2585.3  24.7   2   4   7.9e-32     1e-29  101.4   0.4  1390  1498  1694  1829  1686  1835 0.86 -
TCONS_00003490:702-8012  -           2437 1990at6656           -           1862         0 2585.3  24.7   3   4   3.6e-48   4.8e-46  155.6   0.5  1499  1656  1937  2129  1924  2131 0.87 -
TCONS_00003490:702-8012  -           2437 1990at6656           -           1862         0 2585.3  24.7   4   4   9.9e-65   1.3e-62  210.5   0.0  1626  1857  2130  2409  2127  2413 0.82 -
TCONS_00003491:774-8084  -           2437 1990at6656           -           1862         0 2585.3  24.7   1   4         0         0 2123.8   9.3     6  1416     9  1593     4  1608 0.89 -
TCONS_00003491:774-8084  -           2437 1990at6656           -           1862         0 2585.3  24.7   2   4   7.9e-32     1e-29  101.4   0.4  1390  1498  1694  1829  1686  1835 0.86 -
TCONS_00003491:774-8084  -           2437 1990at6656           -           1862         0 2585.3  24.7   3   4   3.6e-48   4.8e-46  155.6   0.5  1499  1656  1937  2129  1924  2131 0.87 -
TCONS_00003491:774-8084  -           2437 1990at6656           -           1862         0 2585.3  24.7   4   4   9.9e-65   1.3e-62  210.5   0.0  1626  1857  2130  2409  2127  2413 0.82 -
TCONS_00011534:713-8236  -           2508 1990at6656           -           1862         0 2564.3  28.6   1   5   5.8e-29   7.6e-27   91.9   0.0     6    94     9   110     4   122 0.84 -
TCONS_00011534:713-8236  -           2508 1990at6656           -           1862         0 2564.3  28.6   2   5         0         0 2012.0  10.6    98  1416   192  1664   179  1679 0.89 -
TCONS_00011534:713-8236  -           2508 1990at6656           -           1862         0 2564.3  28.6   3   5   8.2e-32   1.1e-29  101.4   0.4  1390  1498  1765  1900  1757  1906 0.86 -
TCONS_00011534:713-8236  -           2508 1990at6656           -           1862         0 2564.3  28.6   4   5   3.8e-48     5e-46  155.6   0.5  1499  1656  2008  2200  1995  2202 0.87 -
TCONS_00011534:713-8236  -           2508 1990at6656           -           1862         0 2564.3  28.6   5   5     1e-64   1.4e-62  210.5   0.0  1626  1857  2201  2480  2198  2484 0.82 -
TCONS_00012913:774-8297  -           2508 1990at6656           -           1862         0 2564.3  28.6   1   5   5.8e-29   7.6e-27   91.9   0.0     6    94     9   110     4   122 0.84 -
TCONS_00012913:774-8297  -           2508 1990at6656           -           1862         0 2564.3  28.6   2   5         0         0 2012.0  10.6    98  1416   192  1664   179  1679 0.89 -
TCONS_00012913:774-8297  -           2508 1990at6656           -           1862         0 2564.3  28.6   3   5   8.2e-32   1.1e-29  101.4   0.4  1390  1498  1765  1900  1757  1906 0.86 -
TCONS_00012913:774-8297  -           2508 1990at6656           -           1862         0 2564.3  28.6   4   5   3.8e-48     5e-46  155.6   0.5  1499  1656  2008  2200  1995  2202 0.87 -
TCONS_00012913:774-8297  -           2508 1990at6656           -           1862         0 2564.3  28.6   5   5     1e-64   1.4e-62  210.5   0.0  1626  1857  2201  2480  2198  2484 0.82 -
TCONS_00008998:787-8399  -           2508 1990at6656           -           1862         0 2562.4  29.0   1   5   5.8e-29   7.6e-27   91.9   0.0     6    94     9   110     4   122 0.84 -
TCONS_00008998:787-8399  -           2508 1990at6656           -           1862         0 2562.4  29.0   2   5         0         0 2012.0  10.6    98  1416   192  1664   179  1679 0.89 -
TCONS_00008998:787-8399  -           2508 1990at6656           -           1862         0 2562.4  29.0   3   5   8.2e-32   1.1e-29  101.4   0.4  1390  1498  1765  1900  1757  1906 0.86 -
TCONS_00008998:787-8399  -           2508 1990at6656           -           1862         0 2562.4  29.0   4   5   3.7e-48   4.8e-46  155.6   0.5  1499  1656  2008  2200  1995  2202 0.87 -
TCONS_00008998:787-8399  -           2508 1990at6656           -           1862         0 2562.4  29.0   5   5   3.1e-64   4.1e-62  208.9   0.1  1626  1857  2201  2480  2198  2484 0.82 -
TCONS_00002600:483-1472  -            330 1990at6656           -           1862   4.6e-09   33.0   1.0   1   1   4.6e-11   6.1e-09   32.6   1.0  1156  1204     5    59     2    64 0.80 -
TCONS_00009730:367-1356  -            330 1990at6656           -           1862   4.6e-09   33.0   1.0   1   1   4.6e-11   6.1e-09   32.6   1.0  1156  1204     5    59     2    64 0.80 -
TCONS_00040633:305-1330  -            342 1990at6656           -           1862     5e-09   32.9   0.7   1   1   5.1e-11   6.7e-09   32.4   0.7  1156  1205     5    60     2    65 0.80 -
TCONS_00043415:521-1546  -            342 1990at6656           -           1862     5e-09   32.9   0.7   1   1   5.1e-11   6.7e-09   32.4   0.7  1156  1205     5    60     2    65 0.80 -
TCONS_00045071:388-1413  -            342 1990at6656           -           1862     5e-09   32.9   0.7   1   1   5.1e-11   6.7e-09   32.4   0.7  1156  1205     5    60     2    65 0.80 -
TCONS_00046856:196-1221  -            342 1990at6656           -           1862     5e-09   32.9   0.7   1   1   5.1e-11   6.7e-09   32.4   0.7  1156  1205     5    60     2    65 0.80 -
TCONS_00048379:373-1398  -            342 1990at6656           -           1862     5e-09   32.9   0.7   1   1   5.1e-11   6.7e-09   32.4   0.7  1156  1205     5    60     2    65 0.80 -
TCONS_00050237:1076-2101 -            342 1990at6656           -           1862     5e-09   32.9   0.7   1   1   5.1e-11   6.7e-09   32.4   0.7  1156  1205     5    60     2    65 0.80 -
TCONS_00003586:18-992    -            325 1990at6656           -           1862   6.6e-09   32.5   0.1   1   1   6.2e-11   8.1e-09   32.2   0.1  1163  1202    13    52     2    59 0.88 -
TCONS_00063716:652-1674  -            341 1990at6656           -           1862   7.5e-09   32.3   0.1   1   1   7.1e-11   9.3e-09   32.0   0.1  1164  1202    14    52     2    59 0.89 -
TCONS_00061897:272-1503  -            346 1990at6656           -           1862   7.6e-09   32.3   0.1   1   1   7.2e-11   9.5e-09   31.9   0.1  1164  1202    14    52     2    59 0.89 -
TCONS_00002818:357-1091  -            245 1990at6656           -           1862   1.1e-08   31.7   0.7   1   1     1e-10   1.4e-08   31.4   0.7  1154  1205     8    66     2    71 0.77 -
TCONS_00004245:847-1119  -             91 1990at6656           -           1862   1.2e-08   31.6   0.5   1   1     1e-10   1.4e-08   31.4   0.5  1156  1203     1    55     1    63 0.75 -
TCONS_00004246:858-1130  -             91 1990at6656           -           1862   1.2e-08   31.6   0.5   1   1     1e-10   1.4e-08   31.4   0.5  1156  1203     1    55     1    63 0.75 -
TCONS_00004247:855-1127  -             91 1990at6656           -           1862   1.2e-08   31.6   0.5   1   1     1e-10   1.4e-08   31.4   0.5  1156  1203     1    55     1    63 0.75 -
TCONS_00004248:855-1127  -             91 1990at6656           -           1862   1.2e-08   31.6   0.5   1   1     1e-10   1.4e-08   31.4   0.5  1156  1203     1    55     1    63 0.75 -
TCONS_00004970:847-1119  -             91 1990at6656           -           1862   1.2e-08   31.6   0.5   1   1     1e-10   1.4e-08   31.4   0.5  1156  1203     1    55     1    63 0.75 -
TCONS_00004971:847-1119  -             91 1990at6656           -           1862   1.2e-08   31.6   0.5   1   1     1e-10   1.4e-08   31.4   0.5  1156  1203     1    55     1    63 0.75 -
TCONS_00004972:847-1119  -             91 1990at6656           -           1862   1.2e-08   31.6   0.5   1   1     1e-10   1.4e-08   31.4   0.5  1156  1203     1    55     1    63 0.75 -
TCONS_00006947:791-1063  -             91 1990at6656           -           1862   1.2e-08   31.6   0.5   1   1     1e-10   1.4e-08   31.4   0.5  1156  1203     1    55     1    63 0.75 -
TCONS_00006948:866-1138  -             91 1990at6656           -           1862   1.2e-08   31.6   0.5   1   1     1e-10   1.4e-08   31.4   0.5  1156  1203     1    55     1    63 0.75 -
TCONS_00006949:791-1063  -             91 1990at6656           -           1862   1.2e-08   31.6   0.5   1   1     1e-10   1.4e-08   31.4   0.5  1156  1203     1    55     1    63 0.75 -
TCONS_00009130:790-1062  -             91 1990at6656           -           1862   1.2e-08   31.6   0.5   1   1     1e-10   1.4e-08   31.4   0.5  1156  1203     1    55     1    63 0.75 -
TCONS_00011690:787-1059  -             91 1990at6656           -           1862   1.2e-08   31.6   0.5   1   1     1e-10   1.4e-08   31.4   0.5  1156  1203     1    55     1    63 0.75 -
TCONS_00012138:748-1020  -             91 1990at6656           -           1862   1.2e-08   31.6   0.5   1   1     1e-10   1.4e-08   31.4   0.5  1156  1203     1    55     1    63 0.75 -
TCONS_00012598:856-1128  -             91 1990at6656           -           1862   1.2e-08   31.6   0.5   1   1     1e-10   1.4e-08   31.4   0.5  1156  1203     1    55     1    63 0.75 -
TCONS_00012599:777-1049  -             91 1990at6656           -           1862   1.2e-08   31.6   0.5   1   1     1e-10   1.4e-08   31.4   0.5  1156  1203     1    55     1    63 0.75 -
TCONS_00013022:866-1138  -             91 1990at6656           -           1862   1.2e-08   31.6   0.5   1   1     1e-10   1.4e-08   31.4   0.5  1156  1203     1    55     1    63 0.75 -
TCONS_00013402:791-1063  -             91 1990at6656           -           1862   1.2e-08   31.6   0.5   1   1     1e-10   1.4e-08   31.4   0.5  1156  1203     1    55     1    63 0.75 -
TCONS_00013774:791-1063  -             91 1990at6656           -           1862   1.2e-08   31.6   0.5   1   1     1e-10   1.4e-08   31.4   0.5  1156  1203     1    55     1    63 0.75 -
TCONS_00002819:365-1432  -            356 1990at6656           -           1862   1.8e-08   31.0   0.7   1   1   1.7e-10   2.2e-08   30.7   0.7  1153  1205     9    68     3    73 0.77 -
TCONS_00008894:352-1434  -            361 1990at6656           -           1862   1.8e-08   31.0   0.7   1   1   1.7e-10   2.3e-08   30.7   0.7  1153  1205     9    68     3    73 0.77 -
TCONS_00033694:750-962   -             71 1990at6656           -           1862   8.6e-08   28.8   0.2   1   1   6.9e-10   9.1e-08   28.7   0.2  1162  1204    12    58     2    64 0.80 -
TCONS_00033696:656-868   -             71 1990at6656           -           1862   8.6e-08   28.8   0.2   1   1   6.9e-10   9.1e-08   28.7   0.2  1162  1204    12    58     2    64 0.80 -
TCONS_00033699:735-947   -             71 1990at6656           -           1862   8.6e-08   28.8   0.2   1   1   6.9e-10   9.1e-08   28.7   0.2  1162  1204    12    58     2    64 0.80 -
TCONS_00034931:370-582   -             71 1990at6656           -           1862   8.6e-08   28.8   0.2   1   1   6.9e-10   9.1e-08   28.7   0.2  1162  1204    12    58     2    64 0.80 -
TCONS_00036359:545-757   -             71 1990at6656           -           1862   8.6e-08   28.8   0.2   1   1   6.9e-10   9.1e-08   28.7   0.2  1162  1204    12    58     2    64 0.80 -
TCONS_00036360:592-804   -             71 1990at6656           -           1862   8.6e-08   28.8   0.2   1   1   6.9e-10   9.1e-08   28.7   0.2  1162  1204    12    58     2    64 0.80 -
TCONS_00037677:1176-1388 -             71 1990at6656           -           1862   8.6e-08   28.8   0.2   1   1   6.9e-10   9.1e-08   28.7   0.2  1162  1204    12    58     2    64 0.80 -
TCONS_00038384:877-1089  -             71 1990at6656           -           1862   8.6e-08   28.8   0.2   1   1   6.9e-10   9.1e-08   28.7   0.2  1162  1204    12    58     2    64 0.80 -
TCONS_00039008:820-1032  -             71 1990at6656           -           1862   8.6e-08   28.8   0.2   1   1   6.9e-10   9.1e-08   28.7   0.2  1162  1204    12    58     2    64 0.80 -
TCONS_00016925:228-425   -             66 1990at6656           -           1862   2.3e-07   27.3   0.2   1   1   1.9e-09   2.5e-07   27.3   0.2  1162  1200    15    56     2    62 0.80 -
TCONS_00000472:1255-1629 -            125 1990at6656           -           1862   3.2e-07   26.9   0.3   1   1   2.7e-09   3.6e-07   26.7   0.3  1162  1204    13    59     1    64 0.78 -
TCONS_00000478:1509-1883 -            125 1990at6656           -           1862   3.2e-07   26.9   0.3   1   1   2.7e-09   3.6e-07   26.7   0.3  1162  1204    13    59     1    64 0.78 -
TCONS_00000479:490-864   -            125 1990at6656           -           1862   3.2e-07   26.9   0.3   1   1   2.7e-09   3.6e-07   26.7   0.3  1162  1204    13    59     1    64 0.78 -
TCONS_00000509:490-864   -            125 1990at6656           -           1862   3.2e-07   26.9   0.3   1   1   2.7e-09   3.6e-07   26.7   0.3  1162  1204    13    59     1    64 0.78 -
TCONS_00064238:275-832   -            186 1990at6656           -           1862   3.6e-06   23.4   0.0   1   1   3.5e-08   4.6e-06   23.0   0.0  1154  1203    15    70     9    81 0.78 -
TCONS_00040905:200-1276  -            359 1990at6656           -           1862   4.3e-06   23.1   0.3   1   1   4.4e-08   5.7e-06   22.7   0.3  1154  1202    29    84    23    91 0.79 -
TCONS_00015982:566-793   -             76 1990at6656           -           1862   7.5e-06   22.3   0.2   1   1   5.9e-08   7.8e-06   22.3   0.2  1150  1203    11    70     2    75 0.78 -
TCONS_00041589:129-1871  -            581 1990at6656           -           1862   5.4e-05   19.5   0.1   1   1   6.9e-07   9.1e-05   18.7   0.1  1162  1203    15    60     2    74 0.77 -
TCONS_00016973:120-1043  -            308 1990at6656           -           1862   6.1e-05   19.3   0.1   1   1   6.2e-07   8.2e-05   18.9   0.1  1162  1205    23    69     6    81 0.81 -
TCONS_00058779:185-352   -             56 1990at6656           -           1862   0.00028   17.1   0.2   1   1   2.2e-06   0.00028   17.1   0.2  1153  1197     2    56     1    56 0.69 -
TCONS_00002705:236-2590  -            785 1990at6656           -           1862    0.0003   17.0   0.1   1   1   3.1e-06   0.00041   16.6   0.1  1149  1206   100   161    86   165 0.81 -
TCONS_00016243:2867-3046 -             60 1990at6656           -           1862   0.00035   16.8   0.0   1   1   2.7e-06   0.00035   16.8   0.0  1162  1199    11    50     1    59 0.80 -
TCONS_00014216:953-1156  -             68 1990at6656           -           1862   0.00075   15.7   0.1   1   1   5.8e-06   0.00077   15.7   0.1  1156  1202     3    55     1    62 0.75 -
TCONS_00021350:700-903   -             68 1990at6656           -           1862   0.00075   15.7   0.1   1   1   5.8e-06   0.00077   15.7   0.1  1156  1202     3    55     1    62 0.75 -
TCONS_00003297:133-951   -            273 1990at6656           -           1862    0.0013   14.9   0.1   1   1   1.3e-05    0.0018   14.5   0.1  1164  1203    63   106    43   122 0.79 -
TCONS_00058851:1034-1591 -            186 1990at6656           -           1862    0.0014   14.8   0.1   1   1   1.3e-05    0.0017   14.5   0.1  1164  1204    31    74    11    81 0.74 -
TCONS_00059746:916-1473  -            186 1990at6656           -           1862    0.0014   14.8   0.1   1   1   1.3e-05    0.0017   14.5   0.1  1164  1204    31    74    11    81 0.74 -
TCONS_00060363:835-1392  -            186 1990at6656           -           1862    0.0014   14.8   0.1   1   1   1.3e-05    0.0017   14.5   0.1  1164  1204    31    74    11    81 0.74 -
TCONS_00063813:874-1431  -            186 1990at6656           -           1862    0.0014   14.8   0.1   1   1   1.3e-05    0.0017   14.5   0.1  1164  1204    31    74    11    81 0.74 -
TCONS_00012718:159-1145  -            329 1990at6656           -           1862    0.0035   13.5   0.1   1   1   3.4e-05    0.0045   13.1   0.1  1156  1185     8    41     4    82 0.64 -
TCONS_00037739:74-2810   -            711 1990at6656           -           1862    0.0049   13.0   0.4   1   1   5.3e-05    0.0069   12.5   0.4  1154  1201    13    70     7    78 0.75 -
TCONS_00042904:1638-1841 -             68 1990at6656           -           1862     0.018   11.1   0.4   1   1   0.00013     0.017   11.2   0.4  1162  1200    13    59     1    67 0.67 -
TCONS_00045889:1594-1797 -             68 1990at6656           -           1862     0.018   11.1   0.4   1   1   0.00013     0.017   11.2   0.4  1162  1200    13    59     1    67 0.67 -
TCONS_00030725:331-741   -            137 1990at6656           -           1862      0.02   11.0   0.0   1   1   0.00017     0.023   10.8   0.0  1164  1185    16    37     3    64 0.73 -
TCONS_00036118:83-493    -            137 1990at6656           -           1862      0.02   11.0   0.0   1   1   0.00017     0.023   10.8   0.0  1164  1185    16    37     3    64 0.73 -
TCONS_00014638:391-1875  -            495 1990at6656           -           1862     0.064    9.3   0.6   1   1   0.00064     0.084    8.9   0.6  1150  1197   390   446   366   457 0.64 -
#
# Program:         hmmsearch
# Version:         3.1b2 (February 2015)
# Pipeline mode:   SEARCH
# Query file:      /hpcdata/bcbb/homc/Barillaslab/Agam_hemo_transcriptomes/scripts/busco/busco_downloads/lineages/arthropoda_odb10/hmms/1990at6656.hmm
# Target file:     /hpcdata/bcbb/homc/Barillaslab/Agam_hemo_transcriptomes/scripts/busco/refguided_Agamhemo_BUSCO/run_arthropoda_odb10/metaeuk_output/initial_results/all_transcripts.comprehensive.v6.gffread.fa.modified.fas
# Option settings: hmmsearch --domtblout /hpcdata/bcbb/homc/Barillaslab/Agam_hemo_transcriptomes/scripts/busco/refguided_Agamhemo_BUSCO/run_arthropoda_odb10/hmmer_output/initial_run_results/1990at6656.out --cpu 1 /hpcdata/bcbb/homc/Barillaslab/Agam_hemo_transcriptomes/scripts/busco/busco_downloads/lineages/arthropoda_odb10/hmms/1990at6656.hmm /hpcdata/bcbb/homc/Barillaslab/Agam_hemo_transcriptomes/scripts/busco/refguided_Agamhemo_BUSCO/run_arthropoda_odb10/metaeuk_output/initial_results/all_transcripts.comprehensive.v6.gffread.fa.modified.fas 
# Current dir:     /hpcdata/bcbb/homc/Barillaslab/Agam_hemo_transcriptomes/scripts/busco
# Date:            Thu Feb  9 16:52:04 2023
# [ok]
