#                                                                                --- full sequence --- -------------- this domain -------------   hmm coord   ali coord   env coord
# target name            accession   tlen query name           accession   qlen   E-value  score  bias   #  of  c-Evalue  i-Evalue  score  bias  from    to  from    to  from    to  acc description of target
#    ------------------- ---------- ----- -------------------- ---------- ----- --------- ------ ----- --- --- --------- --------- ------ ----- ----- ----- ----- ----- ----- ----- ---- ---------------------
TCONS_00040433:105-1979  -            625 27617at6656          -            432  1.2e-173  577.2  29.1   1   3   7.7e-09   2.2e-06   26.1   0.1     2    36     8    42     7    46 0.94 -
TCONS_00040433:105-1979  -            625 27617at6656          -            432  1.2e-173  577.2  29.1   2   3   4.7e-17   1.4e-14   53.1   0.7    36    86    68   119    60   124 0.94 -
TCONS_00040433:105-1979  -            625 27617at6656          -            432  1.2e-173  577.2  29.1   3   3  5.3e-154  1.5e-151  504.4  18.2    81   432   142   534   121   534 0.89 -
TCONS_00002893:2393-3283 -            297 27617at6656          -            432   1.5e-39  135.3   7.2   1   2   1.1e-37   3.1e-35  121.2   2.0   158   309    25   177     8   180 0.94 -
TCONS_00002893:2393-3283 -            297 27617at6656          -            432   1.5e-39  135.3   7.2   2   2     9e-07   0.00026   19.2   0.2   237   352   173   289   173   293 0.91 -
TCONS_00009808:2390-3280 -            297 27617at6656          -            432   1.5e-39  135.3   7.2   1   2   1.1e-37   3.1e-35  121.2   2.0   158   309    25   177     8   180 0.94 -
TCONS_00009808:2390-3280 -            297 27617at6656          -            432   1.5e-39  135.3   7.2   2   2     9e-07   0.00026   19.2   0.2   237   352   173   289   173   293 0.91 -
TCONS_00012815:2379-3269 -            297 27617at6656          -            432   1.5e-39  135.3   7.2   1   2   1.1e-37   3.1e-35  121.2   2.0   158   309    25   177     8   180 0.94 -
TCONS_00012815:2379-3269 -            297 27617at6656          -            432   1.5e-39  135.3   7.2   2   2     9e-07   0.00026   19.2   0.2   237   352   173   289   173   293 0.91 -
TCONS_00013223:2393-3283 -            297 27617at6656          -            432   1.5e-39  135.3   7.2   1   2   1.1e-37   3.1e-35  121.2   2.0   158   309    25   177     8   180 0.94 -
TCONS_00013223:2393-3283 -            297 27617at6656          -            432   1.5e-39  135.3   7.2   2   2     9e-07   0.00026   19.2   0.2   237   352   173   289   173   293 0.91 -
TCONS_00014939:233-2272  -            680 27617at6656          -            432     4e-20   71.3   7.9   1   2   5.8e-08   1.7e-05   23.2   0.1   244   306   441   503   422   507 0.93 -
TCONS_00014939:233-2272  -            680 27617at6656          -            432     4e-20   71.3   7.9   2   2   6.4e-16   1.9e-13   49.4   3.3   243   360   508   626   504   668 0.83 -
TCONS_00003682:923-1783  -            287 27617at6656          -            432   4.9e-15   54.6   4.4   1   3   7.2e-08   2.1e-05   22.9   0.1   242   341     2   102     1   110 0.87 -
TCONS_00003682:923-1783  -            287 27617at6656          -            432   4.9e-15   54.6   4.4   2   3     6e-10   1.7e-07   29.7   0.8   245   386   107   253    99   256 0.87 -
TCONS_00003682:923-1783  -            287 27617at6656          -            432   4.9e-15   54.6   4.4   3   3   4.3e-07   0.00012   20.3   0.8   248   385   144   283   137   287 0.91 -
TCONS_00006522:658-1518  -            287 27617at6656          -            432   4.9e-15   54.6   4.4   1   3   7.2e-08   2.1e-05   22.9   0.1   242   341     2   102     1   110 0.87 -
TCONS_00006522:658-1518  -            287 27617at6656          -            432   4.9e-15   54.6   4.4   2   3     6e-10   1.7e-07   29.7   0.8   245   386   107   253    99   256 0.87 -
TCONS_00006522:658-1518  -            287 27617at6656          -            432   4.9e-15   54.6   4.4   3   3   4.3e-07   0.00012   20.3   0.8   248   385   144   283   137   287 0.91 -
TCONS_00013324:868-1728  -            287 27617at6656          -            432   4.9e-15   54.6   4.4   1   3   7.2e-08   2.1e-05   22.9   0.1   242   341     2   102     1   110 0.87 -
TCONS_00013324:868-1728  -            287 27617at6656          -            432   4.9e-15   54.6   4.4   2   3     6e-10   1.7e-07   29.7   0.8   245   386   107   253    99   256 0.87 -
TCONS_00013324:868-1728  -            287 27617at6656          -            432   4.9e-15   54.6   4.4   3   3   4.3e-07   0.00012   20.3   0.8   248   385   144   283   137   287 0.91 -
TCONS_00006521:1578-2306 -            243 27617at6656          -            432   6.5e-12   44.3   1.1   1   3     0.013       3.7    5.6   0.3   285   378     1    96     1   106 0.64 -
TCONS_00006521:1578-2306 -            243 27617at6656          -            432   6.5e-12   44.3   1.1   2   3   1.7e-11     5e-09   34.8   0.1   248   329   100   182    87   183 0.86 -
TCONS_00006521:1578-2306 -            243 27617at6656          -            432   6.5e-12   44.3   1.1   3   3     0.026       7.4    4.6   0.0   249   272   169   192   155   197 0.73 -
TCONS_00009032:1925-2653 -            243 27617at6656          -            432   6.5e-12   44.3   1.1   1   3     0.013       3.7    5.6   0.3   285   378     1    96     1   106 0.64 -
TCONS_00009032:1925-2653 -            243 27617at6656          -            432   6.5e-12   44.3   1.1   2   3   1.7e-11     5e-09   34.8   0.1   248   329   100   182    87   183 0.86 -
TCONS_00009032:1925-2653 -            243 27617at6656          -            432   6.5e-12   44.3   1.1   3   3     0.026       7.4    4.6   0.0   249   272   169   192   155   197 0.73 -
TCONS_00009374:1651-2379 -            243 27617at6656          -            432   6.5e-12   44.3   1.1   1   3     0.013       3.7    5.6   0.3   285   378     1    96     1   106 0.64 -
TCONS_00009374:1651-2379 -            243 27617at6656          -            432   6.5e-12   44.3   1.1   2   3   1.7e-11     5e-09   34.8   0.1   248   329   100   182    87   183 0.86 -
TCONS_00009374:1651-2379 -            243 27617at6656          -            432   6.5e-12   44.3   1.1   3   3     0.026       7.4    4.6   0.0   249   272   169   192   155   197 0.73 -
TCONS_00031738:1124-3445 -            774 27617at6656          -            432   3.1e-09   35.5   2.4   1   3   4.4e-06    0.0013   17.0   0.1   248   328   426   507   403   511 0.73 -
TCONS_00031738:1124-3445 -            774 27617at6656          -            432   3.1e-09   35.5   2.4   2   3   0.00016     0.046   11.9   0.2   249   333   544   629   525   642 0.89 -
TCONS_00031738:1124-3445 -            774 27617at6656          -            432   3.1e-09   35.5   2.4   3   3     0.052        15    3.6   0.0   250   292   718   761   707   770 0.81 -
TCONS_00034054:1886-4207 -            774 27617at6656          -            432   3.1e-09   35.5   2.4   1   3   4.4e-06    0.0013   17.0   0.1   248   328   426   507   403   511 0.73 -
TCONS_00034054:1886-4207 -            774 27617at6656          -            432   3.1e-09   35.5   2.4   2   3   0.00016     0.046   11.9   0.2   249   333   544   629   525   642 0.89 -
TCONS_00034054:1886-4207 -            774 27617at6656          -            432   3.1e-09   35.5   2.4   3   3     0.052        15    3.6   0.0   250   292   718   761   707   770 0.81 -
TCONS_00035815:1187-3508 -            774 27617at6656          -            432   3.1e-09   35.5   2.4   1   3   4.4e-06    0.0013   17.0   0.1   248   328   426   507   403   511 0.73 -
TCONS_00035815:1187-3508 -            774 27617at6656          -            432   3.1e-09   35.5   2.4   2   3   0.00016     0.046   11.9   0.2   249   333   544   629   525   642 0.89 -
TCONS_00035815:1187-3508 -            774 27617at6656          -            432   3.1e-09   35.5   2.4   3   3     0.052        15    3.6   0.0   250   292   718   761   707   770 0.81 -
TCONS_00002509:502-2340  -            613 27617at6656          -            432   3.3e-09   35.4   0.0   1   2   0.00055      0.16   10.1   0.0   246   299   324   377   315   400 0.65 -
TCONS_00002509:502-2340  -            613 27617at6656          -            432   3.3e-09   35.4   0.0   2   2   6.2e-08   1.8e-05   23.1   0.0   237   307   462   532   441   545 0.89 -
TCONS_00011869:235-2073  -            613 27617at6656          -            432   3.3e-09   35.4   0.0   1   2   0.00055      0.16   10.1   0.0   246   299   324   377   315   400 0.65 -
TCONS_00011869:235-2073  -            613 27617at6656          -            432   3.3e-09   35.4   0.0   2   2   6.2e-08   1.8e-05   23.1   0.0   237   307   462   532   441   545 0.89 -
TCONS_00016579:210-1079  -            290 27617at6656          -            432   3.1e-08   32.2   0.7   1   1     2e-10   5.9e-08   31.3   0.7   222   308   112   200    94   203 0.83 -
TCONS_00026015:1248-2150 -            301 27617at6656          -            432   1.1e-07   30.4   7.3   1   2   3.3e-08   9.5e-06   24.0   5.8   159   357    12   212     4   225 0.87 -
TCONS_00026015:1248-2150 -            301 27617at6656          -            432   1.1e-07   30.4   7.3   2   2     0.012       3.6    5.6   0.0   245   298   247   300   239   301 0.90 -
TCONS_00041473:1280-1744 -            155 27617at6656          -            432   1.7e-07   29.7   0.1   1   2   5.3e-07   0.00015   20.0   0.0   220   273    70   123    55   126 0.90 -
TCONS_00041473:1280-1744 -            155 27617at6656          -            432   1.7e-07   29.7   0.1   2   2    0.0017      0.49    8.5   0.1   335   358   125   148   123   151 0.92 -
TCONS_00044033:1210-1674 -            155 27617at6656          -            432   1.7e-07   29.7   0.1   1   2   5.3e-07   0.00015   20.0   0.0   220   273    70   123    55   126 0.90 -
TCONS_00044033:1210-1674 -            155 27617at6656          -            432   1.7e-07   29.7   0.1   2   2    0.0017      0.49    8.5   0.1   335   358   125   148   123   151 0.92 -
TCONS_00044034:1280-1744 -            155 27617at6656          -            432   1.7e-07   29.7   0.1   1   2   5.3e-07   0.00015   20.0   0.0   220   273    70   123    55   126 0.90 -
TCONS_00044034:1280-1744 -            155 27617at6656          -            432   1.7e-07   29.7   0.1   2   2    0.0017      0.49    8.5   0.1   335   358   125   148   123   151 0.92 -
TCONS_00046454:1280-1744 -            155 27617at6656          -            432   1.7e-07   29.7   0.1   1   2   5.3e-07   0.00015   20.0   0.0   220   273    70   123    55   126 0.90 -
TCONS_00046454:1280-1744 -            155 27617at6656          -            432   1.7e-07   29.7   0.1   2   2    0.0017      0.49    8.5   0.1   335   358   125   148   123   151 0.92 -
TCONS_00050335:1494-1958 -            155 27617at6656          -            432   1.7e-07   29.7   0.1   1   2   5.3e-07   0.00015   20.0   0.0   220   273    70   123    55   126 0.90 -
TCONS_00050335:1494-1958 -            155 27617at6656          -            432   1.7e-07   29.7   0.1   2   2    0.0017      0.49    8.5   0.1   335   358   125   148   123   151 0.92 -
TCONS_00018202:1642-2562 -            307 27617at6656          -            432   8.7e-07   27.4   0.4   1   4     0.019       5.4    5.0   0.0   269   309     4    44     1    92 0.90 -
TCONS_00018202:1642-2562 -            307 27617at6656          -            432   8.7e-07   27.4   0.4   2   4   0.00055      0.16   10.1   0.0   245   273   129   158   124   164 0.87 -
TCONS_00018202:1642-2562 -            307 27617at6656          -            432   8.7e-07   27.4   0.4   3   4       3.1   9.1e+02   -2.3   0.0   287   305   202   220   191   234 0.51 -
TCONS_00018202:1642-2562 -            307 27617at6656          -            432   8.7e-07   27.4   0.4   4   4    0.0019      0.54    8.3   0.0   255   297   260   304   252   306 0.88 -
TCONS_00022432:1973-2893 -            307 27617at6656          -            432   8.7e-07   27.4   0.4   1   4     0.019       5.4    5.0   0.0   269   309     4    44     1    92 0.90 -
TCONS_00022432:1973-2893 -            307 27617at6656          -            432   8.7e-07   27.4   0.4   2   4   0.00055      0.16   10.1   0.0   245   273   129   158   124   164 0.87 -
TCONS_00022432:1973-2893 -            307 27617at6656          -            432   8.7e-07   27.4   0.4   3   4       3.1   9.1e+02   -2.3   0.0   287   305   202   220   191   234 0.51 -
TCONS_00022432:1973-2893 -            307 27617at6656          -            432   8.7e-07   27.4   0.4   4   4    0.0019      0.54    8.3   0.0   255   297   260   304   252   306 0.88 -
TCONS_00040602:308-1282  -            325 27617at6656          -            432   3.2e-05   22.3   8.3   1   3   7.2e-05     0.021   13.0   3.0   308   407    20   120    14   140 0.73 -
TCONS_00040602:308-1282  -            325 27617at6656          -            432   3.2e-05   22.3   8.3   2   3     0.012       3.4    5.7   0.2   242   300   122   180   119   195 0.78 -
TCONS_00040602:308-1282  -            325 27617at6656          -            432   3.2e-05   22.3   8.3   3   3     0.011       3.1    5.8   0.0   258   300   206   248   199   256 0.87 -
TCONS_00040058:465-881   -            139 27617at6656          -            432   0.00024   19.4   0.1   1   1     1e-06    0.0003   19.1   0.1   245   306    55   116    46   124 0.87 -
TCONS_00005570:93-2462   -            790 27617at6656          -            432   0.00061   18.0   6.1   1   3       1.4   4.2e+02   -1.2   0.0   340   387   418   462   397   491 0.68 -
TCONS_00005570:93-2462   -            790 27617at6656          -            432   0.00061   18.0   6.1   2   3   2.5e-06   0.00073   17.8   2.9   238   312   492   566   485   573 0.96 -
TCONS_00005570:93-2462   -            790 27617at6656          -            432   0.00061   18.0   6.1   3   3      0.82   2.4e+02   -0.4   0.0   247   299   569   621   565   623 0.84 -
TCONS_00018202:808-1560  -            251 27617at6656          -            432    0.0028   15.9   2.9   1   2   9.1e-05     0.027   12.6   0.8   309   394    25   110    19   123 0.86 -
TCONS_00018202:808-1560  -            251 27617at6656          -            432    0.0028   15.9   2.9   2   2     0.079        23    3.0   0.1   323   355   201   233   196   250 0.87 -
TCONS_00022432:1139-1891 -            251 27617at6656          -            432    0.0028   15.9   2.9   1   2   9.1e-05     0.027   12.6   0.8   309   394    25   110    19   123 0.86 -
TCONS_00022432:1139-1891 -            251 27617at6656          -            432    0.0028   15.9   2.9   2   2     0.079        23    3.0   0.1   323   355   201   233   196   250 0.87 -
TCONS_00014638:391-1875  -            495 27617at6656          -            432    0.0076   14.4   0.1   1   2    0.0012      0.35    8.9   0.0   271   351    47   128    43   131 0.91 -
TCONS_00014638:391-1875  -            495 27617at6656          -            432    0.0076   14.4   0.1   2   2     0.072        21    3.1   0.0   282   321   357   396   320   413 0.78 -
TCONS_00039976:716-988   -             91 27617at6656          -            432    0.0094   14.1   0.1   1   2      0.21        60    1.6   0.1   376   410    14    48     8    54 0.76 -
TCONS_00039976:716-988   -             91 27617at6656          -            432    0.0094   14.1   0.1   2   2   0.00023     0.068   11.3   0.0   248   286    51    89    44    91 0.91 -
#
# Program:         hmmsearch
# Version:         3.1b2 (February 2015)
# Pipeline mode:   SEARCH
# Query file:      /hpcdata/bcbb/homc/Barillaslab/Agam_hemo_transcriptomes/scripts/busco/busco_downloads/lineages/arthropoda_odb10/hmms/27617at6656.hmm
# Target file:     /hpcdata/bcbb/homc/Barillaslab/Agam_hemo_transcriptomes/scripts/busco/refguided_Agamhemo_BUSCO/run_arthropoda_odb10/metaeuk_output/initial_results/all_transcripts.comprehensive.v6.gffread.fa.modified.fas
# Option settings: hmmsearch --domtblout /hpcdata/bcbb/homc/Barillaslab/Agam_hemo_transcriptomes/scripts/busco/refguided_Agamhemo_BUSCO/run_arthropoda_odb10/hmmer_output/initial_run_results/27617at6656.out --cpu 1 /hpcdata/bcbb/homc/Barillaslab/Agam_hemo_transcriptomes/scripts/busco/busco_downloads/lineages/arthropoda_odb10/hmms/27617at6656.hmm /hpcdata/bcbb/homc/Barillaslab/Agam_hemo_transcriptomes/scripts/busco/refguided_Agamhemo_BUSCO/run_arthropoda_odb10/metaeuk_output/initial_results/all_transcripts.comprehensive.v6.gffread.fa.modified.fas 
# Current dir:     /hpcdata/bcbb/homc/Barillaslab/Agam_hemo_transcriptomes/scripts/busco
# Date:            Thu Feb  9 16:52:28 2023
# [ok]
