#                                                                                --- full sequence --- -------------- this domain -------------   hmm coord   ali coord   env coord
# target name            accession   tlen query name           accession   qlen   E-value  score  bias   #  of  c-Evalue  i-Evalue  score  bias  from    to  from    to  from    to  acc description of target
#    ------------------- ---------- ----- -------------------- ---------- ----- --------- ------ ----- --- --- --------- --------- ------ ----- ----- ----- ----- ----- ----- ----- ---- ---------------------
TCONS_00058491:258-4058  -           1267 29213at6656          -            699  4.3e-288  956.8  18.1   1   4    1e-108  2.4e-105  352.7   0.0     5   273    53   332    47   337 0.95 -
TCONS_00058491:258-4058  -           1267 29213at6656          -            699  4.3e-288  956.8  18.1   2   4   1.2e-06    0.0029   15.3   0.1   273   295   364   386   354   392 0.89 -
TCONS_00058491:258-4058  -           1267 29213at6656          -            699  4.3e-288  956.8  18.1   3   4  1.2e-176  2.9e-173  577.2  14.5   296   668   503   902   499   909 0.93 -
TCONS_00058491:258-4058  -           1267 29213at6656          -            699  4.3e-288  956.8  18.1   4   4   7.3e-05      0.17    9.4   0.0   663   699   944   984   942   984 0.83 -
TCONS_00016305:4462-5232 -            257 29213at6656          -            699   9.9e-06   23.5   1.5   1   1   4.3e-09     1e-05   23.4   0.2   395   482   154   245   127   248 0.86 -
TCONS_00016306:4435-5205 -            257 29213at6656          -            699   9.9e-06   23.5   1.5   1   1   4.3e-09     1e-05   23.4   0.2   395   482   154   245   127   248 0.86 -
TCONS_00018121:4853-5623 -            257 29213at6656          -            699   9.9e-06   23.5   1.5   1   1   4.3e-09     1e-05   23.4   0.2   395   482   154   245   127   248 0.86 -
#
# Program:         hmmsearch
# Version:         3.1b2 (February 2015)
# Pipeline mode:   SEARCH
# Query file:      /hpcdata/bcbb/homc/Barillaslab/Agam_hemo_transcriptomes/scripts/busco/busco_downloads/lineages/arthropoda_odb10/hmms/29213at6656.hmm
# Target file:     /hpcdata/bcbb/homc/Barillaslab/Agam_hemo_transcriptomes/scripts/busco/refguided_Agamhemo_BUSCO/run_arthropoda_odb10/metaeuk_output/initial_results/all_transcripts.comprehensive.v6.gffread.fa.modified.fas
# Option settings: hmmsearch --domtblout /hpcdata/bcbb/homc/Barillaslab/Agam_hemo_transcriptomes/scripts/busco/refguided_Agamhemo_BUSCO/run_arthropoda_odb10/hmmer_output/initial_run_results/29213at6656.out --cpu 1 /hpcdata/bcbb/homc/Barillaslab/Agam_hemo_transcriptomes/scripts/busco/busco_downloads/lineages/arthropoda_odb10/hmms/29213at6656.hmm /hpcdata/bcbb/homc/Barillaslab/Agam_hemo_transcriptomes/scripts/busco/refguided_Agamhemo_BUSCO/run_arthropoda_odb10/metaeuk_output/initial_results/all_transcripts.comprehensive.v6.gffread.fa.modified.fas 
# Current dir:     /hpcdata/bcbb/homc/Barillaslab/Agam_hemo_transcriptomes/scripts/busco
# Date:            Thu Feb  9 16:52:33 2023
# [ok]
