#                                                                                --- full sequence --- -------------- this domain -------------   hmm coord   ali coord   env coord
# target name            accession   tlen query name           accession   qlen   E-value  score  bias   #  of  c-Evalue  i-Evalue  score  bias  from    to  from    to  from    to  acc description of target
#    ------------------- ---------- ----- -------------------- ---------- ----- --------- ------ ----- --- --- --------- --------- ------ ----- ----- ----- ----- ----- ----- ----- ---- ---------------------
TCONS_00042585:570-3488  -            973 31480at6656          -            350  7.1e-132  438.8  13.6   1   3     2e-10   2.3e-08   32.6   0.1     1    32   262   298   262   302 0.94 -
TCONS_00042585:570-3488  -            973 31480at6656          -            350  7.1e-132  438.8  13.6   2   3   2.4e-45   2.7e-43  147.4   0.1    29   137   314   444   311   448 0.89 -
TCONS_00042585:570-3488  -            973 31480at6656          -            350  7.1e-132  438.8  13.6   3   3     2e-80   2.3e-78  262.8   5.5   147   350   511   761   498   761 0.88 -
TCONS_00012894:83-3333   -            533 31480at6656          -            350   1.2e-28   99.3   2.1   1   5    0.0014      0.16   10.1   0.0     1    32   101   136   101   139 0.83 -
TCONS_00012894:83-3333   -            533 31480at6656          -            350   1.2e-28   99.3   2.1   2   5   1.7e-10     2e-08   32.8   0.0    26    74   149   200   147   214 0.85 -
TCONS_00012894:83-3333   -            533 31480at6656          -            350   1.2e-28   99.3   2.1   3   5     0.069         8    4.5   0.0     2    32   218   252   217   255 0.85 -
TCONS_00012894:83-3333   -            533 31480at6656          -            350   1.2e-28   99.3   2.1   4   5   5.3e-14   6.1e-12   44.3   0.0    25    98   264   343   263   377 0.78 -
TCONS_00012894:83-3333   -            533 31480at6656          -            350   1.2e-28   99.3   2.1   5   5      0.25        29    2.6   0.1   155   219   464   533   442   533 0.71 -
TCONS_00024295:233-1912  -            560 31480at6656          -            350   3.8e-26   91.0   3.3   1   4    0.0038      0.44    8.6   0.0     1    32   109   145   109   150 0.91 -
TCONS_00024295:233-1912  -            560 31480at6656          -            350   3.8e-26   91.0   3.3   2   4   1.4e-17   1.7e-15   56.1   0.0    27    94   160   233   157   263 0.87 -
TCONS_00024295:233-1912  -            560 31480at6656          -            350   3.8e-26   91.0   3.3   3   4     2e-05    0.0023   16.1   0.0   186   283   381   492   364   506 0.68 -
TCONS_00024295:233-1912  -            560 31480at6656          -            350   3.8e-26   91.0   3.3   4   4     0.011       1.3    7.1   0.1   276   312   510   546   493   555 0.80 -
TCONS_00017606:700-2325  -            542 31480at6656          -            350   3.2e-24   84.7   0.0   1   2   2.2e-16   2.5e-14   52.2   0.0    29    98   175   250   173   306 0.86 -
TCONS_00017606:700-2325  -            542 31480at6656          -            350   3.2e-24   84.7   0.0   2   2   1.5e-09   1.8e-07   29.7   0.0   155   307   363   542   349   542 0.69 -
TCONS_00018498:636-2261  -            542 31480at6656          -            350   3.2e-24   84.7   0.0   1   2   2.2e-16   2.5e-14   52.2   0.0    29    98   175   250   173   306 0.86 -
TCONS_00018498:636-2261  -            542 31480at6656          -            350   3.2e-24   84.7   0.0   2   2   1.5e-09   1.8e-07   29.7   0.0   155   307   363   542   349   542 0.69 -
TCONS_00025459:1023-1799 -            259 31480at6656          -            350   1.2e-19   69.6   0.4   1   2    0.0013      0.15   10.1   0.1     1    32    81   117    81   123 0.90 -
TCONS_00025459:1023-1799 -            259 31480at6656          -            350   1.2e-19   69.6   0.4   2   2     4e-18   4.6e-16   57.9   0.0    27    94   132   205   129   233 0.87 -
TCONS_00012527:753-2246  -            475 31480at6656          -            350   6.5e-18   64.0   0.1   1   2   0.00082     0.095   10.8   0.1     1    32    76   115    76   120 0.76 -
TCONS_00012527:753-2246  -            475 31480at6656          -            350   6.5e-18   64.0   0.1   2   2   7.2e-16   8.4e-14   50.5   0.0    29    92   131   200   126   213 0.86 -
TCONS_00003849:624-2042  -            473 31480at6656          -            350   1.5e-17   62.8   0.1   1   2     0.002      0.23    9.6   0.0     1    32    76   113    76   118 0.77 -
TCONS_00003849:624-2042  -            473 31480at6656          -            350   1.5e-17   62.8   0.1   2   2   7.2e-16   8.3e-14   50.5   0.0    29    92   129   198   124   211 0.86 -
TCONS_00003851:249-1667  -            473 31480at6656          -            350   1.5e-17   62.8   0.1   1   2     0.002      0.23    9.6   0.0     1    32    76   113    76   118 0.77 -
TCONS_00003851:249-1667  -            473 31480at6656          -            350   1.5e-17   62.8   0.1   2   2   7.2e-16   8.3e-14   50.5   0.0    29    92   129   198   124   211 0.86 -
TCONS_00003850:240-1739  -            500 31480at6656          -            350   1.9e-17   62.5   0.1   1   2    0.0021      0.25    9.5   0.0     1    32   102   139   102   144 0.77 -
TCONS_00003850:240-1739  -            500 31480at6656          -            350   1.9e-17   62.5   0.1   2   2   7.8e-16   9.1e-14   50.3   0.0    29    92   155   224   150   237 0.86 -
TCONS_00012064:513-2012  -            500 31480at6656          -            350   1.9e-17   62.5   0.1   1   2    0.0021      0.25    9.5   0.0     1    32   102   139   102   144 0.77 -
TCONS_00012064:513-2012  -            500 31480at6656          -            350   1.9e-17   62.5   0.1   2   2   7.8e-16   9.1e-14   50.3   0.0    29    92   155   224   150   237 0.86 -
TCONS_00012959:660-2159  -            500 31480at6656          -            350   1.9e-17   62.5   0.1   1   2    0.0021      0.25    9.5   0.0     1    32   102   139   102   144 0.77 -
TCONS_00012959:660-2159  -            500 31480at6656          -            350   1.9e-17   62.5   0.1   2   2   7.8e-16   9.1e-14   50.3   0.0    29    92   155   224   150   237 0.86 -
TCONS_00007637:489-1955  -            489 31480at6656          -            350   2.6e-17   62.0   0.0   1   3   0.00013     0.015   13.5   0.0     1    32    76   113    76   116 0.75 -
TCONS_00007637:489-1955  -            489 31480at6656          -            350   2.6e-17   62.0   0.0   2   3   6.2e-14   7.2e-12   44.1   0.0    29    93   129   199   124   215 0.88 -
TCONS_00007637:489-1955  -            489 31480at6656          -            350   2.6e-17   62.0   0.0   3   3       2.2   2.5e+02   -0.4   0.0   251   277   438   464   433   466 0.79 -
TCONS_00005670:342-1865  -            508 31480at6656          -            350   2.9e-17   61.8   0.0   1   3   0.00013     0.016   13.4   0.0     1    32    76   113    76   116 0.75 -
TCONS_00005670:342-1865  -            508 31480at6656          -            350   2.9e-17   61.8   0.0   2   3   6.6e-14   7.6e-12   44.0   0.0    29    93   129   199   124   215 0.88 -
TCONS_00005670:342-1865  -            508 31480at6656          -            350   2.9e-17   61.8   0.0   3   3       2.3   2.6e+02   -0.5   0.0   251   277   438   464   433   466 0.79 -
TCONS_00028688:628-2103  -            492 31480at6656          -            350   6.7e-17   60.6   0.3   1   3   0.00065     0.075   11.2   0.0     1    32    76   113    76   118 0.80 -
TCONS_00028688:628-2103  -            492 31480at6656          -            350   6.7e-17   60.6   0.3   2   3   1.1e-14   1.3e-12   46.5   0.0    30   109   129   216   125   234 0.77 -
TCONS_00028688:628-2103  -            492 31480at6656          -            350   6.7e-17   60.6   0.3   3   3       6.4   7.4e+02   -2.0   0.0   250   266   444   460   438   463 0.81 -
TCONS_00004787:2383-3975 -            531 31480at6656          -            350     2e-16   59.1   0.1   1   3    0.0014      0.16   10.1   0.0     1    32   103   138   103   141 0.83 -
TCONS_00004787:2383-3975 -            531 31480at6656          -            350     2e-16   59.1   0.1   2   3   1.6e-13   1.9e-11   42.7   0.0    26   115   151   255   149   265 0.76 -
TCONS_00004787:2383-3975 -            531 31480at6656          -            350     2e-16   59.1   0.1   3   3       0.3        34    2.4   0.0   188   223   389   424   364   430 0.77 -
TCONS_00009338:303-1634  -            444 31480at6656          -            350   2.4e-16   58.8   0.5   1   3     0.055       6.4    4.8   0.0     2    32    23    57    22    60 0.85 -
TCONS_00009338:303-1634  -            444 31480at6656          -            350   2.4e-16   58.8   0.5   2   3   3.9e-14   4.5e-12   44.8   0.0    25    98    69   148    68   182 0.78 -
TCONS_00009338:303-1634  -            444 31480at6656          -            350   2.4e-16   58.8   0.5   3   3     0.041       4.7    5.2   0.1   155   222   269   341   251   444 0.69 -
TCONS_00002089:182-1687  -            452 31480at6656          -            350   3.1e-16   58.5   0.0   1   2   3.3e-05    0.0038   15.4   0.1     1    32    60    97    60   100 0.88 -
TCONS_00002089:182-1687  -            452 31480at6656          -            350   3.1e-16   58.5   0.0   2   2   7.3e-13   8.4e-11   40.6   0.0    29    91   113   181   110   197 0.88 -
TCONS_00002088:180-1592  -            471 31480at6656          -            350   3.5e-16   58.3   0.0   1   2   3.5e-05     0.004   15.3   0.1     1    32    77   114    77   117 0.88 -
TCONS_00002088:180-1592  -            471 31480at6656          -            350   3.5e-16   58.3   0.0   2   2   7.8e-13     9e-11   40.5   0.0    29    91   130   198   127   214 0.88 -
TCONS_00003518:144-1394  -            417 31480at6656          -            350   8.9e-16   56.9   0.3   1   3       1.8   2.1e+02   -0.2   0.0     1    32   106   144   106   146 0.65 -
TCONS_00003518:144-1394  -            417 31480at6656          -            350   8.9e-16   56.9   0.3   2   3   7.3e-17   8.5e-15   53.7   0.1    27    91   158   228   155   248 0.91 -
TCONS_00003518:144-1394  -            417 31480at6656          -            350   8.9e-16   56.9   0.3   3   3         6     7e+02   -1.9   0.0   272   313   257   298   240   303 0.84 -
TCONS_00002091:592-1029  -            146 31480at6656          -            350   6.4e-15   54.1   0.0   1   2    0.0053      0.61    8.2   0.0     1    32    33    70    33    72 0.73 -
TCONS_00002091:592-1029  -            146 31480at6656          -            350   6.4e-15   54.1   0.0   2   2   6.1e-14     7e-12   44.1   0.0    29    83    86   146    82   146 0.88 -
TCONS_00012918:177-1532  -            452 31480at6656          -            350   7.4e-15   53.9   0.3   1   2     0.007      0.81    7.7   0.0     1    32    78   116    78   118 0.81 -
TCONS_00012918:177-1532  -            452 31480at6656          -            350   7.4e-15   53.9   0.3   2   2   5.9e-14   6.8e-12   44.2   0.0    29    91   132   200   129   223 0.90 -
TCONS_00012895:414-1751  -            446 31480at6656          -            350   1.1e-14   53.3   0.5   1   3     0.003      0.34    9.0   0.0     2    32    23    57    22    60 0.81 -
TCONS_00012895:414-1751  -            446 31480at6656          -            350   1.1e-14   53.3   0.5   2   3     3e-12   3.5e-10   38.6   0.0    28   115    72   171    68   183 0.79 -
TCONS_00012895:414-1751  -            446 31480at6656          -            350   1.1e-14   53.3   0.5   3   3      0.59        68    1.4   0.2   190   225   307   342   277   446 0.57 -
TCONS_00033398:228-1610  -            461 31480at6656          -            350   1.5e-14   52.9   0.1   1   2    0.0098       1.1    7.3   0.1     1    32    91   126    91   130 0.84 -
TCONS_00033398:228-1610  -            461 31480at6656          -            350   1.5e-14   52.9   0.1   2   2   1.2e-13   1.4e-11   43.1   0.0    27    99   140   219   136   239 0.87 -
TCONS_00038953:238-1680  -            481 31480at6656          -            350     2e-14   52.5   0.1   1   2      0.01       1.2    7.2   0.1     1    32    81   116    81   120 0.84 -
TCONS_00038953:238-1680  -            481 31480at6656          -            350     2e-14   52.5   0.1   2   2   1.3e-13   1.5e-11   43.0   0.0    27    99   130   209   126   229 0.87 -
TCONS_00002465:184-1728  -            515 31480at6656          -            350   3.4e-14   51.7   0.0   1   2     0.082       9.5    4.2   0.0     1    32    72   109    72   112 0.77 -
TCONS_00002465:184-1728  -            515 31480at6656          -            350   3.4e-14   51.7   0.0   2   2   3.2e-14   3.7e-12   45.0   0.0    29    90   125   192   120   207 0.88 -
TCONS_00008157:176-1783  -            503 31480at6656          -            350   4.3e-14   51.4   0.3   1   3    0.0038      0.44    8.6   0.0     1    32    93   130    93   133 0.75 -
TCONS_00008157:176-1783  -            503 31480at6656          -            350   4.3e-14   51.4   0.3   2   3   1.5e-12   1.8e-10   39.5   0.0    32    91   151   216   147   225 0.87 -
TCONS_00008157:176-1783  -            503 31480at6656          -            350   4.3e-14   51.4   0.3   3   3       3.8   4.4e+02   -1.2   0.0   224   266   434   475   372   479 0.81 -
TCONS_00006519:145-1710  -            522 31480at6656          -            350   4.7e-14   51.3   0.3   1   3     0.004      0.47    8.5   0.0     1    32   106   143   106   146 0.75 -
TCONS_00006519:145-1710  -            522 31480at6656          -            350   4.7e-14   51.3   0.3   2   3   1.6e-12   1.9e-10   39.5   0.0    32    91   164   229   160   238 0.87 -
TCONS_00006519:145-1710  -            522 31480at6656          -            350   4.7e-14   51.3   0.3   3   3         4   4.6e+02   -1.3   0.0   224   266   447   488   386   492 0.81 -
TCONS_00033136:290-1744  -            485 31480at6656          -            350   6.2e-14   50.9   0.1   1   2     0.012       1.4    7.0   0.0     1    32    76   111    76   114 0.87 -
TCONS_00033136:290-1744  -            485 31480at6656          -            350   6.2e-14   50.9   0.1   2   2   3.8e-13   4.4e-11   41.5   0.0    29    92   127   197   123   207 0.85 -
TCONS_00011307:300-1472  -            391 31480at6656          -            350   9.6e-14   50.3   0.2   1   2      0.13        15    3.6   0.0     1    32    99   136    99   140 0.75 -
TCONS_00011307:300-1472  -            391 31480at6656          -            350   9.6e-14   50.3   0.2   2   2   4.4e-14     5e-12   44.6   0.1    29    92   154   223   149   230 0.88 -
TCONS_00033141:117-1646  -            510 31480at6656          -            350   1.3e-13   49.9   0.1   1   2   3.1e-13   3.5e-11   41.8   0.1     1   102    88   218    88   228 0.68 -
TCONS_00033141:117-1646  -            510 31480at6656          -            350   1.3e-13   49.9   0.1   2   2       3.7   4.2e+02   -1.2   0.0   246   267   456   477   450   489 0.87 -
TCONS_00060162:741-2408  -            556 31480at6656          -            350   2.6e-13   48.8   0.1   1   2   4.6e-12   5.3e-10   38.0   0.0    29    97   176   250   174   300 0.90 -
TCONS_00060162:741-2408  -            556 31480at6656          -            350   2.6e-13   48.8   0.1   2   2    0.0099       1.1    7.3   0.0   169   271   380   497   363   556 0.64 -
TCONS_00060163:899-2566  -            556 31480at6656          -            350   2.6e-13   48.8   0.1   1   2   4.6e-12   5.3e-10   38.0   0.0    29    97   176   250   174   300 0.90 -
TCONS_00060163:899-2566  -            556 31480at6656          -            350   2.6e-13   48.8   0.1   2   2    0.0099       1.1    7.3   0.0   169   271   380   497   363   556 0.64 -
TCONS_00061226:2152-3819 -            556 31480at6656          -            350   2.6e-13   48.8   0.1   1   2   4.6e-12   5.3e-10   38.0   0.0    29    97   176   250   174   300 0.90 -
TCONS_00061226:2152-3819 -            556 31480at6656          -            350   2.6e-13   48.8   0.1   2   2    0.0099       1.1    7.3   0.0   169   271   380   497   363   556 0.64 -
TCONS_00061227:941-2608  -            556 31480at6656          -            350   2.6e-13   48.8   0.1   1   2   4.6e-12   5.3e-10   38.0   0.0    29    97   176   250   174   300 0.90 -
TCONS_00061227:941-2608  -            556 31480at6656          -            350   2.6e-13   48.8   0.1   2   2    0.0099       1.1    7.3   0.0   169   271   380   497   363   556 0.64 -
TCONS_00007636:478-1113  -            212 31480at6656          -            350   3.6e-13   48.4   0.0   1   1   6.7e-15   7.7e-13   47.3   0.0    29    90    29    96    24   113 0.88 -
TCONS_00004787:195-1571  -            459 31480at6656          -            350   9.4e-13   47.0   0.0   1   2     0.015       1.7    6.7   0.0     2    32    78   112    77   115 0.85 -
TCONS_00004787:195-1571  -            459 31480at6656          -            350   9.4e-13   47.0   0.0   2   2   5.1e-12   5.9e-10   37.8   0.0    28   116   127   227   123   238 0.80 -
TCONS_00012895:2492-3868 -            459 31480at6656          -            350   9.4e-13   47.0   0.0   1   2     0.015       1.7    6.7   0.0     2    32    78   112    77   115 0.85 -
TCONS_00012895:2492-3868 -            459 31480at6656          -            350   9.4e-13   47.0   0.0   2   2   5.1e-12   5.9e-10   37.8   0.0    28   116   127   227   123   238 0.80 -
TCONS_00002090:639-1229  -            197 31480at6656          -            350   1.1e-12   46.8   0.1   1   2       3.2   3.7e+02   -1.0   0.1    23    32     3    12     2    13 0.91 -
TCONS_00002090:639-1229  -            197 31480at6656          -            350   1.1e-12   46.8   0.1   2   2   3.2e-14   3.7e-12   45.1   0.0    30    88    29    93    25   131 0.85 -
TCONS_00012249:542-937   -            132 31480at6656          -            350   1.1e-12   46.7   0.0   1   2    0.0044      0.51    8.4   0.0     1    32    33    70    33    72 0.73 -
TCONS_00012249:542-937   -            132 31480at6656          -            350   1.1e-12   46.7   0.0   2   2   1.3e-11   1.5e-09   36.5   0.0    29    72    86   132    82   132 0.91 -
TCONS_00032414:231-1820  -            530 31480at6656          -            350   1.5e-12   46.3   0.0   1   3     0.025       2.9    5.9   0.0     1    32   115   150   115   153 0.87 -
TCONS_00032414:231-1820  -            530 31480at6656          -            350   1.5e-12   46.3   0.0   2   3   6.1e-11   7.1e-09   34.2   0.0    29    90   166   234   163   264 0.87 -
TCONS_00032414:231-1820  -            530 31480at6656          -            350   1.5e-12   46.3   0.0   3   3      0.35        40    2.2   0.0   242   268   481   507   478   529 0.84 -
TCONS_00034138:77-1666   -            530 31480at6656          -            350   1.5e-12   46.3   0.0   1   3     0.025       2.9    5.9   0.0     1    32   115   150   115   153 0.87 -
TCONS_00034138:77-1666   -            530 31480at6656          -            350   1.5e-12   46.3   0.0   2   3   6.1e-11   7.1e-09   34.2   0.0    29    90   166   234   163   264 0.87 -
TCONS_00034138:77-1666   -            530 31480at6656          -            350   1.5e-12   46.3   0.0   3   3      0.35        40    2.2   0.0   242   268   481   507   478   529 0.84 -
TCONS_00038114:191-1780  -            530 31480at6656          -            350   1.5e-12   46.3   0.0   1   3     0.025       2.9    5.9   0.0     1    32   115   150   115   153 0.87 -
TCONS_00038114:191-1780  -            530 31480at6656          -            350   1.5e-12   46.3   0.0   2   3   6.1e-11   7.1e-09   34.2   0.0    29    90   166   234   163   264 0.87 -
TCONS_00038114:191-1780  -            530 31480at6656          -            350   1.5e-12   46.3   0.0   3   3      0.35        40    2.2   0.0   242   268   481   507   478   529 0.84 -
TCONS_00039088:77-1666   -            530 31480at6656          -            350   1.5e-12   46.3   0.0   1   3     0.025       2.9    5.9   0.0     1    32   115   150   115   153 0.87 -
TCONS_00039088:77-1666   -            530 31480at6656          -            350   1.5e-12   46.3   0.0   2   3   6.1e-11   7.1e-09   34.2   0.0    29    90   166   234   163   264 0.87 -
TCONS_00039088:77-1666   -            530 31480at6656          -            350   1.5e-12   46.3   0.0   3   3      0.35        40    2.2   0.0   242   268   481   507   478   529 0.84 -
TCONS_00029867:407-1828  -            474 31480at6656          -            350   1.7e-12   46.1   0.0   1   3     0.022       2.5    6.1   0.0     1    32    76   111    76   114 0.87 -
TCONS_00029867:407-1828  -            474 31480at6656          -            350   1.7e-12   46.1   0.0   2   3   5.2e-11     6e-09   34.5   0.0    29    90   127   195   124   227 0.87 -
TCONS_00029867:407-1828  -            474 31480at6656          -            350   1.7e-12   46.1   0.0   3   3      0.51        59    1.6   0.0   242   267   442   467   439   471 0.90 -
TCONS_00025603:821-1555  -            245 31480at6656          -            350   3.6e-12   45.1   0.1   1   1   5.8e-14   6.7e-12   44.2   0.0    29    93    89   159    84   191 0.83 -
TCONS_00014736:249-1397  -            383 31480at6656          -            350   6.2e-12   44.3   0.3   1   2         1   1.2e+02    0.6   0.0     2    32    75   109    74   114 0.79 -
TCONS_00014736:249-1397  -            383 31480at6656          -            350   6.2e-12   44.3   0.3   2   2   3.5e-13   4.1e-11   41.6   0.1    29   119   125   227   122   235 0.78 -
TCONS_00019620:236-2044  -            603 31480at6656          -            350   1.1e-11   43.5   0.0   1   1   2.8e-13   3.3e-11   41.9   0.0    29    92   196   265   191   294 0.84 -
TCONS_00006679:254-1783  -            510 31480at6656          -            350   1.4e-11   43.2   0.0   1   3     0.073       8.4    4.4   0.0     1    32    82   120    82   123 0.77 -
TCONS_00006679:254-1783  -            510 31480at6656          -            350   1.4e-11   43.2   0.0   2   3   5.1e-11   5.9e-09   34.5   0.0    29    88   136   201   133   213 0.87 -
TCONS_00006679:254-1783  -            510 31480at6656          -            350   1.4e-11   43.2   0.0   3   3       2.1   2.4e+02   -0.4   0.0   258   324   287   358   281   376 0.75 -
TCONS_00011616:298-1827  -            510 31480at6656          -            350   1.4e-11   43.2   0.0   1   3     0.073       8.4    4.4   0.0     1    32    82   120    82   123 0.77 -
TCONS_00011616:298-1827  -            510 31480at6656          -            350   1.4e-11   43.2   0.0   2   3   5.1e-11   5.9e-09   34.5   0.0    29    88   136   201   133   213 0.87 -
TCONS_00011616:298-1827  -            510 31480at6656          -            350   1.4e-11   43.2   0.0   3   3       2.1   2.4e+02   -0.4   0.0   258   324   287   358   281   376 0.75 -
TCONS_00012063:206-1735  -            510 31480at6656          -            350   1.4e-11   43.2   0.0   1   3     0.073       8.4    4.4   0.0     1    32    82   120    82   123 0.77 -
TCONS_00012063:206-1735  -            510 31480at6656          -            350   1.4e-11   43.2   0.0   2   3   5.1e-11   5.9e-09   34.5   0.0    29    88   136   201   133   213 0.87 -
TCONS_00012063:206-1735  -            510 31480at6656          -            350   1.4e-11   43.2   0.0   3   3       2.1   2.4e+02   -0.4   0.0   258   324   287   358   281   376 0.75 -
TCONS_00013350:209-1738  -            510 31480at6656          -            350   1.4e-11   43.2   0.0   1   3     0.073       8.4    4.4   0.0     1    32    82   120    82   123 0.77 -
TCONS_00013350:209-1738  -            510 31480at6656          -            350   1.4e-11   43.2   0.0   2   3   5.1e-11   5.9e-09   34.5   0.0    29    88   136   201   133   213 0.87 -
TCONS_00013350:209-1738  -            510 31480at6656          -            350   1.4e-11   43.2   0.0   3   3       2.1   2.4e+02   -0.4   0.0   258   324   287   358   281   376 0.75 -
TCONS_00009371:169-789   -            207 31480at6656          -            350   1.5e-11   43.1   0.1   1   2       9.4   1.1e+03   -2.5   0.1    23    32     3    12     3    13 0.89 -
TCONS_00009371:169-789   -            207 31480at6656          -            350   1.5e-11   43.1   0.1   2   2   3.2e-13   3.7e-11   41.8   0.0    32    91    33    98    28   108 0.87 -
TCONS_00011616:3183-3800 -            206 31480at6656          -            350   1.9e-11   42.7   0.1   1   1   3.1e-13   3.6e-11   41.8   0.0    29    91    26    94    19   111 0.87 -
TCONS_00011617:3176-3793 -            206 31480at6656          -            350   1.9e-11   42.7   0.1   1   1   3.1e-13   3.6e-11   41.8   0.0    29    91    26    94    19   111 0.87 -
TCONS_00012526:3335-3952 -            206 31480at6656          -            350   1.9e-11   42.7   0.1   1   1   3.1e-13   3.6e-11   41.8   0.0    29    91    26    94    19   111 0.87 -
TCONS_00013350:3064-3681 -            206 31480at6656          -            350   1.9e-11   42.7   0.1   1   1   3.1e-13   3.6e-11   41.8   0.0    29    91    26    94    19   111 0.87 -
TCONS_00011617:150-1841  -            564 31480at6656          -            350     2e-11   42.6   0.0   1   3     0.083       9.6    4.2   0.0     1    32   129   167   129   170 0.77 -
TCONS_00011617:150-1841  -            564 31480at6656          -            350     2e-11   42.6   0.0   2   3   5.8e-11   6.8e-09   34.3   0.0    29    88   183   248   180   260 0.87 -
TCONS_00011617:150-1841  -            564 31480at6656          -            350     2e-11   42.6   0.0   3   3       2.6     3e+02   -0.7   0.0   258   324   334   405   329   422 0.75 -
TCONS_00012526:339-2030  -            564 31480at6656          -            350     2e-11   42.6   0.0   1   3     0.083       9.6    4.2   0.0     1    32   129   167   129   170 0.77 -
TCONS_00012526:339-2030  -            564 31480at6656          -            350     2e-11   42.6   0.0   2   3   5.8e-11   6.8e-09   34.3   0.0    29    88   183   248   180   260 0.87 -
TCONS_00012526:339-2030  -            564 31480at6656          -            350     2e-11   42.6   0.0   3   3       2.6     3e+02   -0.7   0.0   258   324   334   405   329   422 0.75 -
TCONS_00038817:382-1834  -            452 31480at6656          -            350   5.2e-11   41.3   0.1   1   2     0.018       2.1    6.4   0.2     2    32    41    67    40    73 0.88 -
TCONS_00038817:382-1834  -            452 31480at6656          -            350   5.2e-11   41.3   0.1   2   2   2.4e-10   2.8e-08   32.3   0.0    28   100    82   160    75   170 0.87 -
TCONS_00032644:361-1719  -            453 31480at6656          -            350   1.1e-10   40.2   0.3   1   2    0.0014      0.17   10.0   0.0     1    32    78   115    78   120 0.78 -
TCONS_00032644:361-1719  -            453 31480at6656          -            350   1.1e-10   40.2   0.3   2   2   5.1e-09   5.9e-07   27.9   0.0    28    91   130   199   126   205 0.90 -
TCONS_00030142:337-1722  -            462 31480at6656          -            350   1.4e-10   39.9   0.0   1   2     0.042       4.9    5.2   0.1     2    32    41    77    40    84 0.71 -
TCONS_00030142:337-1722  -            462 31480at6656          -            350   1.4e-10   39.9   0.0   2   2   2.4e-10   2.8e-08   32.3   0.0    28   100    92   170    84   180 0.87 -
TCONS_00001418:189-1755  -            482 31480at6656          -            350   1.7e-10   39.6   0.0   1   2     0.045       5.2    5.1   0.1     2    32    65   101    64   108 0.71 -
TCONS_00001418:189-1755  -            482 31480at6656          -            350   1.7e-10   39.6   0.0   2   2   2.5e-10   2.9e-08   32.2   0.0    28   101   116   195   108   204 0.87 -
TCONS_00001433:224-1669  -            482 31480at6656          -            350   1.7e-10   39.6   0.0   1   2     0.045       5.2    5.1   0.1     2    32    78   114    77   121 0.71 -
TCONS_00001433:224-1669  -            482 31480at6656          -            350   1.7e-10   39.6   0.0   2   2   2.5e-10   2.9e-08   32.2   0.0    28   101   129   208   121   217 0.87 -
TCONS_00031834:166-1698  -            511 31480at6656          -            350   1.8e-10   39.5   0.0   1   2     0.048       5.6    5.0   0.1     2    32    90   126    89   133 0.71 -
TCONS_00031834:166-1698  -            511 31480at6656          -            350   1.8e-10   39.5   0.0   2   2   2.9e-10   3.3e-08   32.1   0.0    28   100   141   219   133   229 0.87 -
TCONS_00014151:210-1886  -            559 31480at6656          -            350   2.7e-10   38.9   0.4   1   2      0.11        13    3.8   0.0     1    32   125   162   125   166 0.72 -
TCONS_00014151:210-1886  -            559 31480at6656          -            350   2.7e-10   38.9   0.4   2   2   2.2e-10   2.5e-08   32.4   0.2    29    94   178   249   175   271 0.88 -
TCONS_00029310:603-1049  -            149 31480at6656          -            350   3.9e-10   38.4   0.1   1   2       4.4   5.1e+02   -1.5   0.0     1    15    36    50    36    73 0.80 -
TCONS_00029310:603-1049  -            149 31480at6656          -            350   3.9e-10   38.4   0.1   2   2   7.8e-12     9e-10   37.2   0.0    29    83    89   149    84   149 0.89 -
TCONS_00004820:580-2142  -            521 31480at6656          -            350     5e-10   38.0   0.1   1   2       1.7     2e+02   -0.1   0.0     1    17    81    97    81   119 0.67 -
TCONS_00004820:580-2142  -            521 31480at6656          -            350     5e-10   38.0   0.1   2   2   2.5e-11   2.9e-09   35.5   0.0    29    91   135   203   131   220 0.89 -
TCONS_00009962:679-2241  -            521 31480at6656          -            350     5e-10   38.0   0.1   1   2       1.7     2e+02   -0.1   0.0     1    17    81    97    81   119 0.67 -
TCONS_00009962:679-2241  -            521 31480at6656          -            350     5e-10   38.0   0.1   2   2   2.5e-11   2.9e-09   35.5   0.0    29    91   135   203   131   220 0.89 -
TCONS_00009963:719-2281  -            521 31480at6656          -            350     5e-10   38.0   0.1   1   2       1.7     2e+02   -0.1   0.0     1    17    81    97    81   119 0.67 -
TCONS_00009963:719-2281  -            521 31480at6656          -            350     5e-10   38.0   0.1   2   2   2.5e-11   2.9e-09   35.5   0.0    29    91   135   203   131   220 0.89 -
TCONS_00008079:135-1568  -            478 31480at6656          -            350   2.2e-09   35.9   0.0   1   2       1.1   1.3e+02    0.5   0.0     1    32    87   124    87   126 0.68 -
TCONS_00008079:135-1568  -            478 31480at6656          -            350   2.2e-09   35.9   0.0   2   2   1.5e-10   1.8e-08   32.9   0.0    29    91   140   208   136   220 0.88 -
TCONS_00003846:160-1773  -            538 31480at6656          -            350   2.3e-08   32.6   0.5   1   3         1   1.2e+02    0.6   0.1     1    32    80   117    80   120 0.66 -
TCONS_00003846:160-1773  -            538 31480at6656          -            350   2.3e-08   32.6   0.5   2   3     4e-09   4.6e-07   28.3   0.0    29    91   133   201   130   222 0.78 -
TCONS_00003846:160-1773  -            538 31480at6656          -            350   2.3e-08   32.6   0.5   3   3       2.9   3.4e+02   -0.9   0.0   250   265   443   458   438   462 0.86 -
TCONS_00004901:206-1819  -            538 31480at6656          -            350   2.3e-08   32.6   0.5   1   3         1   1.2e+02    0.6   0.1     1    32    80   117    80   120 0.66 -
TCONS_00004901:206-1819  -            538 31480at6656          -            350   2.3e-08   32.6   0.5   2   3     4e-09   4.6e-07   28.3   0.0    29    91   133   201   130   222 0.78 -
TCONS_00004901:206-1819  -            538 31480at6656          -            350   2.3e-08   32.6   0.5   3   3       2.9   3.4e+02   -0.9   0.0   250   265   443   458   438   462 0.86 -
TCONS_00009060:203-1888  -            538 31480at6656          -            350   2.3e-08   32.6   0.5   1   3         1   1.2e+02    0.6   0.1     1    32    80   117    80   120 0.66 -
TCONS_00009060:203-1888  -            538 31480at6656          -            350   2.3e-08   32.6   0.5   2   3     4e-09   4.6e-07   28.3   0.0    29    91   133   201   130   222 0.78 -
TCONS_00009060:203-1888  -            538 31480at6656          -            350   2.3e-08   32.6   0.5   3   3       2.9   3.4e+02   -0.9   0.0   250   265   443   458   438   462 0.86 -
TCONS_00012958:1102-2787 -            538 31480at6656          -            350   2.3e-08   32.6   0.5   1   3         1   1.2e+02    0.6   0.1     1    32    80   117    80   120 0.66 -
TCONS_00012958:1102-2787 -            538 31480at6656          -            350   2.3e-08   32.6   0.5   2   3     4e-09   4.6e-07   28.3   0.0    29    91   133   201   130   222 0.78 -
TCONS_00012958:1102-2787 -            538 31480at6656          -            350   2.3e-08   32.6   0.5   3   3       2.9   3.4e+02   -0.9   0.0   250   265   443   458   438   462 0.86 -
TCONS_00034609:1408-2745 -            446 31480at6656          -            350   7.7e-08   30.8   0.0   1   2     0.017       1.9    6.5   0.0     1    32    71   106    71   110 0.84 -
TCONS_00034609:1408-2745 -            446 31480at6656          -            350   7.7e-08   30.8   0.0   2   2     3e-07   3.5e-05   22.1   0.0    29    92   122   192   118   210 0.85 -
TCONS_00036157:370-1707  -            446 31480at6656          -            350   7.7e-08   30.8   0.0   1   2     0.017       1.9    6.5   0.0     1    32    71   106    71   110 0.84 -
TCONS_00036157:370-1707  -            446 31480at6656          -            350   7.7e-08   30.8   0.0   2   2     3e-07   3.5e-05   22.1   0.0    29    92   122   192   118   210 0.85 -
TCONS_00001435:326-733   -            136 31480at6656          -            350   8.1e-08   30.8   0.2   1   1   2.3e-07   2.6e-05   22.5   0.2    28    72    79   126    27   132 0.70 -
TCONS_00030621:244-1806  -            521 31480at6656          -            350   8.3e-07   27.5   0.1   1   1   1.5e-08   1.7e-06   26.4   0.0    29    92   139   209   136   244 0.77 -
TCONS_00031955:293-1855  -            521 31480at6656          -            350   8.3e-07   27.5   0.1   1   1   1.5e-08   1.7e-06   26.4   0.0    29    92   139   209   136   244 0.77 -
TCONS_00037516:482-2044  -            521 31480at6656          -            350   8.3e-07   27.5   0.1   1   1   1.5e-08   1.7e-06   26.4   0.0    29    92   139   209   136   244 0.77 -
TCONS_00037882:568-2130  -            521 31480at6656          -            350   8.3e-07   27.5   0.1   1   1   1.5e-08   1.7e-06   26.4   0.0    29    92   139   209   136   244 0.77 -
TCONS_00009939:871-1284  -            138 31480at6656          -            350   1.1e-05   23.8   0.0   1   1   1.2e-07   1.4e-05   23.4   0.0    28    73    85   133    82   137 0.87 -
#
# Program:         hmmsearch
# Version:         3.1b2 (February 2015)
# Pipeline mode:   SEARCH
# Query file:      /hpcdata/bcbb/homc/Barillaslab/Agam_hemo_transcriptomes/scripts/busco/busco_downloads/lineages/arthropoda_odb10/hmms/31480at6656.hmm
# Target file:     /hpcdata/bcbb/homc/Barillaslab/Agam_hemo_transcriptomes/scripts/busco/refguided_Agamhemo_BUSCO/run_arthropoda_odb10/metaeuk_output/initial_results/all_transcripts.comprehensive.v6.gffread.fa.modified.fas
# Option settings: hmmsearch --domtblout /hpcdata/bcbb/homc/Barillaslab/Agam_hemo_transcriptomes/scripts/busco/refguided_Agamhemo_BUSCO/run_arthropoda_odb10/hmmer_output/initial_run_results/31480at6656.out --cpu 1 /hpcdata/bcbb/homc/Barillaslab/Agam_hemo_transcriptomes/scripts/busco/busco_downloads/lineages/arthropoda_odb10/hmms/31480at6656.hmm /hpcdata/bcbb/homc/Barillaslab/Agam_hemo_transcriptomes/scripts/busco/refguided_Agamhemo_BUSCO/run_arthropoda_odb10/metaeuk_output/initial_results/all_transcripts.comprehensive.v6.gffread.fa.modified.fas 
# Current dir:     /hpcdata/bcbb/homc/Barillaslab/Agam_hemo_transcriptomes/scripts/busco
# Date:            Thu Feb  9 16:52:46 2023
# [ok]
