#                                                                               --- full sequence --- -------------- this domain -------------   hmm coord   ali coord   env coord
# target name           accession   tlen query name           accession   qlen   E-value  score  bias   #  of  c-Evalue  i-Evalue  score  bias  from    to  from    to  from    to  acc description of target
#   ------------------- ---------- ----- -------------------- ---------- ----- --------- ------ ----- --- --- --------- --------- ------ ----- ----- ----- ----- ----- ----- ----- ---- ---------------------
TCONS_00045139:136-3408 -            898 38140at6656          -            587    3e-275  913.4  31.9   1   4   3.4e-48   1.1e-44  152.1   5.2     1   138    27   193    27   213 0.85 -
TCONS_00045139:136-3408 -            898 38140at6656          -            587    3e-275  913.4  31.9   2   4   9.2e-24   2.9e-20   71.4   2.3   134   225   216   322   194   332 0.74 -
TCONS_00045139:136-3408 -            898 38140at6656          -            587    3e-275  913.4  31.9   3   4  2.5e-208  8.1e-205  680.9   2.6   219   566   406   774   402   780 0.96 -
TCONS_00045139:136-3408 -            898 38140at6656          -            587    3e-275  913.4  31.9   4   4   2.4e-08   7.6e-05   20.5   0.7   562   587   863   891   858   891 0.90 -
TCONS_00043487:191-2890 -            900 38140at6656          -            587  3.1e-275  913.4  31.9   1   4   3.4e-48   1.1e-44  152.1   5.2     1   138    29   195    29   215 0.85 -
TCONS_00043487:191-2890 -            900 38140at6656          -            587  3.1e-275  913.4  31.9   2   4   9.3e-24     3e-20   71.4   2.3   134   225   218   324   196   334 0.74 -
TCONS_00043487:191-2890 -            900 38140at6656          -            587  3.1e-275  913.4  31.9   3   4  2.5e-208  8.1e-205  680.8   2.6   219   566   408   776   404   782 0.96 -
TCONS_00043487:191-2890 -            900 38140at6656          -            587  3.1e-275  913.4  31.9   4   4   2.4e-08   7.6e-05   20.5   0.7   562   587   865   893   860   893 0.90 -
TCONS_00047710:137-2866 -            910 38140at6656          -            587  6.4e-275  912.3  30.9   1   4   3.5e-48   1.1e-44  152.1   5.2     1   138    29   195    29   215 0.85 -
TCONS_00047710:137-2866 -            910 38140at6656          -            587  6.4e-275  912.3  30.9   2   4   2.2e-23     7e-20   70.2   1.7   134   213   218   312   194   338 0.77 -
TCONS_00047710:137-2866 -            910 38140at6656          -            587  6.4e-275  912.3  30.9   3   4  2.6e-208  8.3e-205  680.8   2.6   219   566   418   786   414   792 0.96 -
TCONS_00047710:137-2866 -            910 38140at6656          -            587  6.4e-275  912.3  30.9   4   4   2.4e-08   7.7e-05   20.5   0.7   562   587   875   903   870   903 0.90 -
#
# Program:         hmmsearch
# Version:         3.1b2 (February 2015)
# Pipeline mode:   SEARCH
# Query file:      /hpcdata/bcbb/homc/Barillaslab/Agam_hemo_transcriptomes/scripts/busco/busco_downloads/lineages/arthropoda_odb10/hmms/38140at6656.hmm
# Target file:     /hpcdata/bcbb/homc/Barillaslab/Agam_hemo_transcriptomes/scripts/busco/refguided_Agamhemo_BUSCO/run_arthropoda_odb10/metaeuk_output/initial_results/all_transcripts.comprehensive.v6.gffread.fa.modified.fas
# Option settings: hmmsearch --domtblout /hpcdata/bcbb/homc/Barillaslab/Agam_hemo_transcriptomes/scripts/busco/refguided_Agamhemo_BUSCO/run_arthropoda_odb10/hmmer_output/initial_run_results/38140at6656.out --cpu 1 /hpcdata/bcbb/homc/Barillaslab/Agam_hemo_transcriptomes/scripts/busco/busco_downloads/lineages/arthropoda_odb10/hmms/38140at6656.hmm /hpcdata/bcbb/homc/Barillaslab/Agam_hemo_transcriptomes/scripts/busco/refguided_Agamhemo_BUSCO/run_arthropoda_odb10/metaeuk_output/initial_results/all_transcripts.comprehensive.v6.gffread.fa.modified.fas 
# Current dir:     /hpcdata/bcbb/homc/Barillaslab/Agam_hemo_transcriptomes/scripts/busco
# Date:            Thu Feb  9 16:52:59 2023
# [ok]
