#                                                                                --- full sequence --- -------------- this domain -------------   hmm coord   ali coord   env coord
# target name            accession   tlen query name           accession   qlen   E-value  score  bias   #  of  c-Evalue  i-Evalue  score  bias  from    to  from    to  from    to  acc description of target
#    ------------------- ---------- ----- -------------------- ---------- ----- --------- ------ ----- --- --- --------- --------- ------ ----- ----- ----- ----- ----- ----- ----- ---- ---------------------
TCONS_00013841:311-1888  -            526 38819at6656          -            450    2e-240  797.2   0.0   1   1  2.5e-242  2.8e-240  796.8   0.0     1   448    40   524    40   526 0.94 -
TCONS_00018412:1-3621    -            525 38819at6656          -            450  2.5e-219  727.7   0.3   1   2     2e-12   2.3e-10   39.0   0.0    26    67     1    42     1    49 0.94 -
TCONS_00018412:1-3621    -            525 38819at6656          -            450  2.5e-219  727.7   0.3   2   2    6e-209  6.8e-207  686.7   0.2    64   448   102   523    92   525 0.93 -
TCONS_00027540:103-1637  -            485 38819at6656          -            450  3.7e-207  687.6   0.3   1   1  5.1e-209  5.7e-207  687.0   0.3    64   448    62   483    52   485 0.93 -
TCONS_00031141:1078-1908 -            277 38819at6656          -            450   2.6e-24   84.9   0.0   1   2   6.9e-19   7.7e-17   60.3   0.0   129   268    13   160     1   182 0.91 -
TCONS_00031141:1078-1908 -            277 38819at6656          -            450   2.6e-24   84.9   0.0   2   2   1.5e-07   1.7e-05   22.9   0.0   309   364   216   275   194   276 0.88 -
TCONS_00033386:460-1290  -            277 38819at6656          -            450   2.6e-24   84.9   0.0   1   2   6.9e-19   7.7e-17   60.3   0.0   129   268    13   160     1   182 0.91 -
TCONS_00033386:460-1290  -            277 38819at6656          -            450   2.6e-24   84.9   0.0   2   2   1.5e-07   1.7e-05   22.9   0.0   309   364   216   275   194   276 0.88 -
TCONS_00033586:515-667   -             51 38819at6656          -            450   3.1e-08   31.9   0.0   1   1   3.1e-10   3.5e-08   31.8   0.0    42    84     7    49     2    50 0.90 -
TCONS_00033587:515-667   -             51 38819at6656          -            450   3.1e-08   31.9   0.0   1   1   3.1e-10   3.5e-08   31.8   0.0    42    84     7    49     2    50 0.90 -
TCONS_00036325:664-816   -             51 38819at6656          -            450   3.1e-08   31.9   0.0   1   1   3.1e-10   3.5e-08   31.8   0.0    42    84     7    49     2    50 0.90 -
TCONS_00038004:575-727   -             51 38819at6656          -            450   3.1e-08   31.9   0.0   1   1   3.1e-10   3.5e-08   31.8   0.0    42    84     7    49     2    50 0.90 -
TCONS_00038005:607-759   -             51 38819at6656          -            450   3.1e-08   31.9   0.0   1   1   3.1e-10   3.5e-08   31.8   0.0    42    84     7    49     2    50 0.90 -
TCONS_00038685:577-729   -             51 38819at6656          -            450   3.1e-08   31.9   0.0   1   1   3.1e-10   3.5e-08   31.8   0.0    42    84     7    49     2    50 0.90 -
TCONS_00062761:3019-3255 -             79 38819at6656          -            450   5.3e-08   31.2   0.0   1   1   5.7e-10   6.4e-08   30.9   0.0    42    93    22    73    17    78 0.94 -
TCONS_00058339:2723-2971 -             83 38819at6656          -            450   6.8e-08   30.8   0.0   1   1   6.1e-10   6.8e-08   30.8   0.0    42    92    32    82     1    83 0.90 -
TCONS_00059979:2980-3228 -             83 38819at6656          -            450   6.8e-08   30.8   0.0   1   1   6.1e-10   6.8e-08   30.8   0.0    42    92    32    82     1    83 0.90 -
TCONS_00059980:2958-3206 -             83 38819at6656          -            450   6.8e-08   30.8   0.0   1   1   6.1e-10   6.8e-08   30.8   0.0    42    92    32    82     1    83 0.90 -
TCONS_00059981:2706-2954 -             83 38819at6656          -            450   6.8e-08   30.8   0.0   1   1   6.1e-10   6.8e-08   30.8   0.0    42    92    32    82     1    83 0.90 -
TCONS_00059982:3952-4200 -             83 38819at6656          -            450   6.8e-08   30.8   0.0   1   1   6.1e-10   6.8e-08   30.8   0.0    42    92    32    82     1    83 0.90 -
TCONS_00061101:2722-2970 -             83 38819at6656          -            450   6.8e-08   30.8   0.0   1   1   6.1e-10   6.8e-08   30.8   0.0    42    92    32    82     1    83 0.90 -
TCONS_00061102:2997-3245 -             83 38819at6656          -            450   6.8e-08   30.8   0.0   1   1   6.1e-10   6.8e-08   30.8   0.0    42    92    32    82     1    83 0.90 -
TCONS_00062762:2797-3045 -             83 38819at6656          -            450   6.8e-08   30.8   0.0   1   1   6.1e-10   6.8e-08   30.8   0.0    42    92    32    82     1    83 0.90 -
TCONS_00062763:2729-2977 -             83 38819at6656          -            450   6.8e-08   30.8   0.0   1   1   6.1e-10   6.8e-08   30.8   0.0    42    92    32    82     1    83 0.90 -
TCONS_00063518:3942-4190 -             83 38819at6656          -            450   6.8e-08   30.8   0.0   1   1   6.1e-10   6.8e-08   30.8   0.0    42    92    32    82     1    83 0.90 -
TCONS_00063974:4164-4412 -             83 38819at6656          -            450   6.8e-08   30.8   0.0   1   1   6.1e-10   6.8e-08   30.8   0.0    42    92    32    82     1    83 0.90 -
TCONS_00063975:682-930   -             83 38819at6656          -            450   6.8e-08   30.8   0.0   1   1   6.1e-10   6.8e-08   30.8   0.0    42    92    32    82     1    83 0.90 -
TCONS_00064372:2685-2933 -             83 38819at6656          -            450   6.8e-08   30.8   0.0   1   1   6.1e-10   6.8e-08   30.8   0.0    42    92    32    82     1    83 0.90 -
TCONS_00064374:2978-3226 -             83 38819at6656          -            450   6.8e-08   30.8   0.0   1   1   6.1e-10   6.8e-08   30.8   0.0    42    92    32    82     1    83 0.90 -
TCONS_00058339:4028-4633 -            202 38819at6656          -            450   3.7e-07   28.4   0.0   1   2     3e-05    0.0034   15.3   0.0    42    93    61   113    24   115 0.70 -
TCONS_00058339:4028-4633 -            202 38819at6656          -            450   3.7e-07   28.4   0.0   2   2   0.00041     0.046   11.6   0.0    42    81   160   200   122   202 0.81 -
TCONS_00059979:4285-4890 -            202 38819at6656          -            450   3.7e-07   28.4   0.0   1   2     3e-05    0.0034   15.3   0.0    42    93    61   113    24   115 0.70 -
TCONS_00059979:4285-4890 -            202 38819at6656          -            450   3.7e-07   28.4   0.0   2   2   0.00041     0.046   11.6   0.0    42    81   160   200   122   202 0.81 -
TCONS_00059980:4263-4868 -            202 38819at6656          -            450   3.7e-07   28.4   0.0   1   2     3e-05    0.0034   15.3   0.0    42    93    61   113    24   115 0.70 -
TCONS_00059980:4263-4868 -            202 38819at6656          -            450   3.7e-07   28.4   0.0   2   2   0.00041     0.046   11.6   0.0    42    81   160   200   122   202 0.81 -
TCONS_00059982:5257-5862 -            202 38819at6656          -            450   3.7e-07   28.4   0.0   1   2     3e-05    0.0034   15.3   0.0    42    93    61   113    24   115 0.70 -
TCONS_00059982:5257-5862 -            202 38819at6656          -            450   3.7e-07   28.4   0.0   2   2   0.00041     0.046   11.6   0.0    42    81   160   200   122   202 0.81 -
TCONS_00061101:4027-4632 -            202 38819at6656          -            450   3.7e-07   28.4   0.0   1   2     3e-05    0.0034   15.3   0.0    42    93    61   113    24   115 0.70 -
TCONS_00061101:4027-4632 -            202 38819at6656          -            450   3.7e-07   28.4   0.0   2   2   0.00041     0.046   11.6   0.0    42    81   160   200   122   202 0.81 -
TCONS_00062762:4102-4707 -            202 38819at6656          -            450   3.7e-07   28.4   0.0   1   2     3e-05    0.0034   15.3   0.0    42    93    61   113    24   115 0.70 -
TCONS_00062762:4102-4707 -            202 38819at6656          -            450   3.7e-07   28.4   0.0   2   2   0.00041     0.046   11.6   0.0    42    81   160   200   122   202 0.81 -
TCONS_00063975:1987-2592 -            202 38819at6656          -            450   3.7e-07   28.4   0.0   1   2     3e-05    0.0034   15.3   0.0    42    93    61   113    24   115 0.70 -
TCONS_00063975:1987-2592 -            202 38819at6656          -            450   3.7e-07   28.4   0.0   2   2   0.00041     0.046   11.6   0.0    42    81   160   200   122   202 0.81 -
TCONS_00064372:3990-4595 -            202 38819at6656          -            450   3.7e-07   28.4   0.0   1   2     3e-05    0.0034   15.3   0.0    42    93    61   113    24   115 0.70 -
TCONS_00064372:3990-4595 -            202 38819at6656          -            450   3.7e-07   28.4   0.0   2   2   0.00041     0.046   11.6   0.0    42    81   160   200   122   202 0.81 -
TCONS_00059985:1169-1510 -            114 38819at6656          -            450   7.7e-06   24.0   0.1   1   1   6.9e-08   7.7e-06   24.0   0.1    42    94    55   108    17   113 0.83 -
TCONS_00062765:1048-1389 -            114 38819at6656          -            450   7.7e-06   24.0   0.1   1   1   6.9e-08   7.7e-06   24.0   0.1    42    94    55   108    17   113 0.83 -
TCONS_00062766:1048-1389 -            114 38819at6656          -            450   7.7e-06   24.0   0.1   1   1   6.9e-08   7.7e-06   24.0   0.1    42    94    55   108    17   113 0.83 -
TCONS_00060580:282-806   -            175 38819at6656          -            450   0.00039   18.4   0.0   1   1   4.2e-06   0.00046   18.2   0.0     9    94    28   107    21   124 0.68 -
TCONS_00061501:287-811   -            175 38819at6656          -            450   0.00039   18.4   0.0   1   1   4.2e-06   0.00046   18.2   0.0     9    94    28   107    21   124 0.68 -
TCONS_00063862:286-810   -            175 38819at6656          -            450   0.00039   18.4   0.0   1   1   4.2e-06   0.00046   18.2   0.0     9    94    28   107    21   124 0.68 -
TCONS_00059082:943-1488  -            182 38819at6656          -            450   0.00043   18.3   0.0   1   1   4.6e-06   0.00051   18.0   0.0     9    94    35   114    28   131 0.68 -
TCONS_00059083:746-1291  -            182 38819at6656          -            450   0.00043   18.3   0.0   1   1   4.6e-06   0.00051   18.0   0.0     9    94    35   114    28   131 0.68 -
TCONS_00059084:860-1405  -            182 38819at6656          -            450   0.00043   18.3   0.0   1   1   4.6e-06   0.00051   18.0   0.0     9    94    35   114    28   131 0.68 -
TCONS_00059797:860-1405  -            182 38819at6656          -            450   0.00043   18.3   0.0   1   1   4.6e-06   0.00051   18.0   0.0     9    94    35   114    28   131 0.68 -
TCONS_00060579:944-1489  -            182 38819at6656          -            450   0.00043   18.3   0.0   1   1   4.6e-06   0.00051   18.0   0.0     9    94    35   114    28   131 0.68 -
TCONS_00060581:860-1405  -            182 38819at6656          -            450   0.00043   18.3   0.0   1   1   4.6e-06   0.00051   18.0   0.0     9    94    35   114    28   131 0.68 -
TCONS_00061500:925-1470  -            182 38819at6656          -            450   0.00043   18.3   0.0   1   1   4.6e-06   0.00051   18.0   0.0     9    94    35   114    28   131 0.68 -
TCONS_00061502:1109-1654 -            182 38819at6656          -            450   0.00043   18.3   0.0   1   1   4.6e-06   0.00051   18.0   0.0     9    94    35   114    28   131 0.68 -
TCONS_00062976:860-1405  -            182 38819at6656          -            450   0.00043   18.3   0.0   1   1   4.6e-06   0.00051   18.0   0.0     9    94    35   114    28   131 0.68 -
TCONS_00063626:921-1466  -            182 38819at6656          -            450   0.00043   18.3   0.0   1   1   4.6e-06   0.00051   18.0   0.0     9    94    35   114    28   131 0.68 -
TCONS_00063861:745-1290  -            182 38819at6656          -            450   0.00043   18.3   0.0   1   1   4.6e-06   0.00051   18.0   0.0     9    94    35   114    28   131 0.68 -
TCONS_00064074:943-1488  -            182 38819at6656          -            450   0.00043   18.3   0.0   1   1   4.6e-06   0.00051   18.0   0.0     9    94    35   114    28   131 0.68 -
TCONS_00064075:943-1488  -            182 38819at6656          -            450   0.00043   18.3   0.0   1   1   4.6e-06   0.00051   18.0   0.0     9    94    35   114    28   131 0.68 -
TCONS_00064272:944-1489  -            182 38819at6656          -            450   0.00043   18.3   0.0   1   1   4.6e-06   0.00051   18.0   0.0     9    94    35   114    28   131 0.68 -
TCONS_00064273:746-1291  -            182 38819at6656          -            450   0.00043   18.3   0.0   1   1   4.6e-06   0.00051   18.0   0.0     9    94    35   114    28   131 0.68 -
TCONS_00064477:728-1273  -            182 38819at6656          -            450   0.00043   18.3   0.0   1   1   4.6e-06   0.00051   18.0   0.0     9    94    35   114    28   131 0.68 -
TCONS_00064478:741-1286  -            182 38819at6656          -            450   0.00043   18.3   0.0   1   1   4.6e-06   0.00051   18.0   0.0     9    94    35   114    28   131 0.68 -
TCONS_00016766:1182-1682 -            167 38819at6656          -            450   0.00083   17.3   0.1   1   1   9.1e-06     0.001   17.0   0.1   146   225    72   160    47   165 0.75 -
TCONS_00025870:1190-1854 -            167 38819at6656          -            450   0.00083   17.3   0.1   1   1   9.1e-06     0.001   17.0   0.1   146   225    72   160    47   165 0.75 -
TCONS_00029446:1182-1682 -            167 38819at6656          -            450   0.00083   17.3   0.1   1   1   9.1e-06     0.001   17.0   0.1   146   225    72   160    47   165 0.75 -
TCONS_00020640:763-975   -             71 38819at6656          -            450    0.0019   16.2   0.0   1   1   1.7e-05    0.0019   16.2   0.0    41    83    15    57     3    66 0.89 -
TCONS_00020641:1283-1495 -             71 38819at6656          -            450    0.0019   16.2   0.0   1   1   1.7e-05    0.0019   16.2   0.0    41    83    15    57     3    66 0.89 -
TCONS_00002602:768-1658  -            297 38819at6656          -            450    0.0025   15.7   1.4   1   2      0.11        13    3.5   0.1    42    93    93   145    80   151 0.86 -
TCONS_00002602:768-1658  -            297 38819at6656          -            450    0.0025   15.7   1.4   2   2   0.00047     0.053   11.4   0.2     5    86   223   296   219   297 0.79 -
TCONS_00005763:874-1764  -            297 38819at6656          -            450    0.0025   15.7   1.4   1   2      0.11        13    3.5   0.1    42    93    93   145    80   151 0.86 -
TCONS_00005763:874-1764  -            297 38819at6656          -            450    0.0025   15.7   1.4   2   2   0.00047     0.053   11.4   0.2     5    86   223   296   219   297 0.79 -
TCONS_00059800:2271-2987 -            239 38819at6656          -            450    0.0087   14.0   0.0   1   2     0.028       3.1    5.6   0.0    41   107    29    96     1    99 0.75 -
TCONS_00059800:2271-2987 -            239 38819at6656          -            450    0.0087   14.0   0.0   2   2     0.012       1.3    6.8   0.0    32    79   185   233   161   239 0.74 -
TCONS_00060597:2261-2977 -            239 38819at6656          -            450    0.0087   14.0   0.0   1   2     0.028       3.1    5.6   0.0    41   107    29    96     1    99 0.75 -
TCONS_00060597:2261-2977 -            239 38819at6656          -            450    0.0087   14.0   0.0   2   2     0.012       1.3    6.8   0.0    32    79   185   233   161   239 0.74 -
TCONS_00061512:2081-2797 -            239 38819at6656          -            450    0.0087   14.0   0.0   1   2     0.028       3.1    5.6   0.0    41   107    29    96     1    99 0.75 -
TCONS_00061512:2081-2797 -            239 38819at6656          -            450    0.0087   14.0   0.0   2   2     0.012       1.3    6.8   0.0    32    79   185   233   161   239 0.74 -
TCONS_00061513:2014-2730 -            239 38819at6656          -            450    0.0087   14.0   0.0   1   2     0.028       3.1    5.6   0.0    41   107    29    96     1    99 0.75 -
TCONS_00061513:2014-2730 -            239 38819at6656          -            450    0.0087   14.0   0.0   2   2     0.012       1.3    6.8   0.0    32    79   185   233   161   239 0.74 -
TCONS_00063397:3711-4427 -            239 38819at6656          -            450    0.0087   14.0   0.0   1   2     0.028       3.1    5.6   0.0    41   107    29    96     1    99 0.75 -
TCONS_00063397:3711-4427 -            239 38819at6656          -            450    0.0087   14.0   0.0   2   2     0.012       1.3    6.8   0.0    32    79   185   233   161   239 0.74 -
TCONS_00063398:1922-2638 -            239 38819at6656          -            450    0.0087   14.0   0.0   1   2     0.028       3.1    5.6   0.0    41   107    29    96     1    99 0.75 -
TCONS_00063398:1922-2638 -            239 38819at6656          -            450    0.0087   14.0   0.0   2   2     0.012       1.3    6.8   0.0    32    79   185   233   161   239 0.74 -
TCONS_00063631:3504-4220 -            239 38819at6656          -            450    0.0087   14.0   0.0   1   2     0.028       3.1    5.6   0.0    41   107    29    96     1    99 0.75 -
TCONS_00063631:3504-4220 -            239 38819at6656          -            450    0.0087   14.0   0.0   2   2     0.012       1.3    6.8   0.0    32    79   185   233   161   239 0.74 -
TCONS_00059981:4395-4595 -             67 38819at6656          -            450    0.0091   13.9   0.0   1   1   8.1e-05    0.0091   13.9   0.0    43    81    25    65     7    67 0.78 -
TCONS_00059985:965-1165  -             67 38819at6656          -            450    0.0091   13.9   0.0   1   1   8.1e-05    0.0091   13.9   0.0    43    81    25    65     7    67 0.78 -
TCONS_00061102:4686-4886 -             67 38819at6656          -            450    0.0091   13.9   0.0   1   1   8.1e-05    0.0091   13.9   0.0    43    81    25    65     7    67 0.78 -
TCONS_00062763:4418-4618 -             67 38819at6656          -            450    0.0091   13.9   0.0   1   1   8.1e-05    0.0091   13.9   0.0    43    81    25    65     7    67 0.78 -
TCONS_00062765:844-1044  -             67 38819at6656          -            450    0.0091   13.9   0.0   1   1   8.1e-05    0.0091   13.9   0.0    43    81    25    65     7    67 0.78 -
TCONS_00062766:844-1044  -             67 38819at6656          -            450    0.0091   13.9   0.0   1   1   8.1e-05    0.0091   13.9   0.0    43    81    25    65     7    67 0.78 -
TCONS_00063518:5631-5831 -             67 38819at6656          -            450    0.0091   13.9   0.0   1   1   8.1e-05    0.0091   13.9   0.0    43    81    25    65     7    67 0.78 -
TCONS_00063974:5853-6053 -             67 38819at6656          -            450    0.0091   13.9   0.0   1   1   8.1e-05    0.0091   13.9   0.0    43    81    25    65     7    67 0.78 -
TCONS_00064374:4667-4867 -             67 38819at6656          -            450    0.0091   13.9   0.0   1   1   8.1e-05    0.0091   13.9   0.0    43    81    25    65     7    67 0.78 -
TCONS_00039251:3825-4037 -             71 38819at6656          -            450    0.0097   13.8   0.0   1   1   8.9e-05      0.01   13.8   0.0    41    84    17    60     4    69 0.79 -
TCONS_00032885:1907-2230 -            108 38819at6656          -            450     0.015   13.2   0.0   1   1   0.00014     0.016   13.1   0.0    42    93    27    79     2    86 0.81 -
TCONS_00020640:1150-1326 -             59 38819at6656          -            450     0.068   11.0   0.0   1   1   0.00061     0.068   11.0   0.0    43    92    10    58     3    59 0.88 -
TCONS_00020641:1670-1846 -             59 38819at6656          -            450     0.068   11.0   0.0   1   1   0.00061     0.068   11.0   0.0    43    92    10    58     3    59 0.88 -
TCONS_00060330:858-6074  -           1739 38819at6656          -            450      0.12   10.2   0.3   1   3      0.19        22    2.8   0.0    42    85   437   480   431   492 0.83 -
TCONS_00060330:858-6074  -           1739 38819at6656          -            450      0.12   10.2   0.3   2   3      0.26        29    2.4   0.0    43   100   611   669   581   683 0.78 -
TCONS_00060330:858-6074  -           1739 38819at6656          -            450      0.12   10.2   0.3   3   3      0.84        94    0.7   0.0    11    80   828   902   820   913 0.69 -
TCONS_00063338:404-5989  -           1862 38819at6656          -            450      0.15    9.9   0.2   1   3      0.21        23    2.7   0.0    42    85   560   603   554   615 0.83 -
TCONS_00063338:404-5989  -           1862 38819at6656          -            450      0.15    9.9   0.2   2   3      0.28        32    2.2   0.0    43   100   734   792   704   805 0.78 -
TCONS_00063338:404-5989  -           1862 38819at6656          -            450      0.15    9.9   0.2   3   3      0.91     1e+02    0.6   0.0    11    80   951  1025   943  1036 0.69 -
#
# Program:         hmmsearch
# Version:         3.1b2 (February 2015)
# Pipeline mode:   SEARCH
# Query file:      /hpcdata/bcbb/homc/Barillaslab/Agam_hemo_transcriptomes/scripts/busco/busco_downloads/lineages/arthropoda_odb10/hmms/38819at6656.hmm
# Target file:     /hpcdata/bcbb/homc/Barillaslab/Agam_hemo_transcriptomes/scripts/busco/refguided_Agamhemo_BUSCO/run_arthropoda_odb10/metaeuk_output/initial_results/all_transcripts.comprehensive.v6.gffread.fa.modified.fas
# Option settings: hmmsearch --domtblout /hpcdata/bcbb/homc/Barillaslab/Agam_hemo_transcriptomes/scripts/busco/refguided_Agamhemo_BUSCO/run_arthropoda_odb10/hmmer_output/initial_run_results/38819at6656.out --cpu 1 /hpcdata/bcbb/homc/Barillaslab/Agam_hemo_transcriptomes/scripts/busco/busco_downloads/lineages/arthropoda_odb10/hmms/38819at6656.hmm /hpcdata/bcbb/homc/Barillaslab/Agam_hemo_transcriptomes/scripts/busco/refguided_Agamhemo_BUSCO/run_arthropoda_odb10/metaeuk_output/initial_results/all_transcripts.comprehensive.v6.gffread.fa.modified.fas 
# Current dir:     /hpcdata/bcbb/homc/Barillaslab/Agam_hemo_transcriptomes/scripts/busco
# Date:            Thu Feb  9 16:53:00 2023
# [ok]
