#                                                                                --- full sequence --- -------------- this domain -------------   hmm coord   ali coord   env coord
# target name            accession   tlen query name           accession   qlen   E-value  score  bias   #  of  c-Evalue  i-Evalue  score  bias  from    to  from    to  from    to  acc description of target
#    ------------------- ---------- ----- -------------------- ---------- ----- --------- ------ ----- --- --- --------- --------- ------ ----- ----- ----- ----- ----- ----- ----- ---- ---------------------
TCONS_00003278:50-2635   -            862 39506at6656          -            545  7.7e-183  607.9  16.8   1   5   2.8e-24     1e-22   79.4   0.4     6    83    16    97    12   104 0.91 -
TCONS_00003278:50-2635   -            862 39506at6656          -            545  7.7e-183  607.9  16.8   2   5      0.33        12    3.2   0.4    69    98   112   142    97   148 0.67 -
TCONS_00003278:50-2635   -            862 39506at6656          -            545  7.7e-183  607.9  16.8   3   5   6.4e-10   2.4e-08   31.9   0.3    79   152   183   258   156   279 0.75 -
TCONS_00003278:50-2635   -            862 39506at6656          -            545  7.7e-183  607.9  16.8   4   5   2.5e-97   9.3e-96  320.5   0.0   148   383   295   565   277   569 0.87 -
TCONS_00003278:50-2635   -            862 39506at6656          -            545  7.7e-183  607.9  16.8   5   5   8.1e-54   3.1e-52  176.8   0.1   379   545   597   809   591   809 0.83 -
TCONS_00008966:169-2718  -            850 39506at6656          -            545  7.9e-183  607.8  16.8   1   5   2.9e-24   1.1e-22   79.3   0.5     7    84     5    86     2    97 0.90 -
TCONS_00008966:169-2718  -            850 39506at6656          -            545  7.9e-183  607.8  16.8   2   5      0.35        13    3.1   0.5    70    98   101   130    86   136 0.67 -
TCONS_00008966:169-2718  -            850 39506at6656          -            545  7.9e-183  607.8  16.8   3   5   6.3e-10   2.4e-08   32.0   0.3    79   152   171   246   144   267 0.75 -
TCONS_00008966:169-2718  -            850 39506at6656          -            545  7.9e-183  607.8  16.8   4   5   2.4e-97   9.1e-96  320.5   0.0   148   383   283   553   265   557 0.87 -
TCONS_00008966:169-2718  -            850 39506at6656          -            545  7.9e-183  607.8  16.8   5   5   7.9e-54     3e-52  176.9   0.1   379   545   585   797   579   797 0.83 -
TCONS_00030919:768-1796  -            343 39506at6656          -            545   4.2e-24   84.0   3.9   1   4     0.054         2    5.8   0.0   389   432     1    45     1    46 0.87 -
TCONS_00030919:768-1796  -            343 39506at6656          -            545   4.2e-24   84.0   3.9   2   4   1.3e-17   4.8e-16   57.4   0.1   345   517    43   240    39   243 0.78 -
TCONS_00030919:768-1796  -            343 39506at6656          -            545   4.2e-24   84.0   3.9   3   4   1.3e-07   4.8e-06   24.3   0.3   160   235   181   259   156   273 0.60 -
TCONS_00030919:768-1796  -            343 39506at6656          -            545   4.2e-24   84.0   3.9   4   4   2.9e-05    0.0011   16.6   0.0   158   216   282   342   242   343 0.60 -
TCONS_00033202:821-1849  -            343 39506at6656          -            545   4.2e-24   84.0   3.9   1   4     0.054         2    5.8   0.0   389   432     1    45     1    46 0.87 -
TCONS_00033202:821-1849  -            343 39506at6656          -            545   4.2e-24   84.0   3.9   2   4   1.3e-17   4.8e-16   57.4   0.1   345   517    43   240    39   243 0.78 -
TCONS_00033202:821-1849  -            343 39506at6656          -            545   4.2e-24   84.0   3.9   3   4   1.3e-07   4.8e-06   24.3   0.3   160   235   181   259   156   273 0.60 -
TCONS_00033202:821-1849  -            343 39506at6656          -            545   4.2e-24   84.0   3.9   4   4   2.9e-05    0.0011   16.6   0.0   158   216   282   342   242   343 0.60 -
TCONS_00038611:1053-2081 -            343 39506at6656          -            545   4.2e-24   84.0   3.9   1   4     0.054         2    5.8   0.0   389   432     1    45     1    46 0.87 -
TCONS_00038611:1053-2081 -            343 39506at6656          -            545   4.2e-24   84.0   3.9   2   4   1.3e-17   4.8e-16   57.4   0.1   345   517    43   240    39   243 0.78 -
TCONS_00038611:1053-2081 -            343 39506at6656          -            545   4.2e-24   84.0   3.9   3   4   1.3e-07   4.8e-06   24.3   0.3   160   235   181   259   156   273 0.60 -
TCONS_00038611:1053-2081 -            343 39506at6656          -            545   4.2e-24   84.0   3.9   4   4   2.9e-05    0.0011   16.6   0.0   158   216   282   342   242   343 0.60 -
TCONS_00044983:1085-2100 -            315 39506at6656          -            545     1e-16   59.6   0.0   1   3   8.3e-07   3.1e-05   21.7   0.0   458   517     4    68     1    83 0.80 -
TCONS_00044983:1085-2100 -            315 39506at6656          -            545     1e-16   59.6   0.0   2   3   0.00055     0.021   12.4   0.0   158   223    91   155    73   161 0.89 -
TCONS_00044983:1085-2100 -            315 39506at6656          -            545     1e-16   59.6   0.0   3   3   5.6e-07   2.1e-05   22.2   0.0   150   228   222   306   210   315 0.82 -
TCONS_00014223:1711-2712 -            334 39506at6656          -            545   1.7e-16   58.9   0.0   1   2   1.1e-10   4.1e-09   34.5   0.0   385   520     4   164     2   166 0.77 -
TCONS_00014223:1711-2712 -            334 39506at6656          -            545   1.7e-16   58.9   0.0   2   2   6.3e-07   2.4e-05   22.1   0.0   157   228   243   320   234   329 0.86 -
TCONS_00018703:889-1890  -            334 39506at6656          -            545   1.7e-16   58.9   0.0   1   2   1.1e-10   4.1e-09   34.5   0.0   385   520     4   164     2   166 0.77 -
TCONS_00018703:889-1890  -            334 39506at6656          -            545   1.7e-16   58.9   0.0   2   2   6.3e-07   2.4e-05   22.1   0.0   157   228   243   320   234   329 0.86 -
TCONS_00018704:1387-2388 -            334 39506at6656          -            545   1.7e-16   58.9   0.0   1   2   1.1e-10   4.1e-09   34.5   0.0   385   520     4   164     2   166 0.77 -
TCONS_00018704:1387-2388 -            334 39506at6656          -            545   1.7e-16   58.9   0.0   2   2   6.3e-07   2.4e-05   22.1   0.0   157   228   243   320   234   329 0.86 -
TCONS_00021360:1101-2102 -            334 39506at6656          -            545   1.7e-16   58.9   0.0   1   2   1.1e-10   4.1e-09   34.5   0.0   385   520     4   164     2   166 0.77 -
TCONS_00021360:1101-2102 -            334 39506at6656          -            545   1.7e-16   58.9   0.0   2   2   6.3e-07   2.4e-05   22.1   0.0   157   228   243   320   234   329 0.86 -
TCONS_00024086:1325-2326 -            334 39506at6656          -            545   1.7e-16   58.9   0.0   1   2   1.1e-10   4.1e-09   34.5   0.0   385   520     4   164     2   166 0.77 -
TCONS_00024086:1325-2326 -            334 39506at6656          -            545   1.7e-16   58.9   0.0   2   2   6.3e-07   2.4e-05   22.1   0.0   157   228   243   320   234   329 0.86 -
TCONS_00025243:432-1433  -            334 39506at6656          -            545   1.7e-16   58.9   0.0   1   2   1.1e-10   4.1e-09   34.5   0.0   385   520     4   164     2   166 0.77 -
TCONS_00025243:432-1433  -            334 39506at6656          -            545   1.7e-16   58.9   0.0   2   2   6.3e-07   2.4e-05   22.1   0.0   157   228   243   320   234   329 0.86 -
TCONS_00025244:1275-2276 -            334 39506at6656          -            545   1.7e-16   58.9   0.0   1   2   1.1e-10   4.1e-09   34.5   0.0   385   520     4   164     2   166 0.77 -
TCONS_00025244:1275-2276 -            334 39506at6656          -            545   1.7e-16   58.9   0.0   2   2   6.3e-07   2.4e-05   22.1   0.0   157   228   243   320   234   329 0.86 -
TCONS_00027068:904-1905  -            334 39506at6656          -            545   1.7e-16   58.9   0.0   1   2   1.1e-10   4.1e-09   34.5   0.0   385   520     4   164     2   166 0.77 -
TCONS_00027068:904-1905  -            334 39506at6656          -            545   1.7e-16   58.9   0.0   2   2   6.3e-07   2.4e-05   22.1   0.0   157   228   243   320   234   329 0.86 -
TCONS_00028113:1329-2330 -            334 39506at6656          -            545   1.7e-16   58.9   0.0   1   2   1.1e-10   4.1e-09   34.5   0.0   385   520     4   164     2   166 0.77 -
TCONS_00028113:1329-2330 -            334 39506at6656          -            545   1.7e-16   58.9   0.0   2   2   6.3e-07   2.4e-05   22.1   0.0   157   228   243   320   234   329 0.86 -
TCONS_00021358:1378-2355 -            326 39506at6656          -            545   2.1e-16   58.6   0.0   1   2   8.4e-11   3.2e-09   34.8   0.0   385   520     7   167     2   169 0.77 -
TCONS_00021358:1378-2355 -            326 39506at6656          -            545   2.1e-16   58.6   0.0   2   2     1e-06   3.9e-05   21.3   0.0   157   227   246   322   234   324 0.85 -
TCONS_00023080:1436-2413 -            326 39506at6656          -            545   2.1e-16   58.6   0.0   1   2   8.4e-11   3.2e-09   34.8   0.0   385   520     7   167     2   169 0.77 -
TCONS_00023080:1436-2413 -            326 39506at6656          -            545   2.1e-16   58.6   0.0   2   2     1e-06   3.9e-05   21.3   0.0   157   227   246   322   234   324 0.85 -
TCONS_00031328:54-1988   -            645 39506at6656          -            545     6e-16   57.1   4.7   1   3   1.8e-11   6.6e-10   37.1   0.1   159   241    29   115     8   133 0.86 -
TCONS_00031328:54-1988   -            645 39506at6656          -            545     6e-16   57.1   4.7   2   3   2.1e-06   7.9e-05   20.3   0.3   143   235   201   299   193   388 0.66 -
TCONS_00031328:54-1988   -            645 39506at6656          -            545     6e-16   57.1   4.7   3   3       5.3     2e+02   -0.8   0.0   495   525   414   444   409   508 0.78 -
TCONS_00043282:1321-2298 -            326 39506at6656          -            545   1.2e-14   52.7   0.0   1   4   1.1e-06     4e-05   21.3   0.0   459   517     4    67     1    83 0.80 -
TCONS_00043282:1321-2298 -            326 39506at6656          -            545   1.2e-14   52.7   0.0   2   4      0.17       6.5    4.1   0.0   159   199    91   131    79   140 0.86 -
TCONS_00043282:1321-2298 -            326 39506at6656          -            545   1.2e-14   52.7   0.0   3   4       2.1        78    0.6   0.0   495   517   145   167   141   171 0.84 -
TCONS_00043282:1321-2298 -            326 39506at6656          -            545   1.2e-14   52.7   0.0   4   4   1.1e-06   4.1e-05   21.3   0.0   148   227   237   322   217   324 0.84 -
TCONS_00042115:997-1977  -            327 39506at6656          -            545   1.4e-14   52.6   0.0   1   4   1.1e-06     4e-05   21.3   0.0   459   517     4    67     1    83 0.80 -
TCONS_00042115:997-1977  -            327 39506at6656          -            545   1.4e-14   52.6   0.0   2   4      0.17       6.6    4.1   0.0   159   199    91   131    79   140 0.86 -
TCONS_00042115:997-1977  -            327 39506at6656          -            545   1.4e-14   52.6   0.0   3   4       2.1        78    0.6   0.0   495   517   145   167   141   171 0.84 -
TCONS_00042115:997-1977  -            327 39506at6656          -            545   1.4e-14   52.6   0.0   4   4   1.2e-06   4.6e-05   21.1   0.0   151   227   241   323   228   325 0.83 -
TCONS_00044982:1319-2299 -            327 39506at6656          -            545   1.4e-14   52.6   0.0   1   4   1.1e-06     4e-05   21.3   0.0   459   517     4    67     1    83 0.80 -
TCONS_00044982:1319-2299 -            327 39506at6656          -            545   1.4e-14   52.6   0.0   2   4      0.17       6.6    4.1   0.0   159   199    91   131    79   140 0.86 -
TCONS_00044982:1319-2299 -            327 39506at6656          -            545   1.4e-14   52.6   0.0   3   4       2.1        78    0.6   0.0   495   517   145   167   141   171 0.84 -
TCONS_00044982:1319-2299 -            327 39506at6656          -            545   1.4e-14   52.6   0.0   4   4   1.2e-06   4.6e-05   21.1   0.0   151   227   241   323   228   325 0.83 -
TCONS_00048780:1237-2217 -            327 39506at6656          -            545   1.4e-14   52.6   0.0   1   4   1.1e-06     4e-05   21.3   0.0   459   517     4    67     1    83 0.80 -
TCONS_00048780:1237-2217 -            327 39506at6656          -            545   1.4e-14   52.6   0.0   2   4      0.17       6.6    4.1   0.0   159   199    91   131    79   140 0.86 -
TCONS_00048780:1237-2217 -            327 39506at6656          -            545   1.4e-14   52.6   0.0   3   4       2.1        78    0.6   0.0   495   517   145   167   141   171 0.84 -
TCONS_00048780:1237-2217 -            327 39506at6656          -            545   1.4e-14   52.6   0.0   4   4   1.2e-06   4.6e-05   21.1   0.0   151   227   241   323   228   325 0.83 -
TCONS_00035365:1546-2571 -            342 39506at6656          -            545   1.5e-14   52.4   0.0   1   2   1.9e-09   7.1e-08   30.4   0.0   147   228    83   168    49   179 0.83 -
TCONS_00035365:1546-2571 -            342 39506at6656          -            545   1.5e-14   52.4   0.0   2   2   3.7e-06   0.00014   19.5   0.0   461   516   193   253   180   257 0.80 -
TCONS_00030705:120-2048  -            643 39506at6656          -            545   2.1e-14   51.9   0.0   1   3     5e-09   1.9e-07   29.0   0.0   148   228   149   233   119   260 0.84 -
TCONS_00030705:120-2048  -            643 39506at6656          -            545   2.1e-14   51.9   0.0   2   3   8.8e-06   0.00033   18.3   0.0   461   516   258   318   243   322 0.80 -
TCONS_00030705:120-2048  -            643 39506at6656          -            545   2.1e-14   51.9   0.0   3   3       2.5        96    0.3   0.0   198   226   598   626   556   633 0.79 -
TCONS_00031969:130-2914  -            643 39506at6656          -            545   2.1e-14   51.9   0.0   1   3     5e-09   1.9e-07   29.0   0.0   148   228   149   233   119   260 0.84 -
TCONS_00031969:130-2914  -            643 39506at6656          -            545   2.1e-14   51.9   0.0   2   3   8.8e-06   0.00033   18.3   0.0   461   516   258   318   243   322 0.80 -
TCONS_00031969:130-2914  -            643 39506at6656          -            545   2.1e-14   51.9   0.0   3   3       2.5        96    0.3   0.0   198   226   598   626   556   633 0.79 -
TCONS_00030704:120-2692  -            643 39506at6656          -            545   2.2e-14   51.9   0.0   1   3     5e-09   1.9e-07   29.0   0.0   148   228   149   233   119   260 0.84 -
TCONS_00030704:120-2692  -            643 39506at6656          -            545   2.2e-14   51.9   0.0   2   3   8.8e-06   0.00033   18.3   0.0   461   516   258   318   243   322 0.80 -
TCONS_00030704:120-2692  -            643 39506at6656          -            545   2.2e-14   51.9   0.0   3   3       2.5        96    0.3   0.0   198   226   598   626   556   633 0.79 -
TCONS_00033045:120-4818  -            457 39506at6656          -            545     4e-14   51.0   0.0   1   2   2.5e-09   9.4e-08   30.0   0.0   147   228   148   233   116   262 0.82 -
TCONS_00033045:120-4818  -            457 39506at6656          -            545     4e-14   51.0   0.0   2   2   5.5e-06   0.00021   19.0   0.0   461   516   258   318   243   322 0.80 -
TCONS_00023141:1653-2987 -            445 39506at6656          -            545   5.7e-14   50.5   4.0   1   4    0.0082      0.31    8.5   0.1   161   228     2    68     1    73 0.90 -
TCONS_00023141:1653-2987 -            445 39506at6656          -            545   5.7e-14   50.5   4.0   2   4   7.9e-05     0.003   15.1   0.1   158   227   158   237    79   245 0.84 -
TCONS_00023141:1653-2987 -            445 39506at6656          -            545   5.7e-14   50.5   4.0   3   4   5.6e-08   2.1e-06   25.5   0.1   342   422   206   286   199   329 0.90 -
TCONS_00023141:1653-2987 -            445 39506at6656          -            545   5.7e-14   50.5   4.0   4   4    0.0027       0.1   10.1   0.0   161   224   371   443   363   445 0.63 -
TCONS_00035654:120-4443  -            514 39506at6656          -            545   5.8e-14   50.5   0.0   1   2     3e-09   1.1e-07   29.7   0.0   147   228   148   233   116   262 0.82 -
TCONS_00035654:120-4443  -            514 39506at6656          -            545   5.8e-14   50.5   0.0   2   2   6.9e-06   0.00026   18.6   0.0   461   516   258   318   246   322 0.80 -
TCONS_00002443:8517-8870 -            118 39506at6656          -            545   1.1e-13   49.6   0.0   1   2   2.5e-07   9.5e-06   23.4   0.0   389   432     1    45     1    60 0.89 -
TCONS_00002443:8517-8870 -            118 39506at6656          -            545   1.1e-13   49.6   0.0   2   2   1.6e-08     6e-07   27.3   0.0   128   196    40   116    38   118 0.74 -
TCONS_00003823:514-867   -            118 39506at6656          -            545   1.1e-13   49.6   0.0   1   2   2.5e-07   9.5e-06   23.4   0.0   389   432     1    45     1    60 0.89 -
TCONS_00003823:514-867   -            118 39506at6656          -            545   1.1e-13   49.6   0.0   2   2   1.6e-08     6e-07   27.3   0.0   128   196    40   116    38   118 0.74 -
TCONS_00059155:701-1054  -            118 39506at6656          -            545   1.1e-13   49.5   0.1   1   2   3.3e-07   1.3e-05   23.0   0.0   389   432     1    45     1    63 0.89 -
TCONS_00059155:701-1054  -            118 39506at6656          -            545   1.1e-13   49.5   0.1   2   2   6.2e-09   2.3e-07   28.7   0.1   127   196    39   116    37   118 0.75 -
TCONS_00059156:837-1190  -            118 39506at6656          -            545   1.1e-13   49.5   0.1   1   2   3.3e-07   1.3e-05   23.0   0.0   389   432     1    45     1    63 0.89 -
TCONS_00059156:837-1190  -            118 39506at6656          -            545   1.1e-13   49.5   0.1   2   2   6.2e-09   2.3e-07   28.7   0.1   127   196    39   116    37   118 0.75 -
TCONS_00059813:701-1054  -            118 39506at6656          -            545   1.1e-13   49.5   0.1   1   2   3.3e-07   1.3e-05   23.0   0.0   389   432     1    45     1    63 0.89 -
TCONS_00059813:701-1054  -            118 39506at6656          -            545   1.1e-13   49.5   0.1   2   2   6.2e-09   2.3e-07   28.7   0.1   127   196    39   116    37   118 0.75 -
TCONS_00064289:3884-4237 -            118 39506at6656          -            545   1.1e-13   49.5   0.1   1   2   3.3e-07   1.3e-05   23.0   0.0   389   432     1    45     1    63 0.89 -
TCONS_00064289:3884-4237 -            118 39506at6656          -            545   1.1e-13   49.5   0.1   2   2   6.2e-09   2.3e-07   28.7   0.1   127   196    39   116    37   118 0.75 -
TCONS_00014594:341-1666  -            442 39506at6656          -            545   1.2e-13   49.4   3.9   1   4     0.019      0.71    7.3   0.1   164   228     2    65     1    78 0.90 -
TCONS_00014594:341-1666  -            442 39506at6656          -            545   1.2e-13   49.4   3.9   2   4   4.6e-05    0.0017   15.9   0.0   158   236   155   246   137   248 0.79 -
TCONS_00014594:341-1666  -            442 39506at6656          -            545   1.2e-13   49.4   3.9   3   4   9.1e-05    0.0034   14.9   0.1   381   422   242   283   236   326 0.89 -
TCONS_00014594:341-1666  -            442 39506at6656          -            545   1.2e-13   49.4   3.9   4   4    0.0027       0.1   10.1   0.0   161   224   368   440   360   442 0.63 -
TCONS_00020597:2005-2601 -            199 39506at6656          -            545   4.8e-13   47.5   0.0   1   2   8.1e-07   3.1e-05   21.7   0.0   459   532     2    79     1    83 0.79 -
TCONS_00020597:2005-2601 -            199 39506at6656          -            545   4.8e-13   47.5   0.0   2   2   1.8e-07   6.9e-06   23.8   0.0   155   251    86   185    81   190 0.85 -
TCONS_00027974:2005-2640 -            212 39506at6656          -            545     6e-13   47.1   0.0   1   2   2.1e-06   7.9e-05   20.3   0.0   459   532     2    80     1    84 0.80 -
TCONS_00027974:2005-2640 -            212 39506at6656          -            545     6e-13   47.1   0.0   2   2   7.7e-08   2.9e-06   25.1   0.0   155   257    87   192    80   210 0.86 -
TCONS_00022585:1985-2554 -            190 39506at6656          -            545   1.1e-12   46.3   0.0   1   2   1.7e-06   6.3e-05   20.7   0.0   459   532     2    80     1    84 0.80 -
TCONS_00022585:1985-2554 -            190 39506at6656          -            545   1.1e-12   46.3   0.0   2   2   1.6e-07   6.1e-06   24.0   0.0   154   251    86   186    72   189 0.85 -
TCONS_00028510:325-894   -            190 39506at6656          -            545   1.1e-12   46.3   0.0   1   2   1.7e-06   6.3e-05   20.7   0.0   459   532     2    80     1    84 0.80 -
TCONS_00028510:325-894   -            190 39506at6656          -            545   1.1e-12   46.3   0.0   2   2   1.6e-07   6.1e-06   24.0   0.0   154   251    86   186    72   189 0.85 -
TCONS_00020596:325-924   -            200 39506at6656          -            545   1.1e-12   46.3   0.0   1   2   1.6e-06     6e-05   20.7   0.0   459   532     2    80     1    89 0.81 -
TCONS_00020596:325-924   -            200 39506at6656          -            545   1.1e-12   46.3   0.0   2   2   1.8e-07   6.9e-06   23.8   0.0   156   251    88   186    83   192 0.85 -
TCONS_00014070:34-594    -            187 39506at6656          -            545   1.6e-11   42.5   0.0   1   1   8.6e-13   3.2e-11   41.4   0.0   384   525     3   163     2   174 0.79 -
TCONS_00019905:1026-1457 -            144 39506at6656          -            545   1.7e-11   42.3   0.2   1   1   6.3e-13   2.4e-11   41.9   0.2   389   506     2   140     1   143 0.70 -
TCONS_00019906:1046-1477 -            144 39506at6656          -            545   1.7e-11   42.3   0.2   1   1   6.3e-13   2.4e-11   41.9   0.2   389   506     2   140     1   143 0.70 -
TCONS_00019907:1531-1962 -            144 39506at6656          -            545   1.7e-11   42.3   0.2   1   1   6.3e-13   2.4e-11   41.9   0.2   389   506     2   140     1   143 0.70 -
TCONS_00019908:1005-1436 -            144 39506at6656          -            545   1.7e-11   42.3   0.2   1   1   6.3e-13   2.4e-11   41.9   0.2   389   506     2   140     1   143 0.70 -
TCONS_00019909:1352-1783 -            144 39506at6656          -            545   1.7e-11   42.3   0.2   1   1   6.3e-13   2.4e-11   41.9   0.2   389   506     2   140     1   143 0.70 -
TCONS_00019910:1333-1764 -            144 39506at6656          -            545   1.7e-11   42.3   0.2   1   1   6.3e-13   2.4e-11   41.9   0.2   389   506     2   140     1   143 0.70 -
TCONS_00019911:1026-1457 -            144 39506at6656          -            545   1.7e-11   42.3   0.2   1   1   6.3e-13   2.4e-11   41.9   0.2   389   506     2   140     1   143 0.70 -
TCONS_00022147:1272-1703 -            144 39506at6656          -            545   1.7e-11   42.3   0.2   1   1   6.3e-13   2.4e-11   41.9   0.2   389   506     2   140     1   143 0.70 -
TCONS_00022148:1331-1762 -            144 39506at6656          -            545   1.7e-11   42.3   0.2   1   1   6.3e-13   2.4e-11   41.9   0.2   389   506     2   140     1   143 0.70 -
TCONS_00022150:1073-1504 -            144 39506at6656          -            545   1.7e-11   42.3   0.2   1   1   6.3e-13   2.4e-11   41.9   0.2   389   506     2   140     1   143 0.70 -
TCONS_00006648:878-1354  -            159 39506at6656          -            545     3e-11   41.5   0.0   1   1     1e-11   3.8e-10   37.9   0.0   389   507     2   141     1   154 0.74 -
TCONS_00006649:991-1467  -            159 39506at6656          -            545     3e-11   41.5   0.0   1   1     1e-11   3.8e-10   37.9   0.0   389   507     2   141     1   154 0.74 -
TCONS_00008226:864-1340  -            159 39506at6656          -            545     3e-11   41.5   0.0   1   1     1e-11   3.8e-10   37.9   0.0   389   507     2   141     1   154 0.74 -
TCONS_00008227:978-1454  -            159 39506at6656          -            545     3e-11   41.5   0.0   1   1     1e-11   3.8e-10   37.9   0.0   389   507     2   141     1   154 0.74 -
TCONS_00010045:980-1456  -            159 39506at6656          -            545     3e-11   41.5   0.0   1   1     1e-11   3.8e-10   37.9   0.0   389   507     2   141     1   154 0.74 -
TCONS_00010845:885-1361  -            159 39506at6656          -            545     3e-11   41.5   0.0   1   1     1e-11   3.8e-10   37.9   0.0   389   507     2   141     1   154 0.74 -
TCONS_00012057:885-1361  -            159 39506at6656          -            545     3e-11   41.5   0.0   1   1     1e-11   3.8e-10   37.9   0.0   389   507     2   141     1   154 0.74 -
TCONS_00013346:847-1323  -            159 39506at6656          -            545     3e-11   41.5   0.0   1   1     1e-11   3.8e-10   37.9   0.0   389   507     2   141     1   154 0.74 -
TCONS_00040967:889-1866  -            326 39506at6656          -            545   1.4e-10   39.3   0.0   1   3    0.0053       0.2    9.1   0.0     6    46    13    54     6    84 0.77 -
TCONS_00040967:889-1866  -            326 39506at6656          -            545   1.4e-10   39.3   0.0   2   3   2.2e-08   8.4e-07   26.9   0.0   160   227    98   169    65   176 0.88 -
TCONS_00040967:889-1866  -            326 39506at6656          -            545   1.4e-10   39.3   0.0   3   3       5.2     2e+02   -0.8   0.0   173   226   271   324   266   325 0.67 -
TCONS_00040968:3707-4684 -            326 39506at6656          -            545   1.4e-10   39.3   0.0   1   3    0.0053       0.2    9.1   0.0     6    46    13    54     6    84 0.77 -
TCONS_00040968:3707-4684 -            326 39506at6656          -            545   1.4e-10   39.3   0.0   2   3   2.2e-08   8.4e-07   26.9   0.0   160   227    98   169    65   176 0.88 -
TCONS_00040968:3707-4684 -            326 39506at6656          -            545   1.4e-10   39.3   0.0   3   3       5.2     2e+02   -0.8   0.0   173   226   271   324   266   325 0.67 -
TCONS_00042232:1195-2172 -            326 39506at6656          -            545   1.4e-10   39.3   0.0   1   3    0.0053       0.2    9.1   0.0     6    46    13    54     6    84 0.77 -
TCONS_00042232:1195-2172 -            326 39506at6656          -            545   1.4e-10   39.3   0.0   2   3   2.2e-08   8.4e-07   26.9   0.0   160   227    98   169    65   176 0.88 -
TCONS_00042232:1195-2172 -            326 39506at6656          -            545   1.4e-10   39.3   0.0   3   3       5.2     2e+02   -0.8   0.0   173   226   271   324   266   325 0.67 -
TCONS_00043651:2884-3861 -            326 39506at6656          -            545   1.4e-10   39.3   0.0   1   3    0.0053       0.2    9.1   0.0     6    46    13    54     6    84 0.77 -
TCONS_00043651:2884-3861 -            326 39506at6656          -            545   1.4e-10   39.3   0.0   2   3   2.2e-08   8.4e-07   26.9   0.0   160   227    98   169    65   176 0.88 -
TCONS_00043651:2884-3861 -            326 39506at6656          -            545   1.4e-10   39.3   0.0   3   3       5.2     2e+02   -0.8   0.0   173   226   271   324   266   325 0.67 -
TCONS_00048859:4880-5857 -            326 39506at6656          -            545   1.4e-10   39.3   0.0   1   3    0.0053       0.2    9.1   0.0     6    46    13    54     6    84 0.77 -
TCONS_00048859:4880-5857 -            326 39506at6656          -            545   1.4e-10   39.3   0.0   2   3   2.2e-08   8.4e-07   26.9   0.0   160   227    98   169    65   176 0.88 -
TCONS_00048859:4880-5857 -            326 39506at6656          -            545   1.4e-10   39.3   0.0   3   3       5.2     2e+02   -0.8   0.0   173   226   271   324   266   325 0.67 -
TCONS_00049251:1017-1994 -            326 39506at6656          -            545   1.4e-10   39.3   0.0   1   3    0.0053       0.2    9.1   0.0     6    46    13    54     6    84 0.77 -
TCONS_00049251:1017-1994 -            326 39506at6656          -            545   1.4e-10   39.3   0.0   2   3   2.2e-08   8.4e-07   26.9   0.0   160   227    98   169    65   176 0.88 -
TCONS_00049251:1017-1994 -            326 39506at6656          -            545   1.4e-10   39.3   0.0   3   3       5.2     2e+02   -0.8   0.0   173   226   271   324   266   325 0.67 -
TCONS_00014239:514-987   -            158 39506at6656          -            545   2.2e-10   38.7   0.1   1   2     8e-07     3e-05   21.7   0.0   385   433     9    58     2    62 0.87 -
TCONS_00014239:514-987   -            158 39506at6656          -            545   2.2e-10   38.7   0.1   2   2    0.0002    0.0075   13.8   0.0   160   200   102   142    91   156 0.73 -
TCONS_00043653:2328-3203 -            292 39506at6656          -            545   2.9e-10   38.3   0.0   1   2    0.0045      0.17    9.4   0.0     6    46    13    54     6    84 0.77 -
TCONS_00043653:2328-3203 -            292 39506at6656          -            545   2.9e-10   38.3   0.0   2   2   1.9e-08   7.2e-07   27.1   0.0   160   227    98   169    69   176 0.89 -
TCONS_00016211:1564-2229 -            222 39506at6656          -            545   3.9e-10   37.9   0.0   1   2   1.8e-06   6.9e-05   20.5   0.0   472   518    28    77     7    94 0.71 -
TCONS_00016211:1564-2229 -            222 39506at6656          -            545   3.9e-10   37.9   0.0   2   2     6e-05    0.0023   15.5   0.0   473   519   140   184   118   195 0.86 -
TCONS_00020071:675-1340  -            222 39506at6656          -            545   3.9e-10   37.9   0.0   1   2   1.8e-06   6.9e-05   20.5   0.0   472   518    28    77     7    94 0.71 -
TCONS_00020071:675-1340  -            222 39506at6656          -            545   3.9e-10   37.9   0.0   2   2     6e-05    0.0023   15.5   0.0   473   519   140   184   118   195 0.86 -
TCONS_00022240:753-1418  -            222 39506at6656          -            545   3.9e-10   37.9   0.0   1   2   1.8e-06   6.9e-05   20.5   0.0   472   518    28    77     7    94 0.71 -
TCONS_00022240:753-1418  -            222 39506at6656          -            545   3.9e-10   37.9   0.0   2   2     6e-05    0.0023   15.5   0.0   473   519   140   184   118   195 0.86 -
TCONS_00006652:991-1464  -            158 39506at6656          -            545     4e-10   37.8   0.0   1   2   1.5e-05   0.00058   17.5   0.0   160   200     1    41     1    53 0.91 -
TCONS_00006652:991-1464  -            158 39506at6656          -            545     4e-10   37.8   0.0   2   2   2.5e-05   0.00094   16.8   0.2   154   200   102   148    91   156 0.86 -
TCONS_00010044:852-1325  -            158 39506at6656          -            545     4e-10   37.8   0.0   1   2   1.5e-05   0.00058   17.5   0.0   160   200     1    41     1    53 0.91 -
TCONS_00010044:852-1325  -            158 39506at6656          -            545     4e-10   37.8   0.0   2   2   2.5e-05   0.00094   16.8   0.2   154   200   102   148    91   156 0.86 -
TCONS_00010844:1017-1490 -            158 39506at6656          -            545     4e-10   37.8   0.0   1   2   1.5e-05   0.00058   17.5   0.0   160   200     1    41     1    53 0.91 -
TCONS_00010844:1017-1490 -            158 39506at6656          -            545     4e-10   37.8   0.0   2   2   2.5e-05   0.00094   16.8   0.2   154   200   102   148    91   156 0.86 -
TCONS_00012954:1053-1526 -            158 39506at6656          -            545     4e-10   37.8   0.0   1   2   1.5e-05   0.00058   17.5   0.0   160   200     1    41     1    53 0.91 -
TCONS_00012954:1053-1526 -            158 39506at6656          -            545     4e-10   37.8   0.0   2   2   2.5e-05   0.00094   16.8   0.2   154   200   102   148    91   156 0.86 -
TCONS_00013345:852-1325  -            158 39506at6656          -            545     4e-10   37.8   0.0   1   2   1.5e-05   0.00058   17.5   0.0   160   200     1    41     1    53 0.91 -
TCONS_00013345:852-1325  -            158 39506at6656          -            545     4e-10   37.8   0.0   2   2   2.5e-05   0.00094   16.8   0.2   154   200   102   148    91   156 0.86 -
TCONS_00016328:147-428   -             94 39506at6656          -            545   1.2e-09   36.3   0.0   1   1   1.4e-10   5.4e-09   34.1   0.0   452   531     7    90     4    92 0.80 -
TCONS_00046168:178-402   -             75 39506at6656          -            545   2.5e-09   35.2   0.1   1   1   2.8e-10     1e-08   33.1   0.1   163   227     6    74     2    75 0.89 -
TCONS_00030918:266-775   -            170 39506at6656          -            545   3.5e-09   34.7   0.2   1   2     5e-07   1.9e-05   22.4   0.1   461   517     2    61     1    73 0.72 -
TCONS_00030918:266-775   -            170 39506at6656          -            545   3.5e-09   34.7   0.2   2   2    0.0013      0.05   11.1   0.0   151   234    72   162    62   169 0.76 -
TCONS_00039237:210-719   -            170 39506at6656          -            545   3.5e-09   34.7   0.2   1   2     5e-07   1.9e-05   22.4   0.1   461   517     2    61     1    73 0.72 -
TCONS_00039237:210-719   -            170 39506at6656          -            545   3.5e-09   34.7   0.2   2   2    0.0013      0.05   11.1   0.0   151   234    72   162    62   169 0.76 -
TCONS_00041504:204-413   -             70 39506at6656          -            545   3.5e-09   34.7   0.0   1   1     4e-10   1.5e-08   32.6   0.0   164   227     2    69     1    70 0.89 -
TCONS_00044062:204-413   -             70 39506at6656          -            545   3.5e-09   34.7   0.0   1   1     4e-10   1.5e-08   32.6   0.0   164   227     2    69     1    70 0.89 -
TCONS_00049337:204-413   -             70 39506at6656          -            545   3.5e-09   34.7   0.0   1   1     4e-10   1.5e-08   32.6   0.0   164   227     2    69     1    70 0.89 -
TCONS_00058854:405-893   -            163 39506at6656          -            545   5.2e-09   34.1   0.0   1   1   1.6e-10   6.1e-09   33.9   0.0   144   242    19   119     5   135 0.81 -
TCONS_00064439:532-1020  -            163 39506at6656          -            545   5.2e-09   34.1   0.0   1   1   1.6e-10   6.1e-09   33.9   0.0   144   242    19   119     5   135 0.81 -
TCONS_00014848:406-807   -            134 39506at6656          -            545   1.7e-08   32.5   0.0   1   2   4.1e-05    0.0016   16.1   0.1   161   199     2    40     1    88 0.74 -
TCONS_00014848:406-807   -            134 39506at6656          -            545   1.7e-08   32.5   0.0   2   2   5.1e-05    0.0019   15.8   0.0   375   421    82   128    38   132 0.77 -
TCONS_00014850:419-820   -            134 39506at6656          -            545   2.6e-08   31.9   0.0   1   2   6.9e-05    0.0026   15.3   0.0   161   194     2    35     1    87 0.80 -
TCONS_00014850:419-820   -            134 39506at6656          -            545   2.6e-08   31.9   0.0   2   2   5.8e-05    0.0022   15.6   0.0   377   420    84   127    37   132 0.80 -
TCONS_00024248:526-927   -            134 39506at6656          -            545   2.6e-08   31.9   0.0   1   2   6.9e-05    0.0026   15.3   0.0   161   194     2    35     1    87 0.80 -
TCONS_00024248:526-927   -            134 39506at6656          -            545   2.6e-08   31.9   0.0   2   2   5.8e-05    0.0022   15.6   0.0   377   420    84   127    37   132 0.80 -
TCONS_00004829:1075-1572 -            166 39506at6656          -            545   2.6e-08   31.9   0.1   1   1   2.2e-09   8.4e-08   30.2   0.1   386   506     2   132     1   144 0.75 -
TCONS_00004831:1047-1544 -            166 39506at6656          -            545   2.6e-08   31.9   0.1   1   1   2.2e-09   8.4e-08   30.2   0.1   386   506     2   132     1   144 0.75 -
TCONS_00008104:1308-1805 -            166 39506at6656          -            545   2.6e-08   31.9   0.1   1   1   2.2e-09   8.4e-08   30.2   0.1   386   506     2   132     1   144 0.75 -
TCONS_00003579:1078-1608 -            177 39506at6656          -            545   2.8e-08   31.7   0.0   1   2   0.00013    0.0047   14.5   0.0   387   433     3    50     1    76 0.53 -
TCONS_00003579:1078-1608 -            177 39506at6656          -            545   2.8e-08   31.7   0.0   2   2   1.2e-05   0.00045   17.8   0.0   346   433    48   139    46   148 0.84 -
TCONS_00006429:1079-1609 -            177 39506at6656          -            545   2.8e-08   31.7   0.0   1   2   0.00013    0.0047   14.5   0.0   387   433     3    50     1    76 0.53 -
TCONS_00006429:1079-1609 -            177 39506at6656          -            545   2.8e-08   31.7   0.0   2   2   1.2e-05   0.00045   17.8   0.0   346   433    48   139    46   148 0.84 -
TCONS_00006434:838-1368  -            177 39506at6656          -            545   2.8e-08   31.7   0.0   1   2   0.00013    0.0047   14.5   0.0   387   433     3    50     1    76 0.53 -
TCONS_00006434:838-1368  -            177 39506at6656          -            545   2.8e-08   31.7   0.0   2   2   1.2e-05   0.00045   17.8   0.0   346   433    48   139    46   148 0.84 -
TCONS_00008105:646-1176  -            177 39506at6656          -            545   2.8e-08   31.7   0.0   1   2   0.00013    0.0047   14.5   0.0   387   433     3    50     1    76 0.53 -
TCONS_00008105:646-1176  -            177 39506at6656          -            545   2.8e-08   31.7   0.0   2   2   1.2e-05   0.00045   17.8   0.0   346   433    48   139    46   148 0.84 -
TCONS_00008106:1077-1607 -            177 39506at6656          -            545   2.8e-08   31.7   0.0   1   2   0.00013    0.0047   14.5   0.0   387   433     3    50     1    76 0.53 -
TCONS_00008106:1077-1607 -            177 39506at6656          -            545   2.8e-08   31.7   0.0   2   2   1.2e-05   0.00045   17.8   0.0   346   433    48   139    46   148 0.84 -
TCONS_00011551:1078-1608 -            177 39506at6656          -            545   2.8e-08   31.7   0.0   1   2   0.00013    0.0047   14.5   0.0   387   433     3    50     1    76 0.53 -
TCONS_00011551:1078-1608 -            177 39506at6656          -            545   2.8e-08   31.7   0.0   2   2   1.2e-05   0.00045   17.8   0.0   346   433    48   139    46   148 0.84 -
TCONS_00008107:1075-1635 -            187 39506at6656          -            545   4.6e-08   31.0   0.0   1   2   0.00014    0.0053   14.3   0.0   387   433     3    50     1    76 0.53 -
TCONS_00008107:1075-1635 -            187 39506at6656          -            545   4.6e-08   31.0   0.0   2   2   9.4e-05    0.0035   14.9   0.0   383   433    98   149    90   162 0.74 -
TCONS_00016420:69-446    -            126 39506at6656          -            545   4.6e-08   31.0   0.0   1   1   1.4e-09   5.3e-08   30.8   0.0   161   238    21   100     7   117 0.64 -
TCONS_00015006:792-1100  -            103 39506at6656          -            545   7.1e-08   30.4   0.0   1   1   2.1e-09   8.1e-08   30.2   0.0   385   443    23    83    13    93 0.82 -
TCONS_00015007:729-1037  -            103 39506at6656          -            545   7.1e-08   30.4   0.0   1   1   2.1e-09   8.1e-08   30.2   0.0   385   443    23    83    13    93 0.82 -
TCONS_00015008:729-1037  -            103 39506at6656          -            545   7.1e-08   30.4   0.0   1   1   2.1e-09   8.1e-08   30.2   0.0   385   443    23    83    13    93 0.82 -
TCONS_00003376:518-1054  -            179 39506at6656          -            545   1.9e-07   29.0   0.1   1   2   3.6e-06   0.00014   19.6   0.0   168   245     8    91     1   102 0.78 -
TCONS_00003376:518-1054  -            179 39506at6656          -            545   1.9e-07   29.0   0.1   2   2     0.012      0.45    8.0   0.1   169   216   105   156    94   162 0.68 -
TCONS_00012904:555-1091  -            179 39506at6656          -            545   1.9e-07   29.0   0.1   1   2   3.6e-06   0.00014   19.6   0.0   168   245     8    91     1   102 0.78 -
TCONS_00012904:555-1091  -            179 39506at6656          -            545   1.9e-07   29.0   0.1   2   2     0.012      0.45    8.0   0.1   169   216   105   156    94   162 0.68 -
TCONS_00013287:518-1054  -            179 39506at6656          -            545   1.9e-07   29.0   0.1   1   2   3.6e-06   0.00014   19.6   0.0   168   245     8    91     1   102 0.78 -
TCONS_00013287:518-1054  -            179 39506at6656          -            545   1.9e-07   29.0   0.1   2   2     0.012      0.45    8.0   0.1   169   216   105   156    94   162 0.68 -
TCONS_00016234:282-554   -             91 39506at6656          -            545     2e-07   28.9   0.0   1   1   5.3e-09     2e-07   28.9   0.0   389   436     1    49     1    70 0.88 -
TCONS_00022245:282-554   -             91 39506at6656          -            545     2e-07   28.9   0.0   1   1   5.3e-09     2e-07   28.9   0.0   389   436     1    49     1    70 0.88 -
TCONS_00023432:282-554   -             91 39506at6656          -            545     2e-07   28.9   0.0   1   1   5.3e-09     2e-07   28.9   0.0   389   436     1    49     1    70 0.88 -
TCONS_00030851:247-672   -            142 39506at6656          -            545   2.9e-07   28.4   0.0   1   1   9.3e-09   3.5e-07   28.1   0.0   160   233    12    89     3   100 0.87 -
TCONS_00002217:2114-2329 -             72 39506at6656          -            545     6e-07   27.3   0.0   1   1   1.7e-08   6.4e-07   27.2   0.0   463   526     2    67     1    71 0.77 -
TCONS_00005503:2110-2325 -             72 39506at6656          -            545     6e-07   27.3   0.0   1   1   1.7e-08   6.4e-07   27.2   0.0   463   526     2    67     1    71 0.77 -
TCONS_00007510:3654-3869 -             72 39506at6656          -            545     6e-07   27.3   0.0   1   1   1.7e-08   6.4e-07   27.2   0.0   463   526     2    67     1    71 0.77 -
TCONS_00007511:2131-2346 -             72 39506at6656          -            545     6e-07   27.3   0.0   1   1   1.7e-08   6.4e-07   27.2   0.0   463   526     2    67     1    71 0.77 -
TCONS_00008772:2110-2325 -             72 39506at6656          -            545     6e-07   27.3   0.0   1   1   1.7e-08   6.4e-07   27.2   0.0   463   526     2    67     1    71 0.77 -
TCONS_00010455:2074-2289 -             72 39506at6656          -            545     6e-07   27.3   0.0   1   1   1.7e-08   6.4e-07   27.2   0.0   463   526     2    67     1    71 0.77 -
TCONS_00011833:3610-3825 -             72 39506at6656          -            545     6e-07   27.3   0.0   1   1   1.7e-08   6.4e-07   27.2   0.0   463   526     2    67     1    71 0.77 -
TCONS_00016933:1031-1288 -             86 39506at6656          -            545   2.4e-06   25.3   0.0   1   1   7.6e-08   2.8e-06   25.1   0.0   471   531    16    79    10    84 0.70 -
TCONS_00015488:156-377   -             74 39506at6656          -            545   3.7e-06   24.7   0.0   1   1   1.2e-07   4.4e-06   24.5   0.0   161   227     1    71     1    72 0.89 -
TCONS_00059814:1045-1197 -             51 39506at6656          -            545   5.8e-06   24.1   0.0   1   1   1.9e-07     7e-06   23.8   0.0   161   200     1    40     1    51 0.89 -
TCONS_00060651:1045-1197 -             51 39506at6656          -            545   5.8e-06   24.1   0.0   1   1   1.9e-07     7e-06   23.8   0.0   161   200     1    40     1    51 0.89 -
TCONS_00063638:1045-1197 -             51 39506at6656          -            545   5.8e-06   24.1   0.0   1   1   1.9e-07     7e-06   23.8   0.0   161   200     1    40     1    51 0.89 -
TCONS_00063639:900-1052  -             51 39506at6656          -            545   5.8e-06   24.1   0.0   1   1   1.9e-07     7e-06   23.8   0.0   161   200     1    40     1    51 0.89 -
TCONS_00042115:1741-1968 -             76 39506at6656          -            545     6e-06   24.0   0.0   1   1   1.7e-07   6.2e-06   24.0   0.0   160   227     4    75     1    76 0.88 -
TCONS_00044982:2063-2290 -             76 39506at6656          -            545     6e-06   24.0   0.0   1   1   1.7e-07   6.2e-06   24.0   0.0   160   227     4    75     1    76 0.88 -
TCONS_00048780:1981-2208 -             76 39506at6656          -            545     6e-06   24.0   0.0   1   1   1.7e-07   6.2e-06   24.0   0.0   160   227     4    75     1    76 0.88 -
TCONS_00002331:340-597   -             86 39506at6656          -            545   7.4e-06   23.7   0.0   1   1   2.4e-07     9e-06   23.5   0.0   467   534     8    79     2    85 0.73 -
TCONS_00034857:997-1347  -            117 39506at6656          -            545   1.2e-05   23.1   0.0   1   1   3.9e-07   1.5e-05   22.7   0.0   387   433     6    53     2    62 0.83 -
TCONS_00037019:1099-1449 -            117 39506at6656          -            545   1.2e-05   23.1   0.0   1   1   3.9e-07   1.5e-05   22.7   0.0   387   433     6    53     2    62 0.83 -
TCONS_00037648:490-840   -            117 39506at6656          -            545   1.2e-05   23.1   0.0   1   1   3.9e-07   1.5e-05   22.7   0.0   387   433     6    53     2    62 0.83 -
TCONS_00039308:1025-1375 -            117 39506at6656          -            545   1.2e-05   23.1   0.0   1   1   3.9e-07   1.5e-05   22.7   0.0   387   433     6    53     2    62 0.83 -
TCONS_00004121:251-433   -             61 39506at6656          -            545   1.4e-05   22.8   0.0   1   1   4.2e-07   1.6e-05   22.6   0.0   471   516    11    55     1    59 0.84 -
TCONS_00004122:251-433   -             61 39506at6656          -            545   1.4e-05   22.8   0.0   1   1   4.2e-07   1.6e-05   22.6   0.0   471   516    11    55     1    59 0.84 -
TCONS_00006857:251-433   -             61 39506at6656          -            545   1.4e-05   22.8   0.0   1   1   4.2e-07   1.6e-05   22.6   0.0   471   516    11    55     1    59 0.84 -
TCONS_00006858:244-426   -             61 39506at6656          -            545   1.4e-05   22.8   0.0   1   1   4.2e-07   1.6e-05   22.6   0.0   471   516    11    55     1    59 0.84 -
TCONS_00009108:251-433   -             61 39506at6656          -            545   1.4e-05   22.8   0.0   1   1   4.2e-07   1.6e-05   22.6   0.0   471   516    11    55     1    59 0.84 -
TCONS_00009109:278-460   -             61 39506at6656          -            545   1.4e-05   22.8   0.0   1   1   4.2e-07   1.6e-05   22.6   0.0   471   516    11    55     1    59 0.84 -
TCONS_00011663:630-812   -             61 39506at6656          -            545   1.4e-05   22.8   0.0   1   1   4.2e-07   1.6e-05   22.6   0.0   471   516    11    55     1    59 0.84 -
TCONS_00040290:728-964   -             79 39506at6656          -            545   2.1e-05   22.2   0.0   1   1   5.8e-07   2.2e-05   22.2   0.0   472   516    12    60     1    72 0.72 -
TCONS_00028203:523-1485  -            321 39506at6656          -            545   2.7e-05   21.9   0.0   1   3      0.36        14    3.1   0.0   160   185     1    26     1    32 0.77 -
TCONS_00028203:523-1485  -            321 39506at6656          -            545   2.7e-05   21.9   0.0   2   3   0.00082     0.031   11.8   0.0   461   534   115   192    95   200 0.77 -
TCONS_00028203:523-1485  -            321 39506at6656          -            545   2.7e-05   21.9   0.0   3   3      0.68        26    2.1   0.0   474   517   248   297   243   313 0.75 -
TCONS_00002498:804-1013  -             70 39506at6656          -            545   3.5e-05   21.5   0.0   1   1   9.4e-07   3.5e-05   21.5   0.0   472   528     2    61     1    69 0.75 -
TCONS_00002499:772-981   -             70 39506at6656          -            545   3.5e-05   21.5   0.0   1   1   9.4e-07   3.5e-05   21.5   0.0   472   528     2    61     1    69 0.75 -
TCONS_00004630:788-997   -             70 39506at6656          -            545   3.5e-05   21.5   0.0   1   1   9.4e-07   3.5e-05   21.5   0.0   472   528     2    61     1    69 0.75 -
TCONS_00005694:772-981   -             70 39506at6656          -            545   3.5e-05   21.5   0.0   1   1   9.4e-07   3.5e-05   21.5   0.0   472   528     2    61     1    69 0.75 -
TCONS_00031508:329-547   -             73 39506at6656          -            545   3.6e-05   21.5   0.0   1   2   0.00064     0.024   12.2   0.0   161   196     1    36     1    39 0.92 -
TCONS_00031508:329-547   -             73 39506at6656          -            545   3.6e-05   21.5   0.0   2   2      0.01      0.38    8.2   0.0   495   518    39    62    33    71 0.88 -
TCONS_00002480:500-742   -             81 39506at6656          -            545   3.6e-05   21.4   0.2   1   2   5.4e-06    0.0002   19.0   0.2   389   434     1    47     1    65 0.76 -
TCONS_00002480:500-742   -             81 39506at6656          -            545   3.6e-05   21.4   0.2   2   2     0.022      0.85    7.0   0.0   496   529    40    72    37    81 0.76 -
TCONS_00043068:1919-2182 -             88 39506at6656          -            545   5.5e-05   20.9   0.0   1   1   1.5e-06   5.8e-05   20.8   0.0   166   523     6    67     1    87 0.52 -
TCONS_00043069:2143-2406 -             88 39506at6656          -            545   5.5e-05   20.9   0.0   1   1   1.5e-06   5.8e-05   20.8   0.0   166   523     6    67     1    87 0.52 -
TCONS_00043073:1284-1547 -             88 39506at6656          -            545   5.5e-05   20.9   0.0   1   1   1.5e-06   5.8e-05   20.8   0.0   166   523     6    67     1    87 0.52 -
TCONS_00044825:1905-2168 -             88 39506at6656          -            545   5.5e-05   20.9   0.0   1   1   1.5e-06   5.8e-05   20.8   0.0   166   523     6    67     1    87 0.52 -
TCONS_00044828:1284-1547 -             88 39506at6656          -            545   5.5e-05   20.9   0.0   1   1   1.5e-06   5.8e-05   20.8   0.0   166   523     6    67     1    87 0.52 -
TCONS_00046737:2014-2277 -             88 39506at6656          -            545   5.5e-05   20.9   0.0   1   1   1.5e-06   5.8e-05   20.8   0.0   166   523     6    67     1    87 0.52 -
TCONS_00048284:2873-3136 -             88 39506at6656          -            545   5.5e-05   20.9   0.0   1   1   1.5e-06   5.8e-05   20.8   0.0   166   523     6    67     1    87 0.52 -
TCONS_00048285:2252-2515 -             88 39506at6656          -            545   5.5e-05   20.9   0.0   1   1   1.5e-06   5.8e-05   20.8   0.0   166   523     6    67     1    87 0.52 -
TCONS_00048286:1604-1867 -             88 39506at6656          -            545   5.5e-05   20.9   0.0   1   1   1.5e-06   5.8e-05   20.8   0.0   166   523     6    67     1    87 0.52 -
TCONS_00048287:2336-2599 -             88 39506at6656          -            545   5.5e-05   20.9   0.0   1   1   1.5e-06   5.8e-05   20.8   0.0   166   523     6    67     1    87 0.52 -
TCONS_00049140:2143-2406 -             88 39506at6656          -            545   5.5e-05   20.9   0.0   1   1   1.5e-06   5.8e-05   20.8   0.0   166   523     6    67     1    87 0.52 -
TCONS_00049141:2844-3107 -             88 39506at6656          -            545   5.5e-05   20.9   0.0   1   1   1.5e-06   5.8e-05   20.8   0.0   166   523     6    67     1    87 0.52 -
TCONS_00049142:2180-2443 -             88 39506at6656          -            545   5.5e-05   20.9   0.0   1   1   1.5e-06   5.8e-05   20.8   0.0   166   523     6    67     1    87 0.52 -
TCONS_00049143:2346-2609 -             88 39506at6656          -            545   5.5e-05   20.9   0.0   1   1   1.5e-06   5.8e-05   20.8   0.0   166   523     6    67     1    87 0.52 -
TCONS_00049506:1621-1884 -             88 39506at6656          -            545   5.5e-05   20.9   0.0   1   1   1.5e-06   5.8e-05   20.8   0.0   166   523     6    67     1    87 0.52 -
TCONS_00043603:309-548   -             80 39506at6656          -            545   5.9e-05   20.8   0.0   1   1   1.7e-06   6.4e-05   20.6   0.0   459   516    15    72     3    78 0.83 -
TCONS_00049505:2833-3099 -             89 39506at6656          -            545   6.1e-05   20.7   0.0   1   1   1.9e-06     7e-05   20.5   0.0   169   523     9    67     1    85 0.54 -
TCONS_00013888:1126-1344 -             73 39506at6656          -            545   7.8e-05   20.4   0.0   1   1   3.5e-06   0.00013   19.6   0.0   161   200     1    40     1    73 0.62 -
TCONS_00025159:803-1021  -             73 39506at6656          -            545   7.8e-05   20.4   0.0   1   1   3.5e-06   0.00013   19.6   0.0   161   200     1    40     1    73 0.62 -
TCONS_00003185:271-2640  -            790 39506at6656          -            545     8e-05   20.3   0.0   1   2      0.56        21    2.4   0.0   478   516   120   157   103   169 0.77 -
TCONS_00003185:271-2640  -            790 39506at6656          -            545     8e-05   20.3   0.0   2   2   6.3e-05    0.0024   15.5   0.0   370   514   288   439   275   458 0.77 -
TCONS_00008955:1152-3521 -            790 39506at6656          -            545     8e-05   20.3   0.0   1   2      0.56        21    2.4   0.0   478   516   120   157   103   169 0.77 -
TCONS_00008955:1152-3521 -            790 39506at6656          -            545     8e-05   20.3   0.0   2   2   6.3e-05    0.0024   15.5   0.0   370   514   288   439   275   458 0.77 -
TCONS_00012863:4514-6883 -            790 39506at6656          -            545     8e-05   20.3   0.0   1   2      0.56        21    2.4   0.0   478   516   120   157   103   169 0.77 -
TCONS_00012863:4514-6883 -            790 39506at6656          -            545     8e-05   20.3   0.0   2   2   6.3e-05    0.0024   15.5   0.0   370   514   288   439   275   458 0.77 -
TCONS_00045935:2007-2303 -             99 39506at6656          -            545   8.3e-05   20.3   0.0   1   1   2.4e-06   9.2e-05   20.1   0.0   169   523     9    67     1    88 0.54 -
TCONS_00002479:477-668   -             64 39506at6656          -            545   0.00011   19.9   0.0   1   1   3.5e-06   0.00013   19.6   0.0   389   433     1    46     1    61 0.87 -
TCONS_00013553:517-708   -             64 39506at6656          -            545   0.00011   19.9   0.0   1   1   3.5e-06   0.00013   19.6   0.0   389   433     1    46     1    61 0.87 -
TCONS_00045481:482-697   -             72 39506at6656          -            545   0.00015   19.5   0.0   1   1   4.2e-06   0.00016   19.3   0.0   474   530    12    71     6    72 0.80 -
TCONS_00040848:53-1810   -            586 39506at6656          -            545   0.00017   19.3   0.0   1   1   7.1e-06   0.00027   18.6   0.0   454   517   113   181    83   189 0.77 -
TCONS_00001964:1096-1392 -             99 39506at6656          -            545   0.00026   18.6   0.0   1   1   7.1e-06   0.00027   18.6   0.0   473   515    13    57     1    81 0.42 -
TCONS_00005327:1468-1764 -             99 39506at6656          -            545   0.00026   18.6   0.0   1   1   7.1e-06   0.00027   18.6   0.0   473   515    13    57     1    81 0.42 -
TCONS_00007390:1675-1971 -             99 39506at6656          -            545   0.00026   18.6   0.0   1   1   7.1e-06   0.00027   18.6   0.0   473   515    13    57     1    81 0.42 -
TCONS_00007391:2075-2371 -             99 39506at6656          -            545   0.00026   18.6   0.0   1   1   7.1e-06   0.00027   18.6   0.0   473   515    13    57     1    81 0.42 -
TCONS_00007394:1293-1589 -             99 39506at6656          -            545   0.00026   18.6   0.0   1   1   7.1e-06   0.00027   18.6   0.0   473   515    13    57     1    81 0.42 -
TCONS_00007395:437-733   -             99 39506at6656          -            545   0.00026   18.6   0.0   1   1   7.1e-06   0.00027   18.6   0.0   473   515    13    57     1    81 0.42 -
TCONS_00008722:939-1235  -             99 39506at6656          -            545   0.00026   18.6   0.0   1   1   7.1e-06   0.00027   18.6   0.0   473   515    13    57     1    81 0.42 -
TCONS_00010389:1703-1999 -             99 39506at6656          -            545   0.00026   18.6   0.0   1   1   7.1e-06   0.00027   18.6   0.0   473   515    13    57     1    81 0.42 -
TCONS_00012685:1723-2019 -             99 39506at6656          -            545   0.00026   18.6   0.0   1   1   7.1e-06   0.00027   18.6   0.0   473   515    13    57     1    81 0.42 -
TCONS_00017375:145-381   -             79 39506at6656          -            545   0.00027   18.6   0.0   1   1   3.9e-05    0.0015   16.2   0.0   457   528    11    78     5    79 0.80 -
TCONS_00017378:150-386   -             79 39506at6656          -            545   0.00027   18.6   0.0   1   1   3.9e-05    0.0015   16.2   0.0   457   528    11    78     5    79 0.80 -
TCONS_00017382:264-500   -             79 39506at6656          -            545   0.00027   18.6   0.0   1   1   3.9e-05    0.0015   16.2   0.0   457   528    11    78     5    79 0.80 -
TCONS_00018355:150-386   -             79 39506at6656          -            545   0.00027   18.6   0.0   1   1   3.9e-05    0.0015   16.2   0.0   457   528    11    78     5    79 0.80 -
TCONS_00023604:150-386   -             79 39506at6656          -            545   0.00027   18.6   0.0   1   1   3.9e-05    0.0015   16.2   0.0   457   528    11    78     5    79 0.80 -
TCONS_00023606:150-386   -             79 39506at6656          -            545   0.00027   18.6   0.0   1   1   3.9e-05    0.0015   16.2   0.0   457   528    11    78     5    79 0.80 -
TCONS_00059313:160-327   -             56 39506at6656          -            545   0.00039   18.1   0.0   1   1   1.1e-05   0.00043   17.9   0.0   389   436     1    49     1    56 0.74 -
TCONS_00062244:348-515   -             56 39506at6656          -            545   0.00039   18.1   0.0   1   1   1.1e-05   0.00043   17.9   0.0   389   436     1    49     1    56 0.74 -
TCONS_00028794:153-1310  -            386 39506at6656          -            545    0.0005   17.7   0.0   1   1   1.8e-05   0.00069   17.2   0.0   460   535   233   307   227   316 0.82 -
TCONS_00015541:172-1494  -            441 39506at6656          -            545   0.00062   17.4   0.0   1   1   2.3e-05   0.00085   16.9   0.0   460   535   233   307   227   316 0.82 -
TCONS_00030412:0-2132    -            711 39506at6656          -            545   0.00071   17.2   0.0   1   1   3.5e-05    0.0013   16.3   0.0   473   517    97   144    71   163 0.78 -
TCONS_00043068:2972-3208 -             79 39506at6656          -            545    0.0015   16.1   0.1   1   1   0.00014    0.0054   14.3   0.1   159   214     6    65     3    78 0.63 -
TCONS_00043069:3196-3432 -             79 39506at6656          -            545    0.0015   16.1   0.1   1   1   0.00014    0.0054   14.3   0.1   159   214     6    65     3    78 0.63 -
TCONS_00043073:2337-2573 -             79 39506at6656          -            545    0.0015   16.1   0.1   1   1   0.00014    0.0054   14.3   0.1   159   214     6    65     3    78 0.63 -
TCONS_00044825:2988-3224 -             79 39506at6656          -            545    0.0015   16.1   0.1   1   1   0.00014    0.0054   14.3   0.1   159   214     6    65     3    78 0.63 -
TCONS_00044828:2367-2603 -             79 39506at6656          -            545    0.0015   16.1   0.1   1   1   0.00014    0.0054   14.3   0.1   159   214     6    65     3    78 0.63 -
TCONS_00046737:3097-3333 -             79 39506at6656          -            545    0.0015   16.1   0.1   1   1   0.00014    0.0054   14.3   0.1   159   214     6    65     3    78 0.63 -
TCONS_00048284:3926-4162 -             79 39506at6656          -            545    0.0015   16.1   0.1   1   1   0.00014    0.0054   14.3   0.1   159   214     6    65     3    78 0.63 -
TCONS_00048285:3305-3541 -             79 39506at6656          -            545    0.0015   16.1   0.1   1   1   0.00014    0.0054   14.3   0.1   159   214     6    65     3    78 0.63 -
TCONS_00048287:3389-3625 -             79 39506at6656          -            545    0.0015   16.1   0.1   1   1   0.00014    0.0054   14.3   0.1   159   214     6    65     3    78 0.63 -
TCONS_00049140:3226-3462 -             79 39506at6656          -            545    0.0015   16.1   0.1   1   1   0.00014    0.0054   14.3   0.1   159   214     6    65     3    78 0.63 -
TCONS_00049141:3927-4163 -             79 39506at6656          -            545    0.0015   16.1   0.1   1   1   0.00014    0.0054   14.3   0.1   159   214     6    65     3    78 0.63 -
TCONS_00049142:3263-3499 -             79 39506at6656          -            545    0.0015   16.1   0.1   1   1   0.00014    0.0054   14.3   0.1   159   214     6    65     3    78 0.63 -
TCONS_00049143:3429-3665 -             79 39506at6656          -            545    0.0015   16.1   0.1   1   1   0.00014    0.0054   14.3   0.1   159   214     6    65     3    78 0.63 -
TCONS_00049506:2674-2910 -             79 39506at6656          -            545    0.0015   16.1   0.1   1   1   0.00014    0.0054   14.3   0.1   159   214     6    65     3    78 0.63 -
TCONS_00013989:1228-1602 -            125 39506at6656          -            545    0.0015   16.1   0.0   1   2    0.0002    0.0075   13.8   0.0   472   517    16    65     1    77 0.63 -
TCONS_00013989:1228-1602 -            125 39506at6656          -            545    0.0015   16.1   0.0   2   2       2.8   1.1e+02    0.1   0.0   159   187    84   113    69   123 0.68 -
TCONS_00013991:2182-2556 -            125 39506at6656          -            545    0.0015   16.1   0.0   1   2    0.0002    0.0075   13.8   0.0   472   517    16    65     1    77 0.63 -
TCONS_00013991:2182-2556 -            125 39506at6656          -            545    0.0015   16.1   0.0   2   2       2.8   1.1e+02    0.1   0.0   159   187    84   113    69   123 0.68 -
TCONS_00017613:1359-1733 -            125 39506at6656          -            545    0.0015   16.1   0.0   1   2    0.0002    0.0075   13.8   0.0   472   517    16    65     1    77 0.63 -
TCONS_00017613:1359-1733 -            125 39506at6656          -            545    0.0015   16.1   0.0   2   2       2.8   1.1e+02    0.1   0.0   159   187    84   113    69   123 0.68 -
TCONS_00017617:2931-3305 -            125 39506at6656          -            545    0.0015   16.1   0.0   1   2    0.0002    0.0075   13.8   0.0   472   517    16    65     1    77 0.63 -
TCONS_00017617:2931-3305 -            125 39506at6656          -            545    0.0015   16.1   0.0   2   2       2.8   1.1e+02    0.1   0.0   159   187    84   113    69   123 0.68 -
TCONS_00018523:985-1359  -            125 39506at6656          -            545    0.0015   16.1   0.0   1   2    0.0002    0.0075   13.8   0.0   472   517    16    65     1    77 0.63 -
TCONS_00018523:985-1359  -            125 39506at6656          -            545    0.0015   16.1   0.0   2   2       2.8   1.1e+02    0.1   0.0   159   187    84   113    69   123 0.68 -
TCONS_00018524:1273-1647 -            125 39506at6656          -            545    0.0015   16.1   0.0   1   2    0.0002    0.0075   13.8   0.0   472   517    16    65     1    77 0.63 -
TCONS_00018524:1273-1647 -            125 39506at6656          -            545    0.0015   16.1   0.0   2   2       2.8   1.1e+02    0.1   0.0   159   187    84   113    69   123 0.68 -
TCONS_00018525:732-1106  -            125 39506at6656          -            545    0.0015   16.1   0.0   1   2    0.0002    0.0075   13.8   0.0   472   517    16    65     1    77 0.63 -
TCONS_00018525:732-1106  -            125 39506at6656          -            545    0.0015   16.1   0.0   2   2       2.8   1.1e+02    0.1   0.0   159   187    84   113    69   123 0.68 -
TCONS_00018527:1383-1757 -            125 39506at6656          -            545    0.0015   16.1   0.0   1   2    0.0002    0.0075   13.8   0.0   472   517    16    65     1    77 0.63 -
TCONS_00018527:1383-1757 -            125 39506at6656          -            545    0.0015   16.1   0.0   2   2       2.8   1.1e+02    0.1   0.0   159   187    84   113    69   123 0.68 -
TCONS_00021240:1012-1386 -            125 39506at6656          -            545    0.0015   16.1   0.0   1   2    0.0002    0.0075   13.8   0.0   472   517    16    65     1    77 0.63 -
TCONS_00021240:1012-1386 -            125 39506at6656          -            545    0.0015   16.1   0.0   2   2       2.8   1.1e+02    0.1   0.0   159   187    84   113    69   123 0.68 -
TCONS_00021241:1339-1713 -            125 39506at6656          -            545    0.0015   16.1   0.0   1   2    0.0002    0.0075   13.8   0.0   472   517    16    65     1    77 0.63 -
TCONS_00021241:1339-1713 -            125 39506at6656          -            545    0.0015   16.1   0.0   2   2       2.8   1.1e+02    0.1   0.0   159   187    84   113    69   123 0.68 -
TCONS_00021243:652-1026  -            125 39506at6656          -            545    0.0015   16.1   0.0   1   2    0.0002    0.0075   13.8   0.0   472   517    16    65     1    77 0.63 -
TCONS_00021243:652-1026  -            125 39506at6656          -            545    0.0015   16.1   0.0   2   2       2.8   1.1e+02    0.1   0.0   159   187    84   113    69   123 0.68 -
TCONS_00026334:1170-1544 -            125 39506at6656          -            545    0.0015   16.1   0.0   1   2    0.0002    0.0075   13.8   0.0   472   517    16    65     1    77 0.63 -
TCONS_00026334:1170-1544 -            125 39506at6656          -            545    0.0015   16.1   0.0   2   2       2.8   1.1e+02    0.1   0.0   159   187    84   113    69   123 0.68 -
TCONS_00017376:225-416   -             64 39506at6656          -            545    0.0017   16.0   0.0   1   2     0.017      0.65    7.4   0.0   161   188     1    28     1    31 0.89 -
TCONS_00017376:225-416   -             64 39506at6656          -            545    0.0017   16.0   0.0   2   2   0.00087     0.033   11.7   0.0   474   528    14    63    13    64 0.83 -
TCONS_00017385:225-416   -             64 39506at6656          -            545    0.0017   16.0   0.0   1   2     0.017      0.65    7.4   0.0   161   188     1    28     1    31 0.89 -
TCONS_00017385:225-416   -             64 39506at6656          -            545    0.0017   16.0   0.0   2   2   0.00087     0.033   11.7   0.0   474   528    14    63    13    64 0.83 -
TCONS_00024911:179-370   -             64 39506at6656          -            545    0.0017   16.0   0.0   1   2     0.017      0.65    7.4   0.0   161   188     1    28     1    31 0.89 -
TCONS_00024911:179-370   -             64 39506at6656          -            545    0.0017   16.0   0.0   2   2   0.00087     0.033   11.7   0.0   474   528    14    63    13    64 0.83 -
TCONS_00026011:225-416   -             64 39506at6656          -            545    0.0017   16.0   0.0   1   2     0.017      0.65    7.4   0.0   161   188     1    28     1    31 0.89 -
TCONS_00026011:225-416   -             64 39506at6656          -            545    0.0017   16.0   0.0   2   2   0.00087     0.033   11.7   0.0   474   528    14    63    13    64 0.83 -
TCONS_00028021:166-357   -             64 39506at6656          -            545    0.0017   16.0   0.0   1   2     0.017      0.65    7.4   0.0   161   188     1    28     1    31 0.89 -
TCONS_00028021:166-357   -             64 39506at6656          -            545    0.0017   16.0   0.0   2   2   0.00087     0.033   11.7   0.0   474   528    14    63    13    64 0.83 -
TCONS_00013992:550-780   -             77 39506at6656          -            545    0.0017   15.9   0.0   1   1   7.3e-05    0.0027   15.3   0.0   472   516    16    64     1    68 0.67 -
TCONS_00028629:1319-1549 -             77 39506at6656          -            545    0.0017   15.9   0.0   1   1   7.3e-05    0.0027   15.3   0.0   472   516    16    64     1    68 0.67 -
TCONS_00016234:555-701   -             49 39506at6656          -            545    0.0032   15.0   0.0   1   1   9.3e-05    0.0035   14.9   0.0   389   433     1    46     1    48 0.78 -
TCONS_00022245:555-701   -             49 39506at6656          -            545    0.0032   15.0   0.0   1   1   9.3e-05    0.0035   14.9   0.0   389   433     1    46     1    48 0.78 -
TCONS_00023432:555-701   -             49 39506at6656          -            545    0.0032   15.0   0.0   1   1   9.3e-05    0.0035   14.9   0.0   389   433     1    46     1    48 0.78 -
TCONS_00059158:1219-3468 -            750 39506at6656          -            545    0.0039   14.7   0.0   1   1   0.00017    0.0064   14.0   0.0   155   191   646   682   629   693 0.84 -
TCONS_00060652:1219-3468 -            750 39506at6656          -            545    0.0039   14.7   0.0   1   1   0.00017    0.0064   14.0   0.0   155   191   646   682   629   693 0.84 -
TCONS_00060653:1058-3307 -            750 39506at6656          -            545    0.0039   14.7   0.0   1   1   0.00017    0.0064   14.0   0.0   155   191   646   682   629   693 0.84 -
TCONS_00043074:1279-1494 -             72 39506at6656          -            545    0.0053   14.3   0.2   1   1    0.0004     0.015   12.8   0.2   162   515     2    59     1    71 0.55 -
TCONS_00045937:1310-1525 -             72 39506at6656          -            545    0.0053   14.3   0.2   1   1    0.0004     0.015   12.8   0.2   162   515     2    59     1    71 0.55 -
TCONS_00048288:1356-1571 -             72 39506at6656          -            545    0.0053   14.3   0.2   1   1    0.0004     0.015   12.8   0.2   162   515     2    59     1    71 0.55 -
TCONS_00049144:1387-1602 -             72 39506at6656          -            545    0.0053   14.3   0.2   1   1    0.0004     0.015   12.8   0.2   162   515     2    59     1    71 0.55 -
TCONS_00017614:1328-1651 -            108 39506at6656          -            545    0.0084   13.7   0.0   1   1   0.00054      0.02   12.4   0.0   491   533    60   103    16   106 0.73 -
TCONS_00017616:872-1195  -            108 39506at6656          -            545    0.0084   13.7   0.0   1   1   0.00054      0.02   12.4   0.0   491   533    60   103    16   106 0.73 -
TCONS_00041685:705-995   -             97 39506at6656          -            545    0.0085   13.6   0.0   1   1   0.00024     0.009   13.6   0.0   159   224    24    93    12    97 0.73 -
TCONS_00018528:2811-3140 -            110 39506at6656          -            545    0.0088   13.6   0.0   1   2       2.6        99    0.2   0.0   159   184    24    49    11    59 0.67 -
TCONS_00018528:2811-3140 -            110 39506at6656          -            545    0.0088   13.6   0.0   2   2   0.00063     0.024   12.2   0.0   491   533    62   105    21   108 0.74 -
TCONS_00021244:2811-3140 -            110 39506at6656          -            545    0.0088   13.6   0.0   1   2       2.6        99    0.2   0.0   159   184    24    49    11    59 0.67 -
TCONS_00021244:2811-3140 -            110 39506at6656          -            545    0.0088   13.6   0.0   2   2   0.00063     0.024   12.2   0.0   491   533    62   105    21   108 0.74 -
TCONS_00023039:2801-3130 -            110 39506at6656          -            545    0.0088   13.6   0.0   1   2       2.6        99    0.2   0.0   159   184    24    49    11    59 0.67 -
TCONS_00023039:2801-3130 -            110 39506at6656          -            545    0.0088   13.6   0.0   2   2   0.00063     0.024   12.2   0.0   491   533    62   105    21   108 0.74 -
TCONS_00024002:2811-3140 -            110 39506at6656          -            545    0.0088   13.6   0.0   1   2       2.6        99    0.2   0.0   159   184    24    49    11    59 0.67 -
TCONS_00024002:2811-3140 -            110 39506at6656          -            545    0.0088   13.6   0.0   2   2   0.00063     0.024   12.2   0.0   491   533    62   105    21   108 0.74 -
TCONS_00041006:655-894   -             80 39506at6656          -            545    0.0097   13.4   0.1   1   1     0.001     0.039   11.5   0.1    24    47    49    72    41    77 0.74 -
TCONS_00043688:1505-1744 -             80 39506at6656          -            545    0.0097   13.4   0.1   1   1     0.001     0.039   11.5   0.1    24    47    49    72    41    77 0.74 -
TCONS_00045259:1153-1392 -             80 39506at6656          -            545    0.0097   13.4   0.1   1   1     0.001     0.039   11.5   0.1    24    47    49    72    41    77 0.74 -
TCONS_00045260:568-807   -             80 39506at6656          -            545    0.0097   13.4   0.1   1   1     0.001     0.039   11.5   0.1    24    47    49    72    41    77 0.74 -
TCONS_00001260:148-381   -             78 39506at6656          -            545      0.01   13.4   0.0   1   1   0.00029     0.011   13.3   0.0   472   513    11    55     1    60 0.78 -
TCONS_00001281:116-349   -             78 39506at6656          -            545      0.01   13.4   0.0   1   1   0.00029     0.011   13.3   0.0   472   513    11    55     1    60 0.78 -
TCONS_00014875:84-338    -             85 39506at6656          -            545     0.013   13.1   0.0   1   1   0.00037     0.014   12.9   0.0   472   513    11    55     1    60 0.78 -
TCONS_00019133:82-336    -             85 39506at6656          -            545     0.013   13.1   0.0   1   1   0.00037     0.014   12.9   0.0   472   513    11    55     1    60 0.78 -
TCONS_00040606:1712-1990 -             93 39506at6656          -            545     0.032   11.7   0.0   1   1   0.00091     0.034   11.6   0.0   383   433    26    77    18    93 0.64 -
TCONS_00043397:1721-1999 -             93 39506at6656          -            545     0.032   11.7   0.0   1   1   0.00091     0.034   11.6   0.0   383   433    26    77    18    93 0.64 -
TCONS_00021239:1049-1201 -             51 39506at6656          -            545       0.1   10.1   0.0   1   1    0.0027       0.1   10.1   0.0   167   431    11    48     1    51 0.43 -
TCONS_00021242:652-804   -             51 39506at6656          -            545       0.1   10.1   0.0   1   1    0.0027       0.1   10.1   0.0   167   431    11    48     1    51 0.43 -
TCONS_00024001:550-702   -             51 39506at6656          -            545       0.1   10.1   0.0   1   1    0.0027       0.1   10.1   0.0   167   431    11    48     1    51 0.43 -
#
# Program:         hmmsearch
# Version:         3.1b2 (February 2015)
# Pipeline mode:   SEARCH
# Query file:      /hpcdata/bcbb/homc/Barillaslab/Agam_hemo_transcriptomes/scripts/busco/busco_downloads/lineages/arthropoda_odb10/hmms/39506at6656.hmm
# Target file:     /hpcdata/bcbb/homc/Barillaslab/Agam_hemo_transcriptomes/scripts/busco/refguided_Agamhemo_BUSCO/run_arthropoda_odb10/metaeuk_output/initial_results/all_transcripts.comprehensive.v6.gffread.fa.modified.fas
# Option settings: hmmsearch --domtblout /hpcdata/bcbb/homc/Barillaslab/Agam_hemo_transcriptomes/scripts/busco/refguided_Agamhemo_BUSCO/run_arthropoda_odb10/hmmer_output/initial_run_results/39506at6656.out --cpu 1 /hpcdata/bcbb/homc/Barillaslab/Agam_hemo_transcriptomes/scripts/busco/busco_downloads/lineages/arthropoda_odb10/hmms/39506at6656.hmm /hpcdata/bcbb/homc/Barillaslab/Agam_hemo_transcriptomes/scripts/busco/refguided_Agamhemo_BUSCO/run_arthropoda_odb10/metaeuk_output/initial_results/all_transcripts.comprehensive.v6.gffread.fa.modified.fas 
# Current dir:     /hpcdata/bcbb/homc/Barillaslab/Agam_hemo_transcriptomes/scripts/busco
# Date:            Thu Feb  9 16:53:02 2023
# [ok]
