#                                                                                --- full sequence --- -------------- this domain -------------   hmm coord   ali coord   env coord
# target name            accession   tlen query name           accession   qlen   E-value  score  bias   #  of  c-Evalue  i-Evalue  score  bias  from    to  from    to  from    to  acc description of target
#    ------------------- ---------- ----- -------------------- ---------- ----- --------- ------ ----- --- --- --------- --------- ------ ----- ----- ----- ----- ----- ----- ----- ---- ---------------------
TCONS_00004073:5087-6739 -            551 47495at6656          -            281  6.2e-106  352.7   7.4   1   3   2.6e-11   8.2e-08   30.8   0.4     6    70   155   242   150   245 0.76 -
TCONS_00004073:5087-6739 -            551 47495at6656          -            281  6.2e-106  352.7   7.4   2   3   9.5e-55     3e-51  173.3   0.1    55   173   245   387   242   395 0.86 -
TCONS_00004073:5087-6739 -            551 47495at6656          -            281  6.2e-106  352.7   7.4   3   3   2.6e-47   8.2e-44  148.9   0.2   171   280   414   532   409   533 0.91 -
TCONS_00012996:4756-6408 -            551 47495at6656          -            281  6.2e-106  352.7   7.4   1   3   2.6e-11   8.2e-08   30.8   0.4     6    70   155   242   150   245 0.76 -
TCONS_00012996:4756-6408 -            551 47495at6656          -            281  6.2e-106  352.7   7.4   2   3   9.5e-55     3e-51  173.3   0.1    55   173   245   387   242   395 0.86 -
TCONS_00012996:4756-6408 -            551 47495at6656          -            281  6.2e-106  352.7   7.4   3   3   2.6e-47   8.2e-44  148.9   0.2   171   280   414   532   409   533 0.91 -
TCONS_00010108:4765-6708 -            551 47495at6656          -            281  6.2e-106  352.7   7.4   1   3   2.6e-11   8.2e-08   30.8   0.4     6    70   155   242   150   245 0.76 -
TCONS_00010108:4765-6708 -            551 47495at6656          -            281  6.2e-106  352.7   7.4   2   3   9.5e-55     3e-51  173.3   0.1    55   173   245   387   242   395 0.86 -
TCONS_00010108:4765-6708 -            551 47495at6656          -            281  6.2e-106  352.7   7.4   3   3   2.6e-47   8.2e-44  148.9   0.2   171   280   414   532   409   533 0.91 -
#
# Program:         hmmsearch
# Version:         3.1b2 (February 2015)
# Pipeline mode:   SEARCH
# Query file:      /hpcdata/bcbb/homc/Barillaslab/Agam_hemo_transcriptomes/scripts/busco/busco_downloads/lineages/arthropoda_odb10/hmms/47495at6656.hmm
# Target file:     /hpcdata/bcbb/homc/Barillaslab/Agam_hemo_transcriptomes/scripts/busco/refguided_Agamhemo_BUSCO/run_arthropoda_odb10/metaeuk_output/initial_results/all_transcripts.comprehensive.v6.gffread.fa.modified.fas
# Option settings: hmmsearch --domtblout /hpcdata/bcbb/homc/Barillaslab/Agam_hemo_transcriptomes/scripts/busco/refguided_Agamhemo_BUSCO/run_arthropoda_odb10/hmmer_output/initial_run_results/47495at6656.out --cpu 1 /hpcdata/bcbb/homc/Barillaslab/Agam_hemo_transcriptomes/scripts/busco/busco_downloads/lineages/arthropoda_odb10/hmms/47495at6656.hmm /hpcdata/bcbb/homc/Barillaslab/Agam_hemo_transcriptomes/scripts/busco/refguided_Agamhemo_BUSCO/run_arthropoda_odb10/metaeuk_output/initial_results/all_transcripts.comprehensive.v6.gffread.fa.modified.fas 
# Current dir:     /hpcdata/bcbb/homc/Barillaslab/Agam_hemo_transcriptomes/scripts/busco
# Date:            Thu Feb  9 16:53:29 2023
# [ok]
