#                                                                                --- full sequence --- -------------- this domain -------------   hmm coord   ali coord   env coord
# target name            accession   tlen query name           accession   qlen   E-value  score  bias   #  of  c-Evalue  i-Evalue  score  bias  from    to  from    to  from    to  acc description of target
#    ------------------- ---------- ----- -------------------- ---------- ----- --------- ------ ----- --- --- --------- --------- ------ ----- ----- ----- ----- ----- ----- ----- ---- ---------------------
TCONS_00035345:189-3624  -            967 48466at6656          -            226  2.8e-122  405.2  12.1   1   3   1.4e-58   1.4e-56  190.4   0.9     1   112   518   632   518   637 0.97 -
TCONS_00035345:189-3624  -            967 48466at6656          -            226  2.8e-122  405.2  12.1   2   3   5.3e-28   5.3e-26   90.3   0.1   109   165   710   766   699   777 0.86 -
TCONS_00035345:189-3624  -            967 48466at6656          -            226  2.8e-122  405.2  12.1   3   3   2.6e-40   2.6e-38  130.6   1.1   157   226   805   874   791   874 0.94 -
TCONS_00036808:229-3664  -            967 48466at6656          -            226  2.8e-122  405.2  12.1   1   3   1.4e-58   1.4e-56  190.4   0.9     1   112   518   632   518   637 0.97 -
TCONS_00036808:229-3664  -            967 48466at6656          -            226  2.8e-122  405.2  12.1   2   3   5.3e-28   5.3e-26   90.3   0.1   109   165   710   766   699   777 0.86 -
TCONS_00036808:229-3664  -            967 48466at6656          -            226  2.8e-122  405.2  12.1   3   3   2.6e-40   2.6e-38  130.6   1.1   157   226   805   874   791   874 0.94 -
TCONS_00030614:189-3089  -            967 48466at6656          -            226  2.8e-122  405.2  12.1   1   3   1.4e-58   1.4e-56  190.4   0.9     1   112   518   632   518   637 0.97 -
TCONS_00030614:189-3089  -            967 48466at6656          -            226  2.8e-122  405.2  12.1   2   3   5.3e-28   5.3e-26   90.3   0.1   109   165   710   766   699   777 0.86 -
TCONS_00030614:189-3089  -            967 48466at6656          -            226  2.8e-122  405.2  12.1   3   3   2.6e-40   2.6e-38  130.6   1.1   157   226   805   874   791   874 0.94 -
TCONS_00030613:189-3089  -            967 48466at6656          -            226  2.8e-122  405.2  12.1   1   3   1.4e-58   1.4e-56  190.4   0.9     1   112   518   632   518   637 0.97 -
TCONS_00030613:189-3089  -            967 48466at6656          -            226  2.8e-122  405.2  12.1   2   3   5.3e-28   5.3e-26   90.3   0.1   109   165   710   766   699   777 0.86 -
TCONS_00030613:189-3089  -            967 48466at6656          -            226  2.8e-122  405.2  12.1   3   3   2.6e-40   2.6e-38  130.6   1.1   157   226   805   874   791   874 0.94 -
TCONS_00031237:681-1145  -            155 48466at6656          -            226   5.5e-05   21.6   2.8   1   2    0.0017      0.17   10.2   0.1   150   201    10    58     2    61 0.83 -
TCONS_00031237:681-1145  -            155 48466at6656          -            226   5.5e-05   21.6   2.8   2   2   0.00029     0.029   12.7   0.9   171   216    57   103    54   110 0.78 -
TCONS_00049498:1300-2421 -            374 48466at6656          -            226    0.0016   16.8   3.7   1   4      0.93        93    1.2   0.0   177   197    27    47    10    65 0.86 -
TCONS_00049498:1300-2421 -            374 48466at6656          -            226    0.0016   16.8   3.7   2   4     0.025       2.5    6.3   0.0   181   211   110   140    93   150 0.85 -
TCONS_00049498:1300-2421 -            374 48466at6656          -            226    0.0016   16.8   3.7   3   4      0.16        16    3.7   0.1   176   201   238   263   233   267 0.90 -
TCONS_00049498:1300-2421 -            374 48466at6656          -            226    0.0016   16.8   3.7   4   4      0.29        29    2.8   0.0   179   204   269   294   264   306 0.87 -
TCONS_00031138:825-1631  -            269 48466at6656          -            226    0.0018   16.6  12.3   1   4     0.049       4.9    5.4   0.2   168   202    48    82    21    90 0.80 -
TCONS_00031138:825-1631  -            269 48466at6656          -            226    0.0018   16.6  12.3   2   4     0.027       2.7    6.2   0.0   144   200    82   143    79   148 0.75 -
TCONS_00031138:825-1631  -            269 48466at6656          -            226    0.0018   16.6  12.3   3   4      0.39        39    2.4   1.2   176   210   151   185   145   201 0.80 -
TCONS_00031138:825-1631  -            269 48466at6656          -            226    0.0018   16.6  12.3   4   4    0.0089      0.89    7.8   0.1   170   199   231   260   210   266 0.82 -
TCONS_00037603:803-1609  -            269 48466at6656          -            226    0.0018   16.6  12.3   1   4     0.049       4.9    5.4   0.2   168   202    48    82    21    90 0.80 -
TCONS_00037603:803-1609  -            269 48466at6656          -            226    0.0018   16.6  12.3   2   4     0.027       2.7    6.2   0.0   144   200    82   143    79   148 0.75 -
TCONS_00037603:803-1609  -            269 48466at6656          -            226    0.0018   16.6  12.3   3   4      0.39        39    2.4   1.2   176   210   151   185   145   201 0.80 -
TCONS_00037603:803-1609  -            269 48466at6656          -            226    0.0018   16.6  12.3   4   4    0.0089      0.89    7.8   0.1   170   199   231   260   210   266 0.82 -
TCONS_00041193:2431-3165 -            245 48466at6656          -            226    0.0021   16.4   3.1   1   3     0.018       1.8    6.8   0.0   178   204    45    71    39    75 0.90 -
TCONS_00041193:2431-3165 -            245 48466at6656          -            226    0.0021   16.4   3.1   2   3      0.29        29    2.9   0.2   179   215    76   112    73   123 0.81 -
TCONS_00041193:2431-3165 -            245 48466at6656          -            226    0.0021   16.4   3.1   3   3     0.052       5.2    5.3   0.1   174   202   210   238   184   242 0.91 -
TCONS_00046415:3009-3743 -            245 48466at6656          -            226    0.0021   16.4   3.1   1   3     0.018       1.8    6.8   0.0   178   204    45    71    39    75 0.90 -
TCONS_00046415:3009-3743 -            245 48466at6656          -            226    0.0021   16.4   3.1   2   3      0.29        29    2.9   0.2   179   215    76   112    73   123 0.81 -
TCONS_00046415:3009-3743 -            245 48466at6656          -            226    0.0021   16.4   3.1   3   3     0.052       5.2    5.3   0.1   174   202   210   238   184   242 0.91 -
TCONS_00030871:1326-1886 -            187 48466at6656          -            226    0.0022   16.3   2.4   1   2   0.00022     0.022   13.0   0.3   162   199    11    49     3    53 0.79 -
TCONS_00030871:1326-1886 -            187 48466at6656          -            226    0.0022   16.3   2.4   2   2      0.27        27    2.9   0.1   174   203   108   137    80   162 0.83 -
TCONS_00043080:97-702    -            202 48466at6656          -            226     0.003   15.9   0.1   1   1   4.5e-05    0.0045   15.3   0.1    20    98   111   183    96   191 0.81 -
TCONS_00041398:38-646    -            203 48466at6656          -            226    0.0031   15.9   0.1   1   1   4.6e-05    0.0046   15.3   0.1    20    98   112   184    97   192 0.81 -
TCONS_00034622:2-571     -            190 48466at6656          -            226    0.0049   15.2   1.6   1   2    0.0008      0.08   11.2   0.2   175   199    11    35     2    39 0.84 -
TCONS_00034622:2-571     -            190 48466at6656          -            226    0.0049   15.2   1.6   2   2      0.34        34    2.6   0.1   174   203    94   123    67   136 0.83 -
TCONS_00031361:5493-6140 -            216 48466at6656          -            226    0.0058   14.9   1.1   1   3     0.083       8.3    4.6   0.0   173   201    15    43     4    52 0.85 -
TCONS_00031361:5493-6140 -            216 48466at6656          -            226    0.0058   14.9   1.1   2   3         1     1e+02    1.0   0.0    69    92    79   102    41   130 0.68 -
TCONS_00031361:5493-6140 -            216 48466at6656          -            226    0.0058   14.9   1.1   3   3     0.036       3.6    5.8   0.1   161   205   153   197   133   210 0.77 -
TCONS_00034859:7031-7678 -            216 48466at6656          -            226    0.0058   14.9   1.1   1   3     0.083       8.3    4.6   0.0   173   201    15    43     4    52 0.85 -
TCONS_00034859:7031-7678 -            216 48466at6656          -            226    0.0058   14.9   1.1   2   3         1     1e+02    1.0   0.0    69    92    79   102    41   130 0.68 -
TCONS_00034859:7031-7678 -            216 48466at6656          -            226    0.0058   14.9   1.1   3   3     0.036       3.6    5.8   0.1   161   205   153   197   133   210 0.77 -
TCONS_00039309:6845-7492 -            216 48466at6656          -            226    0.0058   14.9   1.1   1   3     0.083       8.3    4.6   0.0   173   201    15    43     4    52 0.85 -
TCONS_00039309:6845-7492 -            216 48466at6656          -            226    0.0058   14.9   1.1   2   3         1     1e+02    1.0   0.0    69    92    79   102    41   130 0.68 -
TCONS_00039309:6845-7492 -            216 48466at6656          -            226    0.0058   14.9   1.1   3   3     0.036       3.6    5.8   0.1   161   205   153   197   133   210 0.77 -
TCONS_00030869:1009-1578 -            190 48466at6656          -            226    0.0064   14.8   1.5   1   4       1.5   1.5e+02    0.6   0.0   185   207     9    31     1    41 0.78 -
TCONS_00030869:1009-1578 -            190 48466at6656          -            226    0.0064   14.8   1.5   2   4       2.2   2.2e+02   -0.0   0.0   176   198    56    78    44    83 0.85 -
TCONS_00030869:1009-1578 -            190 48466at6656          -            226    0.0064   14.8   1.5   3   4    0.0011      0.11   10.7   0.1   173   201    81   109    72   112 0.84 -
TCONS_00030869:1009-1578 -            190 48466at6656          -            226    0.0064   14.8   1.5   4   4       4.8   4.8e+02   -1.1   0.0   176   196   112   132   108   160 0.77 -
TCONS_00059646:432-1172  -            247 48466at6656          -            226    0.0077   14.5  10.2   1   4      0.48        48    2.1   0.4   162   196    19    53     2    64 0.73 -
TCONS_00059646:432-1172  -            247 48466at6656          -            226    0.0077   14.5  10.2   2   4      0.15        15    3.7   0.0   174   199    95   120    56   138 0.75 -
TCONS_00059646:432-1172  -            247 48466at6656          -            226    0.0077   14.5  10.2   3   4     0.002       0.2    9.9   0.2   175   212   139   176   127   179 0.89 -
TCONS_00059646:432-1172  -            247 48466at6656          -            226    0.0077   14.5  10.2   4   4      0.14        14    3.9   0.1   178   198   179   199   175   203 0.89 -
TCONS_00059647:1581-2321 -            247 48466at6656          -            226    0.0077   14.5  10.2   1   4      0.48        48    2.1   0.4   162   196    19    53     2    64 0.73 -
TCONS_00059647:1581-2321 -            247 48466at6656          -            226    0.0077   14.5  10.2   2   4      0.15        15    3.7   0.0   174   199    95   120    56   138 0.75 -
TCONS_00059647:1581-2321 -            247 48466at6656          -            226    0.0077   14.5  10.2   3   4     0.002       0.2    9.9   0.2   175   212   139   176   127   179 0.89 -
TCONS_00059647:1581-2321 -            247 48466at6656          -            226    0.0077   14.5  10.2   4   4      0.14        14    3.9   0.1   178   198   179   199   175   203 0.89 -
TCONS_00062174:1321-2061 -            247 48466at6656          -            226    0.0077   14.5  10.2   1   4      0.48        48    2.1   0.4   162   196    19    53     2    64 0.73 -
TCONS_00062174:1321-2061 -            247 48466at6656          -            226    0.0077   14.5  10.2   2   4      0.15        15    3.7   0.0   174   199    95   120    56   138 0.75 -
TCONS_00062174:1321-2061 -            247 48466at6656          -            226    0.0077   14.5  10.2   3   4     0.002       0.2    9.9   0.2   175   212   139   176   127   179 0.89 -
TCONS_00062174:1321-2061 -            247 48466at6656          -            226    0.0077   14.5  10.2   4   4      0.14        14    3.9   0.1   178   198   179   199   175   203 0.89 -
TCONS_00062290:309-1049  -            247 48466at6656          -            226    0.0077   14.5  10.2   1   4      0.48        48    2.1   0.4   162   196    19    53     2    64 0.73 -
TCONS_00062290:309-1049  -            247 48466at6656          -            226    0.0077   14.5  10.2   2   4      0.15        15    3.7   0.0   174   199    95   120    56   138 0.75 -
TCONS_00062290:309-1049  -            247 48466at6656          -            226    0.0077   14.5  10.2   3   4     0.002       0.2    9.9   0.2   175   212   139   176   127   179 0.89 -
TCONS_00062290:309-1049  -            247 48466at6656          -            226    0.0077   14.5  10.2   4   4      0.14        14    3.9   0.1   178   198   179   199   175   203 0.89 -
TCONS_00063259:647-1387  -            247 48466at6656          -            226    0.0077   14.5  10.2   1   4      0.48        48    2.1   0.4   162   196    19    53     2    64 0.73 -
TCONS_00063259:647-1387  -            247 48466at6656          -            226    0.0077   14.5  10.2   2   4      0.15        15    3.7   0.0   174   199    95   120    56   138 0.75 -
TCONS_00063259:647-1387  -            247 48466at6656          -            226    0.0077   14.5  10.2   3   4     0.002       0.2    9.9   0.2   175   212   139   176   127   179 0.89 -
TCONS_00063259:647-1387  -            247 48466at6656          -            226    0.0077   14.5  10.2   4   4      0.14        14    3.9   0.1   178   198   179   199   175   203 0.89 -
TCONS_00013484:2444-3262 -            273 48466at6656          -            226    0.0084   14.4  12.0   1   4      0.43        43    2.3   0.1   177   203    52    78    43    86 0.88 -
TCONS_00013484:2444-3262 -            273 48466at6656          -            226    0.0084   14.4  12.0   2   4     0.024       2.4    6.4   0.1   174   201   134   161   126   172 0.80 -
TCONS_00013484:2444-3262 -            273 48466at6656          -            226    0.0084   14.4  12.0   3   4       1.1   1.1e+02    1.0   0.1   175   201   166   192   161   201 0.88 -
TCONS_00013484:2444-3262 -            273 48466at6656          -            226    0.0084   14.4  12.0   4   4    0.0013      0.13   10.5   0.1   175   203   224   252   209   267 0.85 -
TCONS_00036708:107-1075  -            323 48466at6656          -            226     0.012   13.9   2.0   1   1    0.0013      0.13   10.5   2.0   149   204   202   254   190   279 0.69 -
TCONS_00015421:1212-1718 -            169 48466at6656          -            226     0.016   13.5  11.4   1   2    0.0033      0.33    9.2   0.6   168   202    29    63    24    68 0.90 -
TCONS_00015421:1212-1718 -            169 48466at6656          -            226     0.016   13.5  11.4   2   2    0.0035      0.35    9.1   3.4   131   198    78   144    70   150 0.86 -
TCONS_00030687:1462-2094 -            211 48466at6656          -            226     0.021   13.1   9.3   1   4       3.3   3.3e+02   -0.6   0.0   176   198     7    29     2    49 0.83 -
TCONS_00030687:1462-2094 -            211 48466at6656          -            226     0.021   13.1   9.3   2   4      0.06         6    5.1   0.1   154   197    57   101    44   116 0.77 -
TCONS_00030687:1462-2094 -            211 48466at6656          -            226     0.021   13.1   9.3   3   4    0.0023      0.23    9.7   1.0   175   199   135   159   106   170 0.82 -
TCONS_00030687:1462-2094 -            211 48466at6656          -            226     0.021   13.1   9.3   4   4      0.53        53    2.0   0.5   175   197   163   185   159   205 0.80 -
TCONS_00039911:1098-1778 -            227 48466at6656          -            226     0.026   12.8   2.0   1   3      0.52        52    2.0   0.3   167   205    31    68     7    75 0.67 -
TCONS_00039911:1098-1778 -            227 48466at6656          -            226     0.026   12.8   2.0   2   3       1.3   1.3e+02    0.7   0.0   174   202    68    96    62   102 0.84 -
TCONS_00039911:1098-1778 -            227 48466at6656          -            226     0.026   12.8   2.0   3   3    0.0066      0.66    8.2   0.1   177   198   203   224   188   227 0.79 -
TCONS_00022585:1985-2554 -            190 48466at6656          -            226     0.027   12.8   0.0   1   1   0.00037     0.037   12.3   0.0     5    71    88   154    85   176 0.92 -
TCONS_00028510:325-894   -            190 48466at6656          -            226     0.027   12.8   0.0   1   1   0.00037     0.037   12.3   0.0     5    71    88   154    85   176 0.92 -
TCONS_00020597:2005-2601 -            199 48466at6656          -            226     0.028   12.7   0.0   1   1   0.00038     0.038   12.3   0.0     5    71    87   153    84   181 0.92 -
TCONS_00020596:325-924   -            200 48466at6656          -            226     0.028   12.7   0.0   1   1   0.00038     0.039   12.3   0.0     5    71    88   154    85   182 0.92 -
TCONS_00014239:514-987   -            158 48466at6656          -            226     0.029   12.6   0.0   1   2       1.9   1.9e+02    0.2   0.0     4    62     8    66     6    72 0.80 -
TCONS_00014239:514-987   -            158 48466at6656          -            226     0.029   12.6   0.0   2   2    0.0016      0.16   10.2   0.0     9    60   103   154    95   157 0.91 -
TCONS_00027974:2005-2640 -            212 48466at6656          -            226     0.031   12.6   0.0   1   1    0.0004      0.04   12.2   0.0     5    71    88   154    85   190 0.91 -
TCONS_00059990:248-982   -            245 48466at6656          -            226     0.032   12.5   8.9   1   4      0.45        45    2.2   0.3   162   196    19    53     2    63 0.73 -
TCONS_00059990:248-982   -            245 48466at6656          -            226     0.032   12.5   8.9   2   4      0.17        17    3.6   0.0   174   199    95   120    59   137 0.77 -
TCONS_00059990:248-982   -            245 48466at6656          -            226     0.032   12.5   8.9   3   4     0.027       2.7    6.2   0.2   175   207   139   169   128   176 0.79 -
TCONS_00059990:248-982   -            245 48466at6656          -            226     0.032   12.5   8.9   4   4      0.13        13    4.0   0.1   177   198   176   197   171   201 0.89 -
TCONS_00059992:1683-2417 -            245 48466at6656          -            226     0.032   12.5   8.9   1   4      0.45        45    2.2   0.3   162   196    19    53     2    63 0.73 -
TCONS_00059992:1683-2417 -            245 48466at6656          -            226     0.032   12.5   8.9   2   4      0.17        17    3.6   0.0   174   199    95   120    59   137 0.77 -
TCONS_00059992:1683-2417 -            245 48466at6656          -            226     0.032   12.5   8.9   3   4     0.027       2.7    6.2   0.2   175   207   139   169   128   176 0.79 -
TCONS_00059992:1683-2417 -            245 48466at6656          -            226     0.032   12.5   8.9   4   4      0.13        13    4.0   0.1   177   198   176   197   171   201 0.89 -
TCONS_00062175:510-1244  -            245 48466at6656          -            226     0.032   12.5   8.9   1   4      0.45        45    2.2   0.3   162   196    19    53     2    63 0.73 -
TCONS_00062175:510-1244  -            245 48466at6656          -            226     0.032   12.5   8.9   2   4      0.17        17    3.6   0.0   174   199    95   120    59   137 0.77 -
TCONS_00062175:510-1244  -            245 48466at6656          -            226     0.032   12.5   8.9   3   4     0.027       2.7    6.2   0.2   175   207   139   169   128   176 0.79 -
TCONS_00062175:510-1244  -            245 48466at6656          -            226     0.032   12.5   8.9   4   4      0.13        13    4.0   0.1   177   198   176   197   171   201 0.89 -
TCONS_00062769:1321-2055 -            245 48466at6656          -            226     0.032   12.5   8.9   1   4      0.45        45    2.2   0.3   162   196    19    53     2    63 0.73 -
TCONS_00062769:1321-2055 -            245 48466at6656          -            226     0.032   12.5   8.9   2   4      0.17        17    3.6   0.0   174   199    95   120    59   137 0.77 -
TCONS_00062769:1321-2055 -            245 48466at6656          -            226     0.032   12.5   8.9   3   4     0.027       2.7    6.2   0.2   175   207   139   169   128   176 0.79 -
TCONS_00062769:1321-2055 -            245 48466at6656          -            226     0.032   12.5   8.9   4   4      0.13        13    4.0   0.1   177   198   176   197   171   201 0.89 -
TCONS_00063258:689-1423  -            245 48466at6656          -            226     0.032   12.5   8.9   1   4      0.45        45    2.2   0.3   162   196    19    53     2    63 0.73 -
TCONS_00063258:689-1423  -            245 48466at6656          -            226     0.032   12.5   8.9   2   4      0.17        17    3.6   0.0   174   199    95   120    59   137 0.77 -
TCONS_00063258:689-1423  -            245 48466at6656          -            226     0.032   12.5   8.9   3   4     0.027       2.7    6.2   0.2   175   207   139   169   128   176 0.79 -
TCONS_00063258:689-1423  -            245 48466at6656          -            226     0.032   12.5   8.9   4   4      0.13        13    4.0   0.1   177   198   176   197   171   201 0.89 -
TCONS_00063731:448-1182  -            245 48466at6656          -            226     0.032   12.5   8.9   1   4      0.45        45    2.2   0.3   162   196    19    53     2    63 0.73 -
TCONS_00063731:448-1182  -            245 48466at6656          -            226     0.032   12.5   8.9   2   4      0.17        17    3.6   0.0   174   199    95   120    59   137 0.77 -
TCONS_00063731:448-1182  -            245 48466at6656          -            226     0.032   12.5   8.9   3   4     0.027       2.7    6.2   0.2   175   207   139   169   128   176 0.79 -
TCONS_00063731:448-1182  -            245 48466at6656          -            226     0.032   12.5   8.9   4   4      0.13        13    4.0   0.1   177   198   176   197   171   201 0.89 -
TCONS_00031855:538-981   -            148 48466at6656          -            226     0.034   12.4   4.9   1   2    0.0014      0.14   10.4   1.1   174   204     8    38     2    63 0.69 -
TCONS_00031855:538-981   -            148 48466at6656          -            226     0.034   12.4   4.9   2   2       3.5   3.5e+02   -0.7   0.1   174   192   123   141   108   146 0.75 -
TCONS_00044959:795-1193  -            133 48466at6656          -            226     0.034   12.4   0.2   1   3     0.007       0.7    8.1   0.0   176   203    17    44    12    55 0.88 -
TCONS_00044959:795-1193  -            133 48466at6656          -            226     0.034   12.4   0.2   2   3      0.98        98    1.1   0.0   175   196    52    73    44    85 0.85 -
TCONS_00044959:795-1193  -            133 48466at6656          -            226     0.034   12.4   0.2   3   3       1.2   1.2e+02    0.8   0.1   176   195    81   100    54   111 0.58 -
TCONS_00046795:2887-3285 -            133 48466at6656          -            226     0.034   12.4   0.2   1   3     0.007       0.7    8.1   0.0   176   203    17    44    12    55 0.88 -
TCONS_00046795:2887-3285 -            133 48466at6656          -            226     0.034   12.4   0.2   2   3      0.98        98    1.1   0.0   175   196    52    73    44    85 0.85 -
TCONS_00046795:2887-3285 -            133 48466at6656          -            226     0.034   12.4   0.2   3   3       1.2   1.2e+02    0.8   0.1   176   195    81   100    54   111 0.58 -
TCONS_00034622:2150-2746 -            199 48466at6656          -            226     0.044   12.1   6.0   1   3     0.015       1.5    7.0   0.2   165   197    53    86    25    93 0.81 -
TCONS_00034622:2150-2746 -            199 48466at6656          -            226     0.044   12.1   6.0   2   3       1.4   1.4e+02    0.6   0.1   175   197   120   142   112   148 0.73 -
TCONS_00034622:2150-2746 -            199 48466at6656          -            226     0.044   12.1   6.0   3   3     0.049       4.9    5.4   0.1   175   203   148   176   138   195 0.89 -
TCONS_00037932:987-1583  -            199 48466at6656          -            226     0.044   12.1   6.0   1   3     0.015       1.5    7.0   0.2   165   197    53    86    25    93 0.81 -
TCONS_00037932:987-1583  -            199 48466at6656          -            226     0.044   12.1   6.0   2   3       1.4   1.4e+02    0.6   0.1   175   197   120   142   112   148 0.73 -
TCONS_00037932:987-1583  -            199 48466at6656          -            226     0.044   12.1   6.0   3   3     0.049       4.9    5.4   0.1   175   203   148   176   138   195 0.89 -
TCONS_00041124:840-1820  -            327 48466at6656          -            226      0.05   11.9   4.4   1   4       3.8   3.8e+02   -0.8   0.0   175   202    78   105    73   107 0.85 -
TCONS_00041124:840-1820  -            327 48466at6656          -            226      0.05   11.9   4.4   2   4    0.0019      0.19   10.0   0.4   146   200   105   159    92   165 0.86 -
TCONS_00041124:840-1820  -            327 48466at6656          -            226      0.05   11.9   4.4   3   4       8.9   8.9e+02   -2.0   0.0   176   199   219   242   201   254 0.79 -
TCONS_00041124:840-1820  -            327 48466at6656          -            226      0.05   11.9   4.4   4   4      0.69        69    1.6   0.0   174   199   274   299   265   309 0.83 -
TCONS_00038319:767-1405  -            213 48466at6656          -            226     0.057   11.7   5.7   1   4     0.031       3.1    6.0   0.1   168   209    41    82    12    95 0.85 -
TCONS_00038319:767-1405  -            213 48466at6656          -            226     0.057   11.7   5.7   2   4     0.015       1.5    7.1   0.1   170   202   100   132    89   134 0.84 -
TCONS_00038319:767-1405  -            213 48466at6656          -            226     0.057   11.7   5.7   3   4       2.5   2.5e+02   -0.2   0.1   175   195   133   153   131   161 0.83 -
TCONS_00038319:767-1405  -            213 48466at6656          -            226     0.057   11.7   5.7   4   4         5     5e+02   -1.2   0.0   168   195   179   208   149   213 0.61 -
TCONS_00030541:1676-2605 -            310 48466at6656          -            226     0.092   11.0  16.5   1   7      0.58        58    1.9   0.0   177   197     2    22     1    28 0.85 -
TCONS_00030541:1676-2605 -            310 48466at6656          -            226     0.092   11.0  16.5   2   7      0.29        29    2.8   0.1   177   201    30    54    24    57 0.89 -
TCONS_00030541:1676-2605 -            310 48466at6656          -            226     0.092   11.0  16.5   3   7      0.16        16    3.7   0.0   173   199    55    81    51    89 0.83 -
TCONS_00030541:1676-2605 -            310 48466at6656          -            226     0.092   11.0  16.5   4   7       9.5   9.5e+02   -2.1   0.0   176   200    86   110    80   131 0.76 -
TCONS_00030541:1676-2605 -            310 48466at6656          -            226     0.092   11.0  16.5   5   7     0.027       2.7    6.2   0.1   175   202   141   168   115   171 0.89 -
TCONS_00030541:1676-2605 -            310 48466at6656          -            226     0.092   11.0  16.5   6   7       2.5   2.5e+02   -0.2   0.1   177   196   172   193   168   198 0.83 -
TCONS_00030541:1676-2605 -            310 48466at6656          -            226     0.092   11.0  16.5   7   7      0.11        11    4.3   0.3   170   205   247   282   217   299 0.67 -
TCONS_00030542:4448-5377 -            310 48466at6656          -            226     0.092   11.0  16.5   1   7      0.58        58    1.9   0.0   177   197     2    22     1    28 0.85 -
TCONS_00030542:4448-5377 -            310 48466at6656          -            226     0.092   11.0  16.5   2   7      0.29        29    2.8   0.1   177   201    30    54    24    57 0.89 -
TCONS_00030542:4448-5377 -            310 48466at6656          -            226     0.092   11.0  16.5   3   7      0.16        16    3.7   0.0   173   199    55    81    51    89 0.83 -
TCONS_00030542:4448-5377 -            310 48466at6656          -            226     0.092   11.0  16.5   4   7       9.5   9.5e+02   -2.1   0.0   176   200    86   110    80   131 0.76 -
TCONS_00030542:4448-5377 -            310 48466at6656          -            226     0.092   11.0  16.5   5   7     0.027       2.7    6.2   0.1   175   202   141   168   115   171 0.89 -
TCONS_00030542:4448-5377 -            310 48466at6656          -            226     0.092   11.0  16.5   6   7       2.5   2.5e+02   -0.2   0.1   177   196   172   193   168   198 0.83 -
TCONS_00030542:4448-5377 -            310 48466at6656          -            226     0.092   11.0  16.5   7   7      0.11        11    4.3   0.3   170   205   247   282   217   299 0.67 -
TCONS_00030543:4255-5184 -            310 48466at6656          -            226     0.092   11.0  16.5   1   7      0.58        58    1.9   0.0   177   197     2    22     1    28 0.85 -
TCONS_00030543:4255-5184 -            310 48466at6656          -            226     0.092   11.0  16.5   2   7      0.29        29    2.8   0.1   177   201    30    54    24    57 0.89 -
TCONS_00030543:4255-5184 -            310 48466at6656          -            226     0.092   11.0  16.5   3   7      0.16        16    3.7   0.0   173   199    55    81    51    89 0.83 -
TCONS_00030543:4255-5184 -            310 48466at6656          -            226     0.092   11.0  16.5   4   7       9.5   9.5e+02   -2.1   0.0   176   200    86   110    80   131 0.76 -
TCONS_00030543:4255-5184 -            310 48466at6656          -            226     0.092   11.0  16.5   5   7     0.027       2.7    6.2   0.1   175   202   141   168   115   171 0.89 -
TCONS_00030543:4255-5184 -            310 48466at6656          -            226     0.092   11.0  16.5   6   7       2.5   2.5e+02   -0.2   0.1   177   196   172   193   168   198 0.83 -
TCONS_00030543:4255-5184 -            310 48466at6656          -            226     0.092   11.0  16.5   7   7      0.11        11    4.3   0.3   170   205   247   282   217   299 0.67 -
TCONS_00030544:783-1712  -            310 48466at6656          -            226     0.092   11.0  16.5   1   7      0.58        58    1.9   0.0   177   197     2    22     1    28 0.85 -
TCONS_00030544:783-1712  -            310 48466at6656          -            226     0.092   11.0  16.5   2   7      0.29        29    2.8   0.1   177   201    30    54    24    57 0.89 -
TCONS_00030544:783-1712  -            310 48466at6656          -            226     0.092   11.0  16.5   3   7      0.16        16    3.7   0.0   173   199    55    81    51    89 0.83 -
TCONS_00030544:783-1712  -            310 48466at6656          -            226     0.092   11.0  16.5   4   7       9.5   9.5e+02   -2.1   0.0   176   200    86   110    80   131 0.76 -
TCONS_00030544:783-1712  -            310 48466at6656          -            226     0.092   11.0  16.5   5   7     0.027       2.7    6.2   0.1   175   202   141   168   115   171 0.89 -
TCONS_00030544:783-1712  -            310 48466at6656          -            226     0.092   11.0  16.5   6   7       2.5   2.5e+02   -0.2   0.1   177   196   172   193   168   198 0.83 -
TCONS_00030544:783-1712  -            310 48466at6656          -            226     0.092   11.0  16.5   7   7      0.11        11    4.3   0.3   170   205   247   282   217   299 0.67 -
TCONS_00032897:7555-8484 -            310 48466at6656          -            226     0.092   11.0  16.5   1   7      0.58        58    1.9   0.0   177   197     2    22     1    28 0.85 -
TCONS_00032897:7555-8484 -            310 48466at6656          -            226     0.092   11.0  16.5   2   7      0.29        29    2.8   0.1   177   201    30    54    24    57 0.89 -
TCONS_00032897:7555-8484 -            310 48466at6656          -            226     0.092   11.0  16.5   3   7      0.16        16    3.7   0.0   173   199    55    81    51    89 0.83 -
TCONS_00032897:7555-8484 -            310 48466at6656          -            226     0.092   11.0  16.5   4   7       9.5   9.5e+02   -2.1   0.0   176   200    86   110    80   131 0.76 -
TCONS_00032897:7555-8484 -            310 48466at6656          -            226     0.092   11.0  16.5   5   7     0.027       2.7    6.2   0.1   175   202   141   168   115   171 0.89 -
TCONS_00032897:7555-8484 -            310 48466at6656          -            226     0.092   11.0  16.5   6   7       2.5   2.5e+02   -0.2   0.1   177   196   172   193   168   198 0.83 -
TCONS_00032897:7555-8484 -            310 48466at6656          -            226     0.092   11.0  16.5   7   7      0.11        11    4.3   0.3   170   205   247   282   217   299 0.67 -
TCONS_00032898:1551-2480 -            310 48466at6656          -            226     0.092   11.0  16.5   1   7      0.58        58    1.9   0.0   177   197     2    22     1    28 0.85 -
TCONS_00032898:1551-2480 -            310 48466at6656          -            226     0.092   11.0  16.5   2   7      0.29        29    2.8   0.1   177   201    30    54    24    57 0.89 -
TCONS_00032898:1551-2480 -            310 48466at6656          -            226     0.092   11.0  16.5   3   7      0.16        16    3.7   0.0   173   199    55    81    51    89 0.83 -
TCONS_00032898:1551-2480 -            310 48466at6656          -            226     0.092   11.0  16.5   4   7       9.5   9.5e+02   -2.1   0.0   176   200    86   110    80   131 0.76 -
TCONS_00032898:1551-2480 -            310 48466at6656          -            226     0.092   11.0  16.5   5   7     0.027       2.7    6.2   0.1   175   202   141   168   115   171 0.89 -
TCONS_00032898:1551-2480 -            310 48466at6656          -            226     0.092   11.0  16.5   6   7       2.5   2.5e+02   -0.2   0.1   177   196   172   193   168   198 0.83 -
TCONS_00032898:1551-2480 -            310 48466at6656          -            226     0.092   11.0  16.5   7   7      0.11        11    4.3   0.3   170   205   247   282   217   299 0.67 -
TCONS_00036783:946-1875  -            310 48466at6656          -            226     0.092   11.0  16.5   1   7      0.58        58    1.9   0.0   177   197     2    22     1    28 0.85 -
TCONS_00036783:946-1875  -            310 48466at6656          -            226     0.092   11.0  16.5   2   7      0.29        29    2.8   0.1   177   201    30    54    24    57 0.89 -
TCONS_00036783:946-1875  -            310 48466at6656          -            226     0.092   11.0  16.5   3   7      0.16        16    3.7   0.0   173   199    55    81    51    89 0.83 -
TCONS_00036783:946-1875  -            310 48466at6656          -            226     0.092   11.0  16.5   4   7       9.5   9.5e+02   -2.1   0.0   176   200    86   110    80   131 0.76 -
TCONS_00036783:946-1875  -            310 48466at6656          -            226     0.092   11.0  16.5   5   7     0.027       2.7    6.2   0.1   175   202   141   168   115   171 0.89 -
TCONS_00036783:946-1875  -            310 48466at6656          -            226     0.092   11.0  16.5   6   7       2.5   2.5e+02   -0.2   0.1   177   196   172   193   168   198 0.83 -
TCONS_00036783:946-1875  -            310 48466at6656          -            226     0.092   11.0  16.5   7   7      0.11        11    4.3   0.3   170   205   247   282   217   299 0.67 -
TCONS_00007385:2691-3521 -            277 48466at6656          -            226     0.094   11.0   9.9   1   5       6.2   6.2e+02   -1.5   0.0    80   102    37    59    26    63 0.83 -
TCONS_00007385:2691-3521 -            277 48466at6656          -            226     0.094   11.0   9.9   2   5       1.3   1.3e+02    0.7   0.1   177   201    57    81    43    87 0.87 -
TCONS_00007385:2691-3521 -            277 48466at6656          -            226     0.094   11.0   9.9   3   5     0.024       2.4    6.4   0.0   174   199   138   163   121   172 0.82 -
TCONS_00007385:2691-3521 -            277 48466at6656          -            226     0.094   11.0   9.9   4   5      0.13        13    3.9   0.2   175   209   170   204   164   215 0.85 -
TCONS_00007385:2691-3521 -            277 48466at6656          -            226     0.094   11.0   9.9   5   5      0.17        17    3.6   0.2   175   203   228   256   214   258 0.87 -
TCONS_00007386:668-1498  -            277 48466at6656          -            226     0.094   11.0   9.9   1   5       6.2   6.2e+02   -1.5   0.0    80   102    37    59    26    63 0.83 -
TCONS_00007386:668-1498  -            277 48466at6656          -            226     0.094   11.0   9.9   2   5       1.3   1.3e+02    0.7   0.1   177   201    57    81    43    87 0.87 -
TCONS_00007386:668-1498  -            277 48466at6656          -            226     0.094   11.0   9.9   3   5     0.024       2.4    6.4   0.0   174   199   138   163   121   172 0.82 -
TCONS_00007386:668-1498  -            277 48466at6656          -            226     0.094   11.0   9.9   4   5      0.13        13    3.9   0.2   175   209   170   204   164   215 0.85 -
TCONS_00007386:668-1498  -            277 48466at6656          -            226     0.094   11.0   9.9   5   5      0.17        17    3.6   0.2   175   203   228   256   214   258 0.87 -
TCONS_00011795:666-1496  -            277 48466at6656          -            226     0.094   11.0   9.9   1   5       6.2   6.2e+02   -1.5   0.0    80   102    37    59    26    63 0.83 -
TCONS_00011795:666-1496  -            277 48466at6656          -            226     0.094   11.0   9.9   2   5       1.3   1.3e+02    0.7   0.1   177   201    57    81    43    87 0.87 -
TCONS_00011795:666-1496  -            277 48466at6656          -            226     0.094   11.0   9.9   3   5     0.024       2.4    6.4   0.0   174   199   138   163   121   172 0.82 -
TCONS_00011795:666-1496  -            277 48466at6656          -            226     0.094   11.0   9.9   4   5      0.13        13    3.9   0.2   175   209   170   204   164   215 0.85 -
TCONS_00011795:666-1496  -            277 48466at6656          -            226     0.094   11.0   9.9   5   5      0.17        17    3.6   0.2   175   203   228   256   214   258 0.87 -
TCONS_00046898:2336-3013 -            226 48466at6656          -            226      0.21    9.9   4.1   1   4       1.1   1.1e+02    1.0   0.1   173   203    87   117    76   121 0.85 -
TCONS_00046898:2336-3013 -            226 48466at6656          -            226      0.21    9.9   4.1   2   4     0.044       4.4    5.5   0.6   172   201   118   147    93   151 0.81 -
TCONS_00046898:2336-3013 -            226 48466at6656          -            226      0.21    9.9   4.1   3   4       5.5   5.5e+02   -1.3   0.0   177   197   152   172   145   186 0.83 -
TCONS_00046898:2336-3013 -            226 48466at6656          -            226      0.21    9.9   4.1   4   4      0.23        23    3.1   0.1   165   196   197   225   177   226 0.81 -
TCONS_00032677:151-1257  -            369 48466at6656          -            226      0.21    9.9   6.3   1   1    0.0017      0.17   10.2   2.0   149   204   202   254   191   279 0.69 -
TCONS_00039680:1659-2312 -            218 48466at6656          -            226      0.26    9.5   5.9   1   3    0.0028      0.28    9.4   0.2   168   203    47    82    34    85 0.86 -
TCONS_00039680:1659-2312 -            218 48466at6656          -            226      0.26    9.5   5.9   2   3      0.38        38    2.4   0.3   174   196    84   106    80   136 0.81 -
TCONS_00039680:1659-2312 -            218 48466at6656          -            226      0.26    9.5   5.9   3   3       8.7   8.7e+02   -2.0   0.0   177   195   144   162   130   170 0.79 -
TCONS_00003563:830-1555  -            242 48466at6656          -            226      0.27    9.5   9.1   1   5       1.2   1.2e+02    0.8   0.0   171   202    10    41     3    46 0.86 -
TCONS_00003563:830-1555  -            242 48466at6656          -            226      0.27    9.5   9.1   2   5      0.87        87    1.3   0.1   174   204    70   100    53   115 0.80 -
TCONS_00003563:830-1555  -            242 48466at6656          -            226      0.27    9.5   9.1   3   5       6.4   6.4e+02   -1.6   0.0   174   202   130   158   105   164 0.77 -
TCONS_00003563:830-1555  -            242 48466at6656          -            226      0.27    9.5   9.1   4   5      0.77        77    1.5   0.1   175   202   162   189   138   193 0.82 -
TCONS_00003563:830-1555  -            242 48466at6656          -            226      0.27    9.5   9.1   5   5    0.0058      0.58    8.4   0.6   174   201   189   216   185   240 0.79 -
TCONS_00006419:934-1659  -            242 48466at6656          -            226      0.27    9.5   9.1   1   5       1.2   1.2e+02    0.8   0.0   171   202    10    41     3    46 0.86 -
TCONS_00006419:934-1659  -            242 48466at6656          -            226      0.27    9.5   9.1   2   5      0.87        87    1.3   0.1   174   204    70   100    53   115 0.80 -
TCONS_00006419:934-1659  -            242 48466at6656          -            226      0.27    9.5   9.1   3   5       6.4   6.4e+02   -1.6   0.0   174   202   130   158   105   164 0.77 -
TCONS_00006419:934-1659  -            242 48466at6656          -            226      0.27    9.5   9.1   4   5      0.77        77    1.5   0.1   175   202   162   189   138   193 0.82 -
TCONS_00006419:934-1659  -            242 48466at6656          -            226      0.27    9.5   9.1   5   5    0.0058      0.58    8.4   0.6   174   201   189   216   185   240 0.79 -
TCONS_00012019:870-1595  -            242 48466at6656          -            226      0.27    9.5   9.1   1   5       1.2   1.2e+02    0.8   0.0   171   202    10    41     3    46 0.86 -
TCONS_00012019:870-1595  -            242 48466at6656          -            226      0.27    9.5   9.1   2   5      0.87        87    1.3   0.1   174   204    70   100    53   115 0.80 -
TCONS_00012019:870-1595  -            242 48466at6656          -            226      0.27    9.5   9.1   3   5       6.4   6.4e+02   -1.6   0.0   174   202   130   158   105   164 0.77 -
TCONS_00012019:870-1595  -            242 48466at6656          -            226      0.27    9.5   9.1   4   5      0.77        77    1.5   0.1   175   202   162   189   138   193 0.82 -
TCONS_00012019:870-1595  -            242 48466at6656          -            226      0.27    9.5   9.1   5   5    0.0058      0.58    8.4   0.6   174   201   189   216   185   240 0.79 -
TCONS_00012020:4812-5537 -            242 48466at6656          -            226      0.27    9.5   9.1   1   5       1.2   1.2e+02    0.8   0.0   171   202    10    41     3    46 0.86 -
TCONS_00012020:4812-5537 -            242 48466at6656          -            226      0.27    9.5   9.1   2   5      0.87        87    1.3   0.1   174   204    70   100    53   115 0.80 -
TCONS_00012020:4812-5537 -            242 48466at6656          -            226      0.27    9.5   9.1   3   5       6.4   6.4e+02   -1.6   0.0   174   202   130   158   105   164 0.77 -
TCONS_00012020:4812-5537 -            242 48466at6656          -            226      0.27    9.5   9.1   4   5      0.77        77    1.5   0.1   175   202   162   189   138   193 0.82 -
TCONS_00012020:4812-5537 -            242 48466at6656          -            226      0.27    9.5   9.1   5   5    0.0058      0.58    8.4   0.6   174   201   189   216   185   240 0.79 -
TCONS_00030767:858-1451  -            198 48466at6656          -            226      0.37    9.1   4.0   1   3      0.18        18    3.5   0.2   168   196    54    82    35    89 0.85 -
TCONS_00030767:858-1451  -            198 48466at6656          -            226      0.37    9.1   4.0   2   3      0.03         3    6.1   0.1   174   204    88   118    83   128 0.88 -
TCONS_00030767:858-1451  -            198 48466at6656          -            226      0.37    9.1   4.0   3   3         4     4e+02   -0.9   0.1   176   199   146   169   118   174 0.67 -
TCONS_00033089:776-1369  -            198 48466at6656          -            226      0.37    9.1   4.0   1   3      0.18        18    3.5   0.2   168   196    54    82    35    89 0.85 -
TCONS_00033089:776-1369  -            198 48466at6656          -            226      0.37    9.1   4.0   2   3      0.03         3    6.1   0.1   174   204    88   118    83   128 0.88 -
TCONS_00033089:776-1369  -            198 48466at6656          -            226      0.37    9.1   4.0   3   3         4     4e+02   -0.9   0.1   176   199   146   169   118   174 0.67 -
TCONS_00033090:894-1487  -            198 48466at6656          -            226      0.37    9.1   4.0   1   3      0.18        18    3.5   0.2   168   196    54    82    35    89 0.85 -
TCONS_00033090:894-1487  -            198 48466at6656          -            226      0.37    9.1   4.0   2   3      0.03         3    6.1   0.1   174   204    88   118    83   128 0.88 -
TCONS_00033090:894-1487  -            198 48466at6656          -            226      0.37    9.1   4.0   3   3         4     4e+02   -0.9   0.1   176   199   146   169   118   174 0.67 -
TCONS_00036849:711-1304  -            198 48466at6656          -            226      0.37    9.1   4.0   1   3      0.18        18    3.5   0.2   168   196    54    82    35    89 0.85 -
TCONS_00036849:711-1304  -            198 48466at6656          -            226      0.37    9.1   4.0   2   3      0.03         3    6.1   0.1   174   204    88   118    83   128 0.88 -
TCONS_00036849:711-1304  -            198 48466at6656          -            226      0.37    9.1   4.0   3   3         4     4e+02   -0.9   0.1   176   199   146   169   118   174 0.67 -
TCONS_00015712:737-1237  -            167 48466at6656          -            226      0.42    8.9   4.2   1   3       2.9   2.9e+02   -0.4   0.0   159   180     6    29     3    42 0.80 -
TCONS_00015712:737-1237  -            167 48466at6656          -            226      0.42    8.9   4.2   2   3      0.47        47    2.1   0.1   176   197    60    81    15    87 0.71 -
TCONS_00015712:737-1237  -            167 48466at6656          -            226      0.42    8.9   4.2   3   3     0.015       1.5    7.0   1.0   142   202    82   142    78   147 0.81 -
TCONS_00024462:859-1359  -            167 48466at6656          -            226      0.42    8.9   4.2   1   3       2.9   2.9e+02   -0.4   0.0   159   180     6    29     3    42 0.80 -
TCONS_00024462:859-1359  -            167 48466at6656          -            226      0.42    8.9   4.2   2   3      0.47        47    2.1   0.1   176   197    60    81    15    87 0.71 -
TCONS_00024462:859-1359  -            167 48466at6656          -            226      0.42    8.9   4.2   3   3     0.015       1.5    7.0   1.0   142   202    82   142    78   147 0.81 -
TCONS_00043471:1269-1964 -            232 48466at6656          -            226      0.57    8.4   8.4   1   3       0.1        10    4.4   0.5   172   199    24    51     3    61 0.79 -
TCONS_00043471:1269-1964 -            232 48466at6656          -            226      0.57    8.4   8.4   2   3       7.1   7.1e+02   -1.7   0.1   177   195    85   103    74   133 0.66 -
TCONS_00043471:1269-1964 -            232 48466at6656          -            226      0.57    8.4   8.4   3   3    0.0075      0.75    8.0   0.2   176   201   204   229   172   231 0.88 -
TCONS_00040722:172-726   -            185 48466at6656          -            226       0.6    8.4   9.7   1   4      0.44        44    2.3   0.2   178   201     1    24     1    35 0.81 -
TCONS_00040722:172-726   -            185 48466at6656          -            226       0.6    8.4   9.7   2   4      0.13        13    4.0   0.3   173   201    52    80    28    84 0.80 -
TCONS_00040722:172-726   -            185 48466at6656          -            226       0.6    8.4   9.7   3   4     0.022       2.2    6.5   0.3   178   208    84   114    78   128 0.85 -
TCONS_00040722:172-726   -            185 48466at6656          -            226       0.6    8.4   9.7   4   4      0.61        61    1.8   0.1   176   203   111   138   107   161 0.81 -
TCONS_00048749:1453-2205 -            251 48466at6656          -            226      0.63    8.3   9.4   1   3     0.042       4.2    5.6   0.1   165   197    18    50     1    59 0.73 -
TCONS_00048749:1453-2205 -            251 48466at6656          -            226      0.63    8.3   9.4   2   3      0.11        11    4.2   1.1   171   197    80   106    51   135 0.72 -
TCONS_00048749:1453-2205 -            251 48466at6656          -            226      0.63    8.3   9.4   3   3      0.46        46    2.2   1.4   148   201   113   166   108   170 0.74 -
TCONS_00002719:1836-2729 -            298 48466at6656          -            226      0.63    8.3  24.1   1   6       2.4   2.4e+02   -0.2   0.0   174   201    25    52     2    55 0.71 -
TCONS_00002719:1836-2729 -            298 48466at6656          -            226      0.63    8.3  24.1   2   6      0.03         3    6.1   0.3   170   203    49    82    21    83 0.71 -
TCONS_00002719:1836-2729 -            298 48466at6656          -            226      0.63    8.3  24.1   3   6         1     1e+02    1.0   0.0   175   197    82   104    77   109 0.83 -
TCONS_00002719:1836-2729 -            298 48466at6656          -            226      0.63    8.3  24.1   4   6     0.029       2.9    6.1   2.7   123   198   111   186    98   191 0.78 -
TCONS_00002719:1836-2729 -            298 48466at6656          -            226      0.63    8.3  24.1   5   6     0.037       3.7    5.8   1.3   148   215   192   259   188   269 0.82 -
TCONS_00002719:1836-2729 -            298 48466at6656          -            226      0.63    8.3  24.1   6   6      0.21        21    3.3   0.7   146   196   246   296   242   298 0.70 -
TCONS_00029839:622-1383  -            254 48466at6656          -            226      0.84    7.9  13.7   1   4       0.1        10    4.3   0.1   178   201    25    48    19    52 0.92 -
TCONS_00029839:622-1383  -            254 48466at6656          -            226      0.84    7.9  13.7   2   4      0.38        38    2.4   0.1   176   198    90   112    86   118 0.86 -
TCONS_00029839:622-1383  -            254 48466at6656          -            226      0.84    7.9  13.7   3   4      0.14        14    3.9   1.3   148   204   118   174   112   195 0.84 -
TCONS_00029839:622-1383  -            254 48466at6656          -            226      0.84    7.9  13.7   4   4      0.12        12    4.1   0.2   175   203   202   230   195   244 0.89 -
TCONS_00042650:849-1682  -            278 48466at6656          -            226      0.92    7.7   9.5   1   4       3.4   3.5e+02   -0.7   0.1   175   216    10    51     5    62 0.74 -
TCONS_00042650:849-1682  -            278 48466at6656          -            226      0.92    7.7   9.5   2   4       1.2   1.2e+02    0.8   0.1   162   197    44    79    17    90 0.75 -
TCONS_00042650:849-1682  -            278 48466at6656          -            226      0.92    7.7   9.5   3   4    0.0041      0.41    8.9   0.2   168   203   107   142    94   145 0.86 -
TCONS_00042650:849-1682  -            278 48466at6656          -            226      0.92    7.7   9.5   4   4      0.58        58    1.9   0.2   174   196   144   166   140   190 0.82 -
TCONS_00051241:0-449     -            150 48466at6656          -            226         1    7.6   6.4   1   3    0.0062      0.62    8.3   0.4   168   203    35    70    12    71 0.80 -
TCONS_00051241:0-449     -            150 48466at6656          -            226         1    7.6   6.4   2   3       1.3   1.3e+02    0.7   0.1   175   195    70    90    65    98 0.83 -
TCONS_00051241:0-449     -            150 48466at6656          -            226         1    7.6   6.4   3   3       3.5   3.5e+02   -0.7   0.1   168   196   116   146    96   150 0.62 -
TCONS_00012025:1273-1857 -            195 48466at6656          -            226       1.3    7.3  10.9   1   5   0.00076     0.076   11.3   0.9   151   199     2    50     1    55 0.85 -
TCONS_00012025:1273-1857 -            195 48466at6656          -            226       1.3    7.3  10.9   2   5       7.1   7.1e+02   -1.7   0.0   177   196    84   103    68   110 0.82 -
TCONS_00012025:1273-1857 -            195 48466at6656          -            226       1.3    7.3  10.9   3   5       2.5   2.5e+02   -0.2   0.3   176   195   111   130    82   139 0.63 -
TCONS_00012025:1273-1857 -            195 48466at6656          -            226       1.3    7.3  10.9   4   5       1.1   1.1e+02    1.0   0.3   165   195   128   158   108   166 0.58 -
TCONS_00012025:1273-1857 -            195 48466at6656          -            226       1.3    7.3  10.9   5   5       1.7   1.7e+02    0.3   0.2   179   197   142   160   138   193 0.51 -
TCONS_00042070:3030-3371 -            114 48466at6656          -            226       1.6    7.0   6.8   1   2     0.062       6.2    5.0   1.8   174   197    21    44     1    72 0.75 -
TCONS_00042070:3030-3371 -            114 48466at6656          -            226       1.6    7.0   6.8   2   2      0.15        15    3.8   2.0   148   201    51   104    46   107 0.75 -
TCONS_00044851:2258-2599 -            114 48466at6656          -            226       1.6    7.0   6.8   1   2     0.062       6.2    5.0   1.8   174   197    21    44     1    72 0.75 -
TCONS_00044851:2258-2599 -            114 48466at6656          -            226       1.6    7.0   6.8   2   2      0.15        15    3.8   2.0   148   201    51   104    46   107 0.75 -
TCONS_00031085:799-1353  -            185 48466at6656          -            226         2    6.6   7.0   1   4      0.62        62    1.8   0.1   168   200    41    73    30    80 0.82 -
TCONS_00031085:799-1353  -            185 48466at6656          -            226         2    6.6   7.0   2   4    0.0094      0.94    7.7   0.3   168   203    70   105    51   107 0.82 -
TCONS_00031085:799-1353  -            185 48466at6656          -            226         2    6.6   7.0   3   4       2.1   2.1e+02    0.0   0.1   175   195   105   125   103   133 0.83 -
TCONS_00031085:799-1353  -            185 48466at6656          -            226         2    6.6   7.0   4   4       4.7   4.7e+02   -1.1   0.1   168   196   151   181   129   185 0.62 -
TCONS_00031106:641-1213  -            191 48466at6656          -            226       2.1    6.6   5.1   1   4      0.73        73    1.5   0.1   177   204    29    56    12    78 0.87 -
TCONS_00031106:641-1213  -            191 48466at6656          -            226       2.1    6.6   5.1   2   4     0.062       6.2    5.0   0.1   175   202    85   112    68   115 0.88 -
TCONS_00031106:641-1213  -            191 48466at6656          -            226       2.1    6.6   5.1   3   4       1.1   1.1e+02    1.0   0.1   173   195   112   134   107   142 0.82 -
TCONS_00031106:641-1213  -            191 48466at6656          -            226       2.1    6.6   5.1   4   4       4.9   4.9e+02   -1.2   0.0   176   195   143   162   135   169 0.81 -
TCONS_00034716:2284-2856 -            191 48466at6656          -            226       2.1    6.6   5.1   1   4      0.73        73    1.5   0.1   177   204    29    56    12    78 0.87 -
TCONS_00034716:2284-2856 -            191 48466at6656          -            226       2.1    6.6   5.1   2   4     0.062       6.2    5.0   0.1   175   202    85   112    68   115 0.88 -
TCONS_00034716:2284-2856 -            191 48466at6656          -            226       2.1    6.6   5.1   3   4       1.1   1.1e+02    1.0   0.1   173   195   112   134   107   142 0.82 -
TCONS_00034716:2284-2856 -            191 48466at6656          -            226       2.1    6.6   5.1   4   4       4.9   4.9e+02   -1.2   0.0   176   195   143   162   135   169 0.81 -
TCONS_00039912:1171-2292 -            374 48466at6656          -            226       2.6    6.3  11.3   1   3       9.4   9.4e+02   -2.1   0.1   172   200   168   196   145   204 0.78 -
TCONS_00039912:1171-2292 -            374 48466at6656          -            226       2.6    6.3  11.3   2   3      0.02       2.1    6.6   0.0   175   199   307   331   293   335 0.87 -
TCONS_00039912:1171-2292 -            374 48466at6656          -            226       2.6    6.3  11.3   3   3     0.023       2.3    6.5   0.4   175   205   335   366   331   373 0.80 -
TCONS_00014803:1083-2129 -            349 48466at6656          -            226       2.9    6.1  10.8   1   5      0.34        34    2.6   0.1   178   202     7    31     3    34 0.90 -
TCONS_00014803:1083-2129 -            349 48466at6656          -            226       2.9    6.1  10.8   2   5       1.7   1.7e+02    0.4   0.0   178   198    98   118    73   122 0.81 -
TCONS_00014803:1083-2129 -            349 48466at6656          -            226       2.9    6.1  10.8   3   5     0.057       5.7    5.2   0.0   170   203   122   155   100   156 0.79 -
TCONS_00014803:1083-2129 -            349 48466at6656          -            226       2.9    6.1  10.8   4   5       0.7        70    1.6   0.2   147   203   183   239   171   264 0.76 -
TCONS_00014803:1083-2129 -            349 48466at6656          -            226       2.9    6.1  10.8   5   5       3.9   3.9e+02   -0.8   0.2   176   200   325   349   301   349 0.83 -
TCONS_00014804:851-1897  -            349 48466at6656          -            226       2.9    6.1  10.8   1   5      0.34        34    2.6   0.1   178   202     7    31     3    34 0.90 -
TCONS_00014804:851-1897  -            349 48466at6656          -            226       2.9    6.1  10.8   2   5       1.7   1.7e+02    0.4   0.0   178   198    98   118    73   122 0.81 -
TCONS_00014804:851-1897  -            349 48466at6656          -            226       2.9    6.1  10.8   3   5     0.057       5.7    5.2   0.0   170   203   122   155   100   156 0.79 -
TCONS_00014804:851-1897  -            349 48466at6656          -            226       2.9    6.1  10.8   4   5       0.7        70    1.6   0.2   147   203   183   239   171   264 0.76 -
TCONS_00014804:851-1897  -            349 48466at6656          -            226       2.9    6.1  10.8   5   5       3.9   3.9e+02   -0.8   0.2   176   200   325   349   301   349 0.83 -
TCONS_00019086:635-1681  -            349 48466at6656          -            226       2.9    6.1  10.8   1   5      0.34        34    2.6   0.1   178   202     7    31     3    34 0.90 -
TCONS_00019086:635-1681  -            349 48466at6656          -            226       2.9    6.1  10.8   2   5       1.7   1.7e+02    0.4   0.0   178   198    98   118    73   122 0.81 -
TCONS_00019086:635-1681  -            349 48466at6656          -            226       2.9    6.1  10.8   3   5     0.057       5.7    5.2   0.0   170   203   122   155   100   156 0.79 -
TCONS_00019086:635-1681  -            349 48466at6656          -            226       2.9    6.1  10.8   4   5       0.7        70    1.6   0.2   147   203   183   239   171   264 0.76 -
TCONS_00019086:635-1681  -            349 48466at6656          -            226       2.9    6.1  10.8   5   5       3.9   3.9e+02   -0.8   0.2   176   200   325   349   301   349 0.83 -
TCONS_00003585:1312-1869 -            186 48466at6656          -            226       3.2    6.0  11.9   1   5   0.00071     0.071   11.4   1.0   151   199     2    50     1    55 0.85 -
TCONS_00003585:1312-1869 -            186 48466at6656          -            226       3.2    6.0  11.9   2   5       4.8   4.8e+02   -1.1   0.1   177   195    84   102    54   111 0.74 -
TCONS_00003585:1312-1869 -            186 48466at6656          -            226       3.2    6.0  11.9   3   5       2.5   2.5e+02   -0.2   0.3   176   195   111   130    83   138 0.66 -
TCONS_00003585:1312-1869 -            186 48466at6656          -            226       3.2    6.0  11.9   4   5       1.8   1.8e+02    0.3   0.4   174   194   137   157   110   164 0.51 -
TCONS_00003585:1312-1869 -            186 48466at6656          -            226       3.2    6.0  11.9   5   5       2.3   2.3e+02   -0.1   0.2   170   186   161   177   138   186 0.43 -
TCONS_00012477:2731-3288 -            186 48466at6656          -            226       3.2    6.0  11.9   1   5   0.00071     0.071   11.4   1.0   151   199     2    50     1    55 0.85 -
TCONS_00012477:2731-3288 -            186 48466at6656          -            226       3.2    6.0  11.9   2   5       4.8   4.8e+02   -1.1   0.1   177   195    84   102    54   111 0.74 -
TCONS_00012477:2731-3288 -            186 48466at6656          -            226       3.2    6.0  11.9   3   5       2.5   2.5e+02   -0.2   0.3   176   195   111   130    83   138 0.66 -
TCONS_00012477:2731-3288 -            186 48466at6656          -            226       3.2    6.0  11.9   4   5       1.8   1.8e+02    0.3   0.4   174   194   137   157   110   164 0.51 -
TCONS_00012477:2731-3288 -            186 48466at6656          -            226       3.2    6.0  11.9   5   5       2.3   2.3e+02   -0.1   0.2   170   186   161   177   138   186 0.43 -
TCONS_00030868:861-1580  -            240 48466at6656          -            226       3.8    5.7   7.7   1   4       2.4   2.4e+02   -0.1   0.1   176   197    53    74    40    81 0.86 -
TCONS_00030868:861-1580  -            240 48466at6656          -            226       3.8    5.7   7.7   2   4      0.36        36    2.5   0.1   176   203    81   108    66   109 0.87 -
TCONS_00030868:861-1580  -            240 48466at6656          -            226       3.8    5.7   7.7   3   4      0.58        58    1.9   0.1   174   202   107   135   102   153 0.85 -
TCONS_00030868:861-1580  -            240 48466at6656          -            226       3.8    5.7   7.7   4   4      0.12        12    4.1   0.2   174   203   163   192   142   214 0.88 -
TCONS_00031102:610-1266  -            219 48466at6656          -            226       4.8    5.4   8.0   1   3       1.7   1.7e+02    0.4   0.1   175   204    53    82    31   107 0.68 -
TCONS_00031102:610-1266  -            219 48466at6656          -            226       4.8    5.4   8.0   2   3     0.038       3.8    5.7   0.6   173   201   109   137    99   141 0.86 -
TCONS_00031102:610-1266  -            219 48466at6656          -            226       4.8    5.4   8.0   3   3      0.35        35    2.6   0.2   174   193   139   158   134   168 0.83 -
TCONS_00048751:1427-2179 -            251 48466at6656          -            226       4.9    5.4   8.6   1   3     0.042       4.2    5.6   0.1   165   197    18    50     1    59 0.73 -
TCONS_00048751:1427-2179 -            251 48466at6656          -            226       4.9    5.4   8.6   2   3       1.6   1.6e+02    0.4   0.7   172   197    81   106    52   134 0.69 -
TCONS_00048751:1427-2179 -            251 48466at6656          -            226       4.9    5.4   8.6   3   3      0.52        53    2.0   1.6   148   201   113   166   107   169 0.74 -
TCONS_00048754:1451-2203 -            251 48466at6656          -            226       4.9    5.4   8.6   1   3     0.042       4.2    5.6   0.1   165   197    18    50     1    59 0.73 -
TCONS_00048754:1451-2203 -            251 48466at6656          -            226       4.9    5.4   8.6   2   3       1.6   1.6e+02    0.4   0.7   172   197    81   106    52   134 0.69 -
TCONS_00048754:1451-2203 -            251 48466at6656          -            226       4.9    5.4   8.6   3   3      0.52        53    2.0   1.6   148   201   113   166   107   169 0.74 -
TCONS_00049891:2292-3044 -            251 48466at6656          -            226       4.9    5.4   8.6   1   3     0.042       4.2    5.6   0.1   165   197    18    50     1    59 0.73 -
TCONS_00049891:2292-3044 -            251 48466at6656          -            226       4.9    5.4   8.6   2   3       1.6   1.6e+02    0.4   0.7   172   197    81   106    52   134 0.69 -
TCONS_00049891:2292-3044 -            251 48466at6656          -            226       4.9    5.4   8.6   3   3      0.52        53    2.0   1.6   148   201   113   166   107   169 0.74 -
TCONS_00049892:2140-2892 -            251 48466at6656          -            226       4.9    5.4   8.6   1   3     0.042       4.2    5.6   0.1   165   197    18    50     1    59 0.73 -
TCONS_00049892:2140-2892 -            251 48466at6656          -            226       4.9    5.4   8.6   2   3       1.6   1.6e+02    0.4   0.7   172   197    81   106    52   134 0.69 -
TCONS_00049892:2140-2892 -            251 48466at6656          -            226       4.9    5.4   8.6   3   3      0.52        53    2.0   1.6   148   201   113   166   107   169 0.74 -
TCONS_00017434:1716-2549 -            278 48466at6656          -            226       7.9    4.7  14.9   1   6     0.027       2.7    6.2   0.1   177   199     5    27     2    34 0.89 -
TCONS_00017434:1716-2549 -            278 48466at6656          -            226       7.9    4.7  14.9   2   6       0.8        80    1.4   0.1   178   208    37    67    30    79 0.86 -
TCONS_00017434:1716-2549 -            278 48466at6656          -            226       7.9    4.7  14.9   3   6       2.2   2.2e+02   -0.0   1.1   150   197    67   114    52   121 0.71 -
TCONS_00017434:1716-2549 -            278 48466at6656          -            226       7.9    4.7  14.9   4   6       1.7   1.7e+02    0.4   0.3   177   189   123   135    99   150 0.76 -
TCONS_00017434:1716-2549 -            278 48466at6656          -            226       7.9    4.7  14.9   5   6       5.4   5.4e+02   -1.3   0.0   177   200   151   174   142   178 0.84 -
TCONS_00017434:1716-2549 -            278 48466at6656          -            226       7.9    4.7  14.9   6   6      0.85        85    1.3   0.1   176   203   203   230   198   236 0.87 -
#
# Program:         hmmsearch
# Version:         3.1b2 (February 2015)
# Pipeline mode:   SEARCH
# Query file:      /hpcdata/bcbb/homc/Barillaslab/Agam_hemo_transcriptomes/scripts/busco/busco_downloads/lineages/arthropoda_odb10/hmms/48466at6656.hmm
# Target file:     /hpcdata/bcbb/homc/Barillaslab/Agam_hemo_transcriptomes/scripts/busco/refguided_Agamhemo_BUSCO/run_arthropoda_odb10/metaeuk_output/initial_results/all_transcripts.comprehensive.v6.gffread.fa.modified.fas
# Option settings: hmmsearch --domtblout /hpcdata/bcbb/homc/Barillaslab/Agam_hemo_transcriptomes/scripts/busco/refguided_Agamhemo_BUSCO/run_arthropoda_odb10/hmmer_output/initial_run_results/48466at6656.out --cpu 1 /hpcdata/bcbb/homc/Barillaslab/Agam_hemo_transcriptomes/scripts/busco/busco_downloads/lineages/arthropoda_odb10/hmms/48466at6656.hmm /hpcdata/bcbb/homc/Barillaslab/Agam_hemo_transcriptomes/scripts/busco/refguided_Agamhemo_BUSCO/run_arthropoda_odb10/metaeuk_output/initial_results/all_transcripts.comprehensive.v6.gffread.fa.modified.fas 
# Current dir:     /hpcdata/bcbb/homc/Barillaslab/Agam_hemo_transcriptomes/scripts/busco
# Date:            Thu Feb  9 16:53:34 2023
# [ok]
