#                                                                                --- full sequence --- -------------- this domain -------------   hmm coord   ali coord   env coord
# target name            accession   tlen query name           accession   qlen   E-value  score  bias   #  of  c-Evalue  i-Evalue  score  bias  from    to  from    to  from    to  acc description of target
#    ------------------- ---------- ----- -------------------- ---------- ----- --------- ------ ----- --- --- --------- --------- ------ ----- ----- ----- ----- ----- ----- ----- ---- ---------------------
TCONS_00060222:368-4615  -           1416 56449at6656          -            874         0 1061.6  51.2   1   9     7e-40   8.4e-37  125.5   4.9    22   209    87   341    73   347 0.75 -
TCONS_00060222:368-4615  -           1416 56449at6656          -            874         0 1061.6  51.2   2   9   4.1e-20   4.9e-17   60.1   0.0   200   244   383   427   365   437 0.83 -
TCONS_00060222:368-4615  -           1416 56449at6656          -            874         0 1061.6  51.2   3   9  7.3e-106  8.7e-103  343.8   0.3   244   438   453   654   449   660 0.96 -
TCONS_00060222:368-4615  -           1416 56449at6656          -            874         0 1061.6  51.2   4   9   3.1e-53   3.7e-50  169.7   0.4   454   548   751   851   744   860 0.86 -
TCONS_00060222:368-4615  -           1416 56449at6656          -            874         0 1061.6  51.2   5   9      0.47   5.7e+02   -3.0   0.3   539   556   882   899   880   903 0.80 -
TCONS_00060222:368-4615  -           1416 56449at6656          -            874         0 1061.6  51.2   6   9     4e-59   4.8e-56  189.2   0.1   559   667   947  1060   940  1066 0.93 -
TCONS_00060222:368-4615  -           1416 56449at6656          -            874         0 1061.6  51.2   7   9   3.2e-37   3.8e-34  116.7   5.9   666   795  1104  1246  1095  1254 0.87 -
TCONS_00060222:368-4615  -           1416 56449at6656          -            874         0 1061.6  51.2   8   9   3.6e-09   4.3e-06   23.9   0.7   790   841  1295  1346  1289  1352 0.90 -
TCONS_00060222:368-4615  -           1416 56449at6656          -            874         0 1061.6  51.2   9   9   8.7e-19     1e-15   55.7   0.4   797   874  1339  1416  1335  1416 0.83 -
TCONS_00062853:509-4756  -           1416 56449at6656          -            874         0 1061.6  51.2   1   9     7e-40   8.4e-37  125.5   4.9    22   209    87   341    73   347 0.75 -
TCONS_00062853:509-4756  -           1416 56449at6656          -            874         0 1061.6  51.2   2   9   4.1e-20   4.9e-17   60.1   0.0   200   244   383   427   365   437 0.83 -
TCONS_00062853:509-4756  -           1416 56449at6656          -            874         0 1061.6  51.2   3   9  7.3e-106  8.7e-103  343.8   0.3   244   438   453   654   449   660 0.96 -
TCONS_00062853:509-4756  -           1416 56449at6656          -            874         0 1061.6  51.2   4   9   3.1e-53   3.7e-50  169.7   0.4   454   548   751   851   744   860 0.86 -
TCONS_00062853:509-4756  -           1416 56449at6656          -            874         0 1061.6  51.2   5   9      0.47   5.7e+02   -3.0   0.3   539   556   882   899   880   903 0.80 -
TCONS_00062853:509-4756  -           1416 56449at6656          -            874         0 1061.6  51.2   6   9     4e-59   4.8e-56  189.2   0.1   559   667   947  1060   940  1066 0.93 -
TCONS_00062853:509-4756  -           1416 56449at6656          -            874         0 1061.6  51.2   7   9   3.2e-37   3.8e-34  116.7   5.9   666   795  1104  1246  1095  1254 0.87 -
TCONS_00062853:509-4756  -           1416 56449at6656          -            874         0 1061.6  51.2   8   9   3.6e-09   4.3e-06   23.9   0.7   790   841  1295  1346  1289  1352 0.90 -
TCONS_00062853:509-4756  -           1416 56449at6656          -            874         0 1061.6  51.2   9   9   8.7e-19     1e-15   55.7   0.4   797   874  1339  1416  1335  1416 0.83 -
TCONS_00061275:360-4764  -           1429 56449at6656          -            874         0 1040.0  51.6   1   9   6.3e-40   7.5e-37  125.7   4.7    22   209    87   341    73   347 0.75 -
TCONS_00061275:360-4764  -           1429 56449at6656          -            874         0 1040.0  51.6   2   9   4.2e-20     5e-17   60.1   0.0   200   244   383   427   365   437 0.83 -
TCONS_00061275:360-4764  -           1429 56449at6656          -            874         0 1040.0  51.6   3   9     2e-99   2.4e-96  322.5   0.4   244   438   453   667   449   673 0.93 -
TCONS_00061275:360-4764  -           1429 56449at6656          -            874         0 1040.0  51.6   4   9   3.1e-53   3.8e-50  169.7   0.4   454   548   764   864   757   873 0.86 -
TCONS_00061275:360-4764  -           1429 56449at6656          -            874         0 1040.0  51.6   5   9      0.48   5.8e+02   -3.0   0.3   539   556   895   912   893   916 0.80 -
TCONS_00061275:360-4764  -           1429 56449at6656          -            874         0 1040.0  51.6   6   9     4e-59   4.8e-56  189.2   0.1   559   667   960  1073   953  1079 0.93 -
TCONS_00061275:360-4764  -           1429 56449at6656          -            874         0 1040.0  51.6   7   9   3.2e-37   3.9e-34  116.7   5.9   666   795  1117  1259  1108  1267 0.87 -
TCONS_00061275:360-4764  -           1429 56449at6656          -            874         0 1040.0  51.6   8   9   3.6e-09   4.4e-06   23.9   0.7   790   841  1308  1359  1302  1365 0.90 -
TCONS_00061275:360-4764  -           1429 56449at6656          -            874         0 1040.0  51.6   9   9   8.8e-19   1.1e-15   55.7   0.4   797   874  1352  1429  1348  1429 0.83 -
TCONS_00058650:407-4696  -           1430 56449at6656          -            874         0 1037.9  54.3   1   9   6.2e-40   7.5e-37  125.7   4.7    22   209    87   341    73   347 0.75 -
TCONS_00058650:407-4696  -           1430 56449at6656          -            874         0 1037.9  54.3   2   9   4.2e-20     5e-17   60.1   0.0   200   244   383   427   365   437 0.83 -
TCONS_00058650:407-4696  -           1430 56449at6656          -            874         0 1037.9  54.3   3   9   3.9e-99   4.7e-96  321.6   1.6   244   438   453   668   449   674 0.95 -
TCONS_00058650:407-4696  -           1430 56449at6656          -            874         0 1037.9  54.3   4   9   3.1e-53   3.8e-50  169.7   0.4   454   548   765   865   758   874 0.86 -
TCONS_00058650:407-4696  -           1430 56449at6656          -            874         0 1037.9  54.3   5   9      0.48   5.8e+02   -3.0   0.3   539   556   896   913   894   917 0.80 -
TCONS_00058650:407-4696  -           1430 56449at6656          -            874         0 1037.9  54.3   6   9     4e-59   4.8e-56  189.2   0.1   559   667   961  1074   954  1080 0.93 -
TCONS_00058650:407-4696  -           1430 56449at6656          -            874         0 1037.9  54.3   7   9   3.2e-37   3.9e-34  116.7   5.9   666   795  1118  1260  1109  1268 0.87 -
TCONS_00058650:407-4696  -           1430 56449at6656          -            874         0 1037.9  54.3   8   9   3.6e-09   4.4e-06   23.9   0.7   790   841  1309  1360  1303  1366 0.90 -
TCONS_00058650:407-4696  -           1430 56449at6656          -            874         0 1037.9  54.3   9   9   8.8e-19   1.1e-15   55.7   0.4   797   874  1353  1430  1349  1430 0.83 -
TCONS_00058651:521-4810  -           1430 56449at6656          -            874         0 1037.9  54.3   1   9   6.2e-40   7.5e-37  125.7   4.7    22   209    87   341    73   347 0.75 -
TCONS_00058651:521-4810  -           1430 56449at6656          -            874         0 1037.9  54.3   2   9   4.2e-20     5e-17   60.1   0.0   200   244   383   427   365   437 0.83 -
TCONS_00058651:521-4810  -           1430 56449at6656          -            874         0 1037.9  54.3   3   9   3.9e-99   4.7e-96  321.6   1.6   244   438   453   668   449   674 0.95 -
TCONS_00058651:521-4810  -           1430 56449at6656          -            874         0 1037.9  54.3   4   9   3.1e-53   3.8e-50  169.7   0.4   454   548   765   865   758   874 0.86 -
TCONS_00058651:521-4810  -           1430 56449at6656          -            874         0 1037.9  54.3   5   9      0.48   5.8e+02   -3.0   0.3   539   556   896   913   894   917 0.80 -
TCONS_00058651:521-4810  -           1430 56449at6656          -            874         0 1037.9  54.3   6   9     4e-59   4.8e-56  189.2   0.1   559   667   961  1074   954  1080 0.93 -
TCONS_00058651:521-4810  -           1430 56449at6656          -            874         0 1037.9  54.3   7   9   3.2e-37   3.9e-34  116.7   5.9   666   795  1118  1260  1109  1268 0.87 -
TCONS_00058651:521-4810  -           1430 56449at6656          -            874         0 1037.9  54.3   8   9   3.6e-09   4.4e-06   23.9   0.7   790   841  1309  1360  1303  1366 0.90 -
TCONS_00058651:521-4810  -           1430 56449at6656          -            874         0 1037.9  54.3   9   9   8.8e-19   1.1e-15   55.7   0.4   797   874  1353  1430  1349  1430 0.83 -
TCONS_00060224:1419-4088 -            890 56449at6656          -            874  2.3e-226  752.7  36.7   1   7   4.8e-67   5.7e-64  215.4   0.1   315   438     1   128     1   134 0.96 -
TCONS_00060224:1419-4088 -            890 56449at6656          -            874  2.3e-226  752.7  36.7   2   7   1.7e-53     2e-50  170.5   0.4   454   548   225   325   218   334 0.86 -
TCONS_00060224:1419-4088 -            890 56449at6656          -            874  2.3e-226  752.7  36.7   3   7      0.29   3.5e+02   -2.3   0.3   539   556   356   373   354   377 0.80 -
TCONS_00060224:1419-4088 -            890 56449at6656          -            874  2.3e-226  752.7  36.7   4   7   2.1e-59   2.6e-56  190.1   0.1   559   667   421   534   414   540 0.93 -
TCONS_00060224:1419-4088 -            890 56449at6656          -            874  2.3e-226  752.7  36.7   5   7   1.5e-37   1.9e-34  117.7   5.9   666   795   578   720   569   729 0.87 -
TCONS_00060224:1419-4088 -            890 56449at6656          -            874  2.3e-226  752.7  36.7   6   7   2.2e-09   2.7e-06   24.6   0.7   790   841   769   820   763   825 0.90 -
TCONS_00060224:1419-4088 -            890 56449at6656          -            874  2.3e-226  752.7  36.7   7   7   4.9e-19   5.9e-16   56.5   0.4   797   874   813   890   809   890 0.83 -
TCONS_00060223:389-1690  -            434 56449at6656          -            874   2.7e-59  199.9   6.2   1   2   9.5e-41   1.1e-37  128.4   5.6    22   210    78   333    63   339 0.75 -
TCONS_00060223:389-1690  -            434 56449at6656          -            874   2.7e-59  199.9   6.2   2   2   9.7e-21   1.2e-17   62.2   0.0   196   244   373   418   355   426 0.83 -
TCONS_00062852:551-1852  -            434 56449at6656          -            874   2.7e-59  199.9   6.2   1   2   9.5e-41   1.1e-37  128.4   5.6    22   210    78   333    63   339 0.75 -
TCONS_00062852:551-1852  -            434 56449at6656          -            874   2.7e-59  199.9   6.2   2   2   9.7e-21   1.2e-17   62.2   0.0   196   244   373   418   355   426 0.83 -
#
# Program:         hmmsearch
# Version:         3.1b2 (February 2015)
# Pipeline mode:   SEARCH
# Query file:      /hpcdata/bcbb/homc/Barillaslab/Agam_hemo_transcriptomes/scripts/busco/busco_downloads/lineages/arthropoda_odb10/hmms/56449at6656.hmm
# Target file:     /hpcdata/bcbb/homc/Barillaslab/Agam_hemo_transcriptomes/scripts/busco/refguided_Agamhemo_BUSCO/run_arthropoda_odb10/metaeuk_output/initial_results/all_transcripts.comprehensive.v6.gffread.fa.modified.fas
# Option settings: hmmsearch --domtblout /hpcdata/bcbb/homc/Barillaslab/Agam_hemo_transcriptomes/scripts/busco/refguided_Agamhemo_BUSCO/run_arthropoda_odb10/hmmer_output/initial_run_results/56449at6656.out --cpu 1 /hpcdata/bcbb/homc/Barillaslab/Agam_hemo_transcriptomes/scripts/busco/busco_downloads/lineages/arthropoda_odb10/hmms/56449at6656.hmm /hpcdata/bcbb/homc/Barillaslab/Agam_hemo_transcriptomes/scripts/busco/refguided_Agamhemo_BUSCO/run_arthropoda_odb10/metaeuk_output/initial_results/all_transcripts.comprehensive.v6.gffread.fa.modified.fas 
# Current dir:     /hpcdata/bcbb/homc/Barillaslab/Agam_hemo_transcriptomes/scripts/busco
# Date:            Thu Feb  9 16:54:04 2023
# [ok]
