#                                                                               --- full sequence --- -------------- this domain -------------   hmm coord   ali coord   env coord
# target name           accession   tlen query name           accession   qlen   E-value  score  bias   #  of  c-Evalue  i-Evalue  score  bias  from    to  from    to  from    to  acc description of target
#   ------------------- ---------- ----- -------------------- ---------- ----- --------- ------ ----- --- --- --------- --------- ------ ----- ----- ----- ----- ----- ----- ----- ---- ---------------------
TCONS_00016030:246-1967 -            574 57605at6656          -            386  2.8e-141  470.0   6.7   1   1  5.7e-141  1.8e-137  457.4   6.7     1   386    49   559    49   559 0.78 -
TCONS_00050671:443-1309 -            289 57605at6656          -            386     0.001   17.1   0.0   1   4      0.11   3.5e+02   -1.0   0.0    25    42    12    28     7    37 0.80 -
TCONS_00050671:443-1309 -            289 57605at6656          -            386     0.001   17.1   0.0   2   4      0.58   1.9e+03   -3.4   0.0   245   265    71    91    57   135 0.54 -
TCONS_00050671:443-1309 -            289 57605at6656          -            386     0.001   17.1   0.0   3   4   3.3e-05      0.11   10.5   0.0    12    52   168   207   165   225 0.83 -
TCONS_00050671:443-1309 -            289 57605at6656          -            386     0.001   17.1   0.0   4   4    0.0091        29    2.5   0.0   244   280   242   279   238   287 0.84 -
TCONS_00057636:555-1346 -            264 57605at6656          -            386    0.0021   16.1   0.0   1   3      0.44   1.4e+03   -3.0   0.0   245   265    46    66    31   110 0.53 -
TCONS_00057636:555-1346 -            264 57605at6656          -            386    0.0021   16.1   0.0   2   3   2.8e-05     0.091   10.8   0.0    12    52   143   182   140   201 0.83 -
TCONS_00057636:555-1346 -            264 57605at6656          -            386    0.0021   16.1   0.0   3   3     0.008        26    2.7   0.0   244   280   217   254   213   262 0.84 -
#
# Program:         hmmsearch
# Version:         3.1b2 (February 2015)
# Pipeline mode:   SEARCH
# Query file:      /hpcdata/bcbb/homc/Barillaslab/Agam_hemo_transcriptomes/scripts/busco/busco_downloads/lineages/arthropoda_odb10/hmms/57605at6656.hmm
# Target file:     /hpcdata/bcbb/homc/Barillaslab/Agam_hemo_transcriptomes/scripts/busco/refguided_Agamhemo_BUSCO/run_arthropoda_odb10/metaeuk_output/initial_results/all_transcripts.comprehensive.v6.gffread.fa.modified.fas
# Option settings: hmmsearch --domtblout /hpcdata/bcbb/homc/Barillaslab/Agam_hemo_transcriptomes/scripts/busco/refguided_Agamhemo_BUSCO/run_arthropoda_odb10/hmmer_output/initial_run_results/57605at6656.out --cpu 1 /hpcdata/bcbb/homc/Barillaslab/Agam_hemo_transcriptomes/scripts/busco/busco_downloads/lineages/arthropoda_odb10/hmms/57605at6656.hmm /hpcdata/bcbb/homc/Barillaslab/Agam_hemo_transcriptomes/scripts/busco/refguided_Agamhemo_BUSCO/run_arthropoda_odb10/metaeuk_output/initial_results/all_transcripts.comprehensive.v6.gffread.fa.modified.fas 
# Current dir:     /hpcdata/bcbb/homc/Barillaslab/Agam_hemo_transcriptomes/scripts/busco
# Date:            Thu Feb  9 16:54:07 2023
# [ok]
