#                                                                                --- full sequence --- -------------- this domain -------------   hmm coord   ali coord   env coord
# target name            accession   tlen query name           accession   qlen   E-value  score  bias   #  of  c-Evalue  i-Evalue  score  bias  from    to  from    to  from    to  acc description of target
#    ------------------- ---------- ----- -------------------- ---------- ----- --------- ------ ----- --- --- --------- --------- ------ ----- ----- ----- ----- ----- ----- ----- ---- ---------------------
TCONS_00039691:116-1645  -            510 60333at6656          -            390    2e-217  720.8  21.1   1   2  5.7e-138  1.7e-135  451.0   3.0     1   241    54   314    54   322 0.96 -
TCONS_00039691:116-1645  -            510 60333at6656          -            390    2e-217  720.8  21.1   2   2   2.3e-84     7e-82  274.5  10.6   230   390   326   503   316   503 0.92 -
TCONS_00041109:1616-3259 -            548 60333at6656          -            390   1.9e-18   65.7   4.3   1   3   6.1e-05     0.018   13.1   0.5    21    77     5    63     1    89 0.71 -
TCONS_00041109:1616-3259 -            548 60333at6656          -            390   1.9e-18   65.7   4.3   2   3   5.8e-06    0.0017   16.5   0.1   103   213   173   296   160   299 0.68 -
TCONS_00041109:1616-3259 -            548 60333at6656          -            390   1.9e-18   65.7   4.3   3   3   7.7e-12   2.3e-09   35.8   0.0   285   389   422   543   396   544 0.83 -
TCONS_00063689:1413-2408 -            332 60333at6656          -            390   2.4e-17   62.1   0.0   1   2   1.6e-11   4.9e-09   34.7   0.0   104   218     4   115     1   127 0.88 -
TCONS_00063689:1413-2408 -            332 60333at6656          -            390   2.4e-17   62.1   0.0   2   2   9.9e-09     3e-06   25.6   0.0   285   390   215   331   133   331 0.66 -
TCONS_00064334:712-1707  -            332 60333at6656          -            390   2.4e-17   62.1   0.0   1   2   1.6e-11   4.9e-09   34.7   0.0   104   218     4   115     1   127 0.88 -
TCONS_00064334:712-1707  -            332 60333at6656          -            390   2.4e-17   62.1   0.0   2   2   9.9e-09     3e-06   25.6   0.0   285   390   215   331   133   331 0.66 -
TCONS_00028263:315-4601  -           1429 60333at6656          -            390   7.1e-16   57.2   0.1   1   3       2.9   8.6e+02   -2.3   1.4    32    68    44    81    38    89 0.78 -
TCONS_00028263:315-4601  -           1429 60333at6656          -            390   7.1e-16   57.2   0.1   2   3   4.6e-08   1.4e-05   23.4   0.0   103   213   176   291   168   297 0.83 -
TCONS_00028263:315-4601  -           1429 60333at6656          -            390   7.1e-16   57.2   0.1   3   3   4.3e-10   1.3e-07   30.1   0.0   288   389   616   729   605   730 0.83 -
TCONS_00029256:1170-5456 -           1429 60333at6656          -            390   7.1e-16   57.2   0.1   1   3       2.9   8.6e+02   -2.3   1.4    32    68    44    81    38    89 0.78 -
TCONS_00029256:1170-5456 -           1429 60333at6656          -            390   7.1e-16   57.2   0.1   2   3   4.6e-08   1.4e-05   23.4   0.0   103   213   176   291   168   297 0.83 -
TCONS_00029256:1170-5456 -           1429 60333at6656          -            390   7.1e-16   57.2   0.1   3   3   4.3e-10   1.3e-07   30.1   0.0   288   389   616   729   605   730 0.83 -
TCONS_00020228:1938-2933 -            332 60333at6656          -            390   5.6e-15   54.3   3.0   1   2   9.2e-10   2.8e-07   29.0   0.1   104   221     1   118     1   123 0.86 -
TCONS_00020228:1938-2933 -            332 60333at6656          -            390   5.6e-15   54.3   3.0   2   2   1.5e-08   4.4e-06   25.0   0.8   286   389   208   332   191   332 0.74 -
TCONS_00028942:1929-2819 -            297 60333at6656          -            390   7.5e-13   47.3   0.5   1   2   7.3e-10   2.2e-07   29.3   0.1   104   221     1   118     1   123 0.86 -
TCONS_00028942:1929-2819 -            297 60333at6656          -            390   7.5e-13   47.3   0.5   2   2   6.1e-06    0.0018   16.4   0.1   286   337   208   263   190   287 0.83 -
TCONS_00004237:1959-3950 -            664 60333at6656          -            390   2.8e-11   42.1   0.5   1   3     4e-12   1.2e-09   36.7   0.1   102   223     2   130     1   147 0.77 -
TCONS_00004237:1959-3950 -            664 60333at6656          -            390   2.8e-11   42.1   0.5   2   3      0.32        97    0.8   0.0   289   334   468   517   462   522 0.77 -
TCONS_00004237:1959-3950 -            664 60333at6656          -            390   2.8e-11   42.1   0.5   3   3      0.37   1.1e+02    0.6   0.1   336   389   599   662   596   663 0.68 -
TCONS_00015690:3757-4311 -            185 60333at6656          -            390     8e-10   37.3   0.0   1   2     6e-12   1.8e-09   36.2   0.0   104   214     1   113     1   124 0.81 -
TCONS_00015690:3757-4311 -            185 60333at6656          -            390     8e-10   37.3   0.0   2   2       2.2   6.7e+02   -1.9   0.0   212   231   138   157   132   163 0.80 -
TCONS_00019638:3512-4066 -            185 60333at6656          -            390     8e-10   37.3   0.0   1   2     6e-12   1.8e-09   36.2   0.0   104   214     1   113     1   124 0.81 -
TCONS_00019638:3512-4066 -            185 60333at6656          -            390     8e-10   37.3   0.0   2   2       2.2   6.7e+02   -1.9   0.0   212   231   138   157   132   163 0.80 -
TCONS_00021963:3694-4248 -            185 60333at6656          -            390     8e-10   37.3   0.0   1   2     6e-12   1.8e-09   36.2   0.0   104   214     1   113     1   124 0.81 -
TCONS_00021963:3694-4248 -            185 60333at6656          -            390     8e-10   37.3   0.0   2   2       2.2   6.7e+02   -1.9   0.0   212   231   138   157   132   163 0.80 -
TCONS_00021964:3513-4067 -            185 60333at6656          -            390     8e-10   37.3   0.0   1   2     6e-12   1.8e-09   36.2   0.0   104   214     1   113     1   124 0.81 -
TCONS_00021964:3513-4067 -            185 60333at6656          -            390     8e-10   37.3   0.0   2   2       2.2   6.7e+02   -1.9   0.0   212   231   138   157   132   163 0.80 -
TCONS_00021965:3517-4071 -            185 60333at6656          -            390     8e-10   37.3   0.0   1   2     6e-12   1.8e-09   36.2   0.0   104   214     1   113     1   124 0.81 -
TCONS_00021965:3517-4071 -            185 60333at6656          -            390     8e-10   37.3   0.0   2   2       2.2   6.7e+02   -1.9   0.0   212   231   138   157   132   163 0.80 -
TCONS_00028824:3512-4066 -            185 60333at6656          -            390     8e-10   37.3   0.0   1   2     6e-12   1.8e-09   36.2   0.0   104   214     1   113     1   124 0.81 -
TCONS_00028824:3512-4066 -            185 60333at6656          -            390     8e-10   37.3   0.0   2   2       2.2   6.7e+02   -1.9   0.0   212   231   138   157   132   163 0.80 -
TCONS_00029317:3510-4145 -            212 60333at6656          -            390   1.1e-09   36.8   0.0   1   2   8.8e-12   2.6e-09   35.6   0.0   104   214     1   113     1   124 0.81 -
TCONS_00029317:3510-4145 -            212 60333at6656          -            390   1.1e-09   36.8   0.0   2   2       2.2   6.5e+02   -1.9   0.0   213   232   139   158   133   184 0.83 -
TCONS_00031463:167-1375  -            403 60333at6656          -            390   7.7e-09   34.1   0.4   1   2   1.6e-07   4.7e-05   21.6   0.1   106   214    37   142    17   149 0.84 -
TCONS_00031463:167-1375  -            403 60333at6656          -            390   7.7e-09   34.1   0.4   2   2   0.00032     0.095   10.7   0.0   275   359   261   354   249   379 0.64 -
TCONS_00031456:496-2352  -            619 60333at6656          -            390   2.1e-06   26.1  16.2   1   4      0.93   2.8e+02   -0.7   7.3    28    69    55    96    40   114 0.83 -
TCONS_00031456:496-2352  -            619 60333at6656          -            390   2.1e-06   26.1  16.2   2   4   9.2e-09   2.8e-06   25.7   0.0   100   219   152   268   134   276 0.88 -
TCONS_00031456:496-2352  -            619 60333at6656          -            390   2.1e-06   26.1  16.2   3   4     0.087        26    2.7   0.0   281   334   441   492   432   499 0.82 -
TCONS_00031456:496-2352  -            619 60333at6656          -            390   2.1e-06   26.1  16.2   4   4      0.26        80    1.1   0.4   338   389   556   611   548   612 0.78 -
TCONS_00037054:438-2387  -            619 60333at6656          -            390   2.4e-06   25.9  16.3   1   4      0.93   2.8e+02   -0.7   7.3    28    69    55    96    40   114 0.83 -
TCONS_00037054:438-2387  -            619 60333at6656          -            390   2.4e-06   25.9  16.3   2   4   9.2e-09   2.8e-06   25.7   0.0   100   219   152   268   134   276 0.88 -
TCONS_00037054:438-2387  -            619 60333at6656          -            390   2.4e-06   25.9  16.3   3   4     0.096        29    2.6   0.0   281   334   441   492   432   498 0.81 -
TCONS_00037054:438-2387  -            619 60333at6656          -            390   2.4e-06   25.9  16.3   4   4      0.26        80    1.1   0.4   338   389   556   611   548   612 0.78 -
TCONS_00023471:1951-2376 -            142 60333at6656          -            390   4.5e-06   25.0   0.0   1   1   1.7e-08   5.2e-06   24.8   0.0   103   208    37   142    24   142 0.85 -
TCONS_00004192:1476-2471 -            332 60333at6656          -            390   6.2e-05   21.2   0.0   1   1   3.6e-07   0.00011   20.4   0.0   106   309    27   242    16   254 0.66 -
TCONS_00004193:2139-3134 -            332 60333at6656          -            390   6.2e-05   21.2   0.0   1   1   3.6e-07   0.00011   20.4   0.0   106   309    27   242    16   254 0.66 -
TCONS_00043339:6839-7843 -            335 60333at6656          -            390   0.00056   18.1   0.1   1   3     0.011       3.3    5.7   0.0   103   136     5    38     2    54 0.89 -
TCONS_00043339:6839-7843 -            335 60333at6656          -            390   0.00056   18.1   0.1   2   3      0.11        34    2.3   0.0   286   309   211   234   111   245 0.78 -
TCONS_00043339:6839-7843 -            335 60333at6656          -            390   0.00056   18.1   0.1   3   3    0.0062       1.9    6.5   0.1   335   373   283   330   269   334 0.73 -
TCONS_00043340:6322-7326 -            335 60333at6656          -            390   0.00056   18.1   0.1   1   3     0.011       3.3    5.7   0.0   103   136     5    38     2    54 0.89 -
TCONS_00043340:6322-7326 -            335 60333at6656          -            390   0.00056   18.1   0.1   2   3      0.11        34    2.3   0.0   286   309   211   234   111   245 0.78 -
TCONS_00043340:6322-7326 -            335 60333at6656          -            390   0.00056   18.1   0.1   3   3    0.0062       1.9    6.5   0.1   335   373   283   330   269   334 0.73 -
TCONS_00045022:6490-7494 -            335 60333at6656          -            390   0.00056   18.1   0.1   1   3     0.011       3.3    5.7   0.0   103   136     5    38     2    54 0.89 -
TCONS_00045022:6490-7494 -            335 60333at6656          -            390   0.00056   18.1   0.1   2   3      0.11        34    2.3   0.0   286   309   211   234   111   245 0.78 -
TCONS_00045022:6490-7494 -            335 60333at6656          -            390   0.00056   18.1   0.1   3   3    0.0062       1.9    6.5   0.1   335   373   283   330   269   334 0.73 -
TCONS_00045023:6165-7169 -            335 60333at6656          -            390   0.00056   18.1   0.1   1   3     0.011       3.3    5.7   0.0   103   136     5    38     2    54 0.89 -
TCONS_00045023:6165-7169 -            335 60333at6656          -            390   0.00056   18.1   0.1   2   3      0.11        34    2.3   0.0   286   309   211   234   111   245 0.78 -
TCONS_00045023:6165-7169 -            335 60333at6656          -            390   0.00056   18.1   0.1   3   3    0.0062       1.9    6.5   0.1   335   373   283   330   269   334 0.73 -
TCONS_00046354:5912-6916 -            335 60333at6656          -            390   0.00056   18.1   0.1   1   3     0.011       3.3    5.7   0.0   103   136     5    38     2    54 0.89 -
TCONS_00046354:5912-6916 -            335 60333at6656          -            390   0.00056   18.1   0.1   2   3      0.11        34    2.3   0.0   286   309   211   234   111   245 0.78 -
TCONS_00046354:5912-6916 -            335 60333at6656          -            390   0.00056   18.1   0.1   3   3    0.0062       1.9    6.5   0.1   335   373   283   330   269   334 0.73 -
TCONS_00058693:263-3232  -            990 60333at6656          -            390    0.0016   16.6   0.0   1   3    0.0084       2.5    6.0   0.0    29    69    95   141    91   178 0.78 -
TCONS_00058693:263-3232  -            990 60333at6656          -            390    0.0016   16.6   0.0   2   3      0.27        80    1.1   0.0   102   139   250   287   241   307 0.80 -
TCONS_00058693:263-3232  -            990 60333at6656          -            390    0.0016   16.6   0.0   3   3     0.021       6.4    4.7   0.0   275   325   755   806   745   815 0.75 -
TCONS_00059713:347-3316  -            990 60333at6656          -            390    0.0016   16.6   0.0   1   3    0.0084       2.5    6.0   0.0    29    69    95   141    91   178 0.78 -
TCONS_00059713:347-3316  -            990 60333at6656          -            390    0.0016   16.6   0.0   2   3      0.27        80    1.1   0.0   102   139   250   287   241   307 0.80 -
TCONS_00059713:347-3316  -            990 60333at6656          -            390    0.0016   16.6   0.0   3   3     0.021       6.4    4.7   0.0   275   325   755   806   745   815 0.75 -
TCONS_00061291:720-3689  -            990 60333at6656          -            390    0.0016   16.6   0.0   1   3    0.0084       2.5    6.0   0.0    29    69    95   141    91   178 0.78 -
TCONS_00061291:720-3689  -            990 60333at6656          -            390    0.0016   16.6   0.0   2   3      0.27        80    1.1   0.0   102   139   250   287   241   307 0.80 -
TCONS_00061291:720-3689  -            990 60333at6656          -            390    0.0016   16.6   0.0   3   3     0.021       6.4    4.7   0.0   275   325   755   806   745   815 0.75 -
TCONS_00062389:322-3291  -            990 60333at6656          -            390    0.0016   16.6   0.0   1   3    0.0084       2.5    6.0   0.0    29    69    95   141    91   178 0.78 -
TCONS_00062389:322-3291  -            990 60333at6656          -            390    0.0016   16.6   0.0   2   3      0.27        80    1.1   0.0   102   139   250   287   241   307 0.80 -
TCONS_00062389:322-3291  -            990 60333at6656          -            390    0.0016   16.6   0.0   3   3     0.021       6.4    4.7   0.0   275   325   755   806   745   815 0.75 -
TCONS_00039952:807-1319  -            171 60333at6656          -            390     0.078   11.0   2.1   1   2    0.0011      0.32    9.0   0.1    28    51     7    31     3    41 0.81 -
TCONS_00039952:807-1319  -            171 60333at6656          -            390     0.078   11.0   2.1   2   2       0.2        61    1.5   0.2    21    44    73    99    69   120 0.72 -
#
# Program:         hmmsearch
# Version:         3.1b2 (February 2015)
# Pipeline mode:   SEARCH
# Query file:      /hpcdata/bcbb/homc/Barillaslab/Agam_hemo_transcriptomes/scripts/busco/busco_downloads/lineages/arthropoda_odb10/hmms/60333at6656.hmm
# Target file:     /hpcdata/bcbb/homc/Barillaslab/Agam_hemo_transcriptomes/scripts/busco/refguided_Agamhemo_BUSCO/run_arthropoda_odb10/metaeuk_output/initial_results/all_transcripts.comprehensive.v6.gffread.fa.modified.fas
# Option settings: hmmsearch --domtblout /hpcdata/bcbb/homc/Barillaslab/Agam_hemo_transcriptomes/scripts/busco/refguided_Agamhemo_BUSCO/run_arthropoda_odb10/hmmer_output/initial_run_results/60333at6656.out --cpu 1 /hpcdata/bcbb/homc/Barillaslab/Agam_hemo_transcriptomes/scripts/busco/busco_downloads/lineages/arthropoda_odb10/hmms/60333at6656.hmm /hpcdata/bcbb/homc/Barillaslab/Agam_hemo_transcriptomes/scripts/busco/refguided_Agamhemo_BUSCO/run_arthropoda_odb10/metaeuk_output/initial_results/all_transcripts.comprehensive.v6.gffread.fa.modified.fas 
# Current dir:     /hpcdata/bcbb/homc/Barillaslab/Agam_hemo_transcriptomes/scripts/busco
# Date:            Thu Feb  9 16:54:19 2023
# [ok]
