#                                                                                --- full sequence --- -------------- this domain -------------   hmm coord   ali coord   env coord
# target name            accession   tlen query name           accession   qlen   E-value  score  bias   #  of  c-Evalue  i-Evalue  score  bias  from    to  from    to  from    to  acc description of target
#    ------------------- ---------- ----- -------------------- ---------- ----- --------- ------ ----- --- --- --------- --------- ------ ----- ----- ----- ----- ----- ----- ----- ---- ---------------------
TCONS_00058693:263-3232  -            990 60750at6656          -            295   8.6e-79  263.8  22.6   1   4   2.7e-15   4.5e-13   48.1   0.0     8    56   246   294   241   300 0.81 -
TCONS_00058693:263-3232  -            990 60750at6656          -            295   8.6e-79  263.8  22.6   2   4   1.9e-23   3.1e-21   74.8   0.2    38   153   324   469   319   476 0.76 -
TCONS_00058693:263-3232  -            990 60750at6656          -            295   8.6e-79  263.8  22.6   3   4       1.8   3.1e+02   -0.6   0.1   151   183   574   606   559   610 0.74 -
TCONS_00058693:263-3232  -            990 60750at6656          -            295   8.6e-79  263.8  22.6   4   4   2.7e-47   4.4e-45  153.1   1.5   176   288   720   859   696   865 0.82 -
TCONS_00059713:347-3316  -            990 60750at6656          -            295   8.6e-79  263.8  22.6   1   4   2.7e-15   4.5e-13   48.1   0.0     8    56   246   294   241   300 0.81 -
TCONS_00059713:347-3316  -            990 60750at6656          -            295   8.6e-79  263.8  22.6   2   4   1.9e-23   3.1e-21   74.8   0.2    38   153   324   469   319   476 0.76 -
TCONS_00059713:347-3316  -            990 60750at6656          -            295   8.6e-79  263.8  22.6   3   4       1.8   3.1e+02   -0.6   0.1   151   183   574   606   559   610 0.74 -
TCONS_00059713:347-3316  -            990 60750at6656          -            295   8.6e-79  263.8  22.6   4   4   2.7e-47   4.4e-45  153.1   1.5   176   288   720   859   696   865 0.82 -
TCONS_00061291:720-3689  -            990 60750at6656          -            295   8.6e-79  263.8  22.6   1   4   2.7e-15   4.5e-13   48.1   0.0     8    56   246   294   241   300 0.81 -
TCONS_00061291:720-3689  -            990 60750at6656          -            295   8.6e-79  263.8  22.6   2   4   1.9e-23   3.1e-21   74.8   0.2    38   153   324   469   319   476 0.76 -
TCONS_00061291:720-3689  -            990 60750at6656          -            295   8.6e-79  263.8  22.6   3   4       1.8   3.1e+02   -0.6   0.1   151   183   574   606   559   610 0.74 -
TCONS_00061291:720-3689  -            990 60750at6656          -            295   8.6e-79  263.8  22.6   4   4   2.7e-47   4.4e-45  153.1   1.5   176   288   720   859   696   865 0.82 -
TCONS_00062389:322-3291  -            990 60750at6656          -            295   8.6e-79  263.8  22.6   1   4   2.7e-15   4.5e-13   48.1   0.0     8    56   246   294   241   300 0.81 -
TCONS_00062389:322-3291  -            990 60750at6656          -            295   8.6e-79  263.8  22.6   2   4   1.9e-23   3.1e-21   74.8   0.2    38   153   324   469   319   476 0.76 -
TCONS_00062389:322-3291  -            990 60750at6656          -            295   8.6e-79  263.8  22.6   3   4       1.8   3.1e+02   -0.6   0.1   151   183   574   606   559   610 0.74 -
TCONS_00062389:322-3291  -            990 60750at6656          -            295   8.6e-79  263.8  22.6   4   4   2.7e-47   4.4e-45  153.1   1.5   176   288   720   859   696   865 0.82 -
TCONS_00063689:1413-2408 -            332 60750at6656          -            295   1.2e-38  132.0   1.4   1   3   2.9e-09   4.8e-07   28.3   0.3    16    50     6    41     2    61 0.78 -
TCONS_00063689:1413-2408 -            332 60750at6656          -            295   1.2e-38  132.0   1.4   2   3   1.2e-07   1.9e-05   23.0   0.0    52   146    66   182    48   185 0.60 -
TCONS_00063689:1413-2408 -            332 60750at6656          -            295   1.2e-38  132.0   1.4   3   3     9e-25   1.5e-22   79.2   0.0   179   294   183   309   180   310 0.83 -
TCONS_00064334:712-1707  -            332 60750at6656          -            295   1.2e-38  132.0   1.4   1   3   2.9e-09   4.8e-07   28.3   0.3    16    50     6    41     2    61 0.78 -
TCONS_00064334:712-1707  -            332 60750at6656          -            295   1.2e-38  132.0   1.4   2   3   1.2e-07   1.9e-05   23.0   0.0    52   146    66   182    48   185 0.60 -
TCONS_00064334:712-1707  -            332 60750at6656          -            295   1.2e-38  132.0   1.4   3   3     9e-25   1.5e-22   79.2   0.0   179   294   183   309   180   310 0.83 -
TCONS_00041109:1616-3259 -            548 60750at6656          -            295   4.5e-28   97.3  11.9   1   2   1.2e-09     2e-07   29.5   0.5     8    38   168   198   162   252 0.73 -
TCONS_00041109:1616-3259 -            548 60750at6656          -            295   4.5e-28   97.3  11.9   2   2   2.6e-21   4.3e-19   67.8   5.3    63   294   266   522   242   523 0.72 -
TCONS_00020228:1938-2933 -            332 60750at6656          -            295   7.7e-28   96.5  13.1   1   3   3.1e-10   5.1e-08   31.5   0.7    16    43     3    30     1    47 0.86 -
TCONS_00020228:1938-2933 -            332 60750at6656          -            295   7.7e-28   96.5  13.1   2   3   2.4e-09   3.9e-07   28.6   0.1    62   143    79   174    63   180 0.75 -
TCONS_00020228:1938-2933 -            332 60750at6656          -            295   7.7e-28   96.5  13.1   3   3   3.8e-13   6.2e-11   41.0   2.2   179   294   178   311   173   312 0.79 -
TCONS_00028942:1929-2819 -            297 60750at6656          -            295   7.5e-27   93.3  13.5   1   3   2.5e-10   4.1e-08   31.8   0.7    16    43     3    30     1    48 0.86 -
TCONS_00028942:1929-2819 -            297 60750at6656          -            295   7.5e-27   93.3  13.5   2   3   2.1e-09   3.5e-07   28.7   0.1    62   143    79   174    65   179 0.75 -
TCONS_00028942:1929-2819 -            297 60750at6656          -            295   7.5e-27   93.3  13.5   3   3   6.3e-12     1e-09   37.0   2.7   179   283   178   297   173   297 0.81 -
TCONS_00004237:1959-3950 -            664 60750at6656          -            295   1.3e-26   92.5   4.4   1   4   1.4e-09   2.4e-07   29.3   0.0    13    40     3    30     1    54 0.85 -
TCONS_00004237:1959-3950 -            664 60750at6656          -            295   1.3e-26   92.5   4.4   2   4   2.4e-05     0.004   15.4   0.0    42   134    67   173    61   209 0.64 -
TCONS_00004237:1959-3950 -            664 60750at6656          -            295   1.3e-26   92.5   4.4   3   4   1.6e-09   2.7e-07   29.1   0.0   167   243   420   490   414   493 0.90 -
TCONS_00004237:1959-3950 -            664 60750at6656          -            295   1.3e-26   92.5   4.4   4   4   6.5e-06    0.0011   17.3   0.1   262   294   601   637   596   638 0.87 -
TCONS_00031456:496-2352  -            619 60750at6656          -            295   1.6e-25   89.0  12.9   1   5   4.7e-07   7.8e-05   21.0   0.2    15    41   157   183   147   215 0.87 -
TCONS_00031456:496-2352  -            619 60750at6656          -            295   1.6e-25   89.0  12.9   2   5       0.1        17    3.5   0.0    69    89   239   259   220   290 0.79 -
TCONS_00031456:496-2352  -            619 60750at6656          -            295   1.6e-25   89.0  12.9   3   5      0.41        67    1.5   0.0   116   142   366   399   350   407 0.74 -
TCONS_00031456:496-2352  -            619 60750at6656          -            295   1.6e-25   89.0  12.9   4   5   7.6e-12   1.3e-09   36.7   0.2   183   258   416   495   413   499 0.85 -
TCONS_00031456:496-2352  -            619 60750at6656          -            295   1.6e-25   89.0  12.9   5   5   4.4e-10   7.2e-08   31.0   0.2   258   292   552   588   547   591 0.83 -
TCONS_00037054:438-2387  -            619 60750at6656          -            295   1.6e-25   88.9  13.0   1   5   4.7e-07   7.8e-05   21.0   0.2    15    41   157   183   147   215 0.87 -
TCONS_00037054:438-2387  -            619 60750at6656          -            295   1.6e-25   88.9  13.0   2   5       0.1        17    3.5   0.0    69    89   239   259   220   290 0.79 -
TCONS_00037054:438-2387  -            619 60750at6656          -            295   1.6e-25   88.9  13.0   3   5      0.41        67    1.5   0.0   116   142   366   399   350   407 0.74 -
TCONS_00037054:438-2387  -            619 60750at6656          -            295   1.6e-25   88.9  13.0   4   5   7.5e-12   1.2e-09   36.8   0.2   183   258   416   495   413   499 0.85 -
TCONS_00037054:438-2387  -            619 60750at6656          -            295   1.6e-25   88.9  13.0   5   5   4.4e-10   7.2e-08   31.0   0.2   258   292   552   588   547   591 0.83 -
TCONS_00031463:167-1375  -            403 60750at6656          -            295     3e-25   88.0  15.6   1   4   9.4e-06    0.0016   16.7   0.2    16    35    37    56    29    83 0.80 -
TCONS_00031463:167-1375  -            403 60750at6656          -            295     3e-25   88.0  15.6   2   4    0.0097       1.6    6.9   0.1    63    88   111   137    76   143 0.74 -
TCONS_00031463:167-1375  -            403 60750at6656          -            295     3e-25   88.0  15.6   3   4      0.03       4.9    5.3   0.2   117   135   204   222   200   227 0.90 -
TCONS_00031463:167-1375  -            403 60750at6656          -            295     3e-25   88.0  15.6   4   4   6.7e-21   1.1e-18   66.5   2.5   172   291   233   360   222   365 0.78 -
TCONS_00004192:1476-2471 -            332 60750at6656          -            295   1.5e-23   82.4   4.5   1   3   4.1e-06   0.00067   17.9   0.1    16    38    27    49    18    56 0.86 -
TCONS_00004192:1476-2471 -            332 60750at6656          -            295   1.5e-23   82.4   4.5   2   3   1.9e-06   0.00032   19.0   0.2    52   135    96   171    73   182 0.66 -
TCONS_00004192:1476-2471 -            332 60750at6656          -            295   1.5e-23   82.4   4.5   3   3   1.1e-14   1.9e-12   46.0   0.1   181   283   189   298   177   312 0.83 -
TCONS_00004193:2139-3134 -            332 60750at6656          -            295   1.5e-23   82.4   4.5   1   3   4.1e-06   0.00067   17.9   0.1    16    38    27    49    18    56 0.86 -
TCONS_00004193:2139-3134 -            332 60750at6656          -            295   1.5e-23   82.4   4.5   2   3   1.9e-06   0.00032   19.0   0.2    52   135    96   171    73   182 0.66 -
TCONS_00004193:2139-3134 -            332 60750at6656          -            295   1.5e-23   82.4   4.5   3   3   1.1e-14   1.9e-12   46.0   0.1   181   283   189   298   177   312 0.83 -
TCONS_00028263:315-4601  -           1429 60750at6656          -            295   3.6e-22   77.9  21.1   1   5       1.8   3.1e+02   -0.6   1.1   107   170    57   123    42   144 0.51 -
TCONS_00028263:315-4601  -           1429 60750at6656          -            295   3.6e-22   77.9  21.1   2   5   4.5e-06   0.00074   17.8   0.0    11    38   174   201   166   207 0.84 -
TCONS_00028263:315-4601  -           1429 60750at6656          -            295   3.6e-22   77.9  21.1   3   5     0.028       4.7    5.3   0.0    66    89   264   288   236   294 0.79 -
TCONS_00028263:315-4601  -           1429 60750at6656          -            295   3.6e-22   77.9  21.1   4   5   0.00061       0.1   10.8   0.0   116   144   456   491   443   504 0.85 -
TCONS_00028263:315-4601  -           1429 60750at6656          -            295   3.6e-22   77.9  21.1   5   5   3.4e-17   5.7e-15   54.3   0.2   182   294   584   708   582   709 0.82 -
TCONS_00029256:1170-5456 -           1429 60750at6656          -            295   3.6e-22   77.9  21.1   1   5       1.8   3.1e+02   -0.6   1.1   107   170    57   123    42   144 0.51 -
TCONS_00029256:1170-5456 -           1429 60750at6656          -            295   3.6e-22   77.9  21.1   2   5   4.5e-06   0.00074   17.8   0.0    11    38   174   201   166   207 0.84 -
TCONS_00029256:1170-5456 -           1429 60750at6656          -            295   3.6e-22   77.9  21.1   3   5     0.028       4.7    5.3   0.0    66    89   264   288   236   294 0.79 -
TCONS_00029256:1170-5456 -           1429 60750at6656          -            295   3.6e-22   77.9  21.1   4   5   0.00061       0.1   10.8   0.0   116   144   456   491   443   504 0.85 -
TCONS_00029256:1170-5456 -           1429 60750at6656          -            295   3.6e-22   77.9  21.1   5   5   3.4e-17   5.7e-15   54.3   0.2   182   294   584   708   582   709 0.82 -
TCONS_00043339:6839-7843 -            335 60750at6656          -            295   2.4e-20   71.9   8.5   1   4   4.7e-05    0.0077   14.5   0.0    16    37     8    29     2    44 0.86 -
TCONS_00043339:6839-7843 -            335 60750at6656          -            295   2.4e-20   71.9   8.5   2   4       2.8   4.7e+02   -1.2   0.0    70    87   114   131   102   147 0.84 -
TCONS_00043339:6839-7843 -            335 60750at6656          -            295   2.4e-20   71.9   8.5   3   4   1.9e-11   3.1e-09   35.4   0.2   179   243   178   236   135   267 0.80 -
TCONS_00043339:6839-7843 -            335 60750at6656          -            295   2.4e-20   71.9   8.5   4   4   4.1e-08   6.7e-06   24.5   0.7   257   289   281   313   271   326 0.78 -
TCONS_00043340:6322-7326 -            335 60750at6656          -            295   2.4e-20   71.9   8.5   1   4   4.7e-05    0.0077   14.5   0.0    16    37     8    29     2    44 0.86 -
TCONS_00043340:6322-7326 -            335 60750at6656          -            295   2.4e-20   71.9   8.5   2   4       2.8   4.7e+02   -1.2   0.0    70    87   114   131   102   147 0.84 -
TCONS_00043340:6322-7326 -            335 60750at6656          -            295   2.4e-20   71.9   8.5   3   4   1.9e-11   3.1e-09   35.4   0.2   179   243   178   236   135   267 0.80 -
TCONS_00043340:6322-7326 -            335 60750at6656          -            295   2.4e-20   71.9   8.5   4   4   4.1e-08   6.7e-06   24.5   0.7   257   289   281   313   271   326 0.78 -
TCONS_00045022:6490-7494 -            335 60750at6656          -            295   2.4e-20   71.9   8.5   1   4   4.7e-05    0.0077   14.5   0.0    16    37     8    29     2    44 0.86 -
TCONS_00045022:6490-7494 -            335 60750at6656          -            295   2.4e-20   71.9   8.5   2   4       2.8   4.7e+02   -1.2   0.0    70    87   114   131   102   147 0.84 -
TCONS_00045022:6490-7494 -            335 60750at6656          -            295   2.4e-20   71.9   8.5   3   4   1.9e-11   3.1e-09   35.4   0.2   179   243   178   236   135   267 0.80 -
TCONS_00045022:6490-7494 -            335 60750at6656          -            295   2.4e-20   71.9   8.5   4   4   4.1e-08   6.7e-06   24.5   0.7   257   289   281   313   271   326 0.78 -
TCONS_00045023:6165-7169 -            335 60750at6656          -            295   2.4e-20   71.9   8.5   1   4   4.7e-05    0.0077   14.5   0.0    16    37     8    29     2    44 0.86 -
TCONS_00045023:6165-7169 -            335 60750at6656          -            295   2.4e-20   71.9   8.5   2   4       2.8   4.7e+02   -1.2   0.0    70    87   114   131   102   147 0.84 -
TCONS_00045023:6165-7169 -            335 60750at6656          -            295   2.4e-20   71.9   8.5   3   4   1.9e-11   3.1e-09   35.4   0.2   179   243   178   236   135   267 0.80 -
TCONS_00045023:6165-7169 -            335 60750at6656          -            295   2.4e-20   71.9   8.5   4   4   4.1e-08   6.7e-06   24.5   0.7   257   289   281   313   271   326 0.78 -
TCONS_00046354:5912-6916 -            335 60750at6656          -            295   2.4e-20   71.9   8.5   1   4   4.7e-05    0.0077   14.5   0.0    16    37     8    29     2    44 0.86 -
TCONS_00046354:5912-6916 -            335 60750at6656          -            295   2.4e-20   71.9   8.5   2   4       2.8   4.7e+02   -1.2   0.0    70    87   114   131   102   147 0.84 -
TCONS_00046354:5912-6916 -            335 60750at6656          -            295   2.4e-20   71.9   8.5   3   4   1.9e-11   3.1e-09   35.4   0.2   179   243   178   236   135   267 0.80 -
TCONS_00046354:5912-6916 -            335 60750at6656          -            295   2.4e-20   71.9   8.5   4   4   4.1e-08   6.7e-06   24.5   0.7   257   289   281   313   271   326 0.78 -
TCONS_00048359:839-1996  -            386 60750at6656          -            295   8.8e-20   70.1  14.0   1   2   2.2e-08   3.7e-06   25.4   0.2     8    38    25    55    19    69 0.88 -
TCONS_00048359:839-1996  -            386 60750at6656          -            295   8.8e-20   70.1  14.0   2   2   1.4e-13   2.3e-11   42.4   8.8    55   294   116   360    99   361 0.67 -
TCONS_00039772:1636-2550 -            305 60750at6656          -            295   2.7e-19   68.5   6.3   1   2   3.6e-06   0.00059   18.1   5.2    17   147     3   146     1   150 0.74 -
TCONS_00039772:1636-2550 -            305 60750at6656          -            295   2.7e-19   68.5   6.3   2   2   1.3e-14   2.2e-12   45.8   0.0   175   287   139   259   127   270 0.74 -
TCONS_00039773:2259-3173 -            305 60750at6656          -            295   2.7e-19   68.5   6.3   1   2   3.6e-06   0.00059   18.1   5.2    17   147     3   146     1   150 0.74 -
TCONS_00039773:2259-3173 -            305 60750at6656          -            295   2.7e-19   68.5   6.3   2   2   1.3e-14   2.2e-12   45.8   0.0   175   287   139   259   127   270 0.74 -
TCONS_00039774:1897-2811 -            305 60750at6656          -            295   2.7e-19   68.5   6.3   1   2   3.6e-06   0.00059   18.1   5.2    17   147     3   146     1   150 0.74 -
TCONS_00039774:1897-2811 -            305 60750at6656          -            295   2.7e-19   68.5   6.3   2   2   1.3e-14   2.2e-12   45.8   0.0   175   287   139   259   127   270 0.74 -
TCONS_00049816:1951-2865 -            305 60750at6656          -            295   2.7e-19   68.5   6.3   1   2   3.6e-06   0.00059   18.1   5.2    17   147     3   146     1   150 0.74 -
TCONS_00049816:1951-2865 -            305 60750at6656          -            295   2.7e-19   68.5   6.3   2   2   1.3e-14   2.2e-12   45.8   0.0   175   287   139   259   127   270 0.74 -
TCONS_00040558:1030-2007 -            326 60750at6656          -            295   7.1e-19   67.1  15.8   1   1   5.2e-18   8.7e-16   57.0  15.8    17   294     1   300     1   301 0.66 -
TCONS_00058807:1830-3002 -            391 60750at6656          -            295   9.2e-17   60.2  10.9   1   2   5.2e-06   0.00086   17.6   0.2    28    92     3    71     1    84 0.75 -
TCONS_00058807:1830-3002 -            391 60750at6656          -            295   9.2e-17   60.2  10.9   2   2   2.1e-12   3.4e-10   38.6   5.5   191   285   262   364   187   373 0.78 -
TCONS_00058808:2339-3511 -            391 60750at6656          -            295   9.2e-17   60.2  10.9   1   2   5.2e-06   0.00086   17.6   0.2    28    92     3    71     1    84 0.75 -
TCONS_00058808:2339-3511 -            391 60750at6656          -            295   9.2e-17   60.2  10.9   2   2   2.1e-12   3.4e-10   38.6   5.5   191   285   262   364   187   373 0.78 -
TCONS_00059734:1196-2368 -            391 60750at6656          -            295   9.2e-17   60.2  10.9   1   2   5.2e-06   0.00086   17.6   0.2    28    92     3    71     1    84 0.75 -
TCONS_00059734:1196-2368 -            391 60750at6656          -            295   9.2e-17   60.2  10.9   2   2   2.1e-12   3.4e-10   38.6   5.5   191   285   262   364   187   373 0.78 -
TCONS_00060338:2267-3439 -            391 60750at6656          -            295   9.2e-17   60.2  10.9   1   2   5.2e-06   0.00086   17.6   0.2    28    92     3    71     1    84 0.75 -
TCONS_00060338:2267-3439 -            391 60750at6656          -            295   9.2e-17   60.2  10.9   2   2   2.1e-12   3.4e-10   38.6   5.5   191   285   262   364   187   373 0.78 -
TCONS_00061358:1810-2982 -            391 60750at6656          -            295   9.2e-17   60.2  10.9   1   2   5.2e-06   0.00086   17.6   0.2    28    92     3    71     1    84 0.75 -
TCONS_00061358:1810-2982 -            391 60750at6656          -            295   9.2e-17   60.2  10.9   2   2   2.1e-12   3.4e-10   38.6   5.5   191   285   262   364   187   373 0.78 -
TCONS_00063806:1103-2275 -            391 60750at6656          -            295   9.2e-17   60.2  10.9   1   2   5.2e-06   0.00086   17.6   0.2    28    92     3    71     1    84 0.75 -
TCONS_00063806:1103-2275 -            391 60750at6656          -            295   9.2e-17   60.2  10.9   2   2   2.1e-12   3.4e-10   38.6   5.5   191   285   262   364   187   373 0.78 -
TCONS_00064219:1214-2386 -            391 60750at6656          -            295   9.2e-17   60.2  10.9   1   2   5.2e-06   0.00086   17.6   0.2    28    92     3    71     1    84 0.75 -
TCONS_00064219:1214-2386 -            391 60750at6656          -            295   9.2e-17   60.2  10.9   2   2   2.1e-12   3.4e-10   38.6   5.5   191   285   262   364   187   373 0.78 -
TCONS_00008314:963-1679  -            239 60750at6656          -            295   2.4e-16   58.8   5.0   1   2   2.2e-07   3.6e-05   22.1   0.8     9   144     5   154     3   162 0.72 -
TCONS_00008314:963-1679  -            239 60750at6656          -            295   2.4e-16   58.8   5.0   2   2   1.9e-11   3.2e-09   35.4   0.2   181   241   162   216   155   239 0.90 -
TCONS_00008317:1278-1994 -            239 60750at6656          -            295   2.4e-16   58.8   5.0   1   2   2.2e-07   3.6e-05   22.1   0.8     9   144     5   154     3   162 0.72 -
TCONS_00008317:1278-1994 -            239 60750at6656          -            295   2.4e-16   58.8   5.0   2   2   1.9e-11   3.2e-09   35.4   0.2   181   241   162   216   155   239 0.90 -
TCONS_00012102:843-1559  -            239 60750at6656          -            295   2.4e-16   58.8   5.0   1   2   2.2e-07   3.6e-05   22.1   0.8     9   144     5   154     3   162 0.72 -
TCONS_00012102:843-1559  -            239 60750at6656          -            295   2.4e-16   58.8   5.0   2   2   1.9e-11   3.2e-09   35.4   0.2   181   241   162   216   155   239 0.90 -
TCONS_00002435:6065-7204 -            380 60750at6656          -            295     7e-15   54.0   2.1   1   3    0.0029      0.49    8.6   0.0    17    51     1    36     1    56 0.70 -
TCONS_00002435:6065-7204 -            380 60750at6656          -            295     7e-15   54.0   2.1   2   3      0.02       3.4    5.8   0.0    63    94   106   137    86   146 0.85 -
TCONS_00002435:6065-7204 -            380 60750at6656          -            295     7e-15   54.0   2.1   3   3   9.4e-12   1.6e-09   36.4   0.9   193   287   230   340   218   351 0.75 -
TCONS_00004616:6065-7204 -            380 60750at6656          -            295     7e-15   54.0   2.1   1   3    0.0029      0.49    8.6   0.0    17    51     1    36     1    56 0.70 -
TCONS_00004616:6065-7204 -            380 60750at6656          -            295     7e-15   54.0   2.1   2   3      0.02       3.4    5.8   0.0    63    94   106   137    86   146 0.85 -
TCONS_00004616:6065-7204 -            380 60750at6656          -            295     7e-15   54.0   2.1   3   3   9.4e-12   1.6e-09   36.4   0.9   193   287   230   340   218   351 0.75 -
TCONS_00004617:5940-7079 -            380 60750at6656          -            295     7e-15   54.0   2.1   1   3    0.0029      0.49    8.6   0.0    17    51     1    36     1    56 0.70 -
TCONS_00004617:5940-7079 -            380 60750at6656          -            295     7e-15   54.0   2.1   2   3      0.02       3.4    5.8   0.0    63    94   106   137    86   146 0.85 -
TCONS_00004617:5940-7079 -            380 60750at6656          -            295     7e-15   54.0   2.1   3   3   9.4e-12   1.6e-09   36.4   0.9   193   287   230   340   218   351 0.75 -
TCONS_00004618:5684-6823 -            380 60750at6656          -            295     7e-15   54.0   2.1   1   3    0.0029      0.49    8.6   0.0    17    51     1    36     1    56 0.70 -
TCONS_00004618:5684-6823 -            380 60750at6656          -            295     7e-15   54.0   2.1   2   3      0.02       3.4    5.8   0.0    63    94   106   137    86   146 0.85 -
TCONS_00004618:5684-6823 -            380 60750at6656          -            295     7e-15   54.0   2.1   3   3   9.4e-12   1.6e-09   36.4   0.9   193   287   230   340   218   351 0.75 -
TCONS_00010530:5949-7088 -            380 60750at6656          -            295     7e-15   54.0   2.1   1   3    0.0029      0.49    8.6   0.0    17    51     1    36     1    56 0.70 -
TCONS_00010530:5949-7088 -            380 60750at6656          -            295     7e-15   54.0   2.1   2   3      0.02       3.4    5.8   0.0    63    94   106   137    86   146 0.85 -
TCONS_00010530:5949-7088 -            380 60750at6656          -            295     7e-15   54.0   2.1   3   3   9.4e-12   1.6e-09   36.4   0.9   193   287   230   340   218   351 0.75 -
TCONS_00029317:3510-4145 -            212 60750at6656          -            295   9.8e-14   50.2   2.4   1   2     2e-08   3.4e-06   25.5   0.9    16    51     3    39     1    53 0.82 -
TCONS_00029317:3510-4145 -            212 60750at6656          -            295   9.8e-14   50.2   2.4   2   2   8.2e-08   1.4e-05   23.5   0.0    43   144    60   183    48   191 0.62 -
TCONS_00015690:3757-4311 -            185 60750at6656          -            295   1.4e-13   49.7   3.0   1   2   1.5e-08   2.4e-06   26.0   0.9    16    51     3    39     1    58 0.83 -
TCONS_00015690:3757-4311 -            185 60750at6656          -            295   1.4e-13   49.7   3.0   2   2   1.1e-07   1.8e-05   23.1   0.0    44   142    61   181    55   185 0.58 -
TCONS_00019638:3512-4066 -            185 60750at6656          -            295   1.4e-13   49.7   3.0   1   2   1.5e-08   2.4e-06   26.0   0.9    16    51     3    39     1    58 0.83 -
TCONS_00019638:3512-4066 -            185 60750at6656          -            295   1.4e-13   49.7   3.0   2   2   1.1e-07   1.8e-05   23.1   0.0    44   142    61   181    55   185 0.58 -
TCONS_00021963:3694-4248 -            185 60750at6656          -            295   1.4e-13   49.7   3.0   1   2   1.5e-08   2.4e-06   26.0   0.9    16    51     3    39     1    58 0.83 -
TCONS_00021963:3694-4248 -            185 60750at6656          -            295   1.4e-13   49.7   3.0   2   2   1.1e-07   1.8e-05   23.1   0.0    44   142    61   181    55   185 0.58 -
TCONS_00021964:3513-4067 -            185 60750at6656          -            295   1.4e-13   49.7   3.0   1   2   1.5e-08   2.4e-06   26.0   0.9    16    51     3    39     1    58 0.83 -
TCONS_00021964:3513-4067 -            185 60750at6656          -            295   1.4e-13   49.7   3.0   2   2   1.1e-07   1.8e-05   23.1   0.0    44   142    61   181    55   185 0.58 -
TCONS_00021965:3517-4071 -            185 60750at6656          -            295   1.4e-13   49.7   3.0   1   2   1.5e-08   2.4e-06   26.0   0.9    16    51     3    39     1    58 0.83 -
TCONS_00021965:3517-4071 -            185 60750at6656          -            295   1.4e-13   49.7   3.0   2   2   1.1e-07   1.8e-05   23.1   0.0    44   142    61   181    55   185 0.58 -
TCONS_00028824:3512-4066 -            185 60750at6656          -            295   1.4e-13   49.7   3.0   1   2   1.5e-08   2.4e-06   26.0   0.9    16    51     3    39     1    58 0.83 -
TCONS_00028824:3512-4066 -            185 60750at6656          -            295   1.4e-13   49.7   3.0   2   2   1.1e-07   1.8e-05   23.1   0.0    44   142    61   181    55   185 0.58 -
TCONS_00059087:338-1987  -            550 60750at6656          -            295   2.6e-13   48.9  10.2   1   3   6.6e-05     0.011   14.0   2.9    12    39    36    63    29   153 0.84 -
TCONS_00059087:338-1987  -            550 60750at6656          -            295   2.6e-13   48.9  10.2   2   3   0.00014     0.023   12.9   0.0   184   255   361   434   353   439 0.72 -
TCONS_00059087:338-1987  -            550 60750at6656          -            295   2.6e-13   48.9  10.2   3   3   3.7e-06   0.00061   18.1   0.2   261   294   500   538   497   539 0.82 -
TCONS_00064076:379-2028  -            550 60750at6656          -            295   2.6e-13   48.9  10.2   1   3   6.6e-05     0.011   14.0   2.9    12    39    36    63    29   153 0.84 -
TCONS_00064076:379-2028  -            550 60750at6656          -            295   2.6e-13   48.9  10.2   2   3   0.00014     0.023   12.9   0.0   184   255   361   434   353   439 0.72 -
TCONS_00064076:379-2028  -            550 60750at6656          -            295   2.6e-13   48.9  10.2   3   3   3.7e-06   0.00061   18.1   0.2   261   294   500   538   497   539 0.82 -
TCONS_00049310:169-3832  -            898 60750at6656          -            295   9.1e-13   47.1   4.8   1   4     4e-08   6.6e-06   24.5   0.0    11    44    99   133    91   155 0.79 -
TCONS_00049310:169-3832  -            898 60750at6656          -            295   9.1e-13   47.1   4.8   2   4     0.093        15    3.6   0.0   220   242   302   324   238   353 0.85 -
TCONS_00049310:169-3832  -            898 60750at6656          -            295   9.1e-13   47.1   4.8   3   4   1.9e-05    0.0032   15.7   0.1   256   294   406   447   396   448 0.84 -
TCONS_00049310:169-3832  -            898 60750at6656          -            295   9.1e-13   47.1   4.8   4   4      0.46        76    1.4   0.1   105   128   870   893   857   897 0.82 -
TCONS_00048923:163-3982  -            950 60750at6656          -            295     1e-12   46.9   5.0   1   4   4.2e-08     7e-06   24.5   0.0    11    44    99   133    91   155 0.79 -
TCONS_00048923:163-3982  -            950 60750at6656          -            295     1e-12   46.9   5.0   2   4       0.1        17    3.5   0.0   220   242   302   324   241   353 0.85 -
TCONS_00048923:163-3982  -            950 60750at6656          -            295     1e-12   46.9   5.0   3   4   2.1e-05    0.0034   15.6   0.1   256   294   406   447   396   448 0.84 -
TCONS_00048923:163-3982  -            950 60750at6656          -            295     1e-12   46.9   5.0   4   4      0.39        65    1.6   0.1   105   129   870   894   857   926 0.88 -
TCONS_00023471:1951-2376 -            142 60750at6656          -            295     2e-12   45.9   0.3   1   2   4.8e-11     8e-09   34.1   0.3    16    43    40    67    35    87 0.85 -
TCONS_00023471:1951-2376 -            142 60750at6656          -            295     2e-12   45.9   0.3   2   2   0.00093      0.15   10.2   0.0    61    85   115   140    91   142 0.81 -
TCONS_00031507:1150-1908 -            253 60750at6656          -            295   5.3e-11   41.3   1.7   1   3   2.6e-07   4.4e-05   21.8   0.1    16    34     2    20     1    25 0.91 -
TCONS_00031507:1150-1908 -            253 60750at6656          -            295   5.3e-11   41.3   1.7   2   3     0.036         6    5.0   0.0    58    89    89   121    77   131 0.81 -
TCONS_00031507:1150-1908 -            253 60750at6656          -            295   5.3e-11   41.3   1.7   3   3   0.00026     0.043   12.0   0.0   143   241   162   250   154   252 0.69 -
TCONS_00015078:7391-8083 -            231 60750at6656          -            295   2.9e-06   25.7   5.6   1   2   8.7e-05     0.014   13.6   0.2    16    40     6    30     2    55 0.81 -
TCONS_00015078:7391-8083 -            231 60750at6656          -            295   2.9e-06   25.7   5.6   2   2   6.7e-05     0.011   13.9   0.7   183   241   152   204   141   231 0.70 -
TCONS_00039691:116-1645  -            510 60750at6656          -            295   2.3e-05   22.8   0.6   1   2       2.5   4.2e+02   -1.1   0.0    10    36   169   195   160   201 0.82 -
TCONS_00039691:116-1645  -            510 60750at6656          -            295   2.3e-05   22.8   0.6   2   2   2.7e-06   0.00045   18.5   0.5   209   294   376   481   370   482 0.74 -
#
# Program:         hmmsearch
# Version:         3.1b2 (February 2015)
# Pipeline mode:   SEARCH
# Query file:      /hpcdata/bcbb/homc/Barillaslab/Agam_hemo_transcriptomes/scripts/busco/busco_downloads/lineages/arthropoda_odb10/hmms/60750at6656.hmm
# Target file:     /hpcdata/bcbb/homc/Barillaslab/Agam_hemo_transcriptomes/scripts/busco/refguided_Agamhemo_BUSCO/run_arthropoda_odb10/metaeuk_output/initial_results/all_transcripts.comprehensive.v6.gffread.fa.modified.fas
# Option settings: hmmsearch --domtblout /hpcdata/bcbb/homc/Barillaslab/Agam_hemo_transcriptomes/scripts/busco/refguided_Agamhemo_BUSCO/run_arthropoda_odb10/hmmer_output/initial_run_results/60750at6656.out --cpu 1 /hpcdata/bcbb/homc/Barillaslab/Agam_hemo_transcriptomes/scripts/busco/busco_downloads/lineages/arthropoda_odb10/hmms/60750at6656.hmm /hpcdata/bcbb/homc/Barillaslab/Agam_hemo_transcriptomes/scripts/busco/refguided_Agamhemo_BUSCO/run_arthropoda_odb10/metaeuk_output/initial_results/all_transcripts.comprehensive.v6.gffread.fa.modified.fas 
# Current dir:     /hpcdata/bcbb/homc/Barillaslab/Agam_hemo_transcriptomes/scripts/busco
# Date:            Thu Feb  9 16:54:22 2023
# [ok]
