#                                                                               --- full sequence --- -------------- this domain -------------   hmm coord   ali coord   env coord
# target name           accession   tlen query name           accession   qlen   E-value  score  bias   #  of  c-Evalue  i-Evalue  score  bias  from    to  from    to  from    to  acc description of target
#   ------------------- ---------- ----- -------------------- ---------- ----- --------- ------ ----- --- --- --------- --------- ------ ----- ----- ----- ----- ----- ----- ----- ---- ---------------------
TCONS_00015055:135-1718 -            528 62275at6656          -            418  5.9e-123  410.1  27.6   1   3   3.6e-89   4.9e-86  288.5  14.0     6   251     2   265     1   276 0.90 -
TCONS_00015055:135-1718 -            528 62275at6656          -            418  5.9e-123  410.1  27.6   2   3   2.5e-16   3.5e-13   48.5   0.3   246   295   286   335   274   350 0.86 -
TCONS_00015055:135-1718 -            528 62275at6656          -            418  5.9e-123  410.1  27.6   3   3   2.1e-25   2.9e-22   78.4   0.8   291   412   352   514   346   525 0.78 -
TCONS_00023233:134-1784 -            528 62275at6656          -            418  8.3e-123  409.6  27.5   1   3   3.6e-89   4.9e-86  288.5  14.0     6   251     2   265     1   276 0.90 -
TCONS_00023233:134-1784 -            528 62275at6656          -            418  8.3e-123  409.6  27.5   2   3   3.7e-16     5e-13   48.0   0.3   246   295   286   335   274   350 0.86 -
TCONS_00023233:134-1784 -            528 62275at6656          -            418  8.3e-123  409.6  27.5   3   3   2.1e-25   2.9e-22   78.4   0.8   291   412   352   514   346   525 0.78 -
TCONS_00058372:650-1810 -            387 62275at6656          -            418   2.4e-11   42.4  21.8   1   1   2.3e-14   3.2e-11   42.0  21.8    14   286    17   323     4   341 0.73 -
TCONS_00058373:942-2102 -            387 62275at6656          -            418   2.4e-11   42.4  21.8   1   1   2.3e-14   3.2e-11   42.0  21.8    14   286    17   323     4   341 0.73 -
TCONS_00060025:828-1988 -            387 62275at6656          -            418   2.4e-11   42.4  21.8   1   1   2.3e-14   3.2e-11   42.0  21.8    14   286    17   323     4   341 0.73 -
TCONS_00060026:722-1882 -            387 62275at6656          -            418   2.4e-11   42.4  21.8   1   1   2.3e-14   3.2e-11   42.0  21.8    14   286    17   323     4   341 0.73 -
TCONS_00016953:680-1546 -            289 62275at6656          -            418   9.8e-08   30.5  19.0   1   1   5.6e-10   7.7e-07   27.6  19.0    31   280    10   287     1   289 0.63 -
#
# Program:         hmmsearch
# Version:         3.1b2 (February 2015)
# Pipeline mode:   SEARCH
# Query file:      /hpcdata/bcbb/homc/Barillaslab/Agam_hemo_transcriptomes/scripts/busco/busco_downloads/lineages/arthropoda_odb10/hmms/62275at6656.hmm
# Target file:     /hpcdata/bcbb/homc/Barillaslab/Agam_hemo_transcriptomes/scripts/busco/refguided_Agamhemo_BUSCO/run_arthropoda_odb10/metaeuk_output/initial_results/all_transcripts.comprehensive.v6.gffread.fa.modified.fas
# Option settings: hmmsearch --domtblout /hpcdata/bcbb/homc/Barillaslab/Agam_hemo_transcriptomes/scripts/busco/refguided_Agamhemo_BUSCO/run_arthropoda_odb10/hmmer_output/initial_run_results/62275at6656.out --cpu 1 /hpcdata/bcbb/homc/Barillaslab/Agam_hemo_transcriptomes/scripts/busco/busco_downloads/lineages/arthropoda_odb10/hmms/62275at6656.hmm /hpcdata/bcbb/homc/Barillaslab/Agam_hemo_transcriptomes/scripts/busco/refguided_Agamhemo_BUSCO/run_arthropoda_odb10/metaeuk_output/initial_results/all_transcripts.comprehensive.v6.gffread.fa.modified.fas 
# Current dir:     /hpcdata/bcbb/homc/Barillaslab/Agam_hemo_transcriptomes/scripts/busco
# Date:            Thu Feb  9 16:54:25 2023
# [ok]
