#                                                                                --- full sequence --- -------------- this domain -------------   hmm coord   ali coord   env coord
# target name            accession   tlen query name           accession   qlen   E-value  score  bias   #  of  c-Evalue  i-Evalue  score  bias  from    to  from    to  from    to  acc description of target
#    ------------------- ---------- ----- -------------------- ---------- ----- --------- ------ ----- --- --- --------- --------- ------ ----- ----- ----- ----- ----- ----- ----- ---- ---------------------
TCONS_00014237:290-1624  -            445 63193at6656          -            327  8.1e-155  513.9   0.2   1   2   1.3e-39   2.3e-37  127.9   0.1     1    94    31   135    31   143 0.94 -
TCONS_00014237:290-1624  -            445 63193at6656          -            327  8.1e-155  513.9   0.2   2   2  3.3e-117  5.8e-115  382.9   0.0    94   327   168   441   159   441 0.92 -
TCONS_00044201:917-1975  -            353 63193at6656          -            327   8.9e-71  237.7   1.2   1   3   4.6e-23   8.2e-21   73.5   0.0    94   185     3   104     1   119 0.76 -
TCONS_00044201:917-1975  -            353 63193at6656          -            327   8.9e-71  237.7   1.2   2   3     1e-26   1.8e-24   85.5   0.1    91   198   123   240   117   243 0.85 -
TCONS_00044201:917-1975  -            353 63193at6656          -            327   8.9e-71  237.7   1.2   3   3   5.5e-24   9.8e-22   76.5   0.0    95   184   253   353   249   353 0.84 -
TCONS_00058334:419-1600  -            394 63193at6656          -            327   5.9e-55  185.7   0.4   1   3   9.3e-18   1.7e-15   56.1   0.0    96   174     1    84     1   102 0.65 -
TCONS_00058334:419-1600  -            394 63193at6656          -            327   5.9e-55  185.7   0.4   2   3   1.4e-19   2.5e-17   62.1   0.0    96   186   146   245   139   251 0.83 -
TCONS_00058334:419-1600  -            394 63193at6656          -            327   5.9e-55  185.7   0.4   3   3     3e-20   5.3e-18   64.3   0.0    93   197   278   393   270   394 0.83 -
TCONS_00047164:798-1499  -            234 63193at6656          -            327   1.6e-47  161.3   0.5   1   2     1e-23   1.9e-21   75.6   0.0    92   185     3   106     1   121 0.77 -
TCONS_00047164:798-1499  -            234 63193at6656          -            327   1.6e-47  161.3   0.5   2   2     2e-26   3.6e-24   84.5   0.1    91   187   125   231   117   234 0.86 -
TCONS_00002721:158-1564  -            469 63193at6656          -            327   1.4e-43  148.3   0.1   1   3   4.9e-24   8.7e-22   76.7   0.0    93   185    17   121     8   132 0.85 -
TCONS_00002721:158-1564  -            469 63193at6656          -            327   1.4e-43  148.3   0.1   2   3      0.32        57    1.7   0.0   230   303   277   353   265   359 0.72 -
TCONS_00002721:158-1564  -            469 63193at6656          -            327   1.4e-43  148.3   0.1   3   3   7.7e-21   1.4e-18   66.2   0.0   100   190   365   466   358   469 0.84 -
TCONS_00002722:286-1692  -            469 63193at6656          -            327   1.4e-43  148.3   0.1   1   3   4.9e-24   8.7e-22   76.7   0.0    93   185    17   121     8   132 0.85 -
TCONS_00002722:286-1692  -            469 63193at6656          -            327   1.4e-43  148.3   0.1   2   3      0.32        57    1.7   0.0   230   303   277   353   265   359 0.72 -
TCONS_00002722:286-1692  -            469 63193at6656          -            327   1.4e-43  148.3   0.1   3   3   7.7e-21   1.4e-18   66.2   0.0   100   190   365   466   358   469 0.84 -
TCONS_00008869:116-1522  -            469 63193at6656          -            327   1.4e-43  148.3   0.1   1   3   4.9e-24   8.7e-22   76.7   0.0    93   185    17   121     8   132 0.85 -
TCONS_00008869:116-1522  -            469 63193at6656          -            327   1.4e-43  148.3   0.1   2   3      0.32        57    1.7   0.0   230   303   277   353   265   359 0.72 -
TCONS_00008869:116-1522  -            469 63193at6656          -            327   1.4e-43  148.3   0.1   3   3   7.7e-21   1.4e-18   66.2   0.0   100   190   365   466   358   469 0.84 -
TCONS_00041696:411-1067  -            219 63193at6656          -            327   2.2e-39  134.5   0.1   1   2   2.4e-18   4.3e-16   58.0   0.0   109   186    25   113     6   124 0.74 -
TCONS_00041696:411-1067  -            219 63193at6656          -            327   2.2e-39  134.5   0.1   2   2   1.7e-23     3e-21   74.9   0.1    85   171   126   217   121   219 0.85 -
TCONS_00042396:378-1034  -            219 63193at6656          -            327   2.2e-39  134.5   0.1   1   2   2.4e-18   4.3e-16   58.0   0.0   109   186    25   113     6   124 0.74 -
TCONS_00042396:378-1034  -            219 63193at6656          -            327   2.2e-39  134.5   0.1   2   2   1.7e-23     3e-21   74.9   0.1    85   171   126   217   121   219 0.85 -
TCONS_00033760:273-590   -            106 63193at6656          -            327   8.7e-29   99.7   0.0   1   1   5.6e-31     1e-28   99.5   0.0    95   185     4   104     2   106 0.87 -
TCONS_00033761:486-803   -            106 63193at6656          -            327   8.7e-29   99.7   0.0   1   1   5.6e-31     1e-28   99.5   0.0    95   185     4   104     2   106 0.87 -
TCONS_00033762:533-850   -            106 63193at6656          -            327   8.7e-29   99.7   0.0   1   1   5.6e-31     1e-28   99.5   0.0    95   185     4   104     2   106 0.87 -
TCONS_00050081:909-1220  -            104 63193at6656          -            327   7.4e-22   76.9   0.0   1   1   4.1e-24   7.4e-22   76.9   0.0    92   171     3    87     1   104 0.82 -
TCONS_00050082:1112-1423 -            104 63193at6656          -            327   7.4e-22   76.9   0.0   1   1   4.1e-24   7.4e-22   76.9   0.0    92   171     3    87     1   104 0.82 -
TCONS_00002721:1235-1567 -            111 63193at6656          -            327   2.9e-20   71.7   0.0   1   1     2e-22   3.5e-20   71.4   0.0   101   191     7   108     2   111 0.84 -
TCONS_00001945:219-512   -             98 63193at6656          -            327   4.2e-19   67.9   0.1   1   1   2.4e-21   4.3e-19   67.9   0.1   108   184    13    98     1    98 0.80 -
TCONS_00012228:305-598   -             98 63193at6656          -            327   4.2e-19   67.9   0.1   1   1   2.4e-21   4.3e-19   67.9   0.1   108   184    13    98     1    98 0.80 -
TCONS_00000612:0-320     -            107 63193at6656          -            327   1.1e-15   56.7   0.0   1   1   6.6e-18   1.2e-15   56.6   0.0    94   191     2   105     1   107 0.85 -
TCONS_00000613:0-320     -            107 63193at6656          -            327   1.1e-15   56.7   0.0   1   1   6.6e-18   1.2e-15   56.6   0.0    94   191     2   105     1   107 0.85 -
TCONS_00015899:188-586   -            133 63193at6656          -            327   1.1e-15   56.7   0.0   1   1   7.1e-18   1.3e-15   56.5   0.0    93   191    27   131    17   133 0.85 -
TCONS_00015900:249-647   -            133 63193at6656          -            327   1.1e-15   56.7   0.0   1   1   7.1e-18   1.3e-15   56.5   0.0    93   191    27   131    17   133 0.85 -
TCONS_00033760:1233-1595 -            121 63193at6656          -            327   1.9e-15   55.9   0.1   1   1   1.2e-17   2.2e-15   55.7   0.1    98   174    27   106    18   120 0.85 -
TCONS_00033761:1446-1808 -            121 63193at6656          -            327   1.9e-15   55.9   0.1   1   1   1.2e-17   2.2e-15   55.7   0.1    98   174    27   106    18   120 0.85 -
TCONS_00033762:1493-1855 -            121 63193at6656          -            327   1.9e-15   55.9   0.1   1   1   1.2e-17   2.2e-15   55.7   0.1    98   174    27   106    18   120 0.85 -
TCONS_00002763:366-710   -            115 63193at6656          -            327   7.4e-15   53.9   0.0   1   1   4.7e-17   8.4e-15   53.8   0.0    84   169    22   115     7   115 0.84 -
TCONS_00050081:76-711    -            212 63193at6656          -            327   1.1e-14   53.4   0.0   1   2      0.73   1.3e+02    0.5   0.0    32    65    47    82    15   122 0.66 -
TCONS_00050081:76-711    -            212 63193at6656          -            327   1.1e-14   53.4   0.0   2   2   3.4e-16     6e-14   50.9   0.0   109   166   150   212   128   212 0.72 -
TCONS_00050082:213-914   -            234 63193at6656          -            327   2.9e-14   52.0   0.0   1   2      0.88   1.6e+02    0.3   0.0    32    65    47    82    15   123 0.66 -
TCONS_00050082:213-914   -            234 63193at6656          -            327   2.9e-14   52.0   0.0   2   2   9.1e-16   1.6e-13   49.5   0.0   114   165   177   233   163   234 0.77 -
TCONS_00058818:798-1151  -            118 63193at6656          -            327   2.2e-12   45.8   0.0   1   1   2.6e-14   4.7e-12   44.7   0.0     4   179     6   104     3   116 0.49 -
TCONS_00040295:173-475   -            101 63193at6656          -            327   1.8e-11   42.8   0.2   1   1   1.1e-13     2e-11   42.6   0.2     9    75    12    78     5    93 0.90 -
TCONS_00045953:134-436   -            101 63193at6656          -            327   1.8e-11   42.8   0.2   1   1   1.1e-13     2e-11   42.6   0.2     9    75    12    78     5    93 0.90 -
TCONS_00040297:0-284     -             95 63193at6656          -            327   1.8e-11   42.8   0.2   1   1   1.2e-13   2.1e-11   42.6   0.2     9    75     5    71     2    87 0.91 -
TCONS_00002644:119-532   -            138 63193at6656          -            327   3.2e-11   42.0   0.0   1   1   2.1e-13   3.7e-11   41.8   0.0   101   169    37   108    28   133 0.77 -
TCONS_00028409:3197-4153 -            319 63193at6656          -            327   3.2e-10   38.7   0.8   1   1     8e-12   1.4e-09   36.6   0.8    15   171    36   210    28   246 0.77 -
TCONS_00014926:300-686   -            129 63193at6656          -            327   1.4e-08   33.3   0.2   1   2   2.7e-10   4.8e-08   31.6   0.2    99   170    36   109     8   113 0.74 -
TCONS_00014926:300-686   -            129 63193at6656          -            327   1.4e-08   33.3   0.2   2   2     0.015       2.7    6.1   0.0    49    78    80   109    77   125 0.86 -
TCONS_00001952:199-483   -             95 63193at6656          -            327   2.8e-05   22.5   0.0   1   1   1.7e-07     3e-05   22.4   0.0    15    75    23    82     5    92 0.66 -
TCONS_00012746:238-798   -            187 63193at6656          -            327   0.00014   20.2   0.2   1   1   4.1e-06   0.00073   17.8   0.2    19   137    21   152    13   187 0.63 -
TCONS_00058917:401-2560  -            720 63193at6656          -            327   0.00016   19.9   0.1   1   1   1.4e-06   0.00026   19.3   0.1    19    98   104   184    90   216 0.77 -
TCONS_00010507:738-1343  -            202 63193at6656          -            327   0.00059   18.1   0.0   1   2     7e-05     0.012   13.8   0.0    89   189     4   111     2   125 0.81 -
TCONS_00010507:738-1343  -            202 63193at6656          -            327   0.00059   18.1   0.0   2   2      0.13        23    3.0   0.0   102   169   125   193   110   196 0.57 -
TCONS_00012747:4069-4635 -            189 63193at6656          -            327    0.0061   14.8   0.0   1   1    0.0012      0.21    9.8   0.0   111   188     8    92     2   105 0.74 -
TCONS_00040516:853-1674  -            274 63193at6656          -            327    0.0084   14.3   0.0   1   1   6.6e-05     0.012   13.8   0.0    14   152   146   190   134   223 0.60 -
TCONS_00037075:98-424    -            109 63193at6656          -            327     0.031   12.5   0.0   1   1   0.00018     0.031   12.4   0.0     9    47    21    61     3    93 0.68 -
TCONS_00009652:178-774   -            199 63193at6656          -            327     0.031   12.4   0.0   1   1   0.00024     0.043   12.0   0.0   107   172    14    80     2   120 0.70 -
TCONS_00010505:173-769   -            199 63193at6656          -            327     0.031   12.4   0.0   1   1   0.00024     0.043   12.0   0.0   107   172    14    80     2   120 0.70 -
TCONS_00011328:204-800   -            199 63193at6656          -            327     0.031   12.4   0.0   1   1   0.00024     0.043   12.0   0.0   107   172    14    80     2   120 0.70 -
TCONS_00011329:160-756   -            199 63193at6656          -            327     0.031   12.4   0.0   1   1   0.00024     0.043   12.0   0.0   107   172    14    80     2   120 0.70 -
TCONS_00012747:160-756   -            199 63193at6656          -            327     0.031   12.4   0.0   1   1   0.00024     0.043   12.0   0.0   107   172    14    80     2   120 0.70 -
TCONS_00013155:238-834   -            199 63193at6656          -            327     0.031   12.4   0.0   1   1   0.00024     0.043   12.0   0.0   107   172    14    80     2   120 0.70 -
TCONS_00031516:4046-4327 -             94 63193at6656          -            327     0.032   12.4   0.0   1   1   0.00018     0.032   12.4   0.0     9    47     6    46     2    80 0.70 -
TCONS_00034948:82-363    -             94 63193at6656          -            327     0.032   12.4   0.0   1   1   0.00018     0.032   12.4   0.0     9    47     6    46     2    80 0.70 -
TCONS_00038393:392-673   -             94 63193at6656          -            327     0.032   12.4   0.0   1   1   0.00018     0.032   12.4   0.0     9    47     6    46     2    80 0.70 -
TCONS_00009652:3091-3699 -            203 63193at6656          -            327      0.05   11.8   0.0   1   1   0.00036     0.064   11.4   0.0    93   170   108   186    58   193 0.87 -
TCONS_00012747:3073-3681 -            203 63193at6656          -            327      0.05   11.8   0.0   1   1   0.00036     0.064   11.4   0.0    93   170   108   186    58   193 0.87 -
TCONS_00013155:3151-3759 -            203 63193at6656          -            327      0.05   11.8   0.0   1   1   0.00036     0.064   11.4   0.0    93   170   108   186    58   193 0.87 -
TCONS_00014969:113-682   -            190 63193at6656          -            327     0.055   11.6   0.0   1   1   0.00047     0.084   11.0   0.0    16    76    19    80     3   102 0.78 -
#
# Program:         hmmsearch
# Version:         3.1b2 (February 2015)
# Pipeline mode:   SEARCH
# Query file:      /hpcdata/bcbb/homc/Barillaslab/Agam_hemo_transcriptomes/scripts/busco/busco_downloads/lineages/arthropoda_odb10/hmms/63193at6656.hmm
# Target file:     /hpcdata/bcbb/homc/Barillaslab/Agam_hemo_transcriptomes/scripts/busco/refguided_Agamhemo_BUSCO/run_arthropoda_odb10/metaeuk_output/initial_results/all_transcripts.comprehensive.v6.gffread.fa.modified.fas
# Option settings: hmmsearch --domtblout /hpcdata/bcbb/homc/Barillaslab/Agam_hemo_transcriptomes/scripts/busco/refguided_Agamhemo_BUSCO/run_arthropoda_odb10/hmmer_output/initial_run_results/63193at6656.out --cpu 1 /hpcdata/bcbb/homc/Barillaslab/Agam_hemo_transcriptomes/scripts/busco/busco_downloads/lineages/arthropoda_odb10/hmms/63193at6656.hmm /hpcdata/bcbb/homc/Barillaslab/Agam_hemo_transcriptomes/scripts/busco/refguided_Agamhemo_BUSCO/run_arthropoda_odb10/metaeuk_output/initial_results/all_transcripts.comprehensive.v6.gffread.fa.modified.fas 
# Current dir:     /hpcdata/bcbb/homc/Barillaslab/Agam_hemo_transcriptomes/scripts/busco
# Date:            Thu Feb  9 16:54:26 2023
# [ok]
