#                                                                                --- full sequence --- -------------- this domain -------------   hmm coord   ali coord   env coord
# target name            accession   tlen query name           accession   qlen   E-value  score  bias   #  of  c-Evalue  i-Evalue  score  bias  from    to  from    to  from    to  acc description of target
#    ------------------- ---------- ----- -------------------- ---------- ----- --------- ------ ----- --- --- --------- --------- ------ ----- ----- ----- ----- ----- ----- ----- ---- ---------------------
TCONS_00058699:991-2244  -            418 66028at6656          -            273  3.9e-167  553.0   1.2   1   1  2.4e-168  1.9e-166  550.7   1.2     1   273    81   395    81   395 0.95 -
TCONS_00058700:996-2249  -            418 66028at6656          -            273  3.9e-167  553.0   1.2   1   1  2.4e-168  1.9e-166  550.7   1.2     1   273    81   395    81   395 0.95 -
TCONS_00060256:768-2021  -            418 66028at6656          -            273  3.9e-167  553.0   1.2   1   1  2.4e-168  1.9e-166  550.7   1.2     1   273    81   395    81   395 0.95 -
TCONS_00061292:1576-2829 -            418 66028at6656          -            273  3.9e-167  553.0   1.2   1   1  2.4e-168  1.9e-166  550.7   1.2     1   273    81   395    81   395 0.95 -
TCONS_00061293:421-1674  -            418 66028at6656          -            273  3.9e-167  553.0   1.2   1   1  2.4e-168  1.9e-166  550.7   1.2     1   273    81   395    81   395 0.95 -
TCONS_00061294:467-1720  -            418 66028at6656          -            273  3.9e-167  553.0   1.2   1   1  2.4e-168  1.9e-166  550.7   1.2     1   273    81   395    81   395 0.95 -
TCONS_00002293:778-1614  -            279 66028at6656          -            273   4.2e-20   70.8   3.3   1   2   3.1e-11   2.5e-09   35.5   0.6    91   252    41   206    30   207 0.86 -
TCONS_00002293:778-1614  -            279 66028at6656          -            273   4.2e-20   70.8   3.3   2   2   1.4e-13   1.1e-11   43.2   0.1    93   258    90   256    85   263 0.87 -
TCONS_00008781:914-1750  -            279 66028at6656          -            273   4.2e-20   70.8   3.3   1   2   3.1e-11   2.5e-09   35.5   0.6    91   252    41   206    30   207 0.86 -
TCONS_00008781:914-1750  -            279 66028at6656          -            273   4.2e-20   70.8   3.3   2   2   1.4e-13   1.1e-11   43.2   0.1    93   258    90   256    85   263 0.87 -
TCONS_00014879:559-1713  -            385 66028at6656          -            273   6.1e-15   53.9   4.5   1   6      0.16        13    3.6   0.0   218   255   104   141    97   146 0.91 -
TCONS_00014879:559-1713  -            385 66028at6656          -            273   6.1e-15   53.9   4.5   2   6   1.4e-05    0.0011   17.0   0.0   210   255   149   194   144   202 0.94 -
TCONS_00014879:559-1713  -            385 66028at6656          -            273   6.1e-15   53.9   4.5   3   6      0.02       1.6    6.6   0.1   217   251   206   240   201   245 0.90 -
TCONS_00014879:559-1713  -            385 66028at6656          -            273   6.1e-15   53.9   4.5   4   6    0.0013       0.1   10.5   0.0   211   253   246   288   240   294 0.90 -
TCONS_00014879:559-1713  -            385 66028at6656          -            273   6.1e-15   53.9   4.5   5   6     0.002      0.16    9.9   0.0   216   253   295   332   289   341 0.90 -
TCONS_00014879:559-1713  -            385 66028at6656          -            273   6.1e-15   53.9   4.5   6   6       0.4        33    2.3   0.2   219   248   355   384   351   385 0.60 -
TCONS_00040666:629-1666  -            346 66028at6656          -            273   2.7e-11   41.9   6.3   1   4     0.038       3.1    5.7   0.0   213   260     5    51     1    64 0.77 -
TCONS_00040666:629-1666  -            346 66028at6656          -            273   2.7e-11   41.9   6.3   2   4   2.3e-07   1.8e-05   22.8   1.4    92   252    70   222    62   226 0.85 -
TCONS_00040666:629-1666  -            346 66028at6656          -            273   2.7e-11   41.9   6.3   3   4     5e-06   0.00041   18.4   0.1   103   199   204   307   202   310 0.76 -
TCONS_00040666:629-1666  -            346 66028at6656          -            273   2.7e-11   41.9   6.3   4   4    0.0027      0.22    9.4   0.0   103   164   254   311   248   336 0.75 -
TCONS_00015475:613-2208  -            532 66028at6656          -            273   1.2e-09   36.5   5.0   1   3    0.0045      0.37    8.7   0.2   103   142   215   252   198   271 0.81 -
TCONS_00015475:613-2208  -            532 66028at6656          -            273   1.2e-09   36.5   5.0   2   3      0.12       9.3    4.1   0.1   209   252   311   353   303   373 0.78 -
TCONS_00015475:613-2208  -            532 66028at6656          -            273   1.2e-09   36.5   5.0   3   3   8.4e-08   6.8e-06   24.2   0.1   103   251   377   526   357   531 0.86 -
TCONS_00013858:109-2517  -            803 66028at6656          -            273   1.2e-09   36.5   1.4   1   2   8.2e-09   6.6e-07   27.6   0.5    84   251    57   226    39   244 0.80 -
TCONS_00013858:109-2517  -            803 66028at6656          -            273   1.2e-09   36.5   1.4   2   2     0.011       0.9    7.4   0.0   191   237   263   310   236   329 0.72 -
TCONS_00016114:1568-2287 -            240 66028at6656          -            273   7.2e-09   34.0   0.3   1   3   8.7e-05     0.007   14.3   0.0   159   249    20   110     3   114 0.76 -
TCONS_00016114:1568-2287 -            240 66028at6656          -            273   7.2e-09   34.0   0.3   2   3    0.0035      0.28    9.1   0.1   210   240   114   144   110   163 0.81 -
TCONS_00016114:1568-2287 -            240 66028at6656          -            273   7.2e-09   34.0   0.3   3   3     0.011      0.88    7.5   0.0   179   242   169   234   146   240 0.67 -
TCONS_00016115:1570-2289 -            240 66028at6656          -            273   7.2e-09   34.0   0.3   1   3   8.7e-05     0.007   14.3   0.0   159   249    20   110     3   114 0.76 -
TCONS_00016115:1570-2289 -            240 66028at6656          -            273   7.2e-09   34.0   0.3   2   3    0.0035      0.28    9.1   0.1   210   240   114   144   110   163 0.81 -
TCONS_00016115:1570-2289 -            240 66028at6656          -            273   7.2e-09   34.0   0.3   3   3     0.011      0.88    7.5   0.0   179   242   169   234   146   240 0.67 -
TCONS_00019987:1506-2225 -            240 66028at6656          -            273   7.2e-09   34.0   0.3   1   3   8.7e-05     0.007   14.3   0.0   159   249    20   110     3   114 0.76 -
TCONS_00019987:1506-2225 -            240 66028at6656          -            273   7.2e-09   34.0   0.3   2   3    0.0035      0.28    9.1   0.1   210   240   114   144   110   163 0.81 -
TCONS_00019987:1506-2225 -            240 66028at6656          -            273   7.2e-09   34.0   0.3   3   3     0.011      0.88    7.5   0.0   179   242   169   234   146   240 0.67 -
TCONS_00026741:1348-2067 -            240 66028at6656          -            273   7.2e-09   34.0   0.3   1   3   8.7e-05     0.007   14.3   0.0   159   249    20   110     3   114 0.76 -
TCONS_00026741:1348-2067 -            240 66028at6656          -            273   7.2e-09   34.0   0.3   2   3    0.0035      0.28    9.1   0.1   210   240   114   144   110   163 0.81 -
TCONS_00026741:1348-2067 -            240 66028at6656          -            273   7.2e-09   34.0   0.3   3   3     0.011      0.88    7.5   0.0   179   242   169   234   146   240 0.67 -
TCONS_00027856:1834-2553 -            240 66028at6656          -            273   7.2e-09   34.0   0.3   1   3   8.7e-05     0.007   14.3   0.0   159   249    20   110     3   114 0.76 -
TCONS_00027856:1834-2553 -            240 66028at6656          -            273   7.2e-09   34.0   0.3   2   3    0.0035      0.28    9.1   0.1   210   240   114   144   110   163 0.81 -
TCONS_00027856:1834-2553 -            240 66028at6656          -            273   7.2e-09   34.0   0.3   3   3     0.011      0.88    7.5   0.0   179   242   169   234   146   240 0.67 -
TCONS_00002615:583-1479  -            299 66028at6656          -            273   9.5e-09   33.6   3.8   1   2       6.8   5.5e+02   -1.7   0.0   219   260     5    47     2    56 0.70 -
TCONS_00002615:583-1479  -            299 66028at6656          -            273   9.5e-09   33.6   3.8   2   2   3.5e-10   2.8e-08   32.0   2.2    95   251    78   242    74   257 0.78 -
TCONS_00031384:165-1022  -            286 66028at6656          -            273   5.5e-08   31.1   0.2   1   3      0.11         9    4.2   0.0   219   255     2    37     1    41 0.81 -
TCONS_00031384:165-1022  -            286 66028at6656          -            273   5.5e-08   31.1   0.2   2   3      0.15        12    3.8   0.1   214   248    39    72    33    82 0.86 -
TCONS_00031384:165-1022  -            286 66028at6656          -            273   5.5e-08   31.1   0.2   3   3   1.7e-06   0.00014   19.9   0.0    92   250    90   242    75   250 0.78 -
TCONS_00030287:1482-2495 -            338 66028at6656          -            273   6.1e-08   30.9   7.8   1   4   0.00051     0.041   11.8   0.1   105   168    53   111    35   114 0.86 -
TCONS_00030287:1482-2495 -            338 66028at6656          -            273   6.1e-08   30.9   7.8   2   4   1.5e-05    0.0012   16.8   1.0   103   237    93   224    88   237 0.81 -
TCONS_00030287:1482-2495 -            338 66028at6656          -            273   6.1e-08   30.9   7.8   3   4      0.01      0.84    7.5   0.0   109   170   246   302   237   313 0.58 -
TCONS_00030287:1482-2495 -            338 66028at6656          -            273   6.1e-08   30.9   7.8   4   4     0.027       2.2    6.2   0.0    63   117   279   338   278   338 0.68 -
TCONS_00030288:1603-2616 -            338 66028at6656          -            273   6.1e-08   30.9   7.8   1   4   0.00051     0.041   11.8   0.1   105   168    53   111    35   114 0.86 -
TCONS_00030288:1603-2616 -            338 66028at6656          -            273   6.1e-08   30.9   7.8   2   4   1.5e-05    0.0012   16.8   1.0   103   237    93   224    88   237 0.81 -
TCONS_00030288:1603-2616 -            338 66028at6656          -            273   6.1e-08   30.9   7.8   3   4      0.01      0.84    7.5   0.0   109   170   246   302   237   313 0.58 -
TCONS_00030288:1603-2616 -            338 66028at6656          -            273   6.1e-08   30.9   7.8   4   4     0.027       2.2    6.2   0.0    63   117   279   338   278   338 0.68 -
TCONS_00030289:1480-2493 -            338 66028at6656          -            273   6.1e-08   30.9   7.8   1   4   0.00051     0.041   11.8   0.1   105   168    53   111    35   114 0.86 -
TCONS_00030289:1480-2493 -            338 66028at6656          -            273   6.1e-08   30.9   7.8   2   4   1.5e-05    0.0012   16.8   1.0   103   237    93   224    88   237 0.81 -
TCONS_00030289:1480-2493 -            338 66028at6656          -            273   6.1e-08   30.9   7.8   3   4      0.01      0.84    7.5   0.0   109   170   246   302   237   313 0.58 -
TCONS_00030289:1480-2493 -            338 66028at6656          -            273   6.1e-08   30.9   7.8   4   4     0.027       2.2    6.2   0.0    63   117   279   338   278   338 0.68 -
TCONS_00030290:727-1740  -            338 66028at6656          -            273   6.1e-08   30.9   7.8   1   4   0.00051     0.041   11.8   0.1   105   168    53   111    35   114 0.86 -
TCONS_00030290:727-1740  -            338 66028at6656          -            273   6.1e-08   30.9   7.8   2   4   1.5e-05    0.0012   16.8   1.0   103   237    93   224    88   237 0.81 -
TCONS_00030290:727-1740  -            338 66028at6656          -            273   6.1e-08   30.9   7.8   3   4      0.01      0.84    7.5   0.0   109   170   246   302   237   313 0.58 -
TCONS_00030290:727-1740  -            338 66028at6656          -            273   6.1e-08   30.9   7.8   4   4     0.027       2.2    6.2   0.0    63   117   279   338   278   338 0.68 -
TCONS_00030291:2406-3419 -            338 66028at6656          -            273   6.1e-08   30.9   7.8   1   4   0.00051     0.041   11.8   0.1   105   168    53   111    35   114 0.86 -
TCONS_00030291:2406-3419 -            338 66028at6656          -            273   6.1e-08   30.9   7.8   2   4   1.5e-05    0.0012   16.8   1.0   103   237    93   224    88   237 0.81 -
TCONS_00030291:2406-3419 -            338 66028at6656          -            273   6.1e-08   30.9   7.8   3   4      0.01      0.84    7.5   0.0   109   170   246   302   237   313 0.58 -
TCONS_00030291:2406-3419 -            338 66028at6656          -            273   6.1e-08   30.9   7.8   4   4     0.027       2.2    6.2   0.0    63   117   279   338   278   338 0.68 -
TCONS_00031870:1287-2300 -            338 66028at6656          -            273   6.1e-08   30.9   7.8   1   4   0.00051     0.041   11.8   0.1   105   168    53   111    35   114 0.86 -
TCONS_00031870:1287-2300 -            338 66028at6656          -            273   6.1e-08   30.9   7.8   2   4   1.5e-05    0.0012   16.8   1.0   103   237    93   224    88   237 0.81 -
TCONS_00031870:1287-2300 -            338 66028at6656          -            273   6.1e-08   30.9   7.8   3   4      0.01      0.84    7.5   0.0   109   170   246   302   237   313 0.58 -
TCONS_00031870:1287-2300 -            338 66028at6656          -            273   6.1e-08   30.9   7.8   4   4     0.027       2.2    6.2   0.0    63   117   279   338   278   338 0.68 -
TCONS_00032730:1386-2399 -            338 66028at6656          -            273   6.1e-08   30.9   7.8   1   4   0.00051     0.041   11.8   0.1   105   168    53   111    35   114 0.86 -
TCONS_00032730:1386-2399 -            338 66028at6656          -            273   6.1e-08   30.9   7.8   2   4   1.5e-05    0.0012   16.8   1.0   103   237    93   224    88   237 0.81 -
TCONS_00032730:1386-2399 -            338 66028at6656          -            273   6.1e-08   30.9   7.8   3   4      0.01      0.84    7.5   0.0   109   170   246   302   237   313 0.58 -
TCONS_00032730:1386-2399 -            338 66028at6656          -            273   6.1e-08   30.9   7.8   4   4     0.027       2.2    6.2   0.0    63   117   279   338   278   338 0.68 -
TCONS_00032731:746-1759  -            338 66028at6656          -            273   6.1e-08   30.9   7.8   1   4   0.00051     0.041   11.8   0.1   105   168    53   111    35   114 0.86 -
TCONS_00032731:746-1759  -            338 66028at6656          -            273   6.1e-08   30.9   7.8   2   4   1.5e-05    0.0012   16.8   1.0   103   237    93   224    88   237 0.81 -
TCONS_00032731:746-1759  -            338 66028at6656          -            273   6.1e-08   30.9   7.8   3   4      0.01      0.84    7.5   0.0   109   170   246   302   237   313 0.58 -
TCONS_00032731:746-1759  -            338 66028at6656          -            273   6.1e-08   30.9   7.8   4   4     0.027       2.2    6.2   0.0    63   117   279   338   278   338 0.68 -
TCONS_00034326:794-1807  -            338 66028at6656          -            273   6.1e-08   30.9   7.8   1   4   0.00051     0.041   11.8   0.1   105   168    53   111    35   114 0.86 -
TCONS_00034326:794-1807  -            338 66028at6656          -            273   6.1e-08   30.9   7.8   2   4   1.5e-05    0.0012   16.8   1.0   103   237    93   224    88   237 0.81 -
TCONS_00034326:794-1807  -            338 66028at6656          -            273   6.1e-08   30.9   7.8   3   4      0.01      0.84    7.5   0.0   109   170   246   302   237   313 0.58 -
TCONS_00034326:794-1807  -            338 66028at6656          -            273   6.1e-08   30.9   7.8   4   4     0.027       2.2    6.2   0.0    63   117   279   338   278   338 0.68 -
TCONS_00037437:651-1664  -            338 66028at6656          -            273   6.1e-08   30.9   7.8   1   4   0.00051     0.041   11.8   0.1   105   168    53   111    35   114 0.86 -
TCONS_00037437:651-1664  -            338 66028at6656          -            273   6.1e-08   30.9   7.8   2   4   1.5e-05    0.0012   16.8   1.0   103   237    93   224    88   237 0.81 -
TCONS_00037437:651-1664  -            338 66028at6656          -            273   6.1e-08   30.9   7.8   3   4      0.01      0.84    7.5   0.0   109   170   246   302   237   313 0.58 -
TCONS_00037437:651-1664  -            338 66028at6656          -            273   6.1e-08   30.9   7.8   4   4     0.027       2.2    6.2   0.0    63   117   279   338   278   338 0.68 -
TCONS_00037816:642-1655  -            338 66028at6656          -            273   6.1e-08   30.9   7.8   1   4   0.00051     0.041   11.8   0.1   105   168    53   111    35   114 0.86 -
TCONS_00037816:642-1655  -            338 66028at6656          -            273   6.1e-08   30.9   7.8   2   4   1.5e-05    0.0012   16.8   1.0   103   237    93   224    88   237 0.81 -
TCONS_00037816:642-1655  -            338 66028at6656          -            273   6.1e-08   30.9   7.8   3   4      0.01      0.84    7.5   0.0   109   170   246   302   237   313 0.58 -
TCONS_00037816:642-1655  -            338 66028at6656          -            273   6.1e-08   30.9   7.8   4   4     0.027       2.2    6.2   0.0    63   117   279   338   278   338 0.68 -
TCONS_00037817:1364-2377 -            338 66028at6656          -            273   6.1e-08   30.9   7.8   1   4   0.00051     0.041   11.8   0.1   105   168    53   111    35   114 0.86 -
TCONS_00037817:1364-2377 -            338 66028at6656          -            273   6.1e-08   30.9   7.8   2   4   1.5e-05    0.0012   16.8   1.0   103   237    93   224    88   237 0.81 -
TCONS_00037817:1364-2377 -            338 66028at6656          -            273   6.1e-08   30.9   7.8   3   4      0.01      0.84    7.5   0.0   109   170   246   302   237   313 0.58 -
TCONS_00037817:1364-2377 -            338 66028at6656          -            273   6.1e-08   30.9   7.8   4   4     0.027       2.2    6.2   0.0    63   117   279   338   278   338 0.68 -
TCONS_00038180:1857-2870 -            338 66028at6656          -            273   6.1e-08   30.9   7.8   1   4   0.00051     0.041   11.8   0.1   105   168    53   111    35   114 0.86 -
TCONS_00038180:1857-2870 -            338 66028at6656          -            273   6.1e-08   30.9   7.8   2   4   1.5e-05    0.0012   16.8   1.0   103   237    93   224    88   237 0.81 -
TCONS_00038180:1857-2870 -            338 66028at6656          -            273   6.1e-08   30.9   7.8   3   4      0.01      0.84    7.5   0.0   109   170   246   302   237   313 0.58 -
TCONS_00038180:1857-2870 -            338 66028at6656          -            273   6.1e-08   30.9   7.8   4   4     0.027       2.2    6.2   0.0    63   117   279   338   278   338 0.68 -
TCONS_00059174:157-1179  -            341 66028at6656          -            273   1.3e-07   29.9   4.1   1   4   1.7e-06   0.00013   20.0   0.5   103   171    73   138    28   150 0.62 -
TCONS_00059174:157-1179  -            341 66028at6656          -            273   1.3e-07   29.9   4.1   2   4       2.2   1.8e+02   -0.1   0.0   212   234   145   167   138   188 0.74 -
TCONS_00059174:157-1179  -            341 66028at6656          -            273   1.3e-07   29.9   4.1   3   4       2.3   1.8e+02   -0.1   0.0   103   164   166   226   161   230 0.63 -
TCONS_00059174:157-1179  -            341 66028at6656          -            273   1.3e-07   29.9   4.1   4   4     0.073       5.9    4.8   0.0   213   249   300   336   255   340 0.84 -
TCONS_00003550:450-1421  -            324 66028at6656          -            273   2.2e-07   29.1   2.5   1   3      0.67        54    1.6   0.0   215   253    35    72    20    83 0.80 -
TCONS_00003550:450-1421  -            324 66028at6656          -            273   2.2e-07   29.1   2.5   2   3     0.069       5.6    4.8   0.1    77   127    64   119    54   127 0.65 -
TCONS_00003550:450-1421  -            324 66028at6656          -            273   2.2e-07   29.1   2.5   3   3   5.5e-07   4.4e-05   21.6   0.3   100   256   137   290   134   297 0.75 -
TCONS_00003551:2568-3539 -            324 66028at6656          -            273   2.2e-07   29.1   2.5   1   3      0.67        54    1.6   0.0   215   253    35    72    20    83 0.80 -
TCONS_00003551:2568-3539 -            324 66028at6656          -            273   2.2e-07   29.1   2.5   2   3     0.069       5.6    4.8   0.1    77   127    64   119    54   127 0.65 -
TCONS_00003551:2568-3539 -            324 66028at6656          -            273   2.2e-07   29.1   2.5   3   3   5.5e-07   4.4e-05   21.6   0.3   100   256   137   290   134   297 0.75 -
TCONS_00006416:973-1944  -            324 66028at6656          -            273   2.2e-07   29.1   2.5   1   3      0.67        54    1.6   0.0   215   253    35    72    20    83 0.80 -
TCONS_00006416:973-1944  -            324 66028at6656          -            273   2.2e-07   29.1   2.5   2   3     0.069       5.6    4.8   0.1    77   127    64   119    54   127 0.65 -
TCONS_00006416:973-1944  -            324 66028at6656          -            273   2.2e-07   29.1   2.5   3   3   5.5e-07   4.4e-05   21.6   0.3   100   256   137   290   134   297 0.75 -
TCONS_00009004:2254-3225 -            324 66028at6656          -            273   2.2e-07   29.1   2.5   1   3      0.67        54    1.6   0.0   215   253    35    72    20    83 0.80 -
TCONS_00009004:2254-3225 -            324 66028at6656          -            273   2.2e-07   29.1   2.5   2   3     0.069       5.6    4.8   0.1    77   127    64   119    54   127 0.65 -
TCONS_00009004:2254-3225 -            324 66028at6656          -            273   2.2e-07   29.1   2.5   3   3   5.5e-07   4.4e-05   21.6   0.3   100   256   137   290   134   297 0.75 -
TCONS_00011545:1542-2402 -            287 66028at6656          -            273     5e-07   28.0   3.0   1   2     0.026       2.1    6.2   0.1    76   128    26    83     3    91 0.70 -
TCONS_00011545:1542-2402 -            287 66028at6656          -            273     5e-07   28.0   3.0   2   2   6.7e-07   5.4e-05   21.3   0.3   100   256   100   253    97   261 0.75 -
TCONS_00012922:212-1072  -            287 66028at6656          -            273     5e-07   28.0   3.0   1   2     0.026       2.1    6.2   0.1    76   128    26    83     3    91 0.70 -
TCONS_00012922:212-1072  -            287 66028at6656          -            273     5e-07   28.0   3.0   2   2   6.7e-07   5.4e-05   21.3   0.3   100   256   100   253    97   261 0.75 -
TCONS_00008092:1107-1967 -            287 66028at6656          -            273   6.2e-07   27.6   2.9   1   2     0.026       2.1    6.2   0.1    76   128    26    83     3    91 0.70 -
TCONS_00008092:1107-1967 -            287 66028at6656          -            273   6.2e-07   27.6   2.9   2   2   9.3e-07   7.5e-05   20.8   0.3   100   256   100   253    97   260 0.74 -
TCONS_00057636:555-1346  -            264 66028at6656          -            273   7.5e-07   27.4   0.4   1   2     0.053       4.3    5.2   0.0   217   251    19    52    15    56 0.80 -
TCONS_00057636:555-1346  -            264 66028at6656          -            273   7.5e-07   27.4   0.4   2   2   1.1e-06   9.1e-05   20.5   0.1   100   252    74   225    51   251 0.77 -
TCONS_00050671:443-1309  -            289 66028at6656          -            273   8.6e-07   27.2   0.6   1   2     0.054       4.3    5.2   0.0   217   251    44    77    39    84 0.80 -
TCONS_00050671:443-1309  -            289 66028at6656          -            273   8.6e-07   27.2   0.6   2   2   1.9e-06   0.00015   19.8   0.1   101   252   100   250    77   265 0.78 -
TCONS_00040244:151-1200  -            350 66028at6656          -            273   3.8e-06   25.0   0.1   1   4      0.08       6.4    4.6   0.0   203   252    84   132    71   135 0.84 -
TCONS_00040244:151-1200  -            350 66028at6656          -            273   3.8e-06   25.0   0.1   2   4    0.0013       0.1   10.5   0.1   209   252   132   175   120   194 0.87 -
TCONS_00040244:151-1200  -            350 66028at6656          -            273   3.8e-06   25.0   0.1   3   4    0.0074       0.6    8.0   0.0   153   252   160   258   155   274 0.74 -
TCONS_00040244:151-1200  -            350 66028at6656          -            273   3.8e-06   25.0   0.1   4   4      0.63        51    1.7   0.0   179   241   278   340   259   346 0.74 -
TCONS_00042643:469-1230  -            254 66028at6656          -            273   5.2e-06   24.6   3.4   1   3    0.0061      0.49    8.3   0.1    92   121    42    71    34    98 0.86 -
TCONS_00042643:469-1230  -            254 66028at6656          -            273   5.2e-06   24.6   3.4   2   3   0.00024     0.019   12.9   0.0   199   258   106   164    87   174 0.85 -
TCONS_00042643:469-1230  -            254 66028at6656          -            273   5.2e-06   24.6   3.4   3   3      0.22        18    3.2   0.2    75   120   198   252   176   254 0.67 -
TCONS_00042646:473-1234  -            254 66028at6656          -            273   5.2e-06   24.6   3.4   1   3    0.0061      0.49    8.3   0.1    92   121    42    71    34    98 0.86 -
TCONS_00042646:473-1234  -            254 66028at6656          -            273   5.2e-06   24.6   3.4   2   3   0.00024     0.019   12.9   0.0   199   258   106   164    87   174 0.85 -
TCONS_00042646:473-1234  -            254 66028at6656          -            273   5.2e-06   24.6   3.4   3   3      0.22        18    3.2   0.2    75   120   198   252   176   254 0.67 -
TCONS_00002286:22-1176   -            385 66028at6656          -            273   8.3e-06   23.9   0.2   1   2      0.17        14    3.5   0.0    23    64    35    75    17    89 0.76 -
TCONS_00002286:22-1176   -            385 66028at6656          -            273   8.3e-06   23.9   0.2   2   2   8.8e-06   0.00071   17.6   0.1   192   252   200   261   184   269 0.87 -
TCONS_00048179:336-3095  -            920 66028at6656          -            273   8.8e-06   23.9   0.9   1   3     0.033       2.7    5.9   0.1    92   121   108   137   101   165 0.86 -
TCONS_00048179:336-3095  -            920 66028at6656          -            273   8.8e-06   23.9   0.9   2   3    0.0016      0.13   10.2   0.0   199   258   172   230   154   239 0.85 -
TCONS_00048179:336-3095  -            920 66028at6656          -            273   8.8e-06   23.9   0.9   3   3     0.078       6.3    4.7   0.0    75   148   264   346   243   362 0.74 -
TCONS_00011434:675-1304  -            210 66028at6656          -            273   1.1e-05   23.6   0.2   1   1   1.8e-07   1.4e-05   23.2   0.2    94   248    54   210    42   210 0.81 -
TCONS_00048735:570-1304  -            245 66028at6656          -            273   1.7e-05   22.9   1.4   1   2     0.019       1.5    6.7   0.1   217   249     2    33     1    37 0.88 -
TCONS_00048735:570-1304  -            245 66028at6656          -            273   1.7e-05   22.9   1.4   2   2   7.7e-05    0.0062   14.5   0.1   172   251    61   140    36   163 0.77 -
TCONS_00002804:378-977   -            200 66028at6656          -            273   1.8e-05   22.8   0.1   1   2      0.11         9    4.2   0.0   214   249     7    41     3    59 0.77 -
TCONS_00002804:378-977   -            200 66028at6656          -            273   1.8e-05   22.8   0.1   2   2   3.3e-05    0.0026   15.7   0.0   180   252    77   146    72   154 0.80 -
TCONS_00040234:309-1733  -            475 66028at6656          -            273     2e-05   22.7   1.2   1   2    0.0074      0.59    8.0   0.1   214   249    60    94    52   100 0.86 -
TCONS_00040234:309-1733  -            475 66028at6656          -            273     2e-05   22.7   1.2   2   2   0.00027     0.021   12.8   0.1   172   251   122   201    96   222 0.77 -
TCONS_00030569:125-1108  -            328 66028at6656          -            273   5.2e-05   21.3   2.5   1   3     0.015       1.2    7.0   0.0   209   251    30    71     3    84 0.79 -
TCONS_00030569:125-1108  -            328 66028at6656          -            273   5.2e-05   21.3   2.5   2   3      0.02       1.6    6.6   0.3   105   163   144   199   126   203 0.67 -
TCONS_00030569:125-1108  -            328 66028at6656          -            273   5.2e-05   21.3   2.5   3   3     0.011      0.91    7.4   0.1   103   180   186   258   173   264 0.74 -
TCONS_00023904:1319-2621 -            267 66028at6656          -            273   5.6e-05   21.2   2.6   1   1   3.2e-06   0.00026   19.0   2.3    92   254    60   218    47   225 0.82 -
TCONS_00003599:1053-4085 -           1011 66028at6656          -            273   6.7e-05   21.0   0.1   1   3       7.5   6.1e+02   -1.8   0.0   209   251   614   655   612   663 0.85 -
TCONS_00003599:1053-4085 -           1011 66028at6656          -            273   6.7e-05   21.0   0.1   2   3     0.035       2.8    5.8   0.0   216   252   667   704   640   711 0.81 -
TCONS_00003599:1053-4085 -           1011 66028at6656          -            273   6.7e-05   21.0   0.1   3   3   0.00065     0.053   11.5   0.0   199   255   864   919   851   925 0.85 -
TCONS_00003600:840-3872  -           1011 66028at6656          -            273   6.7e-05   21.0   0.1   1   3       7.5   6.1e+02   -1.8   0.0   209   251   614   655   612   663 0.85 -
TCONS_00003600:840-3872  -           1011 66028at6656          -            273   6.7e-05   21.0   0.1   2   3     0.035       2.8    5.8   0.0   216   252   667   704   640   711 0.81 -
TCONS_00003600:840-3872  -           1011 66028at6656          -            273   6.7e-05   21.0   0.1   3   3   0.00065     0.053   11.5   0.0   199   255   864   919   851   925 0.85 -
TCONS_00003601:1711-4743 -           1011 66028at6656          -            273   6.7e-05   21.0   0.1   1   3       7.5   6.1e+02   -1.8   0.0   209   251   614   655   612   663 0.85 -
TCONS_00003601:1711-4743 -           1011 66028at6656          -            273   6.7e-05   21.0   0.1   2   3     0.035       2.8    5.8   0.0   216   252   667   704   640   711 0.81 -
TCONS_00003601:1711-4743 -           1011 66028at6656          -            273   6.7e-05   21.0   0.1   3   3   0.00065     0.053   11.5   0.0   199   255   864   919   851   925 0.85 -
TCONS_00003602:755-3787  -           1011 66028at6656          -            273   6.7e-05   21.0   0.1   1   3       7.5   6.1e+02   -1.8   0.0   209   251   614   655   612   663 0.85 -
TCONS_00003602:755-3787  -           1011 66028at6656          -            273   6.7e-05   21.0   0.1   2   3     0.035       2.8    5.8   0.0   216   252   667   704   640   711 0.81 -
TCONS_00003602:755-3787  -           1011 66028at6656          -            273   6.7e-05   21.0   0.1   3   3   0.00065     0.053   11.5   0.0   199   255   864   919   851   925 0.85 -
TCONS_00008127:1854-4886 -           1011 66028at6656          -            273   6.7e-05   21.0   0.1   1   3       7.5   6.1e+02   -1.8   0.0   209   251   614   655   612   663 0.85 -
TCONS_00008127:1854-4886 -           1011 66028at6656          -            273   6.7e-05   21.0   0.1   2   3     0.035       2.8    5.8   0.0   216   252   667   704   640   711 0.81 -
TCONS_00008127:1854-4886 -           1011 66028at6656          -            273   6.7e-05   21.0   0.1   3   3   0.00065     0.053   11.5   0.0   199   255   864   919   851   925 0.85 -
TCONS_00009365:559-3591  -           1011 66028at6656          -            273   6.7e-05   21.0   0.1   1   3       7.5   6.1e+02   -1.8   0.0   209   251   614   655   612   663 0.85 -
TCONS_00009365:559-3591  -           1011 66028at6656          -            273   6.7e-05   21.0   0.1   2   3     0.035       2.8    5.8   0.0   216   252   667   704   640   711 0.81 -
TCONS_00009365:559-3591  -           1011 66028at6656          -            273   6.7e-05   21.0   0.1   3   3   0.00065     0.053   11.5   0.0   199   255   864   919   851   925 0.85 -
TCONS_00011557:938-3970  -           1011 66028at6656          -            273   6.7e-05   21.0   0.1   1   3       7.5   6.1e+02   -1.8   0.0   209   251   614   655   612   663 0.85 -
TCONS_00011557:938-3970  -           1011 66028at6656          -            273   6.7e-05   21.0   0.1   2   3     0.035       2.8    5.8   0.0   216   252   667   704   640   711 0.81 -
TCONS_00011557:938-3970  -           1011 66028at6656          -            273   6.7e-05   21.0   0.1   3   3   0.00065     0.053   11.5   0.0   199   255   864   919   851   925 0.85 -
TCONS_00012481:800-3832  -           1011 66028at6656          -            273   6.7e-05   21.0   0.1   1   3       7.5   6.1e+02   -1.8   0.0   209   251   614   655   612   663 0.85 -
TCONS_00012481:800-3832  -           1011 66028at6656          -            273   6.7e-05   21.0   0.1   2   3     0.035       2.8    5.8   0.0   216   252   667   704   640   711 0.81 -
TCONS_00012481:800-3832  -           1011 66028at6656          -            273   6.7e-05   21.0   0.1   3   3   0.00065     0.053   11.5   0.0   199   255   864   919   851   925 0.85 -
TCONS_00013313:847-3879  -           1011 66028at6656          -            273   6.7e-05   21.0   0.1   1   3       7.5   6.1e+02   -1.8   0.0   209   251   614   655   612   663 0.85 -
TCONS_00013313:847-3879  -           1011 66028at6656          -            273   6.7e-05   21.0   0.1   2   3     0.035       2.8    5.8   0.0   216   252   667   704   640   711 0.81 -
TCONS_00013313:847-3879  -           1011 66028at6656          -            273   6.7e-05   21.0   0.1   3   3   0.00065     0.053   11.5   0.0   199   255   864   919   851   925 0.85 -
TCONS_00002790:647-1228  -            194 66028at6656          -            273   0.00011   20.3   1.0   1   2      0.05       4.1    5.3   0.2   222   250     5    33     1    37 0.61 -
TCONS_00002790:647-1228  -            194 66028at6656          -            273   0.00011   20.3   1.0   2   2    0.0002     0.016   13.2   0.0   213   258    46    91    38   108 0.88 -
TCONS_00005894:2008-2589 -            194 66028at6656          -            273   0.00011   20.3   1.0   1   2      0.05       4.1    5.3   0.2   222   250     5    33     1    37 0.61 -
TCONS_00005894:2008-2589 -            194 66028at6656          -            273   0.00011   20.3   1.0   2   2    0.0002     0.016   13.2   0.0   213   258    46    91    38   108 0.88 -
TCONS_00007783:835-1416  -            194 66028at6656          -            273   0.00011   20.3   1.0   1   2      0.05       4.1    5.3   0.2   222   250     5    33     1    37 0.61 -
TCONS_00007783:835-1416  -            194 66028at6656          -            273   0.00011   20.3   1.0   2   2    0.0002     0.016   13.2   0.0   213   258    46    91    38   108 0.88 -
TCONS_00008878:680-1261  -            194 66028at6656          -            273   0.00011   20.3   1.0   1   2      0.05       4.1    5.3   0.2   222   250     5    33     1    37 0.61 -
TCONS_00008878:680-1261  -            194 66028at6656          -            273   0.00011   20.3   1.0   2   2    0.0002     0.016   13.2   0.0   213   258    46    91    38   108 0.88 -
TCONS_00008879:3308-3889 -            194 66028at6656          -            273   0.00011   20.3   1.0   1   2      0.05       4.1    5.3   0.2   222   250     5    33     1    37 0.61 -
TCONS_00008879:3308-3889 -            194 66028at6656          -            273   0.00011   20.3   1.0   2   2    0.0002     0.016   13.2   0.0   213   258    46    91    38   108 0.88 -
TCONS_00009782:444-1025  -            194 66028at6656          -            273   0.00011   20.3   1.0   1   2      0.05       4.1    5.3   0.2   222   250     5    33     1    37 0.61 -
TCONS_00009782:444-1025  -            194 66028at6656          -            273   0.00011   20.3   1.0   2   2    0.0002     0.016   13.2   0.0   213   258    46    91    38   108 0.88 -
TCONS_00009783:912-1493  -            194 66028at6656          -            273   0.00011   20.3   1.0   1   2      0.05       4.1    5.3   0.2   222   250     5    33     1    37 0.61 -
TCONS_00009783:912-1493  -            194 66028at6656          -            273   0.00011   20.3   1.0   2   2    0.0002     0.016   13.2   0.0   213   258    46    91    38   108 0.88 -
TCONS_00011906:576-1157  -            194 66028at6656          -            273   0.00011   20.3   1.0   1   2      0.05       4.1    5.3   0.2   222   250     5    33     1    37 0.61 -
TCONS_00011906:576-1157  -            194 66028at6656          -            273   0.00011   20.3   1.0   2   2    0.0002     0.016   13.2   0.0   213   258    46    91    38   108 0.88 -
TCONS_00013599:610-1191  -            194 66028at6656          -            273   0.00011   20.3   1.0   1   2      0.05       4.1    5.3   0.2   222   250     5    33     1    37 0.61 -
TCONS_00013599:610-1191  -            194 66028at6656          -            273   0.00011   20.3   1.0   2   2    0.0002     0.016   13.2   0.0   213   258    46    91    38   108 0.88 -
TCONS_00013600:1755-2336 -            194 66028at6656          -            273   0.00011   20.3   1.0   1   2      0.05       4.1    5.3   0.2   222   250     5    33     1    37 0.61 -
TCONS_00013600:1755-2336 -            194 66028at6656          -            273   0.00011   20.3   1.0   2   2    0.0002     0.016   13.2   0.0   213   258    46    91    38   108 0.88 -
TCONS_00013601:675-1256  -            194 66028at6656          -            273   0.00011   20.3   1.0   1   2      0.05       4.1    5.3   0.2   222   250     5    33     1    37 0.61 -
TCONS_00013601:675-1256  -            194 66028at6656          -            273   0.00011   20.3   1.0   2   2    0.0002     0.016   13.2   0.0   213   258    46    91    38   108 0.88 -
TCONS_00013602:2053-2634 -            194 66028at6656          -            273   0.00011   20.3   1.0   1   2      0.05       4.1    5.3   0.2   222   250     5    33     1    37 0.61 -
TCONS_00013602:2053-2634 -            194 66028at6656          -            273   0.00011   20.3   1.0   2   2    0.0002     0.016   13.2   0.0   213   258    46    91    38   108 0.88 -
TCONS_00017009:189-1073  -            295 66028at6656          -            273   0.00012   20.2   1.3   1   2   4.9e-05    0.0039   15.2   0.2    90   240     3   149     1   169 0.85 -
TCONS_00017009:189-1073  -            295 66028at6656          -            273   0.00012   20.2   1.3   2   2      0.11       9.1    4.1   0.1   107   198   188   275   176   279 0.76 -
TCONS_00041711:233-1024  -            264 66028at6656          -            273   0.00013   20.0   0.6   1   3     0.081       6.5    4.6   0.0   204   252    21    67     9    75 0.80 -
TCONS_00041711:233-1024  -            264 66028at6656          -            273   0.00013   20.0   0.6   2   3    0.0013       0.1   10.5   0.7    51   120    79   151    70   159 0.74 -
TCONS_00041711:233-1024  -            264 66028at6656          -            273   0.00013   20.0   0.6   3   3       1.3   1.1e+02    0.6   0.0   225   252   195   224   183   232 0.70 -
TCONS_00050366:119-910   -            264 66028at6656          -            273   0.00013   20.0   0.6   1   3     0.081       6.5    4.6   0.0   204   252    21    67     9    75 0.80 -
TCONS_00050366:119-910   -            264 66028at6656          -            273   0.00013   20.0   0.6   2   3    0.0013       0.1   10.5   0.7    51   120    79   151    70   159 0.74 -
TCONS_00050366:119-910   -            264 66028at6656          -            273   0.00013   20.0   0.6   3   3       1.3   1.1e+02    0.6   0.0   225   252   195   224   183   232 0.70 -
TCONS_00039969:345-1466  -            374 66028at6656          -            273   0.00018   19.6   0.2   1   2   0.00097     0.079   10.9   0.1   180   249    13    83     3    89 0.75 -
TCONS_00039969:345-1466  -            374 66028at6656          -            273   0.00018   19.6   0.2   2   2     0.039       3.2    5.6   0.0   222   257   334   369   312   373 0.78 -
TCONS_00013960:426-2552  -            709 66028at6656          -            273   0.00021   19.3   1.5   1   1   7.3e-06   0.00059   17.9   1.6   102   253    88   242    44   251 0.74 -
TCONS_00015856:488-1360  -            291 66028at6656          -            273   0.00029   18.9   3.8   1   4       1.3   1.1e+02    0.6   0.1   217   250     2    34     1    45 0.82 -
TCONS_00015856:488-1360  -            291 66028at6656          -            273   0.00029   18.9   3.8   2   4      0.99        80    1.0   0.0   102   129    59    86    35   103 0.78 -
TCONS_00015856:488-1360  -            291 66028at6656          -            273   0.00029   18.9   3.8   3   4       2.1   1.7e+02   -0.0   0.0   233   252   106   125    88   133 0.85 -
TCONS_00015856:488-1360  -            291 66028at6656          -            273   0.00029   18.9   3.8   4   4   4.9e-05    0.0039   15.2   0.6    70   170   110   211   105   291 0.69 -
TCONS_00004080:123-1406  -            428 66028at6656          -            273   0.00045   18.3   2.4   1   3      0.25        20    3.0   0.1   218   251   148   183   124   196 0.77 -
TCONS_00004080:123-1406  -            428 66028at6656          -            273   0.00045   18.3   2.4   2   3    0.0013       0.1   10.5   0.1   210   251   251   290   243   296 0.88 -
TCONS_00004080:123-1406  -            428 66028at6656          -            273   0.00045   18.3   2.4   3   3     0.002      0.16    9.9   0.2   100   230   270   400   268   420 0.78 -
TCONS_00016834:2393-2737 -            115 66028at6656          -            273   0.00046   18.2   0.4   1   1   7.1e-05    0.0058   14.6   0.5   188   253    53   115    15   115 0.72 -
TCONS_00023523:2289-2633 -            115 66028at6656          -            273   0.00046   18.2   0.4   1   1   7.1e-05    0.0058   14.6   0.5   188   253    53   115    15   115 0.72 -
TCONS_00024747:2289-2633 -            115 66028at6656          -            273   0.00046   18.2   0.4   1   1   7.1e-05    0.0058   14.6   0.5   188   253    53   115    15   115 0.72 -
TCONS_00028978:2615-2959 -            115 66028at6656          -            273   0.00046   18.2   0.4   1   1   7.1e-05    0.0058   14.6   0.5   188   253    53   115    15   115 0.72 -
TCONS_00038163:141-4479  -           1304 66028at6656          -            273   0.00058   17.9   1.6   1   2   6.9e-05    0.0056   14.7   0.8    92   250   134   298   124   315 0.79 -
TCONS_00038163:141-4479  -           1304 66028at6656          -            273   0.00058   17.9   1.6   2   2       1.7   1.4e+02    0.3   0.0    96   123   322   349   309   362 0.79 -
TCONS_00041921:414-2819  -            802 66028at6656          -            273    0.0007   17.6   0.1   1   2    0.0014      0.11   10.4   0.0   199   258    46   104    28   113 0.85 -
TCONS_00041921:414-2819  -            802 66028at6656          -            273    0.0007   17.6   0.1   2   2     0.064       5.2    4.9   0.0    75   148   138   220   117   236 0.74 -
TCONS_00030160:160-4119  -           1320 66028at6656          -            273   0.00077   17.5   1.9   1   2   8.5e-05    0.0069   14.4   0.9    92   250   134   298   125   309 0.79 -
TCONS_00030160:160-4119  -           1320 66028at6656          -            273   0.00077   17.5   1.9   2   2       1.8   1.4e+02    0.2   0.0    96   123   322   349   311   362 0.79 -
TCONS_00041346:1225-1875 -            217 66028at6656          -            273   0.00083   17.4   0.3   1   3   0.00068     0.055   11.4   0.0   183   263    13    92     7    98 0.84 -
TCONS_00041346:1225-1875 -            217 66028at6656          -            273   0.00083   17.4   0.3   2   3      0.25        20    3.0   0.1   212   250    89   129    84   139 0.71 -
TCONS_00041346:1225-1875 -            217 66028at6656          -            273   0.00083   17.4   0.3   3   3      0.99        80    1.0   0.0   128   163   179   211   119   215 0.63 -
TCONS_00003221:248-1084  -            279 66028at6656          -            273    0.0012   16.9   0.0   1   3    0.0089      0.72    7.8   0.0   104   187    18   117     7   124 0.67 -
TCONS_00003221:248-1084  -            279 66028at6656          -            273    0.0012   16.9   0.0   2   3      0.75        61    1.4   0.0    86   167   105   197    95   206 0.56 -
TCONS_00003221:248-1084  -            279 66028at6656          -            273    0.0012   16.9   0.0   3   3     0.066       5.3    4.9   0.0   150   170   233   253   203   261 0.77 -
TCONS_00002006:364-1284  -            307 66028at6656          -            273    0.0023   15.9   0.8   1   3     0.017       1.4    6.8   0.0    91   177    15    99     7   109 0.79 -
TCONS_00002006:364-1284  -            307 66028at6656          -            273    0.0023   15.9   0.8   2   3      0.31        25    2.7   0.1   112   164   124   170   110   178 0.68 -
TCONS_00002006:364-1284  -            307 66028at6656          -            273    0.0023   15.9   0.8   3   3      0.26        21    3.0   0.0   235   258   217   240   197   251 0.85 -
TCONS_00008728:476-1396  -            307 66028at6656          -            273    0.0023   15.9   0.8   1   3     0.017       1.4    6.8   0.0    91   177    15    99     7   109 0.79 -
TCONS_00008728:476-1396  -            307 66028at6656          -            273    0.0023   15.9   0.8   2   3      0.31        25    2.7   0.1   112   164   124   170   110   178 0.68 -
TCONS_00008728:476-1396  -            307 66028at6656          -            273    0.0023   15.9   0.8   3   3      0.26        21    3.0   0.0   235   258   217   240   197   251 0.85 -
TCONS_00016018:5333-6007 -            225 66028at6656          -            273    0.0027   15.7   0.0   1   1   5.4e-05    0.0043   15.0   0.0   202   262    92   157    41   166 0.81 -
TCONS_00025245:1253-1927 -            225 66028at6656          -            273    0.0027   15.7   0.0   1   1   5.4e-05    0.0043   15.0   0.0   202   262    92   157    41   166 0.81 -
TCONS_00004053:332-1309  -            326 66028at6656          -            273    0.0031   15.5   0.2   1   2   0.00033     0.027   12.4   0.1    95   168    64   134    54   145 0.81 -
TCONS_00004053:332-1309  -            326 66028at6656          -            273    0.0031   15.5   0.2   2   2       5.9   4.8e+02   -1.5   0.0   157   168   198   209   167   266 0.56 -
TCONS_00002142:1368-2012 -            215 66028at6656          -            273    0.0039   15.2   0.5   1   2    0.0065      0.52    8.2   0.1   219   262     2    47     1    50 0.87 -
TCONS_00002142:1368-2012 -            215 66028at6656          -            273    0.0039   15.2   0.5   2   2      0.01      0.84    7.5   0.0   210   251    43    84    38   106 0.88 -
TCONS_00002143:1052-1696 -            215 66028at6656          -            273    0.0039   15.2   0.5   1   2    0.0065      0.52    8.2   0.1   219   262     2    47     1    50 0.87 -
TCONS_00002143:1052-1696 -            215 66028at6656          -            273    0.0039   15.2   0.5   2   2      0.01      0.84    7.5   0.0   210   251    43    84    38   106 0.88 -
TCONS_00002144:509-1153  -            215 66028at6656          -            273    0.0039   15.2   0.5   1   2    0.0065      0.52    8.2   0.1   219   262     2    47     1    50 0.87 -
TCONS_00002144:509-1153  -            215 66028at6656          -            273    0.0039   15.2   0.5   2   2      0.01      0.84    7.5   0.0   210   251    43    84    38   106 0.88 -
TCONS_00002145:745-1389  -            215 66028at6656          -            273    0.0039   15.2   0.5   1   2    0.0065      0.52    8.2   0.1   219   262     2    47     1    50 0.87 -
TCONS_00002145:745-1389  -            215 66028at6656          -            273    0.0039   15.2   0.5   2   2      0.01      0.84    7.5   0.0   210   251    43    84    38   106 0.88 -
TCONS_00002146:840-1484  -            215 66028at6656          -            273    0.0039   15.2   0.5   1   2    0.0065      0.52    8.2   0.1   219   262     2    47     1    50 0.87 -
TCONS_00002146:840-1484  -            215 66028at6656          -            273    0.0039   15.2   0.5   2   2      0.01      0.84    7.5   0.0   210   251    43    84    38   106 0.88 -
TCONS_00002147:1120-1764 -            215 66028at6656          -            273    0.0039   15.2   0.5   1   2    0.0065      0.52    8.2   0.1   219   262     2    47     1    50 0.87 -
TCONS_00002147:1120-1764 -            215 66028at6656          -            273    0.0039   15.2   0.5   2   2      0.01      0.84    7.5   0.0   210   251    43    84    38   106 0.88 -
TCONS_00004546:1273-1917 -            215 66028at6656          -            273    0.0039   15.2   0.5   1   2    0.0065      0.52    8.2   0.1   219   262     2    47     1    50 0.87 -
TCONS_00004546:1273-1917 -            215 66028at6656          -            273    0.0039   15.2   0.5   2   2      0.01      0.84    7.5   0.0   210   251    43    84    38   106 0.88 -
TCONS_00004548:749-1393  -            215 66028at6656          -            273    0.0039   15.2   0.5   1   2    0.0065      0.52    8.2   0.1   219   262     2    47     1    50 0.87 -
TCONS_00004548:749-1393  -            215 66028at6656          -            273    0.0039   15.2   0.5   2   2      0.01      0.84    7.5   0.0   210   251    43    84    38   106 0.88 -
TCONS_00005461:549-1193  -            215 66028at6656          -            273    0.0039   15.2   0.5   1   2    0.0065      0.52    8.2   0.1   219   262     2    47     1    50 0.87 -
TCONS_00005461:549-1193  -            215 66028at6656          -            273    0.0039   15.2   0.5   2   2      0.01      0.84    7.5   0.0   210   251    43    84    38   106 0.88 -
TCONS_00009240:777-1421  -            215 66028at6656          -            273    0.0039   15.2   0.5   1   2    0.0065      0.52    8.2   0.1   219   262     2    47     1    50 0.87 -
TCONS_00009240:777-1421  -            215 66028at6656          -            273    0.0039   15.2   0.5   2   2      0.01      0.84    7.5   0.0   210   251    43    84    38   106 0.88 -
TCONS_00011282:498-1142  -            215 66028at6656          -            273    0.0039   15.2   0.5   1   2    0.0065      0.52    8.2   0.1   219   262     2    47     1    50 0.87 -
TCONS_00011282:498-1142  -            215 66028at6656          -            273    0.0039   15.2   0.5   2   2      0.01      0.84    7.5   0.0   210   251    43    84    38   106 0.88 -
TCONS_00011822:1025-1669 -            215 66028at6656          -            273    0.0039   15.2   0.5   1   2    0.0065      0.52    8.2   0.1   219   262     2    47     1    50 0.87 -
TCONS_00011822:1025-1669 -            215 66028at6656          -            273    0.0039   15.2   0.5   2   2      0.01      0.84    7.5   0.0   210   251    43    84    38   106 0.88 -
TCONS_00013132:865-1509  -            215 66028at6656          -            273    0.0039   15.2   0.5   1   2    0.0065      0.52    8.2   0.1   219   262     2    47     1    50 0.87 -
TCONS_00013132:865-1509  -            215 66028at6656          -            273    0.0039   15.2   0.5   2   2      0.01      0.84    7.5   0.0   210   251    43    84    38   106 0.88 -
TCONS_00013133:1138-1782 -            215 66028at6656          -            273    0.0039   15.2   0.5   1   2    0.0065      0.52    8.2   0.1   219   262     2    47     1    50 0.87 -
TCONS_00013133:1138-1782 -            215 66028at6656          -            273    0.0039   15.2   0.5   2   2      0.01      0.84    7.5   0.0   210   251    43    84    38   106 0.88 -
TCONS_00013507:576-1220  -            215 66028at6656          -            273    0.0039   15.2   0.5   1   2    0.0065      0.52    8.2   0.1   219   262     2    47     1    50 0.87 -
TCONS_00013507:576-1220  -            215 66028at6656          -            273    0.0039   15.2   0.5   2   2      0.01      0.84    7.5   0.0   210   251    43    84    38   106 0.88 -
TCONS_00030570:375-1238  -            288 66028at6656          -            273     0.022   12.7   5.3   1   3       1.9   1.6e+02    0.1   0.1   223   251     4    31     1    45 0.76 -
TCONS_00030570:375-1238  -            288 66028at6656          -            273     0.022   12.7   5.3   2   3     0.047       3.8    5.4   0.2   105   124   104   123    87   147 0.75 -
TCONS_00030570:375-1238  -            288 66028at6656          -            273     0.022   12.7   5.3   3   3    0.0079      0.64    7.9   0.1   103   180   146   218   131   227 0.75 -
TCONS_00027200:120-2051  -            644 66028at6656          -            273     0.033   12.1   0.0   1   1   0.00067     0.054   11.4   0.0   211   270   370   427   345   430 0.82 -
TCONS_00028282:124-2088  -            655 66028at6656          -            273     0.034   12.1   0.0   1   1   0.00068     0.055   11.4   0.0   211   270   381   438   356   441 0.82 -
TCONS_00040600:286-2175  -            630 66028at6656          -            273     0.049   11.6   0.1   1   1    0.0017      0.14   10.1   0.0   198   255    72   127    57   174 0.82 -
TCONS_00040840:195-1103  -            303 66028at6656          -            273      0.05   11.6   0.1   1   1    0.0015      0.12   10.3   0.0   190   252    69   128    63   154 0.76 -
TCONS_00014295:652-1710  -            353 66028at6656          -            273     0.084   10.8   4.7   1   3       2.2   1.8e+02   -0.1   0.0   100   125   101   126    56   177 0.67 -
TCONS_00014295:652-1710  -            353 66028at6656          -            273     0.084   10.8   4.7   2   3      0.56        45    1.9   0.0   216   251   184   218   158   229 0.80 -
TCONS_00014295:652-1710  -            353 66028at6656          -            273     0.084   10.8   4.7   3   3     0.013         1    7.2   0.7    90   166   247   318   223   322 0.74 -
TCONS_00017695:643-1701  -            353 66028at6656          -            273     0.084   10.8   4.7   1   3       2.2   1.8e+02   -0.1   0.0   100   125   101   126    56   177 0.67 -
TCONS_00017695:643-1701  -            353 66028at6656          -            273     0.084   10.8   4.7   2   3      0.56        45    1.9   0.0   216   251   184   218   158   229 0.80 -
TCONS_00017695:643-1701  -            353 66028at6656          -            273     0.084   10.8   4.7   3   3     0.013         1    7.2   0.7    90   166   247   318   223   322 0.74 -
TCONS_00018754:626-1684  -            353 66028at6656          -            273     0.084   10.8   4.7   1   3       2.2   1.8e+02   -0.1   0.0   100   125   101   126    56   177 0.67 -
TCONS_00018754:626-1684  -            353 66028at6656          -            273     0.084   10.8   4.7   2   3      0.56        45    1.9   0.0   216   251   184   218   158   229 0.80 -
TCONS_00018754:626-1684  -            353 66028at6656          -            273     0.084   10.8   4.7   3   3     0.013         1    7.2   0.7    90   166   247   318   223   322 0.74 -
TCONS_00028128:1019-2077 -            353 66028at6656          -            273     0.084   10.8   4.7   1   3       2.2   1.8e+02   -0.1   0.0   100   125   101   126    56   177 0.67 -
TCONS_00028128:1019-2077 -            353 66028at6656          -            273     0.084   10.8   4.7   2   3      0.56        45    1.9   0.0   216   251   184   218   158   229 0.80 -
TCONS_00028128:1019-2077 -            353 66028at6656          -            273     0.084   10.8   4.7   3   3     0.013         1    7.2   0.7    90   166   247   318   223   322 0.74 -
#
# Program:         hmmsearch
# Version:         3.1b2 (February 2015)
# Pipeline mode:   SEARCH
# Query file:      /hpcdata/bcbb/homc/Barillaslab/Agam_hemo_transcriptomes/scripts/busco/busco_downloads/lineages/arthropoda_odb10/hmms/66028at6656.hmm
# Target file:     /hpcdata/bcbb/homc/Barillaslab/Agam_hemo_transcriptomes/scripts/busco/refguided_Agamhemo_BUSCO/run_arthropoda_odb10/metaeuk_output/initial_results/all_transcripts.comprehensive.v6.gffread.fa.modified.fas
# Option settings: hmmsearch --domtblout /hpcdata/bcbb/homc/Barillaslab/Agam_hemo_transcriptomes/scripts/busco/refguided_Agamhemo_BUSCO/run_arthropoda_odb10/hmmer_output/initial_run_results/66028at6656.out --cpu 1 /hpcdata/bcbb/homc/Barillaslab/Agam_hemo_transcriptomes/scripts/busco/busco_downloads/lineages/arthropoda_odb10/hmms/66028at6656.hmm /hpcdata/bcbb/homc/Barillaslab/Agam_hemo_transcriptomes/scripts/busco/refguided_Agamhemo_BUSCO/run_arthropoda_odb10/metaeuk_output/initial_results/all_transcripts.comprehensive.v6.gffread.fa.modified.fas 
# Current dir:     /hpcdata/bcbb/homc/Barillaslab/Agam_hemo_transcriptomes/scripts/busco
# Date:            Thu Feb  9 16:54:33 2023
# [ok]
