#                                                                               --- full sequence --- -------------- this domain -------------   hmm coord   ali coord   env coord
# target name           accession   tlen query name           accession   qlen   E-value  score  bias   #  of  c-Evalue  i-Evalue  score  bias  from    to  from    to  from    to  acc description of target
#   ------------------- ---------- ----- -------------------- ---------- ----- --------- ------ ----- --- --- --------- --------- ------ ----- ----- ----- ----- ----- ----- ----- ---- ---------------------
TCONS_00015844:148-1389 -            414 68468at6656          -            348  7.5e-186  616.5   5.8   1   2  6.3e-172    2e-168  559.2   1.1     1   313     2   357     2   371 0.91 -
TCONS_00015844:148-1389 -            414 68468at6656          -            348  7.5e-186  616.5   5.8   2   2   7.3e-20   2.3e-16   59.1   0.3   310   348   376   414   364   414 0.90 -
TCONS_00031058:227-1474 -            416 68468at6656          -            348   3.7e-47  160.4   6.0   1   2   1.6e-48   5.1e-45  153.3   4.4     4   276     1   309     1   339 0.80 -
TCONS_00031058:227-1474 -            416 68468at6656          -            348   3.7e-47  160.4   6.0   2   2    0.0023       7.4    4.8   0.0   312   347   379   415   367   416 0.88 -
TCONS_00002617:463-1773 -            437 68468at6656          -            348   4.3e-38  130.6   2.6   1   3     3e-28   9.6e-25   86.7   0.5     3   196     4   214     2   223 0.73 -
TCONS_00002617:463-1773 -            437 68468at6656          -            348   4.3e-38  130.6   2.6   2   3   6.3e-15     2e-11   42.8   0.0   201   303   245   363   228   381 0.74 -
TCONS_00002617:463-1773 -            437 68468at6656          -            348   4.3e-38  130.6   2.6   3   3      0.38   1.2e+03   -2.5   0.0   313   346   398   436   394   437 0.65 -
#
# Program:         hmmsearch
# Version:         3.1b2 (February 2015)
# Pipeline mode:   SEARCH
# Query file:      /hpcdata/bcbb/homc/Barillaslab/Agam_hemo_transcriptomes/scripts/busco/busco_downloads/lineages/arthropoda_odb10/hmms/68468at6656.hmm
# Target file:     /hpcdata/bcbb/homc/Barillaslab/Agam_hemo_transcriptomes/scripts/busco/refguided_Agamhemo_BUSCO/run_arthropoda_odb10/metaeuk_output/initial_results/all_transcripts.comprehensive.v6.gffread.fa.modified.fas
# Option settings: hmmsearch --domtblout /hpcdata/bcbb/homc/Barillaslab/Agam_hemo_transcriptomes/scripts/busco/refguided_Agamhemo_BUSCO/run_arthropoda_odb10/hmmer_output/initial_run_results/68468at6656.out --cpu 1 /hpcdata/bcbb/homc/Barillaslab/Agam_hemo_transcriptomes/scripts/busco/busco_downloads/lineages/arthropoda_odb10/hmms/68468at6656.hmm /hpcdata/bcbb/homc/Barillaslab/Agam_hemo_transcriptomes/scripts/busco/refguided_Agamhemo_BUSCO/run_arthropoda_odb10/metaeuk_output/initial_results/all_transcripts.comprehensive.v6.gffread.fa.modified.fas 
# Current dir:     /hpcdata/bcbb/homc/Barillaslab/Agam_hemo_transcriptomes/scripts/busco
# Date:            Thu Feb  9 16:54:43 2023
# [ok]
