#                                                                               --- full sequence --- -------------- this domain -------------   hmm coord   ali coord   env coord
# target name           accession   tlen query name           accession   qlen   E-value  score  bias   #  of  c-Evalue  i-Evalue  score  bias  from    to  from    to  from    to  acc description of target
#   ------------------- ---------- ----- -------------------- ---------- ----- --------- ------ ----- --- --- --------- --------- ------ ----- ----- ----- ----- ----- ----- ----- ---- ---------------------
TCONS_00058890:284-1381 -            366 69238at6656          -            227   4.7e-60  201.8   9.4   1   3   2.5e-22     2e-19   68.9   1.3     1    85     5    99     5   120 0.78 -
TCONS_00058890:284-1381 -            366 69238at6656          -            227   4.7e-60  201.8   9.4   2   3   6.2e-21     5e-18   64.3   0.5    89   142   151   215   146   227 0.83 -
TCONS_00058890:284-1381 -            366 69238at6656          -            227   4.7e-60  201.8   9.4   3   3   1.3e-22   1.1e-19   69.8   0.0   145   215   251   327   239   343 0.84 -
TCONS_00058891:449-1546 -            366 69238at6656          -            227   4.7e-60  201.8   9.4   1   3   2.5e-22     2e-19   68.9   1.3     1    85     5    99     5   120 0.78 -
TCONS_00058891:449-1546 -            366 69238at6656          -            227   4.7e-60  201.8   9.4   2   3   6.2e-21     5e-18   64.3   0.5    89   142   151   215   146   227 0.83 -
TCONS_00058891:449-1546 -            366 69238at6656          -            227   4.7e-60  201.8   9.4   3   3   1.3e-22   1.1e-19   69.8   0.0   145   215   251   327   239   343 0.84 -
TCONS_00060403:186-1283 -            366 69238at6656          -            227   4.7e-60  201.8   9.4   1   3   2.5e-22     2e-19   68.9   1.3     1    85     5    99     5   120 0.78 -
TCONS_00060403:186-1283 -            366 69238at6656          -            227   4.7e-60  201.8   9.4   2   3   6.2e-21     5e-18   64.3   0.5    89   142   151   215   146   227 0.83 -
TCONS_00060403:186-1283 -            366 69238at6656          -            227   4.7e-60  201.8   9.4   3   3   1.3e-22   1.1e-19   69.8   0.0   145   215   251   327   239   343 0.84 -
TCONS_00062916:213-1310 -            366 69238at6656          -            227   4.7e-60  201.8   9.4   1   3   2.5e-22     2e-19   68.9   1.3     1    85     5    99     5   120 0.78 -
TCONS_00062916:213-1310 -            366 69238at6656          -            227   4.7e-60  201.8   9.4   2   3   6.2e-21     5e-18   64.3   0.5    89   142   151   215   146   227 0.83 -
TCONS_00062916:213-1310 -            366 69238at6656          -            227   4.7e-60  201.8   9.4   3   3   1.3e-22   1.1e-19   69.8   0.0   145   215   251   327   239   343 0.84 -
TCONS_00062918:246-1343 -            366 69238at6656          -            227   4.7e-60  201.8   9.4   1   3   2.5e-22     2e-19   68.9   1.3     1    85     5    99     5   120 0.78 -
TCONS_00062918:246-1343 -            366 69238at6656          -            227   4.7e-60  201.8   9.4   2   3   6.2e-21     5e-18   64.3   0.5    89   142   151   215   146   227 0.83 -
TCONS_00062918:246-1343 -            366 69238at6656          -            227   4.7e-60  201.8   9.4   3   3   1.3e-22   1.1e-19   69.8   0.0   145   215   251   327   239   343 0.84 -
TCONS_00063819:390-1487 -            366 69238at6656          -            227   4.7e-60  201.8   9.4   1   3   2.5e-22     2e-19   68.9   1.3     1    85     5    99     5   120 0.78 -
TCONS_00063819:390-1487 -            366 69238at6656          -            227   4.7e-60  201.8   9.4   2   3   6.2e-21     5e-18   64.3   0.5    89   142   151   215   146   227 0.83 -
TCONS_00063819:390-1487 -            366 69238at6656          -            227   4.7e-60  201.8   9.4   3   3   1.3e-22   1.1e-19   69.8   0.0   145   215   251   327   239   343 0.84 -
TCONS_00015635:172-1023 -            284 69238at6656          -            227   1.4e-19   69.4   0.6   1   3     0.017        13    4.0   0.0     3    50     2    48     1    61 0.87 -
TCONS_00015635:172-1023 -            284 69238at6656          -            227   1.4e-19   69.4   0.6   2   3   3.8e-09   3.1e-06   25.7   0.1    90   141   100   147    90   156 0.85 -
TCONS_00015635:172-1023 -            284 69238at6656          -            227   1.4e-19   69.4   0.6   3   3   1.7e-12   1.4e-09   36.7   0.0   167   213   205   252   177   258 0.89 -
TCONS_00015781:632-1352 -            217 69238at6656          -            227   4.7e-17   61.1   1.5   1   2   5.6e-10   4.5e-07   28.5   0.1    88   144    39    92    28   113 0.80 -
TCONS_00015781:632-1352 -            217 69238at6656          -            227   4.7e-17   61.1   1.5   2   2   4.7e-11   3.8e-08   32.0   0.1   164   216   140   192   111   199 0.77 -
TCONS_00015783:650-1300 -            217 69238at6656          -            227   4.8e-17   61.1   1.5   1   2   6.8e-10   5.5e-07   28.2   0.1    88   143    37    89    27   100 0.79 -
TCONS_00015783:650-1300 -            217 69238at6656          -            227   4.8e-17   61.1   1.5   2   2   4.7e-11   3.7e-08   32.0   0.1   164   216   138   190   109   197 0.77 -
TCONS_00025624:539-1261 -            241 69238at6656          -            227   2.3e-14   52.3   2.4   1   3   4.7e-06    0.0038   15.6   0.0    87   107    38    58    24    66 0.85 -
TCONS_00025624:539-1261 -            241 69238at6656          -            227   2.3e-14   52.3   2.4   2   3     0.023        18    3.5   0.1   124   143    95   115    84   129 0.78 -
TCONS_00025624:539-1261 -            241 69238at6656          -            227   2.3e-14   52.3   2.4   3   3   5.8e-11   4.6e-08   31.7   0.1   164   216   164   216   135   223 0.77 -
TCONS_00030914:624-1754 -            377 69238at6656          -            227     0.034   12.5   0.3   1   1   7.3e-05     0.059   11.7   0.3    10    98   188   278   184   291 0.91 -
TCONS_00033200:590-1720 -            377 69238at6656          -            227     0.034   12.5   0.3   1   1   7.3e-05     0.059   11.7   0.3    10    98   188   278   184   291 0.91 -
#
# Program:         hmmsearch
# Version:         3.1b2 (February 2015)
# Pipeline mode:   SEARCH
# Query file:      /hpcdata/bcbb/homc/Barillaslab/Agam_hemo_transcriptomes/scripts/busco/busco_downloads/lineages/arthropoda_odb10/hmms/69238at6656.hmm
# Target file:     /hpcdata/bcbb/homc/Barillaslab/Agam_hemo_transcriptomes/scripts/busco/refguided_Agamhemo_BUSCO/run_arthropoda_odb10/metaeuk_output/initial_results/all_transcripts.comprehensive.v6.gffread.fa.modified.fas
# Option settings: hmmsearch --domtblout /hpcdata/bcbb/homc/Barillaslab/Agam_hemo_transcriptomes/scripts/busco/refguided_Agamhemo_BUSCO/run_arthropoda_odb10/hmmer_output/initial_run_results/69238at6656.out --cpu 1 /hpcdata/bcbb/homc/Barillaslab/Agam_hemo_transcriptomes/scripts/busco/busco_downloads/lineages/arthropoda_odb10/hmms/69238at6656.hmm /hpcdata/bcbb/homc/Barillaslab/Agam_hemo_transcriptomes/scripts/busco/refguided_Agamhemo_BUSCO/run_arthropoda_odb10/metaeuk_output/initial_results/all_transcripts.comprehensive.v6.gffread.fa.modified.fas 
# Current dir:     /hpcdata/bcbb/homc/Barillaslab/Agam_hemo_transcriptomes/scripts/busco
# Date:            Thu Feb  9 16:54:46 2023
# [ok]
