#                                                                                 --- full sequence --- -------------- this domain -------------   hmm coord   ali coord   env coord
# target name             accession   tlen query name           accession   qlen   E-value  score  bias   #  of  c-Evalue  i-Evalue  score  bias  from    to  from    to  from    to  acc description of target
#     ------------------- ---------- ----- -------------------- ---------- ----- --------- ------ ----- --- --- --------- --------- ------ ----- ----- ----- ----- ----- ----- ----- ---- ---------------------
TCONS_00030510:149-1942   -            598 70663at6656          -            314    1e-137  457.3   0.0   1   1  2.5e-139  2.3e-137  456.1   0.0    17   314   156   498   147   498 0.88 -
TCONS_00030511:100-2566   -            597 70663at6656          -            314  3.5e-133  442.4   0.0   1   1  8.6e-135  7.9e-133  441.2   0.0    17   314   156   497   146   497 0.88 -
TCONS_00039433:1240-2523  -            428 70663at6656          -            314   7.5e-71  237.6   0.1   1   2   1.7e-29   1.5e-27   95.3   0.1    12   145    25   189    21   200 0.77 -
TCONS_00039433:1240-2523  -            428 70663at6656          -            314   7.5e-71  237.6   0.1   2   2   4.7e-42   4.3e-40  136.6   0.0   129   314   207   394   204   394 0.94 -
TCONS_00042478:1324-2607  -            428 70663at6656          -            314   7.5e-71  237.6   0.1   1   2   1.7e-29   1.5e-27   95.3   0.1    12   145    25   189    21   200 0.77 -
TCONS_00042478:1324-2607  -            428 70663at6656          -            314   7.5e-71  237.6   0.1   2   2   4.7e-42   4.3e-40  136.6   0.0   129   314   207   394   204   394 0.94 -
TCONS_00042759:759-1943   -            395 70663at6656          -            314   1.1e-66  223.9   0.1   1   1   1.1e-67     1e-65  220.8   0.1    11   311    25   369    15   372 0.82 -
TCONS_00042760:1148-2332  -            395 70663at6656          -            314   1.1e-66  223.9   0.1   1   1   1.1e-67     1e-65  220.8   0.1    11   311    25   369    15   372 0.82 -
TCONS_00015464:990-2297   -            436 70663at6656          -            314   2.4e-64  216.2   0.1   1   1     7e-66   6.5e-64  214.8   0.1     6   314    62   410    57   410 0.82 -
TCONS_00031396:801-2345   -            515 70663at6656          -            314   1.7e-63  213.5   0.3   1   1   1.3e-64   1.2e-62  210.6   0.3    13   313   107   452    97   453 0.80 -
TCONS_00035733:888-2432   -            515 70663at6656          -            314   1.7e-63  213.5   0.3   1   1   1.3e-64   1.2e-62  210.6   0.3    13   313   107   452    97   453 0.80 -
TCONS_00003321:282-1598   -            439 70663at6656          -            314   4.4e-63  212.1   0.0   1   1   1.3e-64   1.2e-62  210.7   0.0    13   313    60   402    50   403 0.78 -
TCONS_00006275:282-2759   -            439 70663at6656          -            314     3e-62  209.4   0.0   1   1   8.5e-64   7.8e-62  208.0   0.0    13   313    60   402    50   403 0.78 -
TCONS_00008005:281-3343   -            439 70663at6656          -            314     3e-62  209.4   0.0   1   1   8.5e-64   7.8e-62  208.0   0.0    13   313    60   402    50   403 0.78 -
TCONS_00029735:1247-2614  -            456 70663at6656          -            314   3.2e-62  209.3   0.0   1   1   6.8e-64   6.3e-62  208.3   0.0    11   312    65   408    56   410 0.83 -
TCONS_00029736:1220-2587  -            456 70663at6656          -            314   3.2e-62  209.3   0.0   1   1   6.8e-64   6.3e-62  208.3   0.0    11   312    65   408    56   410 0.83 -
TCONS_00002048:278-1657   -            460 70663at6656          -            314   1.4e-61  207.2   0.6   1   1     6e-63   5.6e-61  205.2   0.6    14   313    71   412    65   413 0.80 -
TCONS_00001601:84-1922    -            613 70663at6656          -            314   1.2e-59  200.8   3.3   1   2         7   6.5e+02   -2.0   0.0   157   226    90   160    77   164 0.72 -
TCONS_00001601:84-1922    -            613 70663at6656          -            314   1.2e-59  200.8   3.3   2   2   2.9e-60   2.7e-58  196.4   1.4    13   311   186   530   174   533 0.80 -
TCONS_00015093:502-1821   -            440 70663at6656          -            314   3.2e-59  199.4   0.0   1   1   1.4e-60   1.3e-58  197.5   0.0    15   312    64   404    51   406 0.80 -
TCONS_00041554:370-1464   -            365 70663at6656          -            314   5.8e-59  198.6   4.2   1   1   1.6e-60   1.4e-58  197.3   4.2    16   314    14   346     4   346 0.86 -
TCONS_00001703:248-1606   -            453 70663at6656          -            314   6.3e-59  198.4   0.2   1   1   2.8e-60   2.6e-58  196.4   0.2    16   312    73   411    65   413 0.80 -
TCONS_00001704:271-1629   -            453 70663at6656          -            314   6.3e-59  198.4   0.2   1   1   2.8e-60   2.6e-58  196.4   0.2    16   312    73   411    65   413 0.80 -
TCONS_00050991:751-2163   -            471 70663at6656          -            314   1.2e-58  197.6   0.3   1   1   3.7e-60   3.5e-58  196.0   0.3    13   314    68   409    59   409 0.84 -
TCONS_00052505:995-2407   -            471 70663at6656          -            314   1.2e-58  197.6   0.3   1   1   3.7e-60   3.5e-58  196.0   0.3    13   314    68   409    59   409 0.84 -
TCONS_00057964:656-2068   -            471 70663at6656          -            314   1.2e-58  197.6   0.3   1   1   3.7e-60   3.5e-58  196.0   0.3    13   314    68   409    59   409 0.84 -
TCONS_00030914:624-1754   -            377 70663at6656          -            314     2e-58  196.8   4.8   1   1     6e-60   5.5e-58  195.3   4.8    13   309    35   372    24   377 0.85 -
TCONS_00033200:590-1720   -            377 70663at6656          -            314     2e-58  196.8   4.8   1   1     6e-60   5.5e-58  195.3   4.8    13   309    35   372    24   377 0.85 -
TCONS_00026547:647-3958   -            440 70663at6656          -            314   3.3e-58  196.1   0.0   1   1   1.4e-59   1.3e-57  194.1   0.0    15   312    64   404    51   406 0.80 -
TCONS_00028739:2421-5732  -            440 70663at6656          -            314   3.3e-58  196.1   0.0   1   1   1.4e-59   1.3e-57  194.1   0.0    15   312    64   404    51   406 0.80 -
TCONS_00040069:390-1709   -            440 70663at6656          -            314   4.3e-58  195.7   4.0   1   1   1.3e-59   1.2e-57  194.2   4.0    19   314    68   395    51   395 0.87 -
TCONS_00040070:1890-3209  -            440 70663at6656          -            314   4.3e-58  195.7   4.0   1   1   1.3e-59   1.2e-57  194.2   4.0    19   314    68   395    51   395 0.87 -
TCONS_00042936:1124-2443  -            440 70663at6656          -            314   4.3e-58  195.7   4.0   1   1   1.3e-59   1.2e-57  194.2   4.0    19   314    68   395    51   395 0.87 -
TCONS_00048697:346-1665   -            440 70663at6656          -            314   4.3e-58  195.7   4.0   1   1   1.3e-59   1.2e-57  194.2   4.0    19   314    68   395    51   395 0.87 -
TCONS_00048698:4471-5790  -            440 70663at6656          -            314   4.3e-58  195.7   4.0   1   1   1.3e-59   1.2e-57  194.2   4.0    19   314    68   395    51   395 0.87 -
TCONS_00001705:308-2958   -            453 70663at6656          -            314   4.8e-57  192.3   0.2   1   1   2.2e-58     2e-56  190.2   0.2    16   312    73   411    65   413 0.80 -
TCONS_00014792:492-1595   -            368 70663at6656          -            314   4.9e-56  188.9   0.3   1   1   8.1e-58   7.5e-56  188.3   0.3    16   314    14   346     3   346 0.87 -
TCONS_00040407:296-1378   -            361 70663at6656          -            314   1.4e-54  184.2   0.9   1   1   3.8e-56   3.5e-54  182.9   0.9    13   314    15   350     4   350 0.85 -
TCONS_00002776:121-2568   -            816 70663at6656          -            314   5.3e-51  172.4   0.0   1   1   1.1e-52     1e-50  171.4   0.0    13   314    50   390    41   390 0.83 -
TCONS_00041013:466-1917   -            484 70663at6656          -            314   8.4e-47  158.6   0.0   1   1   2.2e-48     2e-46  157.3   0.0    12   301     6   336     1   346 0.80 -
TCONS_00040039:230-1411   -            394 70663at6656          -            314   2.5e-46  157.0   3.2   1   1     1e-47   9.4e-46  155.2   3.2    10   312    24   363    17   365 0.81 -
TCONS_00045896:207-2598   -            394 70663at6656          -            314   2.5e-46  157.0   3.2   1   1     1e-47   9.4e-46  155.2   3.2    10   312    24   363    17   365 0.81 -
TCONS_00049105:182-2653   -            394 70663at6656          -            314   2.5e-46  157.0   3.2   1   1     1e-47   9.4e-46  155.2   3.2    10   312    24   363    17   365 0.81 -
TCONS_00001811:125-1219   -            365 70663at6656          -            314   1.1e-45  155.0   0.4   1   1   4.5e-47   4.2e-45  153.0   0.4    16   308    16   347    10   351 0.79 -
TCONS_00016573:2061-3020  -            320 70663at6656          -            314   1.1e-45  155.0   0.0   1   1   4.6e-47   4.3e-45  153.0   0.0    66   313     1   286     1   287 0.80 -
TCONS_00020290:2009-2968  -            320 70663at6656          -            314   1.1e-45  155.0   0.0   1   1   4.6e-47   4.3e-45  153.0   0.0    66   313     1   286     1   287 0.80 -
TCONS_00020291:2781-3740  -            320 70663at6656          -            314   1.1e-45  155.0   0.0   1   1   4.6e-47   4.3e-45  153.0   0.0    66   313     1   286     1   287 0.80 -
TCONS_00020292:2781-3740  -            320 70663at6656          -            314   1.1e-45  155.0   0.0   1   1   4.6e-47   4.3e-45  153.0   0.0    66   313     1   286     1   287 0.80 -
TCONS_00022384:2085-3044  -            320 70663at6656          -            314   1.1e-45  155.0   0.0   1   1   4.6e-47   4.3e-45  153.0   0.0    66   313     1   286     1   287 0.80 -
TCONS_00027919:5608-6567  -            320 70663at6656          -            314   1.1e-45  155.0   0.0   1   1   4.6e-47   4.3e-45  153.0   0.0    66   313     1   286     1   287 0.80 -
TCONS_00015697:96-1928    -            611 70663at6656          -            314   1.9e-45  154.2   0.0   1   1   1.5e-46   1.4e-44  151.4   0.0    12   308    19   367    13   374 0.78 -
TCONS_00008696:223-1302   -            360 70663at6656          -            314   4.7e-45  152.9   0.4   1   1     2e-46   1.9e-44  150.9   0.4    19   308    14   342     6   346 0.79 -
TCONS_00030757:537-2102   -            522 70663at6656          -            314   1.2e-42  145.0   3.1   1   3   3.6e-21   3.3e-19   68.0   0.3    19   145     1   157     1   203 0.76 -
TCONS_00030757:537-2102   -            522 70663at6656          -            314   1.2e-42  145.0   3.1   2   3       5.9   5.4e+02   -1.7   0.1   169   217   229   279   219   296 0.63 -
TCONS_00030757:537-2102   -            522 70663at6656          -            314   1.2e-42  145.0   3.1   3   3   4.5e-23   4.1e-21   74.2   0.0   229   310   328   409   321   413 0.93 -
TCONS_00028235:563-1729   -            389 70663at6656          -            314   5.7e-42  142.8   0.1   1   1   8.4e-44   7.7e-42  142.3   0.1     7   309    32   376    26   381 0.82 -
TCONS_00003322:282-1358   -            359 70663at6656          -            314   1.1e-41  141.8   0.1   1   1   3.1e-43   2.9e-41  140.4   0.1    13   270    60   359    49   359 0.75 -
TCONS_00002047:245-1372   -            376 70663at6656          -            314   5.1e-41  139.6   0.5   1   1   2.4e-42   2.2e-40  137.5   0.5    14   270    78   376    72   376 0.77 -
TCONS_00001918:458-1606   -            383 70663at6656          -            314   5.1e-41  139.6   0.7   1   2   1.3e-16   1.2e-14   52.9   0.0    15   145    29   181    18   196 0.78 -
TCONS_00001918:458-1606   -            383 70663at6656          -            314   5.1e-41  139.6   0.7   2   2   3.1e-26   2.9e-24   84.6   0.1   192   309   248   365   240   369 0.95 -
TCONS_00012680:434-1582   -            383 70663at6656          -            314   5.1e-41  139.6   0.7   1   2   1.3e-16   1.2e-14   52.9   0.0    15   145    29   181    18   196 0.78 -
TCONS_00012680:434-1582   -            383 70663at6656          -            314   5.1e-41  139.6   0.7   2   2   3.1e-26   2.9e-24   84.6   0.1   192   309   248   365   240   369 0.95 -
TCONS_00003940:599-2071   -            491 70663at6656          -            314   2.5e-40  137.3   0.6   1   2   1.2e-16   1.1e-14   53.1   0.3    16   141     9   175     3   186 0.71 -
TCONS_00003940:599-2071   -            491 70663at6656          -            314   2.5e-40  137.3   0.6   2   2   1.7e-23   1.6e-21   75.6   0.0   188   313   284   412   270   413 0.88 -
TCONS_00058902:352-1671   -            440 70663at6656          -            314   1.9e-39  134.5   0.3   1   1   5.4e-41     5e-39  133.1   0.3    13   306     9   344     4   349 0.78 -
TCONS_00059494:2190-3509  -            440 70663at6656          -            314   1.9e-39  134.5   0.3   1   1   5.4e-41     5e-39  133.1   0.3    13   306     9   344     4   349 0.78 -
TCONS_00005083:115-2298   -            728 70663at6656          -            314   2.3e-38  130.9   0.0   1   3   7.7e-11   7.1e-09   34.0   0.0     6    61     7    62     2    68 0.92 -
TCONS_00005083:115-2298   -            728 70663at6656          -            314   2.3e-38  130.9   0.0   2   3   8.1e-09   7.5e-07   27.4   0.0    58   144   283   387   241   393 0.71 -
TCONS_00005083:115-2298   -            728 70663at6656          -            314   2.3e-38  130.9   0.0   3   3   7.2e-20   6.7e-18   63.7   0.0   231   307   534   610   496   615 0.86 -
TCONS_00029968:42-1694    -            551 70663at6656          -            314   3.3e-37  127.1   1.8   1   2   1.7e-24   1.6e-22   78.8   1.6    14   267    24   321    14   324 0.77 -
TCONS_00029968:42-1694    -            551 70663at6656          -            314   3.3e-37  127.1   1.8   2   2   3.9e-14   3.6e-12   44.8   0.0   266   310   350   394   339   398 0.92 -
TCONS_00029970:72-1724    -            551 70663at6656          -            314   4.4e-37  126.7   2.1   1   2   1.7e-24   1.6e-22   78.8   1.6    14   267    24   321    14   324 0.77 -
TCONS_00029970:72-1724    -            551 70663at6656          -            314   4.4e-37  126.7   2.1   2   2   4.4e-14     4e-12   44.7   0.0   266   310   350   394   340   398 0.92 -
TCONS_00035178:15-1843    -            588 70663at6656          -            314   3.6e-35  120.4   0.3   1   3   5.3e-10   4.9e-08   31.3   0.0    13    63    14    65     5    69 0.86 -
TCONS_00035178:15-1843    -            588 70663at6656          -            314   3.6e-35  120.4   0.3   2   3   3.1e-11   2.9e-09   35.3   0.2    65   159   122   235   115   248 0.68 -
TCONS_00035178:15-1843    -            588 70663at6656          -            314   3.6e-35  120.4   0.3   3   3   1.6e-15   1.5e-13   49.4   0.0   209   307   326   424   321   428 0.95 -
TCONS_00038222:113-976    -            288 70663at6656          -            314   3.6e-35  120.4   0.3   1   1   1.2e-36   1.1e-34  118.8   0.3    16   116   155   281   146   287 0.82 -
TCONS_00029756:162-2696   -            845 70663at6656          -            314   1.6e-34  118.3   0.1   1   3   8.6e-10   7.9e-08   30.6   0.0    13    63   271   322   263   326 0.86 -
TCONS_00029756:162-2696   -            845 70663at6656          -            314   1.6e-34  118.3   0.1   2   3   4.8e-11   4.4e-09   34.7   0.1    65   159   379   492   373   513 0.69 -
TCONS_00029756:162-2696   -            845 70663at6656          -            314   1.6e-34  118.3   0.1   3   3   2.7e-15   2.5e-13   48.7   0.0   209   307   583   681   578   685 0.95 -
TCONS_00050772:2-1360     -            453 70663at6656          -            314   1.7e-28   98.5   0.2   1   2   4.4e-16   4.1e-14   51.2   0.0    13   143    51   211    44   217 0.77 -
TCONS_00050772:2-1360     -            453 70663at6656          -            314   1.7e-28   98.5   0.2   2   2   8.4e-14   7.8e-12   43.7   0.0   196   304   290   400   231   406 0.81 -
TCONS_00020359:70-1230    -            387 70663at6656          -            314   1.3e-21   75.9   0.3   1   2   6.3e-10   5.8e-08   31.0   0.0    13    87   106   195    99   205 0.79 -
TCONS_00020359:70-1230    -            387 70663at6656          -            314   1.3e-21   75.9   0.3   2   2   3.6e-13   3.4e-11   41.7   0.0   235   304   253   322   232   328 0.86 -
TCONS_00045895:243-848    -            202 70663at6656          -            314   8.1e-19   66.7   0.5   1   1   4.1e-20   3.7e-18   64.5   0.5    10   143    11   169     4   202 0.71 -
TCONS_00014733:2233-3642  -            470 70663at6656          -            314   1.8e-16   59.0   0.0   1   2   1.6e-05    0.0015   16.6   0.0    25    77     7    60     1    85 0.83 -
TCONS_00014733:2233-3642  -            470 70663at6656          -            314   1.8e-16   59.0   0.0   2   2   8.3e-13   7.6e-11   40.5   0.0   198   314   218   335   155   335 0.91 -
TCONS_00013905:854-2032   -            393 70663at6656          -            314   7.9e-16   56.9   0.5   1   2     5e-05    0.0047   14.9   0.2    29   136     2   133     1   167 0.64 -
TCONS_00013905:854-2032   -            393 70663at6656          -            314   7.9e-16   56.9   0.5   2   2   4.7e-12   4.3e-10   38.0   0.0   209   304   232   327   200   336 0.91 -
TCONS_00017594:845-2023   -            393 70663at6656          -            314   7.9e-16   56.9   0.5   1   2     5e-05    0.0047   14.9   0.2    29   136     2   133     1   167 0.64 -
TCONS_00017594:845-2023   -            393 70663at6656          -            314   7.9e-16   56.9   0.5   2   2   4.7e-12   4.3e-10   38.0   0.0   209   304   232   327   200   336 0.91 -
TCONS_00018467:866-2044   -            393 70663at6656          -            314   7.9e-16   56.9   0.5   1   2     5e-05    0.0047   14.9   0.2    29   136     2   133     1   167 0.64 -
TCONS_00018467:866-2044   -            393 70663at6656          -            314   7.9e-16   56.9   0.5   2   2   4.7e-12   4.3e-10   38.0   0.0   209   304   232   327   200   336 0.91 -
TCONS_00025166:878-2056   -            393 70663at6656          -            314   7.9e-16   56.9   0.5   1   2     5e-05    0.0047   14.9   0.2    29   136     2   133     1   167 0.64 -
TCONS_00025166:878-2056   -            393 70663at6656          -            314   7.9e-16   56.9   0.5   2   2   4.7e-12   4.3e-10   38.0   0.0   209   304   232   327   200   336 0.91 -
TCONS_00055811:696-959    -             88 70663at6656          -            314   1.6e-14   52.6   0.1   1   1   2.7e-16   2.5e-14   51.9   0.1    12    79    10    88     2    88 0.83 -
TCONS_00033222:0-479      -            160 70663at6656          -            314   2.8e-12   45.2   0.2   1   1     2e-13   1.9e-11   42.5   0.2    38   145     2   139     1   158 0.69 -
TCONS_00038347:412-1484   -            291 70663at6656          -            314   4.4e-12   44.6   0.1   1   2   8.8e-06   0.00081   17.4   0.0    25    76     8    60     2    87 0.81 -
TCONS_00038347:412-1484   -            291 70663at6656          -            314   4.4e-12   44.6   0.1   2   2   3.6e-08   3.3e-06   25.3   0.0   210   305   193   288   173   291 0.93 -
TCONS_00028474:1-402      -            134 70663at6656          -            314     5e-12   44.4   0.0   1   1   7.1e-14   6.6e-12   44.0   0.0   245   304    20    79     4    86 0.88 -
TCONS_00031235:385-1380   -            332 70663at6656          -            314   6.7e-12   44.0   0.1   1   2   1.1e-05     0.001   17.1   0.0    25    76     8    60     2    88 0.81 -
TCONS_00031235:385-1380   -            332 70663at6656          -            314   6.7e-12   44.0   0.1   2   2   4.7e-08   4.3e-06   24.9   0.0   210   305   234   329   214   332 0.93 -
TCONS_00059047:1457-1876  -            140 70663at6656          -            314   3.9e-11   41.5   0.2   1   1   4.4e-13   4.1e-11   41.4   0.2   242   300    73   131    31   138 0.93 -
TCONS_00050893:117-452    -            112 70663at6656          -            314   2.2e-10   39.0   0.0   1   1   2.9e-12   2.7e-10   38.7   0.0     5    61     6    62     2    69 0.92 -
TCONS_00013894:1657-2946  -            430 70663at6656          -            314   7.4e-10   37.3   2.3   1   2   4.1e-06   0.00037   18.5   0.4    25   132    37   174    16   180 0.61 -
TCONS_00013894:1657-2946  -            430 70663at6656          -            314   7.4e-10   37.3   2.3   2   2   3.3e-05     0.003   15.5   0.0   213   279   321   384   316   419 0.86 -
TCONS_00023964:1478-2767  -            430 70663at6656          -            314   7.4e-10   37.3   2.3   1   2   4.1e-06   0.00037   18.5   0.4    25   132    37   174    16   180 0.61 -
TCONS_00023964:1478-2767  -            430 70663at6656          -            314   7.4e-10   37.3   2.3   2   2   3.3e-05     0.003   15.5   0.0   213   279   321   384   316   419 0.86 -
TCONS_00026321:1657-2946  -            430 70663at6656          -            314   7.4e-10   37.3   2.3   1   2   4.1e-06   0.00037   18.5   0.4    25   132    37   174    16   180 0.61 -
TCONS_00026321:1657-2946  -            430 70663at6656          -            314   7.4e-10   37.3   2.3   2   2   3.3e-05     0.003   15.5   0.0   213   279   321   384   316   419 0.86 -
TCONS_00016647:130-804    -            225 70663at6656          -            314   4.5e-09   34.7   0.0   1   1     2e-10   1.9e-08   32.6   0.0    13    87   106   195    99   209 0.80 -
TCONS_00045362:357-1502   -            382 70663at6656          -            314     6e-09   34.3   0.0   1   2   0.00033     0.031   12.2   0.0    33    80     3    58     1   105 0.78 -
TCONS_00045362:357-1502   -            382 70663at6656          -            314     6e-09   34.3   0.0   2   2   1.5e-06   0.00014   19.9   0.0   233   307   297   378   278   382 0.74 -
TCONS_00002160:71-5077    -           1669 70663at6656          -            314     1e-08   33.5   0.1   1   2      0.72        66    1.3   0.0   229   262   995  1028   984  1038 0.86 -
TCONS_00002160:71-5077    -           1669 70663at6656          -            314     1e-08   33.5   0.1   2   2   2.6e-09   2.4e-07   29.0   0.0   235   301  1202  1268  1176  1277 0.90 -
TCONS_00013894:4318-5445  -            376 70663at6656          -            314   7.2e-07   27.4   0.5   1   3   6.9e-06   0.00064   17.7   0.1    26   131     1   128     1   135 0.61 -
TCONS_00013894:4318-5445  -            376 70663at6656          -            314   7.2e-07   27.4   0.5   2   3       3.6   3.4e+02   -1.1   0.0   206   237   227   262   216   284 0.59 -
TCONS_00013894:4318-5445  -            376 70663at6656          -            314   7.2e-07   27.4   0.5   3   3     0.026       2.4    6.0   0.0   234   278   289   333   279   373 0.84 -
TCONS_00023964:4139-5266  -            376 70663at6656          -            314   7.2e-07   27.4   0.5   1   3   6.9e-06   0.00064   17.7   0.1    26   131     1   128     1   135 0.61 -
TCONS_00023964:4139-5266  -            376 70663at6656          -            314   7.2e-07   27.4   0.5   2   3       3.6   3.4e+02   -1.1   0.0   206   237   227   262   216   284 0.59 -
TCONS_00023964:4139-5266  -            376 70663at6656          -            314   7.2e-07   27.4   0.5   3   3     0.026       2.4    6.0   0.0   234   278   289   333   279   373 0.84 -
TCONS_00026321:4318-5445  -            376 70663at6656          -            314   7.2e-07   27.4   0.5   1   3   6.9e-06   0.00064   17.7   0.1    26   131     1   128     1   135 0.61 -
TCONS_00026321:4318-5445  -            376 70663at6656          -            314   7.2e-07   27.4   0.5   2   3       3.6   3.4e+02   -1.1   0.0   206   237   227   262   216   284 0.59 -
TCONS_00026321:4318-5445  -            376 70663at6656          -            314   7.2e-07   27.4   0.5   3   3     0.026       2.4    6.0   0.0   234   278   289   333   279   373 0.84 -
TCONS_00018575:1732-2880  -            383 70663at6656          -            314   3.6e-05   21.8   0.8   1   3   0.00041     0.038   11.9   0.1    25    62     6    44     1   153 0.68 -
TCONS_00018575:1732-2880  -            383 70663at6656          -            314   3.6e-05   21.8   0.8   2   3       7.8   7.2e+02   -2.1   0.0   201   219   237   255   210   274 0.69 -
TCONS_00018575:1732-2880  -            383 70663at6656          -            314   3.6e-05   21.8   0.8   3   3     0.022         2    6.3   0.1   234   279   307   352   244   356 0.86 -
TCONS_00027575:1718-2866  -            383 70663at6656          -            314   3.6e-05   21.8   0.8   1   3   0.00041     0.038   11.9   0.1    25    62     6    44     1   153 0.68 -
TCONS_00027575:1718-2866  -            383 70663at6656          -            314   3.6e-05   21.8   0.8   2   3       7.8   7.2e+02   -2.1   0.0   201   219   237   255   210   274 0.69 -
TCONS_00027575:1718-2866  -            383 70663at6656          -            314   3.6e-05   21.8   0.8   3   3     0.022         2    6.3   0.1   234   279   307   352   244   356 0.86 -
TCONS_00042702:9252-10745 -            498 70663at6656          -            314   0.00042   18.3   0.2   1   2     0.013       1.2    7.0   0.0    91   136   103   147    76   177 0.75 -
TCONS_00042702:9252-10745 -            498 70663at6656          -            314   0.00042   18.3   0.2   2   2    0.0026      0.24    9.3   0.0   191   284   322   420   300   443 0.77 -
TCONS_00042703:8894-10387 -            498 70663at6656          -            314   0.00042   18.3   0.2   1   2     0.013       1.2    7.0   0.0    91   136   103   147    76   177 0.75 -
TCONS_00042703:8894-10387 -            498 70663at6656          -            314   0.00042   18.3   0.2   2   2    0.0026      0.24    9.3   0.0   191   284   322   420   300   443 0.77 -
TCONS_00042704:9249-10742 -            498 70663at6656          -            314   0.00042   18.3   0.2   1   2     0.013       1.2    7.0   0.0    91   136   103   147    76   177 0.75 -
TCONS_00042704:9249-10742 -            498 70663at6656          -            314   0.00042   18.3   0.2   2   2    0.0026      0.24    9.3   0.0   191   284   322   420   300   443 0.77 -
TCONS_00044601:8526-10019 -            498 70663at6656          -            314   0.00042   18.3   0.2   1   2     0.013       1.2    7.0   0.0    91   136   103   147    76   177 0.75 -
TCONS_00044601:8526-10019 -            498 70663at6656          -            314   0.00042   18.3   0.2   2   2    0.0026      0.24    9.3   0.0   191   284   322   420   300   443 0.77 -
TCONS_00044606:9261-10754 -            498 70663at6656          -            314   0.00042   18.3   0.2   1   2     0.013       1.2    7.0   0.0    91   136   103   147    76   177 0.75 -
TCONS_00044606:9261-10754 -            498 70663at6656          -            314   0.00042   18.3   0.2   2   2    0.0026      0.24    9.3   0.0   191   284   322   420   300   443 0.77 -
TCONS_00046601:8742-10235 -            498 70663at6656          -            314   0.00042   18.3   0.2   1   2     0.013       1.2    7.0   0.0    91   136   103   147    76   177 0.75 -
TCONS_00046601:8742-10235 -            498 70663at6656          -            314   0.00042   18.3   0.2   2   2    0.0026      0.24    9.3   0.0   191   284   322   420   300   443 0.77 -
TCONS_00048189:8243-9736  -            498 70663at6656          -            314   0.00042   18.3   0.2   1   2     0.013       1.2    7.0   0.0    91   136   103   147    76   177 0.75 -
TCONS_00048189:8243-9736  -            498 70663at6656          -            314   0.00042   18.3   0.2   2   2    0.0026      0.24    9.3   0.0   191   284   322   420   300   443 0.77 -
TCONS_00048655:9232-10725 -            498 70663at6656          -            314   0.00042   18.3   0.2   1   2     0.013       1.2    7.0   0.0    91   136   103   147    76   177 0.75 -
TCONS_00048655:9232-10725 -            498 70663at6656          -            314   0.00042   18.3   0.2   2   2    0.0026      0.24    9.3   0.0   191   284   322   420   300   443 0.77 -
TCONS_00049057:9257-10750 -            498 70663at6656          -            314   0.00042   18.3   0.2   1   2     0.013       1.2    7.0   0.0    91   136   103   147    76   177 0.75 -
TCONS_00049057:9257-10750 -            498 70663at6656          -            314   0.00042   18.3   0.2   2   2    0.0026      0.24    9.3   0.0   191   284   322   420   300   443 0.77 -
TCONS_00049058:9234-10727 -            498 70663at6656          -            314   0.00042   18.3   0.2   1   2     0.013       1.2    7.0   0.0    91   136   103   147    76   177 0.75 -
TCONS_00049058:9234-10727 -            498 70663at6656          -            314   0.00042   18.3   0.2   2   2    0.0026      0.24    9.3   0.0   191   284   322   420   300   443 0.77 -
TCONS_00049438:8584-10077 -            498 70663at6656          -            314   0.00042   18.3   0.2   1   2     0.013       1.2    7.0   0.0    91   136   103   147    76   177 0.75 -
TCONS_00049438:8584-10077 -            498 70663at6656          -            314   0.00042   18.3   0.2   2   2    0.0026      0.24    9.3   0.0   191   284   322   420   300   443 0.77 -
TCONS_00018575:4291-5406  -            372 70663at6656          -            314    0.0011   17.0   1.4   1   3   0.00038     0.035   12.0   0.1    26   129     1   127     1   134 0.57 -
TCONS_00018575:4291-5406  -            372 70663at6656          -            314    0.0011   17.0   1.4   2   3       3.2   2.9e+02   -0.9   0.0   206   220   228   242   204   254 0.80 -
TCONS_00018575:4291-5406  -            372 70663at6656          -            314    0.0011   17.0   1.4   3   3      0.93        86    0.9   0.0   233   272   289   328   274   340 0.77 -
TCONS_00027575:4277-5392  -            372 70663at6656          -            314    0.0011   17.0   1.4   1   3   0.00038     0.035   12.0   0.1    26   129     1   127     1   134 0.57 -
TCONS_00027575:4277-5392  -            372 70663at6656          -            314    0.0011   17.0   1.4   2   3       3.2   2.9e+02   -0.9   0.0   206   220   228   242   204   254 0.80 -
TCONS_00027575:4277-5392  -            372 70663at6656          -            314    0.0011   17.0   1.4   3   3      0.93        86    0.9   0.0   233   272   289   328   274   340 0.77 -
TCONS_00030332:2625-4061  -            479 70663at6656          -            314     0.063   11.2   0.0   1   2       7.9   7.3e+02   -2.2   0.0   119   135   147   165   124   182 0.73 -
TCONS_00030332:2625-4061  -            479 70663at6656          -            314     0.063   11.2   0.0   2   2    0.0024      0.22    9.4   0.0   184   306   327   454   323   462 0.81 -
#
# Program:         hmmsearch
# Version:         3.1b2 (February 2015)
# Pipeline mode:   SEARCH
# Query file:      /hpcdata/bcbb/homc/Barillaslab/Agam_hemo_transcriptomes/scripts/busco/busco_downloads/lineages/arthropoda_odb10/hmms/70663at6656.hmm
# Target file:     /hpcdata/bcbb/homc/Barillaslab/Agam_hemo_transcriptomes/scripts/busco/refguided_Agamhemo_BUSCO/run_arthropoda_odb10/metaeuk_output/initial_results/all_transcripts.comprehensive.v6.gffread.fa.modified.fas
# Option settings: hmmsearch --domtblout /hpcdata/bcbb/homc/Barillaslab/Agam_hemo_transcriptomes/scripts/busco/refguided_Agamhemo_BUSCO/run_arthropoda_odb10/hmmer_output/initial_run_results/70663at6656.out --cpu 1 /hpcdata/bcbb/homc/Barillaslab/Agam_hemo_transcriptomes/scripts/busco/busco_downloads/lineages/arthropoda_odb10/hmms/70663at6656.hmm /hpcdata/bcbb/homc/Barillaslab/Agam_hemo_transcriptomes/scripts/busco/refguided_Agamhemo_BUSCO/run_arthropoda_odb10/metaeuk_output/initial_results/all_transcripts.comprehensive.v6.gffread.fa.modified.fas 
# Current dir:     /hpcdata/bcbb/homc/Barillaslab/Agam_hemo_transcriptomes/scripts/busco
# Date:            Thu Feb  9 16:54:48 2023
# [ok]
