#                                                                              --- full sequence --- -------------- this domain -------------   hmm coord   ali coord   env coord
# target name          accession   tlen query name           accession   qlen   E-value  score  bias   #  of  c-Evalue  i-Evalue  score  bias  from    to  from    to  from    to  acc description of target
#  ------------------- ---------- ----- -------------------- ---------- ----- --------- ------ ----- --- --- --------- --------- ------ ----- ----- ----- ----- ----- ----- ----- ---- ---------------------
TCONS_00041264:75-2009 -            645 80348at6656          -            505  2.1e-255  846.9  13.5   1   4   5.4e-22   2.6e-18   64.7   0.1     1    51     4    54     4    71 0.91 -
TCONS_00041264:75-2009 -            645 80348at6656          -            505  2.1e-255  846.9  13.5   2   4   7.9e-58   3.8e-54  183.0   0.2    47   165    80   219    66   221 0.89 -
TCONS_00041264:75-2009 -            645 80348at6656          -            505  2.1e-255  846.9  13.5   3   4   7.7e-08   0.00037   18.1   0.0   164   187   243   266   234   272 0.90 -
TCONS_00041264:75-2009 -            645 80348at6656          -            505  2.1e-255  846.9  13.5   4   4  4.6e-180  2.2e-176  586.2   2.7   182   505   289   643   272   643 0.94 -
TCONS_00049663:75-2088 -            645 80348at6656          -            505  4.3e-252  836.0  13.1   1   4   5.4e-22   2.6e-18   64.7   0.1     1    51     4    54     4    71 0.91 -
TCONS_00049663:75-2088 -            645 80348at6656          -            505  4.3e-252  836.0  13.1   2   4   7.9e-58   3.8e-54  183.0   0.2    47   165    80   219    66   221 0.89 -
TCONS_00049663:75-2088 -            645 80348at6656          -            505  4.3e-252  836.0  13.1   3   4   7.7e-08   0.00037   18.1   0.0   164   187   243   266   234   272 0.90 -
TCONS_00049663:75-2088 -            645 80348at6656          -            505  4.3e-252  836.0  13.1   4   4  9.9e-177  4.8e-173  575.2   2.4   182   505   289   643   272   643 0.94 -
#
# Program:         hmmsearch
# Version:         3.1b2 (February 2015)
# Pipeline mode:   SEARCH
# Query file:      /hpcdata/bcbb/homc/Barillaslab/Agam_hemo_transcriptomes/scripts/busco/busco_downloads/lineages/arthropoda_odb10/hmms/80348at6656.hmm
# Target file:     /hpcdata/bcbb/homc/Barillaslab/Agam_hemo_transcriptomes/scripts/busco/refguided_Agamhemo_BUSCO/run_arthropoda_odb10/metaeuk_output/initial_results/all_transcripts.comprehensive.v6.gffread.fa.modified.fas
# Option settings: hmmsearch --domtblout /hpcdata/bcbb/homc/Barillaslab/Agam_hemo_transcriptomes/scripts/busco/refguided_Agamhemo_BUSCO/run_arthropoda_odb10/hmmer_output/initial_run_results/80348at6656.out --cpu 1 /hpcdata/bcbb/homc/Barillaslab/Agam_hemo_transcriptomes/scripts/busco/busco_downloads/lineages/arthropoda_odb10/hmms/80348at6656.hmm /hpcdata/bcbb/homc/Barillaslab/Agam_hemo_transcriptomes/scripts/busco/refguided_Agamhemo_BUSCO/run_arthropoda_odb10/metaeuk_output/initial_results/all_transcripts.comprehensive.v6.gffread.fa.modified.fas 
# Current dir:     /hpcdata/bcbb/homc/Barillaslab/Agam_hemo_transcriptomes/scripts/busco
# Date:            Thu Feb  9 16:55:14 2023
# [ok]
