#                                                                               --- full sequence --- -------------- this domain -------------   hmm coord   ali coord   env coord
# target name           accession   tlen query name           accession   qlen   E-value  score  bias   #  of  c-Evalue  i-Evalue  score  bias  from    to  from    to  from    to  acc description of target
#   ------------------- ---------- ----- -------------------- ---------- ----- --------- ------ ----- --- --- --------- --------- ------ ----- ----- ----- ----- ----- ----- ----- ---- ---------------------
TCONS_00041089:337-1695 -            453 89677at6656          -            221  1.8e-104  347.3  26.1   1   2   2.7e-52   6.5e-49  165.7  13.1     1   128   133   293   133   297 0.85 -
TCONS_00041089:337-1695 -            453 89677at6656          -            221  1.8e-104  347.3  26.1   2   2   9.9e-56   2.4e-52  176.9   5.1   116   221   346   453   338   453 0.92 -
TCONS_00058791:149-1310 -            339 89677at6656          -            221   2.1e-06   26.6   2.3   1   2      0.28   6.8e+02   -1.2   0.2    58    83    97   122    64   152 0.73 -
TCONS_00058791:149-1310 -            339 89677at6656          -            221   2.1e-06   26.6   2.3   2   2   8.9e-10   2.1e-06   26.6   2.3   120   219   234   336   217   338 0.83 -
TCONS_00058792:149-1165 -            339 89677at6656          -            221   2.1e-06   26.6   2.3   1   2      0.28   6.8e+02   -1.2   0.2    58    83    97   122    64   152 0.73 -
TCONS_00058792:149-1165 -            339 89677at6656          -            221   2.1e-06   26.6   2.3   2   2   8.9e-10   2.1e-06   26.6   2.3   120   219   234   336   217   338 0.83 -
TCONS_00062003:166-1246 -            339 89677at6656          -            221   2.1e-06   26.6   2.3   1   2      0.28   6.8e+02   -1.2   0.2    58    83    97   122    64   152 0.73 -
TCONS_00062003:166-1246 -            339 89677at6656          -            221   2.1e-06   26.6   2.3   2   2   8.9e-10   2.1e-06   26.6   2.3   120   219   234   336   217   338 0.83 -
#
# Program:         hmmsearch
# Version:         3.1b2 (February 2015)
# Pipeline mode:   SEARCH
# Query file:      /hpcdata/bcbb/homc/Barillaslab/Agam_hemo_transcriptomes/scripts/busco/busco_downloads/lineages/arthropoda_odb10/hmms/89677at6656.hmm
# Target file:     /hpcdata/bcbb/homc/Barillaslab/Agam_hemo_transcriptomes/scripts/busco/refguided_Agamhemo_BUSCO/run_arthropoda_odb10/metaeuk_output/initial_results/all_transcripts.comprehensive.v6.gffread.fa.modified.fas
# Option settings: hmmsearch --domtblout /hpcdata/bcbb/homc/Barillaslab/Agam_hemo_transcriptomes/scripts/busco/refguided_Agamhemo_BUSCO/run_arthropoda_odb10/hmmer_output/initial_run_results/89677at6656.out --cpu 1 /hpcdata/bcbb/homc/Barillaslab/Agam_hemo_transcriptomes/scripts/busco/busco_downloads/lineages/arthropoda_odb10/hmms/89677at6656.hmm /hpcdata/bcbb/homc/Barillaslab/Agam_hemo_transcriptomes/scripts/busco/refguided_Agamhemo_BUSCO/run_arthropoda_odb10/metaeuk_output/initial_results/all_transcripts.comprehensive.v6.gffread.fa.modified.fas 
# Current dir:     /hpcdata/bcbb/homc/Barillaslab/Agam_hemo_transcriptomes/scripts/busco
# Date:            Thu Feb  9 16:55:41 2023
# [ok]
