#                                                                               --- full sequence --- -------------- this domain -------------   hmm coord   ali coord   env coord
# target name           accession   tlen query name           accession   qlen   E-value  score  bias   #  of  c-Evalue  i-Evalue  score  bias  from    to  from    to  from    to  acc description of target
#   ------------------- ---------- ----- -------------------- ---------- ----- --------- ------ ----- --- --- --------- --------- ------ ----- ----- ----- ----- ----- ----- ----- ---- ---------------------
TCONS_00040943:78-1022  -            315 90600at6656          -            254   7.1e-72  240.9   6.6   1   1   1.5e-73   1.6e-70  236.5   6.6     1   249     9   297     9   302 0.87 -
TCONS_00003339:439-741  -            101 90600at6656          -            254   2.6e-06   26.1   0.0   1   1   2.5e-09   2.6e-06   26.1   0.0    90   158    33   101     6   101 0.95 -
TCONS_00009341:425-727  -            101 90600at6656          -            254   2.6e-06   26.1   0.0   1   1   2.5e-09   2.6e-06   26.1   0.0    90   158    33   101     6   101 0.95 -
TCONS_00016942:346-3672 -           1109 90600at6656          -            254    0.0028   16.2   1.7   1   5      0.11   1.2e+02    1.0   0.3    93   205   132   239    85   253 0.71 -
TCONS_00016942:346-3672 -           1109 90600at6656          -            254    0.0028   16.2   1.7   2   5      0.85   9.1e+02   -1.9   0.0   135   161   361   386   353   403 0.69 -
TCONS_00016942:346-3672 -           1109 90600at6656          -            254    0.0028   16.2   1.7   3   5   0.00013      0.14   10.6   0.0    96   157   405   466   399   554 0.78 -
TCONS_00016942:346-3672 -           1109 90600at6656          -            254    0.0028   16.2   1.7   4   5      0.79   8.4e+02   -1.8   0.1   215   215   779   779   748   820 0.44 -
TCONS_00016942:346-3672 -           1109 90600at6656          -            254    0.0028   16.2   1.7   5   5       3.1   3.3e+03   -3.8   0.0   133   156   905   927   901   929 0.84 -
TCONS_00049661:234-3818 -            508 90600at6656          -            254     0.012   14.1   0.0   1   1   1.8e-05     0.019   13.4   0.0    63   106   394   437   377   494 0.79 -
TCONS_00043875:188-1786 -            533 90600at6656          -            254     0.013   14.0   0.0   1   1   1.9e-05      0.02   13.3   0.0    63   106   419   462   402   519 0.79 -
TCONS_00048909:261-2540 -            537 90600at6656          -            254     0.013   14.0   0.0   1   1   1.9e-05      0.02   13.3   0.0    63   106   423   466   406   523 0.79 -
TCONS_00045373:240-1850 -            537 90600at6656          -            254     0.013   14.0   0.0   1   1   1.9e-05      0.02   13.3   0.0    63   106   423   466   406   523 0.79 -
TCONS_00043874:188-1807 -            540 90600at6656          -            254     0.013   14.0   0.0   1   1   1.9e-05     0.021   13.3   0.0    63   106   426   469   409   526 0.79 -
#
# Program:         hmmsearch
# Version:         3.1b2 (February 2015)
# Pipeline mode:   SEARCH
# Query file:      /hpcdata/bcbb/homc/Barillaslab/Agam_hemo_transcriptomes/scripts/busco/busco_downloads/lineages/arthropoda_odb10/hmms/90600at6656.hmm
# Target file:     /hpcdata/bcbb/homc/Barillaslab/Agam_hemo_transcriptomes/scripts/busco/refguided_Agamhemo_BUSCO/run_arthropoda_odb10/metaeuk_output/initial_results/all_transcripts.comprehensive.v6.gffread.fa.modified.fas
# Option settings: hmmsearch --domtblout /hpcdata/bcbb/homc/Barillaslab/Agam_hemo_transcriptomes/scripts/busco/refguided_Agamhemo_BUSCO/run_arthropoda_odb10/hmmer_output/initial_run_results/90600at6656.out --cpu 1 /hpcdata/bcbb/homc/Barillaslab/Agam_hemo_transcriptomes/scripts/busco/busco_downloads/lineages/arthropoda_odb10/hmms/90600at6656.hmm /hpcdata/bcbb/homc/Barillaslab/Agam_hemo_transcriptomes/scripts/busco/refguided_Agamhemo_BUSCO/run_arthropoda_odb10/metaeuk_output/initial_results/all_transcripts.comprehensive.v6.gffread.fa.modified.fas 
# Current dir:     /hpcdata/bcbb/homc/Barillaslab/Agam_hemo_transcriptomes/scripts/busco
# Date:            Thu Feb  9 16:55:44 2023
# [ok]
