#                                                                                  --- full sequence --- -------------- this domain -------------   hmm coord   ali coord   env coord
# target name              accession   tlen query name           accession   qlen   E-value  score  bias   #  of  c-Evalue  i-Evalue  score  bias  from    to  from    to  from    to  acc description of target
#      ------------------- ---------- ----- -------------------- ---------- ----- --------- ------ ----- --- --- --------- --------- ------ ----- ----- ----- ----- ----- ----- ----- ---- ---------------------
TCONS_00020090:1623-3296   -            558 98544at6656          -            326   3.8e-94  314.5   4.5   1   3   2.8e-21     2e-19   68.9   0.0     2    75   114   193   113   202 0.88 -
TCONS_00020090:1623-3296   -            558 98544at6656          -            326   3.8e-94  314.5   4.5   2   3   3.1e-59   2.2e-57  193.6   1.0    69   278   208   476   196   480 0.80 -
TCONS_00020090:1623-3296   -            558 98544at6656          -            326   3.8e-94  314.5   4.5   3   3     1e-14   7.3e-13   47.3   0.0   279   326   496   549   482   549 0.88 -
TCONS_00022254:546-2219    -            558 98544at6656          -            326   3.8e-94  314.5   4.5   1   3   2.8e-21     2e-19   68.9   0.0     2    75   114   193   113   202 0.88 -
TCONS_00022254:546-2219    -            558 98544at6656          -            326   3.8e-94  314.5   4.5   2   3   3.1e-59   2.2e-57  193.6   1.0    69   278   208   476   196   480 0.80 -
TCONS_00022254:546-2219    -            558 98544at6656          -            326   3.8e-94  314.5   4.5   3   3     1e-14   7.3e-13   47.3   0.0   279   326   496   549   482   549 0.88 -
TCONS_00026760:435-2108    -            558 98544at6656          -            326   3.8e-94  314.5   4.5   1   3   2.8e-21     2e-19   68.9   0.0     2    75   114   193   113   202 0.88 -
TCONS_00026760:435-2108    -            558 98544at6656          -            326   3.8e-94  314.5   4.5   2   3   3.1e-59   2.2e-57  193.6   1.0    69   278   208   476   196   480 0.80 -
TCONS_00026760:435-2108    -            558 98544at6656          -            326   3.8e-94  314.5   4.5   3   3     1e-14   7.3e-13   47.3   0.0   279   326   496   549   482   549 0.88 -
TCONS_00026761:367-2040    -            558 98544at6656          -            326   3.8e-94  314.5   4.5   1   3   2.8e-21     2e-19   68.9   0.0     2    75   114   193   113   202 0.88 -
TCONS_00026761:367-2040    -            558 98544at6656          -            326   3.8e-94  314.5   4.5   2   3   3.1e-59   2.2e-57  193.6   1.0    69   278   208   476   196   480 0.80 -
TCONS_00026761:367-2040    -            558 98544at6656          -            326   3.8e-94  314.5   4.5   3   3     1e-14   7.3e-13   47.3   0.0   279   326   496   549   482   549 0.88 -
TCONS_00006440:250-1719    -            490 98544at6656          -            326   3.4e-43  147.0   0.8   1   3   9.8e-12     7e-10   37.5   0.1     6   163    39   251    33   257 0.73 -
TCONS_00006440:250-1719    -            490 98544at6656          -            326   3.4e-43  147.0   0.8   2   3   0.00057     0.041   12.0   0.0   170   216   281   329   269   332 0.84 -
TCONS_00006440:250-1719    -            490 98544at6656          -            326   3.4e-43  147.0   0.8   3   3   4.4e-26   3.1e-24   84.7   0.0   211   315   345   463   337   472 0.91 -
TCONS_00039554:251-1603    -            451 98544at6656          -            326   2.2e-39  134.5   2.4   1   2     2e-08   1.4e-06   26.6   0.0     8    81    11    94     5   116 0.82 -
TCONS_00039554:251-1603    -            451 98544at6656          -            326   2.2e-39  134.5   2.4   2   2   1.5e-29   1.1e-27   96.1   1.3    71   318   116   428   101   432 0.73 -
TCONS_00042541:188-1552    -            455 98544at6656          -            326   2.5e-39  134.3   2.5   1   2     2e-08   1.5e-06   26.6   0.0     8    81    15    98     9   120 0.82 -
TCONS_00042541:188-1552    -            455 98544at6656          -            326   2.5e-39  134.3   2.5   2   2   1.6e-29   1.1e-27   96.0   1.3    71   318   120   432   105   436 0.73 -
TCONS_00041893:397-1830    -            478 98544at6656          -            326     3e-39  134.0   2.3   1   2   2.1e-08   1.5e-06   26.6   0.0     8    81    38   121    32   146 0.81 -
TCONS_00041893:397-1830    -            478 98544at6656          -            326     3e-39  134.0   2.3   2   2   1.6e-29   1.2e-27   96.0   1.0    72   318   144   455   134   459 0.73 -
TCONS_00042542:254-1675    -            474 98544at6656          -            326   4.3e-39  133.6   4.6   1   3   6.8e-07   4.9e-05   21.6   0.0     7    82    36   121    30   142 0.82 -
TCONS_00042542:254-1675    -            474 98544at6656          -            326   4.3e-39  133.6   4.6   2   3   1.2e-09   8.4e-08   30.7   1.0    80   216   150   313   128   317 0.69 -
TCONS_00042542:254-1675    -            474 98544at6656          -            326   4.3e-39  133.6   4.6   3   3   8.7e-24   6.2e-22   77.1   0.1   212   318   328   454   319   461 0.86 -
TCONS_00012478:195-1526    -            444 98544at6656          -            326   3.9e-38  130.4   1.0   1   3   7.8e-12   5.6e-10   37.9   0.1     6   163    38   250    32   256 0.73 -
TCONS_00012478:195-1526    -            444 98544at6656          -            326   3.9e-38  130.4   1.0   2   3    0.0005     0.036   12.2   0.0   170   216   280   328   268   331 0.84 -
TCONS_00012478:195-1526    -            444 98544at6656          -            326   3.9e-38  130.4   1.0   3   3   6.5e-21   4.6e-19   67.7   0.0   211   297   344   444   336   444 0.90 -
TCONS_00048635:298-1723    -            447 98544at6656          -            326   8.4e-38  129.3   1.9   1   3   2.8e-05     0.002   16.3   0.0    20    81    33    99    12   113 0.80 -
TCONS_00048635:298-1723    -            447 98544at6656          -            326   8.4e-38  129.3   1.9   2   3   7.3e-11   5.2e-09   34.7   0.4    79   213   129   281   110   288 0.70 -
TCONS_00048635:298-1723    -            447 98544at6656          -            326   8.4e-38  129.3   1.9   3   3   9.2e-22   6.6e-20   70.5   0.1   213   317   301   426   292   433 0.86 -
TCONS_00004842:427-1920    -            498 98544at6656          -            326   2.1e-36  124.7   0.3   1   3     0.044       3.2    5.8   0.0     9    69    54   124    49   140 0.72 -
TCONS_00004842:427-1920    -            498 98544at6656          -            326   2.1e-36  124.7   0.3   2   3   2.9e-10   2.1e-08   32.7   0.1    66   216   153   335   139   339 0.78 -
TCONS_00004842:427-1920    -            498 98544at6656          -            326   2.1e-36  124.7   0.3   3   3   5.8e-24   4.1e-22   77.7   0.0   209   318   347   474   341   487 0.80 -
TCONS_00042543:239-1669    -            477 98544at6656          -            326   2.9e-36  124.2   2.7   1   3   2.8e-05     0.002   16.3   0.0    20    82    54   121    34   143 0.80 -
TCONS_00042543:239-1669    -            477 98544at6656          -            326   2.9e-36  124.2   2.7   2   3   1.4e-09   9.7e-08   30.5   0.7    79   213   150   311   131   318 0.65 -
TCONS_00042543:239-1669    -            477 98544at6656          -            326   2.9e-36  124.2   2.7   3   3   1.1e-21   7.8e-20   70.3   0.1   213   317   331   456   323   463 0.86 -
TCONS_00039553:173-1609    -            479 98544at6656          -            326     1e-35  122.4   0.3   1   3   6.7e-06   0.00048   18.3   0.0    10    82    39   121    29   145 0.74 -
TCONS_00039553:173-1609    -            479 98544at6656          -            326     1e-35  122.4   0.3   2   3   6.6e-08   4.7e-06   25.0   0.1    80   215   150   313   128   318 0.71 -
TCONS_00039553:173-1609    -            479 98544at6656          -            326     1e-35  122.4   0.3   3   3   1.6e-21   1.2e-19   69.7   0.0   212   316   329   454   321   458 0.82 -
TCONS_00012708:189-1655    -            489 98544at6656          -            326   2.3e-34  118.0   1.1   1   4     0.026       1.9    6.6   0.0     5    75    37   117    34   133 0.78 -
TCONS_00012708:189-1655    -            489 98544at6656          -            326   2.3e-34  118.0   1.1   2   4   7.5e-06   0.00054   18.2   0.6    69   212   143   315   128   322 0.67 -
TCONS_00012708:189-1655    -            489 98544at6656          -            326   2.3e-34  118.0   1.1   3   4   6.2e-15   4.5e-13   48.0   0.0   211   278   334   405   327   407 0.86 -
TCONS_00012708:189-1655    -            489 98544at6656          -            326   2.3e-34  118.0   1.1   4   4   9.6e-12   6.9e-10   37.6   0.0   281   320   429   468   425   474 0.91 -
TCONS_00051141:181-1497    -            439 98544at6656          -            326   4.1e-34  117.2   4.9   1   3   1.2e-07   8.4e-06   24.1   0.0     7    82    36   121    31   149 0.81 -
TCONS_00051141:181-1497    -            439 98544at6656          -            326   4.1e-34  117.2   4.9   2   3     9e-10   6.5e-08   31.1   0.9    80   216   150   313   129   317 0.70 -
TCONS_00051141:181-1497    -            439 98544at6656          -            326   4.1e-34  117.2   4.9   3   3   4.6e-18   3.3e-16   58.3   0.1   212   302   328   438   319   439 0.84 -
TCONS_00053742:181-1566    -            431 98544at6656          -            326   1.3e-32  112.2   6.4   1   3   1.1e-07   8.2e-06   24.2   0.0     7    82    36   121    31   149 0.81 -
TCONS_00053742:181-1566    -            431 98544at6656          -            326   1.3e-32  112.2   6.4   2   3   8.8e-10   6.3e-08   31.1   0.9    80   216   150   313   130   317 0.70 -
TCONS_00053742:181-1566    -            431 98544at6656          -            326   1.3e-32  112.2   6.4   3   3   6.3e-17   4.5e-15   54.6   0.2   212   302   328   430   319   431 0.84 -
TCONS_00024083:86-1465     -            460 98544at6656          -            326   1.5e-22   79.2   0.1   1   2         4   2.9e+02   -0.6   0.0    89   112   133   156   130   170 0.87 -
TCONS_00024083:86-1465     -            460 98544at6656          -            326   1.5e-22   79.2   0.1   2   2   5.3e-22   3.8e-20   71.3   0.0   148   313   237   430   157   435 0.75 -
TCONS_00063630:90-929      -            280 98544at6656          -            326   3.2e-20   71.5   0.0   1   1   2.1e-21   1.5e-19   69.3   0.0   135   315    43   253    36   256 0.76 -
TCONS_00062506:331-1695    -            455 98544at6656          -            326   1.1e-19   69.8   0.1   1   1   8.2e-21   5.9e-19   67.4   0.0   135   315   217   427   211   430 0.76 -
TCONS_00024603:128-1501    -            458 98544at6656          -            326     9e-19   66.8   0.0   1   3       2.4   1.7e+02    0.1   0.0     4    36    37    72    35    80 0.70 -
TCONS_00024603:128-1501    -            458 98544at6656          -            326     9e-19   66.8   0.0   2   3   0.00077     0.055   11.6   0.0   174   215   268   310   260   313 0.86 -
TCONS_00024603:128-1501    -            458 98544at6656          -            326     9e-19   66.8   0.0   3   3   9.8e-16     7e-14   50.7   0.0   208   315   321   441   316   449 0.85 -
TCONS_00022520:416-1591    -            392 98544at6656          -            326   9.8e-19   66.6   0.1   1   3       2.9   2.1e+02   -0.2   0.0   184   222    77   112    67   123 0.78 -
TCONS_00022520:416-1591    -            392 98544at6656          -            326   9.8e-19   66.6   0.1   2   3     0.035       2.5    6.1   0.0   178   215   223   261   215   264 0.80 -
TCONS_00022520:416-1591    -            392 98544at6656          -            326   9.8e-19   66.6   0.1   3   3   2.5e-17   1.8e-15   55.9   0.0   212   313   278   392   268   392 0.84 -
TCONS_00014489:235-1458    -            408 98544at6656          -            326   1.2e-18   66.4   0.0   1   2   0.00051     0.037   12.2   0.0   175   215   235   276   224   280 0.84 -
TCONS_00014489:235-1458    -            408 98544at6656          -            326   1.2e-18   66.4   0.0   2   2   6.3e-16   4.5e-14   51.3   0.0   213   313   293   408   288   408 0.86 -
TCONS_00036094:670-1800    -            377 98544at6656          -            326   3.3e-18   64.9   0.0   1   2     0.037       2.7    6.1   0.0   170   210   189   230   185   238 0.85 -
TCONS_00036094:670-1800    -            377 98544at6656          -            326   3.3e-18   64.9   0.0   2   2   2.1e-17   1.5e-15   56.2   0.0   212   315   252   369   242   372 0.82 -
TCONS_00032975:396-1796    -            467 98544at6656          -            326   6.9e-18   63.8   0.0   1   2     0.051       3.6    5.6   0.0   170   210   279   320   276   328 0.84 -
TCONS_00032975:396-1796    -            467 98544at6656          -            326   6.9e-18   63.8   0.0   2   2   3.1e-17   2.2e-15   55.6   0.0   212   315   342   459   332   462 0.82 -
TCONS_00014491:236-1636    -            467 98544at6656          -            326   7.2e-17   60.5   0.0   1   2      0.12       8.6    4.4   0.0   171   215   266   311   250   317 0.86 -
TCONS_00014491:236-1636    -            467 98544at6656          -            326   7.2e-17   60.5   0.0   2   2   1.1e-16     8e-15   53.8   0.0   206   314   322   445   313   448 0.82 -
TCONS_00059378:484-1884    -            467 98544at6656          -            326   6.4e-16   57.4   0.0   1   1   2.7e-17   1.9e-15   55.8   0.0   213   313   333   449   270   455 0.82 -
TCONS_00044773:322-1563    -            414 98544at6656          -            326   1.1e-15   56.6   0.0   1   2      0.92        66    1.5   0.0   169   215   238   285   229   289 0.87 -
TCONS_00044773:322-1563    -            414 98544at6656          -            326   1.1e-15   56.6   0.0   2   2   2.5e-16   1.8e-14   52.6   0.0   212   311   301   414   292   414 0.79 -
TCONS_00041312:497-1777    -            427 98544at6656          -            326   1.7e-15   56.0   0.0   1   2       3.9   2.8e+02   -0.6   0.0   171   216   239   285   234   287 0.82 -
TCONS_00041312:497-1777    -            427 98544at6656          -            326   1.7e-15   56.0   0.0   2   2   1.5e-16     1e-14   53.4   0.0   212   314   301   417   293   421 0.84 -
TCONS_00049307:425-1705    -            427 98544at6656          -            326   1.7e-15   56.0   0.0   1   2       3.9   2.8e+02   -0.6   0.0   171   216   239   285   234   287 0.82 -
TCONS_00049307:425-1705    -            427 98544at6656          -            326   1.7e-15   56.0   0.0   2   2   1.5e-16     1e-14   53.4   0.0   212   314   301   417   293   421 0.84 -
TCONS_00060893:1500-2177   -            226 98544at6656          -            326   2.1e-15   55.7   0.1   1   2       3.3   2.3e+02   -0.3   0.0   170   215    29    75    25    82 0.78 -
TCONS_00060893:1500-2177   -            226 98544at6656          -            326   2.1e-15   55.7   0.1   2   2   1.7e-16   1.2e-14   53.1   0.0   213   313    92   208    81   217 0.81 -
TCONS_00018882:290-1390    -            367 98544at6656          -            326   3.5e-15   55.0   0.0   1   2    0.0084       0.6    8.2   0.0   178   215   190   228   152   232 0.85 -
TCONS_00018882:290-1390    -            367 98544at6656          -            326   3.5e-15   55.0   0.0   2   2   9.4e-14   6.8e-12   44.2   0.0   209   313   242   361   236   363 0.80 -
TCONS_00021476:308-1510    -            401 98544at6656          -            326   5.2e-15   54.4   0.4   1   2     0.011      0.78    7.8   0.0   179   215   225   262   205   266 0.83 -
TCONS_00021476:308-1510    -            401 98544at6656          -            326   5.2e-15   54.4   0.4   2   2   1.1e-13   8.2e-12   43.9   0.0   209   313   276   395   270   397 0.80 -
TCONS_00017734:546-1820    -            425 98544at6656          -            326   5.4e-15   54.3   0.1   1   2     0.011      0.77    7.8   0.0   178   215   245   283   216   287 0.83 -
TCONS_00017734:546-1820    -            425 98544at6656          -            326   5.4e-15   54.3   0.1   2   2   1.3e-13   9.1e-12   43.7   0.0   209   313   297   416   291   418 0.80 -
TCONS_00018881:314-1588    -            425 98544at6656          -            326   5.4e-15   54.3   0.1   1   2     0.011      0.77    7.8   0.0   178   215   245   283   216   287 0.83 -
TCONS_00018881:314-1588    -            425 98544at6656          -            326   5.4e-15   54.3   0.1   2   2   1.3e-13   9.1e-12   43.7   0.0   209   313   297   416   291   418 0.80 -
TCONS_00059515:719-2116    -            466 98544at6656          -            326   1.4e-14   53.0   0.0   1   1   5.5e-16   3.9e-14   51.5   0.0   213   313   332   448   266   457 0.81 -
TCONS_00003608:2609-3715   -            369 98544at6656          -            326   1.8e-14   52.6   0.2   1   3       3.9   2.8e+02   -0.6   0.0    89   115    61    87    55   102 0.87 -
TCONS_00003608:2609-3715   -            369 98544at6656          -            326   1.8e-14   52.6   0.2   2   3     0.029       2.1    6.4   0.1   171   216   186   232   147   241 0.75 -
TCONS_00003608:2609-3715   -            369 98544at6656          -            326   1.8e-14   52.6   0.2   3   3   3.1e-13   2.2e-11   42.5   0.0   208   313   246   365   237   367 0.77 -
TCONS_00011559:4354-5460   -            369 98544at6656          -            326   1.8e-14   52.6   0.2   1   3       3.9   2.8e+02   -0.6   0.0    89   115    61    87    55   102 0.87 -
TCONS_00011559:4354-5460   -            369 98544at6656          -            326   1.8e-14   52.6   0.2   2   3     0.029       2.1    6.4   0.1   171   216   186   232   147   241 0.75 -
TCONS_00011559:4354-5460   -            369 98544at6656          -            326   1.8e-14   52.6   0.2   3   3   3.1e-13   2.2e-11   42.5   0.0   208   313   246   365   237   367 0.77 -
TCONS_00045393:441-1706    -            422 98544at6656          -            326     2e-14   52.5   0.0   1   2       1.7   1.3e+02    0.6   0.0   170   216   244   291   238   294 0.88 -
TCONS_00045393:441-1706    -            422 98544at6656          -            326     2e-14   52.5   0.0   2   2   2.6e-15   1.9e-13   49.3   0.0   214   312   308   421   297   422 0.78 -
TCONS_00050310:237-1502    -            422 98544at6656          -            326     2e-14   52.5   0.0   1   2       1.7   1.3e+02    0.6   0.0   170   216   244   291   238   294 0.88 -
TCONS_00050310:237-1502    -            422 98544at6656          -            326     2e-14   52.5   0.0   2   2   2.6e-15   1.9e-13   49.3   0.0   214   312   308   421   297   422 0.78 -
TCONS_00042305:190-1566    -            459 98544at6656          -            326   4.6e-14   51.3   0.1   1   3       4.3   3.1e+02   -0.7   0.0   171   216   239   285   234   287 0.82 -
TCONS_00042305:190-1566    -            459 98544at6656          -            326   4.6e-14   51.3   0.1   2   3   1.3e-09   9.2e-08   30.6   0.0   212   277   301   367   293   374 0.84 -
TCONS_00042305:190-1566    -            459 98544at6656          -            326   4.6e-14   51.3   0.1   3   3   2.1e-05    0.0015   16.7   0.0   261   314   391   449   380   453 0.80 -
TCONS_00026442:402-1670    -            423 98544at6656          -            326   1.1e-13   50.1   0.0   1   2     0.031       2.3    6.3   0.0   179   211   245   278   230   287 0.80 -
TCONS_00026442:402-1670    -            423 98544at6656          -            326   1.1e-13   50.1   0.0   2   2   1.2e-12   8.4e-11   40.6   0.0   206   313   293   415   285   419 0.79 -
TCONS_00014490:230-1516    -            429 98544at6656          -            326   1.1e-13   50.0   0.0   1   2     0.031       2.3    6.3   0.0   179   211   251   284   232   292 0.81 -
TCONS_00014490:230-1516    -            429 98544at6656          -            326   1.1e-13   50.0   0.0   2   2   1.2e-12   8.4e-11   40.6   0.0   206   313   299   421   290   425 0.79 -
TCONS_00039629:421-1587    -            389 98544at6656          -            326   1.3e-13   49.8   0.0   1   1   2.6e-13   1.9e-11   42.7   0.0   171   311   214   388   183   389 0.74 -
TCONS_00062298:1033-2421   -            463 98544at6656          -            326   1.7e-13   49.5   0.0   1   2     0.011      0.77    7.8   0.0   174   216   288   331   283   336 0.86 -
TCONS_00062298:1033-2421   -            463 98544at6656          -            326   1.7e-13   49.5   0.0   2   2     4e-12   2.9e-10   38.8   0.0   212   312   348   462   339   463 0.82 -
TCONS_00063979:2116-3504   -            463 98544at6656          -            326   1.7e-13   49.5   0.0   1   2     0.011      0.77    7.8   0.0   174   216   288   331   283   336 0.86 -
TCONS_00063979:2116-3504   -            463 98544at6656          -            326   1.7e-13   49.5   0.0   2   2     4e-12   2.9e-10   38.8   0.0   212   312   348   462   339   463 0.82 -
TCONS_00020088:615-1130    -            172 98544at6656          -            326   1.7e-13   49.4   0.0   1   2   0.00017     0.012   13.8   0.0   174   215    21    63    13    67 0.87 -
TCONS_00020088:615-1130    -            172 98544at6656          -            326   1.7e-13   49.4   0.0   2   2   1.4e-10   9.8e-09   33.8   0.0   208   292    74   171    69   172 0.82 -
TCONS_00006469:327-1559    -            411 98544at6656          -            326   1.7e-13   49.4   0.0   1   3         7     5e+02   -1.4   0.0    89   112   105   128    84   151 0.70 -
TCONS_00006469:327-1559    -            411 98544at6656          -            326   1.7e-13   49.4   0.0   2   3       1.1        79    1.2   0.1   172   214   231   274   215   278 0.79 -
TCONS_00006469:327-1559    -            411 98544at6656          -            326   1.7e-13   49.4   0.0   3   3   6.9e-14   4.9e-12   44.6   0.0   199   314   279   408   274   411 0.79 -
TCONS_00016585:11-1555     -            515 98544at6656          -            326   1.8e-13   49.3   0.0   1   1   7.3e-15   5.3e-13   47.8   0.0   214   314   368   484   362   487 0.86 -
TCONS_00030480:644-1819    -            392 98544at6656          -            326   1.9e-13   49.3   0.0   1   2    0.0021      0.15   10.1   0.0   175   216   197   239   168   245 0.81 -
TCONS_00030480:644-1819    -            392 98544at6656          -            326   1.9e-13   49.3   0.0   2   2   2.5e-11   1.8e-09   36.2   0.0   212   314   255   376   243   383 0.81 -
TCONS_00032857:1200-2375   -            392 98544at6656          -            326   1.9e-13   49.3   0.0   1   2    0.0021      0.15   10.1   0.0   175   216   197   239   168   245 0.81 -
TCONS_00032857:1200-2375   -            392 98544at6656          -            326   1.9e-13   49.3   0.0   2   2   2.5e-11   1.8e-09   36.2   0.0   212   314   255   376   243   383 0.81 -
TCONS_00029183:162-1460    -            433 98544at6656          -            326   2.2e-13   49.0   0.1   1   3       7.7   5.5e+02   -1.6   0.0     8    36    10    41     4    46 0.73 -
TCONS_00029183:162-1460    -            433 98544at6656          -            326   2.2e-13   49.0   0.1   2   3     0.026       1.9    6.6   0.0   179   215   254   291   231   295 0.83 -
TCONS_00029183:162-1460    -            433 98544at6656          -            326   2.2e-13   49.0   0.1   3   3   4.2e-12     3e-10   38.7   0.0   210   313   306   424   299   427 0.80 -
TCONS_00011559:294-1484    -            397 98544at6656          -            326   2.4e-13   48.9   0.0   1   3       6.7   4.8e+02   -1.4   0.0    89   112    94   117    73   140 0.70 -
TCONS_00011559:294-1484    -            397 98544at6656          -            326   2.4e-13   48.9   0.0   2   3       1.1        82    1.2   0.0   172   214   220   263   215   269 0.77 -
TCONS_00011559:294-1484    -            397 98544at6656          -            326   2.4e-13   48.9   0.0   3   3     1e-13   7.3e-12   44.1   0.0   199   313   268   396   263   397 0.79 -
TCONS_00020030:230-1489    -            420 98544at6656          -            326   1.2e-12   46.7   0.0   1   1   4.9e-14   3.5e-12   45.1   0.0   213   315   286   403   276   412 0.81 -
TCONS_00062298:3162-4544   -            461 98544at6656          -            326   1.4e-12   46.4   0.0   1   2    0.0092      0.66    8.1   0.0   174   216   264   307   231   321 0.85 -
TCONS_00062298:3162-4544   -            461 98544at6656          -            326   1.4e-12   46.4   0.0   2   2   3.6e-11   2.6e-09   35.7   0.0   212   311   324   437   314   441 0.83 -
TCONS_00015642:504-1910    -            469 98544at6656          -            326   1.8e-12   46.0   0.0   1   1   4.6e-13   3.3e-11   41.9   0.0   205   312   321   443   266   447 0.85 -
TCONS_00021942:355-1761    -            469 98544at6656          -            326   1.8e-12   46.0   0.0   1   1   4.6e-13   3.3e-11   41.9   0.0   205   312   321   443   266   447 0.85 -
TCONS_00035317:965-1528    -            188 98544at6656          -            326   2.2e-12   45.8   0.0   1   2    0.0055       0.4    8.8   0.0   175   215     9    50     2    58 0.82 -
TCONS_00035317:965-1528    -            188 98544at6656          -            326   2.2e-12   45.8   0.0   2   2   5.3e-11   3.8e-09   35.1   0.0   212   314    67   188    55   188 0.79 -
TCONS_00038394:4295-4858   -            188 98544at6656          -            326   2.2e-12   45.8   0.0   1   2    0.0055       0.4    8.8   0.0   175   215     9    50     2    58 0.82 -
TCONS_00038394:4295-4858   -            188 98544at6656          -            326   2.2e-12   45.8   0.0   2   2   5.3e-11   3.8e-09   35.1   0.0   212   314    67   188    55   188 0.79 -
TCONS_00038534:866-1429    -            188 98544at6656          -            326   2.2e-12   45.8   0.0   1   2    0.0055       0.4    8.8   0.0   175   215     9    50     2    58 0.82 -
TCONS_00038534:866-1429    -            188 98544at6656          -            326   2.2e-12   45.8   0.0   2   2   5.3e-11   3.8e-09   35.1   0.0   212   314    67   188    55   188 0.79 -
TCONS_00016444:448-1476    -            343 98544at6656          -            326   2.4e-12   45.7   0.0   1   1   6.1e-12   4.4e-10   38.2   0.0   166   306   167   341   158   343 0.67 -
TCONS_00018144:416-1444    -            343 98544at6656          -            326   2.5e-12   45.6   0.0   1   1   6.1e-12   4.4e-10   38.2   0.0   166   306   167   341   158   343 0.67 -
TCONS_00020303:1095-2731   -            501 98544at6656          -            326   2.6e-12   45.5   0.0   1   2       7.8   5.6e+02   -1.6   0.0    21    73    76   126    72   131 0.74 -
TCONS_00020303:1095-2731   -            501 98544at6656          -            326   2.6e-12   45.5   0.0   2   2   2.5e-13   1.8e-11   42.8   0.0   214   316   353   474   348   476 0.82 -
TCONS_00020302:194-1744    -            517 98544at6656          -            326   2.9e-12   45.4   0.0   1   2       8.1   5.8e+02   -1.6   0.0    21    73    76   126    72   131 0.74 -
TCONS_00020302:194-1744    -            517 98544at6656          -            326   2.9e-12   45.4   0.0   2   2   2.7e-13   1.9e-11   42.7   0.0   214   316   369   490   364   492 0.82 -
TCONS_00024082:129-728     -            200 98544at6656          -            326   3.7e-12   45.0   0.0   1   2         1        72    1.4   0.0   183   215     4    37     1    42 0.84 -
TCONS_00024082:129-728     -            200 98544at6656          -            326   3.7e-12   45.0   0.0   2   2   5.9e-13   4.2e-11   41.6   0.0   212   313    55   170    37   174 0.80 -
TCONS_00016445:415-1443    -            343 98544at6656          -            326   3.7e-12   45.0   0.0   1   1   7.2e-12   5.1e-10   38.0   0.0   166   306   167   341   157   343 0.67 -
TCONS_00020210:411-1448    -            346 98544at6656          -            326     5e-12   44.6   0.0   1   2   0.00037     0.026   12.6   0.0   171   215   170   215   165   221 0.88 -
TCONS_00020210:411-1448    -            346 98544at6656          -            326     5e-12   44.6   0.0   2   2   3.2e-09   2.3e-07   29.3   0.0   212   311   231   346   224   346 0.79 -
TCONS_00025729:3-1196      -            398 98544at6656          -            326     6e-12   44.3   0.4   1   2     0.039       2.8    6.0   0.1   176   215   206   246   197   250 0.78 -
TCONS_00025729:3-1196      -            398 98544at6656          -            326     6e-12   44.3   0.4   2   2     3e-11   2.2e-09   35.9   0.0   213   315   263   381   253   386 0.80 -
TCONS_00016446:401-1459    -            353 98544at6656          -            326   6.4e-12   44.2   0.0   1   1   1.3e-11   9.2e-10   37.1   0.0   166   311   172   351   163   353 0.70 -
TCONS_00017679:503-1585    -            361 98544at6656          -            326   1.1e-11   43.5   0.0   1   1   4.7e-12   3.3e-10   38.6   0.0   212   313   246   361   158   361 0.85 -
TCONS_00018695:411-1493    -            361 98544at6656          -            326   1.1e-11   43.5   0.0   1   1   4.7e-12   3.3e-10   38.6   0.0   212   313   246   361   158   361 0.85 -
TCONS_00037933:424-1452    -            343 98544at6656          -            326   1.2e-11   43.4   0.1   1   2       2.7   1.9e+02   -0.1   0.0    69    94    23    48    18    67 0.77 -
TCONS_00037933:424-1452    -            343 98544at6656          -            326   1.2e-11   43.4   0.1   2   2   2.3e-10   1.6e-08   33.1   0.0   171   312   166   342   148   343 0.66 -
TCONS_00039234:360-1388    -            343 98544at6656          -            326   1.2e-11   43.4   0.1   1   2       2.7   1.9e+02   -0.1   0.0    69    94    23    48    18    67 0.77 -
TCONS_00039234:360-1388    -            343 98544at6656          -            326   1.2e-11   43.4   0.1   2   2   2.3e-10   1.6e-08   33.1   0.0   171   312   166   342   148   343 0.66 -
TCONS_00022214:48-857      -            270 98544at6656          -            326   1.4e-11   43.1   0.3   1   2     0.022       1.6    6.8   0.1   176   215    99   139    89   143 0.78 -
TCONS_00022214:48-857      -            270 98544at6656          -            326   1.4e-11   43.1   0.3   2   2   1.5e-10   1.1e-08   33.7   0.0   213   311   156   270   146   270 0.80 -
TCONS_00025240:374-1546    -            391 98544at6656          -            326   2.1e-11   42.5   0.0   1   2      0.42        30    2.6   0.0   172   215   184   228   172   233 0.84 -
TCONS_00025240:374-1546    -            391 98544at6656          -            326   2.1e-11   42.5   0.0   2   2   1.2e-11   8.6e-10   37.2   0.0   212   313   246   361   228   366 0.80 -
TCONS_00063744:767-1885    -            373 98544at6656          -            326   2.7e-11   42.2   0.2   1   2      0.58        41    2.1   0.0   170   217   252   300   249   314 0.86 -
TCONS_00063744:767-1885    -            373 98544at6656          -            326   2.7e-11   42.2   0.2   2   2   1.5e-11   1.1e-09   36.9   0.0   212   257   315   360   306   369 0.90 -
TCONS_00032859:98-1621     -            508 98544at6656          -            326     4e-11   41.6   0.0   1   2     0.014         1    7.4   0.1   171   215   325   370   302   378 0.82 -
TCONS_00032859:98-1621     -            508 98544at6656          -            326     4e-11   41.6   0.0   2   2   5.1e-10   3.7e-08   31.9   0.0   212   314   387   508   375   508 0.79 -
TCONS_00062132:2695-3261   -            189 98544at6656          -            326   5.7e-11   41.1   0.1   1   2       2.1   1.5e+02    0.3   0.0   170   215    29    75    16    80 0.79 -
TCONS_00062132:2695-3261   -            189 98544at6656          -            326   5.7e-11   41.1   0.1   2   2   4.8e-12   3.4e-10   38.6   0.0   213   294    92   189    75   189 0.79 -
TCONS_00016447:418-1458    -            347 98544at6656          -            326   6.7e-11   40.9   0.0   1   2   0.00083      0.06   11.5   0.0   171   215   171   216   166   222 0.87 -
TCONS_00016447:418-1458    -            347 98544at6656          -            326   6.7e-11   40.9   0.0   2   2   1.5e-08   1.1e-06   27.0   0.0   214   311   234   347   226   347 0.73 -
TCONS_00062435:481-1236    -            252 98544at6656          -            326   6.9e-11   40.9   0.0   1   2   2.8e-06    0.0002   19.6   0.0   213   279    73   142     1   147 0.81 -
TCONS_00062435:481-1236    -            252 98544at6656          -            326   6.9e-11   40.9   0.0   2   2   7.2e-05    0.0051   15.0   0.0   281   314   193   226   189   234 0.92 -
TCONS_00040861:389-1537    -            383 98544at6656          -            326     8e-11   40.6   0.0   1   1   1.3e-10   9.4e-09   33.8   0.0   211   313   237   355   176   360 0.69 -
TCONS_00030864:2852-3934   -            361 98544at6656          -            326   8.8e-11   40.5   0.0   1   1   1.5e-09   1.1e-07   30.3   0.0   208   312   234   360   172   361 0.70 -
TCONS_00027146:993-1616    -            208 98544at6656          -            326   1.2e-10   40.1   0.1   1   2    0.0027      0.19    9.8   0.0   171   215    10    55     4    61 0.84 -
TCONS_00027146:993-1616    -            208 98544at6656          -            326   1.2e-10   40.1   0.1   2   2   1.6e-08   1.2e-06   27.0   0.1   214   316    72   196    66   199 0.78 -
TCONS_00040862:185-1510    -            442 98544at6656          -            326   1.7e-10   39.6   0.0   1   2       7.3   5.2e+02   -1.5   0.0    70    91   106   127   102   137 0.87 -
TCONS_00040862:185-1510    -            442 98544at6656          -            326   1.7e-10   39.6   0.0   2   2   3.8e-10   2.7e-08   32.3   0.0   211   314   312   431   251   435 0.79 -
TCONS_00024651:330-1421    -            364 98544at6656          -            326   1.7e-10   39.6   0.0   1   2    0.0017      0.12   10.5   0.0   171   215   188   233   183   239 0.86 -
TCONS_00024651:330-1421    -            364 98544at6656          -            326   1.7e-10   39.6   0.0   2   2   1.9e-08   1.4e-06   26.7   0.0   211   311   248   364   242   364 0.76 -
TCONS_00045019:167-1546    -            460 98544at6656          -            326   1.8e-10   39.5   0.0   1   2      0.04       2.9    5.9   0.0   178   215   292   330   284   335 0.80 -
TCONS_00045019:167-1546    -            460 98544at6656          -            326   1.8e-10   39.5   0.0   2   2   1.3e-09   9.5e-08   30.5   0.0   214   313   347   460   337   460 0.79 -
TCONS_00045020:249-1628    -            460 98544at6656          -            326   1.8e-10   39.5   0.0   1   2      0.04       2.9    5.9   0.0   178   215   292   330   284   335 0.80 -
TCONS_00045020:249-1628    -            460 98544at6656          -            326   1.8e-10   39.5   0.0   2   2   1.3e-09   9.5e-08   30.5   0.0   214   313   347   460   337   460 0.79 -
TCONS_00045021:418-1797    -            460 98544at6656          -            326   1.8e-10   39.5   0.0   1   2      0.04       2.9    5.9   0.0   178   215   292   330   284   335 0.80 -
TCONS_00045021:418-1797    -            460 98544at6656          -            326   1.8e-10   39.5   0.0   2   2   1.3e-09   9.5e-08   30.5   0.0   214   313   347   460   337   460 0.79 -
TCONS_00047653:120-1499    -            460 98544at6656          -            326   1.8e-10   39.5   0.0   1   2      0.04       2.9    5.9   0.0   178   215   292   330   284   335 0.80 -
TCONS_00047653:120-1499    -            460 98544at6656          -            326   1.8e-10   39.5   0.0   2   2   1.3e-09   9.5e-08   30.5   0.0   214   313   347   460   337   460 0.79 -
TCONS_00048795:58-1437     -            460 98544at6656          -            326   1.8e-10   39.5   0.0   1   2      0.04       2.9    5.9   0.0   178   215   292   330   284   335 0.80 -
TCONS_00048795:58-1437     -            460 98544at6656          -            326   1.8e-10   39.5   0.0   2   2   1.3e-09   9.5e-08   30.5   0.0   214   313   347   460   337   460 0.79 -
TCONS_00028397:339-1625    -            429 98544at6656          -            326   1.9e-10   39.4   0.3   1   2     0.044       3.2    5.8   0.1   176   215   237   277   186   281 0.82 -
TCONS_00028397:339-1625    -            429 98544at6656          -            326   1.9e-10   39.4   0.3   2   2   8.1e-10   5.8e-08   31.2   0.0   213   317   294   414   284   417 0.79 -
TCONS_00030479:540-1877    -            446 98544at6656          -            326     2e-10   39.3   0.0   1   1   1.7e-09   1.3e-07   30.1   0.0   168   313   263   446   233   446 0.75 -
TCONS_00000804:218-1480    -            421 98544at6656          -            326     2e-10   39.3   0.0   1   1   1.4e-10     1e-08   33.7   0.0   173   311   248   421   224   421 0.67 -
TCONS_00020209:404-1450    -            349 98544at6656          -            326     3e-10   38.8   0.0   1   2    0.0034      0.24    9.5   0.0   174   216   176   219   170   225 0.83 -
TCONS_00020209:404-1450    -            349 98544at6656          -            326     3e-10   38.8   0.0   2   2   1.5e-08   1.1e-06   27.1   0.0   211   311   233   349   221   349 0.75 -
TCONS_00024604:961-2019    -            353 98544at6656          -            326   3.2e-10   38.7   0.0   1   2     0.049       3.5    5.7   0.0   184   215   213   245   173   248 0.82 -
TCONS_00024604:961-2019    -            353 98544at6656          -            326   3.2e-10   38.7   0.0   2   2   1.1e-09   8.1e-08   30.8   0.0   208   292   256   353   251   353 0.81 -
TCONS_00061386:1191-2606   -            472 98544at6656          -            326   6.3e-10   37.7   0.5   1   2     9e-06   0.00065   17.9   0.0   213   278   317   385   241   391 0.80 -
TCONS_00061386:1191-2606   -            472 98544at6656          -            326   6.3e-10   37.7   0.5   2   2   0.00022     0.016   13.4   0.0   281   314   437   470   433   472 0.93 -
TCONS_00030481:558-1724    -            389 98544at6656          -            326   1.7e-09   36.3   0.1   1   1   7.4e-08   5.3e-06   24.8   0.1   169   314   192   378   161   382 0.67 -
TCONS_00014927:177-1571    -            465 98544at6656          -            326   1.9e-09   36.1   1.9   1   2    0.0024      0.17   10.0   0.1   111   215   200   306   189   312 0.70 -
TCONS_00014927:177-1571    -            465 98544at6656          -            326   1.9e-09   36.1   1.9   2   2   9.6e-08   6.9e-06   24.4   0.0   214   316   323   447   315   450 0.78 -
TCONS_00030478:490-1674    -            395 98544at6656          -            326   2.1e-09   36.0   0.0   1   2    0.0046      0.33    9.0   0.0   180   216   215   252   205   264 0.81 -
TCONS_00030478:490-1674    -            395 98544at6656          -            326   2.1e-09   36.0   0.0   2   2   8.5e-08   6.1e-06   24.6   0.0   213   313   270   389   258   393 0.79 -
TCONS_00018145:463-1587    -            375 98544at6656          -            326   2.6e-09   35.7   0.1   1   3       5.2   3.8e+02   -1.0   0.0    51   110     9    70     5    76 0.74 -
TCONS_00018145:463-1587    -            375 98544at6656          -            326   2.6e-09   35.7   0.1   2   3    0.0043      0.31    9.1   0.0   172   215   175   219   170   224 0.87 -
TCONS_00018145:463-1587    -            375 98544at6656          -            326   2.6e-09   35.7   0.1   3   3   3.9e-07   2.8e-05   22.4   0.0   215   313   238   352   230   357 0.70 -
TCONS_00045196:468-1487    -            340 98544at6656          -            326   6.3e-09   34.4   0.0   1   2    0.0027      0.19    9.8   0.0   171   215   182   227   165   235 0.86 -
TCONS_00045196:468-1487    -            340 98544at6656          -            326   6.3e-09   34.4   0.0   2   2   7.4e-07   5.3e-05   21.5   0.0   212   294   243   340   234   340 0.77 -
TCONS_00028674:7-1302      -            432 98544at6656          -            326   7.3e-09   34.2   0.0   1   1   2.8e-10     2e-08   32.7   0.0   216   317   301   417   289   420 0.80 -
TCONS_00029884:140-1489    -            450 98544at6656          -            326   8.3e-09   34.0   1.2   1   2      0.25        18    3.3   0.1   174   216   259   302   225   305 0.79 -
TCONS_00029884:140-1489    -            450 98544at6656          -            326   8.3e-09   34.0   1.2   2   2   9.4e-09   6.8e-07   27.7   0.0   264   314   389   444   313   447 0.59 -
TCONS_00042205:426-1445    -            340 98544at6656          -            326   9.7e-09   33.8   0.0   1   1   6.4e-08   4.6e-06   25.0   0.0   174   294   185   340   178   340 0.68 -
TCONS_00051083:21-1403     -            461 98544at6656          -            326   9.9e-09   33.8   0.3   1   2     0.013      0.94    7.5   0.1   149   215   262   330   244   334 0.74 -
TCONS_00051083:21-1403     -            461 98544at6656          -            326   9.9e-09   33.8   0.3   2   2   1.1e-07   7.7e-06   24.3   0.0   215   312   348   460   342   461 0.76 -
TCONS_00047416:179-1237    -            353 98544at6656          -            326   1.4e-08   33.3   0.1   1   2     0.031       2.2    6.3   0.1   171   215   246   291   215   301 0.80 -
TCONS_00047416:179-1237    -            353 98544at6656          -            326   1.4e-08   33.3   0.1   2   2   1.7e-07   1.2e-05   23.6   0.0   209   256   306   353   294   353 0.93 -
TCONS_00003444:411-1904    -            498 98544at6656          -            326   1.9e-08   32.8   0.8   1   1   7.7e-08   5.6e-06   24.7   0.8   143   313   256   464   243   467 0.71 -
TCONS_00040860:595-1707    -            371 98544at6656          -            326   2.5e-08   32.4   0.0   1   2      0.58        42    2.1   0.0   173   214   177   218   174   226 0.82 -
TCONS_00040860:595-1707    -            371 98544at6656          -            326   2.5e-08   32.4   0.0   2   2     1e-08   7.2e-07   27.6   0.0   213   313   236   352   230   358 0.76 -
TCONS_00028879:172-1368    -            399 98544at6656          -            326   3.7e-08   31.9   0.0   1   2     0.026       1.9    6.5   0.0   174   215   270   312   241   317 0.86 -
TCONS_00028879:172-1368    -            399 98544at6656          -            326   3.7e-08   31.9   0.0   2   2   3.8e-07   2.8e-05   22.4   0.0   212   276   330   398   312   399 0.80 -
TCONS_00042593:377-1672    -            432 98544at6656          -            326   4.3e-08   31.7   0.0   1   1   6.1e-09   4.4e-07   28.3   0.0   212   308   317   429   190   432 0.83 -
TCONS_00000817:1226-2341   -            372 98544at6656          -            326   4.7e-08   31.5   0.0   1   1   7.6e-09   5.4e-07   28.0   0.0   212   313   232   349   169   356 0.83 -
TCONS_00011559:1997-3481   -            495 98544at6656          -            326   4.8e-08   31.5   0.1   1   3       4.7   3.3e+02   -0.8   0.0    85   113   150   178   147   182 0.88 -
TCONS_00011559:1997-3481   -            495 98544at6656          -            326   4.8e-08   31.5   0.1   2   3      0.37        27    2.8   0.0   183   217   297   332   283   336 0.81 -
TCONS_00011559:1997-3481   -            495 98544at6656          -            326   4.8e-08   31.5   0.1   3   3   8.1e-08   5.8e-06   24.7   0.0   214   313   351   465   344   470 0.75 -
TCONS_00046925:524-1543    -            340 98544at6656          -            326   6.2e-08   31.1   0.0   1   3       3.3   2.4e+02   -0.4   0.0    90   147    57   115    24   161 0.64 -
TCONS_00046925:524-1543    -            340 98544at6656          -            326   6.2e-08   31.1   0.0   2   3       2.6   1.9e+02   -0.0   0.0   177   210   177   209   154   220 0.74 -
TCONS_00046925:524-1543    -            340 98544at6656          -            326   6.2e-08   31.1   0.0   3   3   1.7e-08   1.2e-06   26.9   0.0   213   305   231   340   223   340 0.74 -
TCONS_00043584:388-1545    -            386 98544at6656          -            326   6.4e-08   31.1   0.0   1   1   6.3e-08   4.5e-06   25.0   0.0   213   314   241   357   176   361 0.69 -
TCONS_00007426:2015-3415   -            467 98544at6656          -            326   6.5e-08   31.1   0.7   1   2     0.013      0.96    7.5   0.1   149   215   268   336   250   340 0.74 -
TCONS_00007426:2015-3415   -            467 98544at6656          -            326   6.5e-08   31.1   0.7   2   2   5.9e-07   4.3e-05   21.8   0.1   215   312   354   466   348   467 0.76 -
TCONS_00050126:624-1952    -            443 98544at6656          -            326   9.9e-08   30.5   0.0   1   1   4.4e-08   3.2e-06   25.5   0.0   212   316   298   418   233   426 0.76 -
TCONS_00046558:395-1510    -            372 98544at6656          -            326   1.2e-07   30.2   0.0   1   1     2e-08   1.5e-06   26.6   0.0   212   313   232   349   151   356 0.84 -
TCONS_00043538:131-421     -             97 98544at6656          -            326   1.5e-07   29.9   4.0   1   1   5.3e-06   0.00038   18.7   4.0   213   294    20    97    11    97 0.76 -
TCONS_00017830:938-1651    -            238 98544at6656          -            326   1.5e-07   29.9   0.5   1   2      0.47        33    2.4   0.0   180   216    50    87    13    92 0.78 -
TCONS_00017830:938-1651    -            238 98544at6656          -            326   1.5e-07   29.9   0.5   2   2   1.2e-07   8.7e-06   24.1   0.2   214   317   104   229    89   234 0.71 -
TCONS_00039629:1804-2722   -            282 98544at6656          -            326   2.8e-07   29.0   0.0   1   2       1.8   1.3e+02    0.5   0.0   176   210    80   113    54   126 0.74 -
TCONS_00039629:1804-2722   -            282 98544at6656          -            326   2.8e-07   29.0   0.0   2   2     4e-08   2.9e-06   25.7   0.0   213   315   135   253   128   257 0.75 -
TCONS_00005886:10371-11807 -            479 98544at6656          -            326   3.3e-07   28.7   0.1   1   2       1.2        83    1.2   0.0    53    87   109   143    96   161 0.87 -
TCONS_00005886:10371-11807 -            479 98544at6656          -            326   3.3e-07   28.7   0.1   2   2   3.2e-06   0.00023   19.4   0.1   210   316   322   450   260   455 0.75 -
TCONS_00007777:10336-11772 -            479 98544at6656          -            326   3.3e-07   28.7   0.1   1   2       1.2        83    1.2   0.0    53    87   109   143    96   161 0.87 -
TCONS_00007777:10336-11772 -            479 98544at6656          -            326   3.3e-07   28.7   0.1   2   2   3.2e-06   0.00023   19.4   0.1   210   316   322   450   260   455 0.75 -
TCONS_00011390:10394-11830 -            479 98544at6656          -            326   3.3e-07   28.7   0.1   1   2       1.2        83    1.2   0.0    53    87   109   143    96   161 0.87 -
TCONS_00011390:10394-11830 -            479 98544at6656          -            326   3.3e-07   28.7   0.1   2   2   3.2e-06   0.00023   19.4   0.1   210   316   322   450   260   455 0.75 -
TCONS_00013597:10236-11672 -            479 98544at6656          -            326   3.3e-07   28.7   0.1   1   2       1.2        83    1.2   0.0    53    87   109   143    96   161 0.87 -
TCONS_00013597:10236-11672 -            479 98544at6656          -            326   3.3e-07   28.7   0.1   2   2   3.2e-06   0.00023   19.4   0.1   210   316   322   450   260   455 0.75 -
TCONS_00040863:229-1221    -            331 98544at6656          -            326   4.2e-07   28.4   0.0   1   1   4.5e-07   3.2e-05   22.2   0.0   213   293   236   331   171   331 0.66 -
TCONS_00042594:414-1478    -            355 98544at6656          -            326   5.8e-07   27.9   0.0   1   2      0.35        25    2.9   0.0   173   209   181   217   176   227 0.84 -
TCONS_00042594:414-1478    -            355 98544at6656          -            326   5.8e-07   27.9   0.0   2   2     3e-07   2.2e-05   22.8   0.0   212   299   240   343   224   355 0.76 -
TCONS_00059903:729-1997    -            423 98544at6656          -            326   3.1e-06   25.5   0.0   1   1   1.2e-07   8.3e-06   24.1   0.0   213   276   332   406   263   423 0.74 -
TCONS_00015024:226-1545    -            440 98544at6656          -            326   3.4e-06   25.4   0.1   1   2     0.048       3.4    5.7   0.0   178   216   260   299   250   302 0.84 -
TCONS_00015024:226-1545    -            440 98544at6656          -            326   3.4e-06   25.4   0.1   2   2   3.6e-05    0.0026   16.0   0.1   215   313   320   440   315   440 0.69 -
TCONS_00019229:271-1590    -            440 98544at6656          -            326   3.4e-06   25.4   0.1   1   2     0.048       3.4    5.7   0.0   178   216   260   299   250   302 0.84 -
TCONS_00019229:271-1590    -            440 98544at6656          -            326   3.4e-06   25.4   0.1   2   2   3.6e-05    0.0026   16.0   0.1   215   313   320   440   315   440 0.69 -
TCONS_00060780:239-1654    -            472 98544at6656          -            326     4e-05   21.9   0.0   1   2      0.23        17    3.4   0.0   175   229   288   343   280   354 0.80 -
TCONS_00060780:239-1654    -            472 98544at6656          -            326     4e-05   21.9   0.0   2   2   3.2e-05    0.0023   16.1   0.1   212   314   347   469   335   471 0.68 -
TCONS_00062582:492-1907    -            472 98544at6656          -            326     4e-05   21.9   0.0   1   2      0.23        17    3.4   0.0   175   229   288   343   280   354 0.80 -
TCONS_00062582:492-1907    -            472 98544at6656          -            326     4e-05   21.9   0.0   2   2   3.2e-05    0.0023   16.1   0.1   212   314   347   469   335   471 0.68 -
TCONS_00050126:2451-3692   -            414 98544at6656          -            326   5.2e-05   21.5   0.0   1   1   1.5e-05    0.0011   17.2   0.0   212   292   318   414   253   414 0.77 -
TCONS_00008874:385-1641    -            419 98544at6656          -            326     6e-05   21.3   0.5   1   2      0.92        66    1.5   0.0    53    87    99   133    85   153 0.87 -
TCONS_00008874:385-1641    -            419 98544at6656          -            326     6e-05   21.3   0.5   2   2   0.00057     0.041   12.0   0.3   210   294   312   418   250   419 0.68 -
TCONS_00026441:317-1243    -            309 98544at6656          -            326   0.00036   18.8   0.3   1   2    0.0075      0.54    8.3   0.0   179   215   222   259   201   263 0.83 -
TCONS_00026441:317-1243    -            309 98544at6656          -            326   0.00036   18.8   0.3   2   2    0.0099      0.71    7.9   0.0   210   244   274   308   267   309 0.87 -
#
# Program:         hmmsearch
# Version:         3.1b2 (February 2015)
# Pipeline mode:   SEARCH
# Query file:      /hpcdata/bcbb/homc/Barillaslab/Agam_hemo_transcriptomes/scripts/busco/busco_downloads/lineages/arthropoda_odb10/hmms/98544at6656.hmm
# Target file:     /hpcdata/bcbb/homc/Barillaslab/Agam_hemo_transcriptomes/scripts/busco/refguided_Agamhemo_BUSCO/run_arthropoda_odb10/metaeuk_output/initial_results/all_transcripts.comprehensive.v6.gffread.fa.modified.fas
# Option settings: hmmsearch --domtblout /hpcdata/bcbb/homc/Barillaslab/Agam_hemo_transcriptomes/scripts/busco/refguided_Agamhemo_BUSCO/run_arthropoda_odb10/hmmer_output/initial_run_results/98544at6656.out --cpu 1 /hpcdata/bcbb/homc/Barillaslab/Agam_hemo_transcriptomes/scripts/busco/busco_downloads/lineages/arthropoda_odb10/hmms/98544at6656.hmm /hpcdata/bcbb/homc/Barillaslab/Agam_hemo_transcriptomes/scripts/busco/refguided_Agamhemo_BUSCO/run_arthropoda_odb10/metaeuk_output/initial_results/all_transcripts.comprehensive.v6.gffread.fa.modified.fas 
# Current dir:     /hpcdata/bcbb/homc/Barillaslab/Agam_hemo_transcriptomes/scripts/busco
# Date:            Thu Feb  9 16:56:15 2023
# [ok]
