#                                                                                                                  --- full sequence --- -------------- this domain -------------   hmm coord   ali coord   env coord
# target name                                              accession   tlen query name           accession   qlen   E-value  score  bias   #  of  c-Evalue  i-Evalue  score  bias  from    to  from    to  from    to  acc description of target
#                                      ------------------- ---------- ----- -------------------- ---------- ----- --------- ------ ----- --- --- --------- --------- ------ ----- ----- ----- ----- ----- ----- ----- ---- ---------------------
de_novo.Agm54242U_210909_035710_13762632_ccs.1:420-1340    -            307 31119at6656          -            490   1.6e-45  152.1  13.0   1   3     5e-17   3.4e-16   55.4   0.7   277   367     3    95     1    98 0.94 -
de_novo.Agm54242U_210909_035710_13762632_ccs.1:420-1340    -            307 31119at6656          -            490   1.6e-45  152.1  13.0   2   3   5.8e-19     4e-18   61.8   1.7   272   371    83   183    81   202 0.89 -
de_novo.Agm54242U_210909_035710_13762632_ccs.1:420-1340    -            307 31119at6656          -            490   1.6e-45  152.1  13.0   3   3   7.9e-16   5.4e-15   51.4   0.5   255   349   210   307   204   307 0.53 -
de_novo.Agseq_128726.1:60-2207                             -            716 31119at6656          -            490   1.9e-45  151.8   3.4   1   3   3.1e-14   2.1e-13   46.2   0.6   247   391     4   154     1   170 0.86 -
de_novo.Agseq_128726.1:60-2207                             -            716 31119at6656          -            490   1.9e-45  151.8   3.4   2   3   6.5e-09   4.5e-08   28.6   0.0   277   390   317   433   286   438 0.84 -
de_novo.Agseq_128726.1:60-2207                             -            716 31119at6656          -            490   1.9e-45  151.8   3.4   3   3   5.8e-23     4e-22   75.0   0.0   237   394   456   618   434   639 0.86 -
de_novo.AGAP005359-RA.1:3921-4796                          -            292 31119at6656          -            490   7.2e-45  150.0  13.6   1   3   2.2e-15   1.5e-14   50.0   3.2   276   383     7   112     4   112 0.63 -
de_novo.AGAP005359-RA.1:3921-4796                          -            292 31119at6656          -            490   7.2e-45  150.0  13.6   2   3   2.6e-23   1.8e-22   76.1   0.5   273   410    85   219    84   224 0.93 -
de_novo.AGAP005359-RA.1:3921-4796                          -            292 31119at6656          -            490   7.2e-45  150.0  13.6   3   3   2.3e-12   1.6e-11   40.0   0.5   294   357   224   289   220   292 0.84 -
de_novo.Agm54242U_210819_213017_99420781_ccs.1:2223-3098   -            292 31119at6656          -            490   7.2e-45  150.0  13.6   1   3   2.2e-15   1.5e-14   50.0   3.2   276   383     7   112     4   112 0.63 -
de_novo.Agm54242U_210819_213017_99420781_ccs.1:2223-3098   -            292 31119at6656          -            490   7.2e-45  150.0  13.6   2   3   2.6e-23   1.8e-22   76.1   0.5   273   410    85   219    84   224 0.93 -
de_novo.Agm54242U_210819_213017_99420781_ccs.1:2223-3098   -            292 31119at6656          -            490   7.2e-45  150.0  13.6   3   3   2.3e-12   1.6e-11   40.0   0.5   294   357   224   289   220   292 0.84 -
de_novo.Agm54242U_210909_035710_156436707_ccs.1:633-1457   -            275 31119at6656          -            490   1.2e-42  142.6  11.2   1   2   6.1e-16   4.2e-15   51.8   3.6   293   393     8   107     1   114 0.88 -
de_novo.Agm54242U_210909_035710_156436707_ccs.1:633-1457   -            275 31119at6656          -            490   1.2e-42  142.6  11.2   2   2   2.6e-29   1.8e-28   95.9   0.9   239   389   119   275   113   275 0.87 -
de_novo.Agm54242Ue_220404_200923_31654498_ccs.1:177-918    -            242 31119at6656          -            490   3.1e-42  141.3   9.4   1   2   9.3e-29   6.4e-28   94.1   2.6   244   361     2   122     1   127 0.93 -
de_novo.Agm54242Ue_220404_200923_31654498_ccs.1:177-918    -            242 31119at6656          -            490   3.1e-42  141.3   9.4   2   2   1.9e-15   1.3e-14   50.2   0.5   284   378   129   228   126   242 0.74 -
de_novo.Agseq_125435.1:195-1007                            -            271 31119at6656          -            490   5.4e-40  133.9   5.0   1   2   5.4e-13   3.7e-12   42.1   0.3   255   365     1   118     1   120 0.89 -
de_novo.Agseq_125435.1:195-1007                            -            271 31119at6656          -            490   5.4e-40  133.9   5.0   2   2   9.1e-29   6.2e-28   94.1   0.5   246   386   123   268   116   271 0.93 -
de_novo.Agm54242U_210819_213017_61606364_ccs.1:349-1242    -            298 31119at6656          -            490   6.2e-37  123.8   4.3   1   3     4e-22   2.7e-21   72.2   0.8   239   389    10   165     1   166 0.87 -
de_novo.Agm54242U_210819_213017_61606364_ccs.1:349-1242    -            298 31119at6656          -            490   6.2e-37  123.8   4.3   2   3   1.6e-18   1.1e-17   60.3   0.1   249   393   104   251    99   264 0.90 -
de_novo.Agm54242U_210819_213017_61606364_ccs.1:349-1242    -            298 31119at6656          -            490   6.2e-37  123.8   4.3   3   3      0.17       1.1    4.2   0.0   282   308   271   297   260   298 0.67 -
de_novo.Agseq_149334.1:418-1311                            -            298 31119at6656          -            490   6.2e-37  123.8   4.3   1   3     4e-22   2.7e-21   72.2   0.8   239   389    10   165     1   166 0.87 -
de_novo.Agseq_149334.1:418-1311                            -            298 31119at6656          -            490   6.2e-37  123.8   4.3   2   3   1.6e-18   1.1e-17   60.3   0.1   249   393   104   251    99   264 0.90 -
de_novo.Agseq_149334.1:418-1311                            -            298 31119at6656          -            490   6.2e-37  123.8   4.3   3   3      0.17       1.1    4.2   0.0   282   308   271   297   260   298 0.67 -
de_novo.Agm54242Ue_220404_200923_164299516_ccs.1:159-806   -            216 31119at6656          -            490   6.4e-36  120.5   7.7   1   2   8.6e-22   5.9e-21   71.1   0.8   239   324     3    90     1   100 0.91 -
de_novo.Agm54242Ue_220404_200923_164299516_ccs.1:159-806   -            216 31119at6656          -            490   6.4e-36  120.5   7.7   2   2   9.7e-16   6.7e-15   51.1   0.8   284   381   101   203    97   216 0.64 -
de_novo.AGAP009506-RA.1:150-1013                           -            288 31119at6656          -            490   6.2e-35  117.2   0.5   1   3   3.2e-17   2.2e-16   56.0   0.1   240   389     7   162     2   162 0.83 -
de_novo.AGAP009506-RA.1:150-1013                           -            288 31119at6656          -            490   6.2e-35  117.2   0.5   2   3   2.8e-12   1.9e-11   39.7   0.1   294   373   107   186    89   189 0.88 -
de_novo.AGAP009506-RA.1:150-1013                           -            288 31119at6656          -            490   6.2e-35  117.2   0.5   3   3   4.9e-10   3.3e-09   32.3   0.0   273   373   169   278   165   288 0.85 -
de_novo.AGAP010251-RA.1:147-962                            -            272 31119at6656          -            490   1.4e-34  116.0   2.0   1   2   6.6e-15   4.5e-14   48.4   0.7   219   313    16   119     1   123 0.86 -
de_novo.AGAP010251-RA.1:147-962                            -            272 31119at6656          -            490   1.4e-34  116.0   2.0   2   2   1.7e-19   1.2e-18   63.5   0.0   273   390   151   272   146   272 0.90 -
de_novo.Agseq_128624.1:145-960                             -            272 31119at6656          -            490   1.4e-34  116.0   2.0   1   2   6.6e-15   4.5e-14   48.4   0.7   219   313    16   119     1   123 0.86 -
de_novo.Agseq_128624.1:145-960                             -            272 31119at6656          -            490   1.4e-34  116.0   2.0   2   2   1.7e-19   1.2e-18   63.5   0.0   273   390   151   272   146   272 0.90 -
de_novo.AGAP007739-RA.1:441-1478                           -            346 31119at6656          -            490   7.7e-34  113.6  11.8   1   4   0.00018    0.0012   14.0   0.0   274   312     5    43     2    46 0.92 -
de_novo.AGAP007739-RA.1:441-1478                           -            346 31119at6656          -            490   7.7e-34  113.6  11.8   2   4   1.1e-13   7.4e-13   44.4   0.6   236   370    62   197    58   199 0.91 -
de_novo.AGAP007739-RA.1:441-1478                           -            346 31119at6656          -            490   7.7e-34  113.6  11.8   3   4   1.3e-09   8.7e-09   31.0   2.3   295   370   163   239   160   247 0.56 -
de_novo.AGAP007739-RA.1:441-1478                           -            346 31119at6656          -            490   7.7e-34  113.6  11.8   4   4   6.3e-12   4.3e-11   38.6   0.1   251   343   251   346   246   346 0.87 -
de_novo.Agseq_132797.1:519-1556                            -            346 31119at6656          -            490   7.7e-34  113.6  11.8   1   4   0.00018    0.0012   14.0   0.0   274   312     5    43     2    46 0.92 -
de_novo.Agseq_132797.1:519-1556                            -            346 31119at6656          -            490   7.7e-34  113.6  11.8   2   4   1.1e-13   7.4e-13   44.4   0.6   236   370    62   197    58   199 0.91 -
de_novo.Agseq_132797.1:519-1556                            -            346 31119at6656          -            490   7.7e-34  113.6  11.8   3   4   1.3e-09   8.7e-09   31.0   2.3   295   370   163   239   160   247 0.56 -
de_novo.Agseq_132797.1:519-1556                            -            346 31119at6656          -            490   7.7e-34  113.6  11.8   4   4   6.3e-12   4.3e-11   38.6   0.1   251   343   251   346   246   346 0.87 -
de_novo.AGAP001414-RA.1:645-1523                           -            293 31119at6656          -            490   7.4e-33  110.4   0.5   1   3    0.0052     0.036    9.2   0.0   284   318     2    36     1    42 0.82 -
de_novo.AGAP001414-RA.1:645-1523                           -            293 31119at6656          -            490   7.4e-33  110.4   0.5   2   3   2.6e-27   1.8e-26   89.3   0.6   237   362    45   174    32   206 0.88 -
de_novo.AGAP001414-RA.1:645-1523                           -            293 31119at6656          -            490   7.4e-33  110.4   0.5   3   3    0.0045     0.031    9.4   0.0   269   350   208   293   174   293 0.71 -
de_novo.Agseq_100236.1:129-929                             -            267 31119at6656          -            490   1.1e-32  109.8   4.7   1   3   3.9e-08   2.6e-07   26.1   0.1   265   355     3   104     1   108 0.87 -
de_novo.Agseq_100236.1:129-929                             -            267 31119at6656          -            490   1.1e-32  109.8   4.7   2   3   7.4e-16   5.1e-15   51.5   0.0   244   368    74   201    71   209 0.91 -
de_novo.Agseq_100236.1:129-929                             -            267 31119at6656          -            490   1.1e-32  109.8   4.7   3   3   2.5e-14   1.7e-13   46.5   0.7   220   308   170   267   170   267 0.88 -
de_novo.Agm54242Ue_220404_200923_28050811_ccs.1:1056-1682  -            209 31119at6656          -            490   4.2e-32  107.9   2.1   1   2   1.4e-14   9.6e-14   47.3   0.6   244   326     6    90     1    96 0.78 -
de_novo.Agm54242Ue_220404_200923_28050811_ccs.1:1056-1682  -            209 31119at6656          -            490   4.2e-32  107.9   2.1   2   2   5.6e-19   3.8e-18   61.8   0.1   240   352    86   201    84   204 0.88 -
de_novo.Agseq_64433.1:1176-1802                            -            209 31119at6656          -            490   4.2e-32  107.9   2.1   1   2   1.4e-14   9.6e-14   47.3   0.6   244   326     6    90     1    96 0.78 -
de_novo.Agseq_64433.1:1176-1802                            -            209 31119at6656          -            490   4.2e-32  107.9   2.1   2   2   5.6e-19   3.8e-18   61.8   0.1   240   352    86   201    84   204 0.88 -
de_novo.Agm54242U_210819_213017_89785227_ccs.1:842-1714    -            291 31119at6656          -            490   1.6e-29   99.3   4.9   1   2   3.2e-24   2.2e-23   79.1   2.0   239   395     2   162     1   164 0.90 -
de_novo.Agm54242U_210819_213017_89785227_ccs.1:842-1714    -            291 31119at6656          -            490   1.6e-29   99.3   4.9   2   2   5.1e-08   3.5e-07   25.7   0.5   219   349   143   288   132   291 0.71 -
de_novo.Agseq_184941.1:16-546                              -            177 31119at6656          -            490   5.6e-29   97.5   0.8   1   2     2e-15   1.4e-14   50.1   0.5   236   326     2    94     1   100 0.75 -
de_novo.Agseq_184941.1:16-546                              -            177 31119at6656          -            490   5.6e-29   97.5   0.8   2   2   1.4e-14   9.7e-14   47.3   0.0   240   323    90   175    88   177 0.93 -
de_novo.Agseq_134205.1:129-821                             -            231 31119at6656          -            490   1.7e-28   96.0  10.7   1   2     1e-11   6.9e-11   37.9   1.4   298   394     3   106     1   114 0.87 -
de_novo.Agseq_134205.1:129-821                             -            231 31119at6656          -            490   1.7e-28   96.0  10.7   2   2   2.6e-19   1.8e-18   62.9   2.6   271   383   115   230   107   231 0.91 -
de_novo.Agm54242U_210909_035710_121176390_ccs.1:192-1971   -            265 31119at6656          -            490   1.9e-28   95.8   1.5   1   2   3.1e-13   2.1e-12   42.9   0.6   242   375     2   139     1   145 0.88 -
de_novo.Agm54242U_210909_035710_121176390_ccs.1:192-1971   -            265 31119at6656          -            490   1.9e-28   95.8   1.5   2   2   9.3e-16   6.3e-15   51.2   0.0   276   386   149   262   142   265 0.91 -
de_novo.Agm54242U_210909_035710_27460192_ccs.1:75-833      -            253 31119at6656          -            490   7.2e-28   93.9   0.5   1   4     2e-06   1.4e-05   20.4   0.0   304   367     7    71     2    80 0.86 -
de_novo.Agm54242U_210909_035710_27460192_ccs.1:75-833      -            253 31119at6656          -            490   7.2e-28   93.9   0.5   2   4   2.4e-11   1.6e-10   36.7   1.0   254   313    81   143    67   147 0.85 -
de_novo.Agm54242U_210909_035710_27460192_ccs.1:75-833      -            253 31119at6656          -            490   7.2e-28   93.9   0.5   3   4   1.2e-06   8.2e-06   21.2   0.0   273   314   175   216   170   219 0.92 -
de_novo.Agm54242U_210909_035710_27460192_ccs.1:75-833      -            253 31119at6656          -            490   7.2e-28   93.9   0.5   4   4   0.00055    0.0038   12.4   0.0   230   266   216   252   213   253 0.92 -
de_novo.AGAP008620-RA.1:36-785                             -            250 31119at6656          -            490   1.2e-27   93.1   6.1   1   2   1.7e-15   1.2e-14   50.3   1.0   240   392     4   170     1   173 0.83 -
de_novo.AGAP008620-RA.1:36-785                             -            250 31119at6656          -            490   1.2e-27   93.1   6.1   2   2   3.2e-16   2.2e-15   52.7   0.4   240   389    97   250    93   250 0.87 -
de_novo.Agseq_91491.1:165-1067                             -            301 31119at6656          -            490   3.6e-27   91.6   7.3   1   3   5.3e-13   3.7e-12   42.1   0.2   277   376     3   104     1   119 0.86 -
de_novo.Agseq_91491.1:165-1067                             -            301 31119at6656          -            490   3.6e-27   91.6   7.3   2   3   3.3e-05   0.00022   16.4   0.2   243   312    52   122    50   154 0.89 -
de_novo.Agseq_91491.1:165-1067                             -            301 31119at6656          -            490   3.6e-27   91.6   7.3   3   3     1e-15     7e-15   51.1   1.8   216   352   162   299   152   301 0.83 -
de_novo.Agseq_59512.1:1188-2279                            -            364 31119at6656          -            490   7.2e-27   90.6   2.4   1   3   3.4e-12   2.3e-11   39.4   0.0   268   372    38   162    27   163 0.78 -
de_novo.Agseq_59512.1:1188-2279                            -            364 31119at6656          -            490   7.2e-27   90.6   2.4   2   3   1.4e-05   9.5e-05   17.6   0.3   275   310   148   183   141   243 0.70 -
de_novo.Agseq_59512.1:1188-2279                            -            364 31119at6656          -            490   7.2e-27   90.6   2.4   3   3   5.1e-11   3.5e-10   35.6   0.3   242   349   250   364   235   364 0.92 -
de_novo.Agm54242Ue_220404_200923_173867982_ccs.1:381-1229  -            283 31119at6656          -            490   1.8e-26   89.2   3.8   1   2   3.2e-15   2.2e-14   49.4   0.0   279   361     1    86     1    91 0.88 -
de_novo.Agm54242Ue_220404_200923_173867982_ccs.1:381-1229  -            283 31119at6656          -            490   1.8e-26   89.2   3.8   2   2   2.6e-12   1.8e-11   39.9   2.0   192   349   104   283    91   283 0.76 -
de_novo.Agm54242Ue_220404_200923_13961777_ccs.1:757-1371   -            205 31119at6656          -            490   3.2e-26   88.5   0.3   1   2   2.7e-16   1.9e-15   52.9   0.0   244   368    11   138     3   146 0.91 -
de_novo.Agm54242Ue_220404_200923_13961777_ccs.1:757-1371   -            205 31119at6656          -            490   3.2e-26   88.5   0.3   2   2   1.1e-11   7.2e-11   37.8   0.2   236   309   129   205   126   205 0.90 -
de_novo.AGAP002030-RA.1:399-1598                           -            400 31119at6656          -            490   3.6e-26   88.3   2.0   1   4   1.2e-05   8.4e-05   17.8   0.0   273   323    42    92    34    93 0.88 -
de_novo.AGAP002030-RA.1:399-1598                           -            400 31119at6656          -            490   3.6e-26   88.3   2.0   2   4   1.8e-08   1.2e-07   27.1   0.0   242   319    93   176    91   182 0.83 -
de_novo.AGAP002030-RA.1:399-1598                           -            400 31119at6656          -            490   3.6e-26   88.3   2.0   3   4   3.1e-05   0.00021   16.5   0.0   274   355   184   268   168   276 0.80 -
de_novo.AGAP002030-RA.1:399-1598                           -            400 31119at6656          -            490   3.6e-26   88.3   2.0   4   4   1.5e-07     1e-06   24.1   0.3   284   357   296   371   291   386 0.71 -
de_novo.Agseq_11650.1:267-1466                             -            400 31119at6656          -            490   3.6e-26   88.3   2.0   1   4   1.2e-05   8.4e-05   17.8   0.0   273   323    42    92    34    93 0.88 -
de_novo.Agseq_11650.1:267-1466                             -            400 31119at6656          -            490   3.6e-26   88.3   2.0   2   4   1.8e-08   1.2e-07   27.1   0.0   242   319    93   176    91   182 0.83 -
de_novo.Agseq_11650.1:267-1466                             -            400 31119at6656          -            490   3.6e-26   88.3   2.0   3   4   3.1e-05   0.00021   16.5   0.0   274   355   184   268   168   276 0.80 -
de_novo.Agseq_11650.1:267-1466                             -            400 31119at6656          -            490   3.6e-26   88.3   2.0   4   4   1.5e-07     1e-06   24.1   0.3   284   357   296   371   291   386 0.71 -
de_novo.Agm54242Ue_220404_200923_101319059_ccs.1:630-1496  -            289 31119at6656          -            490   5.8e-26   87.6   3.6   1   2   3.9e-15   2.7e-14   49.1   0.0   293   398    11   122     2   127 0.81 -
de_novo.Agm54242Ue_220404_200923_101319059_ccs.1:630-1496  -            289 31119at6656          -            490   5.8e-26   87.6   3.6   2   2   1.4e-11   9.3e-11   37.5   2.3   208   350   127   289   125   289 0.76 -
de_novo.Agseq_157484.1:975-1841                            -            289 31119at6656          -            490   5.8e-26   87.6   3.6   1   2   3.9e-15   2.7e-14   49.1   0.0   293   398    11   122     2   127 0.81 -
de_novo.Agseq_157484.1:975-1841                            -            289 31119at6656          -            490   5.8e-26   87.6   3.6   2   2   1.4e-11   9.3e-11   37.5   2.3   208   350   127   289   125   289 0.76 -
de_novo.Agm54242Ue_220404_200923_140773074_ccs.1:379-936   -            186 31119at6656          -            490   1.2e-25   86.6   1.6   1   3   3.5e-12   2.4e-11   39.4   0.1   296   394     2   105     1   115 0.83 -
de_novo.Agm54242Ue_220404_200923_140773074_ccs.1:379-936   -            186 31119at6656          -            490   1.2e-25   86.6   1.6   2   3   9.1e-09   6.2e-08   28.1   0.0   239   309    71   145    68   146 0.85 -
de_novo.Agm54242Ue_220404_200923_140773074_ccs.1:379-936   -            186 31119at6656          -            490   1.2e-25   86.6   1.6   3   3   2.7e-09   1.9e-08   29.9   0.0   244   308   120   186   118   186 0.93 -
de_novo.Agm54242U_210909_035710_120259775_ccs.1:696-1355   -            220 31119at6656          -            490   2.1e-25   85.8   0.1   1   2     1e-14   6.9e-14   47.8   0.0   280   361     2    84     1    88 0.91 -
de_novo.Agm54242U_210909_035710_120259775_ccs.1:696-1355   -            220 31119at6656          -            490   2.1e-25   85.8   0.1   2   2   3.2e-11   2.2e-10   36.2   0.0   245   363    92   216    88   219 0.87 -
de_novo.Agm54242U_210909_035710_153485711_ccs.1:1230-1889  -            220 31119at6656          -            490   2.1e-25   85.8   0.1   1   2     1e-14   6.9e-14   47.8   0.0   280   361     2    84     1    88 0.91 -
de_novo.Agm54242U_210909_035710_153485711_ccs.1:1230-1889  -            220 31119at6656          -            490   2.1e-25   85.8   0.1   2   2   3.2e-11   2.2e-10   36.2   0.0   245   363    92   216    88   219 0.87 -
de_novo.Agm54242U_210909_035710_12255232_ccs.1:165-971     -            269 31119at6656          -            490   1.6e-24   82.8   3.3   1   3   4.5e-13   3.1e-12   42.4   0.2   277   376     3   103     1   118 0.86 -
de_novo.Agm54242U_210909_035710_12255232_ccs.1:165-971     -            269 31119at6656          -            490   1.6e-24   82.8   3.3   2   3   2.1e-05   0.00015   17.0   0.2   243   312    52   122    47   154 0.89 -
de_novo.Agm54242U_210909_035710_12255232_ccs.1:165-971     -            269 31119at6656          -            490   1.6e-24   82.8   3.3   3   3   1.7e-12   1.1e-11   40.5   0.2   216   322   162   268   152   269 0.84 -
de_novo.AGAP004374-RA.1:567-1352                           -            262 31119at6656          -            490   2.3e-24   82.3   2.8   1   3   9.9e-12   6.8e-11   37.9   0.2   272   359    14   102     5   109 0.88 -
de_novo.AGAP004374-RA.1:567-1352                           -            262 31119at6656          -            490   2.3e-24   82.3   2.8   2   3      0.02      0.14    7.2   0.0   323   364   144   185   137   186 0.78 -
de_novo.AGAP004374-RA.1:567-1352                           -            262 31119at6656          -            490   2.3e-24   82.3   2.8   3   3   1.5e-12     1e-11   40.7   0.2   221   313   159   259   157   262 0.51 -
de_novo.Agm54242U_210909_035710_137234720_ccs.1:432-1268   -            279 31119at6656          -            490   4.3e-24   81.4   9.5   1   2   2.4e-10   1.6e-09   33.4   0.6   238   313    37   113    13   122 0.88 -
de_novo.Agm54242U_210909_035710_137234720_ccs.1:432-1268   -            279 31119at6656          -            490   4.3e-24   81.4   9.5   2   2   4.6e-16   3.2e-15   52.2   2.8   239   382   121   274   117   279 0.81 -
de_novo.AGAP000444-RA.1:24-1004                            -            327 31119at6656          -            490   5.6e-23   77.8  18.1   1   3   5.5e-12   3.7e-11   38.8   5.7   238   353     3   127     1   136 0.83 -
de_novo.AGAP000444-RA.1:24-1004                            -            327 31119at6656          -            490   5.6e-23   77.8  18.1   2   3   1.7e-11   1.1e-10   37.2   0.8   239   309   143   219   135   222 0.89 -
de_novo.AGAP000444-RA.1:24-1004                            -            327 31119at6656          -            490   5.6e-23   77.8  18.1   3   3    0.0088      0.06    8.4   0.1   232   308   238   327   236   327 0.72 -
de_novo.Agm54242U_210819_213017_137036841_ccs.1:1185-2823  -            482 31119at6656          -            490   5.6e-23   77.8   6.1   1   3   1.7e-09   1.2e-08   30.5   0.0   243   402    56   232    47   235 0.80 -
de_novo.Agm54242U_210819_213017_137036841_ccs.1:1185-2823  -            482 31119at6656          -            490   5.6e-23   77.8   6.1   2   3     0.016      0.11    7.5   0.1   272   361   266   355   262   360 0.65 -
de_novo.Agm54242U_210819_213017_137036841_ccs.1:1185-2823  -            482 31119at6656          -            490   5.6e-23   77.8   6.1   3   3   5.4e-13   3.7e-12   42.1   0.3   236   349   353   480   349   482 0.82 -
de_novo.Agm54242Ue_220404_200923_72024242_ccs.1:67-801     -            245 31119at6656          -            490   5.8e-23   77.7   3.5   1   2   8.5e-18   5.8e-17   57.9   2.1   218   314    15   122     1   134 0.81 -
de_novo.Agm54242Ue_220404_200923_72024242_ccs.1:67-801     -            245 31119at6656          -            490   5.8e-23   77.7   3.5   2   2   3.8e-06   2.6e-05   19.5   0.0   238   350   128   245   125   245 0.68 -
de_novo.Agm54242U_210909_035710_123929174_ccs.1:600-1304   -            235 31119at6656          -            490   2.1e-22   75.9   0.1   1   2   2.6e-14   1.8e-13   46.4   0.0   251   364     3   122     1   123 0.84 -
de_novo.Agm54242U_210909_035710_123929174_ccs.1:600-1304   -            235 31119at6656          -            490   2.1e-22   75.9   0.1   2   2   1.6e-09   1.1e-08   30.6   0.0   240   349   121   235   119   235 0.85 -
de_novo.Agm54242U_210909_035710_164365448_ccs.1:96-800     -            235 31119at6656          -            490   2.1e-22   75.9   0.1   1   2   2.6e-14   1.8e-13   46.4   0.0   251   364     3   122     1   123 0.84 -
de_novo.Agm54242U_210909_035710_164365448_ccs.1:96-800     -            235 31119at6656          -            490   2.1e-22   75.9   0.1   2   2   1.6e-09   1.1e-08   30.6   0.0   240   349   121   235   119   235 0.85 -
de_novo.AGAP002776-RA.1:474-1268                           -            265 31119at6656          -            490   2.7e-22   75.5   2.6   1   3     1e-06   6.9e-06   21.4   0.0   276   357     5    89     2    97 0.48 -
de_novo.AGAP002776-RA.1:474-1268                           -            265 31119at6656          -            490   2.7e-22   75.5   2.6   2   3   2.7e-16   1.8e-15   53.0   0.3   246   360    59   181    57   189 0.79 -
de_novo.AGAP002776-RA.1:474-1268                           -            265 31119at6656          -            490   2.7e-22   75.5   2.6   3   3      0.84       5.7    1.9   0.0   279   308   232   261   186   265 0.77 -
de_novo.AGAP007244-RA.1:9-1247                             -            413 31119at6656          -            490   5.6e-22   74.5   7.8   1   2   2.7e-10   1.8e-09   33.2   4.2   210   310   109   225   105   230 0.65 -
de_novo.AGAP007244-RA.1:9-1247                             -            413 31119at6656          -            490   5.6e-22   74.5   7.8   2   2   1.2e-12   7.9e-12   41.0   0.1   207   349   256   413   235   413 0.75 -
de_novo.Agm54242Ue_220404_200923_4983077_ccs.1:207-1106    -            300 31119at6656          -            490   6.4e-22   74.3   1.8   1   3   0.00063    0.0043   12.2   0.2   272   355     5    89     2    98 0.81 -
de_novo.Agm54242Ue_220404_200923_4983077_ccs.1:207-1106    -            300 31119at6656          -            490   6.4e-22   74.3   1.8   2   3   2.2e-06   1.5e-05   20.3   0.2   220   269   118   173   114   178 0.80 -
de_novo.Agm54242Ue_220404_200923_4983077_ccs.1:207-1106    -            300 31119at6656          -            490   6.4e-22   74.3   1.8   3   3   9.4e-12   6.4e-11   38.0   0.0   235   349   181   300   178   300 0.91 -
de_novo.Agm54242Ue_220404_200923_111608249_ccs.1:2014-2520 -            169 31119at6656          -            490   8.4e-22   73.9   0.1   1   2   2.8e-06   1.9e-05   20.0   0.0   276   310     4    38     1    44 0.92 -
de_novo.Agm54242Ue_220404_200923_111608249_ccs.1:2014-2520 -            169 31119at6656          -            490   8.4e-22   73.9   0.1   2   2   4.5e-16   3.1e-15   52.2   0.0   235   353    45   166    41   168 0.92 -
de_novo.Agm54242Ue_220404_200923_86313246_ccs.1:1921-2427  -            169 31119at6656          -            490   8.4e-22   73.9   0.1   1   2   2.8e-06   1.9e-05   20.0   0.0   276   310     4    38     1    44 0.92 -
de_novo.Agm54242Ue_220404_200923_86313246_ccs.1:1921-2427  -            169 31119at6656          -            490   8.4e-22   73.9   0.1   2   2   4.5e-16   3.1e-15   52.2   0.0   235   353    45   166    41   168 0.92 -
de_novo.Agseq_166558.1:1350-2168                           -            273 31119at6656          -            490   9.1e-22   73.8   0.8   1   2   5.1e-11   3.5e-10   35.6   0.0   281   387    17   132     9   141 0.59 -
de_novo.Agseq_166558.1:1350-2168                           -            273 31119at6656          -            490   9.1e-22   73.8   0.8   2   2   2.1e-11   1.4e-10   36.8   0.3   246   352   155   267   145   273 0.83 -
de_novo.Agm54242U_210819_213017_125700578_ccs.1:27-935     -            303 31119at6656          -            490   1.8e-21   72.8   1.2   1   2   7.5e-14   5.1e-13   44.9   0.6   251   371    63   194    50   200 0.81 -
de_novo.Agm54242U_210819_213017_125700578_ccs.1:27-935     -            303 31119at6656          -            490   1.8e-21   72.8   1.2   2   2     7e-09   4.8e-08   28.5   0.1   276   384   182   298   174   303 0.60 -
de_novo.Agm54242U_210819_213017_173146112_ccs.1:33-881     -            283 31119at6656          -            490     2e-21   72.7   9.0   1   2     2e-07   1.4e-06   23.7   0.8   295   376     3    85     1   100 0.82 -
de_novo.Agm54242U_210819_213017_173146112_ccs.1:33-881     -            283 31119at6656          -            490     2e-21   72.7   9.0   2   2   8.2e-16   5.6e-15   51.4   1.8   216   352   144   281   133   283 0.83 -
de_novo.Agm54242U_210819_213017_104008273_ccs.1:165-782    -            206 31119at6656          -            490   3.9e-21   71.7   0.0   1   2     3e-20     2e-19   66.0   0.1   239   363     4   131     1   135 0.90 -
de_novo.Agm54242U_210819_213017_104008273_ccs.1:165-782    -            206 31119at6656          -            490   3.9e-21   71.7   0.0   2   2      0.15         1    4.3   0.0   283   317   134   168   128   174 0.82 -
de_novo.AGAP003891-RA.1:75-962                             -            296 31119at6656          -            490     5e-21   71.3   0.7   1   2   2.8e-09   1.9e-08   29.8   0.4   239   353     2   121     1   129 0.85 -
de_novo.AGAP003891-RA.1:75-962                             -            296 31119at6656          -            490     5e-21   71.3   0.7   2   2     2e-12   1.4e-11   40.2   0.0   241   358   131   251   120   265 0.85 -
de_novo.Agseq_193310.1:777-1502                            -            242 31119at6656          -            490   5.4e-21   71.2   0.1   1   3     5e-07   3.4e-06   22.4   0.0   277   347     1    72     1    89 0.83 -
de_novo.Agseq_193310.1:777-1502                            -            242 31119at6656          -            490   5.4e-21   71.2   0.1   2   3   6.3e-11   4.3e-10   35.3   0.0   240   361    46   171    43   175 0.80 -
de_novo.Agseq_193310.1:777-1502                            -            242 31119at6656          -            490   5.4e-21   71.2   0.1   3   3   0.00015     0.001   14.2   0.0   239   307   173   241   163   242 0.91 -
de_novo.Agm54242U_210909_035710_121702497_ccs.1:0-773      -            258 31119at6656          -            490   9.1e-21   70.5   0.9   1   2   1.5e-09     1e-08   30.7   0.1   238   328    28   124     2   142 0.66 -
de_novo.Agm54242U_210909_035710_121702497_ccs.1:0-773      -            258 31119at6656          -            490   9.1e-21   70.5   0.9   2   2   6.9e-12   4.7e-11   38.4   0.1   218   290   174   254   166   257 0.84 -
de_novo.Agseq_134206.1:493-1002                            -            170 31119at6656          -            490   1.1e-20   70.1   0.8   1   1   1.7e-21   1.1e-20   70.1   0.8   278   404     3   132     1   139 0.92 -
de_novo.Agm54242Ue_220404_200923_125830808_ccs.1:39-1115   -            359 31119at6656          -            490   2.3e-20   69.2   6.1   1   2     5e-19   3.4e-18   62.0   1.3   193   342    71   230    51   233 0.87 -
de_novo.Agm54242Ue_220404_200923_125830808_ccs.1:39-1115   -            359 31119at6656          -            490   2.3e-20   69.2   6.1   2   2    0.0097     0.066    8.3   0.3   277   358   252   341   237   348 0.76 -
de_novo.Agm54242U_210909_035710_153094938_ccs.1:63-701     -            213 31119at6656          -            490   3.9e-20   68.4   0.2   1   2   6.3e-06   4.3e-05   18.8   0.0   271   355    24   109     6   115 0.83 -
de_novo.Agm54242U_210909_035710_153094938_ccs.1:63-701     -            213 31119at6656          -            490   3.9e-20   68.4   0.2   2   2   4.4e-16     3e-15   52.3   0.0   245   370    80   211    77   213 0.88 -
de_novo.Agm54242U_210819_213017_145230358_ccs.1:47-469     -            141 31119at6656          -            490   5.4e-20   67.9   0.0   1   1   1.2e-20   8.1e-20   67.3   0.0   230   350    13   140     1   141 0.76 -
de_novo.Agm54242U_210819_213017_131007647_ccs.1:15-830     -            272 31119at6656          -            490     1e-19   67.0   0.0   1   1     2e-20   1.4e-19   66.6   0.0   257   375     2   125     1   146 0.82 -
de_novo.Agm54242Ue_220404_200923_50529116_ccs.1:141-1040   -            300 31119at6656          -            490   1.2e-19   66.7   1.1   1   3    0.0038     0.026    9.6   0.0   240   270    22    52    16    60 0.89 -
de_novo.Agm54242Ue_220404_200923_50529116_ccs.1:141-1040   -            300 31119at6656          -            490   1.2e-19   66.7   1.1   2   3   2.8e-19   1.9e-18   62.8   0.8   193   342    37   196    34   200 0.87 -
de_novo.Agm54242Ue_220404_200923_50529116_ccs.1:141-1040   -            300 31119at6656          -            490   1.2e-19   66.7   1.1   3   3       1.8        12    0.8   0.1   277   290   218   231   203   252 0.82 -
de_novo.Agseq_141556.1:141-1040                            -            300 31119at6656          -            490   1.2e-19   66.7   1.1   1   3    0.0038     0.026    9.6   0.0   240   270    22    52    16    60 0.89 -
de_novo.Agseq_141556.1:141-1040                            -            300 31119at6656          -            490   1.2e-19   66.7   1.1   2   3   2.8e-19   1.9e-18   62.8   0.8   193   342    37   196    34   200 0.87 -
de_novo.Agseq_141556.1:141-1040                            -            300 31119at6656          -            490   1.2e-19   66.7   1.1   3   3       1.8        12    0.8   0.1   277   290   218   231   203   252 0.82 -
de_novo.Agseq_103382.1:398-1309                            -            304 31119at6656          -            490   1.9e-19   66.1   0.3   1   1   1.3e-18   8.6e-18   60.7   0.3   208   394     6   205     5   215 0.82 -
de_novo.Agm54242Ue_220404_200923_64686449_ccs.1:612-1400   -            263 31119at6656          -            490     4e-19   65.1   1.0   1   2   4.9e-06   3.3e-05   19.1   0.2   313   397     9    93     1    99 0.88 -
de_novo.Agm54242Ue_220404_200923_64686449_ccs.1:612-1400   -            263 31119at6656          -            490     4e-19   65.1   1.0   2   2   6.5e-14   4.5e-13   45.1   0.0   239   386    99   261    93   263 0.88 -
de_novo.Agseq_189239.1:819-1607                            -            263 31119at6656          -            490     4e-19   65.1   1.0   1   2   4.9e-06   3.3e-05   19.1   0.2   313   397     9    93     1    99 0.88 -
de_novo.Agseq_189239.1:819-1607                            -            263 31119at6656          -            490     4e-19   65.1   1.0   2   2   6.5e-14   4.5e-13   45.1   0.0   239   386    99   261    93   263 0.88 -
de_novo.Agm54242U_210909_035710_24772883_ccs.1:312-947     -            212 31119at6656          -            490   4.5e-19   64.9   0.0   1   3     2e-14   1.4e-13   46.8   0.1   251   364     3   122     1   123 0.84 -
de_novo.Agm54242U_210909_035710_24772883_ccs.1:312-947     -            212 31119at6656          -            490   4.5e-19   64.9   0.0   2   3   2.1e-05   0.00014   17.0   0.0   240   302   121   187   119   191 0.79 -
de_novo.Agm54242U_210909_035710_24772883_ccs.1:312-947     -            212 31119at6656          -            490   4.5e-19   64.9   0.0   3   3       0.6       4.1    2.3   0.0   242   268   186   212   181   212 0.85 -
de_novo.Agm54242Ue_220404_200923_61278135_ccs.1:90-695     -            202 31119at6656          -            490   5.1e-19   64.7   2.1   1   2   4.9e-13   3.4e-12   42.2   1.4   243   314     2    78     1    86 0.87 -
de_novo.Agm54242Ue_220404_200923_61278135_ccs.1:90-695     -            202 31119at6656          -            490   5.1e-19   64.7   2.1   2   2   9.9e-07   6.7e-06   21.4   0.0   238   351    84   202    78   202 0.75 -
de_novo.AGAP001036-RA.1:81-932                             -            284 31119at6656          -            490   6.3e-19   64.4   0.0   1   2   1.2e-10   8.1e-10   34.4   0.0   240   404    10   184     4   193 0.79 -
de_novo.AGAP001036-RA.1:81-932                             -            284 31119at6656          -            490   6.3e-19   64.4   0.0   2   2   6.5e-09   4.4e-08   28.6   0.0   238   325   189   278   185   284 0.86 -
de_novo.Agm54242U_210819_213017_47842287_ccs.1:633-1418    -            262 31119at6656          -            490   6.8e-19   64.3   3.4   1   2   4.8e-07   3.3e-06   22.5   1.0   318   391    16    89     1    99 0.77 -
de_novo.Agm54242U_210819_213017_47842287_ccs.1:633-1418    -            262 31119at6656          -            490   6.8e-19   64.3   3.4   2   2   3.9e-13   2.7e-12   42.5   0.1   239   389   103   262    98   262 0.90 -
de_novo.AGAP005320-RA.1:468-1352                           -            295 31119at6656          -            490     9e-19   63.9   3.1   1   2   1.4e-16   9.7e-16   53.9   1.5   240   392    37   192     8   208 0.84 -
de_novo.AGAP005320-RA.1:468-1352                           -            295 31119at6656          -            490     9e-19   63.9   3.1   2   2    0.0054     0.037    9.1   0.0    33    55   223   245   210   275 0.82 -
de_novo.Agm54242U_210819_213017_106890328_ccs.1:36-878     -            281 31119at6656          -            490   1.7e-18   63.0   0.0   1   2   3.1e-10   2.1e-09   33.0   0.0   242   406     9   183     3   191 0.80 -
de_novo.Agm54242U_210819_213017_106890328_ccs.1:36-878     -            281 31119at6656          -            490   1.7e-18   63.0   0.0   2   2   6.1e-09   4.2e-08   28.7   0.0   238   325   186   275   181   281 0.86 -
de_novo.Agm54242U_210909_035710_161022849_ccs.1:186-1151   -            322 31119at6656          -            490   1.8e-18   62.9   0.0   1   3   1.6e-09   1.1e-08   30.7   0.0   272   386    23   147    20   152 0.83 -
de_novo.Agm54242U_210909_035710_161022849_ccs.1:186-1151   -            322 31119at6656          -            490   1.8e-18   62.9   0.0   2   3       6.8        46   -1.1   0.0   288   321   211   244   201   250 0.77 -
de_novo.Agm54242U_210909_035710_161022849_ccs.1:186-1151   -            322 31119at6656          -            490   1.8e-18   62.9   0.0   3   3     4e-09   2.7e-08   29.3   0.0   241   308   249   319   232   321 0.81 -
de_novo.Agm54242U_210909_035710_173474424_ccs.1:662-1627   -            322 31119at6656          -            490   1.8e-18   62.9   0.0   1   3   1.6e-09   1.1e-08   30.7   0.0   272   386    23   147    20   152 0.83 -
de_novo.Agm54242U_210909_035710_173474424_ccs.1:662-1627   -            322 31119at6656          -            490   1.8e-18   62.9   0.0   2   3       6.8        46   -1.1   0.0   288   321   211   244   201   250 0.77 -
de_novo.Agm54242U_210909_035710_173474424_ccs.1:662-1627   -            322 31119at6656          -            490   1.8e-18   62.9   0.0   3   3     4e-09   2.7e-08   29.3   0.0   241   308   249   319   232   321 0.81 -
de_novo.Agseq_54708.1:6-875                                -            290 31119at6656          -            490   2.1e-18   62.7   0.0   1   3   8.1e-06   5.5e-05   18.4   0.0   331   400    22    93     5    96 0.82 -
de_novo.Agseq_54708.1:6-875                                -            290 31119at6656          -            490   2.1e-18   62.7   0.0   2   3   7.4e-11     5e-10   35.0   0.1   255   357    69   174    66   257 0.61 -
de_novo.Agseq_54708.1:6-875                                -            290 31119at6656          -            490   2.1e-18   62.7   0.0   3   3   9.2e-05   0.00063   14.9   0.0   272   309   253   290   216   290 0.76 -
de_novo.Agm54242U_210819_213017_158335064_ccs.1:99-917     -            273 31119at6656          -            490   2.3e-18   62.5   0.0   1   2   4.5e-10   3.1e-09   32.5   0.0   243   404     2   173     1   182 0.79 -
de_novo.Agm54242U_210819_213017_158335064_ccs.1:99-917     -            273 31119at6656          -            490   2.3e-18   62.5   0.0   2   2   5.7e-09   3.9e-08   28.8   0.0   238   325   178   267   172   273 0.86 -
de_novo.Agm54242U_210909_035710_102697314_ccs.1:426-755    -            110 31119at6656          -            490   1.4e-17   60.0   0.3   1   1   2.4e-18   1.6e-17   59.7   0.3   277   370     1    96     1   109 0.89 -
de_novo.Agm54242Ue_220404_200923_117507367_ccs.1:242-988   -            249 31119at6656          -            490     2e-17   59.5   9.8   1   2   1.2e-11     8e-11   37.7   0.9   239   309    65   141    60   144 0.89 -
de_novo.Agm54242Ue_220404_200923_117507367_ccs.1:242-988   -            249 31119at6656          -            490     2e-17   59.5   9.8   2   2    0.0052     0.036    9.1   0.1   232   308   160   249   158   249 0.73 -
de_novo.Agm54242U_210909_035710_152830080_ccs.1:25-885     -            287 31119at6656          -            490     2e-17   59.5   1.8   1   2   8.8e-10     6e-09   31.5   0.1   274   353   103   183    93   195 0.82 -
de_novo.Agm54242U_210909_035710_152830080_ccs.1:25-885     -            287 31119at6656          -            490     2e-17   59.5   1.8   2   2   1.4e-08   9.6e-08   27.5   0.3   239   323   193   283   189   287 0.82 -
de_novo.Agm54242U_210909_035710_29098324_ccs.1:57-866      -            270 31119at6656          -            490     2e-17   59.5   1.3   1   3   1.1e-05   7.3e-05   18.0   0.0   271   355    26   111     8   117 0.82 -
de_novo.Agm54242U_210909_035710_29098324_ccs.1:57-866      -            270 31119at6656          -            490     2e-17   59.5   1.3   2   3     3e-07   2.1e-06   23.1   0.0   316   385   117   188   112   199 0.69 -
de_novo.Agm54242U_210909_035710_29098324_ccs.1:57-866      -            270 31119at6656          -            490     2e-17   59.5   1.3   3   3   3.3e-05   0.00022   16.4   0.0   244   309   203   270   192   270 0.86 -
de_novo.Agm54242U_210819_213017_12715226_ccs.1:1137-2078   -            314 31119at6656          -            490   2.7e-17   59.0   0.1   1   4      0.89       6.1    1.8   0.0   243   276     2    35     1    50 0.84 -
de_novo.Agm54242U_210819_213017_12715226_ccs.1:1137-2078   -            314 31119at6656          -            490   2.7e-17   59.0   0.1   2   4   2.8e-10   1.9e-09   33.1   0.1   237   359    51   185    47   192 0.79 -
de_novo.Agm54242U_210819_213017_12715226_ccs.1:1137-2078   -            314 31119at6656          -            490   2.7e-17   59.0   0.1   3   4    0.0007    0.0048   12.0   0.0   244   307   200   265   193   270 0.88 -
de_novo.Agm54242U_210819_213017_12715226_ccs.1:1137-2078   -            314 31119at6656          -            490   2.7e-17   59.0   0.1   4   4   0.00052    0.0036   12.4   0.1   240   310   238   314   238   314 0.82 -
de_novo.Agm54242Ue_220404_200923_101910193_ccs.1:33-620    -            196 31119at6656          -            490   4.5e-17   58.3   1.8   1   2   1.3e-12   9.1e-12   40.8   0.8   245   314     2    76     1    86 0.86 -
de_novo.Agm54242Ue_220404_200923_101910193_ccs.1:33-620    -            196 31119at6656          -            490   4.5e-17   58.3   1.8   2   2   2.3e-05   0.00016   16.9   0.0   239   359    83   162    76   195 0.58 -
de_novo.Agm54242Ue_220404_200923_95224254_ccs.1:69-656     -            196 31119at6656          -            490   4.5e-17   58.3   1.8   1   2   1.3e-12   9.1e-12   40.8   0.8   245   314     2    76     1    86 0.86 -
de_novo.Agm54242Ue_220404_200923_95224254_ccs.1:69-656     -            196 31119at6656          -            490   4.5e-17   58.3   1.8   2   2   2.3e-05   0.00016   16.9   0.0   239   359    83   162    76   195 0.58 -
de_novo.Agm54242U_210909_035710_132843918_ccs.1:183-1079   -            299 31119at6656          -            490   4.6e-17   58.3   0.8   1   2   4.4e-08     3e-07   25.9   0.0   249   340     3    95     1   108 0.89 -
de_novo.Agm54242U_210909_035710_132843918_ccs.1:183-1079   -            299 31119at6656          -            490   4.6e-17   58.3   0.8   2   2   2.6e-09   1.8e-08   29.9   0.8   276   362   129   216   116   229 0.89 -
de_novo.Agseq_176983.1:126-1022                            -            299 31119at6656          -            490   4.6e-17   58.3   0.8   1   2   4.4e-08     3e-07   25.9   0.0   249   340     3    95     1   108 0.89 -
de_novo.Agseq_176983.1:126-1022                            -            299 31119at6656          -            490   4.6e-17   58.3   0.8   2   2   2.6e-09   1.8e-08   29.9   0.8   276   362   129   216   116   229 0.89 -
de_novo.Agm54242U_210909_035710_179374067_ccs.1:489-1796   -            436 31119at6656          -            490   1.4e-16   56.7   1.1   1   4       2.1        14    0.6   0.0   344   383     1    41     1    62 0.73 -
de_novo.Agm54242U_210909_035710_179374067_ccs.1:489-1796   -            436 31119at6656          -            490   1.4e-16   56.7   1.1   2   4   7.1e-09   4.8e-08   28.5   0.0   253   360    76   191    58   200 0.79 -
de_novo.Agm54242U_210909_035710_179374067_ccs.1:489-1796   -            436 31119at6656          -            490   1.4e-16   56.7   1.1   3   4     0.057      0.39    5.7   0.0   294   353   331   349   315   363 0.69 -
de_novo.Agm54242U_210909_035710_179374067_ccs.1:489-1796   -            436 31119at6656          -            490   1.4e-16   56.7   1.1   4   4   2.4e-06   1.7e-05   20.1   0.6   219   310   332   436   331   436 0.71 -
de_novo.Agseq_84606.1:132-596                              -            155 31119at6656          -            490   2.1e-16   56.1   1.3   1   1   3.3e-16   2.3e-15   52.7   1.3   251   389     3   155     1   155 0.77 -
de_novo.Agm54242U_210819_213017_111215186_ccs.1:51-773     -            241 31119at6656          -            490   2.3e-16   56.0   0.0   1   2   2.3e-11   1.6e-10   36.7   0.1   247   356     7   119     2   129 0.85 -
de_novo.Agm54242U_210819_213017_111215186_ccs.1:51-773     -            241 31119at6656          -            490   2.3e-16   56.0   0.0   2   2   2.1e-05   0.00014   17.1   0.0   247   310   172   237   139   239 0.76 -
de_novo.Agm54242U_210909_035710_12322264_ccs.1:451-1173    -            241 31119at6656          -            490   2.3e-16   56.0   0.0   1   2   2.3e-11   1.6e-10   36.7   0.1   247   356     7   119     2   129 0.85 -
de_novo.Agm54242U_210909_035710_12322264_ccs.1:451-1173    -            241 31119at6656          -            490   2.3e-16   56.0   0.0   2   2   2.1e-05   0.00014   17.1   0.0   247   310   172   237   139   239 0.76 -
de_novo.Agm54242U_210909_035710_173475213_ccs.1:925-1455   -            177 31119at6656          -            490     3e-16   55.5   0.1   1   1   5.8e-16     4e-15   51.9   0.1   267   389    33   177    23   177 0.80 -
de_novo.Agm54242U_210909_035710_10291193_ccs.1:195-914     -            240 31119at6656          -            490   3.8e-16   55.2   0.6   1   3   2.6e-07   1.8e-06   23.3   0.1   278   361     2    92     1   105 0.81 -
de_novo.Agm54242U_210909_035710_10291193_ccs.1:195-914     -            240 31119at6656          -            490   3.8e-16   55.2   0.6   2   3       4.4        30   -0.5   0.0   288   322   132   166   123   174 0.78 -
de_novo.Agm54242U_210909_035710_10291193_ccs.1:195-914     -            240 31119at6656          -            490   3.8e-16   55.2   0.6   3   3   3.5e-09   2.4e-08   29.5   0.0   240   308   169   240   153   240 0.81 -
de_novo.Agm54242Ue_220404_200923_72418585_ccs.1:138-935    -            266 31119at6656          -            490   1.2e-15   53.6   0.0   1   1   2.1e-16   1.5e-15   53.3   0.0   248   355    23   134    19   204 0.90 -
de_novo.Agseq_137035.1:143-994                             -            284 31119at6656          -            490   1.3e-15   53.4   0.0   1   3     2e-11   1.4e-10   36.9   0.0   244   360     1   122     1   148 0.90 -
de_novo.Agseq_137035.1:143-994                             -            284 31119at6656          -            490   1.3e-15   53.4   0.0   2   3       1.3         9    1.2   0.0    34    88   136   187   129   206 0.77 -
de_novo.Agseq_137035.1:143-994                             -            284 31119at6656          -            490   1.3e-15   53.4   0.0   3   3   0.00074    0.0051   11.9   0.0   274   338   206   275   163   284 0.53 -
de_novo.Agm54242U_210819_213017_40962588_ccs.1:832-1689    -            286 31119at6656          -            490     2e-15   52.9   0.8   1   2     0.026      0.18    6.9   0.0   324   390     3    76     1    89 0.74 -
de_novo.Agm54242U_210819_213017_40962588_ccs.1:832-1689    -            286 31119at6656          -            490     2e-15   52.9   0.8   2   2   7.9e-07   5.4e-06   21.8   0.1   197   268   204   284   195   286 0.73 -
de_novo.Agseq_108387.1:1350-2207                           -            286 31119at6656          -            490     2e-15   52.9   0.8   1   2     0.026      0.18    6.9   0.0   324   390     3    76     1    89 0.74 -
de_novo.Agseq_108387.1:1350-2207                           -            286 31119at6656          -            490     2e-15   52.9   0.8   2   2   7.9e-07   5.4e-06   21.8   0.1   197   268   204   284   195   286 0.73 -
de_novo.Agseq_108389.1:1010-1867                           -            286 31119at6656          -            490     2e-15   52.9   0.8   1   2     0.026      0.18    6.9   0.0   324   390     3    76     1    89 0.74 -
de_novo.Agseq_108389.1:1010-1867                           -            286 31119at6656          -            490     2e-15   52.9   0.8   2   2   7.9e-07   5.4e-06   21.8   0.1   197   268   204   284   195   286 0.73 -
de_novo.Agm54242U_210819_213017_127992793_ccs.1:2373-3008  -            212 31119at6656          -            490   3.2e-15   52.2   0.2   1   2   6.1e-11   4.2e-10   35.3   0.2   279   355     4    80     1   135 0.79 -
de_novo.Agm54242U_210819_213017_127992793_ccs.1:2373-3008  -            212 31119at6656          -            490   3.2e-15   52.2   0.2   2   2   6.7e-05   0.00046   15.4   0.0   293   349   154   212   140   212 0.83 -
de_novo.Agm54242U_210909_035710_50988385_ccs.1:2539-3174   -            212 31119at6656          -            490   3.2e-15   52.2   0.2   1   2   6.1e-11   4.2e-10   35.3   0.2   279   355     4    80     1   135 0.79 -
de_novo.Agm54242U_210909_035710_50988385_ccs.1:2539-3174   -            212 31119at6656          -            490   3.2e-15   52.2   0.2   2   2   6.7e-05   0.00046   15.4   0.0   293   349   154   212   140   212 0.83 -
de_novo.Agm54242U_210909_035710_85328103_ccs.1:2184-2819   -            212 31119at6656          -            490   3.2e-15   52.2   0.2   1   2   6.1e-11   4.2e-10   35.3   0.2   279   355     4    80     1   135 0.79 -
de_novo.Agm54242U_210909_035710_85328103_ccs.1:2184-2819   -            212 31119at6656          -            490   3.2e-15   52.2   0.2   2   2   6.7e-05   0.00046   15.4   0.0   293   349   154   212   140   212 0.83 -
de_novo.Agm54242U_210909_035710_162859086_ccs.1:273-1097   -            275 31119at6656          -            490   3.2e-15   52.2   0.0   1   3   8.2e-11   5.6e-10   34.9   0.0   277   354     7    88     2   102 0.76 -
de_novo.Agm54242U_210909_035710_162859086_ccs.1:273-1097   -            275 31119at6656          -            490   3.2e-15   52.2   0.0   2   3      0.05      0.34    5.9   0.0   320   353   128   162   125   170 0.73 -
de_novo.Agm54242U_210909_035710_162859086_ccs.1:273-1097   -            275 31119at6656          -            490   3.2e-15   52.2   0.0   3   3     0.013     0.089    7.8   0.0   289   323   239   273   222   275 0.78 -
de_novo.Agm54242Ue_220404_200923_37357269_ccs.1:1365-2240  -            292 31119at6656          -            490   8.8e-15   50.7   1.2   1   2   3.4e-08   2.4e-07   26.2   0.1   238   370    52   188     7   221 0.74 -
de_novo.Agm54242Ue_220404_200923_37357269_ccs.1:1365-2240  -            292 31119at6656          -            490   8.8e-15   50.7   1.2   2   2   2.4e-06   1.7e-05   20.1   0.1   199   268   213   291   204   292 0.73 -
de_novo.Agm54242Ue_220404_200923_77793810_ccs.1:43-684     -            214 31119at6656          -            490   9.6e-15   50.6   2.5   1   2   2.1e-08   1.4e-07   27.0   0.0   249   341     3    96     1   112 0.89 -
de_novo.Agm54242Ue_220404_200923_77793810_ccs.1:43-684     -            214 31119at6656          -            490   9.6e-15   50.6   2.5   2   2     2e-07   1.3e-06   23.7   0.7   276   351   129   205   115   212 0.89 -
de_novo.Agm54242U_210819_213017_146735821_ccs.1:294-1421   -            376 31119at6656          -            490     1e-14   50.5   0.0   1   3    0.0048     0.033    9.3   0.0   241   307     5    74     3    80 0.85 -
de_novo.Agm54242U_210819_213017_146735821_ccs.1:294-1421   -            376 31119at6656          -            490     1e-14   50.5   0.0   2   3   8.1e-13   5.5e-12   41.5   0.0   235   391    42   207    19   223 0.85 -
de_novo.Agm54242U_210819_213017_146735821_ccs.1:294-1421   -            376 31119at6656          -            490     1e-14   50.5   0.0   3   3     0.043      0.29    6.1   0.0   246   314   304   375   294   376 0.80 -
de_novo.Agseq_265207.1:121-531                             -            137 31119at6656          -            490   2.5e-14   49.2   0.1   1   1   4.9e-15   3.4e-14   48.8   0.1   258   389     2   137     1   137 0.86 -
de_novo.Agm54242U_210909_035710_131402399_ccs.1:268-828    -            187 31119at6656          -            490   3.7e-14   48.7   0.0   1   2   5.8e-11   3.9e-10   35.4   0.0   264   364     2   104     1   130 0.89 -
de_novo.Agm54242U_210909_035710_131402399_ccs.1:268-828    -            187 31119at6656          -            490   3.7e-14   48.7   0.0   2   2    0.0009    0.0061   11.7   0.1   275   320   139   184   130   187 0.61 -
de_novo.Agm54242U_210819_213017_65930019_ccs.1:153-914     -            254 31119at6656          -            490   4.2e-14   48.5   0.0   1   2   1.2e-09   8.3e-09   31.0   0.0   271   363    61   155    36   181 0.64 -
de_novo.Agm54242U_210819_213017_65930019_ccs.1:153-914     -            254 31119at6656          -            490   4.2e-14   48.5   0.0   2   2   6.2e-05   0.00043   15.5   0.1   273   335   189   251   173   254 0.86 -
de_novo.Agm54242U_210909_035710_163054641_ccs.1:5-571      -            189 31119at6656          -            490   4.2e-14   48.5   0.1   1   2   1.7e-10   1.1e-09   33.9   0.0   274   360    31   118     2   123 0.65 -
de_novo.Agm54242U_210909_035710_163054641_ccs.1:5-571      -            189 31119at6656          -            490   4.2e-14   48.5   0.1   2   2   0.00023    0.0016   13.6   0.0   240   307   122   189   114   189 0.92 -
de_novo.Agseq_165207.1:24-1049                             -            342 31119at6656          -            490   5.3e-14   48.2   0.6   1   3   0.00026    0.0018   13.4   0.0   270   384    80   197    72   217 0.76 -
de_novo.Agseq_165207.1:24-1049                             -            342 31119at6656          -            490   5.3e-14   48.2   0.6   2   3     6e-06   4.1e-05   18.8   0.7   220   367   104   264   102   267 0.82 -
de_novo.Agseq_165207.1:24-1049                             -            342 31119at6656          -            490   5.3e-14   48.2   0.6   3   3   2.3e-08   1.6e-07   26.8   0.0   254   351   232   337   220   341 0.79 -
de_novo.AGAP011336-RA.1:3576-4391                          -            272 31119at6656          -            490   1.1e-13   47.1   0.1   1   2       3.7        25   -0.3   0.0    42    86     6    45     1    61 0.61 -
de_novo.AGAP011336-RA.1:3576-4391                          -            272 31119at6656          -            490   1.1e-13   47.1   0.1   2   2   6.8e-14   4.6e-13   45.1   0.1   278   391   119   232   108   251 0.90 -
de_novo.Agseq_83051.1:60-1118                              -            353 31119at6656          -            490   2.6e-13   45.9   4.1   1   3   3.9e-08   2.6e-07   26.1   0.4   235   323    30   135    25   162 0.77 -
de_novo.Agseq_83051.1:60-1118                              -            353 31119at6656          -            490   2.6e-13   45.9   4.1   2   3    0.0019     0.013   10.6   0.0   276   326   184   238   177   259 0.70 -
de_novo.Agseq_83051.1:60-1118                              -            353 31119at6656          -            490   2.6e-13   45.9   4.1   3   3   3.1e-06   2.1e-05   19.8   0.2   220   349   208   351   206   353 0.70 -
de_novo.Agm54242U_210909_035710_145230425_ccs.1:131-775    -            215 31119at6656          -            490   4.3e-13   45.2   0.1   1   2   2.5e-12   1.7e-11   39.9   0.1   242   360     3   126     1   133 0.90 -
de_novo.Agm54242U_210909_035710_145230425_ccs.1:131-775    -            215 31119at6656          -            490   4.3e-13   45.2   0.1   2   2       0.9       6.2    1.8   0.0    34    88   140   191   136   208 0.76 -
de_novo.Agseq_62894.1:195-713                              -            173 31119at6656          -            490   4.5e-13   45.1   0.9   1   1   1.6e-13   1.1e-12   43.9   0.9   252   398     9   167     1   172 0.80 -
de_novo.AGAP003228-RA.1:585-1043                           -            153 31119at6656          -            490   1.7e-12   43.2   5.6   1   2      0.52       3.5    2.6   1.3   298   312     3    17     1    66 0.44 -
de_novo.AGAP003228-RA.1:585-1043                           -            153 31119at6656          -            490   1.7e-12   43.2   5.6   2   2   3.1e-13   2.1e-12   42.9   2.0   207   308    33   153    25   153 0.76 -
de_novo.Agseq_134206.1:81-428                              -            116 31119at6656          -            490   2.9e-12   42.4   0.1   1   1   4.5e-13   3.1e-12   42.3   0.1   280   385     1   113     1   116 0.89 -
de_novo.Agseq_153464.1:27-620                              -            198 31119at6656          -            490   4.8e-12   41.7   0.7   1   2   1.7e-11   1.1e-10   37.2   0.4   298   390     7    99     3   119 0.71 -
de_novo.Agseq_153464.1:27-620                              -            198 31119at6656          -            490   4.8e-12   41.7   0.7   2   2      0.68       4.7    2.2   0.0    35    50   183   198   163   198 0.77 -
de_novo.Agm54242Ue_220404_200923_23462404_ccs.1:468-845    -            126 31119at6656          -            490   5.1e-12   41.6   0.6   1   1   7.8e-13   5.3e-12   41.6   0.6   240   324    37   123     5   126 0.86 -
de_novo.Agseq_161173.1:30-302                              -             91 31119at6656          -            490   5.4e-12   41.5   0.3   1   1   1.4e-12   9.3e-12   40.8   0.3   255   343     1    91     1    91 0.90 -
de_novo.Agseq_125435.1:807-1010                            -             68 31119at6656          -            490   6.4e-12   41.3   0.2   1   1     1e-12   6.9e-12   41.2   0.2   325   388     1    66     1    68 0.85 -
de_novo.Agm54242U_210909_035710_143328646_ccs.1:15-575     -            187 31119at6656          -            490   9.8e-12   40.7   3.2   1   2   3.2e-06   2.2e-05   19.7   0.4   290   370     1    81     1   112 0.74 -
de_novo.Agm54242U_210909_035710_143328646_ccs.1:15-575     -            187 31119at6656          -            490   9.8e-12   40.7   3.2   2   2   6.9e-07   4.7e-06   21.9   0.1   199   269   106   185    97   187 0.73 -
de_novo.Agseq_176116.1:177-719                             -            181 31119at6656          -            490   7.1e-11   37.8   1.5   1   2   0.00073     0.005   12.0   0.1   277   354     3    81     1    89 0.73 -
de_novo.Agseq_176116.1:177-719                             -            181 31119at6656          -            490   7.1e-11   37.8   1.5   2   2   3.5e-08   2.4e-07   26.2   0.1   285   364   101   180    52   181 0.67 -
de_novo.Agm54242U_210909_035710_153551408_ccs.1:61-429     -            123 31119at6656          -            490   1.1e-10   37.3   0.0   1   1   2.6e-11   1.8e-10   36.5   0.0   236   350     4   123     2   123 0.84 -
de_novo.Agseq_5213.1:1-333                                 -            111 31119at6656          -            490   3.3e-10   35.7   0.0   1   1     6e-11   4.1e-10   35.3   0.0   240   343     1   108     1   111 0.85 -
de_novo.Agm54242U_210909_035710_170393625_ccs.1:381-1154   -            258 31119at6656          -            490   3.6e-10   35.5   3.9   1   2   5.3e-07   3.6e-06   22.3   0.6   272   375    15   123     5   127 0.82 -
de_novo.Agm54242U_210909_035710_170393625_ccs.1:381-1154   -            258 31119at6656          -            490   3.6e-10   35.5   3.9   2   2   6.7e-05   0.00046   15.4   0.7   238   353   109   238   105   245 0.78 -
de_novo.Agm54242U_210909_035710_8127888_ccs.1:381-1154     -            258 31119at6656          -            490   3.6e-10   35.5   3.9   1   2   5.3e-07   3.6e-06   22.3   0.6   272   375    15   123     5   127 0.82 -
de_novo.Agm54242U_210909_035710_8127888_ccs.1:381-1154     -            258 31119at6656          -            490   3.6e-10   35.5   3.9   2   2   6.7e-05   0.00046   15.4   0.7   238   353   109   238   105   245 0.78 -
de_novo.Agm54242Ue_220404_200923_88146958_ccs.1:0-650      -            217 31119at6656          -            490   4.2e-10   35.3   1.8   1   2      0.28       1.9    3.5   0.0   296   340    10    53     5    69 0.87 -
de_novo.Agm54242Ue_220404_200923_88146958_ccs.1:0-650      -            217 31119at6656          -            490   4.2e-10   35.3   1.8   2   2     1e-09   6.9e-09   31.3   0.5   276   362    87   174    74   194 0.89 -
de_novo.Agm54242U_210909_035710_7341840_ccs.1:1575-2261    -            229 31119at6656          -            490   4.8e-10   35.1   4.0   1   2   0.00065    0.0044   12.1   0.9   244   356     3   111     1   125 0.74 -
de_novo.Agm54242U_210909_035710_7341840_ccs.1:1575-2261    -            229 31119at6656          -            490   4.8e-10   35.1   4.0   2   2   1.3e-06   9.1e-06   21.0   0.1   199   268   149   227   141   229 0.72 -
de_novo.AGAP010490-RA.1:9735-10301                         -            189 31119at6656          -            490   7.6e-10   34.4   0.0   1   2    0.0028     0.019   10.0   0.1   302   368     1    74     1   101 0.73 -
de_novo.AGAP010490-RA.1:9735-10301                         -            189 31119at6656          -            490   7.6e-10   34.4   0.0   2   2     1e-07   6.9e-07   24.7   0.0   236   350    65   188    62   189 0.87 -
de_novo.Agm54242U_210909_035710_23331403_ccs.1:138-704     -            189 31119at6656          -            490   7.6e-10   34.4   0.0   1   2    0.0028     0.019   10.0   0.1   302   368     1    74     1   101 0.73 -
de_novo.Agm54242U_210909_035710_23331403_ccs.1:138-704     -            189 31119at6656          -            490   7.6e-10   34.4   0.0   2   2     1e-07   6.9e-07   24.7   0.0   236   350    65   188    62   189 0.87 -
de_novo.Agm54242Ue_220404_200923_133694281_ccs.1:176-907   -            244 31119at6656          -            490   1.4e-09   33.6   0.0   1   2     0.061      0.42    5.6   0.0   283   310     9    36     2    82 0.68 -
de_novo.Agm54242Ue_220404_200923_133694281_ccs.1:176-907   -            244 31119at6656          -            490   1.4e-09   33.6   0.0   2   2   1.7e-07   1.1e-06   24.0   0.0   235   326   132   227   110   244 0.74 -
de_novo.Agm54242U_210909_035710_118686473_ccs.1:413-946    -            178 31119at6656          -            490   1.6e-09   33.4   0.0   1   1     3e-10   2.1e-09   33.0   0.0   254   365     4   121     2   141 0.84 -
de_novo.Agm54242U_210909_035710_171051164_ccs.1:1469-2281  -            271 31119at6656          -            490   1.6e-09   33.4   0.1   1   2   1.6e-08   1.1e-07   27.3   0.2   229   337     9   126     4   150 0.72 -
de_novo.Agm54242U_210909_035710_171051164_ccs.1:1469-2281  -            271 31119at6656          -            490   1.6e-09   33.4   0.1   2   2      0.18       1.2    4.1   0.0   333   362   209   238   197   269 0.63 -
de_novo.Agm54242U_210819_213017_103811671_ccs.1:1303-2016  -            238 31119at6656          -            490   2.5e-09   32.8   1.0   1   2   4.1e-05   0.00028   16.1   0.0   272   310    21    59     3   102 0.82 -
de_novo.Agm54242U_210819_213017_103811671_ccs.1:1303-2016  -            238 31119at6656          -            490   2.5e-09   32.8   1.0   2   2   5.8e-05    0.0004   15.6   0.3   275   385   120   231   113   237 0.87 -
de_novo.Agm54242U_210819_213017_83954249_ccs.1:1541-2254   -            238 31119at6656          -            490   2.5e-09   32.8   1.0   1   2   4.1e-05   0.00028   16.1   0.0   272   310    21    59     3   102 0.82 -
de_novo.Agm54242U_210819_213017_83954249_ccs.1:1541-2254   -            238 31119at6656          -            490   2.5e-09   32.8   1.0   2   2   5.8e-05    0.0004   15.6   0.3   275   385   120   231   113   237 0.87 -
de_novo.Agm54242U_210909_035710_57936230_ccs.1:255-962     -            236 31119at6656          -            490   2.6e-09   32.7   0.3   1   2   1.2e-08   8.3e-08   27.7   0.2   315   393    32   114    19   124 0.53 -
de_novo.Agm54242U_210909_035710_57936230_ccs.1:255-962     -            236 31119at6656          -            490   2.6e-09   32.7   0.3   2   2      0.35       2.4    3.1   0.0   336   350   221   235   190   236 0.58 -
de_novo.Agm54242Ue_220404_200923_27461220_ccs.1:128-820    -            231 31119at6656          -            490   3.9e-09   32.1   0.4   1   1   1.1e-09   7.7e-09   31.1   0.4   277   362    69   155    58   178 0.89 -
de_novo.Agm54242Ue_220404_200923_57475188_ccs.1:0-968      -            323 31119at6656          -            490   4.4e-09   32.0   0.0   1   3   7.3e-06     5e-05   18.6   0.0   276   355    72   152    64   191 0.88 -
de_novo.Agm54242Ue_220404_200923_57475188_ccs.1:0-968      -            323 31119at6656          -            490   4.4e-09   32.0   0.0   2   3       6.9        47   -1.2   0.0    33    54   216   237   214   243 0.82 -
de_novo.Agm54242Ue_220404_200923_57475188_ccs.1:0-968      -            323 31119at6656          -            490   4.4e-09   32.0   0.0   3   3     0.003      0.02    9.9   0.0   237   269   285   317   260   321 0.83 -
de_novo.AGAP000930-RB.1:174-929                            -            252 31119at6656          -            490   5.1e-09   31.7   0.5   1   1   3.1e-09   2.1e-08   29.7   0.4   272   388    12   139     7   160 0.67 -
de_novo.Agm54242U_210909_035710_118884358_ccs.1:174-929    -            252 31119at6656          -            490   5.1e-09   31.7   0.5   1   1   3.1e-09   2.1e-08   29.7   0.4   272   388    12   139     7   160 0.67 -
de_novo.Agm54242U_210819_213017_150407428_ccs.1:27-863     -            279 31119at6656          -            490   6.7e-09   31.3   6.4   1   2   3.2e-05   0.00022   16.4   0.0   240   311     3    80     1   138 0.64 -
de_novo.Agm54242U_210819_213017_150407428_ccs.1:27-863     -            279 31119at6656          -            490   6.7e-09   31.3   6.4   2   2   0.00014   0.00095   14.3   3.7   215   308   170   279   166   279 0.78 -
de_novo.Agm54242U_210909_035710_79300589_ccs.1:27-863      -            279 31119at6656          -            490   6.7e-09   31.3   6.4   1   2   3.2e-05   0.00022   16.4   0.0   240   311     3    80     1   138 0.64 -
de_novo.Agm54242U_210909_035710_79300589_ccs.1:27-863      -            279 31119at6656          -            490   6.7e-09   31.3   6.4   2   2   0.00014   0.00095   14.3   3.7   215   308   170   279   166   279 0.78 -
de_novo.Agm54242U_210909_035710_120324147_ccs.1:56-280     -             75 31119at6656          -            490   6.8e-09   31.3   0.0   1   1     2e-09   1.4e-08   30.3   0.0   318   384     2    71     1    75 0.86 -
de_novo.Agseq_154850.1:528-1250                            -            241 31119at6656          -            490   7.4e-09   31.2   0.4   1   2   3.1e-09   2.1e-08   29.7   0.0   286   361     4    84     1    88 0.84 -
de_novo.Agseq_154850.1:528-1250                            -            241 31119at6656          -            490   7.4e-09   31.2   0.4   2   2       7.3        50   -1.2   0.1   272   291   158   177   146   239 0.76 -
de_novo.AGAP005891-RA.1:231-770                            -            180 31119at6656          -            490   7.5e-09   31.2   0.3   1   1   3.1e-09   2.1e-08   29.7   0.3   279   389     2   124     1   137 0.75 -
de_novo.Agm54242U_210819_213017_141886695_ccs.1:231-770    -            180 31119at6656          -            490   7.5e-09   31.2   0.3   1   1   3.1e-09   2.1e-08   29.7   0.3   279   389     2   124     1   137 0.75 -
de_novo.Agseq_108524.1:1029-1568                           -            180 31119at6656          -            490   7.5e-09   31.2   0.3   1   1   3.1e-09   2.1e-08   29.7   0.3   279   389     2   124     1   137 0.75 -
de_novo.Agm54242Ue_220404_200923_119603605_ccs.1:464-889   -            142 31119at6656          -            490   8.4e-09   31.0   0.1   1   1   1.6e-09   1.1e-08   30.6   0.1   221   350     2   142     1   142 0.72 -
de_novo.Agm54242U_210909_035710_179374067_ccs.1:1317-1919  -            201 31119at6656          -            490     9e-09   30.9   0.6   1   2     0.022      0.15    7.1   0.0   294   353    55    73    40    85 0.68 -
de_novo.Agm54242U_210909_035710_179374067_ccs.1:1317-1919  -            201 31119at6656          -            490     9e-09   30.9   0.6   2   2   5.4e-07   3.7e-06   22.3   0.3   273   343   123   193    89   201 0.71 -
de_novo.Agseq_165207.1:1321-1923                           -            201 31119at6656          -            490     9e-09   30.9   0.6   1   2     0.022      0.15    7.1   0.0   294   353    55    73    40    85 0.68 -
de_novo.Agseq_165207.1:1321-1923                           -            201 31119at6656          -            490     9e-09   30.9   0.6   2   2   5.4e-07   3.7e-06   22.3   0.3   273   343   123   193    89   201 0.71 -
de_novo.Agm54242U_210819_213017_52560380_ccs.1:465-1124    -            220 31119at6656          -            490   9.8e-09   30.8   0.8   1   2   3.9e-09   2.7e-08   29.3   0.5   280   387     2   123     1   129 0.74 -
de_novo.Agm54242U_210819_213017_52560380_ccs.1:465-1124    -            220 31119at6656          -            490   9.8e-09   30.8   0.8   2   2    0.0085     0.058    8.5   0.0   240   349    97   216    90   219 0.63 -
de_novo.AGAP000479-RA.1:366-950                            -            195 31119at6656          -            490   1.6e-08   30.1   0.1   1   2     0.057      0.39    5.7   0.0   375   395    13    34     1    83 0.47 -
de_novo.AGAP000479-RA.1:366-950                            -            195 31119at6656          -            490   1.6e-08   30.1   0.1   2   2   4.6e-07   3.2e-06   22.5   0.0   267   328   132   193   122   195 0.86 -
de_novo.Agm54242U_210819_213017_8324301_ccs.1:530-1096     -            189 31119at6656          -            490   1.8e-08   29.9   0.2   1   2     0.064      0.44    5.6   0.0   326   390     4    75     1    85 0.69 -
de_novo.Agm54242U_210819_213017_8324301_ccs.1:530-1096     -            189 31119at6656          -            490   1.8e-08   29.9   0.2   2   2   5.6e-08   3.8e-07   25.6   0.2   240   358    46   169    42   184 0.81 -
de_novo.AGAP008286-RA.1:475-1323                           -            283 31119at6656          -            490   1.9e-08   29.8   0.0   1   2   1.2e-06     8e-06   21.2   0.0   236   385    37   192     4   200 0.74 -
de_novo.AGAP008286-RA.1:475-1323                           -            283 31119at6656          -            490   1.9e-08   29.8   0.0   2   2     0.029       0.2    6.7   0.0   273   310   245   282   218   283 0.75 -
de_novo.Agm54242Ue_220404_200923_154929318_ccs.1:768-983   -             72 31119at6656          -            490   3.6e-08   28.9   0.0   1   1   5.5e-09   3.8e-08   28.9   0.0   275   343     2    71     1    72 0.84 -
de_novo.AGAP007128-RA.1:1575-2591                          -            339 31119at6656          -            490   3.7e-08   28.9   0.1   1   2     2e-07   1.3e-06   23.7   0.1   279   398     1   118     1   122 0.71 -
de_novo.AGAP007128-RA.1:1575-2591                          -            339 31119at6656          -            490   3.7e-08   28.9   0.1   2   2      0.48       3.3    2.7   0.0   282   307   313   338   250   339 0.64 -
de_novo.Agm54242U_210819_213017_4851170_ccs.1:1563-2579    -            339 31119at6656          -            490   3.7e-08   28.9   0.1   1   2     2e-07   1.3e-06   23.7   0.1   279   398     1   118     1   122 0.71 -
de_novo.Agm54242U_210819_213017_4851170_ccs.1:1563-2579    -            339 31119at6656          -            490   3.7e-08   28.9   0.1   2   2      0.48       3.3    2.7   0.0   282   307   313   338   250   339 0.64 -
de_novo.AGAP000320-RC.1:951-1787                           -            279 31119at6656          -            490   8.4e-08   27.7   0.7   1   3       0.5       3.4    2.6   0.2   359   390    67   102     1   123 0.53 -
de_novo.AGAP000320-RC.1:951-1787                           -            279 31119at6656          -            490   8.4e-08   27.7   0.7   2   3       1.1       7.6    1.5   0.1   332   353    84   105    66   144 0.73 -
de_novo.AGAP000320-RC.1:951-1787                           -            279 31119at6656          -            490   8.4e-08   27.7   0.7   3   3   2.6e-07   1.8e-06   23.3   0.0   293   359   185   253   171   259 0.82 -
de_novo.Agm54242U_210909_035710_70517226_ccs.1:903-1739    -            279 31119at6656          -            490   8.4e-08   27.7   0.7   1   3       0.5       3.4    2.6   0.2   359   390    67   102     1   123 0.53 -
de_novo.Agm54242U_210909_035710_70517226_ccs.1:903-1739    -            279 31119at6656          -            490   8.4e-08   27.7   0.7   2   3       1.1       7.6    1.5   0.1   332   353    84   105    66   144 0.73 -
de_novo.Agm54242U_210909_035710_70517226_ccs.1:903-1739    -            279 31119at6656          -            490   8.4e-08   27.7   0.7   3   3   2.6e-07   1.8e-06   23.3   0.0   293   359   185   253   171   259 0.82 -
de_novo.Agm54242U_210909_035710_53479906_ccs.1:615-1376    -            254 31119at6656          -            490   9.8e-08   27.5   0.1   1   2      0.84       5.8    1.9   0.0   332   353    50    71    32   113 0.73 -
de_novo.Agm54242U_210909_035710_53479906_ccs.1:615-1376    -            254 31119at6656          -            490   9.8e-08   27.5   0.1   2   2   2.2e-07   1.5e-06   23.6   0.0   293   359   151   219   137   225 0.82 -
de_novo.AGAP028215-RA.1:657-1520                           -            288 31119at6656          -            490   1.4e-07   27.0   0.0   1   3     0.078      0.53    5.3   0.0   324   350    93   120    39   125 0.50 -
de_novo.AGAP028215-RA.1:657-1520                           -            288 31119at6656          -            490   1.4e-07   27.0   0.0   2   3   1.8e-06   1.2e-05   20.6   0.0   241   313    91   171    62   176 0.84 -
de_novo.AGAP028215-RA.1:657-1520                           -            288 31119at6656          -            490   1.4e-07   27.0   0.0   3   3      0.31       2.2    3.3   0.0   294   384   235   286   206   288 0.43 -
de_novo.Agm54242U_210819_213017_135266976_ccs.1:33-563     -            177 31119at6656          -            490   1.8e-07   26.6   0.0   1   2     0.047      0.32    6.0   0.0   328   381     8    60     3    78 0.72 -
de_novo.Agm54242U_210819_213017_135266976_ccs.1:33-563     -            177 31119at6656          -            490   1.8e-07   26.6   0.0   2   2   6.2e-06   4.3e-05   18.8   0.0   293   361    93   160    81   167 0.80 -
de_novo.Agm54242U_210909_035710_62980642_ccs.1:1137-2051   -            305 31119at6656          -            490   2.6e-07   26.1   0.6   1   4   5.9e-06     4e-05   18.9   0.1   283   355     2    81     1   130 0.81 -
de_novo.Agm54242U_210909_035710_62980642_ccs.1:1137-2051   -            305 31119at6656          -            490   2.6e-07   26.1   0.6   2   4       4.9        34   -0.7   0.0    38    62   109   133    89   163 0.82 -
de_novo.Agm54242U_210909_035710_62980642_ccs.1:1137-2051   -            305 31119at6656          -            490   2.6e-07   26.1   0.6   3   4       2.3        15    0.5   0.0   323   357   186   220   180   267 0.62 -
de_novo.Agm54242U_210909_035710_62980642_ccs.1:1137-2051   -            305 31119at6656          -            490   2.6e-07   26.1   0.6   4   4       1.7        11    0.9   0.0    34    49   290   305   277   305 0.76 -
de_novo.Agm54242Ue_220404_200923_33685809_ccs.1:135-368    -             78 31119at6656          -            490   3.3e-07   25.7   0.0   1   1   5.7e-08   3.9e-07   25.5   0.0   242   309     5    78     2    78 0.85 -
de_novo.Agseq_91874.1:1147-2367                            -            407 31119at6656          -            490   3.8e-07   25.5   0.3   1   1   1.1e-07   7.6e-07   24.5   0.0   254   318   333   406   305   407 0.74 -
de_novo.Agseq_62651.1:26-868                               -            281 31119at6656          -            490   4.1e-07   25.4   0.0   1   1   1.3e-07   9.1e-07   24.3   0.1   279   398     1   118     1   122 0.72 -
de_novo.Agm54242Ue_220404_200923_25364848_ccs.1:576-1382   -            269 31119at6656          -            490   4.4e-07   25.3   1.0   1   4      0.74       5.1    2.0   0.0    37    88    16    66    11    98 0.75 -
de_novo.Agm54242Ue_220404_200923_25364848_ccs.1:576-1382   -            269 31119at6656          -            490   4.4e-07   25.3   1.0   2   4    0.0031     0.021    9.9   0.4   274   354    95   183    81   196 0.70 -
de_novo.Agm54242Ue_220404_200923_25364848_ccs.1:576-1382   -            269 31119at6656          -            490   4.4e-07   25.3   1.0   3   4   0.00021    0.0014   13.7   0.1   247   313   157   230   151   242 0.75 -
de_novo.Agm54242Ue_220404_200923_25364848_ccs.1:576-1382   -            269 31119at6656          -            490   4.4e-07   25.3   1.0   4   4     0.015       0.1    7.6   0.0   287   312   204   229   199   264 0.53 -
de_novo.Agm54242U_210909_035710_138086137_ccs.1:60-839     -            260 31119at6656          -            490   4.6e-07   25.3   0.0   1   3      0.35       2.4    3.1   0.0   332   378     3    48     1    67 0.67 -
de_novo.Agm54242U_210909_035710_138086137_ccs.1:60-839     -            260 31119at6656          -            490   4.6e-07   25.3   0.0   2   3   1.4e-05   9.5e-05   17.6   0.0   293   361    84   151    72   158 0.80 -
de_novo.Agm54242U_210909_035710_138086137_ccs.1:60-839     -            260 31119at6656          -            490   4.6e-07   25.3   0.0   3   3       1.9        13    0.7   0.0   285   311   210   236   196   243 0.78 -
de_novo.Agm54242U_210819_213017_106628157_ccs.1:123-1040   -            306 31119at6656          -            490   5.5e-07   25.0   0.3   1   3   7.7e-07   5.3e-06   21.8   0.0   253   393    16   161     6   169 0.72 -
de_novo.Agm54242U_210819_213017_106628157_ccs.1:123-1040   -            306 31119at6656          -            490   5.5e-07   25.0   0.3   2   3       1.9        13    0.7   0.0   321   353   173   208   138   217 0.70 -
de_novo.Agm54242U_210819_213017_106628157_ccs.1:123-1040   -            306 31119at6656          -            490   5.5e-07   25.0   0.3   3   3       8.2        56   -1.4   0.1   302   350   252   301   223   306 0.49 -
de_novo.Agseq_130152.1:1-528                               -            176 31119at6656          -            490   6.3e-07   24.8   0.0   1   2     5e-07   3.4e-06   22.4   0.0   294   387    14   112     5   115 0.82 -
de_novo.Agseq_130152.1:1-528                               -            176 31119at6656          -            490   6.3e-07   24.8   0.0   2   2       2.9        20    0.1   0.0    33    54   142   163   139   169 0.83 -
de_novo.seqSigP-130154.1:6-527                             -            174 31119at6656          -            490   6.8e-07   24.7   0.0   1   2   5.1e-07   3.5e-06   22.4   0.0   294   387     9   107     1   110 0.82 -
de_novo.seqSigP-130154.1:6-527                             -            174 31119at6656          -            490   6.8e-07   24.7   0.0   2   2       2.8        19    0.1   0.0    33    54   137   158   134   164 0.83 -
de_novo.Agm54242Ue_220404_200923_119670119_ccs.1:570-881   -            104 31119at6656          -            490   6.8e-07   24.7   0.0   1   1   1.1e-07   7.5e-07   24.6   0.0   238   311    23    99    16   104 0.83 -
de_novo.AGAP006889-RA.1:1050-2060                          -            337 31119at6656          -            490   7.2e-07   24.6   1.2   1   1   2.3e-07   1.6e-06   23.5   1.2   279   390   212   337   201   337 0.76 -
de_novo.AGAP007544-RA.1:252-593                            -            114 31119at6656          -            490   1.2e-06   23.9   0.4   1   1   2.1e-07   1.5e-06   23.6   0.4   195   305     2   112     1   114 0.77 -
de_novo.Agm54242Ue_220404_200923_155518806_ccs.1:102-944   -            281 31119at6656          -            490   1.2e-06   23.9   8.9   1   3   7.7e-06   5.2e-05   18.5   6.0   284   390     4   119     1   123 0.77 -
de_novo.Agm54242Ue_220404_200923_155518806_ccs.1:102-944   -            281 31119at6656          -            490   1.2e-06   23.9   8.9   2   3      0.18       1.3    4.1   0.2   215   235   101   121    93   135 0.66 -
de_novo.Agm54242Ue_220404_200923_155518806_ccs.1:102-944   -            281 31119at6656          -            490   1.2e-06   23.9   8.9   3   3      0.12      0.83    4.6   0.0   284   334   228   279   223   281 0.77 -
de_novo.Agm54242U_210909_035710_124782174_ccs.1:267-701    -            145 31119at6656          -            490   1.3e-06   23.8   0.1   1   1   2.2e-07   1.5e-06   23.6   0.1   251   341    10   104     3   140 0.78 -
de_novo.seqSigP-69478.1:369-803                            -            145 31119at6656          -            490   1.3e-06   23.8   0.1   1   1   2.2e-07   1.5e-06   23.6   0.1   251   341    10   104     3   140 0.78 -
de_novo.Agm54242U_210909_035710_106561813_ccs.1:951-1685   -            245 31119at6656          -            490   1.4e-06   23.7   1.0   1   3      0.38       2.6    3.0   0.2   359   390    67   102     1   124 0.53 -
de_novo.Agm54242U_210909_035710_106561813_ccs.1:951-1685   -            245 31119at6656          -            490   1.4e-06   23.7   1.0   2   3      0.94       6.4    1.7   0.1   332   353    84   105    68   144 0.74 -
de_novo.Agm54242U_210909_035710_106561813_ccs.1:951-1685   -            245 31119at6656          -            490   1.4e-06   23.7   1.0   3   3   4.3e-06   2.9e-05   19.3   0.0   293   350   185   244   171   245 0.79 -
de_novo.Agm54242U_210909_035710_78381724_ccs.1:1137-1790   -            218 31119at6656          -            490   2.4e-06   22.9   0.1   1   3   4.6e-06   3.1e-05   19.2   0.1   283   354     2    80     1    92 0.81 -
de_novo.Agm54242U_210909_035710_78381724_ccs.1:1137-1790   -            218 31119at6656          -            490   2.4e-06   22.9   0.1   2   3       3.5        24   -0.2   0.0    38    62   109   133    88   147 0.82 -
de_novo.Agm54242U_210909_035710_78381724_ccs.1:1137-1790   -            218 31119at6656          -            490   2.4e-06   22.9   0.1   3   3       7.6        52   -1.3   0.0   321   353   184   216   180   218 0.83 -
de_novo.Agseq_130718.1:415-921                             -            169 31119at6656          -            490   2.5e-06   22.9   2.1   1   2   0.00014   0.00096   14.3   0.2   283   369     5    90     1    99 0.62 -
de_novo.Agseq_130718.1:415-921                             -            169 31119at6656          -            490   2.5e-06   22.9   2.1   2   2    0.0068     0.047    8.8   0.5   287   311   143   167    78   169 0.64 -
de_novo.AGAP001149-RA.1:129-839                            -            237 31119at6656          -            490   6.3e-06   21.5   1.6   1   2     0.018      0.12    7.4   0.0   331   388     6    65     3    78 0.85 -
de_novo.AGAP001149-RA.1:129-839                            -            237 31119at6656          -            490   6.3e-06   21.5   1.6   2   2    0.0011    0.0076   11.4   1.1   237   390    78   236    70   237 0.74 -
de_novo.AGAP000981-RA.1:132-674                            -            181 31119at6656          -            490   7.9e-06   21.2   0.0   1   1   1.7e-06   1.1e-05   20.7   0.0   238   357     5   137     1   145 0.76 -
de_novo.seqSigP-124481.1:699-1022                          -            108 31119at6656          -            490   1.1e-05   20.8   0.0   1   1   1.2e-05   8.3e-05   17.8   0.0   274   323    43    93    16   100 0.84 -
de_novo.Agm54242U_210909_035710_79495349_ccs.1:91-597      -            169 31119at6656          -            490   1.2e-05   20.6   5.7   1   1   4.8e-06   3.3e-05   19.2   5.7   296   395     3   108     1   115 0.79 -
de_novo.Agm54242U_210819_213017_137626719_ccs.1:309-959    -            217 31119at6656          -            490   1.4e-05   20.4   0.0   1   2    0.0083     0.057    8.5   0.0   325   388    38   105    25   110 0.82 -
de_novo.Agm54242U_210819_213017_137626719_ccs.1:309-959    -            217 31119at6656          -            490   1.4e-05   20.4   0.0   2   2    0.0028     0.019   10.0   0.0   275   316   118   160   113   187 0.82 -
de_novo.Agseq_126320.1:360-1118                            -            253 31119at6656          -            490   1.5e-05   20.3   0.0   1   1   2.9e-06     2e-05   19.9   0.0   239   328   157   248   135   252 0.88 -
de_novo.AGAP011551-RA.1:390-1037                           -            216 31119at6656          -            490   1.6e-05   20.2   0.6   1   2     0.052      0.36    5.8   0.1   294   377    15   103     3   107 0.67 -
de_novo.AGAP011551-RA.1:390-1037                           -            216 31119at6656          -            490   1.6e-05   20.2   0.6   2   2   0.00028    0.0019   13.3   0.4   338   403   109   180    60   190 0.68 -
de_novo.Agm54242U_210909_035710_32770565_ccs.1:402-1049    -            216 31119at6656          -            490   1.6e-05   20.2   0.6   1   2     0.052      0.36    5.8   0.1   294   377    15   103     3   107 0.67 -
de_novo.Agm54242U_210909_035710_32770565_ccs.1:402-1049    -            216 31119at6656          -            490   1.6e-05   20.2   0.6   2   2   0.00028    0.0019   13.3   0.4   338   403   109   180    60   190 0.68 -
de_novo.Agm54242U_210819_213017_95422388_ccs.1:390-1079    -            230 31119at6656          -            490   1.9e-05   20.0   0.6   1   2     0.058       0.4    5.7   0.1   294   377    15   103     3   110 0.67 -
de_novo.Agm54242U_210819_213017_95422388_ccs.1:390-1079    -            230 31119at6656          -            490   1.9e-05   20.0   0.6   2   2    0.0003    0.0021   13.2   0.4   338   404   109   181    60   194 0.68 -
de_novo.Agm54242U_210819_213017_157681551_ccs.1:191-742    -            184 31119at6656          -            490   2.4e-05   19.6   0.0   1   2     0.077      0.53    5.3   0.0   363   402     6    46     3    49 0.82 -
de_novo.Agm54242U_210819_213017_157681551_ccs.1:191-742    -            184 31119at6656          -            490   2.4e-05   19.6   0.0   2   2   0.00047    0.0032   12.6   0.1   271   371    79   179    47   184 0.76 -
de_novo.Agm54242U_210909_035710_34800818_ccs.1:486-1151    -            222 31119at6656          -            490   4.4e-05   18.7   0.2   1   3     0.058       0.4    5.7   0.2   242   337    11    71     2   147 0.53 -
de_novo.Agm54242U_210909_035710_34800818_ccs.1:486-1151    -            222 31119at6656          -            490   4.4e-05   18.7   0.2   2   3     0.039      0.27    6.3   0.0   283   350   106   177    91   185 0.54 -
de_novo.Agm54242U_210909_035710_34800818_ccs.1:486-1151    -            222 31119at6656          -            490   4.4e-05   18.7   0.2   3   3    0.0022     0.015   10.4   0.0   241   307   148   222   139   222 0.78 -
de_novo.AGAP000009-RA.1:75-1412                            -            446 31119at6656          -            490   6.1e-05   18.3   0.2   1   3    0.0085     0.058    8.4   0.0   319   367    71   121    18   141 0.74 -
de_novo.AGAP000009-RA.1:75-1412                            -            446 31119at6656          -            490   6.1e-05   18.3   0.2   2   3      0.21       1.5    3.8   0.0   325   355   216   246   184   258 0.81 -
de_novo.AGAP000009-RA.1:75-1412                            -            446 31119at6656          -            490   6.1e-05   18.3   0.2   3   3      0.55       3.8    2.5   0.0    34    50   428   444   416   446 0.57 -
de_novo.Agm54242U_210819_213017_179243616_ccs.1:75-1412    -            446 31119at6656          -            490   6.1e-05   18.3   0.2   1   3    0.0085     0.058    8.4   0.0   319   367    71   121    18   141 0.74 -
de_novo.Agm54242U_210819_213017_179243616_ccs.1:75-1412    -            446 31119at6656          -            490   6.1e-05   18.3   0.2   2   3      0.21       1.5    3.8   0.0   325   355   216   246   184   258 0.81 -
de_novo.Agm54242U_210819_213017_179243616_ccs.1:75-1412    -            446 31119at6656          -            490   6.1e-05   18.3   0.2   3   3      0.55       3.8    2.5   0.0    34    50   428   444   416   446 0.57 -
de_novo.AGAP000017-RC.1:8829-9545                          -            239 31119at6656          -            490   9.8e-05   17.6   0.2   1   3      0.01     0.071    8.2   0.3   259   310    10    67     3    80 0.69 -
de_novo.AGAP000017-RC.1:8829-9545                          -            239 31119at6656          -            490   9.8e-05   17.6   0.2   2   3         3        20    0.0   0.0   236   261    86   111    83   121 0.77 -
de_novo.AGAP000017-RC.1:8829-9545                          -            239 31119at6656          -            490   9.8e-05   17.6   0.2   3   3     0.087       0.6    5.1   0.0   318   376   168   227   159   237 0.84 -
de_novo.AGAP000930-RB.1:2310-2498                          -             63 31119at6656          -            490   0.00012   17.4   0.0   1   1   1.8e-05   0.00012   17.3   0.0   280   323     4    48     1    62 0.66 -
de_novo.Agseq_171627.1:606-1241                            -            212 31119at6656          -            490   0.00016   16.9   0.0   1   1   5.7e-05   0.00039   15.6   0.0   295   352     5    63     1    71 0.56 -
de_novo.Agm54242Ue_220404_200923_178061399_ccs.1:39-812    -            258 31119at6656          -            490   0.00017   16.8   0.8   1   1   6.2e-05   0.00043   15.5   0.7   232   350    32   161    24   170 0.75 -
de_novo.Agm54242U_210909_035710_162857351_ccs.1:230-1077   -            157 31119at6656          -            490   0.00022   16.5   0.4   1   1   5.9e-05   0.00041   15.6   0.3   289   352    79   147    68   154 0.63 -
de_novo.Agm54242Ue_220404_200923_87165194_ccs.1:76-923     -            157 31119at6656          -            490   0.00022   16.5   0.4   1   1   5.9e-05   0.00041   15.6   0.3   289   352    79   147    68   154 0.63 -
de_novo.Agm54242Ue_220404_200923_89785447_ccs.1:258-1105   -            157 31119at6656          -            490   0.00022   16.5   0.4   1   1   5.9e-05   0.00041   15.6   0.3   289   352    79   147    68   154 0.63 -
de_novo.Agm54242Ue_220404_200923_7014000_ccs.1:3-1064      -            354 31119at6656          -            490   0.00026   16.2   3.2   1   2   0.00029     0.002   13.3   0.9   232   349    44   163    38   173 0.74 -
de_novo.Agm54242Ue_220404_200923_7014000_ccs.1:3-1064      -            354 31119at6656          -            490   0.00026   16.2   3.2   2   2      0.69       4.7    2.1   0.0   277   352   285   353   264   354 0.72 -
de_novo.AGAP007763-RA.1:3396-3782                          -            129 31119at6656          -            490   0.00026   16.2   0.2   1   1   4.6e-05   0.00032   15.9   0.2   286   344    62   121    41   129 0.74 -
de_novo.Agm54242U_210909_035710_76283981_ccs.1:2515-2901   -            129 31119at6656          -            490   0.00026   16.2   0.2   1   1   4.6e-05   0.00032   15.9   0.2   286   344    62   121    41   129 0.74 -
de_novo.Agseq_145052.1:165-386                             -             74 31119at6656          -            490   0.00057   15.1   0.0   1   1   8.3e-05   0.00057   15.1   0.0   320   365     3    49     1    73 0.55 -
de_novo.seqSigP-142979.1:729-1667                          -            313 31119at6656          -            490   0.00064   14.9   1.4   1   2      0.22       1.5    3.8   0.0    33    61   184   212   163   221 0.84 -
de_novo.seqSigP-142979.1:729-1667                          -            313 31119at6656          -            490   0.00064   14.9   1.4   2   2     0.004     0.027    9.5   0.1   295   354   235   295   228   303 0.73 -
de_novo.Agm54242U_210819_213017_68684142_ccs.1:2749-3444   -            232 31119at6656          -            490   0.00075   14.7   0.2   1   1   0.00023    0.0016   13.6   0.0   296   363     3    77     1    81 0.79 -
de_novo.AGAP004190-RA.1:955-1473                           -            173 31119at6656          -            490    0.0034   12.5   0.0   1   1     0.001    0.0071   11.5   0.0   237   279    67   109    42   124 0.88 -
de_novo.Agseq_63571.1:151-669                              -            173 31119at6656          -            490    0.0034   12.5   0.0   1   1     0.001    0.0071   11.5   0.0   237   279    67   109    42   124 0.88 -
de_novo.Agm54242U_210819_213017_57869709_ccs.1:222-626     -            135 31119at6656          -            490    0.0057   11.8   0.0   1   2    0.0016     0.011   10.8   0.0   240   297    26    85    20   102 0.83 -
de_novo.Agm54242U_210819_213017_57869709_ccs.1:222-626     -            135 31119at6656          -            490    0.0057   11.8   0.0   2   2      0.54       3.7    2.5   0.0   251   301    80   129    79   133 0.83 -
de_novo.Agseq_145761.1:336-1025                            -            230 31119at6656          -            490    0.0059   11.7   0.2   1   2    0.0069     0.047    8.8   0.0   234   269    79   114    47   132 0.70 -
de_novo.Agseq_145761.1:336-1025                            -            230 31119at6656          -            490    0.0059   11.7   0.2   2   2       1.7        12    0.8   0.0   219   237   170   188   160   228 0.55 -
de_novo.Agm54242Ue_220404_200923_158336798_ccs.1:30-266    -             79 31119at6656          -            490    0.0079   11.3   0.1   1   1    0.0031     0.021    9.9   0.1   295   345    20    76     4    79 0.42 -
de_novo.Agseq_103072.1:60-296                              -             79 31119at6656          -            490    0.0079   11.3   0.1   1   1    0.0031     0.021    9.9   0.1   295   345    20    76     4    79 0.42 -
de_novo.AGAP011562-RA.1:204-2957                           -            918 31119at6656          -            490    0.0079   11.3   2.5   1   1   0.00095    0.0065   11.6   0.3   276   344     1    72     1    83 0.51 -
de_novo.AGAP010035-RA.1:3204-3809                          -            202 31119at6656          -            490     0.011   10.9   0.1   1   3     0.078      0.53    5.3   0.0    30    50    12    32     4    61 0.84 -
de_novo.AGAP010035-RA.1:3204-3809                          -            202 31119at6656          -            490     0.011   10.9   0.1   2   3       1.1       7.7    1.4   0.0   328   355    75   102    55   141 0.62 -
de_novo.AGAP010035-RA.1:3204-3809                          -            202 31119at6656          -            490     0.011   10.9   0.1   3   3       0.9       6.1    1.8   0.0   311   353   145   187    79   196 0.55 -
de_novo.Agm54242U_210819_213017_148048713_ccs.1:789-1394   -            202 31119at6656          -            490     0.011   10.9   0.1   1   3     0.078      0.53    5.3   0.0    30    50    12    32     4    61 0.84 -
de_novo.Agm54242U_210819_213017_148048713_ccs.1:789-1394   -            202 31119at6656          -            490     0.011   10.9   0.1   2   3       1.1       7.7    1.4   0.0   328   355    75   102    55   141 0.62 -
de_novo.Agm54242U_210819_213017_148048713_ccs.1:789-1394   -            202 31119at6656          -            490     0.011   10.9   0.1   3   3       0.9       6.1    1.8   0.0   311   353   145   187    79   196 0.55 -
de_novo.Agm54242U_210819_213017_52167310_ccs.1:566-1171    -            202 31119at6656          -            490     0.011   10.9   0.1   1   3     0.078      0.53    5.3   0.0    30    50    12    32     4    61 0.84 -
de_novo.Agm54242U_210819_213017_52167310_ccs.1:566-1171    -            202 31119at6656          -            490     0.011   10.9   0.1   2   3       1.1       7.7    1.4   0.0   328   355    75   102    55   141 0.62 -
de_novo.Agm54242U_210819_213017_52167310_ccs.1:566-1171    -            202 31119at6656          -            490     0.011   10.9   0.1   3   3       0.9       6.1    1.8   0.0   311   353   145   187    79   196 0.55 -
de_novo.Agm54242U_210909_035710_73991597_ccs.1:320-787     -            156 31119at6656          -            490     0.013   10.6   0.0   1   1    0.0022     0.015   10.4   0.0   341   390    12    63     3    98 0.61 -
#
# Program:         hmmsearch
# Version:         3.1b2 (February 2015)
# Pipeline mode:   SEARCH
# Query file:      /hpcdata/bcbb/homc/Barillaslab/Agam_hemo_transcriptomes/scripts/compare_txomes/busco/busco_downloads/lineages/arthropoda_odb10/hmms/31119at6656.hmm
# Target file:     /hpcdata/bcbb/homc/Barillaslab/Agam_hemo_transcriptomes/scripts/compare_txomes/busco/denovo_Agamhemo_BUSCO/run_arthropoda_odb10/metaeuk_output/rerun_results/de_novo_transcriptome_with_genome_hits_and_expression_filtering.gffread.fa.modified.fas
# Option settings: hmmsearch --domtblout /hpcdata/bcbb/homc/Barillaslab/Agam_hemo_transcriptomes/scripts/compare_txomes/busco/denovo_Agamhemo_BUSCO/run_arthropoda_odb10/hmmer_output/rerun_results/31119at6656.out --cpu 1 /hpcdata/bcbb/homc/Barillaslab/Agam_hemo_transcriptomes/scripts/compare_txomes/busco/busco_downloads/lineages/arthropoda_odb10/hmms/31119at6656.hmm /hpcdata/bcbb/homc/Barillaslab/Agam_hemo_transcriptomes/scripts/compare_txomes/busco/denovo_Agamhemo_BUSCO/run_arthropoda_odb10/metaeuk_output/rerun_results/de_novo_transcriptome_with_genome_hits_and_expression_filtering.gffread.fa.modified.fas 
# Current dir:     /hpcdata/bcbb/homc/Barillaslab/Agam_hemo_transcriptomes/scripts/compare_txomes/busco
# Date:            Sun Jan 29 13:19:20 2023
# [ok]
