#                                                                                                                  --- full sequence --- -------------- this domain -------------   hmm coord   ali coord   env coord
# target name                                              accession   tlen query name           accession   qlen   E-value  score  bias   #  of  c-Evalue  i-Evalue  score  bias  from    to  from    to  from    to  acc description of target
#                                      ------------------- ---------- ----- -------------------- ---------- ----- --------- ------ ----- --- --- --------- --------- ------ ----- ----- ----- ----- ----- ----- ----- ---- ---------------------
de_novo.Agm54242Ue_220404_200923_8454787_ccs.1:19-408      -            130 68731at6656          -            381   4.3e-44  147.2   1.6   1   2   1.1e-27   5.6e-26   87.6   0.1   246   306     3    65     1    85 0.91 -
de_novo.Agm54242Ue_220404_200923_8454787_ccs.1:19-408      -            130 68731at6656          -            381   4.3e-44  147.2   1.6   2   2   3.7e-19   1.9e-17   59.5   0.3   304   338    96   130    79   130 0.91 -
de_novo.Agm54242Ue_220404_200923_93258260_ccs.1:366-659    -             98 68731at6656          -            381   6.9e-40  133.4   0.1   1   1   1.4e-41   7.3e-40  133.3   0.1   304   381    17    97     2    97 0.94 -
de_novo.Agm54242U_210909_035710_395201_ccs.1:780-1754      -            325 68731at6656          -            381   1.4e-14   50.1   0.3   1   3   8.5e-08   4.5e-06   22.1   0.0    91   124     1    34     1   114 0.70 -
de_novo.Agm54242U_210909_035710_395201_ccs.1:780-1754      -            325 68731at6656          -            381   1.4e-14   50.1   0.3   2   3       1.1        56   -1.3   0.0   174   208   124   159   118   172 0.77 -
de_novo.Agm54242U_210909_035710_395201_ccs.1:780-1754      -            325 68731at6656          -            381   1.4e-14   50.1   0.3   3   3   8.7e-09   4.6e-07   25.3   0.0   285   361   235   314   206   325 0.79 -
de_novo.AGAP008805-RA.1:774-1883                           -            370 68731at6656          -            381     1e-13   47.2   4.6   1   4     1e-06   5.3e-05   18.6   0.1    91   115     1    25     1    40 0.90 -
de_novo.AGAP008805-RA.1:774-1883                           -            370 68731at6656          -            381     1e-13   47.2   4.6   2   4      0.88        46   -1.0   0.0   130   176    77   120    45   123 0.70 -
de_novo.AGAP008805-RA.1:774-1883                           -            370 68731at6656          -            381     1e-13   47.2   4.6   3   4     0.022       1.1    4.3   0.0   174   213   152   192   143   201 0.79 -
de_novo.AGAP008805-RA.1:774-1883                           -            370 68731at6656          -            381     1e-13   47.2   4.6   4   4   5.9e-08   3.1e-06   22.6   0.4   310   359   306   358   242   362 0.82 -
de_novo.AGAP012139-RA.1:70-1149                            -            360 68731at6656          -            381   1.8e-13   46.4   9.3   1   3   4.3e-05    0.0023   13.2   0.5    91   120     1    30     1   108 0.53 -
de_novo.AGAP012139-RA.1:70-1149                            -            360 68731at6656          -            381   1.8e-13   46.4   9.3   2   3   1.6e-05   0.00083   14.6   1.7   176   286   164   283   160   290 0.76 -
de_novo.AGAP012139-RA.1:70-1149                            -            360 68731at6656          -            381   1.8e-13   46.4   9.3   3   3   1.5e-07   7.7e-06   21.3   0.0   307   360   285   340   282   360 0.85 -
de_novo.Agm54242Ue_220404_200923_154076541_ccs.1:1362-2216 -            285 68731at6656          -            381   1.2e-11   40.4   4.7   1   1     2e-11     1e-09   34.0   4.7    90   357     5   282     4   285 0.71 -
de_novo.Agseq_133067.1:832-1686                            -            285 68731at6656          -            381   1.2e-11   40.4   4.7   1   1     2e-11     1e-09   34.0   4.7    90   357     5   282     4   285 0.71 -
de_novo.AGAP006652-RA.1:4092-5228                          -            379 68731at6656          -            381   7.4e-11   37.8   1.0   1   2    0.0008     0.042    9.0   0.0    91   150     2    60     1    73 0.68 -
de_novo.AGAP006652-RA.1:4092-5228                          -            379 68731at6656          -            381   7.4e-11   37.8   1.0   2   2   5.4e-09   2.8e-07   26.0   0.2   242   361   257   365   236   377 0.78 -
de_novo.Agm54242U_210909_035710_119342136_ccs.1:2257-3393  -            379 68731at6656          -            381   7.4e-11   37.8   1.0   1   2    0.0008     0.042    9.0   0.0    91   150     2    60     1    73 0.68 -
de_novo.Agm54242U_210909_035710_119342136_ccs.1:2257-3393  -            379 68731at6656          -            381   7.4e-11   37.8   1.0   2   2   5.4e-09   2.8e-07   26.0   0.2   242   361   257   365   236   377 0.78 -
de_novo.Agm54242U_210909_035710_160631344_ccs.1:4167-5303  -            379 68731at6656          -            381   7.4e-11   37.8   1.0   1   2    0.0008     0.042    9.0   0.0    91   150     2    60     1    73 0.68 -
de_novo.Agm54242U_210909_035710_160631344_ccs.1:4167-5303  -            379 68731at6656          -            381   7.4e-11   37.8   1.0   2   2   5.4e-09   2.8e-07   26.0   0.2   242   361   257   365   236   377 0.78 -
de_novo.Agm54242U_210909_035710_70451350_ccs.1:808-1944    -            379 68731at6656          -            381   7.4e-11   37.8   1.0   1   2    0.0008     0.042    9.0   0.0    91   150     2    60     1    73 0.68 -
de_novo.Agm54242U_210909_035710_70451350_ccs.1:808-1944    -            379 68731at6656          -            381   7.4e-11   37.8   1.0   2   2   5.4e-09   2.8e-07   26.0   0.2   242   361   257   365   236   377 0.78 -
de_novo.Agm54242U_210909_035710_68364_ccs.1:139-1116       -            326 68731at6656          -            381   1.6e-10   36.8   2.4   1   2   7.9e-08   4.1e-06   22.2   0.0    89   115    20    46    13    52 0.89 -
de_novo.Agm54242U_210909_035710_68364_ccs.1:139-1116       -            326 68731at6656          -            381   1.6e-10   36.8   2.4   2   2    0.0011      0.06    8.5   0.9   309   359   263   317   134   322 0.52 -
de_novo.AGAP003821-RA.1:72-2195                            -            708 68731at6656          -            381   1.3e-09   33.8   0.2   1   4   1.2e-06   6.3e-05   18.3   0.1    90   115   155   180   146   186 0.90 -
de_novo.AGAP003821-RA.1:72-2195                            -            708 68731at6656          -            381   1.3e-09   33.8   0.2   2   4         2   1.1e+02   -2.2   0.0   175   209   429   464   423   470 0.79 -
de_novo.AGAP003821-RA.1:72-2195                            -            708 68731at6656          -            381   1.3e-09   33.8   0.2   3   4       3.8     2e+02   -3.1   0.0   238   279   591   630   584   635 0.76 -
de_novo.AGAP003821-RA.1:72-2195                            -            708 68731at6656          -            381   1.3e-09   33.8   0.2   4   4   0.00012    0.0062   11.8   0.0   314   359   648   696   636   705 0.82 -
de_novo.Agseq_76168.1:51-2174                              -            708 68731at6656          -            381   1.3e-09   33.8   0.2   1   4   1.2e-06   6.3e-05   18.3   0.1    90   115   155   180   146   186 0.90 -
de_novo.Agseq_76168.1:51-2174                              -            708 68731at6656          -            381   1.3e-09   33.8   0.2   2   4         2   1.1e+02   -2.2   0.0   175   209   429   464   423   470 0.79 -
de_novo.Agseq_76168.1:51-2174                              -            708 68731at6656          -            381   1.3e-09   33.8   0.2   3   4       3.8     2e+02   -3.1   0.0   238   279   591   630   584   635 0.76 -
de_novo.Agseq_76168.1:51-2174                              -            708 68731at6656          -            381   1.3e-09   33.8   0.2   4   4   0.00012    0.0062   11.8   0.0   314   359   648   696   636   705 0.82 -
de_novo.Agm54242Ue_220404_200923_16647534_ccs.1:291-863    -            191 68731at6656          -            381   1.1e-08   30.7   0.2   1   1   9.4e-10     5e-08   28.5   0.2   240   361    64   174    41   187 0.78 -
de_novo.Agm54242U_210909_035710_55378299_ccs.1:70-474      -            135 68731at6656          -            381   2.1e-08   29.7   1.1   1   2   4.2e-06   0.00022   16.5   0.6    91   172     1   100     1   106 0.52 -
de_novo.Agm54242U_210909_035710_55378299_ccs.1:70-474      -            135 68731at6656          -            381   2.1e-08   29.7   1.1   2   2   0.00018    0.0097   11.1   0.0   317   350   100   135    96   135 0.90 -
de_novo.AGAP003643-RA.1:6660-7352                          -            231 68731at6656          -            381   2.9e-08   29.3   5.2   1   1   1.9e-09   9.8e-08   27.6   5.2    90   283     6   227     5   230 0.74 -
de_novo.Agm54242U_210819_213017_58327617_ccs.1:940-1698    -            253 68731at6656          -            381   7.8e-08   27.9   0.4   1   3       6.8   3.6e+02   -3.9   0.0   156   179     3    26     3    40 0.68 -
de_novo.Agm54242U_210819_213017_58327617_ccs.1:940-1698    -            253 68731at6656          -            381   7.8e-08   27.9   0.4   2   3      0.72        38   -0.7   0.0   174   208    52    87    46   102 0.78 -
de_novo.Agm54242U_210819_213017_58327617_ccs.1:940-1698    -            253 68731at6656          -            381   7.8e-08   27.9   0.4   3   3   5.1e-09   2.7e-07   26.1   0.0   285   361   163   242   132   253 0.79 -
de_novo.Agm54242Ue_220404_200923_59966436_ccs.1:234-992    -            253 68731at6656          -            381   7.8e-08   27.9   0.4   1   3       6.8   3.6e+02   -3.9   0.0   156   179     3    26     3    40 0.68 -
de_novo.Agm54242Ue_220404_200923_59966436_ccs.1:234-992    -            253 68731at6656          -            381   7.8e-08   27.9   0.4   2   3      0.72        38   -0.7   0.0   174   208    52    87    46   102 0.78 -
de_novo.Agm54242Ue_220404_200923_59966436_ccs.1:234-992    -            253 68731at6656          -            381   7.8e-08   27.9   0.4   3   3   5.1e-09   2.7e-07   26.1   0.0   285   361   163   242   132   253 0.79 -
de_novo.Agm54242U_210819_213017_21692485_ccs.1:209-1312    -            368 68731at6656          -            381   8.3e-08   27.8   0.0   1   3   7.4e-08   3.9e-06   22.3   0.0    90   117    98   125    95   143 0.84 -
de_novo.Agm54242U_210819_213017_21692485_ccs.1:209-1312    -            368 68731at6656          -            381   8.3e-08   27.8   0.0   2   3     0.075       3.9    2.5   0.0   145   173   192   217   179   229 0.80 -
de_novo.Agm54242U_210819_213017_21692485_ccs.1:209-1312    -            368 68731at6656          -            381   8.3e-08   27.8   0.0   3   3       2.7   1.4e+02   -2.6   0.0   240   271   325   356   312   367 0.70 -
de_novo.Agseq_105278.1:684-1787                            -            368 68731at6656          -            381   8.3e-08   27.8   0.0   1   3   7.4e-08   3.9e-06   22.3   0.0    90   117    98   125    95   143 0.84 -
de_novo.Agseq_105278.1:684-1787                            -            368 68731at6656          -            381   8.3e-08   27.8   0.0   2   3     0.075       3.9    2.5   0.0   145   173   192   217   179   229 0.80 -
de_novo.Agseq_105278.1:684-1787                            -            368 68731at6656          -            381   8.3e-08   27.8   0.0   3   3       2.7   1.4e+02   -2.6   0.0   240   271   325   356   312   367 0.70 -
de_novo.Agm54242U_210909_035710_21496514_ccs.1:684-1817    -            378 68731at6656          -            381   8.8e-08   27.7   0.0   1   3   7.6e-08     4e-06   22.2   0.0    90   117    98   125    95   143 0.84 -
de_novo.Agm54242U_210909_035710_21496514_ccs.1:684-1817    -            378 68731at6656          -            381   8.8e-08   27.7   0.0   2   3     0.078       4.1    2.5   0.0   145   173   202   227   189   238 0.80 -
de_novo.Agm54242U_210909_035710_21496514_ccs.1:684-1817    -            378 68731at6656          -            381   8.8e-08   27.7   0.0   3   3       2.8   1.5e+02   -2.7   0.0   240   271   335   366   322   377 0.70 -
de_novo.Agm54242U_210909_035710_16975707_ccs.1:91-327      -             79 68731at6656          -            381   1.2e-07   27.2   0.0   1   1   2.3e-09   1.2e-07   27.2   0.0   315   364    27    79     5    79 0.84 -
de_novo.Agm54242U_210819_213017_83298434_ccs.1:756-1385    -            210 68731at6656          -            381   4.8e-07   25.3   0.2   1   3   1.6e-07   8.3e-06   21.2   0.0    91   115     3    27     1    54 0.90 -
de_novo.Agm54242U_210819_213017_83298434_ccs.1:756-1385    -            210 68731at6656          -            381   4.8e-07   25.3   0.2   2   3      0.43        22    0.0   0.0   119   161    70   115    65   153 0.66 -
de_novo.Agm54242U_210819_213017_83298434_ccs.1:756-1385    -            210 68731at6656          -            381   4.8e-07   25.3   0.2   3   3      0.38        20    0.2   0.0   179   208   174   204   136   209 0.78 -
de_novo.Agm54242U_210909_035710_73335524_ccs.1:727-1356    -            210 68731at6656          -            381   4.8e-07   25.3   0.2   1   3   1.6e-07   8.3e-06   21.2   0.0    91   115     3    27     1    54 0.90 -
de_novo.Agm54242U_210909_035710_73335524_ccs.1:727-1356    -            210 68731at6656          -            381   4.8e-07   25.3   0.2   2   3      0.43        22    0.0   0.0   119   161    70   115    65   153 0.66 -
de_novo.Agm54242U_210909_035710_73335524_ccs.1:727-1356    -            210 68731at6656          -            381   4.8e-07   25.3   0.2   3   3      0.38        20    0.2   0.0   179   208   174   204   136   209 0.78 -
de_novo.Agseq_60065.1:2430-2984                            -            185 68731at6656          -            381   1.3e-05   20.6   0.4   1   2   6.1e-07   3.2e-05   19.3   0.2    90   119     3    32     2    59 0.84 -
de_novo.Agseq_60065.1:2430-2984                            -            185 68731at6656          -            381   1.3e-05   20.6   0.4   2   2       1.7        90   -1.9   0.0   134   180    73   116    53   129 0.64 -
de_novo.Agseq_60069.1:2376-2930                            -            185 68731at6656          -            381   1.3e-05   20.6   0.4   1   2   6.1e-07   3.2e-05   19.3   0.2    90   119     3    32     2    59 0.84 -
de_novo.Agseq_60069.1:2376-2930                            -            185 68731at6656          -            381   1.3e-05   20.6   0.4   2   2       1.7        90   -1.9   0.0   134   180    73   116    53   129 0.64 -
de_novo.AGAP007600-RA.1:1362-2549                          -            396 68731at6656          -            381   6.8e-05   18.2   0.0   1   1   2.3e-06   0.00012   17.4   0.0   315   376   330   392   324   396 0.81 -
#
# Program:         hmmsearch
# Version:         3.1b2 (February 2015)
# Pipeline mode:   SEARCH
# Query file:      /hpcdata/bcbb/homc/Barillaslab/Agam_hemo_transcriptomes/scripts/compare_txomes/busco/busco_downloads/lineages/arthropoda_odb10/hmms/68731at6656.hmm
# Target file:     /hpcdata/bcbb/homc/Barillaslab/Agam_hemo_transcriptomes/scripts/compare_txomes/busco/denovo_Agamhemo_BUSCO/run_arthropoda_odb10/metaeuk_output/rerun_results/de_novo_transcriptome_with_genome_hits_and_expression_filtering.gffread.fa.modified.fas
# Option settings: hmmsearch --domtblout /hpcdata/bcbb/homc/Barillaslab/Agam_hemo_transcriptomes/scripts/compare_txomes/busco/denovo_Agamhemo_BUSCO/run_arthropoda_odb10/hmmer_output/rerun_results/68731at6656.out --cpu 1 /hpcdata/bcbb/homc/Barillaslab/Agam_hemo_transcriptomes/scripts/compare_txomes/busco/busco_downloads/lineages/arthropoda_odb10/hmms/68731at6656.hmm /hpcdata/bcbb/homc/Barillaslab/Agam_hemo_transcriptomes/scripts/compare_txomes/busco/denovo_Agamhemo_BUSCO/run_arthropoda_odb10/metaeuk_output/rerun_results/de_novo_transcriptome_with_genome_hits_and_expression_filtering.gffread.fa.modified.fas 
# Current dir:     /hpcdata/bcbb/homc/Barillaslab/Agam_hemo_transcriptomes/scripts/compare_txomes/busco
# Date:            Sun Jan 29 13:19:34 2023
# [ok]
